Old GID: c73aa0743c520e06
Treatment: ('outer', 6641)
[(1, 2), (0, 4), (0, 2), (1, 2), (4, 1), (1, 3), (2, 1), (2, 1), (3, 1), (3, 3), (0, 5), (4, 1), (2, 4), (4, 4), (4, 3), (0, 3), (2, 2), (4, 1), (3, 3), (2, 1), (4, 4), (1, 1), (0, 1), (4, 2), (1, 3), (2, 4), (2, 5), (0, 4), (0, 1), (3, 1), (3, 4), (3, 4), (3, 2), (3, 1), (1, 1), (0, 1), (2, 3), (0, 3), (3, 2), (0, 2)]
MOVE: 0 1 None 1 None 1
outer hints You about all their 1 hints remaining: 7
You has yellow 1, yellow 4, red 2, red 3, white 2
MOVE: 1 1 None 0 None 5
You hints outer about all their 5 hints remaining: 6
outer has blue 5, yellow 4, red 5, white 3, yellow 5
MOVE: 0 0 None 1 1 None
outer hints You about all their yellow cards hints remaining: 5
You has yellow 1, yellow 4, red 2, red 3, white 2
MOVE: 1 2 0 1 None None
You plays yellow 1 successfully! Board is now green 0, yellow 1, white 0, blue 0, red 0
You now has yellow 4, red 2, red 3, white 2, yellow 2
MOVE: 0 1 None 1 None 2
outer hints You about all their 2 hints remaining: 4
You has yellow 4, red 2, red 3, white 2, yellow 2
MOVE: 1 2 4 1 None None
You plays yellow 2 successfully! Board is now green 0, yellow 2, white 0, blue 0, red 0
You now has yellow 4, red 2, red 3, white 2, green 4
MOVE: 0 0 None 1 0 None
outer hints You about all their green cards hints remaining: 3
You has yellow 4, red 2, red 3, white 2, green 4
MOVE: 1 2 4 1 None None
You plays green 4 and fails. Board was green 0, yellow 2, white 0, blue 0, red 0
You now has yellow 4, red 2, red 3, white 2, green 2
MOVE: 0 0 None 1 2 None
outer hints You about all their white cards hints remaining: 2
You has yellow 4, red 2, red 3, white 2, green 2
MOVE: 1 2 4 1 None None
You plays green 2 and fails. Board was green 0, yellow 2, white 0, blue 0, red 0
You now has yellow 4, red 2, red 3, white 2, yellow 2
MOVE: 0 0 None 1 4 None
outer hints You about all their red cards hints remaining: 1
You has yellow 4, red 2, red 3, white 2, yellow 2
MOVE: 1 2 4 1 None None
You plays yellow 2 and fails. Board was green 0, yellow 2, white 0, blue 0, red 0
You now has yellow 4, red 2, red 3, white 2, red 1
Score 2
