Old GID: a42137e2921cb799
Treatment: ('full', 4431)
[(3, 4), (0, 2), (0, 2), (2, 4), (3, 4), (0, 4), (3, 2), (1, 4), (1, 5), (2, 2), (2, 1), (1, 2), (1, 1), (1, 2), (0, 3), (3, 1), (4, 3), (2, 5), (4, 1), (2, 2), (2, 3), (2, 3), (2, 1), (3, 5), (1, 1), (2, 1), (0, 3), (4, 1), (0, 1), (3, 3), (4, 3), (0, 5), (3, 3), (0, 4), (3, 2), (0, 1), (2, 4), (4, 4), (1, 3), (1, 1)]
MOVE: 0 1 None 1 None 1
full hints You about all their 1 hints remaining: 7
You has red 1, yellow 3, yellow 4, blue 1, red 5
MOVE: 1 2 0 1 None None
You plays red 1 successfully! Board is now green 0, yellow 0, white 0, blue 0, red 1
You now has yellow 3, yellow 4, blue 1, red 5, blue 4
MOVE: 0 3 0 None None None
full discards red 2
trash is now red 2
full now has green 1, red 2, red 4, blue 1, green 2
MOVE: 1 1 None 0 None 2
You hints full about all their 2 hints remaining: 7
full has green 1, red 2, red 4, blue 1, green 2
MOVE: 0 2 1 None None None
full plays red 2 successfully! Board is now green 0, yellow 0, white 0, blue 0, red 2
full now has green 1, red 4, blue 1, green 2, green 2
MOVE: 1 1 None 0 None 1
You hints full about all their 1 hints remaining: 6
full has green 1, red 4, blue 1, green 2, green 2
MOVE: 0 2 0 None None None
full plays green 1 successfully! Board is now green 1, yellow 0, white 0, blue 0, red 2
full now has red 4, blue 1, green 2, green 2, white 4
MOVE: 1 1 None 0 None 2
You hints full about all their 2 hints remaining: 5
full has red 4, blue 1, green 2, green 2, white 4
MOVE: 0 2 2 None None None
full plays green 2 successfully! Board is now green 2, yellow 0, white 0, blue 0, red 2
full now has red 4, blue 1, green 2, white 4, blue 4
MOVE: 1 1 None 0 None 1
You hints full about all their 1 hints remaining: 4
full has red 4, blue 1, green 2, white 4, blue 4
MOVE: 0 2 1 None None None
full plays blue 1 successfully! Board is now green 2, yellow 0, white 0, blue 1, red 2
full now has red 4, green 2, white 4, blue 4, green 4
MOVE: 1 0 None 0 0 None
You hints full about all their green cards hints remaining: 3
full has red 4, green 2, white 4, blue 4, green 4
MOVE: 0 2 4 None None None
full plays green 4 and fails. Board was green 2, yellow 0, white 0, blue 1, red 2
full now has red 4, green 2, white 4, blue 4, blue 2
MOVE: 1 1 None 0 None 2
You hints full about all their 2 hints remaining: 2
full has red 4, green 2, white 4, blue 4, blue 2
MOVE: 0 2 4 None None None
full plays blue 2 successfully! Board is now green 2, yellow 0, white 0, blue 2, red 2
full now has red 4, green 2, white 4, blue 4, yellow 4
MOVE: 1 1 None 0 None 4
You hints full about all their 4 hints remaining: 1
full has red 4, green 2, white 4, blue 4, yellow 4
MOVE: 0 3 1 None None None
full discards green 2
trash is now red 2, green 4, green 2
full now has red 4, white 4, blue 4, yellow 4, yellow 5
MOVE: 1 2 2 1 None None
You plays blue 1 and fails. Board was green 2, yellow 0, white 0, blue 2, red 2
You now has yellow 3, yellow 4, red 5, blue 4, white 2
MOVE: 0 1 None 1 None 2
full hints You about all their 2 hints remaining: 1
You has yellow 3, yellow 4, red 5, blue 4, white 2
MOVE: 1 3 4 1 None None
You discards white 2
trash is now red 2, green 4, green 2, blue 1, white 2
You now has yellow 3, yellow 4, red 5, blue 4, white 1
MOVE: 0 0 None 1 2 None
full hints You about all their white cards hints remaining: 1
You has yellow 3, yellow 4, red 5, blue 4, white 1
MOVE: 1 0 None 0 1 None
You hints full about all their yellow cards hints remaining: 0
full has red 4, white 4, blue 4, yellow 4, yellow 5
MOVE: 0 2 4 None None None
full plays yellow 5 and fails. Board was green 2, yellow 0, white 0, blue 2, red 2
full now has red 4, white 4, blue 4, yellow 4, yellow 2
Score 6
