Old GID: 945edea256320a8f
Treatment: ('full', 2016)
[(4, 4), (2, 5), (3, 1), (4, 2), (0, 4), (2, 2), (0, 5), (3, 5), (3, 1), (0, 1), (2, 3), (0, 3), (0, 2), (1, 2), (0, 1), (2, 1), (2, 2), (1, 4), (3, 2), (3, 4), (4, 1), (2, 1), (1, 2), (4, 5), (3, 3), (0, 4), (0, 3), (4, 3), (1, 4), (1, 5), (0, 1), (1, 1), (0, 2), (4, 3), (3, 1), (1, 1), (4, 1), (4, 1), (2, 1), (3, 3)]
MOVE: 0 0 None 1 1 None
full hints You about all their yellow cards hints remaining: 7
You has white 4, blue 4, red 2, white 3, yellow 1
MOVE: 1 2 4 1 None None
You plays yellow 1 successfully! Board is now green 0, yellow 1, white 0, blue 0, red 0
You now has white 4, blue 4, red 2, white 3, red 4
MOVE: 0 3 0 None None None
full discards white 4
trash is now white 4
full now has blue 2, red 4, yellow 3, yellow 3, white 5
MOVE: 1 3 0 1 None None
You discards white 4
trash is now white 4, white 4
You now has blue 4, red 2, white 3, red 4, blue 1
MOVE: 0 1 None 1 None 1
full hints You about all their 1 hints remaining: 7
You has blue 4, red 2, white 3, red 4, blue 1
MOVE: 1 2 4 1 None None
You plays blue 1 successfully! Board is now green 0, yellow 1, white 0, blue 1, red 0
You now has blue 4, red 2, white 3, red 4, red 2
MOVE: 0 3 0 None None None
full discards blue 2
trash is now white 4, white 4, blue 2
full now has red 4, yellow 3, yellow 3, white 5, green 4
MOVE: 1 3 0 1 None None
You discards blue 4
trash is now white 4, white 4, blue 2, blue 4
You now has red 2, white 3, red 4, red 2, white 2
MOVE: 0 3 0 None None None
full discards red 4
trash is now white 4, white 4, blue 2, blue 4, red 4
full now has yellow 3, yellow 3, white 5, green 4, green 5
MOVE: 1 3 0 1 None None
You discards red 2
trash is now white 4, white 4, blue 2, blue 4, red 4, red 2
You now has white 3, red 4, red 2, white 2, blue 5
MOVE: 0 3 0 None None None
full discards yellow 3
trash is now white 4, white 4, blue 2, blue 4, red 4, red 2, yellow 3
full now has yellow 3, white 5, green 4, green 5, blue 1
MOVE: 1 3 0 1 None None
You discards white 3
trash is now white 4, white 4, blue 2, blue 4, red 4, red 2, yellow 3, white 3
You now has red 4, red 2, white 2, blue 5, green 1
MOVE: 0 0 None 1 0 None
full hints You about all their green cards hints remaining: 7
You has red 4, red 2, white 2, blue 5, green 1
MOVE: 1 2 4 1 None None
You plays green 1 successfully! Board is now green 1, yellow 1, white 0, blue 1, red 0
You now has red 4, red 2, white 2, blue 5, white 3
MOVE: 0 3 0 None None None
full discards yellow 3
trash is now white 4, white 4, blue 2, blue 4, red 4, red 2, yellow 3, white 3, yellow 3
full now has white 5, green 4, green 5, blue 1, green 3
MOVE: 1 3 0 1 None None
You discards red 4
trash is now white 4, white 4, blue 2, blue 4, red 4, red 2, yellow 3, white 3, yellow 3, red 4
You now has red 2, white 2, blue 5, white 3, green 2
MOVE: 0 0 None 1 0 None
full hints You about all their green cards hints remaining: 7
You has red 2, white 2, blue 5, white 3, green 2
MOVE: 1 2 4 1 None None
You plays green 2 successfully! Board is now green 2, yellow 1, white 0, blue 1, red 0
You now has red 2, white 2, blue 5, white 3, yellow 2
MOVE: 0 0 None 1 1 None
full hints You about all their yellow cards hints remaining: 6
You has red 2, white 2, blue 5, white 3, yellow 2
MOVE: 1 2 4 1 None None
You plays yellow 2 successfully! Board is now green 2, yellow 2, white 0, blue 1, red 0
You now has red 2, white 2, blue 5, white 3, green 1
MOVE: 0 3 0 None None None
full discards white 5
trash is now white 4, white 4, blue 2, blue 4, red 4, red 2, yellow 3, white 3, yellow 3, red 4, white 5
full now has green 4, green 5, blue 1, green 3, white 1
MOVE: 1 2 4 1 None None
You plays green 1 and fails. Board was green 2, yellow 2, white 0, blue 1, red 0
You now has red 2, white 2, blue 5, white 3, white 2
MOVE: 0 3 0 None None None
full discards green 4
trash is now white 4, white 4, blue 2, blue 4, red 4, red 2, yellow 3, white 3, yellow 3, red 4, white 5, green 1, green 4
full now has green 5, blue 1, green 3, white 1, yellow 4
MOVE: 1 2 4 1 None None
You plays white 2 and fails. Board was green 2, yellow 2, white 0, blue 1, red 0
You now has red 2, white 2, blue 5, white 3, blue 2
MOVE: 0 3 0 None None None
full discards green 5
trash is now white 4, white 4, blue 2, blue 4, red 4, red 2, yellow 3, white 3, yellow 3, red 4, white 5, green 1, green 4, white 2, green 5
full now has blue 1, green 3, white 1, yellow 4, blue 4
MOVE: 1 2 4 1 None None
You plays blue 2 successfully! Board is now green 2, yellow 2, white 0, blue 2, red 0
You now has red 2, white 2, blue 5, white 3, red 1
MOVE: 0 1 None 1 None 1
full hints You about all their 1 hints remaining: 7
You has red 2, white 2, blue 5, white 3, red 1
MOVE: 1 2 4 1 None None
You plays red 1 successfully! Board is now green 2, yellow 2, white 0, blue 2, red 1
You now has red 2, white 2, blue 5, white 3, white 1
MOVE: 0 0 None 1 2 None
full hints You about all their white cards hints remaining: 6
You has red 2, white 2, blue 5, white 3, white 1
MOVE: 1 2 4 1 None None
You plays white 1 successfully! Board is now green 2, yellow 2, white 1, blue 2, red 1
You now has red 2, white 2, blue 5, white 3, yellow 2
MOVE: 0 0 None 1 4 None
full hints You about all their red cards hints remaining: 5
You has red 2, white 2, blue 5, white 3, yellow 2
MOVE: 1 2 4 1 None None
You plays yellow 2 and fails. Board was green 2, yellow 2, white 1, blue 2, red 1
You now has red 2, white 2, blue 5, white 3, red 5
Score 8
