Old GID: 35e403fc93cbfe34
Treatment: ('full', 565)
[(0, 3), (2, 5), (1, 1), (1, 2), (4, 1), (0, 2), (3, 3), (2, 1), (3, 3), (0, 5), (1, 5), (4, 4), (4, 3), (4, 4), (4, 2), (0, 1), (0, 4), (3, 4), (3, 2), (2, 4), (0, 2), (1, 3), (4, 1), (2, 1), (0, 4), (4, 5), (3, 2), (2, 4), (3, 1), (2, 2), (4, 1), (0, 3), (1, 2), (1, 4), (3, 1), (1, 4), (1, 3), (2, 1), (3, 5), (4, 3)]
MOVE: 0 1 None 1 None 1
full hints You about all their 1 hints remaining: 7
You has white 2, yellow 1, white 3, green 1, green 1
MOVE: 1 2 1 1 None None
You plays yellow 1 successfully! Board is now green 0, yellow 1, white 0, blue 0, red 0
You now has white 2, white 3, green 1, green 1, green 3
MOVE: 0 3 0 None None None
full discards blue 4
trash is now blue 4
full now has red 2, blue 1, white 3, yellow 1, white 5
MOVE: 1 1 None 0 None 1
You hints full about all their 1 hints remaining: 7
full has red 2, blue 1, white 3, yellow 1, white 5
MOVE: 0 2 1 None None None
full plays blue 1 successfully! Board is now green 0, yellow 1, white 0, blue 1, red 0
full now has red 2, white 3, yellow 1, white 5, yellow 1
MOVE: 1 0 None 0 1 None
You hints full about all their yellow cards hints remaining: 6
full has red 2, white 3, yellow 1, white 5, yellow 1
MOVE: 0 2 4 None None None
full plays yellow 1 and fails. Board was green 0, yellow 1, white 0, blue 1, red 0
full now has red 2, white 3, yellow 1, white 5, yellow 2
MOVE: 1 2 2 1 None None
You plays green 1 successfully! Board is now green 1, yellow 1, white 0, blue 1, red 0
You now has white 2, white 3, green 1, green 3, red 1
MOVE: 0 3 2 None None None
full discards yellow 1
trash is now blue 4, yellow 1, yellow 1
full now has red 2, white 3, white 5, yellow 2, green 2
MOVE: 1 1 None 0 None 2
You hints full about all their 2 hints remaining: 6
full has red 2, white 3, white 5, yellow 2, green 2
MOVE: 0 2 0 None None None
full plays red 2 and fails. Board was green 1, yellow 1, white 0, blue 1, red 0
full now has white 3, white 5, yellow 2, green 2, blue 3
MOVE: 1 2 2 1 None None
You plays green 1 and fails. Board was green 1, yellow 1, white 0, blue 1, red 0
You now has white 2, white 3, green 3, red 1, white 1
Score 3
