Old GID: 104ff472fea017a4
Treatment: ('intentional', 5163)
[(1, 4), (0, 3), (2, 2), (2, 1), (0, 1), (3, 1), (0, 2), (1, 3), (2, 2), (2, 1), (4, 1), (2, 3), (0, 4), (2, 4), (0, 4), (0, 1), (4, 3), (1, 5), (0, 5), (1, 1), (2, 1), (3, 3), (4, 1), (1, 2), (4, 4), (3, 3), (0, 1), (4, 5), (3, 2), (4, 3), (0, 2), (1, 1), (3, 1), (3, 4), (1, 3), (4, 2), (3, 2), (1, 2), (1, 1), (4, 4)]
MOVE: 0 1 None 1 None 1
intentional hints You about all their 1 hints remaining: 7
You has white 3, blue 5, blue 1, blue 4, red 2
MOVE: 1 1 None 0 None 1
You hints intentional about all their 1 hints remaining: 6
intentional has red 1, green 3, white 5, yellow 4, white 4
MOVE: 0 2 0 None None None
intentional plays red 1 successfully! Board is now green 0, yellow 0, white 0, blue 0, red 1
intentional now has green 3, white 5, yellow 4, white 4, yellow 4
MOVE: 1 2 2 1 None None
You plays blue 1 successfully! Board is now green 0, yellow 0, white 0, blue 1, red 1
You now has white 3, blue 5, blue 4, red 2, green 3
MOVE: 0 0 None 1 4 None
intentional hints You about all their red cards hints remaining: 5
You has white 3, blue 5, blue 4, red 2, green 3
MOVE: 1 2 3 1 None None
You plays red 2 successfully! Board is now green 0, yellow 0, white 0, blue 1, red 2
You now has white 3, blue 5, blue 4, green 3, white 2
MOVE: 0 3 4 None None None
intentional discards yellow 4
trash is now yellow 4
intentional now has green 3, white 5, yellow 4, white 4, white 1
MOVE: 1 1 None 0 None 5
You hints intentional about all their 5 hints remaining: 5
intentional has green 3, white 5, yellow 4, white 4, white 1
MOVE: 0 3 4 None None None
intentional discards white 1
trash is now yellow 4, white 1
intentional now has green 3, white 5, yellow 4, white 4, green 1
MOVE: 1 1 None 0 None 1
You hints intentional about all their 1 hints remaining: 5
intentional has green 3, white 5, yellow 4, white 4, green 1
MOVE: 0 3 0 None None None
intentional discards green 3
trash is now yellow 4, white 1, green 3
intentional now has white 5, yellow 4, white 4, green 1, blue 1
MOVE: 1 0 None 0 0 None
You hints intentional about all their green cards hints remaining: 5
intentional has white 5, yellow 4, white 4, green 1, blue 1
MOVE: 0 2 3 None None None
intentional plays green 1 successfully! Board is now green 1, yellow 0, white 0, blue 1, red 2
intentional now has white 5, yellow 4, white 4, blue 1, green 2
MOVE: 1 1 None 0 None 2
You hints intentional about all their 2 hints remaining: 4
intentional has white 5, yellow 4, white 4, blue 1, green 2
MOVE: 0 3 1 None None None
intentional discards yellow 4
trash is now yellow 4, white 1, green 3, yellow 4
intentional now has white 5, white 4, blue 1, green 2, yellow 3
MOVE: 1 0 None 0 0 None
You hints intentional about all their green cards hints remaining: 4
intentional has white 5, white 4, blue 1, green 2, yellow 3
MOVE: 0 2 3 None None None
intentional plays green 2 successfully! Board is now green 2, yellow 0, white 0, blue 1, red 2
intentional now has white 5, white 4, blue 1, yellow 3, white 2
MOVE: 1 2 4 1 None None
You plays white 2 and fails. Board was green 2, yellow 0, white 0, blue 1, red 2
You now has white 3, blue 5, blue 4, green 3, white 1
MOVE: 0 0 None 1 0 None
intentional hints You about all their green cards hints remaining: 3
You has white 3, blue 5, blue 4, green 3, white 1
MOVE: 1 2 4 1 None None
You plays white 1 successfully! Board is now green 2, yellow 0, white 1, blue 1, red 2
You now has white 3, blue 5, blue 4, green 3, red 1
MOVE: 0 1 None 1 None 3
intentional hints You about all their 3 hints remaining: 2
You has white 3, blue 5, blue 4, green 3, red 1
MOVE: 1 2 4 1 None None
You plays red 1 and fails. Board was green 2, yellow 0, white 1, blue 1, red 2
You now has white 3, blue 5, blue 4, green 3, white 3
MOVE: 0 3 1 None None None
intentional discards white 4
trash is now yellow 4, white 1, green 3, yellow 4, white 2, red 1, white 4
intentional now has white 5, blue 1, yellow 3, white 2, green 4
MOVE: 1 2 4 1 None None
You plays white 3 and fails. Board was green 2, yellow 0, white 1, blue 1, red 2
You now has white 3, blue 5, blue 4, green 3, white 4
Score 6
