Old GID: 38e7ef6101f50b76
Treatment: ('outer', 6606)
[(3, 2), (4, 2), (1, 3), (1, 5), (4, 1), (0, 5), (4, 2), (3, 1), (0, 1), (2, 1), (3, 3), (3, 4), (4, 4), (0, 4), (4, 4), (4, 1), (1, 2), (2, 1), (1, 2), (0, 1), (1, 1), (3, 3), (2, 4), (2, 4), (0, 4), (4, 3), (2, 2), (2, 5), (1, 1), (2, 3), (0, 2), (3, 1), (2, 2), (1, 3), (0, 1), (0, 3), (2, 3), (1, 4), (0, 2), (4, 5)]
MOVE: 0 1 None 1 None 1
outer hints You about all their 1 hints remaining: 7
You has white 1, red 1, red 3, blue 4, blue 1
MOVE: 1 2 0 1 None None
You plays white 1 successfully! Board is now green 0, yellow 0, white 1, blue 0, red 0
You now has red 1, red 3, blue 4, blue 1, blue 2
MOVE: 0 0 None 1 4 None
outer hints You about all their red cards hints remaining: 6
You has red 1, red 3, blue 4, blue 1, blue 2
MOVE: 1 2 3 1 None None
You plays blue 1 successfully! Board is now green 0, yellow 0, white 1, blue 1, red 0
You now has red 1, red 3, blue 4, blue 2, red 2
MOVE: 0 0 None 1 3 None
outer hints You about all their blue cards hints remaining: 5
You has red 1, red 3, blue 4, blue 2, red 2
MOVE: 1 2 0 1 None None
You plays red 1 successfully! Board is now green 0, yellow 0, white 1, blue 1, red 1
You now has red 3, blue 4, blue 2, red 2, yellow 3
MOVE: 0 1 None 1 None 2
outer hints You about all their 2 hints remaining: 4
You has red 3, blue 4, blue 2, red 2, yellow 3
MOVE: 1 2 2 1 None None
You plays blue 2 successfully! Board is now green 0, yellow 0, white 1, blue 2, red 1
You now has red 3, blue 4, red 2, yellow 3, yellow 5
MOVE: 0 0 None 1 4 None
outer hints You about all their red cards hints remaining: 3
You has red 3, blue 4, red 2, yellow 3, yellow 5
MOVE: 1 2 2 1 None None
You plays red 2 successfully! Board is now green 0, yellow 0, white 1, blue 2, red 2
You now has red 3, blue 4, yellow 3, yellow 5, red 1
MOVE: 0 1 None 1 None 3
outer hints You about all their 3 hints remaining: 2
You has red 3, blue 4, yellow 3, yellow 5, red 1
MOVE: 1 2 0 1 None None
You plays red 3 successfully! Board is now green 0, yellow 0, white 1, blue 2, red 3
You now has blue 4, yellow 3, yellow 5, red 1, green 5
MOVE: 0 0 None 1 4 None
outer hints You about all their red cards hints remaining: 1
You has blue 4, yellow 3, yellow 5, red 1, green 5
MOVE: 1 2 3 1 None None
You plays red 1 and fails. Board was green 0, yellow 0, white 1, blue 2, red 3
You now has blue 4, yellow 3, yellow 5, green 5, red 2
MOVE: 0 0 None 1 1 None
outer hints You about all their yellow cards hints remaining: 0
You has blue 4, yellow 3, yellow 5, green 5, red 2
MOVE: 1 2 2 1 None None
You plays yellow 5 and fails. Board was green 0, yellow 0, white 1, blue 2, red 3
You now has blue 4, yellow 3, green 5, red 2, blue 1
MOVE: 0 3 0 None None None
outer discards green 3
trash is now red 1, yellow 5, green 3
outer now has yellow 4, yellow 1, blue 2, blue 5, green 1
MOVE: 1 2 1 1 None None
You plays yellow 3 and fails. Board was green 0, yellow 0, white 1, blue 2, red 3
You now has blue 4, green 5, red 2, blue 1, white 1
Score 6
