Old GID: 8ceb7bd630349ab3
Treatment: ('intentional', 110)
[(2, 5), (0, 5), (4, 4), (0, 1), (3, 4), (0, 4), (2, 4), (4, 2), (2, 3), (3, 1), (0, 2), (3, 1), (3, 3), (3, 4), (4, 5), (2, 1), (2, 3), (2, 4), (3, 2), (1, 1), (0, 4), (2, 1), (4, 4), (1, 2), (1, 4), (4, 3), (0, 3), (3, 2), (3, 1), (0, 1), (4, 2), (1, 4), (0, 2), (2, 2), (1, 1), (2, 1), (1, 1), (3, 5), (1, 5), (4, 3)]
MOVE: 0 1 None 1 None 1
intentional hints You about all their 1 hints remaining: 7
You has yellow 3, white 2, yellow 2, green 1, red 1
MOVE: 1 0 None 0 1 None
You hints intentional about all their yellow cards hints remaining: 6
intentional has green 3, blue 3, red 1, yellow 3, red 1
MOVE: 0 2 3 1 None None
intentional plays yellow 3 and fails. Board was green 0, yellow 0, white 0, blue 0, red 0
intentional now has green 3, blue 3, red 1, red 1, white 5
MOVE: 1 0 None 0 3 None
You hints intentional about all their blue cards hints remaining: 5
intentional has green 3, blue 3, red 1, red 1, white 5
MOVE: 0 2 3 1 None None
intentional plays red 1 successfully! Board is now green 0, yellow 0, white 0, blue 0, red 1
intentional now has green 3, blue 3, red 1, white 5, green 5
MOVE: 1 0 None 0 4 None
You hints intentional about all their red cards hints remaining: 4
intentional has green 3, blue 3, red 1, white 5, green 5
MOVE: 0 1 None 0 None 3
intentional hints intentional about all their 3 hints remaining: 3
intentional has green 3, blue 3, red 1, white 5, green 5
MOVE: 1 1 None 0 None 1
You hints intentional about all their 1 hints remaining: 2
intentional has green 3, blue 3, red 1, white 5, green 5
MOVE: 0 1 None 0 None 3
intentional hints intentional about all their 3 hints remaining: 1
intentional has green 3, blue 3, red 1, white 5, green 5
MOVE: 1 1 None 0 None 5
You hints intentional about all their 5 hints remaining: 0
intentional has green 3, blue 3, red 1, white 5, green 5
MOVE: 0 2 2 1 None None
intentional plays red 1 and fails. Board was green 0, yellow 0, white 0, blue 0, red 1
intentional now has green 3, blue 3, white 5, green 5, red 4
MOVE: 1 2 0 None None None
You plays yellow 3 and fails. Board was green 0, yellow 0, white 0, blue 0, red 1
You now has white 2, yellow 2, green 1, red 1, green 1
Score 1
