Old GID: e1ac6f88e8105ada
Treatment: ('intentional', 9250)
[(1, 1), (1, 1), (4, 4), (4, 3), (0, 4), (4, 2), (2, 1), (1, 2), (2, 4), (0, 4), (3, 3), (3, 4), (3, 1), (1, 2), (1, 3), (2, 2), (3, 2), (0, 3), (3, 5), (3, 1), (1, 4), (0, 2), (2, 5), (2, 3), (1, 3), (2, 2), (3, 3), (4, 1), (0, 3), (0, 2), (1, 1), (0, 5), (4, 1), (4, 5), (4, 1), (2, 4), (0, 1), (1, 4), (2, 1), (4, 2)]
MOVE: 0 1 None 1 None 1
intentional hints You about all their 1 hints remaining: 7
You has blue 4, blue 2, yellow 5, white 1, green 1
MOVE: 1 2 3 1 None None
You plays white 1 successfully! Board is now green 0, yellow 0, white 1, blue 0, red 0
You now has blue 4, blue 2, yellow 5, green 1, yellow 1
MOVE: 0 1 None 1 None 1
intentional hints You about all their 1 hints remaining: 6
You has blue 4, blue 2, yellow 5, green 1, yellow 1
MOVE: 1 1 None 0 None 1
You hints intentional about all their 1 hints remaining: 5
intentional has blue 1, white 3, red 3, green 1, red 4
MOVE: 0 0 None 1 0 None
intentional hints You about all their green cards hints remaining: 4
You has blue 4, blue 2, yellow 5, green 1, yellow 1
MOVE: 1 2 4 1 None None
You plays yellow 1 successfully! Board is now green 0, yellow 1, white 1, blue 0, red 0
You now has blue 4, blue 2, yellow 5, green 1, yellow 1
MOVE: 0 3 1 None None None
intentional discards white 3
trash is now white 3
intentional now has blue 1, red 3, green 1, red 4, red 4
MOVE: 1 2 4 1 None None
You plays yellow 1 and fails. Board was green 0, yellow 1, white 1, blue 0, red 0
You now has blue 4, blue 2, yellow 5, green 1, red 3
MOVE: 0 3 4 None None None
intentional discards red 4
trash is now white 3, yellow 1, red 4
intentional now has blue 1, red 3, green 1, red 4, green 4
MOVE: 1 2 4 1 None None
You plays red 3 and fails. Board was green 0, yellow 1, white 1, blue 0, red 0
You now has blue 4, blue 2, yellow 5, green 1, red 2
MOVE: 0 3 4 None None None
intentional discards green 4
trash is now white 3, yellow 1, red 4, red 3, green 4
intentional now has blue 1, red 3, green 1, red 4, white 1
MOVE: 1 2 4 1 None None
You plays red 2 and fails. Board was green 0, yellow 1, white 1, blue 0, red 0
You now has blue 4, blue 2, yellow 5, green 1, yellow 2
Score 2
