Old GID: c118b56cd9f5d8e2
Treatment: ('outer', 9692)
[(0, 5), (0, 3), (3, 2), (0, 2), (3, 1), (4, 5), (3, 5), (2, 3), (1, 1), (3, 3), (3, 2), (2, 1), (1, 3), (2, 1), (4, 3), (1, 5), (1, 2), (4, 4), (2, 3), (1, 2), (0, 4), (2, 4), (4, 3), (4, 2), (0, 1), (0, 3), (4, 1), (4, 2), (4, 1), (3, 1), (2, 2), (3, 1), (4, 4), (1, 1), (2, 5), (3, 3), (0, 1), (0, 1), (3, 4), (2, 1)]
MOVE: 0 1 None 1 None 1
outer hints You about all their 1 hints remaining: 7
You has yellow 1, blue 4, white 4, yellow 4, red 1
MOVE: 1 2 0 1 None None
You plays yellow 1 successfully! Board is now green 0, yellow 1, white 0, blue 0, red 0
You now has blue 4, white 4, yellow 4, red 1, green 5
MOVE: 0 1 None 1 None 1
outer hints You about all their 1 hints remaining: 6
You has blue 4, white 4, yellow 4, red 1, green 5
MOVE: 1 2 3 1 None None
You plays red 1 successfully! Board is now green 0, yellow 1, white 0, blue 0, red 1
You now has blue 4, white 4, yellow 4, green 5, green 3
MOVE: 0 0 None 1 0 None
outer hints You about all their green cards hints remaining: 5
You has blue 4, white 4, yellow 4, green 5, green 3
MOVE: 1 2 4 1 None None
You plays green 3 and fails. Board was green 0, yellow 1, white 0, blue 0, red 1
You now has blue 4, white 4, yellow 4, green 5, blue 2
MOVE: 0 0 None 1 1 None
outer hints You about all their yellow cards hints remaining: 4
You has blue 4, white 4, yellow 4, green 5, blue 2
MOVE: 1 2 3 1 None None
You plays green 5 and fails. Board was green 0, yellow 1, white 0, blue 0, red 1
You now has blue 4, white 4, yellow 4, blue 2, green 2
MOVE: 0 1 None 1 None 4
outer hints You about all their 4 hints remaining: 3
You has blue 4, white 4, yellow 4, blue 2, green 2
MOVE: 1 2 4 1 None None
You plays green 2 and fails. Board was green 0, yellow 1, white 0, blue 0, red 1
You now has blue 4, white 4, yellow 4, blue 2, blue 1
Score 2
