Old GID: 629c0ebac6016f28
Treatment: ('outer', 1735)
[(2, 4), (2, 1), (3, 4), (3, 5), (3, 1), (2, 2), (0, 3), (4, 1), (1, 2), (1, 4), (4, 2), (0, 1), (0, 2), (4, 3), (0, 4), (4, 5), (4, 3), (2, 3), (3, 3), (0, 1), (0, 5), (2, 3), (2, 2), (1, 3), (2, 5), (1, 1), (0, 2), (0, 1), (2, 1), (3, 3), (1, 4), (1, 3), (4, 4), (2, 1), (3, 4), (1, 1), (0, 3), (1, 5), (3, 1), (4, 1)]
MOVE: 0 1 None 1 None 2
outer hints You about all their 2 hints remaining: 7
You has blue 2, yellow 2, red 4, blue 2, red 2
MOVE: 1 1 None 0 None 1
You hints outer about all their 1 hints remaining: 6
outer has green 4, red 1, yellow 1, white 4, blue 1
MOVE: 0 2 1 None None None
outer plays red 1 successfully! Board is now green 0, yellow 0, white 0, blue 0, red 1
outer now has green 4, yellow 1, white 4, blue 1, white 4
MOVE: 1 1 None 0 None 4
You hints outer about all their 4 hints remaining: 5
outer has green 4, yellow 1, white 4, blue 1, white 4
MOVE: 0 1 None 1 None 2
outer hints You about all their 2 hints remaining: 4
You has blue 2, yellow 2, red 4, blue 2, red 2
MOVE: 1 0 None 0 2 None
You hints outer about all their white cards hints remaining: 3
outer has green 4, yellow 1, white 4, blue 1, white 4
MOVE: 0 0 None 1 4 None
outer hints You about all their red cards hints remaining: 2
You has blue 2, yellow 2, red 4, blue 2, red 2
MOVE: 1 2 4 1 None None
You plays red 2 successfully! Board is now green 0, yellow 0, white 0, blue 0, red 2
You now has blue 2, yellow 2, red 4, blue 2, white 1
MOVE: 0 0 None 1 2 None
outer hints You about all their white cards hints remaining: 1
You has blue 2, yellow 2, red 4, blue 2, white 1
MOVE: 1 0 None 0 1 None
You hints outer about all their yellow cards hints remaining: 0
outer has green 4, yellow 1, white 4, blue 1, white 4
MOVE: 0 2 1 None None None
outer plays yellow 1 successfully! Board is now green 0, yellow 1, white 0, blue 0, red 2
outer now has green 4, white 4, blue 1, white 4, blue 4
MOVE: 1 2 4 1 None None
You plays white 1 successfully! Board is now green 0, yellow 1, white 1, blue 0, red 2
You now has blue 2, yellow 2, red 4, blue 2, blue 5
MOVE: 0 3 1 None None None
outer discards white 4
trash is now white 4
outer now has green 4, blue 1, white 4, blue 4, blue 1
MOVE: 1 0 None 0 3 None
You hints outer about all their blue cards hints remaining: 0
outer has green 4, blue 1, white 4, blue 4, blue 1
MOVE: 0 2 1 None None None
outer plays blue 1 successfully! Board is now green 0, yellow 1, white 1, blue 1, red 2
outer now has green 4, white 4, blue 4, blue 1, white 2
MOVE: 1 2 3 1 None None
You plays blue 2 successfully! Board is now green 0, yellow 1, white 1, blue 2, red 2
You now has blue 2, yellow 2, red 4, blue 5, green 3
MOVE: 0 3 4 None None None
outer discards white 2
trash is now white 4, white 2
outer now has green 4, white 4, blue 4, blue 1, red 1
MOVE: 1 2 1 1 None None
You plays yellow 2 successfully! Board is now green 0, yellow 2, white 1, blue 2, red 2
You now has blue 2, red 4, blue 5, green 3, yellow 2
MOVE: 0 1 None 1 None 5
outer hints You about all their 5 hints remaining: 0
You has blue 2, red 4, blue 5, green 3, yellow 2
MOVE: 1 3 2 1 None None
You discards blue 5
trash is now white 4, white 2, blue 5
You now has blue 2, red 4, green 3, yellow 2, yellow 4
MOVE: 0 0 None 1 1 None
outer hints You about all their yellow cards hints remaining: 0
You has blue 2, red 4, green 3, yellow 2, yellow 4
MOVE: 1 2 0 1 None None
You plays blue 2 and fails. Board was green 0, yellow 2, white 1, blue 2, red 2
You now has red 4, green 3, yellow 2, yellow 4, red 2
MOVE: 0 3 1 None None None
outer discards white 4
trash is now white 4, white 2, blue 5, blue 2, white 4
outer now has green 4, blue 4, blue 1, red 1, green 1
MOVE: 1 1 None 0 None 1
You hints outer about all their 1 hints remaining: 0
outer has green 4, blue 4, blue 1, red 1, green 1
MOVE: 0 3 2 None None None
outer discards blue 1
trash is now white 4, white 2, blue 5, blue 2, white 4, blue 1
outer now has green 4, blue 4, red 1, green 1, green 2
MOVE: 1 0 None 0 0 None
You hints outer about all their green cards hints remaining: 0
outer has green 4, blue 4, red 1, green 1, green 2
MOVE: 0 2 3 None None None
outer plays green 1 successfully! Board is now green 1, yellow 2, white 1, blue 2, red 2
outer now has green 4, blue 4, red 1, green 2, red 3
MOVE: 1 3 2 1 None None
You discards yellow 2
trash is now white 4, white 2, blue 5, blue 2, white 4, blue 1, yellow 2
You now has red 4, green 3, yellow 4, red 2, green 4
MOVE: 0 3 2 None None None
outer discards red 1
trash is now white 4, white 2, blue 5, blue 2, white 4, blue 1, yellow 2, red 1
outer now has green 4, blue 4, green 2, red 3, red 5
MOVE: 1 1 None 0 None 3
You hints outer about all their 3 hints remaining: 1
outer has green 4, blue 4, green 2, red 3, red 5
MOVE: 0 1 None 1 None 3
outer hints You about all their 3 hints remaining: 0
You has red 4, green 3, yellow 4, red 2, green 4
MOVE: 1 2 2 1 None None
You plays yellow 4 and fails. Board was green 1, yellow 2, white 1, blue 2, red 2
You now has red 4, green 3, red 2, green 4, red 3
MOVE: 0 3 2 None None None
outer discards green 2
trash is now white 4, white 2, blue 5, blue 2, white 4, blue 1, yellow 2, red 1, yellow 4, green 2
outer now has green 4, blue 4, red 3, red 5, white 3
MOVE: 1 2 1 1 None None
You plays green 3 and fails. Board was green 1, yellow 2, white 1, blue 2, red 2
You now has red 4, red 2, green 4, red 3, blue 3
Score 8
