Treatment: ('full', 1)
[(0, 1), (1, 1), (3, 3), (4, 3), (2, 2), (1, 4), (3, 5), (4, 4), (1, 5), (0, 2), (2, 2), (0, 5), (3, 2), (2, 5), (2, 4), (0, 3), (1, 1), (2, 3), (1, 3), (3, 1), (4, 4), (3, 4), (3, 1), (0, 4), (2, 3), (3, 4), (0, 1), (4, 2), (1, 3), (4, 1), (0, 1), (0, 2), (3, 2), (2, 4), (2, 1), (2, 1), (1, 1), (3, 3), (4, 1), (0, 3)]
MOVE: 0 1 None 1 None 1
full hints You about all their 1 hints remaining: 7
You has blue 1, red 2, yellow 2, yellow 2, white 1
MOVE: 1 2 0 1 None None
You plays blue 1 successfully! Board is now green 0, yellow 0, white 0, blue 1, red 0
You now has red 2, yellow 2, yellow 2, white 1, green 1
MOVE: 0 1 None 1 None 1
full hints You about all their 1 hints remaining: 6
You has red 2, yellow 2, yellow 2, white 1, green 1
MOVE: 1 1 None 0 None 4
You hints full about all their 4 hints remaining: 5
full has green 4, red 5, red 1, red 3, yellow 4
MOVE: 0 0 None 1 0 None
full hints You about all their green cards hints remaining: 4
You has red 2, yellow 2, yellow 2, white 1, green 1
MOVE: 1 3 4 1 None None
You discards green 1
trash is now green 1
You now has red 2, yellow 2, yellow 2, white 1, yellow 1
MOVE: 0 1 None 1 None 1
full hints You about all their 1 hints remaining: 4
You has red 2, yellow 2, yellow 2, white 1, yellow 1
MOVE: 1 3 3 1 None None
You discards white 1
trash is now green 1, white 1
You now has red 2, yellow 2, yellow 2, yellow 1, blue 3
MOVE: 0 0 None 1 1 None
full hints You about all their yellow cards hints remaining: 4
You has red 2, yellow 2, yellow 2, yellow 1, blue 3
MOVE: 1 3 3 1 None None
You discards yellow 1
trash is now green 1, white 1, yellow 1
You now has red 2, yellow 2, yellow 2, blue 3, red 3
MOVE: 0 3 0 None None None
full discards green 4
trash is now green 1, white 1, yellow 1, green 4
full now has red 5, red 1, red 3, yellow 4, white 2
MOVE: 1 1 None 0 None 2
You hints full about all their 2 hints remaining: 5
full has red 5, red 1, red 3, yellow 4, white 2
MOVE: 0 2 4 None None None
full plays white 2 and fails. Board was green 0, yellow 0, white 0, blue 1, red 0
full now has red 5, red 1, red 3, yellow 4, yellow 4
MOVE: 1 2 1 1 None None
You plays yellow 2 and fails. Board was green 0, yellow 0, white 0, blue 1, red 0
You now has red 2, yellow 2, blue 3, red 3, blue 5
MOVE: 0 3 3 None None None
full discards yellow 4
trash is now green 1, white 1, yellow 1, green 4, white 2, yellow 2, yellow 4
full now has red 5, red 1, red 3, yellow 4, red 4
MOVE: 1 0 None 0 4 None
You hints full about all their red cards hints remaining: 5
full has red 5, red 1, red 3, yellow 4, red 4
MOVE: 0 2 0 None None None
full plays red 5 and fails. Board was green 0, yellow 0, white 0, blue 1, red 0
full now has red 1, red 3, yellow 4, red 4, yellow 5
Score 1
