Old GID: 19ffb24137ff2e95
Treatment: ('outer', 5326)
[(0, 4), (4, 2), (3, 1), (2, 3), (4, 5), (2, 1), (2, 3), (4, 2), (1, 1), (0, 3), (4, 1), (4, 1), (0, 2), (4, 4), (4, 3), (3, 3), (2, 2), (1, 1), (0, 4), (2, 1), (4, 1), (1, 4), (2, 4), (3, 2), (0, 1), (0, 1), (1, 2), (3, 4), (0, 3), (1, 3), (0, 5), (1, 2), (4, 4), (0, 1), (2, 2), (3, 2), (0, 2), (1, 4), (2, 1), (1, 3)]
MOVE: 0 0 None 1 1 None
outer hints You about all their yellow cards hints remaining: 7
You has white 4, blue 3, yellow 1, blue 5, yellow 5
MOVE: 1 0 None 0 3 None
You hints outer about all their blue cards hints remaining: 6
outer has blue 1, blue 4, blue 1, white 5, red 3
MOVE: 0 1 None 1 None 1
outer hints You about all their 1 hints remaining: 5
You has white 4, blue 3, yellow 1, blue 5, yellow 5
MOVE: 1 1 None 0 None 1
You hints outer about all their 1 hints remaining: 4
outer has blue 1, blue 4, blue 1, white 5, red 3
MOVE: 0 2 0 None None None
outer plays blue 1 successfully! Board is now green 0, yellow 0, white 0, blue 1, red 0
outer now has blue 4, blue 1, white 5, red 3, green 4
MOVE: 1 2 2 1 None None
You plays yellow 1 successfully! Board is now green 0, yellow 1, white 0, blue 1, red 0
You now has white 4, blue 3, blue 5, yellow 5, red 2
MOVE: 0 3 1 None None None
outer discards blue 1
trash is now blue 1
outer now has blue 4, white 5, red 3, green 4, blue 1
MOVE: 1 2 3 1 None None
You plays yellow 5 and fails. Board was green 0, yellow 1, white 0, blue 1, red 0
You now has white 4, blue 3, blue 5, red 2, white 3
MOVE: 0 0 None 1 3 None
outer hints You about all their blue cards hints remaining: 4
You has white 4, blue 3, blue 5, red 2, white 3
MOVE: 1 2 2 1 None None
You plays blue 5 and fails. Board was green 0, yellow 1, white 0, blue 1, red 0
You now has white 4, blue 3, red 2, white 3, red 5
MOVE: 0 1 None 1 None 2
outer hints You about all their 2 hints remaining: 3
You has white 4, blue 3, red 2, white 3, red 5
MOVE: 1 2 2 1 None None
You plays red 2 and fails. Board was green 0, yellow 1, white 0, blue 1, red 0
You now has white 4, blue 3, white 3, red 5, white 1
Score 2
