Old GID: 6ee366bcf9824c95
Treatment: ('outer', 217)
[(4, 2), (0, 1), (1, 4), (2, 1), (0, 1), (4, 1), (0, 3), (2, 3), (3, 3), (3, 3), (2, 1), (3, 1), (4, 1), (4, 1), (1, 2), (4, 2), (0, 2), (2, 2), (3, 4), (0, 4), (3, 2), (2, 4), (3, 5), (1, 5), (0, 1), (1, 1), (2, 5), (0, 2), (0, 4), (2, 4), (2, 2), (1, 4), (3, 2), (1, 2), (4, 4), (1, 3), (4, 5), (1, 1), (1, 1), (4, 4)]
MOVE: 0 0 None 1 3 None
outer hints You about all their blue cards hints remaining: 7
You has blue 1, blue 1, green 5, white 3, blue 4
MOVE: 1 1 None 0 None 1
You hints outer about all their 1 hints remaining: 6
outer has red 3, red 3, yellow 3, green 3, white 1
MOVE: 0 2 4 None None None
outer plays white 1 successfully! Board is now green 0, yellow 0, white 1, blue 0, red 0
outer now has red 3, red 3, yellow 3, green 3, red 2
MOVE: 1 2 4 1 None None
You plays blue 4 and fails. Board was green 0, yellow 0, white 1, blue 0, red 0
You now has blue 1, blue 1, green 5, white 3, green 1
MOVE: 0 1 None 1 None 1
outer hints You about all their 1 hints remaining: 5
You has blue 1, blue 1, green 5, white 3, green 1
MOVE: 1 2 4 1 None None
You plays green 1 successfully! Board is now green 1, yellow 0, white 1, blue 0, red 0
You now has blue 1, blue 1, green 5, white 3, yellow 4
MOVE: 0 0 None 1 3 None
outer hints You about all their blue cards hints remaining: 4
You has blue 1, blue 1, green 5, white 3, yellow 4
MOVE: 1 2 1 1 None None
You plays blue 1 successfully! Board is now green 1, yellow 0, white 1, blue 1, red 0
You now has blue 1, green 5, white 3, yellow 4, white 1
MOVE: 0 3 2 None None None
outer discards yellow 3
trash is now blue 4, yellow 3
outer now has red 3, red 3, green 3, red 2, green 1
MOVE: 1 3 0 1 None None
You discards blue 1
trash is now blue 4, yellow 3, blue 1
You now has green 5, white 3, yellow 4, white 1, red 1
MOVE: 0 0 None 1 4 None
outer hints You about all their red cards hints remaining: 5
You has green 5, white 3, yellow 4, white 1, red 1
MOVE: 1 2 4 1 None None
You plays red 1 successfully! Board is now green 1, yellow 0, white 1, blue 1, red 1
You now has green 5, white 3, yellow 4, white 1, green 3
MOVE: 0 0 None 1 2 None
outer hints You about all their white cards hints remaining: 4
You has green 5, white 3, yellow 4, white 1, green 3
MOVE: 1 1 None 0 None 2
You hints outer about all their 2 hints remaining: 3
outer has red 3, red 3, green 3, red 2, green 1
MOVE: 0 1 None 1 None 3
outer hints You about all their 3 hints remaining: 2
You has green 5, white 3, yellow 4, white 1, green 3
MOVE: 1 0 None 0 4 None
You hints outer about all their red cards hints remaining: 1
outer has red 3, red 3, green 3, red 2, green 1
MOVE: 0 2 3 None None None
outer plays red 2 successfully! Board is now green 1, yellow 0, white 1, blue 1, red 2
outer now has red 3, red 3, green 3, green 1, white 3
MOVE: 1 1 None 0 None 3
You hints outer about all their 3 hints remaining: 0
outer has red 3, red 3, green 3, green 1, white 3
MOVE: 0 2 0 None None None
outer plays red 3 successfully! Board is now green 1, yellow 0, white 1, blue 1, red 3
outer now has red 3, green 3, green 1, white 3, blue 3
MOVE: 1 2 3 1 None None
You plays white 1 and fails. Board was green 1, yellow 0, white 1, blue 1, red 3
You now has green 5, white 3, yellow 4, green 3, blue 3
MOVE: 0 3 0 None None None
outer discards red 3
trash is now blue 4, yellow 3, blue 1, white 1, red 3
outer now has green 3, green 1, white 3, blue 3, white 1
MOVE: 1 2 4 1 None None
You plays blue 3 and fails. Board was green 1, yellow 0, white 1, blue 1, red 3
You now has green 5, white 3, yellow 4, green 3, blue 1
Score 6
