Treatment: ('outer', 2)
[(4, 2), (3, 3), (1, 3), (4, 1), (1, 4), (1, 1), (3, 4), (4, 1), (4, 5), (4, 3), (2, 4), (0, 3), (3, 5), (1, 1), (2, 1), (0, 5), (3, 1), (4, 1), (0, 1), (0, 1), (0, 4), (3, 3), (1, 4), (3, 1), (3, 2), (2, 3), (1, 2), (1, 3), (0, 3), (2, 2), (2, 2), (2, 3), (1, 2), (2, 5), (3, 2), (3, 4), (0, 2), (0, 1), (4, 3), (4, 4)]
MOVE: 0 1 None 1 None 1
outer hints You about all their 1 hints remaining: 7
You has white 1, yellow 5, blue 1, white 4, green 4
MOVE: 1 1 None 0 None 1
You hints outer about all their 1 hints remaining: 6
outer has red 2, green 2, yellow 1, red 4, white 1
MOVE: 0 2 2 None None None
outer plays yellow 1 successfully! Board is now green 0, yellow 1, white 0, blue 0, red 0
outer now has red 2, green 2, red 4, white 1, red 2
MOVE: 1 2 2 1 None None
You plays blue 1 successfully! Board is now green 0, yellow 1, white 0, blue 1, red 0
You now has white 1, yellow 5, white 4, green 4, blue 3
MOVE: 0 0 None 1 2 None
outer hints You about all their white cards hints remaining: 5
You has white 1, yellow 5, white 4, green 4, blue 3
MOVE: 1 2 0 1 None None
You plays white 1 successfully! Board is now green 0, yellow 1, white 1, blue 1, red 0
You now has yellow 5, white 4, green 4, blue 3, yellow 3
MOVE: 0 0 None 1 1 None
outer hints You about all their yellow cards hints remaining: 4
You has yellow 5, white 4, green 4, blue 3, yellow 3
MOVE: 1 2 4 1 None None
You plays yellow 3 and fails. Board was green 0, yellow 1, white 1, blue 1, red 0
You now has yellow 5, white 4, green 4, blue 3, red 1
MOVE: 0 0 None 1 4 None
outer hints You about all their red cards hints remaining: 3
You has yellow 5, white 4, green 4, blue 3, red 1
MOVE: 1 2 4 1 None None
You plays red 1 successfully! Board is now green 0, yellow 1, white 1, blue 1, red 1
You now has yellow 5, white 4, green 4, blue 3, yellow 4
MOVE: 0 0 None 1 3 None
outer hints You about all their blue cards hints remaining: 2
You has yellow 5, white 4, green 4, blue 3, yellow 4
MOVE: 1 0 None 0 4 None
You hints outer about all their red cards hints remaining: 1
outer has red 2, green 2, red 4, white 1, red 2
MOVE: 0 0 None 1 1 None
outer hints You about all their yellow cards hints remaining: 0
You has yellow 5, white 4, green 4, blue 3, yellow 4
MOVE: 1 2 3 1 None None
You plays blue 3 and fails. Board was green 0, yellow 1, white 1, blue 1, red 1
You now has yellow 5, white 4, green 4, yellow 4, yellow 1
MOVE: 0 3 3 None None None
outer discards white 1
trash is now yellow 3, blue 3, white 1
outer now has red 2, green 2, red 4, red 2, blue 4
MOVE: 1 2 0 1 None None
You plays yellow 5 and fails. Board was green 0, yellow 1, white 1, blue 1, red 1
You now has white 4, green 4, yellow 4, yellow 1, red 1
Score 4
