Old GID: 9f0b5b6f9fcdbace
Treatment: ('outer', 2251)
[(0, 2), (2, 4), (0, 1), (2, 2), (1, 5), (4, 5), (3, 4), (3, 2), (4, 2), (1, 1), (4, 3), (4, 1), (1, 4), (4, 3), (4, 2), (4, 1), (0, 4), (3, 4), (3, 1), (1, 1), (0, 3), (3, 1), (0, 4), (2, 1), (0, 1), (1, 3), (2, 3), (0, 5), (0, 2), (2, 1), (4, 1), (4, 4), (0, 3), (2, 1), (1, 1), (3, 3), (2, 5), (3, 1), (1, 2), (0, 1)]
MOVE: 0 0 None 1 4 None
outer hints You about all their red cards hints remaining: 7
You has white 2, yellow 2, blue 2, blue 5, red 4
MOVE: 1 2 4 1 None None
You plays red 4 and fails. Board was green 0, yellow 0, white 0, blue 0, red 0
You now has white 2, yellow 2, blue 2, blue 5, green 2
MOVE: 0 1 None 1 None 2
outer hints You about all their 2 hints remaining: 6
You has white 2, yellow 2, blue 2, blue 5, green 2
MOVE: 1 2 2 1 None None
You plays blue 2 and fails. Board was green 0, yellow 0, white 0, blue 0, red 0
You now has white 2, yellow 2, blue 5, green 2, white 4
MOVE: 0 0 None 1 2 None
outer hints You about all their white cards hints remaining: 5
You has white 2, yellow 2, blue 5, green 2, white 4
MOVE: 1 2 1 1 None None
You plays yellow 2 and fails. Board was green 0, yellow 0, white 0, blue 0, red 0
You now has white 2, blue 5, green 2, white 4, green 1
Score 0
