Old GID: fa1ca731fe5edf88
Treatment: ('outer', 7450)
[(1, 5), (2, 1), (1, 2), (3, 4), (4, 1), (4, 4), (0, 5), (4, 1), (2, 3), (1, 3), (4, 2), (3, 2), (4, 5), (3, 2), (4, 3), (3, 1), (3, 3), (2, 1), (3, 1), (4, 1), (1, 4), (2, 2), (0, 4), (0, 1), (0, 1), (3, 3), (3, 4), (1, 1), (3, 5), (4, 3), (0, 3), (2, 5), (2, 4), (1, 1), (2, 1), (4, 2), (0, 1), (0, 2), (0, 3), (3, 1)]
MOVE: 0 1 None 1 None 2
outer hints You about all their 2 hints remaining: 7
You has white 2, green 2, red 4, white 4, white 3
MOVE: 1 1 None 0 None 1
You hints outer about all their 1 hints remaining: 6
outer has yellow 3, yellow 4, green 4, yellow 2, yellow 1
MOVE: 0 2 4 None None None
outer plays yellow 1 successfully! Board is now green 0, yellow 1, white 0, blue 0, red 0
outer now has yellow 3, yellow 4, green 4, yellow 2, yellow 5
MOVE: 1 1 None 0 None 2
You hints outer about all their 2 hints remaining: 5
outer has yellow 3, yellow 4, green 4, yellow 2, yellow 5
MOVE: 0 1 None 1 None 2
outer hints You about all their 2 hints remaining: 4
You has white 2, green 2, red 4, white 4, white 3
MOVE: 1 0 None 0 1 None
You hints outer about all their yellow cards hints remaining: 3
outer has yellow 3, yellow 4, green 4, yellow 2, yellow 5
MOVE: 0 2 3 None None None
outer plays yellow 2 successfully! Board is now green 0, yellow 2, white 0, blue 0, red 0
outer now has yellow 3, yellow 4, green 4, yellow 5, white 1
MOVE: 1 1 None 0 None 3
You hints outer about all their 3 hints remaining: 2
outer has yellow 3, yellow 4, green 4, yellow 5, white 1
MOVE: 0 2 0 None None None
outer plays yellow 3 successfully! Board is now green 0, yellow 3, white 0, blue 0, red 0
outer now has yellow 4, green 4, yellow 5, white 1, yellow 2
MOVE: 1 1 None 0 None 4
You hints outer about all their 4 hints remaining: 1
outer has yellow 4, green 4, yellow 5, white 1, yellow 2
MOVE: 0 2 0 None None None
outer plays yellow 4 successfully! Board is now green 0, yellow 4, white 0, blue 0, red 0
outer now has green 4, yellow 5, white 1, yellow 2, blue 4
MOVE: 1 1 None 0 None 5
You hints outer about all their 5 hints remaining: 0
outer has green 4, yellow 5, white 1, yellow 2, blue 4
MOVE: 0 2 1 None None None
outer plays yellow 5 successfully! Board is now green 0, yellow 5, white 0, blue 0, red 0
outer now has green 4, white 1, yellow 2, blue 4, red 1
MOVE: 1 1 None 0 None 1
You hints outer about all their 1 hints remaining: 0
outer has green 4, white 1, yellow 2, blue 4, red 1
MOVE: 0 3 1 None None None
outer discards white 1
trash is now white 1
outer now has green 4, yellow 2, blue 4, red 1, red 4
MOVE: 1 0 None 0 1 None
You hints outer about all their yellow cards hints remaining: 0
outer has green 4, yellow 2, blue 4, red 1, red 4
MOVE: 0 2 3 None None None
outer plays red 1 successfully! Board is now green 0, yellow 5, white 0, blue 0, red 1
outer now has green 4, yellow 2, blue 4, red 4, green 5
MOVE: 1 3 2 1 None None
You discards red 4
trash is now white 1, red 4
You now has white 2, green 2, white 4, white 3, red 1
MOVE: 0 3 1 None None None
outer discards yellow 2
trash is now white 1, red 4, yellow 2
outer now has green 4, blue 4, red 4, green 5, white 3
MOVE: 1 1 None 0 None 4
You hints outer about all their 4 hints remaining: 1
outer has green 4, blue 4, red 4, green 5, white 3
MOVE: 0 0 None 1 0 None
outer hints You about all their green cards hints remaining: 0
You has white 2, green 2, white 4, white 3, red 1
MOVE: 1 3 0 1 None None
You discards white 2
trash is now white 1, red 4, yellow 2, white 2
You now has green 2, white 4, white 3, red 1, yellow 3
MOVE: 0 0 None 1 2 None
outer hints You about all their white cards hints remaining: 0
You has green 2, white 4, white 3, red 1, yellow 3
MOVE: 1 2 1 1 None None
You plays white 4 and fails. Board was green 0, yellow 5, white 0, blue 0, red 1
You now has green 2, white 3, red 1, yellow 3, red 2
MOVE: 0 3 3 None None None
outer discards green 5
trash is now white 1, red 4, yellow 2, white 2, white 4, green 5
outer now has green 4, blue 4, red 4, white 3, blue 2
MOVE: 1 2 1 1 None None
You plays white 3 and fails. Board was green 0, yellow 5, white 0, blue 0, red 1
You now has green 2, red 1, yellow 3, red 2, red 5
MOVE: 0 1 None 1 None 2
outer hints You about all their 2 hints remaining: 0
You has green 2, red 1, yellow 3, red 2, red 5
MOVE: 1 2 3 1 None None
You plays red 2 successfully! Board is now green 0, yellow 5, white 0, blue 0, red 2
You now has green 2, red 1, yellow 3, red 5, blue 2
MOVE: 0 3 1 None None None
outer discards blue 4
trash is now white 1, red 4, yellow 2, white 2, white 4, green 5, white 3, blue 4
outer now has green 4, red 4, white 3, blue 2, red 3
MOVE: 1 0 None 0 4 None
You hints outer about all their red cards hints remaining: 0
outer has green 4, red 4, white 3, blue 2, red 3
MOVE: 0 3 4 None None None
outer discards red 3
trash is now white 1, red 4, yellow 2, white 2, white 4, green 5, white 3, blue 4, red 3
outer now has green 4, red 4, white 3, blue 2, blue 1
MOVE: 1 1 None 0 None 1
You hints outer about all their 1 hints remaining: 0
outer has green 4, red 4, white 3, blue 2, blue 1
MOVE: 0 3 2 None None None
outer discards white 3
trash is now white 1, red 4, yellow 2, white 2, white 4, green 5, white 3, blue 4, red 3, white 3
outer now has green 4, red 4, blue 2, blue 1, blue 3
MOVE: 1 0 None 0 3 None
You hints outer about all their blue cards hints remaining: 0
outer has green 4, red 4, blue 2, blue 1, blue 3
MOVE: 0 2 3 None None None
outer plays blue 1 successfully! Board is now green 0, yellow 5, white 0, blue 1, red 2
outer now has green 4, red 4, blue 2, blue 3, white 1
MOVE: 1 3 1 1 None None
You discards red 1
trash is now white 1, red 4, yellow 2, white 2, white 4, green 5, white 3, blue 4, red 3, white 3, red 1
You now has green 2, yellow 3, red 5, blue 2, blue 1
MOVE: 0 1 None 1 None 2
outer hints You about all their 2 hints remaining: 0
You has green 2, yellow 3, red 5, blue 2, blue 1
MOVE: 1 3 3 1 None None
You discards blue 2
trash is now white 1, red 4, yellow 2, white 2, white 4, green 5, white 3, blue 4, red 3, white 3, red 1, blue 2
You now has green 2, yellow 3, red 5, blue 1, red 1
MOVE: 0 0 None 1 4 None
outer hints You about all their red cards hints remaining: 0
You has green 2, yellow 3, red 5, blue 1, red 1
MOVE: 1 2 2 1 None None
You plays red 5 and fails. Board was green 0, yellow 5, white 0, blue 1, red 2
You now has green 2, yellow 3, blue 1, red 1, yellow 4
Score 8
