Old GID: 04becd7acc75d650
Treatment: ('full', 487)
[(4, 3), (2, 2), (3, 3), (3, 1), (3, 5), (2, 1), (1, 1), (1, 3), (4, 5), (1, 4), (0, 1), (2, 1), (3, 1), (2, 3), (2, 4), (1, 1), (0, 1), (1, 5), (1, 3), (0, 3), (4, 3), (0, 5), (3, 3), (0, 3), (2, 5), (0, 2), (0, 4), (1, 1), (1, 4), (3, 4), (1, 2), (3, 2), (2, 2), (3, 2), (0, 4), (4, 1), (1, 2), (2, 4), (4, 1), (4, 1)]
MOVE: 0 0 None 1 0 None
full hints You about all their green cards hints remaining: 7
You has green 1, red 4, blue 4, red 4, white 3
MOVE: 1 1 None 0 None 1
You hints full about all their 1 hints remaining: 6
full has blue 1, white 1, red 2, red 2, green 2
MOVE: 0 2 0 None None None
full plays blue 1 successfully! Board is now green 0, yellow 0, white 0, blue 1, red 0
full now has white 1, red 2, red 2, green 2, red 3
MOVE: 1 0 None 0 2 None
You hints full about all their white cards hints remaining: 5
full has white 1, red 2, red 2, green 2, red 3
MOVE: 0 2 0 None None None
full plays white 1 successfully! Board is now green 0, yellow 0, white 1, blue 1, red 0
full now has red 2, red 2, green 2, red 3, white 2
MOVE: 1 2 0 1 None None
You plays green 1 successfully! Board is now green 1, yellow 0, white 1, blue 1, red 0
You now has red 4, blue 4, red 4, white 3, blue 3
MOVE: 0 3 4 None None None
full discards white 2
trash is now white 2
full now has red 2, red 2, green 2, red 3, blue 1
MOVE: 1 0 None 0 0 None
You hints full about all their green cards hints remaining: 5
full has red 2, red 2, green 2, red 3, blue 1
MOVE: 0 2 2 None None None
full plays green 2 successfully! Board is now green 2, yellow 0, white 1, blue 1, red 0
full now has red 2, red 2, red 3, blue 1, blue 5
MOVE: 1 3 0 1 None None
You discards red 4
trash is now white 2, red 4
You now has blue 4, red 4, white 3, blue 3, white 1
MOVE: 0 3 4 None None None
full discards blue 5
trash is now white 2, red 4, blue 5
full now has red 2, red 2, red 3, blue 1, yellow 1
MOVE: 1 1 None 0 None 1
You hints full about all their 1 hints remaining: 6
full has red 2, red 2, red 3, blue 1, yellow 1
MOVE: 0 2 3 None None None
full plays blue 1 and fails. Board was green 2, yellow 0, white 1, blue 1, red 0
full now has red 2, red 2, red 3, yellow 1, yellow 3
MOVE: 1 0 None 0 1 None
You hints full about all their yellow cards hints remaining: 5
full has red 2, red 2, red 3, yellow 1, yellow 3
MOVE: 0 2 3 None None None
full plays yellow 1 successfully! Board is now green 2, yellow 1, white 1, blue 1, red 0
full now has red 2, red 2, red 3, yellow 3, red 5
MOVE: 1 3 0 1 None None
You discards blue 4
trash is now white 2, red 4, blue 5, blue 1, blue 4
You now has red 4, white 3, blue 3, white 1, yellow 4
MOVE: 0 3 3 None None None
full discards yellow 3
trash is now white 2, red 4, blue 5, blue 1, blue 4, yellow 3
full now has red 2, red 2, red 3, red 5, green 1
MOVE: 1 3 0 1 None None
You discards red 4
trash is now white 2, red 4, blue 5, blue 1, blue 4, yellow 3, red 4
You now has white 3, blue 3, white 1, yellow 4, white 1
MOVE: 0 3 3 None None None
full discards red 5
trash is now white 2, red 4, blue 5, blue 1, blue 4, yellow 3, red 4, red 5
full now has red 2, red 2, red 3, green 1, blue 1
MOVE: 1 2 4 1 None None
You plays white 1 and fails. Board was green 2, yellow 1, white 1, blue 1, red 0
You now has white 3, blue 3, white 1, yellow 4, white 3
MOVE: 0 3 3 None None None
full discards green 1
trash is now white 2, red 4, blue 5, blue 1, blue 4, yellow 3, red 4, red 5, white 1, green 1
full now has red 2, red 2, red 3, blue 1, white 4
MOVE: 1 2 4 1 None None
You plays white 3 and fails. Board was green 2, yellow 1, white 1, blue 1, red 0
You now has white 3, blue 3, white 1, yellow 4, yellow 1
Score 5
