Old GID: b829c25c50f37e62
Treatment: ('intentional', 9892)
[(4, 4), (3, 2), (2, 5), (4, 1), (1, 4), (0, 3), (4, 3), (3, 4), (3, 1), (2, 3), (1, 3), (2, 4), (1, 5), (0, 3), (1, 2), (3, 5), (1, 1), (3, 4), (2, 2), (1, 1), (2, 4), (0, 1), (2, 1), (0, 4), (3, 3), (3, 2), (4, 2), (0, 1), (4, 4), (2, 3), (0, 1), (3, 1), (1, 4), (4, 1), (1, 3), (4, 3), (1, 1), (0, 5), (2, 1), (3, 3)]
MOVE: 0 1 None 1 None 1
intentional hints You about all their 1 hints remaining: 7
You has white 1, yellow 2, green 2, blue 1, red 2
MOVE: 1 2 3 1 None None
You plays blue 1 successfully! Board is now green 0, yellow 0, white 0, blue 1, red 0
You now has white 1, yellow 2, green 2, red 2, red 4
MOVE: 0 0 None 1 2 None
intentional hints You about all their white cards hints remaining: 6
You has white 1, yellow 2, green 2, red 2, red 4
MOVE: 1 2 0 1 None None
You plays white 1 successfully! Board is now green 0, yellow 0, white 1, blue 1, red 0
You now has yellow 2, green 2, red 2, red 4, blue 2
MOVE: 0 0 None 1 3 None
intentional hints You about all their blue cards hints remaining: 5
You has yellow 2, green 2, red 2, red 4, blue 2
MOVE: 1 1 None 0 None 1
You hints intentional about all their 1 hints remaining: 4
intentional has white 2, red 5, green 4, green 2, red 1
MOVE: 0 1 None 1 None 2
intentional hints You about all their 2 hints remaining: 3
You has yellow 2, green 2, red 2, red 4, blue 2
MOVE: 1 2 4 1 None None
You plays blue 2 successfully! Board is now green 0, yellow 0, white 1, blue 2, red 0
You now has yellow 2, green 2, red 2, red 4, white 5
MOVE: 0 3 0 None None None
intentional discards white 2
trash is now white 2
intentional now has red 5, green 4, green 2, red 1, red 1
MOVE: 1 0 None 0 4 None
You hints intentional about all their red cards hints remaining: 3
intentional has red 5, green 4, green 2, red 1, red 1
MOVE: 0 2 3 None None None
intentional plays red 1 successfully! Board is now green 0, yellow 0, white 1, blue 2, red 1
intentional now has red 5, green 4, green 2, red 1, yellow 4
MOVE: 1 1 None 0 None 5
You hints intentional about all their 5 hints remaining: 2
intentional has red 5, green 4, green 2, red 1, yellow 4
MOVE: 0 0 None 1 4 None
intentional hints You about all their red cards hints remaining: 1
You has yellow 2, green 2, red 2, red 4, white 5
MOVE: 1 1 None 0 None 1
You hints intentional about all their 1 hints remaining: 0
intentional has red 5, green 4, green 2, red 1, yellow 4
MOVE: 0 3 3 None None None
intentional discards red 1
trash is now white 2, red 1
intentional now has red 5, green 4, green 2, yellow 4, green 3
MOVE: 1 0 None 0 0 None
You hints intentional about all their green cards hints remaining: 0
intentional has red 5, green 4, green 2, yellow 4, green 3
MOVE: 0 3 1 None None None
intentional discards green 4
trash is now white 2, red 1, green 4
intentional now has red 5, green 2, yellow 4, green 3, red 3
MOVE: 1 2 2 1 None None
You plays red 2 successfully! Board is now green 0, yellow 0, white 1, blue 2, red 2
You now has yellow 2, green 2, red 4, white 5, blue 4
MOVE: 0 3 2 None None None
intentional discards yellow 4
trash is now white 2, red 1, green 4, yellow 4
intentional now has red 5, green 2, green 3, red 3, blue 1
MOVE: 1 0 None 0 4 None
You hints intentional about all their red cards hints remaining: 1
intentional has red 5, green 2, green 3, red 3, blue 1
MOVE: 0 3 3 None None None
intentional discards red 3
trash is now white 2, red 1, green 4, yellow 4, red 3
intentional now has red 5, green 2, green 3, blue 1, white 3
MOVE: 1 0 None 0 3 None
You hints intentional about all their blue cards hints remaining: 1
intentional has red 5, green 2, green 3, blue 1, white 3
MOVE: 0 3 3 None None None
intentional discards blue 1
trash is now white 2, red 1, green 4, yellow 4, red 3, blue 1
intentional now has red 5, green 2, green 3, white 3, yellow 3
MOVE: 1 2 2 1 None None
You plays red 4 and fails. Board was green 0, yellow 0, white 1, blue 2, red 2
You now has yellow 2, green 2, white 5, blue 4, white 4
MOVE: 0 3 4 None None None
intentional discards yellow 3
trash is now white 2, red 1, green 4, yellow 4, red 3, blue 1, red 4, yellow 3
intentional now has red 5, green 2, green 3, white 3, yellow 5
MOVE: 1 2 1 1 None None
You plays green 2 and fails. Board was green 0, yellow 0, white 1, blue 2, red 2
You now has yellow 2, white 5, blue 4, white 4, green 3
MOVE: 0 3 4 None None None
intentional discards yellow 5
trash is now white 2, red 1, green 4, yellow 4, red 3, blue 1, red 4, yellow 3, green 2, yellow 5
intentional now has red 5, green 2, green 3, white 3, yellow 2
MOVE: 1 2 0 1 None None
You plays yellow 2 and fails. Board was green 0, yellow 0, white 1, blue 2, red 2
You now has white 5, blue 4, white 4, green 3, blue 5
Score 5
