Old GID: b45a767e0562a2e1
Treatment: ('full', 8365)
[(4, 1), (1, 1), (3, 1), (3, 3), (2, 1), (2, 2), (1, 1), (0, 3), (3, 1), (4, 1), (0, 1), (4, 4), (0, 2), (1, 2), (2, 3), (2, 2), (0, 1), (4, 2), (3, 2), (1, 4), (1, 3), (4, 2), (2, 3), (2, 1), (1, 1), (4, 3), (3, 3), (0, 3), (3, 1), (0, 5), (2, 1), (4, 5), (3, 5), (0, 4), (3, 4), (1, 3), (4, 4), (0, 2), (1, 4), (1, 5)]
MOVE: 0 0 None 1 4 None
full hints You about all their red cards hints remaining: 7
You has white 5, yellow 2, red 1, blue 2, green 4
MOVE: 1 2 2 1 None None
You plays red 1 successfully! Board is now green 0, yellow 0, white 0, blue 0, red 1
You now has white 5, yellow 2, blue 2, green 4, red 1
MOVE: 0 3 0 None None None
full discards green 1
trash is now green 1
full now has white 4, white 4, red 3, blue 4, yellow 1
MOVE: 1 0 None 0 1 None
You hints full about all their yellow cards hints remaining: 7
full has white 4, white 4, red 3, blue 4, yellow 1
MOVE: 0 2 4 None None None
full plays yellow 1 successfully! Board is now green 0, yellow 1, white 0, blue 0, red 1
full now has white 4, white 4, red 3, blue 4, blue 1
MOVE: 1 0 None 0 3 None
You hints full about all their blue cards hints remaining: 6
full has white 4, white 4, red 3, blue 4, blue 1
MOVE: 0 2 3 None None None
full plays blue 4 and fails. Board was green 0, yellow 1, white 0, blue 0, red 1
full now has white 4, white 4, red 3, blue 1, blue 3
MOVE: 1 1 None 0 None 3
You hints full about all their 3 hints remaining: 5
full has white 4, white 4, red 3, blue 1, blue 3
MOVE: 0 0 None 1 1 None
full hints You about all their yellow cards hints remaining: 4
You has white 5, yellow 2, blue 2, green 4, red 1
MOVE: 1 0 None 0 3 None
You hints full about all their blue cards hints remaining: 3
full has white 4, white 4, red 3, blue 1, blue 3
MOVE: 0 2 3 None None None
full plays blue 1 successfully! Board is now green 0, yellow 1, white 0, blue 1, red 1
full now has white 4, white 4, red 3, blue 3, white 1
MOVE: 1 2 1 1 None None
You plays yellow 2 successfully! Board is now green 0, yellow 2, white 0, blue 1, red 1
You now has white 5, blue 2, green 4, red 1, white 2
MOVE: 0 0 None 1 3 None
full hints You about all their blue cards hints remaining: 2
You has white 5, blue 2, green 4, red 1, white 2
MOVE: 1 2 1 1 None None
You plays blue 2 successfully! Board is now green 0, yellow 2, white 0, blue 2, red 1
You now has white 5, green 4, red 1, white 2, yellow 1
MOVE: 0 2 3 None None None
full plays blue 3 successfully! Board is now green 0, yellow 2, white 0, blue 3, red 1
full now has white 4, white 4, red 3, white 1, green 3
MOVE: 1 0 None 0 2 None
You hints full about all their white cards hints remaining: 1
full has white 4, white 4, red 3, white 1, green 3
MOVE: 0 2 0 None None None
full plays white 4 and fails. Board was green 0, yellow 2, white 0, blue 3, red 1
full now has white 4, red 3, white 1, green 3, blue 1
MOVE: 1 1 None 0 None 1
You hints full about all their 1 hints remaining: 0
full has white 4, red 3, white 1, green 3, blue 1
MOVE: 0 2 2 None None None
full plays white 1 successfully! Board is now green 0, yellow 2, white 1, blue 3, red 1
full now has white 4, red 3, green 3, blue 1, red 1
MOVE: 1 3 0 1 None None
You discards white 5
trash is now green 1, blue 4, white 4, white 5
You now has green 4, red 1, white 2, yellow 1, green 1
MOVE: 0 0 None 1 2 None
full hints You about all their white cards hints remaining: 0
You has green 4, red 1, white 2, yellow 1, green 1
MOVE: 1 2 2 1 None None
You plays white 2 successfully! Board is now green 0, yellow 2, white 2, blue 3, red 1
You now has green 4, red 1, yellow 1, green 1, red 4
MOVE: 0 3 3 None None None
full discards blue 1
trash is now green 1, blue 4, white 4, white 5, blue 1
full now has white 4, red 3, green 3, red 1, green 2
MOVE: 1 3 0 1 None None
You discards green 4
trash is now green 1, blue 4, white 4, white 5, blue 1, green 4
You now has red 1, yellow 1, green 1, red 4, yellow 2
MOVE: 0 0 None 1 0 None
full hints You about all their green cards hints remaining: 1
You has red 1, yellow 1, green 1, red 4, yellow 2
MOVE: 1 2 2 1 None None
You plays green 1 successfully! Board is now green 1, yellow 2, white 2, blue 3, red 1
You now has red 1, yellow 1, red 4, yellow 2, white 3
MOVE: 0 1 None 1 None 1
full hints You about all their 1 hints remaining: 0
You has red 1, yellow 1, red 4, yellow 2, white 3
MOVE: 1 3 0 1 None None
You discards red 1
trash is now green 1, blue 4, white 4, white 5, blue 1, green 4, red 1
You now has yellow 1, red 4, yellow 2, white 3, white 2
MOVE: 0 1 None 1 None 3
full hints You about all their 3 hints remaining: 0
You has yellow 1, red 4, yellow 2, white 3, white 2
MOVE: 1 3 0 1 None None
You discards yellow 1
trash is now green 1, blue 4, white 4, white 5, blue 1, green 4, red 1, yellow 1
You now has red 4, yellow 2, white 3, white 2, green 1
MOVE: 0 0 None 1 2 None
full hints You about all their white cards hints remaining: 0
You has red 4, yellow 2, white 3, white 2, green 1
MOVE: 1 2 2 1 None None
You plays white 3 successfully! Board is now green 1, yellow 2, white 3, blue 3, red 1
You now has red 4, yellow 2, white 2, green 1, red 2
MOVE: 0 3 3 None None None
full discards red 1
trash is now green 1, blue 4, white 4, white 5, blue 1, green 4, red 1, yellow 1, red 1
full now has white 4, red 3, green 3, green 2, blue 2
MOVE: 1 1 None 0 None 4
You hints full about all their 4 hints remaining: 0
full has white 4, red 3, green 3, green 2, blue 2
MOVE: 0 2 0 None None None
full plays white 4 successfully! Board is now green 1, yellow 2, white 4, blue 3, red 1
full now has red 3, green 3, green 2, blue 2, yellow 4
MOVE: 1 3 0 1 None None
You discards red 4
trash is now green 1, blue 4, white 4, white 5, blue 1, green 4, red 1, yellow 1, red 1, red 4
You now has yellow 2, white 2, green 1, red 2, yellow 3
MOVE: 0 0 None 1 1 None
full hints You about all their yellow cards hints remaining: 0
You has yellow 2, white 2, green 1, red 2, yellow 3
MOVE: 1 2 0 1 None None
You plays yellow 2 and fails. Board was green 1, yellow 2, white 4, blue 3, red 1
You now has white 2, green 1, red 2, yellow 3, red 2
Score 11
