Old GID: 8e9f2941411aa94b
Treatment: ('outer', 369)
[(4, 3), (2, 4), (1, 3), (1, 4), (2, 1), (3, 3), (0, 2), (3, 1), (0, 2), (0, 5), (2, 5), (0, 4), (4, 5), (3, 1), (2, 3), (0, 1), (3, 4), (2, 2), (1, 3), (1, 5), (4, 1), (1, 2), (2, 2), (0, 1), (0, 3), (1, 1), (3, 1), (2, 1), (3, 2), (4, 1), (3, 5), (3, 3), (2, 1), (1, 4), (0, 1), (1, 1), (4, 2), (4, 2), (4, 4), (3, 4)]
MOVE: 0 1 None 1 None 1
outer hints You about all their 1 hints remaining: 7
You has green 3, blue 2, red 1, red 3, yellow 1
MOVE: 1 2 2 1 None None
You plays red 1 successfully! Board is now green 0, yellow 0, white 0, blue 0, red 1
You now has green 3, blue 2, red 3, yellow 1, red 3
MOVE: 0 0 None 1 1 None
outer hints You about all their yellow cards hints remaining: 6
You has green 3, blue 2, red 3, yellow 1, red 3
MOVE: 1 2 3 1 None None
You plays yellow 1 successfully! Board is now green 0, yellow 1, white 0, blue 0, red 1
You now has green 3, blue 2, red 3, red 3, white 4
MOVE: 0 1 None 1 None 2
outer hints You about all their 2 hints remaining: 5
You has green 3, blue 2, red 3, red 3, white 4
MOVE: 1 2 1 1 None None
You plays blue 2 and fails. Board was green 0, yellow 1, white 0, blue 0, red 1
You now has green 3, red 3, red 3, white 4, yellow 3
MOVE: 0 0 None 1 2 None
outer hints You about all their white cards hints remaining: 4
You has green 3, red 3, red 3, white 4, yellow 3
MOVE: 1 2 3 1 None None
You plays white 4 and fails. Board was green 0, yellow 1, white 0, blue 0, red 1
You now has green 3, red 3, red 3, yellow 3, yellow 4
MOVE: 0 1 None 1 None 3
outer hints You about all their 3 hints remaining: 3
You has green 3, red 3, red 3, yellow 3, yellow 4
MOVE: 1 1 None 0 None 4
You hints outer about all their 4 hints remaining: 2
outer has yellow 2, white 3, green 4, white 4, red 4
MOVE: 0 0 None 1 4 None
outer hints You about all their red cards hints remaining: 1
You has green 3, red 3, red 3, yellow 3, yellow 4
MOVE: 1 1 None 0 None 2
You hints outer about all their 2 hints remaining: 0
outer has yellow 2, white 3, green 4, white 4, red 4
MOVE: 0 3 0 None None None
outer discards yellow 2
trash is now blue 2, white 4, yellow 2
outer now has white 3, green 4, white 4, red 4, white 1
MOVE: 1 2 0 1 None None
You plays green 3 and fails. Board was green 0, yellow 1, white 0, blue 0, red 1
You now has red 3, red 3, yellow 3, yellow 4, blue 3
Score 2
