Old GID: 89c4548e292ee9ac
Treatment: ('outer', 3871)
[(1, 2), (2, 3), (3, 4), (1, 4), (3, 5), (2, 2), (2, 4), (2, 1), (4, 2), (4, 1), (0, 3), (3, 1), (0, 1), (3, 2), (1, 5), (2, 4), (3, 3), (4, 3), (0, 4), (2, 1), (3, 1), (0, 1), (4, 2), (0, 2), (1, 3), (1, 1), (3, 1), (3, 2), (1, 1), (3, 3), (0, 5), (2, 3), (1, 1), (0, 2), (1, 4), (4, 1), (0, 3), (2, 5), (1, 3), (0, 1)]
MOVE: 0 0 None 1 4 None
outer hints You about all their red cards hints remaining: 7
You has red 3, red 4, red 4, yellow 2, blue 4
MOVE: 1 2 0 1 None None
You plays red 3 and fails. Board was green 0, yellow 0, white 0, blue 0, red 0
You now has red 4, red 4, yellow 2, blue 4, yellow 2
MOVE: 0 0 None 1 4 None
outer hints You about all their red cards hints remaining: 6
You has red 4, red 4, yellow 2, blue 4, yellow 2
MOVE: 1 2 0 1 None None
You plays red 4 and fails. Board was green 0, yellow 0, white 0, blue 0, red 0
You now has red 4, yellow 2, blue 4, yellow 2, white 3
MOVE: 0 0 None 1 1 None
outer hints You about all their yellow cards hints remaining: 5
You has red 4, yellow 2, blue 4, yellow 2, white 3
MOVE: 1 2 0 1 None None
You plays red 4 and fails. Board was green 0, yellow 0, white 0, blue 0, red 0
You now has yellow 2, blue 4, yellow 2, white 3, blue 4
Score 0
