Old GID: 6f89e1c532a6643d
Treatment: ('full', 8002)
[(2, 2), (3, 3), (2, 4), (4, 2), (2, 1), (2, 3), (4, 1), (0, 4), (1, 3), (1, 2), (3, 4), (0, 2), (2, 1), (0, 1), (3, 2), (4, 1), (4, 4), (0, 5), (4, 3), (1, 2), (1, 1), (0, 3), (1, 4), (2, 1), (3, 2), (4, 1), (0, 1), (4, 3), (3, 1), (1, 1), (0, 3), (1, 4), (3, 5), (2, 3), (1, 1), (2, 5), (4, 2), (2, 2), (1, 5), (2, 4)]
MOVE: 0 1 None 1 None 1
full hints You about all their 1 hints remaining: 7
You has blue 1, blue 4, blue 1, yellow 3, green 4
MOVE: 1 2 2 1 None None
You plays blue 1 successfully! Board is now green 0, yellow 0, white 0, blue 1, red 0
You now has blue 1, blue 4, yellow 3, green 4, white 2
MOVE: 0 3 0 None None None
full discards blue 3
trash is now blue 3
full now has green 2, red 5, red 4, green 1, blue 3
MOVE: 1 1 None 0 None 1
You hints full about all their 1 hints remaining: 7
full has green 2, red 5, red 4, green 1, blue 3
MOVE: 0 2 3 None None None
full plays green 1 successfully! Board is now green 1, yellow 0, white 0, blue 1, red 0
full now has green 2, red 5, red 4, blue 3, white 4
MOVE: 1 1 None 0 None 2
You hints full about all their 2 hints remaining: 6
full has green 2, red 5, red 4, blue 3, white 4
MOVE: 0 2 0 None None None
full plays green 2 successfully! Board is now green 2, yellow 0, white 0, blue 1, red 0
full now has red 5, red 4, blue 3, white 4, red 2
MOVE: 1 1 None 0 None 5
You hints full about all their 5 hints remaining: 5
full has red 5, red 4, blue 3, white 4, red 2
MOVE: 0 3 4 None None None
full discards red 2
trash is now blue 3, red 2
full now has red 5, red 4, blue 3, white 4, white 1
MOVE: 1 2 0 1 None None
You plays blue 1 and fails. Board was green 2, yellow 0, white 0, blue 1, red 0
You now has blue 4, yellow 3, green 4, white 2, white 3
MOVE: 0 3 3 None None None
full discards white 4
trash is now blue 3, red 2, blue 1, white 4
full now has red 5, red 4, blue 3, white 1, red 1
MOVE: 1 1 None 0 None 1
You hints full about all their 1 hints remaining: 6
full has red 5, red 4, blue 3, white 1, red 1
MOVE: 0 2 3 None None None
full plays white 1 successfully! Board is now green 2, yellow 0, white 1, blue 1, red 0
full now has red 5, red 4, blue 3, red 1, green 4
MOVE: 1 0 None 0 4 None
You hints full about all their red cards hints remaining: 5
full has red 5, red 4, blue 3, red 1, green 4
MOVE: 0 2 3 None None None
full plays red 1 successfully! Board is now green 2, yellow 0, white 1, blue 1, red 1
full now has red 5, red 4, blue 3, green 4, yellow 3
MOVE: 1 3 0 1 None None
You discards blue 4
trash is now blue 3, red 2, blue 1, white 4, blue 4
You now has yellow 3, green 4, white 2, white 3, yellow 2
MOVE: 0 3 1 None None None
full discards red 4
trash is now blue 3, red 2, blue 1, white 4, blue 4, red 4
full now has red 5, blue 3, green 4, yellow 3, blue 4
MOVE: 1 3 0 1 None None
You discards yellow 3
trash is now blue 3, red 2, blue 1, white 4, blue 4, red 4, yellow 3
You now has green 4, white 2, white 3, yellow 2, green 2
MOVE: 0 3 2 None None None
full discards green 4
trash is now blue 3, red 2, blue 1, white 4, blue 4, red 4, yellow 3, green 4
full now has red 5, blue 3, yellow 3, blue 4, white 1
MOVE: 1 3 0 1 None None
You discards green 4
trash is now blue 3, red 2, blue 1, white 4, blue 4, red 4, yellow 3, green 4, green 4
You now has white 2, white 3, yellow 2, green 2, green 1
MOVE: 0 3 2 None None None
full discards yellow 3
trash is now blue 3, red 2, blue 1, white 4, blue 4, red 4, yellow 3, green 4, green 4, yellow 3
full now has red 5, blue 3, blue 4, white 1, blue 2
MOVE: 1 2 4 1 None None
You plays green 1 and fails. Board was green 2, yellow 0, white 1, blue 1, red 1
You now has white 2, white 3, yellow 2, green 2, red 1
MOVE: 0 3 2 None None None
full discards blue 4
trash is now blue 3, red 2, blue 1, white 4, blue 4, red 4, yellow 3, green 4, green 4, yellow 3, green 1, blue 4
full now has red 5, blue 3, white 1, blue 2, red 4
MOVE: 1 2 4 1 None None
You plays red 1 and fails. Board was green 2, yellow 0, white 1, blue 1, red 1
You now has white 2, white 3, yellow 2, green 2, green 5
Score 5
