Old GID: fbce396140d18963
Treatment: ('outer', 121)
[(4, 4), (1, 3), (1, 1), (0, 1), (3, 2), (3, 2), (4, 2), (1, 4), (4, 2), (0, 1), (0, 4), (0, 4), (4, 5), (3, 5), (1, 3), (3, 1), (0, 2), (4, 3), (1, 1), (0, 3), (1, 2), (2, 2), (4, 3), (1, 2), (0, 1), (2, 5), (2, 1), (3, 1), (3, 4), (2, 4), (1, 4), (3, 3), (1, 1), (4, 1), (2, 2), (4, 4), (4, 1), (1, 5), (2, 4), (0, 2)]
MOVE: 0 0 None 1 2 None
outer hints You about all their white cards hints remaining: 7
You has white 1, green 5, blue 4, blue 3, green 3
MOVE: 1 1 None 0 None 1
You hints outer about all their 1 hints remaining: 6
outer has white 3, red 1, white 1, blue 1, white 3
MOVE: 0 2 1 None None None
outer plays red 1 successfully! Board is now green 0, yellow 0, white 0, blue 0, red 1
outer now has white 3, white 1, blue 1, white 3, red 4
MOVE: 1 2 0 1 None None
You plays white 1 successfully! Board is now green 0, yellow 0, white 1, blue 0, red 1
You now has green 5, blue 4, blue 3, green 3, yellow 3
MOVE: 0 1 None 1 None 3
outer hints You about all their 3 hints remaining: 5
You has green 5, blue 4, blue 3, green 3, yellow 3
MOVE: 1 0 None 0 3 None
You hints outer about all their blue cards hints remaining: 4
outer has white 3, white 1, blue 1, white 3, red 4
MOVE: 0 2 2 None None None
outer plays blue 1 successfully! Board is now green 0, yellow 0, white 1, blue 1, red 1
outer now has white 3, white 1, white 3, red 4, yellow 1
MOVE: 1 0 None 0 1 None
You hints outer about all their yellow cards hints remaining: 3
outer has white 3, white 1, white 3, red 4, yellow 1
MOVE: 0 1 None 1 None 3
outer hints You about all their 3 hints remaining: 2
You has green 5, blue 4, blue 3, green 3, yellow 3
MOVE: 1 1 None 0 None 1
You hints outer about all their 1 hints remaining: 1
outer has white 3, white 1, white 3, red 4, yellow 1
MOVE: 0 2 4 None None None
outer plays yellow 1 successfully! Board is now green 0, yellow 1, white 1, blue 1, red 1
outer now has white 3, white 1, white 3, red 4, green 1
MOVE: 1 0 None 0 0 None
You hints outer about all their green cards hints remaining: 0
outer has white 3, white 1, white 3, red 4, green 1
MOVE: 0 3 1 None None None
outer discards white 1
trash is now white 1
outer now has white 3, white 3, red 4, green 1, blue 2
MOVE: 1 1 None 0 None 1
You hints outer about all their 1 hints remaining: 0
outer has white 3, white 3, red 4, green 1, blue 2
MOVE: 0 2 3 None None None
outer plays green 1 successfully! Board is now green 1, yellow 1, white 1, blue 1, red 1
outer now has white 3, white 3, red 4, blue 2, blue 2
MOVE: 1 3 2 1 None None
You discards blue 3
trash is now white 1, blue 3
You now has green 5, blue 4, green 3, yellow 3, red 2
MOVE: 0 1 None 1 None 2
outer hints You about all their 2 hints remaining: 0
You has green 5, blue 4, green 3, yellow 3, red 2
MOVE: 1 2 4 1 None None
You plays red 2 successfully! Board is now green 1, yellow 1, white 1, blue 1, red 2
You now has green 5, blue 4, green 3, yellow 3, yellow 4
MOVE: 0 3 3 None None None
outer discards blue 2
trash is now white 1, blue 3, blue 2
outer now has white 3, white 3, red 4, blue 2, red 2
MOVE: 1 0 None 0 3 None
You hints outer about all their blue cards hints remaining: 0
outer has white 3, white 3, red 4, blue 2, red 2
MOVE: 0 3 3 None None None
outer discards blue 2
trash is now white 1, blue 3, blue 2, blue 2
outer now has white 3, white 3, red 4, red 2, green 1
MOVE: 1 2 3 1 None None
You plays yellow 3 and fails. Board was green 1, yellow 1, white 1, blue 1, red 2
You now has green 5, blue 4, green 3, yellow 4, green 4
MOVE: 0 0 None 1 3 None
outer hints You about all their blue cards hints remaining: 0
You has green 5, blue 4, green 3, yellow 4, green 4
MOVE: 1 2 2 1 None None
You plays green 3 and fails. Board was green 1, yellow 1, white 1, blue 1, red 2
You now has green 5, blue 4, yellow 4, green 4, green 4
MOVE: 0 3 3 None None None
outer discards red 2
trash is now white 1, blue 3, blue 2, blue 2, yellow 3, green 3, red 2
outer now has white 3, white 3, red 4, green 1, red 5
MOVE: 1 2 1 1 None None
You plays blue 4 and fails. Board was green 1, yellow 1, white 1, blue 1, red 2
You now has green 5, yellow 4, green 4, green 4, blue 5
Score 6
