Old GID: 75ea6568494b4f36
Treatment: ('full', 1049)
[(2, 4), (1, 1), (4, 2), (1, 5), (0, 1), (3, 4), (0, 3), (1, 4), (3, 2), (2, 3), (3, 3), (4, 4), (2, 5), (3, 1), (3, 3), (4, 3), (1, 2), (2, 2), (2, 1), (2, 1), (1, 4), (2, 3), (1, 2), (2, 4), (4, 4), (1, 1), (4, 3), (4, 1), (4, 1), (0, 2), (0, 1), (0, 4), (1, 1), (3, 5), (2, 1), (0, 1), (3, 4), (4, 2), (3, 1), (4, 5)]
MOVE: 0 1 None 1 None 1
full hints You about all their 1 hints remaining: 7
You has blue 2, green 3, green 4, blue 1, white 2
MOVE: 1 2 3 1 None None
You plays blue 1 successfully! Board is now green 0, yellow 0, white 0, blue 1, red 0
You now has blue 2, green 3, green 4, white 2, white 4
MOVE: 0 0 None 1 3 None
full hints You about all their blue cards hints remaining: 6
You has blue 2, green 3, green 4, white 2, white 4
MOVE: 1 2 0 1 None None
You plays blue 2 successfully! Board is now green 0, yellow 0, white 0, blue 2, red 0
You now has green 3, green 4, white 2, white 4, yellow 1
MOVE: 0 0 None 1 1 None
full hints You about all their yellow cards hints remaining: 5
You has green 3, green 4, white 2, white 4, yellow 1
MOVE: 1 2 4 1 None None
You plays yellow 1 successfully! Board is now green 0, yellow 1, white 0, blue 2, red 0
You now has green 3, green 4, white 2, white 4, red 2
MOVE: 0 3 0 None None None
full discards yellow 3
trash is now yellow 3
full now has green 2, yellow 3, red 1, green 5, yellow 5
MOVE: 1 1 None 0 None 1
You hints full about all their 1 hints remaining: 5
full has green 2, yellow 3, red 1, green 5, yellow 5
MOVE: 0 2 2 None None None
full plays red 1 successfully! Board is now green 0, yellow 1, white 0, blue 2, red 1
full now has green 2, yellow 3, green 5, yellow 5, green 1
MOVE: 1 0 None 0 0 None
You hints full about all their green cards hints remaining: 4
full has green 2, yellow 3, green 5, yellow 5, green 1
MOVE: 0 2 4 None None None
full plays green 1 successfully! Board is now green 1, yellow 1, white 0, blue 2, red 1
full now has green 2, yellow 3, green 5, yellow 5, blue 4
MOVE: 1 1 None 0 None 2
You hints full about all their 2 hints remaining: 3
full has green 2, yellow 3, green 5, yellow 5, blue 4
MOVE: 0 2 0 None None None
full plays green 2 successfully! Board is now green 2, yellow 1, white 0, blue 2, red 1
full now has yellow 3, green 5, yellow 5, blue 4, green 3
MOVE: 1 3 0 1 None None
You discards green 3
trash is now yellow 3, green 3
You now has green 4, white 2, white 4, red 2, yellow 4
MOVE: 0 0 None 1 4 None
full hints You about all their red cards hints remaining: 3
You has green 4, white 2, white 4, red 2, yellow 4
MOVE: 1 1 None 0 None 3
You hints full about all their 3 hints remaining: 2
full has yellow 3, green 5, yellow 5, blue 4, green 3
MOVE: 0 2 0 None None None
full plays yellow 3 and fails. Board was green 2, yellow 1, white 0, blue 2, red 1
full now has green 5, yellow 5, blue 4, green 3, blue 2
MOVE: 1 2 3 1 None None
You plays red 2 successfully! Board is now green 2, yellow 1, white 0, blue 2, red 2
You now has green 4, white 2, white 4, yellow 4, white 3
MOVE: 0 1 None 1 None 2
full hints You about all their 2 hints remaining: 1
You has green 4, white 2, white 4, yellow 4, white 3
MOVE: 1 2 1 1 None None
You plays white 2 and fails. Board was green 2, yellow 1, white 0, blue 2, red 2
You now has green 4, white 4, yellow 4, white 3, blue 3
MOVE: 0 0 None 1 3 None
full hints You about all their blue cards hints remaining: 0
You has green 4, white 4, yellow 4, white 3, blue 3
MOVE: 1 2 4 1 None None
You plays blue 3 successfully! Board is now green 2, yellow 1, white 0, blue 3, red 2
You now has green 4, white 4, yellow 4, white 3, red 4
MOVE: 0 3 2 None None None
full discards blue 4
trash is now yellow 3, green 3, yellow 3, white 2, blue 4
full now has green 5, yellow 5, green 3, blue 2, white 5
MOVE: 1 3 0 1 None None
You discards green 4
trash is now yellow 3, green 3, yellow 3, white 2, blue 4, green 4
You now has white 4, yellow 4, white 3, red 4, blue 1
MOVE: 0 0 None 1 1 None
full hints You about all their yellow cards hints remaining: 1
You has white 4, yellow 4, white 3, red 4, blue 1
MOVE: 1 2 1 1 None None
You plays yellow 4 and fails. Board was green 2, yellow 1, white 0, blue 3, red 2
You now has white 4, white 3, red 4, blue 1, blue 3
Score 8
