Old GID: 752bbb6971401f0a
Treatment: ('outer', 2509)
[(4, 1), (4, 4), (2, 4), (1, 1), (2, 1), (1, 2), (4, 4), (3, 4), (2, 4), (0, 1), (0, 4), (3, 4), (4, 2), (1, 1), (2, 1), (0, 3), (4, 5), (3, 3), (1, 3), (1, 1), (0, 5), (4, 2), (1, 4), (3, 5), (3, 1), (1, 2), (3, 2), (4, 1), (0, 3), (2, 3), (3, 1), (0, 2), (3, 1), (0, 4), (4, 3), (0, 1), (4, 3), (3, 3), (0, 2), (2, 2)]
MOVE: 0 0 None 1 0 None
outer hints You about all their green cards hints remaining: 7
You has white 2, blue 2, green 1, white 5, red 1
MOVE: 1 2 2 1 None None
You plays green 1 successfully! Board is now green 1, yellow 0, white 0, blue 0, red 0
You now has white 2, blue 2, white 5, red 1, red 1
MOVE: 0 0 None 1 4 None
outer hints You about all their red cards hints remaining: 6
You has white 2, blue 2, white 5, red 1, red 1
MOVE: 1 1 None 0 None 1
You hints outer about all their 1 hints remaining: 5
outer has white 3, yellow 3, white 1, yellow 5, yellow 4
MOVE: 0 1 None 1 None 1
outer hints You about all their 1 hints remaining: 4
You has white 2, blue 2, white 5, red 1, red 1
MOVE: 1 0 None 0 2 None
You hints outer about all their white cards hints remaining: 3
outer has white 3, yellow 3, white 1, yellow 5, yellow 4
MOVE: 0 2 2 None None None
outer plays white 1 successfully! Board is now green 1, yellow 0, white 1, blue 0, red 0
outer now has white 3, yellow 3, yellow 5, yellow 4, red 4
MOVE: 1 1 None 0 None 3
You hints outer about all their 3 hints remaining: 2
outer has white 3, yellow 3, yellow 5, yellow 4, red 4
MOVE: 0 1 None 1 None 2
outer hints You about all their 2 hints remaining: 1
You has white 2, blue 2, white 5, red 1, red 1
MOVE: 1 2 3 1 None None
You plays red 1 successfully! Board is now green 1, yellow 0, white 1, blue 0, red 1
You now has white 2, blue 2, white 5, red 1, white 4
MOVE: 0 0 None 1 2 None
outer hints You about all their white cards hints remaining: 0
You has white 2, blue 2, white 5, red 1, white 4
MOVE: 1 2 3 1 None None
You plays red 1 and fails. Board was green 1, yellow 0, white 1, blue 0, red 1
You now has white 2, blue 2, white 5, white 4, yellow 1
MOVE: 0 3 1 None None None
outer discards yellow 3
trash is now red 1, yellow 3
outer now has white 3, yellow 5, yellow 4, red 4, white 1
MOVE: 1 2 0 1 None None
You plays white 2 successfully! Board is now green 1, yellow 0, white 2, blue 0, red 1
You now has blue 2, white 5, white 4, yellow 1, yellow 2
MOVE: 0 2 0 None None None
outer plays white 3 successfully! Board is now green 1, yellow 0, white 3, blue 0, red 1
outer now has yellow 5, yellow 4, red 4, white 1, red 4
MOVE: 1 2 0 1 None None
You plays blue 2 and fails. Board was green 1, yellow 0, white 3, blue 0, red 1
You now has white 5, white 4, yellow 1, yellow 2, blue 4
MOVE: 0 1 None 1 None 4
outer hints You about all their 4 hints remaining: 0
You has white 5, white 4, yellow 1, yellow 2, blue 4
MOVE: 1 2 1 1 None None
You plays white 4 successfully! Board is now green 1, yellow 0, white 4, blue 0, red 1
You now has white 5, yellow 1, yellow 2, blue 4, white 4
MOVE: 0 3 0 None None None
outer discards yellow 5
trash is now red 1, yellow 3, blue 2, yellow 5
outer now has yellow 4, red 4, white 1, red 4, green 1
MOVE: 1 0 None 0 0 None
You hints outer about all their green cards hints remaining: 0
outer has yellow 4, red 4, white 1, red 4, green 1
MOVE: 0 3 1 None None None
outer discards red 4
trash is now red 1, yellow 3, blue 2, yellow 5, red 4
outer now has yellow 4, white 1, red 4, green 1, green 4
MOVE: 1 1 None 0 None 1
You hints outer about all their 1 hints remaining: 0
outer has yellow 4, white 1, red 4, green 1, green 4
MOVE: 0 3 3 None None None
outer discards green 1
trash is now red 1, yellow 3, blue 2, yellow 5, red 4, green 1
outer now has yellow 4, white 1, red 4, green 4, blue 4
MOVE: 1 3 3 1 None None
You discards blue 4
trash is now red 1, yellow 3, blue 2, yellow 5, red 4, green 1, blue 4
You now has white 5, yellow 1, yellow 2, white 4, red 2
MOVE: 0 1 None 1 None 5
outer hints You about all their 5 hints remaining: 1
You has white 5, yellow 1, yellow 2, white 4, red 2
MOVE: 1 2 0 1 None None
You plays white 5 successfully! Board is now green 1, yellow 0, white 5, blue 0, red 1
You now has yellow 1, yellow 2, white 4, red 2, yellow 1
MOVE: 0 0 None 1 4 None
outer hints You about all their red cards hints remaining: 1
You has yellow 1, yellow 2, white 4, red 2, yellow 1
MOVE: 1 2 3 1 None None
You plays red 2 successfully! Board is now green 1, yellow 0, white 5, blue 0, red 2
You now has yellow 1, yellow 2, white 4, yellow 1, white 1
MOVE: 0 0 None 1 1 None
outer hints You about all their yellow cards hints remaining: 0
You has yellow 1, yellow 2, white 4, yellow 1, white 1
MOVE: 1 3 2 1 None None
You discards white 4
trash is now red 1, yellow 3, blue 2, yellow 5, red 4, green 1, blue 4, white 4
You now has yellow 1, yellow 2, yellow 1, white 1, green 3
MOVE: 0 1 None 1 None 1
outer hints You about all their 1 hints remaining: 0
You has yellow 1, yellow 2, yellow 1, white 1, green 3
MOVE: 1 2 2 1 None None
You plays yellow 1 successfully! Board is now green 1, yellow 1, white 5, blue 0, red 2
You now has yellow 1, yellow 2, white 1, green 3, red 5
MOVE: 0 3 0 None None None
outer discards yellow 4
trash is now red 1, yellow 3, blue 2, yellow 5, red 4, green 1, blue 4, white 4, yellow 4
outer now has white 1, red 4, green 4, blue 4, blue 3
MOVE: 1 3 0 1 None None
You discards yellow 1
trash is now red 1, yellow 3, blue 2, yellow 5, red 4, green 1, blue 4, white 4, yellow 4, yellow 1
You now has yellow 2, white 1, green 3, red 5, yellow 3
MOVE: 0 1 None 1 None 2
outer hints You about all their 2 hints remaining: 1
You has yellow 2, white 1, green 3, red 5, yellow 3
MOVE: 1 2 0 1 None None
You plays yellow 2 successfully! Board is now green 1, yellow 2, white 5, blue 0, red 2
You now has white 1, green 3, red 5, yellow 3, yellow 1
MOVE: 0 0 None 1 1 None
outer hints You about all their yellow cards hints remaining: 0
You has white 1, green 3, red 5, yellow 3, yellow 1
MOVE: 1 2 0 1 None None
You plays white 1 and fails. Board was green 1, yellow 2, white 5, blue 0, red 2
You now has green 3, red 5, yellow 3, yellow 1, green 5
Score 10
