Old GID: 8f8908450c0c3803
Treatment: ('full', 7277)
[(4, 4), (0, 4), (3, 4), (1, 4), (3, 2), (3, 1), (2, 3), (3, 4), (0, 3), (0, 2), (2, 2), (2, 1), (2, 2), (0, 5), (3, 1), (0, 3), (4, 3), (1, 1), (1, 1), (3, 1), (2, 4), (1, 2), (3, 5), (3, 3), (4, 2), (3, 3), (1, 2), (0, 1), (4, 2), (0, 4), (2, 3), (0, 1), (4, 1), (1, 3), (0, 2), (4, 1), (2, 4), (4, 3), (2, 1), (1, 1)]
MOVE: 0 1 None 1 None 1
full hints You about all their 1 hints remaining: 7
You has blue 2, yellow 3, red 4, red 5, red 1
MOVE: 1 2 4 1 None None
You plays red 1 successfully! Board is now green 0, yellow 0, white 0, blue 0, red 1
You now has blue 2, yellow 3, red 4, red 5, red 4
MOVE: 0 3 0 None None None
full discards green 1
trash is now green 1
full now has white 5, yellow 5, white 1, yellow 4, green 4
MOVE: 1 1 None 0 None 1
You hints full about all their 1 hints remaining: 7
full has white 5, yellow 5, white 1, yellow 4, green 4
MOVE: 0 2 2 None None None
full plays white 1 successfully! Board is now green 0, yellow 0, white 1, blue 0, red 1
full now has white 5, yellow 5, yellow 4, green 4, blue 4
MOVE: 1 1 None 0 None 4
You hints full about all their 4 hints remaining: 6
full has white 5, yellow 5, yellow 4, green 4, blue 4
MOVE: 0 3 2 None None None
full discards yellow 4
trash is now green 1, yellow 4
full now has white 5, yellow 5, green 4, blue 4, yellow 4
MOVE: 1 1 None 0 None 5
You hints full about all their 5 hints remaining: 6
full has white 5, yellow 5, green 4, blue 4, yellow 4
MOVE: 0 3 4 None None None
full discards yellow 4
trash is now green 1, yellow 4, yellow 4
full now has white 5, yellow 5, green 4, blue 4, blue 2
MOVE: 1 3 2 1 None None
You discards red 4
trash is now green 1, yellow 4, yellow 4, red 4
You now has blue 2, yellow 3, red 5, red 4, blue 1
MOVE: 0 0 None 1 3 None
full hints You about all their blue cards hints remaining: 7
You has blue 2, yellow 3, red 5, red 4, blue 1
MOVE: 1 2 4 1 None None
You plays blue 1 successfully! Board is now green 0, yellow 0, white 1, blue 1, red 1
You now has blue 2, yellow 3, red 5, red 4, white 3
MOVE: 0 1 None 1 None 2
full hints You about all their 2 hints remaining: 6
You has blue 2, yellow 3, red 5, red 4, white 3
MOVE: 1 1 None 0 None 2
You hints full about all their 2 hints remaining: 5
full has white 5, yellow 5, green 4, blue 4, blue 2
MOVE: 0 2 4 None None None
full plays blue 2 successfully! Board is now green 0, yellow 0, white 1, blue 2, red 1
full now has white 5, yellow 5, green 4, blue 4, blue 4
MOVE: 1 0 None 0 3 None
You hints full about all their blue cards hints remaining: 4
full has white 5, yellow 5, green 4, blue 4, blue 4
MOVE: 0 2 4 None None None
full plays blue 4 and fails. Board was green 0, yellow 0, white 1, blue 2, red 1
full now has white 5, yellow 5, green 4, blue 4, green 3
MOVE: 1 3 0 1 None None
You discards blue 2
trash is now green 1, yellow 4, yellow 4, red 4, blue 4, blue 2
You now has yellow 3, red 5, red 4, white 3, green 2
MOVE: 0 0 None 1 2 None
full hints You about all their white cards hints remaining: 4
You has yellow 3, red 5, red 4, white 3, green 2
MOVE: 1 2 3 1 None None
You plays white 3 and fails. Board was green 0, yellow 0, white 1, blue 2, red 1
You now has yellow 3, red 5, red 4, green 2, white 2
MOVE: 0 0 None 1 2 None
full hints You about all their white cards hints remaining: 3
You has yellow 3, red 5, red 4, green 2, white 2
MOVE: 1 2 4 1 None None
You plays white 2 successfully! Board is now green 0, yellow 0, white 2, blue 2, red 1
You now has yellow 3, red 5, red 4, green 2, white 1
MOVE: 0 3 4 None None None
full discards green 3
trash is now green 1, yellow 4, yellow 4, red 4, blue 4, blue 2, white 3, green 3
full now has white 5, yellow 5, green 4, blue 4, white 2
MOVE: 1 0 None 0 2 None
You hints full about all their white cards hints remaining: 3
full has white 5, yellow 5, green 4, blue 4, white 2
MOVE: 0 2 4 None None None
full plays white 2 and fails. Board was green 0, yellow 0, white 2, blue 2, red 1
full now has white 5, yellow 5, green 4, blue 4, green 5
Score 5
