Old GID: 58e90f0a71ed43c5
Treatment: ('outer', 841)
[(4, 3), (1, 4), (1, 4), (0, 2), (3, 3), (3, 5), (0, 4), (2, 2), (2, 3), (3, 4), (3, 1), (0, 1), (2, 1), (0, 1), (0, 1), (0, 3), (4, 4), (0, 2), (3, 2), (4, 2), (1, 3), (4, 1), (2, 1), (4, 1), (1, 1), (3, 1), (3, 1), (2, 2), (2, 1), (1, 3), (2, 3), (4, 4), (2, 4), (4, 1), (0, 5), (4, 2), (1, 1), (4, 5), (3, 2), (2, 4)]
MOVE: 0 1 None 1 None 5
outer hints You about all their 5 hints remaining: 7
You has green 3, red 3, green 4, yellow 2, white 5
MOVE: 1 1 None 0 None 1
You hints outer about all their 1 hints remaining: 6
outer has blue 4, yellow 1, yellow 5, blue 3, yellow 2
MOVE: 0 2 1 None None None
outer plays yellow 1 successfully! Board is now green 0, yellow 1, white 0, blue 0, red 0
outer now has blue 4, yellow 5, blue 3, yellow 2, red 3
MOVE: 1 1 None 0 None 2
You hints outer about all their 2 hints remaining: 5
outer has blue 4, yellow 5, blue 3, yellow 2, red 3
MOVE: 0 0 None 1 1 None
outer hints You about all their yellow cards hints remaining: 4
You has green 3, red 3, green 4, yellow 2, white 5
MOVE: 1 0 None 0 1 None
You hints outer about all their yellow cards hints remaining: 3
outer has blue 4, yellow 5, blue 3, yellow 2, red 3
MOVE: 0 2 3 None None None
outer plays yellow 2 successfully! Board is now green 0, yellow 2, white 0, blue 0, red 0
outer now has blue 4, yellow 5, blue 3, red 3, yellow 4
MOVE: 1 1 None 0 None 5
You hints outer about all their 5 hints remaining: 2
outer has blue 4, yellow 5, blue 3, red 3, yellow 4
MOVE: 0 1 None 1 None 2
outer hints You about all their 2 hints remaining: 1
You has green 3, red 3, green 4, yellow 2, white 5
MOVE: 1 3 3 1 None None
You discards yellow 2
trash is now yellow 2
You now has green 3, red 3, green 4, white 5, yellow 4
MOVE: 0 0 None 1 0 None
outer hints You about all their green cards hints remaining: 1
You has green 3, red 3, green 4, white 5, yellow 4
MOVE: 1 1 None 0 None 4
You hints outer about all their 4 hints remaining: 0
outer has blue 4, yellow 5, blue 3, red 3, yellow 4
MOVE: 0 3 1 None None None
outer discards yellow 5
trash is now yellow 2, yellow 5
outer now has blue 4, blue 3, red 3, yellow 4, green 2
MOVE: 1 2 2 1 None None
You plays green 4 and fails. Board was green 0, yellow 2, white 0, blue 0, red 0
You now has green 3, red 3, white 5, yellow 4, blue 3
MOVE: 0 0 None 1 4 None
outer hints You about all their red cards hints remaining: 0
You has green 3, red 3, white 5, yellow 4, blue 3
MOVE: 1 2 1 1 None None
You plays red 3 and fails. Board was green 0, yellow 2, white 0, blue 0, red 0
You now has green 3, white 5, yellow 4, blue 3, blue 5
MOVE: 0 3 4 None None None
outer discards green 2
trash is now yellow 2, yellow 5, green 4, red 3, green 2
outer now has blue 4, blue 3, red 3, yellow 4, green 4
MOVE: 1 2 0 1 None None
You plays green 3 and fails. Board was green 0, yellow 2, white 0, blue 0, red 0
You now has white 5, yellow 4, blue 3, blue 5, white 2
Score 2
