Old GID: e9d5a5a0f722d2a1
Treatment: ('outer', 1256)
[(3, 4), (0, 1), (0, 4), (2, 1), (1, 2), (3, 5), (1, 3), (2, 2), (4, 4), (1, 1), (4, 2), (3, 1), (4, 1), (2, 1), (4, 1), (1, 4), (1, 5), (4, 1), (0, 1), (0, 3), (3, 3), (3, 1), (3, 4), (2, 2), (0, 2), (0, 2), (1, 1), (3, 1), (3, 2), (3, 3), (2, 4), (2, 3), (0, 1), (1, 3), (1, 1), (3, 2), (4, 2), (2, 1), (0, 3), (2, 4)]
MOVE: 0 0 None 1 1 None
outer hints You about all their yellow cards hints remaining: 7
You has green 5, green 4, yellow 2, yellow 4, red 4
MOVE: 1 2 2 1 None None
You plays yellow 2 and fails. Board was green 0, yellow 0, white 0, blue 0, red 0
You now has green 5, green 4, yellow 4, red 4, blue 4
MOVE: 0 1 None 1 None 4
outer hints You about all their 4 hints remaining: 6
You has green 5, green 4, yellow 4, red 4, blue 4
MOVE: 1 2 2 1 None None
You plays yellow 4 and fails. Board was green 0, yellow 0, white 0, blue 0, red 0
You now has green 5, green 4, red 4, blue 4, green 1
MOVE: 0 1 None 1 None 1
outer hints You about all their 1 hints remaining: 5
You has green 5, green 4, red 4, blue 4, green 1
MOVE: 1 2 2 1 None None
You plays red 4 and fails. Board was green 0, yellow 0, white 0, blue 0, red 0
You now has green 5, green 4, blue 4, green 1, green 4
Score 0
