Old GID: ed28a13e10888df7
Treatment: ('outer', 3315)
[(3, 5), (0, 2), (2, 4), (3, 1), (1, 5), (2, 3), (2, 1), (4, 4), (4, 5), (3, 4), (1, 1), (1, 2), (0, 1), (4, 1), (1, 3), (2, 3), (3, 2), (0, 4), (0, 5), (2, 1), (2, 1), (1, 1), (0, 3), (4, 2), (4, 4), (1, 3), (0, 3), (0, 2), (1, 4), (3, 4), (4, 2), (4, 3), (2, 2), (3, 1), (4, 1), (4, 3), (3, 3), (3, 2), (1, 4), (1, 1)]
MOVE: 0 1 None 1 None 1
outer hints You about all their 1 hints remaining: 7
You has white 5, blue 1, yellow 2, green 1, white 2
MOVE: 1 2 3 1 None None
You plays green 1 successfully! Board is now green 1, yellow 0, white 0, blue 0, red 0
You now has white 5, blue 1, yellow 2, white 2, blue 5
MOVE: 0 0 None 1 3 None
outer hints You about all their blue cards hints remaining: 6
You has white 5, blue 1, yellow 2, white 2, blue 5
MOVE: 1 2 1 1 None None
You plays blue 1 successfully! Board is now green 1, yellow 0, white 0, blue 1, red 0
You now has white 5, yellow 2, white 2, blue 5, green 2
MOVE: 0 0 None 1 0 None
outer hints You about all their green cards hints remaining: 5
You has white 5, yellow 2, white 2, blue 5, green 2
MOVE: 1 1 None 0 None 1
You hints outer about all their 1 hints remaining: 4
outer has white 4, green 4, blue 3, green 1, red 1
MOVE: 0 1 None 1 None 2
outer hints You about all their 2 hints remaining: 3
You has white 5, yellow 2, white 2, blue 5, green 2
MOVE: 1 0 None 0 4 None
You hints outer about all their red cards hints remaining: 2
outer has white 4, green 4, blue 3, green 1, red 1
MOVE: 0 2 4 None None None
outer plays red 1 successfully! Board is now green 1, yellow 0, white 0, blue 1, red 1
outer now has white 4, green 4, blue 3, green 1, white 4
MOVE: 1 2 4 1 None None
You plays green 2 successfully! Board is now green 2, yellow 0, white 0, blue 1, red 1
You now has white 5, yellow 2, white 2, blue 5, blue 1
MOVE: 0 1 None 1 None 5
outer hints You about all their 5 hints remaining: 1
You has white 5, yellow 2, white 2, blue 5, blue 1
MOVE: 1 1 None 0 None 4
You hints outer about all their 4 hints remaining: 0
outer has white 4, green 4, blue 3, green 1, white 4
MOVE: 0 3 1 None None None
outer discards green 4
trash is now green 4
outer now has white 4, blue 3, green 1, white 4, yellow 5
MOVE: 1 1 None 0 None 5
You hints outer about all their 5 hints remaining: 0
outer has white 4, blue 3, green 1, white 4, yellow 5
MOVE: 0 3 2 None None None
outer discards green 1
trash is now green 4, green 1
outer now has white 4, blue 3, white 4, yellow 5, white 3
MOVE: 1 0 None 0 2 None
You hints outer about all their white cards hints remaining: 0
outer has white 4, blue 3, white 4, yellow 5, white 3
MOVE: 0 3 2 None None None
outer discards white 4
trash is now green 4, green 1, white 4
outer now has white 4, blue 3, yellow 5, white 3, white 1
MOVE: 1 1 None 0 None 1
You hints outer about all their 1 hints remaining: 0
outer has white 4, blue 3, yellow 5, white 3, white 1
MOVE: 0 3 4 None None None
outer discards white 1
trash is now green 4, green 1, white 4, white 1
outer now has white 4, blue 3, yellow 5, white 3, red 4
MOVE: 1 2 2 1 None None
You plays white 2 and fails. Board was green 2, yellow 0, white 0, blue 1, red 1
You now has white 5, yellow 2, blue 5, blue 1, red 5
MOVE: 0 0 None 1 2 None
outer hints You about all their white cards hints remaining: 0
You has white 5, yellow 2, blue 5, blue 1, red 5
MOVE: 1 2 1 1 None None
You plays yellow 2 and fails. Board was green 2, yellow 0, white 0, blue 1, red 1
You now has white 5, blue 5, blue 1, red 5, blue 4
MOVE: 0 3 0 None None None
outer discards white 4
trash is now green 4, green 1, white 4, white 1, white 2, yellow 2, white 4
outer now has blue 3, yellow 5, white 3, red 4, yellow 1
MOVE: 1 0 None 0 1 None
You hints outer about all their yellow cards hints remaining: 0
outer has blue 3, yellow 5, white 3, red 4, yellow 1
MOVE: 0 3 4 None None None
outer discards yellow 1
trash is now green 4, green 1, white 4, white 1, white 2, yellow 2, white 4, yellow 1
outer now has blue 3, yellow 5, white 3, red 4, yellow 2
MOVE: 1 3 0 1 None None
You discards white 5
trash is now green 4, green 1, white 4, white 1, white 2, yellow 2, white 4, yellow 1, white 5
You now has blue 5, blue 1, red 5, blue 4, green 1
MOVE: 0 1 None 1 None 1
outer hints You about all their 1 hints remaining: 1
You has blue 5, blue 1, red 5, blue 4, green 1
MOVE: 1 0 None 0 1 None
You hints outer about all their yellow cards hints remaining: 0
outer has blue 3, yellow 5, white 3, red 4, yellow 2
MOVE: 0 3 1 None None None
outer discards yellow 5
trash is now green 4, green 1, white 4, white 1, white 2, yellow 2, white 4, yellow 1, white 5, yellow 5
outer now has blue 3, white 3, red 4, yellow 2, red 1
MOVE: 1 3 3 1 None None
You discards blue 4
trash is now green 4, green 1, white 4, white 1, white 2, yellow 2, white 4, yellow 1, white 5, yellow 5, blue 4
You now has blue 5, blue 1, red 5, green 1, yellow 3
MOVE: 0 0 None 1 1 None
outer hints You about all their yellow cards hints remaining: 1
You has blue 5, blue 1, red 5, green 1, yellow 3
MOVE: 1 1 None 0 None 2
You hints outer about all their 2 hints remaining: 0
outer has blue 3, white 3, red 4, yellow 2, red 1
MOVE: 0 3 4 None None None
outer discards red 1
trash is now green 4, green 1, white 4, white 1, white 2, yellow 2, white 4, yellow 1, white 5, yellow 5, blue 4, red 1
outer now has blue 3, white 3, red 4, yellow 2, white 3
MOVE: 1 1 None 0 None 3
You hints outer about all their 3 hints remaining: 0
outer has blue 3, white 3, red 4, yellow 2, white 3
MOVE: 0 3 0 None None None
outer discards blue 3
trash is now green 4, green 1, white 4, white 1, white 2, yellow 2, white 4, yellow 1, white 5, yellow 5, blue 4, red 1, blue 3
outer now has white 3, red 4, yellow 2, white 3, blue 2
MOVE: 1 3 2 1 None None
You discards red 5
trash is now green 4, green 1, white 4, white 1, white 2, yellow 2, white 4, yellow 1, white 5, yellow 5, blue 4, red 1, blue 3, red 5
You now has blue 5, blue 1, green 1, yellow 3, green 4
MOVE: 0 0 None 1 0 None
outer hints You about all their green cards hints remaining: 1
You has blue 5, blue 1, green 1, yellow 3, green 4
MOVE: 1 3 2 1 None None
You discards green 1
trash is now green 4, green 1, white 4, white 1, white 2, yellow 2, white 4, yellow 1, white 5, yellow 5, blue 4, red 1, blue 3, red 5, green 1
You now has blue 5, blue 1, yellow 3, green 4, green 5
MOVE: 0 1 None 1 None 5
outer hints You about all their 5 hints remaining: 1
You has blue 5, blue 1, yellow 3, green 4, green 5
MOVE: 1 2 1 1 None None
You plays blue 1 and fails. Board was green 2, yellow 0, white 0, blue 1, red 1
You now has blue 5, yellow 3, green 4, green 5, white 1
Score 4
