Old GID: 7014f77f6bdceb0c
Treatment: ('full', 8364)
[(2, 2), (2, 4), (2, 2), (4, 1), (1, 1), (4, 1), (1, 1), (4, 2), (2, 1), (2, 1), (0, 2), (0, 4), (2, 4), (0, 5), (3, 2), (0, 2), (0, 4), (2, 1), (4, 3), (0, 1), (0, 1), (4, 3), (1, 4), (1, 4), (0, 1), (1, 3), (3, 1), (4, 4), (3, 3), (4, 2), (0, 3), (2, 5), (2, 3), (4, 1), (3, 1), (0, 3), (1, 3), (1, 2), (4, 4), (3, 1)]
MOVE: 0 0 None 1 1 None
full hints You about all their yellow cards hints remaining: 7
You has blue 3, blue 4, blue 2, white 3, yellow 1
MOVE: 1 2 4 1 None None
You plays yellow 1 successfully! Board is now green 0, yellow 1, white 0, blue 0, red 0
You now has blue 3, blue 4, blue 2, white 3, white 2
MOVE: 0 3 0 None None None
full discards blue 4
trash is now blue 4
full now has blue 5, yellow 2, yellow 5, red 5, white 4
MOVE: 1 1 None 0 None 5
You hints full about all their 5 hints remaining: 7
full has blue 5, yellow 2, yellow 5, red 5, white 4
MOVE: 0 3 1 None None None
full discards yellow 2
trash is now blue 4, yellow 2
full now has blue 5, yellow 5, red 5, white 4, white 2
MOVE: 1 3 0 1 None None
You discards blue 3
trash is now blue 4, yellow 2, blue 3
You now has blue 4, blue 2, white 3, white 2, red 1
MOVE: 0 0 None 1 4 None
full hints You about all their red cards hints remaining: 7
You has blue 4, blue 2, white 3, white 2, red 1
MOVE: 1 2 4 1 None None
You plays red 1 successfully! Board is now green 0, yellow 1, white 0, blue 0, red 1
You now has blue 4, blue 2, white 3, white 2, yellow 1
MOVE: 0 3 3 None None None
full discards white 4
trash is now blue 4, yellow 2, blue 3, white 4
full now has blue 5, yellow 5, red 5, white 2, red 1
MOVE: 1 3 0 1 None None
You discards blue 4
trash is now blue 4, yellow 2, blue 3, white 4, blue 4
You now has blue 2, white 3, white 2, yellow 1, yellow 1
MOVE: 0 3 3 None None None
full discards white 2
trash is now blue 4, yellow 2, blue 3, white 4, blue 4, white 2
full now has blue 5, yellow 5, red 5, red 1, red 2
MOVE: 1 3 0 1 None None
You discards blue 2
trash is now blue 4, yellow 2, blue 3, white 4, blue 4, white 2, blue 2
You now has white 3, white 2, yellow 1, yellow 1, white 1
MOVE: 0 3 3 None None None
full discards red 1
trash is now blue 4, yellow 2, blue 3, white 4, blue 4, white 2, blue 2, red 1
full now has blue 5, yellow 5, red 5, red 2, white 1
MOVE: 1 0 None 0 4 None
You hints full about all their red cards hints remaining: 7
full has blue 5, yellow 5, red 5, red 2, white 1
MOVE: 0 2 3 None None None
full plays red 2 successfully! Board is now green 0, yellow 1, white 0, blue 0, red 2
full now has blue 5, yellow 5, red 5, white 1, green 2
MOVE: 1 0 None 0 2 None
You hints full about all their white cards hints remaining: 6
full has blue 5, yellow 5, red 5, white 1, green 2
MOVE: 0 2 3 None None None
full plays white 1 successfully! Board is now green 0, yellow 1, white 1, blue 0, red 2
full now has blue 5, yellow 5, red 5, green 2, green 4
MOVE: 1 3 0 1 None None
You discards white 3
trash is now blue 4, yellow 2, blue 3, white 4, blue 4, white 2, blue 2, red 1, white 3
You now has white 2, yellow 1, yellow 1, white 1, white 4
MOVE: 0 1 None 1 None 2
full hints You about all their 2 hints remaining: 6
You has white 2, yellow 1, yellow 1, white 1, white 4
MOVE: 1 2 0 1 None None
You plays white 2 successfully! Board is now green 0, yellow 1, white 2, blue 0, red 2
You now has yellow 1, yellow 1, white 1, white 4, green 5
MOVE: 0 0 None 1 1 None
full hints You about all their yellow cards hints remaining: 5
You has yellow 1, yellow 1, white 1, white 4, green 5
MOVE: 1 2 1 1 None None
You plays yellow 1 and fails. Board was green 0, yellow 1, white 2, blue 0, red 2
You now has yellow 1, white 1, white 4, green 5, blue 2
MOVE: 0 3 3 None None None
full discards green 2
trash is now blue 4, yellow 2, blue 3, white 4, blue 4, white 2, blue 2, red 1, white 3, yellow 1, green 2
full now has blue 5, yellow 5, red 5, green 4, green 2
MOVE: 1 2 0 1 None None
You plays yellow 1 and fails. Board was green 0, yellow 1, white 2, blue 0, red 2
You now has white 1, white 4, green 5, blue 2, green 4
MOVE: 0 3 3 None None None
full discards green 4
trash is now blue 4, yellow 2, blue 3, white 4, blue 4, white 2, blue 2, red 1, white 3, yellow 1, green 2, yellow 1, green 4
full now has blue 5, yellow 5, red 5, green 2, white 1
MOVE: 1 2 4 1 None None
You plays green 4 and fails. Board was green 0, yellow 1, white 2, blue 0, red 2
You now has white 1, white 4, green 5, blue 2, red 3
Score 5
