Old GID: 1c3f687f77de4f26
Treatment: ('full', 9813)
[(0, 1), (2, 4), (3, 5), (1, 1), (0, 3), (0, 5), (1, 4), (1, 3), (2, 3), (4, 2), (3, 3), (0, 3), (2, 3), (3, 2), (4, 5), (2, 1), (3, 3), (1, 2), (3, 1), (2, 5), (0, 4), (3, 1), (1, 1), (3, 2), (4, 4), (4, 3), (1, 5), (4, 1), (0, 1), (3, 4), (1, 1), (0, 4), (2, 1), (4, 2), (2, 1), (4, 1), (4, 4), (3, 1), (0, 2), (1, 2)]
MOVE: 0 0 None 1 4 None
full hints You about all their red cards hints remaining: 7
You has white 2, red 1, yellow 3, green 2, white 4
MOVE: 1 2 1 1 None None
You plays red 1 successfully! Board is now green 0, yellow 0, white 0, blue 0, red 1
You now has white 2, yellow 3, green 2, white 4, green 1
MOVE: 0 1 None 1 None 1
full hints You about all their 1 hints remaining: 6
You has white 2, yellow 3, green 2, white 4, green 1
MOVE: 1 1 None 0 None 1
You hints full about all their 1 hints remaining: 5
full has green 1, blue 4, white 2, red 3, yellow 4
MOVE: 0 2 0 None None None
full plays green 1 successfully! Board is now green 1, yellow 0, white 0, blue 0, red 1
full now has blue 4, white 2, red 3, yellow 4, white 4
MOVE: 1 2 4 1 None None
You plays green 1 and fails. Board was green 1, yellow 0, white 0, blue 0, red 1
You now has white 2, yellow 3, green 2, white 4, blue 5
MOVE: 0 0 None 1 0 None
full hints You about all their green cards hints remaining: 4
You has white 2, yellow 3, green 2, white 4, blue 5
MOVE: 1 2 2 1 None None
You plays green 2 successfully! Board is now green 2, yellow 0, white 0, blue 0, red 1
You now has white 2, yellow 3, white 4, blue 5, yellow 1
MOVE: 0 0 None 1 1 None
full hints You about all their yellow cards hints remaining: 3
You has white 2, yellow 3, white 4, blue 5, yellow 1
MOVE: 1 2 4 1 None None
You plays yellow 1 successfully! Board is now green 2, yellow 1, white 0, blue 0, red 1
You now has white 2, yellow 3, white 4, blue 5, green 3
MOVE: 0 0 None 1 0 None
full hints You about all their green cards hints remaining: 2
You has white 2, yellow 3, white 4, blue 5, green 3
MOVE: 1 2 4 1 None None
You plays green 3 successfully! Board is now green 3, yellow 1, white 0, blue 0, red 1
You now has white 2, yellow 3, white 4, blue 5, green 5
MOVE: 0 3 4 None None None
full discards white 4
trash is now green 1, white 4
full now has blue 4, white 2, red 3, yellow 4, yellow 4
MOVE: 1 2 1 1 None None
You plays yellow 3 and fails. Board was green 3, yellow 1, white 0, blue 0, red 1
You now has white 2, white 4, blue 5, green 5, yellow 3
MOVE: 0 3 4 None None None
full discards yellow 4
trash is now green 1, white 4, yellow 3, yellow 4
full now has blue 4, white 2, red 3, yellow 4, white 3
MOVE: 1 2 4 1 None None
You plays yellow 3 and fails. Board was green 3, yellow 1, white 0, blue 0, red 1
You now has white 2, white 4, blue 5, green 5, red 2
Score 5
