Old GID: 7e52f828fc448870
Treatment: ('full', 6398)
[(4, 1), (2, 4), (1, 3), (1, 4), (3, 1), (0, 1), (3, 3), (1, 3), (2, 1), (2, 2), (3, 3), (0, 4), (0, 5), (1, 2), (4, 1), (1, 4), (0, 2), (4, 3), (0, 3), (4, 4), (0, 1), (3, 4), (3, 1), (1, 2), (2, 5), (2, 3), (4, 3), (2, 4), (1, 1), (0, 3), (1, 5), (1, 1), (3, 4), (0, 2), (2, 1), (4, 2), (3, 5), (3, 1), (3, 2), (3, 2)]
MOVE: 0 1 None 1 None 1
full hints You about all their 1 hints remaining: 7
You has red 2, white 2, green 4, white 1, yellow 1
MOVE: 1 0 None 0 4 None
You hints full about all their red cards hints remaining: 6
full has red 4, red 1, green 1, red 5, white 3
MOVE: 0 2 0 None None None
full plays red 4 and fails. Board was green 0, yellow 0, white 0, blue 0, red 0
full now has red 1, green 1, red 5, white 3, red 1
MOVE: 1 2 3 1 None None
You plays white 1 successfully! Board is now green 0, yellow 0, white 1, blue 0, red 0
You now has red 2, white 2, green 4, yellow 1, white 4
MOVE: 0 0 None 1 1 None
full hints You about all their yellow cards hints remaining: 5
You has red 2, white 2, green 4, yellow 1, white 4
MOVE: 1 1 None 0 None 1
You hints full about all their 1 hints remaining: 4
full has red 1, green 1, red 5, white 3, red 1
MOVE: 0 2 0 None None None
full plays red 1 successfully! Board is now green 0, yellow 0, white 1, blue 0, red 1
full now has green 1, red 5, white 3, red 1, yellow 3
MOVE: 1 2 3 1 None None
You plays yellow 1 successfully! Board is now green 0, yellow 1, white 1, blue 0, red 1
You now has red 2, white 2, green 4, white 4, yellow 4
MOVE: 0 1 None 1 None 2
full hints You about all their 2 hints remaining: 3
You has red 2, white 2, green 4, white 4, yellow 4
MOVE: 1 0 None 0 4 None
You hints full about all their red cards hints remaining: 2
full has green 1, red 5, white 3, red 1, yellow 3
MOVE: 0 2 1 None None None
full plays red 5 and fails. Board was green 0, yellow 1, white 1, blue 0, red 1
full now has green 1, white 3, red 1, yellow 3, blue 1
MOVE: 1 2 1 1 None None
You plays white 2 successfully! Board is now green 0, yellow 1, white 2, blue 0, red 1
You now has red 2, green 4, white 4, yellow 4, green 1
MOVE: 0 3 2 None None None
full discards red 1
trash is now red 4, red 5, red 1
full now has green 1, white 3, yellow 3, blue 1, blue 3
MOVE: 1 0 None 0 2 None
You hints full about all their white cards hints remaining: 2
full has green 1, white 3, yellow 3, blue 1, blue 3
MOVE: 0 2 1 None None None
full plays white 3 successfully! Board is now green 0, yellow 1, white 3, blue 0, red 1
full now has green 1, yellow 3, blue 1, blue 3, yellow 3
MOVE: 1 2 0 1 None None
You plays red 2 successfully! Board is now green 0, yellow 1, white 3, blue 0, red 2
You now has green 4, white 4, yellow 4, green 1, white 1
MOVE: 0 0 None 1 0 None
full hints You about all their green cards hints remaining: 1
You has green 4, white 4, yellow 4, green 1, white 1
MOVE: 1 0 None 0 0 None
You hints full about all their green cards hints remaining: 0
full has green 1, yellow 3, blue 1, blue 3, yellow 3
MOVE: 0 2 0 None None None
full plays green 1 successfully! Board is now green 1, yellow 1, white 3, blue 0, red 2
full now has yellow 3, blue 1, blue 3, yellow 3, white 2
MOVE: 1 2 0 1 None None
You plays green 4 and fails. Board was green 1, yellow 1, white 3, blue 0, red 2
You now has white 4, yellow 4, green 1, white 1, blue 3
Score 7
