Old GID: 4552f1e3e91b737d
Treatment: ('intentional', 9947)
[(4, 1), (0, 2), (4, 5), (2, 3), (1, 1), (4, 1), (4, 4), (4, 4), (1, 1), (1, 1), (3, 5), (2, 2), (0, 5), (3, 4), (4, 2), (3, 1), (0, 2), (2, 1), (4, 1), (0, 1), (1, 2), (0, 3), (1, 4), (3, 3), (4, 2), (3, 2), (1, 3), (2, 5), (3, 1), (0, 1), (0, 1), (3, 2), (3, 4), (3, 3), (1, 4), (0, 4), (2, 1), (2, 4), (2, 2), (4, 3)]
MOVE: 0 0 None 1 2 None
intentional hints You about all their white cards hints remaining: 7
You has yellow 3, green 3, white 1, yellow 5, yellow 2
MOVE: 1 0 None 0 3 None
You hints intentional about all their blue cards hints remaining: 6
intentional has white 4, blue 1, white 3, green 4, red 3
MOVE: 0 1 None 1 None 1
intentional hints You about all their 1 hints remaining: 5
You has yellow 3, green 3, white 1, yellow 5, yellow 2
MOVE: 1 1 None 0 None 1
You hints intentional about all their 1 hints remaining: 4
intentional has white 4, blue 1, white 3, green 4, red 3
MOVE: 0 2 1 None None None
intentional plays blue 1 successfully! Board is now green 0, yellow 0, white 0, blue 1, red 0
intentional now has white 4, white 3, green 4, red 3, red 1
MOVE: 1 1 None 0 None 1
You hints intentional about all their 1 hints remaining: 3
intentional has white 4, white 3, green 4, red 3, red 1
MOVE: 0 3 0 None None None
intentional discards white 4
trash is now white 4
intentional now has white 3, green 4, red 3, red 1, green 2
MOVE: 1 0 None 0 4 None
You hints intentional about all their red cards hints remaining: 3
intentional has white 3, green 4, red 3, red 1, green 2
MOVE: 0 2 3 None None None
intentional plays red 1 successfully! Board is now green 0, yellow 0, white 0, blue 1, red 1
intentional now has white 3, green 4, red 3, green 2, red 5
MOVE: 1 2 2 1 None None
You plays white 1 successfully! Board is now green 0, yellow 0, white 1, blue 1, red 1
You now has yellow 3, green 3, yellow 5, yellow 2, white 3
MOVE: 0 3 4 None None None
intentional discards red 5
trash is now white 4, red 5
intentional now has white 3, green 4, red 3, green 2, yellow 1
MOVE: 1 1 None 0 None 1
You hints intentional about all their 1 hints remaining: 3
intentional has white 3, green 4, red 3, green 2, yellow 1
MOVE: 0 3 3 None None None
intentional discards green 2
trash is now white 4, red 5, green 2
intentional now has white 3, green 4, red 3, yellow 1, red 1
MOVE: 1 0 None 0 1 None
You hints intentional about all their yellow cards hints remaining: 3
intentional has white 3, green 4, red 3, yellow 1, red 1
MOVE: 0 2 3 None None None
intentional plays yellow 1 successfully! Board is now green 0, yellow 1, white 1, blue 1, red 1
intentional now has white 3, green 4, red 3, red 1, red 4
MOVE: 1 3 0 1 None None
You discards yellow 3
trash is now white 4, red 5, green 2, yellow 3
You now has green 3, yellow 5, yellow 2, white 3, red 4
MOVE: 0 1 None 1 None 2
intentional hints You about all their 2 hints remaining: 3
You has green 3, yellow 5, yellow 2, white 3, red 4
MOVE: 1 2 2 1 None None
You plays yellow 2 successfully! Board is now green 0, yellow 2, white 1, blue 1, red 1
You now has green 3, yellow 5, white 3, red 4, yellow 1
MOVE: 0 0 None 1 2 None
intentional hints You about all their white cards hints remaining: 2
You has green 3, yellow 5, white 3, red 4, yellow 1
MOVE: 1 2 2 1 None None
You plays white 3 and fails. Board was green 0, yellow 2, white 1, blue 1, red 1
You now has green 3, yellow 5, red 4, yellow 1, yellow 1
MOVE: 0 0 None 1 4 None
intentional hints You about all their red cards hints remaining: 1
You has green 3, yellow 5, red 4, yellow 1, yellow 1
MOVE: 1 2 2 1 None None
You plays red 4 and fails. Board was green 0, yellow 2, white 1, blue 1, red 1
You now has green 3, yellow 5, yellow 1, yellow 1, blue 5
MOVE: 0 3 4 None None None
intentional discards red 4
trash is now white 4, red 5, green 2, yellow 3, white 3, red 4, red 4
intentional now has white 3, green 4, red 3, red 1, white 2
MOVE: 1 2 4 1 None None
You plays blue 5 and fails. Board was green 0, yellow 2, white 1, blue 1, red 1
You now has green 3, yellow 5, yellow 1, yellow 1, green 5
Score 5
