Old GID: cdef71d5c1475ff1
Treatment: ('outer', 5272)
[(4, 2), (0, 1), (2, 2), (1, 1), (1, 4), (2, 5), (2, 4), (0, 5), (3, 5), (4, 3), (3, 4), (4, 1), (4, 1), (2, 1), (3, 1), (3, 4), (4, 4), (3, 3), (3, 3), (2, 1), (3, 1), (4, 5), (1, 2), (4, 4), (0, 4), (0, 2), (3, 1), (1, 3), (0, 1), (0, 4), (2, 2), (1, 3), (3, 2), (4, 3), (1, 2), (1, 4), (0, 2), (1, 1), (4, 1), (1, 5)]
MOVE: 0 1 None 1 None 1
outer hints You about all their 1 hints remaining: 7
You has yellow 1, white 4, white 3, green 3, red 2
MOVE: 1 1 None 0 None 1
You hints outer about all their 1 hints remaining: 6
outer has green 3, green 1, white 1, blue 2, white 3
MOVE: 0 2 1 None None None
outer plays green 1 successfully! Board is now green 1, yellow 0, white 0, blue 0, red 0
outer now has green 3, white 1, blue 2, white 3, red 2
MOVE: 1 2 0 1 None None
You plays yellow 1 successfully! Board is now green 1, yellow 1, white 0, blue 0, red 0
You now has white 4, white 3, green 3, red 2, green 1
MOVE: 0 0 None 1 0 None
outer hints You about all their green cards hints remaining: 5
You has white 4, white 3, green 3, red 2, green 1
MOVE: 1 2 2 1 None None
You plays green 3 and fails. Board was green 1, yellow 1, white 0, blue 0, red 0
You now has white 4, white 3, red 2, green 1, white 2
MOVE: 0 1 None 1 None 4
outer hints You about all their 4 hints remaining: 4
You has white 4, white 3, red 2, green 1, white 2
MOVE: 1 2 3 1 None None
You plays green 1 and fails. Board was green 1, yellow 1, white 0, blue 0, red 0
You now has white 4, white 3, red 2, white 2, yellow 1
MOVE: 0 0 None 1 2 None
outer hints You about all their white cards hints remaining: 3
You has white 4, white 3, red 2, white 2, yellow 1
MOVE: 1 1 None 0 None 3
You hints outer about all their 3 hints remaining: 2
outer has green 3, white 1, blue 2, white 3, red 2
MOVE: 0 1 None 1 None 2
outer hints You about all their 2 hints remaining: 1
You has white 4, white 3, red 2, white 2, yellow 1
MOVE: 1 2 2 1 None None
You plays red 2 and fails. Board was green 1, yellow 1, white 0, blue 0, red 0
You now has white 4, white 3, white 2, yellow 1, yellow 4
Score 2
