Old GID: 47c83e75cf36e920
Treatment: ('outer', 9488)
[(3, 1), (3, 2), (4, 5), (1, 4), (0, 2), (0, 4), (1, 5), (4, 3), (4, 1), (3, 1), (4, 1), (1, 1), (2, 1), (3, 4), (2, 5), (2, 3), (1, 1), (3, 5), (3, 1), (0, 2), (2, 1), (3, 3), (2, 2), (4, 2), (2, 2), (1, 4), (0, 3), (2, 3), (1, 3), (2, 1), (4, 1), (4, 3), (0, 5), (4, 2), (0, 4), (2, 4), (4, 4), (2, 4), (3, 4), (0, 1)]
MOVE: 0 0 None 1 0 None
outer hints You about all their green cards hints remaining: 7
You has green 1, blue 3, green 3, red 4, yellow 2
MOVE: 1 1 None 0 None 1
You hints outer about all their 1 hints remaining: 6
outer has yellow 2, green 1, yellow 3, yellow 1, blue 2
MOVE: 0 2 1 None None None
outer plays green 1 successfully! Board is now green 1, yellow 0, white 0, blue 0, red 0
outer now has yellow 2, yellow 3, yellow 1, blue 2, blue 1
MOVE: 1 0 None 0 1 None
You hints outer about all their yellow cards hints remaining: 5
outer has yellow 2, yellow 3, yellow 1, blue 2, blue 1
MOVE: 0 2 2 None None None
outer plays yellow 1 successfully! Board is now green 1, yellow 1, white 0, blue 0, red 0
outer now has yellow 2, yellow 3, blue 2, blue 1, blue 2
MOVE: 1 1 None 0 None 2
You hints outer about all their 2 hints remaining: 4
outer has yellow 2, yellow 3, blue 2, blue 1, blue 2
MOVE: 0 2 0 None None None
outer plays yellow 2 successfully! Board is now green 1, yellow 2, white 0, blue 0, red 0
outer now has yellow 3, blue 2, blue 1, blue 2, red 5
MOVE: 1 1 None 0 None 3
You hints outer about all their 3 hints remaining: 3
outer has yellow 3, blue 2, blue 1, blue 2, red 5
MOVE: 0 2 0 None None None
outer plays yellow 3 successfully! Board is now green 1, yellow 3, white 0, blue 0, red 0
outer now has blue 2, blue 1, blue 2, red 5, yellow 4
MOVE: 1 0 None 0 3 None
You hints outer about all their blue cards hints remaining: 2
outer has blue 2, blue 1, blue 2, red 5, yellow 4
MOVE: 0 0 None 1 4 None
outer hints You about all their red cards hints remaining: 1
You has green 1, blue 3, green 3, red 4, yellow 2
MOVE: 1 1 None 0 None 1
You hints outer about all their 1 hints remaining: 0
outer has blue 2, blue 1, blue 2, red 5, yellow 4
MOVE: 0 2 1 None None None
outer plays blue 1 successfully! Board is now green 1, yellow 3, white 0, blue 1, red 0
outer now has blue 2, blue 2, red 5, yellow 4, green 2
MOVE: 1 2 3 1 None None
You plays red 4 and fails. Board was green 1, yellow 3, white 0, blue 1, red 0
You now has green 1, blue 3, green 3, yellow 2, green 4
MOVE: 0 2 0 None None None
outer plays blue 2 successfully! Board is now green 1, yellow 3, white 0, blue 2, red 0
outer now has blue 2, red 5, yellow 4, green 2, yellow 5
MOVE: 1 2 2 1 None None
You plays green 3 and fails. Board was green 1, yellow 3, white 0, blue 2, red 0
You now has green 1, blue 3, yellow 2, green 4, red 3
MOVE: 0 3 0 None None None
outer discards blue 2
trash is now red 4, green 3, blue 2
outer now has red 5, yellow 4, green 2, yellow 5, red 1
MOVE: 1 2 0 1 None None
You plays green 1 and fails. Board was green 1, yellow 3, white 0, blue 2, red 0
You now has blue 3, yellow 2, green 4, red 3, blue 1
Score 6
