Old GID: e5fcc2668ff78a94
Treatment: ('outer', 9090)
[(4, 4), (4, 1), (3, 4), (1, 1), (3, 3), (0, 5), (2, 1), (0, 3), (3, 4), (2, 3), (1, 3), (0, 4), (4, 5), (1, 5), (4, 3), (4, 2), (3, 5), (3, 1), (0, 4), (2, 4), (0, 1), (4, 2), (1, 4), (1, 1), (3, 3), (0, 2), (0, 1), (2, 2), (2, 3), (2, 2), (2, 1), (4, 3), (1, 2), (2, 5), (2, 4), (0, 1), (4, 4), (4, 1), (1, 4), (1, 2)]
MOVE: 0 0 None 1 3 None
outer hints You about all their blue cards hints remaining: 7
You has green 3, green 2, yellow 3, blue 1, white 1
MOVE: 1 1 None 0 None 1
You hints outer about all their 1 hints remaining: 6
outer has yellow 1, blue 2, blue 1, red 1, blue 2
MOVE: 0 2 0 None None None
outer plays yellow 1 successfully! Board is now green 0, yellow 1, white 0, blue 0, red 0
outer now has blue 2, blue 1, red 1, blue 2, red 4
MOVE: 1 0 None 0 3 None
You hints outer about all their blue cards hints remaining: 5
outer has blue 2, blue 1, red 1, blue 2, red 4
MOVE: 0 2 1 None None None
outer plays blue 1 successfully! Board is now green 0, yellow 1, white 0, blue 1, red 0
outer now has blue 2, red 1, blue 2, red 4, red 1
MOVE: 1 1 None 0 None 2
You hints outer about all their 2 hints remaining: 4
outer has blue 2, red 1, blue 2, red 4, red 1
MOVE: 0 2 0 None None None
outer plays blue 2 successfully! Board is now green 0, yellow 1, white 0, blue 2, red 0
outer now has red 1, blue 2, red 4, red 1, blue 4
MOVE: 1 0 None 0 4 None
You hints outer about all their red cards hints remaining: 3
outer has red 1, blue 2, red 4, red 1, blue 4
MOVE: 0 2 0 None None None
outer plays red 1 successfully! Board is now green 0, yellow 1, white 0, blue 2, red 1
outer now has blue 2, red 4, red 1, blue 4, yellow 1
MOVE: 1 1 None 0 None 1
You hints outer about all their 1 hints remaining: 2
outer has blue 2, red 4, red 1, blue 4, yellow 1
MOVE: 0 3 0 None None None
outer discards blue 2
trash is now blue 2
outer now has red 4, red 1, blue 4, yellow 1, blue 3
MOVE: 1 0 None 0 1 None
You hints outer about all their yellow cards hints remaining: 2
outer has red 4, red 1, blue 4, yellow 1, blue 3
MOVE: 0 3 3 None None None
outer discards yellow 1
trash is now blue 2, yellow 1
outer now has red 4, red 1, blue 4, blue 3, green 5
MOVE: 1 3 3 1 None None
You discards blue 1
trash is now blue 2, yellow 1, blue 1
You now has green 3, green 2, yellow 3, white 1, white 1
MOVE: 0 3 1 None None None
outer discards red 1
trash is now blue 2, yellow 1, blue 1, red 1
outer now has red 4, blue 4, blue 3, green 5, green 3
MOVE: 1 0 None 0 3 None
You hints outer about all their blue cards hints remaining: 4
outer has red 4, blue 4, blue 3, green 5, green 3
MOVE: 0 0 None 1 2 None
outer hints You about all their white cards hints remaining: 3
You has green 3, green 2, yellow 3, white 1, white 1
MOVE: 1 1 None 0 None 3
You hints outer about all their 3 hints remaining: 2
outer has red 4, blue 4, blue 3, green 5, green 3
MOVE: 0 2 2 None None None
outer plays blue 3 successfully! Board is now green 0, yellow 1, white 0, blue 3, red 1
outer now has red 4, blue 4, green 5, green 3, blue 4
MOVE: 1 1 None 0 None 4
You hints outer about all their 4 hints remaining: 1
outer has red 4, blue 4, green 5, green 3, blue 4
MOVE: 0 2 1 None None None
outer plays blue 4 successfully! Board is now green 0, yellow 1, white 0, blue 4, red 1
outer now has red 4, green 5, green 3, blue 4, white 3
MOVE: 1 2 4 1 None None
You plays white 1 successfully! Board is now green 0, yellow 1, white 1, blue 4, red 1
You now has green 3, green 2, yellow 3, white 1, yellow 3
MOVE: 0 0 None 1 0 None
outer hints You about all their green cards hints remaining: 0
You has green 3, green 2, yellow 3, white 1, yellow 3
MOVE: 1 3 0 1 None None
You discards green 3
trash is now blue 2, yellow 1, blue 1, red 1, green 3
You now has green 2, yellow 3, white 1, yellow 3, green 4
MOVE: 0 0 None 1 0 None
outer hints You about all their green cards hints remaining: 0
You has green 2, yellow 3, white 1, yellow 3, green 4
MOVE: 1 3 0 1 None None
You discards green 2
trash is now blue 2, yellow 1, blue 1, red 1, green 3, green 2
You now has yellow 3, white 1, yellow 3, green 4, red 5
MOVE: 0 1 None 1 None 3
outer hints You about all their 3 hints remaining: 0
You has yellow 3, white 1, yellow 3, green 4, red 5
MOVE: 1 3 0 1 None None
You discards yellow 3
trash is now blue 2, yellow 1, blue 1, red 1, green 3, green 2, yellow 3
You now has white 1, yellow 3, green 4, red 5, yellow 5
MOVE: 0 0 None 1 1 None
outer hints You about all their yellow cards hints remaining: 0
You has white 1, yellow 3, green 4, red 5, yellow 5
MOVE: 1 2 4 1 None None
You plays yellow 5 and fails. Board was green 0, yellow 1, white 1, blue 4, red 1
You now has white 1, yellow 3, green 4, red 5, red 3
MOVE: 0 3 4 None None None
outer discards white 3
trash is now blue 2, yellow 1, blue 1, red 1, green 3, green 2, yellow 3, yellow 5, white 3
outer now has red 4, green 5, green 3, blue 4, red 2
MOVE: 1 2 4 1 None None
You plays red 3 and fails. Board was green 0, yellow 1, white 1, blue 4, red 1
You now has white 1, yellow 3, green 4, red 5, blue 5
MOVE: 0 0 None 1 3 None
outer hints You about all their blue cards hints remaining: 0
You has white 1, yellow 3, green 4, red 5, blue 5
MOVE: 1 2 4 1 None None
You plays blue 5 successfully! Board is now green 0, yellow 1, white 1, blue 5, red 1
You now has white 1, yellow 3, green 4, red 5, blue 1
MOVE: 0 0 None 1 4 None
outer hints You about all their red cards hints remaining: 0
You has white 1, yellow 3, green 4, red 5, blue 1
MOVE: 1 2 3 1 None None
You plays red 5 and fails. Board was green 0, yellow 1, white 1, blue 5, red 1
You now has white 1, yellow 3, green 4, blue 1, green 4
Score 8
