Old GID: 35a58043436833c6
Treatment: ('outer', 982)
[(2, 2), (3, 1), (3, 5), (1, 4), (3, 1), (2, 1), (2, 1), (1, 1), (2, 4), (2, 5), (2, 3), (4, 2), (0, 3), (1, 3), (3, 3), (4, 5), (0, 3), (0, 4), (1, 4), (3, 2), (1, 2), (4, 1), (4, 3), (4, 2), (1, 2), (2, 2), (0, 1), (0, 1), (0, 5), (0, 1), (1, 1), (4, 1), (3, 2), (2, 4), (4, 4), (3, 4), (3, 4), (0, 2), (4, 1), (2, 3)]
MOVE: 0 0 None 1 1 None
outer hints You about all their yellow cards hints remaining: 7
You has yellow 5, yellow 1, red 3, blue 1, white 1
MOVE: 1 2 1 1 None None
You plays yellow 1 successfully! Board is now green 0, yellow 1, white 0, blue 0, red 0
You now has yellow 5, red 3, blue 1, white 1, white 2
MOVE: 0 1 None 1 None 1
outer hints You about all their 1 hints remaining: 6
You has yellow 5, red 3, blue 1, white 1, white 2
MOVE: 1 2 2 1 None None
You plays blue 1 successfully! Board is now green 0, yellow 1, white 0, blue 1, red 0
You now has yellow 5, red 3, white 1, white 2, blue 1
MOVE: 0 1 None 1 None 1
outer hints You about all their 1 hints remaining: 5
You has yellow 5, red 3, white 1, white 2, blue 1
MOVE: 1 2 2 1 None None
You plays white 1 successfully! Board is now green 0, yellow 1, white 1, blue 1, red 0
You now has yellow 5, red 3, white 2, blue 1, blue 5
MOVE: 0 1 None 1 None 2
outer hints You about all their 2 hints remaining: 4
You has yellow 5, red 3, white 2, blue 1, blue 5
MOVE: 1 2 2 1 None None
You plays white 2 successfully! Board is now green 0, yellow 1, white 2, blue 1, red 0
You now has yellow 5, red 3, blue 1, blue 5, yellow 4
MOVE: 0 0 None 1 1 None
outer hints You about all their yellow cards hints remaining: 3
You has yellow 5, red 3, blue 1, blue 5, yellow 4
MOVE: 1 2 2 1 None None
You plays blue 1 and fails. Board was green 0, yellow 1, white 2, blue 1, red 0
You now has yellow 5, red 3, blue 5, yellow 4, blue 1
MOVE: 0 1 None 1 None 3
outer hints You about all their 3 hints remaining: 2
You has yellow 5, red 3, blue 5, yellow 4, blue 1
MOVE: 1 2 0 1 None None
You plays yellow 5 and fails. Board was green 0, yellow 1, white 2, blue 1, red 0
You now has red 3, blue 5, yellow 4, blue 1, white 1
MOVE: 0 1 None 1 None 1
outer hints You about all their 1 hints remaining: 1
You has red 3, blue 5, yellow 4, blue 1, white 1
MOVE: 1 2 2 1 None None
You plays yellow 4 and fails. Board was green 0, yellow 1, white 2, blue 1, red 0
You now has red 3, blue 5, blue 1, white 1, white 1
Score 4
