Old GID: 5a3b955fcacca77b
Treatment: ('outer', 7662)
[(0, 3), (4, 4), (1, 1), (2, 4), (3, 1), (0, 4), (1, 4), (1, 2), (1, 1), (0, 1), (2, 2), (0, 2), (3, 1), (0, 2), (4, 2), (4, 1), (2, 1), (1, 5), (2, 4), (2, 3), (1, 1), (1, 3), (4, 5), (3, 5), (3, 3), (4, 3), (3, 2), (0, 5), (1, 3), (0, 4), (2, 2), (0, 1), (4, 2), (4, 4), (0, 3), (1, 2), (2, 1), (3, 2), (2, 1), (1, 4)]
MOVE: 0 0 None 1 4 None
outer hints You about all their red cards hints remaining: 7
You has red 1, blue 1, white 3, blue 3, blue 4
MOVE: 1 1 None 0 None 1
You hints outer about all their 1 hints remaining: 6
outer has red 1, white 5, green 1, blue 4, red 3
MOVE: 0 2 0 None None None
outer plays red 1 successfully! Board is now green 0, yellow 0, white 0, blue 0, red 1
outer now has white 5, green 1, blue 4, red 3, green 3
MOVE: 1 0 None 0 0 None
You hints outer about all their green cards hints remaining: 5
outer has white 5, green 1, blue 4, red 3, green 3
MOVE: 0 2 1 None None None
outer plays green 1 successfully! Board is now green 1, yellow 0, white 0, blue 0, red 1
outer now has white 5, blue 4, red 3, green 3, red 4
MOVE: 1 3 0 1 None None
You discards red 1
trash is now red 1
You now has blue 1, white 3, blue 3, blue 4, yellow 1
MOVE: 0 0 None 1 3 None
outer hints You about all their blue cards hints remaining: 5
You has blue 1, white 3, blue 3, blue 4, yellow 1
MOVE: 1 2 3 1 None None
You plays blue 4 and fails. Board was green 1, yellow 0, white 0, blue 0, red 1
You now has blue 1, white 3, blue 3, yellow 1, white 4
MOVE: 0 1 None 1 None 1
outer hints You about all their 1 hints remaining: 4
You has blue 1, white 3, blue 3, yellow 1, white 4
MOVE: 1 2 0 1 None None
You plays blue 1 successfully! Board is now green 1, yellow 0, white 0, blue 1, red 1
You now has white 3, blue 3, yellow 1, white 4, blue 1
MOVE: 0 0 None 1 1 None
outer hints You about all their yellow cards hints remaining: 3
You has white 3, blue 3, yellow 1, white 4, blue 1
MOVE: 1 2 2 1 None None
You plays yellow 1 successfully! Board is now green 1, yellow 1, white 0, blue 1, red 1
You now has white 3, blue 3, white 4, blue 1, green 4
MOVE: 0 0 None 1 2 None
outer hints You about all their white cards hints remaining: 2
You has white 3, blue 3, white 4, blue 1, green 4
MOVE: 1 2 2 1 None None
You plays white 4 and fails. Board was green 1, yellow 1, white 0, blue 1, red 1
You now has white 3, blue 3, blue 1, green 4, yellow 4
MOVE: 0 1 None 1 None 4
outer hints You about all their 4 hints remaining: 1
You has white 3, blue 3, blue 1, green 4, yellow 4
MOVE: 1 2 0 1 None None
You plays white 3 and fails. Board was green 1, yellow 1, white 0, blue 1, red 1
You now has blue 3, blue 1, green 4, yellow 4, yellow 2
Score 4
