Old GID: 7df7ef7b68c95a53
Treatment: ('intentional', 9579)
[(2, 2), (3, 1), (4, 3), (0, 3), (1, 5), (3, 5), (0, 2), (4, 1), (3, 4), (2, 4), (0, 3), (0, 5), (3, 3), (2, 1), (2, 4), (1, 3), (1, 3), (4, 1), (0, 4), (2, 3), (0, 1), (4, 5), (0, 1), (2, 3), (1, 1), (1, 4), (2, 1), (3, 1), (2, 1), (3, 2), (4, 3), (3, 3), (0, 1), (4, 4), (2, 2), (1, 4), (3, 2), (3, 4), (4, 2), (1, 1)]
MOVE: 0 1 None 1 None 1
intentional hints You about all their 1 hints remaining: 7
You has red 2, yellow 2, white 5, red 1, blue 1
MOVE: 1 2 3 1 None None
You plays red 1 successfully! Board is now green 0, yellow 0, white 0, blue 0, red 1
You now has red 2, yellow 2, white 5, blue 1, white 2
MOVE: 0 0 None 1 3 None
intentional hints You about all their blue cards hints remaining: 6
You has red 2, yellow 2, white 5, blue 1, white 2
MOVE: 1 2 3 1 None None
You plays blue 1 successfully! Board is now green 0, yellow 0, white 0, blue 1, red 1
You now has red 2, yellow 2, white 5, white 2, blue 1
MOVE: 0 0 None 1 4 None
intentional hints You about all their red cards hints remaining: 5
You has red 2, yellow 2, white 5, white 2, blue 1
MOVE: 1 2 0 1 None None
You plays red 2 successfully! Board is now green 0, yellow 0, white 0, blue 1, red 2
You now has yellow 2, white 5, white 2, blue 1, red 3
MOVE: 0 0 None 1 4 None
intentional hints You about all their red cards hints remaining: 4
You has yellow 2, white 5, white 2, blue 1, red 3
MOVE: 1 2 4 1 None None
You plays red 3 successfully! Board is now green 0, yellow 0, white 0, blue 1, red 3
You now has yellow 2, white 5, white 2, blue 1, green 3
MOVE: 0 1 None 1 None 3
intentional hints You about all their 3 hints remaining: 3
You has yellow 2, white 5, white 2, blue 1, green 3
MOVE: 1 0 None 0 4 None
You hints intentional about all their red cards hints remaining: 2
intentional has red 4, green 4, green 2, yellow 1, yellow 2
MOVE: 0 3 0 None None None
intentional discards red 4
trash is now red 4
intentional now has green 4, green 2, yellow 1, yellow 2, yellow 5
MOVE: 1 2 4 1 None None
You plays green 3 and fails. Board was green 0, yellow 0, white 0, blue 1, red 3
You now has yellow 2, white 5, white 2, blue 1, blue 5
MOVE: 0 3 4 None None None
intentional discards yellow 5
trash is now red 4, green 3, yellow 5
intentional now has green 4, green 2, yellow 1, yellow 2, green 2
MOVE: 1 2 4 1 None None
You plays blue 5 and fails. Board was green 0, yellow 0, white 0, blue 1, red 3
You now has yellow 2, white 5, white 2, blue 1, red 1
MOVE: 0 3 4 None None None
intentional discards green 2
trash is now red 4, green 3, yellow 5, blue 5, green 2
intentional now has green 4, green 2, yellow 1, yellow 2, blue 4
MOVE: 1 2 4 1 None None
You plays red 1 and fails. Board was green 0, yellow 0, white 0, blue 1, red 3
You now has yellow 2, white 5, white 2, blue 1, white 4
Score 4
