Old GID: 6cef5b1ac90ca9ad
Treatment: ('intentional', 5715)
[(4, 3), (0, 3), (0, 4), (0, 1), (4, 4), (3, 2), (1, 4), (4, 2), (1, 4), (2, 2), (3, 1), (3, 3), (4, 5), (2, 4), (0, 1), (0, 4), (2, 5), (3, 1), (3, 3), (3, 4), (2, 1), (0, 2), (4, 3), (2, 4), (1, 1), (3, 5), (1, 3), (1, 1), (0, 3), (4, 1), (0, 2), (1, 3), (1, 2), (3, 1), (3, 4), (4, 2), (1, 2), (4, 1), (1, 5), (2, 1)]
MOVE: 0 1 None 1 None 1
intentional hints You about all their 1 hints remaining: 7
You has blue 2, green 1, white 3, white 2, red 1
MOVE: 1 1 None 0 None 1
You hints intentional about all their 1 hints remaining: 6
intentional has red 4, yellow 1, white 1, white 3, green 5
MOVE: 0 2 2 None None None
intentional plays white 1 successfully! Board is now green 0, yellow 0, white 1, blue 0, red 0
intentional now has red 4, yellow 1, white 3, green 5, red 3
MOVE: 1 0 None 0 2 None
You hints intentional about all their white cards hints remaining: 5
intentional has red 4, yellow 1, white 3, green 5, red 3
MOVE: 0 2 1 None None None
intentional plays yellow 1 successfully! Board is now green 0, yellow 1, white 1, blue 0, red 0
intentional now has red 4, white 3, green 5, red 3, green 3
MOVE: 1 2 4 1 None None
You plays red 1 successfully! Board is now green 0, yellow 1, white 1, blue 0, red 1
You now has blue 2, green 1, white 3, white 2, green 4
MOVE: 0 3 4 None None None
intentional discards green 3
trash is now green 3
intentional now has red 4, white 3, green 5, red 3, green 1
MOVE: 1 2 1 1 None None
You plays green 1 successfully! Board is now green 1, yellow 1, white 1, blue 0, red 1
You now has blue 2, white 3, white 2, green 4, red 4
MOVE: 0 3 4 None None None
intentional discards green 1
trash is now green 3, green 1
intentional now has red 4, white 3, green 5, red 3, blue 2
MOVE: 1 1 None 0 None 2
You hints intentional about all their 2 hints remaining: 6
intentional has red 4, white 3, green 5, red 3, blue 2
MOVE: 0 3 3 None None None
intentional discards red 3
trash is now green 3, green 1, red 3
intentional now has red 4, white 3, green 5, blue 2, yellow 4
MOVE: 1 1 None 0 None 2
You hints intentional about all their 2 hints remaining: 6
intentional has red 4, white 3, green 5, blue 2, yellow 4
MOVE: 0 3 4 None None None
intentional discards yellow 4
trash is now green 3, green 1, red 3, yellow 4
intentional now has red 4, white 3, green 5, blue 2, red 2
MOVE: 1 1 None 0 None 3
You hints intentional about all their 3 hints remaining: 6
intentional has red 4, white 3, green 5, blue 2, red 2
MOVE: 0 3 4 None None None
intentional discards red 2
trash is now green 3, green 1, red 3, yellow 4, red 2
intentional now has red 4, white 3, green 5, blue 2, yellow 4
MOVE: 1 1 None 0 None 4
You hints intentional about all their 4 hints remaining: 6
intentional has red 4, white 3, green 5, blue 2, yellow 4
MOVE: 0 3 4 None None None
intentional discards yellow 4
trash is now green 3, green 1, red 3, yellow 4, red 2, yellow 4
intentional now has red 4, white 3, green 5, blue 2, white 2
MOVE: 1 1 None 0 None 5
You hints intentional about all their 5 hints remaining: 6
intentional has red 4, white 3, green 5, blue 2, white 2
MOVE: 0 3 0 None None None
intentional discards red 4
trash is now green 3, green 1, red 3, yellow 4, red 2, yellow 4, red 4
intentional now has white 3, green 5, blue 2, white 2, blue 1
MOVE: 1 1 None 0 None 2
You hints intentional about all their 2 hints remaining: 6
intentional has white 3, green 5, blue 2, white 2, blue 1
MOVE: 0 3 4 None None None
intentional discards blue 1
trash is now green 3, green 1, red 3, yellow 4, red 2, yellow 4, red 4, blue 1
intentional now has white 3, green 5, blue 2, white 2, blue 3
MOVE: 1 1 None 0 None 3
You hints intentional about all their 3 hints remaining: 6
intentional has white 3, green 5, blue 2, white 2, blue 3
MOVE: 0 3 0 None None None
intentional discards white 3
trash is now green 3, green 1, red 3, yellow 4, red 2, yellow 4, red 4, blue 1, white 3
intentional now has green 5, blue 2, white 2, blue 3, red 5
MOVE: 1 1 None 0 None 3
You hints intentional about all their 3 hints remaining: 6
intentional has green 5, blue 2, white 2, blue 3, red 5
MOVE: 0 3 4 None None None
intentional discards red 5
trash is now green 3, green 1, red 3, yellow 4, red 2, yellow 4, red 4, blue 1, white 3, red 5
intentional now has green 5, blue 2, white 2, blue 3, white 4
MOVE: 1 0 None 0 3 None
You hints intentional about all their blue cards hints remaining: 6
intentional has green 5, blue 2, white 2, blue 3, white 4
MOVE: 0 2 2 None None None
intentional plays white 2 successfully! Board is now green 1, yellow 1, white 2, blue 0, red 1
intentional now has green 5, blue 2, blue 3, white 4, green 1
MOVE: 1 2 4 1 None None
You plays red 4 and fails. Board was green 1, yellow 1, white 2, blue 0, red 1
You now has blue 2, white 3, white 2, green 4, green 4
MOVE: 0 1 None 1 None 3
intentional hints You about all their 3 hints remaining: 5
You has blue 2, white 3, white 2, green 4, green 4
MOVE: 1 2 3 1 None None
You plays green 4 and fails. Board was green 1, yellow 1, white 2, blue 0, red 1
You now has blue 2, white 3, white 2, green 4, white 5
MOVE: 0 3 2 None None None
intentional discards blue 3
trash is now green 3, green 1, red 3, yellow 4, red 2, yellow 4, red 4, blue 1, white 3, red 5, red 4, green 4, blue 3
intentional now has green 5, blue 2, white 4, green 1, blue 1
MOVE: 1 2 1 1 None None
You plays white 3 successfully! Board is now green 1, yellow 1, white 3, blue 0, red 1
You now has blue 2, white 2, green 4, white 5, blue 3
MOVE: 0 3 3 None None None
intentional discards green 1
trash is now green 3, green 1, red 3, yellow 4, red 2, yellow 4, red 4, blue 1, white 3, red 5, red 4, green 4, blue 3, green 1
intentional now has green 5, blue 2, white 4, blue 1, blue 4
MOVE: 1 2 1 1 None None
You plays white 2 and fails. Board was green 1, yellow 1, white 3, blue 0, red 1
You now has blue 2, green 4, white 5, blue 3, white 1
Score 6
