Old GID: 2b8bd8181d185244
Treatment: ('outer', 7533)
[(4, 5), (1, 2), (0, 1), (4, 1), (2, 1), (0, 3), (0, 1), (0, 3), (3, 1), (2, 5), (3, 1), (4, 4), (0, 1), (1, 2), (2, 1), (4, 2), (0, 4), (1, 5), (0, 4), (3, 3), (1, 1), (4, 3), (2, 4), (4, 1), (2, 4), (1, 4), (3, 1), (4, 2), (1, 3), (1, 3), (1, 4), (3, 2), (2, 2), (2, 1), (3, 5), (4, 1), (1, 1), (2, 2), (0, 2), (3, 3)]
MOVE: 0 1 None 1 None 1
outer hints You about all their 1 hints remaining: 7
You has red 3, blue 4, green 5, white 3, yellow 1
MOVE: 1 2 4 1 None None
You plays yellow 1 successfully! Board is now green 0, yellow 1, white 0, blue 0, red 0
You now has red 3, blue 4, green 5, white 3, red 5
MOVE: 0 0 None 1 0 None
outer hints You about all their green cards hints remaining: 6
You has red 3, blue 4, green 5, white 3, red 5
MOVE: 1 2 2 1 None None
You plays green 5 and fails. Board was green 0, yellow 1, white 0, blue 0, red 0
You now has red 3, blue 4, white 3, red 5, yellow 2
MOVE: 0 0 None 1 1 None
outer hints You about all their yellow cards hints remaining: 5
You has red 3, blue 4, white 3, red 5, yellow 2
MOVE: 1 2 4 1 None None
You plays yellow 2 successfully! Board is now green 0, yellow 2, white 0, blue 0, red 0
You now has red 3, blue 4, white 3, red 5, green 1
MOVE: 0 1 None 1 None 1
outer hints You about all their 1 hints remaining: 4
You has red 3, blue 4, white 3, red 5, green 1
MOVE: 1 2 4 1 None None
You plays green 1 successfully! Board is now green 1, yellow 2, white 0, blue 0, red 0
You now has red 3, blue 4, white 3, red 5, red 1
MOVE: 0 0 None 1 4 None
outer hints You about all their red cards hints remaining: 3
You has red 3, blue 4, white 3, red 5, red 1
MOVE: 1 2 4 1 None None
You plays red 1 successfully! Board is now green 1, yellow 2, white 0, blue 0, red 1
You now has red 3, blue 4, white 3, red 5, white 1
MOVE: 0 1 None 1 None 1
outer hints You about all their 1 hints remaining: 2
You has red 3, blue 4, white 3, red 5, white 1
MOVE: 1 2 4 1 None None
You plays white 1 successfully! Board is now green 1, yellow 2, white 1, blue 0, red 1
You now has red 3, blue 4, white 3, red 5, green 3
MOVE: 0 1 None 1 None 3
outer hints You about all their 3 hints remaining: 1
You has red 3, blue 4, white 3, red 5, green 3
MOVE: 1 2 3 1 None None
You plays red 5 and fails. Board was green 1, yellow 2, white 1, blue 0, red 1
You now has red 3, blue 4, white 3, green 3, green 1
MOVE: 0 0 None 1 2 None
outer hints You about all their white cards hints remaining: 0
You has red 3, blue 4, white 3, green 3, green 1
MOVE: 1 3 1 1 None None
You discards blue 4
trash is now green 5, red 5, blue 4
You now has red 3, white 3, green 3, green 1, green 3
MOVE: 0 0 None 1 0 None
outer hints You about all their green cards hints remaining: 0
You has red 3, white 3, green 3, green 1, green 3
MOVE: 1 2 4 1 None None
You plays green 3 and fails. Board was green 1, yellow 2, white 1, blue 0, red 1
You now has red 3, white 3, green 3, green 1, blue 1
Score 5
