Old GID: 4f51c18e685358e8
Treatment: ('outer', 8174)
[(3, 3), (1, 1), (0, 5), (0, 3), (4, 2), (1, 2), (4, 4), (3, 4), (0, 4), (1, 4), (0, 1), (0, 1), (0, 1), (2, 1), (0, 3), (3, 5), (3, 4), (3, 2), (2, 1), (3, 1), (4, 3), (2, 3), (2, 2), (2, 5), (2, 2), (4, 1), (0, 2), (0, 4), (2, 3), (1, 2), (3, 2), (1, 1), (2, 1), (1, 1), (2, 4), (4, 4), (4, 3), (3, 1), (4, 5), (3, 1)]
MOVE: 0 1 None 1 None 1
outer hints You about all their 1 hints remaining: 7
You has yellow 3, white 4, red 1, yellow 3, yellow 4
MOVE: 1 1 None 0 None 1
You hints outer about all their 1 hints remaining: 6
outer has red 2, green 2, yellow 5, red 1, blue 3
MOVE: 0 2 3 None None None
outer plays red 1 successfully! Board is now green 0, yellow 0, white 0, blue 0, red 1
outer now has red 2, green 2, yellow 5, blue 3, blue 3
MOVE: 1 0 None 0 4 None
You hints outer about all their red cards hints remaining: 5
outer has red 2, green 2, yellow 5, blue 3, blue 3
MOVE: 0 0 None 1 2 None
outer hints You about all their white cards hints remaining: 4
You has yellow 3, white 4, red 1, yellow 3, yellow 4
MOVE: 1 1 None 0 None 2
You hints outer about all their 2 hints remaining: 3
outer has red 2, green 2, yellow 5, blue 3, blue 3
MOVE: 0 2 0 None None None
outer plays red 2 successfully! Board is now green 0, yellow 0, white 0, blue 0, red 2
outer now has green 2, yellow 5, blue 3, blue 3, yellow 1
MOVE: 1 1 None 0 None 1
You hints outer about all their 1 hints remaining: 2
outer has green 2, yellow 5, blue 3, blue 3, yellow 1
MOVE: 0 1 None 1 None 3
outer hints You about all their 3 hints remaining: 1
You has yellow 3, white 4, red 1, yellow 3, yellow 4
MOVE: 1 0 None 0 1 None
You hints outer about all their yellow cards hints remaining: 0
outer has green 2, yellow 5, blue 3, blue 3, yellow 1
MOVE: 0 2 4 None None None
outer plays yellow 1 successfully! Board is now green 0, yellow 1, white 0, blue 0, red 2
outer now has green 2, yellow 5, blue 3, blue 3, green 5
MOVE: 1 2 2 1 None None
You plays red 1 and fails. Board was green 0, yellow 1, white 0, blue 0, red 2
You now has yellow 3, white 4, yellow 3, yellow 4, green 3
MOVE: 0 3 4 None None None
outer discards green 5
trash is now red 1, green 5
outer now has green 2, yellow 5, blue 3, blue 3, red 2
MOVE: 1 3 3 1 None None
You discards yellow 4
trash is now red 1, green 5, yellow 4
You now has yellow 3, white 4, yellow 3, green 3, yellow 2
MOVE: 0 0 None 1 1 None
outer hints You about all their yellow cards hints remaining: 1
You has yellow 3, white 4, yellow 3, green 3, yellow 2
MOVE: 1 2 1 1 None None
You plays white 4 and fails. Board was green 0, yellow 1, white 0, blue 0, red 2
You now has yellow 3, yellow 3, green 3, yellow 2, red 4
MOVE: 0 1 None 1 None 2
outer hints You about all their 2 hints remaining: 0
You has yellow 3, yellow 3, green 3, yellow 2, red 4
MOVE: 1 2 3 1 None None
You plays yellow 2 successfully! Board is now green 0, yellow 2, white 0, blue 0, red 2
You now has yellow 3, yellow 3, green 3, red 4, blue 4
MOVE: 0 3 1 None None None
outer discards yellow 5
trash is now red 1, green 5, yellow 4, white 4, yellow 5
outer now has green 2, blue 3, blue 3, red 2, green 4
MOVE: 1 2 0 1 None None
You plays yellow 3 successfully! Board is now green 0, yellow 3, white 0, blue 0, red 2
You now has yellow 3, green 3, red 4, blue 4, yellow 4
MOVE: 0 1 None 1 None 4
outer hints You about all their 4 hints remaining: 0
You has yellow 3, green 3, red 4, blue 4, yellow 4
MOVE: 1 3 0 1 None None
You discards yellow 3
trash is now red 1, green 5, yellow 4, white 4, yellow 5, yellow 3
You now has green 3, red 4, blue 4, yellow 4, green 1
MOVE: 0 0 None 1 1 None
outer hints You about all their yellow cards hints remaining: 0
You has green 3, red 4, blue 4, yellow 4, green 1
MOVE: 1 2 3 1 None None
You plays yellow 4 successfully! Board is now green 0, yellow 4, white 0, blue 0, red 2
You now has green 3, red 4, blue 4, green 1, green 1
MOVE: 0 3 2 None None None
outer discards blue 3
trash is now red 1, green 5, yellow 4, white 4, yellow 5, yellow 3, blue 3
outer now has green 2, blue 3, red 2, green 4, green 1
MOVE: 1 1 None 0 None 1
You hints outer about all their 1 hints remaining: 0
outer has green 2, blue 3, red 2, green 4, green 1
MOVE: 0 3 4 None None None
outer discards green 1
trash is now red 1, green 5, yellow 4, white 4, yellow 5, yellow 3, blue 3, green 1
outer now has green 2, blue 3, red 2, green 4, white 1
MOVE: 1 0 None 0 2 None
You hints outer about all their white cards hints remaining: 0
outer has green 2, blue 3, red 2, green 4, white 1
MOVE: 0 3 3 None None None
outer discards green 4
trash is now red 1, green 5, yellow 4, white 4, yellow 5, yellow 3, blue 3, green 1, green 4
outer now has green 2, blue 3, red 2, white 1, green 3
MOVE: 1 1 None 0 None 1
You hints outer about all their 1 hints remaining: 0
outer has green 2, blue 3, red 2, white 1, green 3
MOVE: 0 2 3 None None None
outer plays white 1 successfully! Board is now green 0, yellow 4, white 1, blue 0, red 2
outer now has green 2, blue 3, red 2, green 3, blue 5
MOVE: 1 3 0 1 None None
You discards green 3
trash is now red 1, green 5, yellow 4, white 4, yellow 5, yellow 3, blue 3, green 1, green 4, green 3
You now has red 4, blue 4, green 1, green 1, blue 4
MOVE: 0 1 None 1 None 1
outer hints You about all their 1 hints remaining: 0
You has red 4, blue 4, green 1, green 1, blue 4
MOVE: 1 2 2 1 None None
You plays green 1 successfully! Board is now green 1, yellow 4, white 1, blue 0, red 2
You now has red 4, blue 4, green 1, blue 4, blue 2
MOVE: 0 3 0 None None None
outer discards green 2
trash is now red 1, green 5, yellow 4, white 4, yellow 5, yellow 3, blue 3, green 1, green 4, green 3, green 2
outer now has blue 3, red 2, green 3, blue 5, white 1
MOVE: 1 2 2 1 None None
You plays green 1 and fails. Board was green 1, yellow 4, white 1, blue 0, red 2
You now has red 4, blue 4, blue 4, blue 2, blue 1
Score 8
