Old GID: 35f886f0beb78eee
Treatment: ('full', 7117)
[(2, 3), (4, 1), (1, 3), (0, 3), (4, 3), (4, 1), (2, 3), (3, 3), (2, 1), (4, 2), (0, 4), (2, 2), (4, 1), (2, 4), (0, 3), (4, 3), (4, 2), (3, 1), (0, 1), (1, 1), (2, 2), (3, 1), (3, 4), (0, 4), (3, 3), (3, 4), (1, 2), (3, 1), (2, 1), (2, 4), (4, 4), (3, 5), (2, 1), (3, 2), (1, 5), (0, 2), (1, 4), (0, 5), (4, 4), (0, 2)]
MOVE: 0 1 None 1 None 1
full hints You about all their 1 hints remaining: 7
You has yellow 3, white 5, red 5, blue 2, yellow 1
MOVE: 1 1 None 0 None 1
You hints full about all their 1 hints remaining: 6
full has green 1, yellow 4, yellow 1, green 1, yellow 2
MOVE: 0 2 0 None None None
full plays green 1 successfully! Board is now green 1, yellow 0, white 0, blue 0, red 0
full now has yellow 4, yellow 1, green 1, yellow 2, white 3
MOVE: 1 0 None 0 1 None
You hints full about all their yellow cards hints remaining: 5
full has yellow 4, yellow 1, green 1, yellow 2, white 3
MOVE: 0 2 1 None None None
full plays yellow 1 successfully! Board is now green 1, yellow 1, white 0, blue 0, red 0
full now has yellow 4, green 1, yellow 2, white 3, red 1
MOVE: 1 1 None 0 None 1
You hints full about all their 1 hints remaining: 4
full has yellow 4, green 1, yellow 2, white 3, red 1
MOVE: 0 2 1 None None None
full plays green 1 and fails. Board was green 1, yellow 1, white 0, blue 0, red 0
full now has yellow 4, yellow 2, white 3, red 1, yellow 3
MOVE: 1 1 None 0 None 2
You hints full about all their 2 hints remaining: 3
full has yellow 4, yellow 2, white 3, red 1, yellow 3
MOVE: 0 2 1 None None None
full plays yellow 2 successfully! Board is now green 1, yellow 2, white 0, blue 0, red 0
full now has yellow 4, white 3, red 1, yellow 3, green 3
MOVE: 1 0 None 0 1 None
You hints full about all their yellow cards hints remaining: 2
full has yellow 4, white 3, red 1, yellow 3, green 3
MOVE: 0 2 0 None None None
full plays yellow 4 and fails. Board was green 1, yellow 2, white 0, blue 0, red 0
full now has white 3, red 1, yellow 3, green 3, red 3
MOVE: 1 0 None 0 4 None
You hints full about all their red cards hints remaining: 1
full has white 3, red 1, yellow 3, green 3, red 3
MOVE: 0 2 1 None None None
full plays red 1 successfully! Board is now green 1, yellow 2, white 0, blue 0, red 1
full now has white 3, yellow 3, green 3, red 3, red 1
MOVE: 1 1 None 0 None 3
You hints full about all their 3 hints remaining: 0
full has white 3, yellow 3, green 3, red 3, red 1
MOVE: 0 2 1 None None None
full plays yellow 3 successfully! Board is now green 1, yellow 3, white 0, blue 0, red 1
full now has white 3, green 3, red 3, red 1, white 3
MOVE: 1 3 0 1 None None
You discards yellow 3
trash is now green 1, yellow 4, yellow 3
You now has white 5, red 5, blue 2, yellow 1, blue 3
MOVE: 0 0 None 1 1 None
full hints You about all their yellow cards hints remaining: 0
You has white 5, red 5, blue 2, yellow 1, blue 3
MOVE: 1 3 3 1 None None
You discards yellow 1
trash is now green 1, yellow 4, yellow 3, yellow 1
You now has white 5, red 5, blue 2, blue 3, white 1
MOVE: 0 0 None 1 2 None
full hints You about all their white cards hints remaining: 0
You has white 5, red 5, blue 2, blue 3, white 1
MOVE: 1 2 4 1 None None
You plays white 1 successfully! Board is now green 1, yellow 3, white 1, blue 0, red 1
You now has white 5, red 5, blue 2, blue 3, red 2
MOVE: 0 3 0 None None None
full discards white 3
trash is now green 1, yellow 4, yellow 3, yellow 1, white 3
full now has green 3, red 3, red 1, white 3, green 4
MOVE: 1 1 None 0 None 3
You hints full about all their 3 hints remaining: 0
full has green 3, red 3, red 1, white 3, green 4
MOVE: 0 3 3 None None None
full discards white 3
trash is now green 1, yellow 4, yellow 3, yellow 1, white 3, white 3
full now has green 3, red 3, red 1, green 4, white 2
MOVE: 1 1 None 0 None 2
You hints full about all their 2 hints remaining: 0
full has green 3, red 3, red 1, green 4, white 2
MOVE: 0 2 4 None None None
full plays white 2 successfully! Board is now green 1, yellow 3, white 2, blue 0, red 1
full now has green 3, red 3, red 1, green 4, red 1
MOVE: 1 3 0 1 None None
You discards white 5
trash is now green 1, yellow 4, yellow 3, yellow 1, white 3, white 3, white 5
You now has red 5, blue 2, blue 3, red 2, white 4
MOVE: 0 3 4 None None None
full discards red 1
trash is now green 1, yellow 4, yellow 3, yellow 1, white 3, white 3, white 5, red 1
full now has green 3, red 3, red 1, green 4, green 3
MOVE: 1 3 0 1 None None
You discards red 5
trash is now green 1, yellow 4, yellow 3, yellow 1, white 3, white 3, white 5, red 1, red 5
You now has blue 2, blue 3, red 2, white 4, red 3
MOVE: 0 3 4 None None None
full discards green 3
trash is now green 1, yellow 4, yellow 3, yellow 1, white 3, white 3, white 5, red 1, red 5, green 3
full now has green 3, red 3, red 1, green 4, red 2
MOVE: 1 3 0 1 None None
You discards blue 2
trash is now green 1, yellow 4, yellow 3, yellow 1, white 3, white 3, white 5, red 1, red 5, green 3, blue 2
You now has blue 3, red 2, white 4, red 3, blue 1
MOVE: 0 1 None 1 None 1
full hints You about all their 1 hints remaining: 4
You has blue 3, red 2, white 4, red 3, blue 1
MOVE: 1 0 None 0 4 None
You hints full about all their red cards hints remaining: 3
full has green 3, red 3, red 1, green 4, red 2
MOVE: 0 2 4 None None None
full plays red 2 successfully! Board is now green 1, yellow 3, white 2, blue 0, red 2
full now has green 3, red 3, red 1, green 4, green 1
MOVE: 1 2 4 1 None None
You plays blue 1 successfully! Board is now green 1, yellow 3, white 2, blue 1, red 2
You now has blue 3, red 2, white 4, red 3, yellow 1
MOVE: 0 2 1 None None None
full plays red 3 successfully! Board is now green 1, yellow 3, white 2, blue 1, red 3
full now has green 3, red 1, green 4, green 1, white 2
MOVE: 1 1 None 0 None 1
You hints full about all their 1 hints remaining: 2
full has green 3, red 1, green 4, green 1, white 2
MOVE: 0 3 1 None None None
full discards red 1
trash is now green 1, yellow 4, yellow 3, yellow 1, white 3, white 3, white 5, red 1, red 5, green 3, blue 2, red 1
full now has green 3, green 4, green 1, white 2, blue 1
MOVE: 1 1 None 0 None 4
You hints full about all their 4 hints remaining: 2
full has green 3, green 4, green 1, white 2, blue 1
MOVE: 0 2 1 None None None
full plays green 4 and fails. Board was green 1, yellow 3, white 2, blue 1, red 3
full now has green 3, green 1, white 2, blue 1, blue 4
Score 10
