Old GID: e69f7ce199f87275
Treatment: ('outer', 9392)
[(1, 2), (3, 4), (1, 1), (2, 1), (1, 5), (4, 4), (2, 1), (2, 4), (3, 3), (2, 2), (4, 5), (0, 2), (0, 3), (4, 1), (4, 2), (0, 3), (4, 1), (0, 5), (3, 4), (4, 2), (0, 4), (3, 1), (1, 4), (0, 1), (2, 1), (1, 1), (3, 5), (3, 1), (0, 1), (1, 2), (4, 4), (1, 1), (0, 2), (4, 1), (3, 2), (1, 3), (3, 2), (1, 3), (3, 3), (2, 2)]
MOVE: 0 0 None 1 3 None
outer hints You about all their blue cards hints remaining: 7
You has blue 1, green 4, green 1, red 3, yellow 4
MOVE: 1 2 0 1 None None
You plays blue 1 successfully! Board is now green 0, yellow 0, white 0, blue 1, red 0
You now has green 4, green 1, red 3, yellow 4, yellow 2
MOVE: 0 0 None 1 0 None
outer hints You about all their green cards hints remaining: 6
You has green 4, green 1, red 3, yellow 4, yellow 2
MOVE: 1 2 0 1 None None
You plays green 4 and fails. Board was green 0, yellow 0, white 0, blue 1, red 0
You now has green 1, red 3, yellow 4, yellow 2, blue 4
MOVE: 0 1 None 1 None 1
outer hints You about all their 1 hints remaining: 5
You has green 1, red 3, yellow 4, yellow 2, blue 4
MOVE: 1 2 0 1 None None
You plays green 1 successfully! Board is now green 1, yellow 0, white 0, blue 1, red 0
You now has red 3, yellow 4, yellow 2, blue 4, yellow 1
MOVE: 0 0 None 1 1 None
outer hints You about all their yellow cards hints remaining: 4
You has red 3, yellow 4, yellow 2, blue 4, yellow 1
MOVE: 1 1 None 0 None 3
You hints outer about all their 3 hints remaining: 3
outer has white 3, white 4, white 5, red 3, white 3
MOVE: 0 1 None 1 None 1
outer hints You about all their 1 hints remaining: 2
You has red 3, yellow 4, yellow 2, blue 4, yellow 1
MOVE: 1 0 None 0 2 None
You hints outer about all their white cards hints remaining: 1
outer has white 3, white 4, white 5, red 3, white 3
MOVE: 0 0 None 1 1 None
outer hints You about all their yellow cards hints remaining: 0
You has red 3, yellow 4, yellow 2, blue 4, yellow 1
MOVE: 1 2 4 1 None None
You plays yellow 1 successfully! Board is now green 1, yellow 1, white 0, blue 1, red 0
You now has red 3, yellow 4, yellow 2, blue 4, white 1
MOVE: 0 3 2 None None None
outer discards white 5
trash is now green 4, white 5
outer now has white 3, white 4, red 3, white 3, yellow 5
MOVE: 1 3 3 1 None None
You discards blue 4
trash is now green 4, white 5, blue 4
You now has red 3, yellow 4, yellow 2, white 1, red 4
MOVE: 0 0 None 1 1 None
outer hints You about all their yellow cards hints remaining: 1
You has red 3, yellow 4, yellow 2, white 1, red 4
MOVE: 1 2 1 1 None None
You plays yellow 4 and fails. Board was green 1, yellow 1, white 0, blue 1, red 0
You now has red 3, yellow 2, white 1, red 4, white 1
MOVE: 0 1 None 1 None 2
outer hints You about all their 2 hints remaining: 0
You has red 3, yellow 2, white 1, red 4, white 1
MOVE: 1 2 1 1 None None
You plays yellow 2 successfully! Board is now green 1, yellow 2, white 0, blue 1, red 0
You now has red 3, white 1, red 4, white 1, white 4
MOVE: 0 3 2 None None None
outer discards red 3
trash is now green 4, white 5, blue 4, yellow 4, red 3
outer now has white 3, white 4, white 3, yellow 5, blue 3
MOVE: 1 1 None 0 None 4
You hints outer about all their 4 hints remaining: 0
outer has white 3, white 4, white 3, yellow 5, blue 3
MOVE: 0 3 2 None None None
outer discards white 3
trash is now green 4, white 5, blue 4, yellow 4, red 3, white 3
outer now has white 3, white 4, yellow 5, blue 3, white 2
MOVE: 1 3 3 1 None None
You discards white 1
trash is now green 4, white 5, blue 4, yellow 4, red 3, white 3, white 1
You now has red 3, white 1, red 4, white 4, red 5
MOVE: 0 0 None 1 2 None
outer hints You about all their white cards hints remaining: 1
You has red 3, white 1, red 4, white 4, red 5
MOVE: 1 3 2 1 None None
You discards red 4
trash is now green 4, white 5, blue 4, yellow 4, red 3, white 3, white 1, red 4
You now has red 3, white 1, white 4, red 5, green 2
MOVE: 0 0 None 1 0 None
outer hints You about all their green cards hints remaining: 1
You has red 3, white 1, white 4, red 5, green 2
MOVE: 1 2 4 1 None None
You plays green 2 successfully! Board is now green 2, yellow 2, white 0, blue 1, red 0
You now has red 3, white 1, white 4, red 5, green 3
MOVE: 0 0 None 1 0 None
outer hints You about all their green cards hints remaining: 0
You has red 3, white 1, white 4, red 5, green 3
MOVE: 1 2 4 1 None None
You plays green 3 successfully! Board is now green 3, yellow 2, white 0, blue 1, red 0
You now has red 3, white 1, white 4, red 5, red 1
MOVE: 0 3 1 None None None
outer discards white 4
trash is now green 4, white 5, blue 4, yellow 4, red 3, white 3, white 1, red 4, white 4
outer now has white 3, yellow 5, blue 3, white 2, red 2
MOVE: 1 2 2 1 None None
You plays white 4 and fails. Board was green 3, yellow 2, white 0, blue 1, red 0
You now has red 3, white 1, red 5, red 1, green 3
Score 6
