Old GID: 2b29bfb08a026ceb
Treatment: ('full', 4030)
[(1, 1), (1, 1), (3, 1), (4, 1), (1, 5), (4, 5), (2, 3), (3, 4), (1, 2), (0, 1), (4, 1), (2, 1), (0, 2), (1, 2), (0, 2), (1, 4), (0, 4), (4, 1), (3, 3), (3, 3), (0, 3), (2, 4), (1, 4), (3, 1), (2, 4), (0, 1), (2, 3), (1, 3), (4, 2), (2, 1), (4, 4), (0, 5), (3, 2), (2, 5), (4, 4), (3, 1), (3, 4), (3, 2), (2, 2), (4, 3)]
MOVE: 0 3 0 None None None
full discards green 1
trash is now green 1
full now has blue 5, green 4, yellow 1, white 1, yellow 1
MOVE: 1 1 None 0 None 1
You hints full about all their 1 hints remaining: 7
full has blue 5, green 4, yellow 1, white 1, yellow 1
MOVE: 0 2 2 None None None
full plays yellow 1 successfully! Board is now green 0, yellow 1, white 0, blue 0, red 0
full now has blue 5, green 4, white 1, yellow 1, yellow 1
MOVE: 1 0 None 0 2 None
You hints full about all their white cards hints remaining: 6
full has blue 5, green 4, white 1, yellow 1, yellow 1
MOVE: 0 2 2 None None None
full plays white 1 successfully! Board is now green 0, yellow 1, white 1, blue 0, red 0
full now has blue 5, green 4, yellow 1, yellow 1, blue 1
MOVE: 1 0 None 0 1 None
You hints full about all their yellow cards hints remaining: 5
full has blue 5, green 4, yellow 1, yellow 1, blue 1
MOVE: 0 2 3 None None None
full plays yellow 1 and fails. Board was green 0, yellow 1, white 1, blue 0, red 0
full now has blue 5, green 4, yellow 1, blue 1, red 1
MOVE: 1 1 None 0 None 1
You hints full about all their 1 hints remaining: 4
full has blue 5, green 4, yellow 1, blue 1, red 1
MOVE: 0 2 3 None None None
full plays blue 1 successfully! Board is now green 0, yellow 1, white 1, blue 1, red 0
full now has blue 5, green 4, yellow 1, red 1, yellow 5
MOVE: 1 0 None 0 4 None
You hints full about all their red cards hints remaining: 3
full has blue 5, green 4, yellow 1, red 1, yellow 5
MOVE: 0 2 3 None None None
full plays red 1 successfully! Board is now green 0, yellow 1, white 1, blue 1, red 1
full now has blue 5, green 4, yellow 1, yellow 5, red 5
MOVE: 1 1 None 0 None 5
You hints full about all their 5 hints remaining: 2
full has blue 5, green 4, yellow 1, yellow 5, red 5
MOVE: 0 3 2 None None None
full discards yellow 1
trash is now green 1, yellow 1, yellow 1
full now has blue 5, green 4, yellow 5, red 5, white 3
MOVE: 1 3 4 1 None None
You discards white 2
trash is now green 1, yellow 1, yellow 1, white 2
You now has red 3, red 2, green 3, yellow 3, blue 4
MOVE: 0 1 None 1 None 2
full hints You about all their 2 hints remaining: 3
You has red 3, red 2, green 3, yellow 3, blue 4
MOVE: 1 2 1 1 None None
You plays red 2 successfully! Board is now green 0, yellow 1, white 1, blue 1, red 2
You now has red 3, green 3, yellow 3, blue 4, yellow 2
MOVE: 0 0 None 1 1 None
full hints You about all their yellow cards hints remaining: 2
You has red 3, green 3, yellow 3, blue 4, yellow 2
MOVE: 1 2 2 1 None None
You plays yellow 3 and fails. Board was green 0, yellow 1, white 1, blue 1, red 2
You now has red 3, green 3, blue 4, yellow 2, green 1
MOVE: 0 0 None 1 4 None
full hints You about all their red cards hints remaining: 1
You has red 3, green 3, blue 4, yellow 2, green 1
MOVE: 1 2 0 1 None None
You plays red 3 successfully! Board is now green 0, yellow 1, white 1, blue 1, red 3
You now has green 3, blue 4, yellow 2, green 1, red 1
MOVE: 0 1 None 1 None 2
full hints You about all their 2 hints remaining: 0
You has green 3, blue 4, yellow 2, green 1, red 1
MOVE: 1 2 2 1 None None
You plays yellow 2 successfully! Board is now green 0, yellow 2, white 1, blue 1, red 3
You now has green 3, blue 4, green 1, red 1, white 1
MOVE: 0 3 1 None None None
full discards green 4
trash is now green 1, yellow 1, yellow 1, white 2, yellow 3, green 4
full now has blue 5, yellow 5, red 5, white 3, green 2
MOVE: 1 3 4 1 None None
You discards white 1
trash is now green 1, yellow 1, yellow 1, white 2, yellow 3, green 4, white 1
You now has green 3, blue 4, green 1, red 1, yellow 2
MOVE: 0 0 None 1 3 None
full hints You about all their blue cards hints remaining: 1
You has green 3, blue 4, green 1, red 1, yellow 2
MOVE: 1 2 1 1 None None
You plays blue 4 and fails. Board was green 0, yellow 2, white 1, blue 1, red 3
You now has green 3, green 1, red 1, yellow 2, green 2
Score 7
