Old GID: 7c8864e35427a3a9
Treatment: ('outer', 9741)
[(0, 1), (3, 1), (0, 5), (0, 1), (4, 2), (2, 4), (2, 3), (2, 4), (0, 4), (2, 1), (3, 1), (2, 3), (1, 5), (3, 3), (3, 5), (1, 3), (3, 4), (0, 3), (4, 3), (3, 2), (4, 1), (2, 1), (2, 5), (1, 2), (3, 4), (0, 1), (2, 2), (2, 1), (4, 1), (2, 2), (0, 4), (1, 2), (1, 3), (3, 2), (4, 1), (4, 5), (4, 4), (1, 4), (3, 3), (1, 1)]
MOVE: 0 1 None 1 None 1
outer hints You about all their 1 hints remaining: 7
You has blue 1, green 3, red 3, yellow 1, green 2
MOVE: 1 1 None 0 None 1
You hints outer about all their 1 hints remaining: 6
outer has red 2, yellow 1, green 2, yellow 4, red 4
MOVE: 0 2 1 None None None
outer plays yellow 1 successfully! Board is now green 0, yellow 1, white 0, blue 0, red 0
outer now has red 2, green 2, yellow 4, red 4, green 1
MOVE: 1 1 None 0 None 1
You hints outer about all their 1 hints remaining: 5
outer has red 2, green 2, yellow 4, red 4, green 1
MOVE: 0 0 None 1 3 None
outer hints You about all their blue cards hints remaining: 4
You has blue 1, green 3, red 3, yellow 1, green 2
MOVE: 1 0 None 0 0 None
You hints outer about all their green cards hints remaining: 3
outer has red 2, green 2, yellow 4, red 4, green 1
MOVE: 0 2 4 None None None
outer plays green 1 successfully! Board is now green 1, yellow 1, white 0, blue 0, red 0
outer now has red 2, green 2, yellow 4, red 4, blue 1
MOVE: 1 1 None 0 None 2
You hints outer about all their 2 hints remaining: 2
outer has red 2, green 2, yellow 4, red 4, blue 1
MOVE: 0 2 1 None None None
outer plays green 2 successfully! Board is now green 2, yellow 1, white 0, blue 0, red 0
outer now has red 2, yellow 4, red 4, blue 1, green 5
MOVE: 1 1 None 0 None 1
You hints outer about all their 1 hints remaining: 1
outer has red 2, yellow 4, red 4, blue 1, green 5
MOVE: 0 0 None 1 0 None
outer hints You about all their green cards hints remaining: 0
You has blue 1, green 3, red 3, yellow 1, green 2
MOVE: 1 2 0 1 None None
You plays blue 1 successfully! Board is now green 2, yellow 1, white 0, blue 1, red 0
You now has green 3, red 3, yellow 1, green 2, green 1
MOVE: 0 3 1 None None None
outer discards yellow 4
trash is now yellow 4
outer now has red 2, red 4, blue 1, green 5, red 2
MOVE: 1 2 2 1 None None
You plays yellow 1 and fails. Board was green 2, yellow 1, white 0, blue 1, red 0
You now has green 3, red 3, green 2, green 1, white 4
MOVE: 0 1 None 1 None 3
outer hints You about all their 3 hints remaining: 0
You has green 3, red 3, green 2, green 1, white 4
MOVE: 1 2 4 1 None None
You plays white 4 and fails. Board was green 2, yellow 1, white 0, blue 1, red 0
You now has green 3, red 3, green 2, green 1, white 3
MOVE: 0 3 1 None None None
outer discards red 4
trash is now yellow 4, yellow 1, white 4, red 4
outer now has red 2, blue 1, green 5, red 2, white 4
MOVE: 1 2 4 1 None None
You plays white 3 and fails. Board was green 2, yellow 1, white 0, blue 1, red 0
You now has green 3, red 3, green 2, green 1, green 4
Score 4
