Old GID: 3e1bc1378872cf6c
Treatment: ('full', 2442)
[(2, 3), (4, 1), (4, 4), (3, 3), (2, 5), (0, 1), (2, 1), (3, 3), (2, 1), (1, 1), (1, 3), (2, 2), (3, 4), (0, 5), (1, 2), (3, 5), (4, 3), (4, 2), (2, 4), (3, 1), (1, 1), (4, 4), (0, 1), (2, 2), (2, 4), (1, 3), (1, 4), (3, 1), (3, 1), (0, 4), (3, 4), (1, 5), (4, 1), (1, 1), (0, 1), (4, 1), (0, 3), (3, 2), (0, 3), (1, 4)]
MOVE: 0 3 0 None None None
full discards red 5
trash is now red 5
full now has white 1, yellow 2, red 2, red 3, white 3
MOVE: 1 1 None 0 None 1
You hints full about all their 1 hints remaining: 7
full has white 1, yellow 2, red 2, red 3, white 3
MOVE: 0 2 0 None None None
full plays white 1 successfully! Board is now green 0, yellow 0, white 1, blue 0, red 0
full now has yellow 2, red 2, red 3, white 3, red 1
MOVE: 1 1 None 0 None 1
You hints full about all their 1 hints remaining: 6
full has yellow 2, red 2, red 3, white 3, red 1
MOVE: 0 2 4 None None None
full plays red 1 successfully! Board is now green 0, yellow 0, white 1, blue 0, red 1
full now has yellow 2, red 2, red 3, white 3, red 4
MOVE: 1 0 None 0 4 None
You hints full about all their red cards hints remaining: 5
full has yellow 2, red 2, red 3, white 3, red 4
MOVE: 0 2 1 None None None
full plays red 2 successfully! Board is now green 0, yellow 0, white 1, blue 0, red 2
full now has yellow 2, red 3, white 3, red 4, blue 3
MOVE: 1 1 None 0 None 3
You hints full about all their 3 hints remaining: 4
full has yellow 2, red 3, white 3, red 4, blue 3
MOVE: 0 2 1 None None None
full plays red 3 successfully! Board is now green 0, yellow 0, white 1, blue 0, red 3
full now has yellow 2, white 3, red 4, blue 3, white 5
MOVE: 1 0 None 0 4 None
You hints full about all their red cards hints remaining: 3
full has yellow 2, white 3, red 4, blue 3, white 5
MOVE: 0 2 2 None None None
full plays red 4 successfully! Board is now green 0, yellow 0, white 1, blue 0, red 4
full now has yellow 2, white 3, blue 3, white 5, green 1
MOVE: 1 0 None 0 0 None
You hints full about all their green cards hints remaining: 2
full has yellow 2, white 3, blue 3, white 5, green 1
MOVE: 0 2 4 None None None
full plays green 1 successfully! Board is now green 1, yellow 0, white 1, blue 0, red 4
full now has yellow 2, white 3, blue 3, white 5, white 1
MOVE: 1 3 0 1 None None
You discards green 2
trash is now red 5, green 2
You now has blue 2, green 4, green 2, white 3, blue 3
MOVE: 0 1 None 1 None 3
full hints You about all their 3 hints remaining: 2
You has blue 2, green 4, green 2, white 3, blue 3
MOVE: 1 3 3 1 None None
You discards white 3
trash is now red 5, green 2, white 3
You now has blue 2, green 4, green 2, blue 3, white 1
MOVE: 0 1 None 1 None 4
full hints You about all their 4 hints remaining: 2
You has blue 2, green 4, green 2, blue 3, white 1
MOVE: 1 3 1 1 None None
You discards green 4
trash is now red 5, green 2, white 3, green 4
You now has blue 2, green 2, blue 3, white 1, yellow 1
MOVE: 0 0 None 1 0 None
full hints You about all their green cards hints remaining: 2
You has blue 2, green 2, blue 3, white 1, yellow 1
MOVE: 1 2 1 1 None None
You plays green 2 successfully! Board is now green 2, yellow 0, white 1, blue 0, red 4
You now has blue 2, blue 3, white 1, yellow 1, yellow 3
MOVE: 0 3 4 None None None
full discards white 1
trash is now red 5, green 2, white 3, green 4, white 1
full now has yellow 2, white 3, blue 3, white 5, white 2
MOVE: 1 0 None 0 2 None
You hints full about all their white cards hints remaining: 2
full has yellow 2, white 3, blue 3, white 5, white 2
MOVE: 0 2 3 None None None
full plays white 5 and fails. Board was green 2, yellow 0, white 1, blue 0, red 4
full now has yellow 2, white 3, blue 3, white 2, blue 4
MOVE: 1 1 None 0 None 2
You hints full about all their 2 hints remaining: 1
full has yellow 2, white 3, blue 3, white 2, blue 4
MOVE: 0 2 3 None None None
full plays white 2 successfully! Board is now green 2, yellow 0, white 2, blue 0, red 4
full now has yellow 2, white 3, blue 3, blue 4, green 5
MOVE: 1 3 1 1 None None
You discards blue 3
trash is now red 5, green 2, white 3, green 4, white 1, white 5, blue 3
You now has blue 2, white 1, yellow 1, yellow 3, yellow 2
MOVE: 0 2 1 None None None
full plays white 3 successfully! Board is now green 2, yellow 0, white 3, blue 0, red 4
full now has yellow 2, blue 3, blue 4, green 5, blue 5
MOVE: 1 0 None 0 3 None
You hints full about all their blue cards hints remaining: 1
full has yellow 2, blue 3, blue 4, green 5, blue 5
MOVE: 0 2 2 None None None
full plays blue 4 and fails. Board was green 2, yellow 0, white 3, blue 0, red 4
full now has yellow 2, blue 3, green 5, blue 5, red 3
MOVE: 1 1 None 0 None 5
You hints full about all their 5 hints remaining: 0
full has yellow 2, blue 3, green 5, blue 5, red 3
MOVE: 0 2 2 None None None
full plays green 5 and fails. Board was green 2, yellow 0, white 3, blue 0, red 4
full now has yellow 2, blue 3, blue 5, red 3, red 2
Score 9
