Old GID: 1c879d5f10341a63
Treatment: ('full', 6482)
[(2, 5), (2, 4), (1, 4), (0, 4), (0, 3), (3, 2), (0, 1), (0, 1), (4, 4), (0, 3), (2, 1), (4, 4), (4, 2), (1, 1), (3, 1), (2, 2), (1, 5), (4, 1), (2, 4), (2, 1), (1, 1), (1, 1), (3, 1), (3, 4), (3, 4), (1, 3), (0, 2), (0, 5), (0, 2), (4, 2), (2, 3), (3, 2), (1, 2), (3, 1), (1, 3), (3, 3), (4, 5), (2, 3), (0, 4), (1, 2)]
MOVE: 0 1 None 1 None 1
full hints You about all their 1 hints remaining: 7
You has white 2, green 1, red 1, red 1, red 3
MOVE: 1 2 1 1 None None
You plays green 1 successfully! Board is now green 1, yellow 0, white 0, blue 0, red 0
You now has white 2, red 1, red 1, red 3, white 5
MOVE: 0 0 None 1 4 None
full hints You about all their red cards hints remaining: 6
You has white 2, red 1, red 1, red 3, white 5
MOVE: 1 2 1 1 None None
You plays red 1 successfully! Board is now green 1, yellow 0, white 0, blue 0, red 1
You now has white 2, red 1, red 3, white 5, white 4
MOVE: 0 3 0 None None None
full discards blue 5
trash is now blue 5
full now has blue 3, white 1, yellow 4, red 3, yellow 4
MOVE: 1 1 None 0 None 1
You hints full about all their 1 hints remaining: 6
full has blue 3, white 1, yellow 4, red 3, yellow 4
MOVE: 0 2 1 None None None
full plays white 1 successfully! Board is now green 1, yellow 0, white 1, blue 0, red 1
full now has blue 3, yellow 4, red 3, yellow 4, green 4
MOVE: 1 3 1 1 None None
You discards red 1
trash is now blue 5, red 1
You now has white 2, red 3, white 5, white 4, green 3
MOVE: 0 1 None 1 None 2
full hints You about all their 2 hints remaining: 6
You has white 2, red 3, white 5, white 4, green 3
MOVE: 1 1 None 0 None 4
You hints full about all their 4 hints remaining: 5
full has blue 3, yellow 4, red 3, yellow 4, green 4
MOVE: 0 0 None 1 0 None
full hints You about all their green cards hints remaining: 4
You has white 2, red 3, white 5, white 4, green 3
MOVE: 1 2 4 1 None None
You plays green 3 and fails. Board was green 1, yellow 0, white 1, blue 0, red 1
You now has white 2, red 3, white 5, white 4, blue 2
MOVE: 0 3 1 None None None
full discards yellow 4
trash is now blue 5, red 1, green 3, yellow 4
full now has blue 3, red 3, yellow 4, green 4, green 1
MOVE: 1 1 None 0 None 3
You hints full about all their 3 hints remaining: 4
full has blue 3, red 3, yellow 4, green 4, green 1
MOVE: 0 3 2 None None None
full discards yellow 4
trash is now blue 5, red 1, green 3, yellow 4, yellow 4
full now has blue 3, red 3, green 4, green 1, green 1
MOVE: 1 0 None 0 0 None
You hints full about all their green cards hints remaining: 4
full has blue 3, red 3, green 4, green 1, green 1
MOVE: 0 2 3 None None None
full plays green 1 and fails. Board was green 1, yellow 0, white 1, blue 0, red 1
full now has blue 3, red 3, green 4, green 1, red 4
MOVE: 1 1 None 0 None 1
You hints full about all their 1 hints remaining: 3
full has blue 3, red 3, green 4, green 1, red 4
MOVE: 0 3 3 None None None
full discards green 1
trash is now blue 5, red 1, green 3, yellow 4, yellow 4, green 1, green 1
full now has blue 3, red 3, green 4, red 4, green 3
MOVE: 1 2 0 1 None None
You plays white 2 successfully! Board is now green 1, yellow 0, white 2, blue 0, red 1
You now has red 3, white 5, white 4, blue 2, white 1
MOVE: 0 3 2 None None None
full discards green 4
trash is now blue 5, red 1, green 3, yellow 4, yellow 4, green 1, green 1, green 4
full now has blue 3, red 3, red 4, green 3, red 4
MOVE: 1 3 1 1 None None
You discards white 5
trash is now blue 5, red 1, green 3, yellow 4, yellow 4, green 1, green 1, green 4, white 5
You now has red 3, white 4, blue 2, white 1, red 2
MOVE: 0 0 None 1 4 None
full hints You about all their red cards hints remaining: 5
You has red 3, white 4, blue 2, white 1, red 2
MOVE: 1 2 4 1 None None
You plays red 2 successfully! Board is now green 1, yellow 0, white 2, blue 0, red 2
You now has red 3, white 4, blue 2, white 1, yellow 1
MOVE: 0 0 None 1 1 None
full hints You about all their yellow cards hints remaining: 4
You has red 3, white 4, blue 2, white 1, yellow 1
MOVE: 1 2 4 1 None None
You plays yellow 1 successfully! Board is now green 1, yellow 1, white 2, blue 0, red 2
You now has red 3, white 4, blue 2, white 1, blue 1
MOVE: 0 1 None 1 None 3
full hints You about all their 3 hints remaining: 3
You has red 3, white 4, blue 2, white 1, blue 1
MOVE: 1 2 0 1 None None
You plays red 3 successfully! Board is now green 1, yellow 1, white 2, blue 0, red 3
You now has white 4, blue 2, white 1, blue 1, white 2
MOVE: 0 3 3 None None None
full discards green 3
trash is now blue 5, red 1, green 3, yellow 4, yellow 4, green 1, green 1, green 4, white 5, green 3
full now has blue 3, red 3, red 4, red 4, yellow 5
MOVE: 1 1 None 0 None 4
You hints full about all their 4 hints remaining: 3
full has blue 3, red 3, red 4, red 4, yellow 5
MOVE: 0 2 2 None None None
full plays red 4 successfully! Board is now green 1, yellow 1, white 2, blue 0, red 4
full now has blue 3, red 3, red 4, yellow 5, red 1
MOVE: 1 0 None 0 4 None
You hints full about all their red cards hints remaining: 2
full has blue 3, red 3, red 4, yellow 5, red 1
MOVE: 0 2 4 None None None
full plays red 1 and fails. Board was green 1, yellow 1, white 2, blue 0, red 4
full now has blue 3, red 3, red 4, yellow 5, white 4
Score 8
