Old GID: 30e0df6065f5d82d
Treatment: ('outer', 254)
[(2, 4), (4, 4), (0, 5), (3, 1), (4, 2), (4, 1), (2, 2), (3, 3), (3, 2), (0, 2), (2, 3), (2, 1), (4, 3), (1, 2), (0, 3), (0, 3), (1, 5), (1, 4), (2, 5), (3, 4), (3, 5), (1, 3), (1, 1), (0, 2), (2, 3), (2, 1), (4, 2), (3, 1), (0, 1), (0, 1), (0, 4), (2, 2), (2, 1), (1, 2), (4, 4), (3, 2), (1, 1), (3, 1), (1, 1), (1, 4)]
MOVE: 0 1 None 1 None 1
outer hints You about all their 1 hints remaining: 7
You has blue 4, white 4, red 5, red 3, red 1
MOVE: 1 1 None 0 None 1
You hints outer about all their 1 hints remaining: 6
outer has yellow 3, green 1, red 1, blue 3, green 4
MOVE: 0 2 1 None None None
outer plays green 1 successfully! Board is now green 1, yellow 0, white 0, blue 0, red 0
outer now has yellow 3, red 1, blue 3, green 4, white 4
MOVE: 1 1 None 0 None 3
You hints outer about all their 3 hints remaining: 5
outer has yellow 3, red 1, blue 3, green 4, white 4
MOVE: 0 0 None 1 4 None
outer hints You about all their red cards hints remaining: 4
You has blue 4, white 4, red 5, red 3, red 1
MOVE: 1 1 None 0 None 4
You hints outer about all their 4 hints remaining: 3
outer has yellow 3, red 1, blue 3, green 4, white 4
MOVE: 0 3 0 None None None
outer discards yellow 3
trash is now yellow 3
outer now has red 1, blue 3, green 4, white 4, red 4
MOVE: 1 1 None 0 None 4
You hints outer about all their 4 hints remaining: 3
outer has red 1, blue 3, green 4, white 4, red 4
MOVE: 0 0 None 1 4 None
outer hints You about all their red cards hints remaining: 2
You has blue 4, white 4, red 5, red 3, red 1
MOVE: 1 0 None 0 4 None
You hints outer about all their red cards hints remaining: 1
outer has red 1, blue 3, green 4, white 4, red 4
MOVE: 0 2 0 None None None
outer plays red 1 successfully! Board is now green 1, yellow 0, white 0, blue 0, red 1
outer now has blue 3, green 4, white 4, red 4, green 5
MOVE: 1 3 4 1 None None
You discards red 1
trash is now yellow 3, red 1
You now has blue 4, white 4, red 5, red 3, blue 1
MOVE: 0 1 None 1 None 1
outer hints You about all their 1 hints remaining: 1
You has blue 4, white 4, red 5, red 3, blue 1
MOVE: 1 2 4 1 None None
You plays blue 1 successfully! Board is now green 1, yellow 0, white 0, blue 1, red 1
You now has blue 4, white 4, red 5, red 3, red 2
MOVE: 0 1 None 1 None 2
outer hints You about all their 2 hints remaining: 0
You has blue 4, white 4, red 5, red 3, red 2
MOVE: 1 2 4 1 None None
You plays red 2 successfully! Board is now green 1, yellow 0, white 0, blue 1, red 2
You now has blue 4, white 4, red 5, red 3, red 1
MOVE: 0 3 0 None None None
outer discards blue 3
trash is now yellow 3, red 1, blue 3
outer now has green 4, white 4, red 4, green 5, white 2
MOVE: 1 2 2 1 None None
You plays red 5 and fails. Board was green 1, yellow 0, white 0, blue 1, red 2
You now has blue 4, white 4, red 3, red 1, blue 3
MOVE: 0 0 None 1 4 None
outer hints You about all their red cards hints remaining: 0
You has blue 4, white 4, red 3, red 1, blue 3
MOVE: 1 2 3 1 None None
You plays red 1 and fails. Board was green 1, yellow 0, white 0, blue 1, red 2
You now has blue 4, white 4, red 3, blue 3, blue 2
MOVE: 0 3 1 None None None
outer discards white 4
trash is now yellow 3, red 1, blue 3, red 5, red 1, white 4
outer now has green 4, red 4, green 5, white 2, green 2
MOVE: 1 2 2 1 None None
You plays red 3 successfully! Board is now green 1, yellow 0, white 0, blue 1, red 3
You now has blue 4, white 4, blue 3, blue 2, white 3
MOVE: 0 2 1 None None None
outer plays red 4 successfully! Board is now green 1, yellow 0, white 0, blue 1, red 4
outer now has green 4, green 5, white 2, green 2, white 1
MOVE: 1 1 None 0 None 1
You hints outer about all their 1 hints remaining: 0
outer has green 4, green 5, white 2, green 2, white 1
MOVE: 0 3 0 None None None
outer discards green 4
trash is now yellow 3, red 1, blue 3, red 5, red 1, white 4, green 4
outer now has green 5, white 2, green 2, white 1, red 3
MOVE: 1 0 None 0 2 None
You hints outer about all their white cards hints remaining: 0
outer has green 5, white 2, green 2, white 1, red 3
MOVE: 0 2 3 None None None
outer plays white 1 successfully! Board is now green 1, yellow 0, white 1, blue 1, red 4
outer now has green 5, white 2, green 2, red 3, yellow 2
MOVE: 1 3 2 1 None None
You discards blue 3
trash is now yellow 3, red 1, blue 3, red 5, red 1, white 4, green 4, blue 3
You now has blue 4, white 4, blue 2, white 3, green 3
MOVE: 0 0 None 1 3 None
outer hints You about all their blue cards hints remaining: 0
You has blue 4, white 4, blue 2, white 3, green 3
MOVE: 1 2 0 1 None None
You plays blue 4 and fails. Board was green 1, yellow 0, white 1, blue 1, red 4
You now has white 4, blue 2, white 3, green 3, green 3
Score 7
