Old GID: 2d784fe60bc13843
Treatment: ('outer', 5093)
[(3, 3), (2, 5), (0, 1), (3, 3), (2, 1), (0, 3), (1, 4), (3, 4), (4, 1), (0, 4), (3, 1), (4, 5), (0, 4), (4, 4), (3, 1), (1, 4), (2, 4), (2, 4), (2, 2), (3, 5), (3, 2), (0, 5), (4, 3), (0, 1), (2, 1), (1, 1), (1, 3), (1, 2), (4, 4), (4, 3), (4, 1), (2, 2), (2, 3), (2, 1), (3, 4), (4, 2), (3, 1), (0, 3), (4, 1), (3, 2)]
MOVE: 0 1 None 1 None 1
outer hints You about all their 1 hints remaining: 7
You has yellow 3, yellow 5, green 1, green 2, white 3
MOVE: 1 2 2 1 None None
You plays green 1 successfully! Board is now green 1, yellow 0, white 0, blue 0, red 0
You now has yellow 3, yellow 5, green 2, white 3, blue 3
MOVE: 0 0 None 1 0 None
outer hints You about all their green cards hints remaining: 6
You has yellow 3, yellow 5, green 2, white 3, blue 3
MOVE: 1 1 None 0 None 1
You hints outer about all their 1 hints remaining: 5
outer has red 2, yellow 1, yellow 2, yellow 1, green 2
MOVE: 0 1 None 1 None 2
outer hints You about all their 2 hints remaining: 4
You has yellow 3, yellow 5, green 2, white 3, blue 3
MOVE: 1 2 2 1 None None
You plays green 2 successfully! Board is now green 2, yellow 0, white 0, blue 0, red 0
You now has yellow 3, yellow 5, white 3, blue 3, white 5
MOVE: 0 0 None 1 2 None
outer hints You about all their white cards hints remaining: 3
You has yellow 3, yellow 5, white 3, blue 3, white 5
MOVE: 1 0 None 0 1 None
You hints outer about all their yellow cards hints remaining: 2
outer has red 2, yellow 1, yellow 2, yellow 1, green 2
MOVE: 0 2 1 None None None
outer plays yellow 1 successfully! Board is now green 2, yellow 1, white 0, blue 0, red 0
outer now has red 2, yellow 2, yellow 1, green 2, green 1
MOVE: 1 1 None 0 None 2
You hints outer about all their 2 hints remaining: 1
outer has red 2, yellow 2, yellow 1, green 2, green 1
MOVE: 0 2 1 None None None
outer plays yellow 2 successfully! Board is now green 2, yellow 2, white 0, blue 0, red 0
outer now has red 2, yellow 1, green 2, green 1, blue 3
MOVE: 1 2 4 1 None None
You plays white 5 and fails. Board was green 2, yellow 2, white 0, blue 0, red 0
You now has yellow 3, yellow 5, white 3, blue 3, white 1
MOVE: 0 3 1 None None None
outer discards yellow 1
trash is now white 5, yellow 1
outer now has red 2, green 2, green 1, blue 3, green 3
MOVE: 1 2 2 1 None None
You plays white 3 and fails. Board was green 2, yellow 2, white 0, blue 0, red 0
You now has yellow 3, yellow 5, blue 3, white 1, yellow 4
MOVE: 0 1 None 1 None 3
outer hints You about all their 3 hints remaining: 1
You has yellow 3, yellow 5, blue 3, white 1, yellow 4
MOVE: 1 2 2 1 None None
You plays blue 3 and fails. Board was green 2, yellow 2, white 0, blue 0, red 0
You now has yellow 3, yellow 5, white 1, yellow 4, blue 4
Score 4
