Old GID: be55474d7b9488e6
Treatment: ('full', 9130)
[(2, 2), (0, 4), (4, 1), (2, 4), (1, 1), (3, 3), (3, 3), (3, 2), (2, 4), (4, 1), (0, 1), (0, 2), (2, 3), (0, 1), (1, 4), (2, 5), (1, 1), (2, 1), (3, 1), (1, 5), (4, 4), (0, 3), (3, 4), (0, 4), (0, 3), (2, 1), (3, 2), (1, 1), (1, 2), (2, 1), (4, 3), (4, 2), (1, 2), (0, 5), (1, 3), (4, 4), (4, 2), (2, 3), (2, 2), (3, 4)]
MOVE: 0 1 None 1 None 1
full hints You about all their 1 hints remaining: 7
You has blue 1, green 2, yellow 4, red 3, blue 5
MOVE: 1 1 None 0 None 1
You hints full about all their 1 hints remaining: 6
full has red 1, blue 1, green 1, red 5, yellow 3
MOVE: 0 2 0 None None None
full plays red 1 successfully! Board is now green 0, yellow 0, white 0, blue 0, red 1
full now has blue 1, green 1, red 5, yellow 3, white 2
MOVE: 1 0 None 0 0 None
You hints full about all their green cards hints remaining: 5
full has blue 1, green 1, red 5, yellow 3, white 2
MOVE: 0 2 1 None None None
full plays green 1 successfully! Board is now green 1, yellow 0, white 0, blue 0, red 1
full now has blue 1, red 5, yellow 3, white 2, green 4
MOVE: 1 0 None 0 3 None
You hints full about all their blue cards hints remaining: 4
full has blue 1, red 5, yellow 3, white 2, green 4
MOVE: 0 2 0 None None None
full plays blue 1 successfully! Board is now green 1, yellow 0, white 0, blue 1, red 1
full now has red 5, yellow 3, white 2, green 4, red 1
MOVE: 1 2 0 1 None None
You plays blue 1 and fails. Board was green 1, yellow 0, white 0, blue 1, red 1
You now has green 2, yellow 4, red 3, blue 5, white 4
MOVE: 0 0 None 1 0 None
full hints You about all their green cards hints remaining: 3
You has green 2, yellow 4, red 3, blue 5, white 4
MOVE: 1 2 0 1 None None
You plays green 2 successfully! Board is now green 2, yellow 0, white 0, blue 1, red 1
You now has yellow 4, red 3, blue 5, white 4, yellow 1
MOVE: 0 0 None 1 1 None
full hints You about all their yellow cards hints remaining: 2
You has yellow 4, red 3, blue 5, white 4, yellow 1
MOVE: 1 2 4 1 None None
You plays yellow 1 successfully! Board is now green 2, yellow 1, white 0, blue 1, red 1
You now has yellow 4, red 3, blue 5, white 4, blue 3
MOVE: 0 3 4 None None None
full discards red 1
trash is now blue 1, red 1
full now has red 5, yellow 3, white 2, green 4, blue 3
MOVE: 1 2 0 1 None None
You plays yellow 4 and fails. Board was green 2, yellow 1, white 0, blue 1, red 1
You now has red 3, blue 5, white 4, blue 3, blue 2
MOVE: 0 1 None 1 None 2
full hints You about all their 2 hints remaining: 2
You has red 3, blue 5, white 4, blue 3, blue 2
MOVE: 1 2 4 1 None None
You plays blue 2 successfully! Board is now green 2, yellow 1, white 0, blue 2, red 1
You now has red 3, blue 5, white 4, blue 3, white 4
MOVE: 0 3 4 None None None
full discards blue 3
trash is now blue 1, red 1, yellow 4, blue 3
full now has red 5, yellow 3, white 2, green 4, red 1
MOVE: 1 3 2 1 None None
You discards white 4
trash is now blue 1, red 1, yellow 4, blue 3, white 4
You now has red 3, blue 5, blue 3, white 4, green 1
MOVE: 0 3 3 None None None
full discards green 4
trash is now blue 1, red 1, yellow 4, blue 3, white 4, green 4
full now has red 5, yellow 3, white 2, red 1, green 2
MOVE: 1 3 2 1 None None
You discards blue 3
trash is now blue 1, red 1, yellow 4, blue 3, white 4, green 4, blue 3
You now has red 3, blue 5, white 4, green 1, white 3
MOVE: 0 3 3 None None None
full discards red 1
trash is now blue 1, red 1, yellow 4, blue 3, white 4, green 4, blue 3, red 1
full now has red 5, yellow 3, white 2, green 2, green 1
MOVE: 1 1 None 0 None 5
You hints full about all their 5 hints remaining: 6
full has red 5, yellow 3, white 2, green 2, green 1
MOVE: 0 3 3 None None None
full discards green 2
trash is now blue 1, red 1, yellow 4, blue 3, white 4, green 4, blue 3, red 1, green 2
full now has red 5, yellow 3, white 2, green 1, yellow 4
MOVE: 1 3 1 1 None None
You discards blue 5
trash is now blue 1, red 1, yellow 4, blue 3, white 4, green 4, blue 3, red 1, green 2, blue 5
You now has red 3, white 4, green 1, white 3, white 5
MOVE: 0 3 3 None None None
full discards green 1
trash is now blue 1, red 1, yellow 4, blue 3, white 4, green 4, blue 3, red 1, green 2, blue 5, green 1
full now has red 5, yellow 3, white 2, yellow 4, yellow 1
MOVE: 1 1 None 0 None 1
You hints full about all their 1 hints remaining: 7
full has red 5, yellow 3, white 2, yellow 4, yellow 1
MOVE: 0 2 4 None None None
full plays yellow 1 and fails. Board was green 2, yellow 1, white 0, blue 2, red 1
full now has red 5, yellow 3, white 2, yellow 4, white 1
Score 6
