Old GID: b286bdab421a7d55
Treatment: ('outer', 491)
[(0, 1), (1, 4), (4, 1), (1, 3), (0, 3), (1, 2), (4, 4), (3, 1), (1, 1), (2, 3), (2, 1), (2, 5), (2, 1), (3, 1), (2, 2), (1, 2), (0, 3), (0, 1), (4, 2), (3, 2), (3, 1), (4, 3), (0, 2), (3, 4), (1, 4), (1, 1), (4, 1), (0, 1), (3, 2), (0, 4), (3, 3), (1, 1), (3, 3), (0, 4), (4, 5), (2, 3), (2, 4), (3, 5), (1, 5), (2, 2)]
MOVE: 0 1 None 1 None 1
outer hints You about all their 1 hints remaining: 7
You has red 3, white 1, green 5, red 2, yellow 3
MOVE: 1 2 1 1 None None
You plays white 1 successfully! Board is now green 0, yellow 0, white 1, blue 0, red 0
You now has red 3, green 5, red 2, yellow 3, green 1
MOVE: 0 0 None 1 0 None
outer hints You about all their green cards hints remaining: 6
You has red 3, green 5, red 2, yellow 3, green 1
MOVE: 1 1 None 0 None 1
You hints outer about all their 1 hints remaining: 5
outer has red 1, blue 4, red 4, white 4, green 2
MOVE: 0 1 None 1 None 1
outer hints You about all their 1 hints remaining: 4
You has red 3, green 5, red 2, yellow 3, green 1
MOVE: 1 2 4 1 None None
You plays green 1 successfully! Board is now green 1, yellow 0, white 1, blue 0, red 0
You now has red 3, green 5, red 2, yellow 3, yellow 4
MOVE: 0 1 None 1 None 3
outer hints You about all their 3 hints remaining: 3
You has red 3, green 5, red 2, yellow 3, yellow 4
MOVE: 1 1 None 0 None 2
You hints outer about all their 2 hints remaining: 2
outer has red 1, blue 4, red 4, white 4, green 2
MOVE: 0 0 None 1 0 None
outer hints You about all their green cards hints remaining: 1
You has red 3, green 5, red 2, yellow 3, yellow 4
MOVE: 1 2 1 1 None None
You plays green 5 and fails. Board was green 1, yellow 0, white 1, blue 0, red 0
You now has red 3, red 2, yellow 3, yellow 4, red 1
MOVE: 0 1 None 1 None 1
outer hints You about all their 1 hints remaining: 0
You has red 3, red 2, yellow 3, yellow 4, red 1
MOVE: 1 3 2 1 None None
You discards yellow 3
trash is now green 5, yellow 3
You now has red 3, red 2, yellow 4, red 1, yellow 3
MOVE: 0 0 None 1 4 None
outer hints You about all their red cards hints remaining: 0
You has red 3, red 2, yellow 4, red 1, yellow 3
MOVE: 1 2 2 1 None None
You plays yellow 4 and fails. Board was green 1, yellow 0, white 1, blue 0, red 0
You now has red 3, red 2, red 1, yellow 3, green 3
MOVE: 0 3 0 None None None
outer discards red 1
trash is now green 5, yellow 3, yellow 4, red 1
outer now has blue 4, red 4, white 4, green 2, yellow 2
MOVE: 1 2 2 1 None None
You plays red 1 successfully! Board is now green 1, yellow 0, white 1, blue 0, red 1
You now has red 3, red 2, yellow 3, green 3, red 4
MOVE: 0 0 None 1 4 None
outer hints You about all their red cards hints remaining: 0
You has red 3, red 2, yellow 3, green 3, red 4
MOVE: 1 2 2 1 None None
You plays yellow 3 and fails. Board was green 1, yellow 0, white 1, blue 0, red 1
You now has red 3, red 2, green 3, red 4, blue 1
Score 3
