Old GID: 8c43286a75850c96
Treatment: ('outer', 6128)
[(0, 4), (4, 2), (3, 4), (0, 3), (1, 1), (2, 1), (1, 3), (1, 2), (1, 1), (1, 4), (4, 3), (3, 5), (1, 4), (4, 4), (3, 2), (2, 1), (1, 1), (4, 1), (2, 5), (1, 2), (4, 2), (0, 3), (4, 5), (0, 5), (2, 2), (4, 3), (3, 1), (2, 1), (2, 3), (2, 4), (0, 2), (3, 4), (2, 2), (3, 1), (3, 2), (4, 4), (1, 3), (0, 1), (1, 5), (3, 3)]
MOVE: 0 0 None 1 4 None
outer hints You about all their red cards hints remaining: 7
You has green 2, red 1, white 4, red 1, green 4
MOVE: 1 1 None 0 None 1
You hints outer about all their 1 hints remaining: 6
outer has green 1, green 1, blue 3, blue 1, white 3
MOVE: 0 2 0 None None None
outer plays green 1 successfully! Board is now green 1, yellow 0, white 0, blue 0, red 0
outer now has green 1, blue 3, blue 1, white 3, green 4
MOVE: 1 2 1 1 None None
You plays red 1 successfully! Board is now green 1, yellow 0, white 0, blue 0, red 1
You now has green 2, white 4, red 1, green 4, red 2
MOVE: 0 1 None 1 None 2
outer hints You about all their 2 hints remaining: 5
You has green 2, white 4, red 1, green 4, red 2
MOVE: 1 2 2 1 None None
You plays red 1 and fails. Board was green 1, yellow 0, white 0, blue 0, red 1
You now has green 2, white 4, green 4, red 2, blue 4
MOVE: 0 0 None 1 0 None
outer hints You about all their green cards hints remaining: 4
You has green 2, white 4, green 4, red 2, blue 4
MOVE: 1 2 0 1 None None
You plays green 2 successfully! Board is now green 2, yellow 0, white 0, blue 0, red 1
You now has white 4, green 4, red 2, blue 4, green 3
MOVE: 0 0 None 1 0 None
outer hints You about all their green cards hints remaining: 3
You has white 4, green 4, red 2, blue 4, green 3
MOVE: 1 2 1 1 None None
You plays green 4 and fails. Board was green 2, yellow 0, white 0, blue 0, red 1
You now has white 4, red 2, blue 4, green 3, yellow 1
MOVE: 0 1 None 1 None 3
outer hints You about all their 3 hints remaining: 2
You has white 4, red 2, blue 4, green 3, yellow 1
MOVE: 1 2 3 1 None None
You plays green 3 successfully! Board is now green 3, yellow 0, white 0, blue 0, red 1
You now has white 4, red 2, blue 4, yellow 1, white 1
MOVE: 0 1 None 1 None 2
outer hints You about all their 2 hints remaining: 1
You has white 4, red 2, blue 4, yellow 1, white 1
MOVE: 1 2 1 1 None None
You plays red 2 successfully! Board is now green 3, yellow 0, white 0, blue 0, red 2
You now has white 4, blue 4, yellow 1, white 1, yellow 3
MOVE: 0 1 None 1 None 1
outer hints You about all their 1 hints remaining: 0
You has white 4, blue 4, yellow 1, white 1, yellow 3
MOVE: 1 2 3 1 None None
You plays white 1 successfully! Board is now green 3, yellow 0, white 1, blue 0, red 2
You now has white 4, blue 4, yellow 1, yellow 3, yellow 2
MOVE: 0 3 4 None None None
outer discards green 4
trash is now red 1, green 4, green 4
outer now has green 1, blue 3, blue 1, white 3, yellow 1
MOVE: 1 2 2 1 None None
You plays yellow 1 successfully! Board is now green 3, yellow 1, white 1, blue 0, red 2
You now has white 4, blue 4, yellow 3, yellow 2, yellow 4
MOVE: 0 1 None 1 None 2
outer hints You about all their 2 hints remaining: 0
You has white 4, blue 4, yellow 3, yellow 2, yellow 4
MOVE: 1 2 3 1 None None
You plays yellow 2 successfully! Board is now green 3, yellow 2, white 1, blue 0, red 2
You now has white 4, blue 4, yellow 3, yellow 4, red 3
MOVE: 0 3 1 None None None
outer discards blue 3
trash is now red 1, green 4, green 4, blue 3
outer now has green 1, blue 1, white 3, yellow 1, blue 5
MOVE: 1 2 3 1 None None
You plays yellow 4 and fails. Board was green 3, yellow 2, white 1, blue 0, red 2
You now has white 4, blue 4, yellow 3, red 3, yellow 4
Score 8
