Old GID: 34a204340c7b8311
Treatment: ('intentional', 5531)
[(4, 4), (3, 2), (3, 1), (0, 2), (4, 4), (0, 3), (1, 1), (4, 3), (4, 5), (3, 4), (2, 2), (2, 1), (3, 1), (0, 3), (3, 3), (4, 2), (4, 1), (2, 2), (4, 1), (4, 3), (1, 5), (1, 3), (4, 2), (0, 1), (3, 3), (1, 4), (1, 2), (2, 3), (1, 1), (4, 1), (2, 1), (0, 1), (2, 1), (0, 1), (2, 4), (1, 2), (1, 1), (3, 4), (3, 2), (2, 3)]
MOVE: 0 3 0 None None None
intentional discards blue 1
trash is now blue 1
intentional now has yellow 4, green 4, green 5, blue 5, red 4
MOVE: 1 2 4 1 None None
You plays white 4 and fails. Board was green 0, yellow 0, white 0, blue 0, red 0
You now has yellow 3, green 4, green 2, white 5, blue 2
MOVE: 0 3 0 None None None
intentional discards yellow 4
trash is now blue 1, white 4, yellow 4
intentional now has green 4, green 5, blue 5, red 4, blue 1
MOVE: 1 2 4 1 None None
You plays blue 2 and fails. Board was green 0, yellow 0, white 0, blue 0, red 0
You now has yellow 3, green 4, green 2, white 5, green 2
MOVE: 0 3 0 None None None
intentional discards green 4
trash is now blue 1, white 4, yellow 4, blue 2, green 4
intentional now has green 5, blue 5, red 4, blue 1, red 4
MOVE: 1 2 4 1 None None
You plays green 2 and fails. Board was green 0, yellow 0, white 0, blue 0, red 0
You now has yellow 3, green 4, green 2, white 5, green 3
Score 0
