Old GID: 8957be9657eceb0a
Treatment: ('outer', 2243)
[(3, 5), (2, 4), (3, 3), (1, 4), (3, 3), (1, 1), (0, 5), (2, 3), (0, 4), (3, 1), (3, 4), (0, 3), (1, 2), (1, 3), (4, 1), (0, 1), (0, 1), (4, 1), (1, 1), (2, 3), (2, 1), (0, 2), (0, 2), (2, 2), (4, 3), (3, 1), (4, 4), (4, 3), (2, 5), (3, 1), (0, 4), (1, 1), (0, 3), (1, 2), (3, 4), (4, 5), (2, 1), (4, 4), (1, 5), (2, 1)]
MOVE: 0 1 None 1 None 1
outer hints You about all their 1 hints remaining: 7
You has red 1, yellow 3, red 2, white 4, blue 2
MOVE: 1 2 0 1 None None
You plays red 1 successfully! Board is now green 0, yellow 0, white 0, blue 0, red 1
You now has yellow 3, red 2, white 4, blue 2, blue 5
MOVE: 0 1 None 1 None 2
outer hints You about all their 2 hints remaining: 6
You has yellow 3, red 2, white 4, blue 2, blue 5
MOVE: 1 1 None 0 None 1
You hints outer about all their 1 hints remaining: 5
outer has blue 2, white 2, red 2, green 1, yellow 4
MOVE: 0 0 None 1 4 None
outer hints You about all their red cards hints remaining: 4
You has yellow 3, red 2, white 4, blue 2, blue 5
MOVE: 1 0 None 0 0 None
You hints outer about all their green cards hints remaining: 3
outer has blue 2, white 2, red 2, green 1, yellow 4
MOVE: 0 2 3 None None None
outer plays green 1 successfully! Board is now green 1, yellow 0, white 0, blue 0, red 1
outer now has blue 2, white 2, red 2, yellow 4, white 4
MOVE: 1 0 None 0 4 None
You hints outer about all their red cards hints remaining: 2
outer has blue 2, white 2, red 2, yellow 4, white 4
MOVE: 0 0 None 1 2 None
outer hints You about all their white cards hints remaining: 1
You has yellow 3, red 2, white 4, blue 2, blue 5
MOVE: 1 2 2 1 None None
You plays white 4 and fails. Board was green 1, yellow 0, white 0, blue 0, red 1
You now has yellow 3, red 2, blue 2, blue 5, blue 3
MOVE: 0 1 None 1 None 3
outer hints You about all their 3 hints remaining: 0
You has yellow 3, red 2, blue 2, blue 5, blue 3
MOVE: 1 2 1 1 None None
You plays red 2 successfully! Board is now green 1, yellow 0, white 0, blue 0, red 2
You now has yellow 3, blue 2, blue 5, blue 3, yellow 4
MOVE: 0 3 2 None None None
outer discards red 2
trash is now white 4, red 2
outer now has blue 2, white 2, yellow 4, white 4, blue 3
MOVE: 1 2 1 1 None None
You plays blue 2 and fails. Board was green 1, yellow 0, white 0, blue 0, red 2
You now has yellow 3, blue 5, blue 3, yellow 4, yellow 1
MOVE: 0 0 None 1 1 None
outer hints You about all their yellow cards hints remaining: 0
You has yellow 3, blue 5, blue 3, yellow 4, yellow 1
MOVE: 1 3 1 1 None None
You discards blue 5
trash is now white 4, red 2, blue 2, blue 5
You now has yellow 3, blue 3, yellow 4, yellow 1, green 5
MOVE: 0 1 None 1 None 1
outer hints You about all their 1 hints remaining: 0
You has yellow 3, blue 3, yellow 4, yellow 1, green 5
MOVE: 1 2 3 1 None None
You plays yellow 1 successfully! Board is now green 1, yellow 1, white 0, blue 0, red 2
You now has yellow 3, blue 3, yellow 4, green 5, white 3
MOVE: 0 3 1 None None None
outer discards white 2
trash is now white 4, red 2, blue 2, blue 5, white 2
outer now has blue 2, yellow 4, white 4, blue 3, green 4
MOVE: 1 3 3 1 None None
You discards green 5
trash is now white 4, red 2, blue 2, blue 5, white 2, green 5
You now has yellow 3, blue 3, yellow 4, white 3, blue 1
MOVE: 0 1 None 1 None 1
outer hints You about all their 1 hints remaining: 1
You has yellow 3, blue 3, yellow 4, white 3, blue 1
MOVE: 1 2 4 1 None None
You plays blue 1 successfully! Board is now green 1, yellow 1, white 0, blue 1, red 2
You now has yellow 3, blue 3, yellow 4, white 3, blue 4
MOVE: 0 1 None 1 None 3
outer hints You about all their 3 hints remaining: 0
You has yellow 3, blue 3, yellow 4, white 3, blue 4
MOVE: 1 2 2 1 None None
You plays yellow 4 and fails. Board was green 1, yellow 1, white 0, blue 1, red 2
You now has yellow 3, blue 3, white 3, blue 4, green 3
Score 5
