Old GID: b355943c5fb8b40a
Treatment: ('outer', 7514)
[(3, 4), (4, 2), (3, 1), (3, 4), (2, 3), (0, 2), (3, 3), (3, 1), (1, 4), (4, 3), (3, 2), (4, 2), (2, 2), (1, 1), (1, 3), (2, 2), (4, 1), (2, 4), (0, 4), (4, 4), (2, 1), (1, 2), (1, 1), (2, 4), (2, 1), (4, 4), (0, 4), (1, 2), (1, 1), (0, 3), (2, 3), (4, 5), (0, 2), (3, 1), (0, 5), (4, 1), (1, 4), (0, 1), (0, 3), (0, 1)]
MOVE: 0 1 None 1 None 1
outer hints You about all their 1 hints remaining: 7
You has white 5, red 3, blue 2, blue 5, white 1
MOVE: 1 1 None 0 None 1
You hints outer about all their 1 hints remaining: 6
outer has blue 3, red 1, yellow 3, yellow 5, green 1
MOVE: 0 2 1 None None None
outer plays red 1 successfully! Board is now green 0, yellow 0, white 0, blue 0, red 1
outer now has blue 3, yellow 3, yellow 5, green 1, blue 4
MOVE: 1 2 4 1 None None
You plays white 1 successfully! Board is now green 0, yellow 0, white 1, blue 0, red 1
You now has white 5, red 3, blue 2, blue 5, red 2
MOVE: 0 1 None 1 None 2
outer hints You about all their 2 hints remaining: 5
You has white 5, red 3, blue 2, blue 5, red 2
MOVE: 1 2 4 1 None None
You plays red 2 successfully! Board is now green 0, yellow 0, white 1, blue 0, red 2
You now has white 5, red 3, blue 2, blue 5, blue 1
MOVE: 0 0 None 1 4 None
outer hints You about all their red cards hints remaining: 4
You has white 5, red 3, blue 2, blue 5, blue 1
MOVE: 1 2 2 1 None None
You plays blue 2 and fails. Board was green 0, yellow 0, white 1, blue 0, red 2
You now has white 5, red 3, blue 5, blue 1, blue 4
MOVE: 0 1 None 1 None 3
outer hints You about all their 3 hints remaining: 3
You has white 5, red 3, blue 5, blue 1, blue 4
MOVE: 1 2 1 1 None None
You plays red 3 successfully! Board is now green 0, yellow 0, white 1, blue 0, red 3
You now has white 5, blue 5, blue 1, blue 4, white 3
MOVE: 0 0 None 1 3 None
outer hints You about all their blue cards hints remaining: 2
You has white 5, blue 5, blue 1, blue 4, white 3
MOVE: 1 2 3 1 None None
You plays blue 4 and fails. Board was green 0, yellow 0, white 1, blue 0, red 3
You now has white 5, blue 5, blue 1, white 3, green 2
MOVE: 0 1 None 1 None 1
outer hints You about all their 1 hints remaining: 1
You has white 5, blue 5, blue 1, white 3, green 2
MOVE: 1 2 2 1 None None
You plays blue 1 successfully! Board is now green 0, yellow 0, white 1, blue 1, red 3
You now has white 5, blue 5, white 3, green 2, blue 3
MOVE: 0 0 None 1 3 None
outer hints You about all their blue cards hints remaining: 0
You has white 5, blue 5, white 3, green 2, blue 3
MOVE: 1 2 4 1 None None
You plays blue 3 and fails. Board was green 0, yellow 0, white 1, blue 1, red 3
You now has white 5, blue 5, white 3, green 2, blue 1
Score 5
