Old GID: 96654947651596e1
Treatment: ('outer', 3463)
[(0, 1), (1, 3), (4, 4), (4, 2), (2, 4), (2, 1), (3, 3), (0, 2), (4, 4), (1, 3), (1, 2), (3, 2), (3, 5), (1, 1), (4, 5), (2, 4), (2, 1), (0, 4), (1, 1), (1, 4), (4, 3), (4, 1), (2, 3), (2, 2), (0, 1), (3, 4), (0, 1), (4, 1), (4, 3), (1, 4), (3, 1), (0, 5), (3, 1), (3, 1), (2, 3), (3, 4), (3, 3), (2, 1), (1, 2), (1, 1)]
MOVE: 0 0 None 1 0 None
outer hints You about all their green cards hints remaining: 7
You has green 3, green 2, red 2, green 4, green 3
MOVE: 1 0 None 0 4 None
You hints outer about all their red cards hints remaining: 6
outer has yellow 5, blue 2, white 5, red 1, white 2
MOVE: 0 0 None 1 0 None
outer hints You about all their green cards hints remaining: 5
You has green 3, green 2, red 2, green 4, green 3
MOVE: 1 1 None 0 None 1
You hints outer about all their 1 hints remaining: 4
outer has yellow 5, blue 2, white 5, red 1, white 2
MOVE: 0 2 3 None None None
outer plays red 1 successfully! Board is now green 0, yellow 0, white 0, blue 0, red 1
outer now has yellow 5, blue 2, white 5, white 2, green 1
MOVE: 1 2 4 1 None None
You plays green 3 and fails. Board was green 0, yellow 0, white 0, blue 0, red 1
You now has green 3, green 2, red 2, green 4, yellow 3
MOVE: 0 1 None 1 None 2
outer hints You about all their 2 hints remaining: 3
You has green 3, green 2, red 2, green 4, yellow 3
MOVE: 1 2 4 1 None None
You plays yellow 3 and fails. Board was green 0, yellow 0, white 0, blue 0, red 1
You now has green 3, green 2, red 2, green 4, red 4
MOVE: 0 0 None 1 4 None
outer hints You about all their red cards hints remaining: 2
You has green 3, green 2, red 2, green 4, red 4
MOVE: 1 2 4 1 None None
You plays red 4 and fails. Board was green 0, yellow 0, white 0, blue 0, red 1
You now has green 3, green 2, red 2, green 4, red 2
Score 1
