Old GID: 30519281628d12c5
Treatment: ('intentional', 862)
[(2, 2), (4, 4), (0, 1), (4, 1), (2, 3), (3, 4), (0, 3), (1, 4), (2, 3), (1, 1), (2, 1), (4, 5), (4, 3), (0, 2), (3, 1), (0, 2), (3, 1), (4, 1), (4, 2), (0, 4), (0, 4), (3, 1), (4, 2), (3, 5), (1, 5), (4, 3), (1, 2), (4, 4), (3, 4), (1, 1), (1, 2), (0, 5), (3, 3), (2, 4), (2, 1), (0, 3), (4, 1), (2, 2), (1, 1), (2, 4)]
MOVE: 0 0 None 1 0 None
intentional hints You about all their green cards hints remaining: 7
You has yellow 3, green 1, blue 2, blue 3, blue 2
MOVE: 1 2 1 1 None None
You plays green 1 successfully! Board is now green 1, yellow 0, white 0, blue 0, red 0
You now has yellow 3, blue 2, blue 3, blue 2, white 2
MOVE: 0 3 0 None None None
intentional discards white 1
trash is now white 1
intentional now has white 5, green 1, yellow 3, yellow 4, red 4
MOVE: 1 1 None 0 None 5
You hints intentional about all their 5 hints remaining: 7
intentional has white 5, green 1, yellow 3, yellow 4, red 4
MOVE: 0 3 1 None None None
intentional discards green 1
trash is now white 1, green 1
intentional now has white 5, yellow 3, yellow 4, red 4, green 1
MOVE: 1 3 0 1 None None
You discards yellow 3
trash is now white 1, green 1, yellow 3
You now has blue 2, blue 3, blue 2, white 2, red 1
MOVE: 0 0 None 1 4 None
intentional hints You about all their red cards hints remaining: 7
You has blue 2, blue 3, blue 2, white 2, red 1
MOVE: 1 2 4 1 None None
You plays red 1 successfully! Board is now green 1, yellow 0, white 0, blue 0, red 1
You now has blue 2, blue 3, blue 2, white 2, white 3
MOVE: 0 3 1 None None None
intentional discards yellow 3
trash is now white 1, green 1, yellow 3, yellow 3
intentional now has white 5, yellow 4, red 4, green 1, blue 4
MOVE: 1 3 0 1 None None
You discards blue 2
trash is now white 1, green 1, yellow 3, yellow 3, blue 2
You now has blue 3, blue 2, white 2, white 3, green 3
MOVE: 0 3 1 None None None
intentional discards yellow 4
trash is now white 1, green 1, yellow 3, yellow 3, blue 2, yellow 4
intentional now has white 5, red 4, green 1, blue 4, yellow 4
MOVE: 1 3 0 1 None None
You discards blue 3
trash is now white 1, green 1, yellow 3, yellow 3, blue 2, yellow 4, blue 3
You now has blue 2, white 2, white 3, green 3, white 3
MOVE: 0 3 1 None None None
intentional discards red 4
trash is now white 1, green 1, yellow 3, yellow 3, blue 2, yellow 4, blue 3, red 4
intentional now has white 5, green 1, blue 4, yellow 4, yellow 1
MOVE: 1 2 4 1 None None
You plays white 3 and fails. Board was green 1, yellow 0, white 0, blue 0, red 1
You now has blue 2, white 2, white 3, green 3, white 1
MOVE: 0 1 None 1 None 1
intentional hints You about all their 1 hints remaining: 7
You has blue 2, white 2, white 3, green 3, white 1
MOVE: 1 2 4 1 None None
You plays white 1 successfully! Board is now green 1, yellow 0, white 1, blue 0, red 1
You now has blue 2, white 2, white 3, green 3, red 5
MOVE: 0 3 1 None None None
intentional discards green 1
trash is now white 1, green 1, yellow 3, yellow 3, blue 2, yellow 4, blue 3, red 4, white 3, green 1
intentional now has white 5, blue 4, yellow 4, yellow 1, red 3
MOVE: 1 2 4 1 None None
You plays red 5 and fails. Board was green 1, yellow 0, white 1, blue 0, red 1
You now has blue 2, white 2, white 3, green 3, green 2
MOVE: 0 3 1 None None None
intentional discards blue 4
trash is now white 1, green 1, yellow 3, yellow 3, blue 2, yellow 4, blue 3, red 4, white 3, green 1, red 5, blue 4
intentional now has white 5, yellow 4, yellow 1, red 3, blue 1
MOVE: 1 2 4 1 None None
You plays green 2 successfully! Board is now green 2, yellow 0, white 1, blue 0, red 1
You now has blue 2, white 2, white 3, green 3, green 2
MOVE: 0 3 1 None None None
intentional discards yellow 4
trash is now white 1, green 1, yellow 3, yellow 3, blue 2, yellow 4, blue 3, red 4, white 3, green 1, red 5, blue 4, yellow 4
intentional now has white 5, yellow 1, red 3, blue 1, blue 1
MOVE: 1 2 4 1 None None
You plays green 2 and fails. Board was green 2, yellow 0, white 1, blue 0, red 1
You now has blue 2, white 2, white 3, green 3, red 1
Score 4
