Old GID: 5985ab8d51682b12
Treatment: ('full', 9202)
[(2, 1), (0, 2), (4, 4), (2, 2), (2, 5), (3, 1), (1, 5), (1, 1), (2, 2), (1, 3), (4, 1), (0, 1), (1, 1), (0, 3), (1, 3), (4, 1), (3, 2), (3, 1), (0, 4), (0, 1), (4, 2), (1, 2), (0, 3), (3, 3), (4, 4), (3, 1), (4, 2), (1, 1), (4, 1), (1, 2), (4, 5), (0, 1), (0, 4), (3, 4), (4, 3), (3, 5), (2, 4), (3, 4), (4, 3), (0, 5)]
MOVE: 0 1 None 1 None 1
full hints You about all their 1 hints remaining: 7
You has yellow 4, blue 3, white 4, white 1, blue 2
MOVE: 1 2 3 1 None None
You plays white 1 successfully! Board is now green 0, yellow 0, white 1, blue 0, red 0
You now has yellow 4, blue 3, white 4, blue 2, white 1
MOVE: 0 3 0 None None None
full discards white 1
trash is now white 1
full now has white 3, green 2, yellow 4, white 3, green 2
MOVE: 1 3 0 1 None None
You discards yellow 4
trash is now white 1, yellow 4
You now has blue 3, white 4, blue 2, white 1, red 4
MOVE: 0 3 0 None None None
full discards white 3
trash is now white 1, yellow 4, white 3
full now has green 2, yellow 4, white 3, green 2, white 2
MOVE: 1 1 None 0 None 2
You hints full about all their 2 hints remaining: 7
full has green 2, yellow 4, white 3, green 2, white 2
MOVE: 0 2 0 None None None
full plays green 2 and fails. Board was green 0, yellow 0, white 1, blue 0, red 0
full now has yellow 4, white 3, green 2, white 2, white 5
MOVE: 1 0 None 0 2 None
You hints full about all their white cards hints remaining: 6
full has yellow 4, white 3, green 2, white 2, white 5
MOVE: 0 2 3 None None None
full plays white 2 successfully! Board is now green 0, yellow 0, white 2, blue 0, red 0
full now has yellow 4, white 3, green 2, white 5, blue 1
MOVE: 1 1 None 0 None 3
You hints full about all their 3 hints remaining: 5
full has yellow 4, white 3, green 2, white 5, blue 1
MOVE: 0 2 1 None None None
full plays white 3 successfully! Board is now green 0, yellow 0, white 3, blue 0, red 0
full now has yellow 4, green 2, white 5, blue 1, yellow 5
MOVE: 1 1 None 0 None 1
You hints full about all their 1 hints remaining: 4
full has yellow 4, green 2, white 5, blue 1, yellow 5
MOVE: 0 2 3 None None None
full plays blue 1 successfully! Board is now green 0, yellow 0, white 3, blue 1, red 0
full now has yellow 4, green 2, white 5, yellow 5, yellow 1
MOVE: 1 1 None 0 None 1
You hints full about all their 1 hints remaining: 3
full has yellow 4, green 2, white 5, yellow 5, yellow 1
MOVE: 0 2 4 None None None
full plays yellow 1 successfully! Board is now green 0, yellow 1, white 3, blue 1, red 0
full now has yellow 4, green 2, white 5, yellow 5, white 2
MOVE: 1 3 0 1 None None
You discards blue 3
trash is now white 1, yellow 4, white 3, green 2, blue 3
You now has white 4, blue 2, white 1, red 4, yellow 3
MOVE: 0 0 None 1 3 None
full hints You about all their blue cards hints remaining: 3
You has white 4, blue 2, white 1, red 4, yellow 3
MOVE: 1 2 1 1 None None
You plays blue 2 successfully! Board is now green 0, yellow 1, white 3, blue 2, red 0
You now has white 4, white 1, red 4, yellow 3, red 1
MOVE: 0 1 None 1 None 3
full hints You about all their 3 hints remaining: 2
You has white 4, white 1, red 4, yellow 3, red 1
MOVE: 1 2 3 1 None None
You plays yellow 3 and fails. Board was green 0, yellow 1, white 3, blue 2, red 0
You now has white 4, white 1, red 4, red 1, green 1
MOVE: 0 0 None 1 0 None
full hints You about all their green cards hints remaining: 1
You has white 4, white 1, red 4, red 1, green 1
MOVE: 1 2 4 1 None None
You plays green 1 successfully! Board is now green 1, yellow 1, white 3, blue 2, red 0
You now has white 4, white 1, red 4, red 1, yellow 1
MOVE: 0 3 4 None None None
full discards white 2
trash is now white 1, yellow 4, white 3, green 2, blue 3, yellow 3, white 2
full now has yellow 4, green 2, white 5, yellow 5, green 3
MOVE: 1 2 4 1 None None
You plays yellow 1 and fails. Board was green 1, yellow 1, white 3, blue 2, red 0
You now has white 4, white 1, red 4, red 1, yellow 3
Score 7
