Old GID: 8bb16d3fd8a3df8d
Treatment: ('outer', 7370)
[(2, 1), (2, 3), (4, 1), (2, 4), (1, 2), (4, 3), (1, 1), (0, 1), (4, 1), (0, 5), (4, 2), (3, 2), (2, 1), (2, 3), (0, 3), (1, 1), (2, 2), (0, 2), (4, 2), (0, 3), (1, 5), (3, 1), (1, 3), (2, 5), (4, 1), (3, 2), (3, 5), (3, 3), (1, 3), (2, 4), (0, 4), (3, 4), (0, 1), (4, 3), (4, 5), (3, 1), (3, 1), (1, 2), (2, 2), (3, 4)]
MOVE: 0 1 None 1 None 1
outer hints You about all their 1 hints remaining: 7
You has white 1, yellow 4, yellow 1, red 4, green 1
MOVE: 1 2 0 1 None None
You plays white 1 successfully! Board is now green 0, yellow 0, white 1, blue 0, red 0
You now has yellow 4, yellow 1, red 4, green 1, white 1
MOVE: 0 0 None 1 1 None
outer hints You about all their yellow cards hints remaining: 6
You has yellow 4, yellow 1, red 4, green 1, white 1
MOVE: 1 2 1 1 None None
You plays yellow 1 successfully! Board is now green 0, yellow 1, white 1, blue 0, red 0
You now has yellow 4, red 4, green 1, white 1, white 3
MOVE: 0 1 None 1 None 1
outer hints You about all their 1 hints remaining: 5
You has yellow 4, red 4, green 1, white 1, white 3
MOVE: 1 2 3 1 None None
You plays white 1 and fails. Board was green 0, yellow 1, white 1, blue 0, red 0
You now has yellow 4, red 4, green 1, white 3, red 1
MOVE: 0 0 None 1 0 None
outer hints You about all their green cards hints remaining: 4
You has yellow 4, red 4, green 1, white 3, red 1
MOVE: 1 2 2 1 None None
You plays green 1 successfully! Board is now green 1, yellow 1, white 1, blue 0, red 0
You now has yellow 4, red 4, white 3, red 1, white 4
MOVE: 0 0 None 1 4 None
outer hints You about all their red cards hints remaining: 3
You has yellow 4, red 4, white 3, red 1, white 4
MOVE: 1 2 3 1 None None
You plays red 1 successfully! Board is now green 1, yellow 1, white 1, blue 0, red 1
You now has yellow 4, red 4, white 3, white 4, yellow 2
MOVE: 0 1 None 1 None 2
outer hints You about all their 2 hints remaining: 2
You has yellow 4, red 4, white 3, white 4, yellow 2
MOVE: 1 2 4 1 None None
You plays yellow 2 successfully! Board is now green 1, yellow 2, white 1, blue 0, red 1
You now has yellow 4, red 4, white 3, white 4, red 3
MOVE: 0 1 None 1 None 4
outer hints You about all their 4 hints remaining: 1
You has yellow 4, red 4, white 3, white 4, red 3
MOVE: 1 1 None 0 None 2
You hints outer about all their 2 hints remaining: 0
outer has blue 3, green 4, green 2, red 4, yellow 4
MOVE: 0 3 2 None None None
outer discards green 2
trash is now white 1, green 2
outer now has blue 3, green 4, red 4, yellow 4, yellow 1
MOVE: 1 3 2 1 None None
You discards white 3
trash is now white 1, green 2, white 3
You now has yellow 4, red 4, white 4, red 3, green 1
MOVE: 0 1 None 1 None 4
outer hints You about all their 4 hints remaining: 1
You has yellow 4, red 4, white 4, red 3, green 1
MOVE: 1 3 3 1 None None
You discards red 3
trash is now white 1, green 2, white 3, red 3
You now has yellow 4, red 4, white 4, green 1, red 1
MOVE: 0 0 None 1 4 None
outer hints You about all their red cards hints remaining: 1
You has yellow 4, red 4, white 4, green 1, red 1
MOVE: 1 2 4 1 None None
You plays red 1 and fails. Board was green 1, yellow 2, white 1, blue 0, red 1
You now has yellow 4, red 4, white 4, green 1, green 5
MOVE: 0 1 None 1 None 4
outer hints You about all their 4 hints remaining: 0
You has yellow 4, red 4, white 4, green 1, green 5
MOVE: 1 3 3 1 None None
You discards green 1
trash is now white 1, green 2, white 3, red 3, red 1, green 1
You now has yellow 4, red 4, white 4, green 5, red 2
MOVE: 0 1 None 1 None 2
outer hints You about all their 2 hints remaining: 0
You has yellow 4, red 4, white 4, green 5, red 2
MOVE: 1 2 4 1 None None
You plays red 2 successfully! Board is now green 1, yellow 2, white 1, blue 0, red 2
You now has yellow 4, red 4, white 4, green 5, blue 2
MOVE: 0 3 2 None None None
outer discards red 4
trash is now white 1, green 2, white 3, red 3, red 1, green 1, red 4
outer now has blue 3, green 4, yellow 4, yellow 1, white 1
MOVE: 1 3 3 1 None None
You discards green 5
trash is now white 1, green 2, white 3, red 3, red 1, green 1, red 4, green 5
You now has yellow 4, red 4, white 4, blue 2, white 3
MOVE: 0 0 None 1 3 None
outer hints You about all their blue cards hints remaining: 1
You has yellow 4, red 4, white 4, blue 2, white 3
MOVE: 1 2 3 1 None None
You plays blue 2 and fails. Board was green 1, yellow 2, white 1, blue 0, red 2
You now has yellow 4, red 4, white 4, white 3, green 3
Score 6
