Old GID: a81a79f1096230ee
Treatment: ('outer', 8101)
[(0, 4), (4, 1), (0, 1), (0, 3), (3, 2), (4, 5), (0, 4), (4, 3), (1, 1), (3, 3), (1, 3), (1, 4), (1, 2), (4, 2), (2, 1), (0, 1), (2, 3), (1, 3), (3, 5), (3, 1), (3, 1), (1, 1), (1, 2), (0, 2), (2, 4), (1, 4), (3, 1), (2, 5), (2, 2), (2, 1), (2, 2), (3, 2), (0, 5), (4, 3), (0, 1), (2, 1), (0, 3), (4, 2), (4, 1), (3, 4)]
MOVE: 0 1 None 1 None 1
outer hints You about all their 1 hints remaining: 7
You has green 2, red 1, red 4, yellow 1, white 4
MOVE: 1 2 3 1 None None
You plays yellow 1 successfully! Board is now green 0, yellow 1, white 0, blue 0, red 0
You now has green 2, red 1, red 4, white 4, green 4
MOVE: 0 0 None 1 4 None
outer hints You about all their red cards hints remaining: 6
You has green 2, red 1, red 4, white 4, green 4
MOVE: 1 2 1 1 None None
You plays red 1 successfully! Board is now green 0, yellow 1, white 0, blue 0, red 1
You now has green 2, red 4, white 4, green 4, red 1
MOVE: 0 1 None 1 None 4
outer hints You about all their 4 hints remaining: 5
You has green 2, red 4, white 4, green 4, red 1
MOVE: 1 3 3 1 None None
You discards green 4
trash is now green 4
You now has green 2, red 4, white 4, red 1, green 1
MOVE: 0 1 None 1 None 1
outer hints You about all their 1 hints remaining: 5
You has green 2, red 4, white 4, red 1, green 1
MOVE: 1 2 3 1 None None
You plays red 1 and fails. Board was green 0, yellow 1, white 0, blue 0, red 1
You now has green 2, red 4, white 4, green 1, green 3
MOVE: 0 0 None 1 0 None
outer hints You about all their green cards hints remaining: 4
You has green 2, red 4, white 4, green 1, green 3
MOVE: 1 2 3 1 None None
You plays green 1 successfully! Board is now green 1, yellow 1, white 0, blue 0, red 1
You now has green 2, red 4, white 4, green 3, blue 2
MOVE: 0 1 None 1 None 2
outer hints You about all their 2 hints remaining: 3
You has green 2, red 4, white 4, green 3, blue 2
MOVE: 1 2 4 1 None None
You plays blue 2 and fails. Board was green 1, yellow 1, white 0, blue 0, red 1
You now has green 2, red 4, white 4, green 3, red 5
MOVE: 0 0 None 1 0 None
outer hints You about all their green cards hints remaining: 2
You has green 2, red 4, white 4, green 3, red 5
MOVE: 1 2 3 1 None None
You plays green 3 and fails. Board was green 1, yellow 1, white 0, blue 0, red 1
You now has green 2, red 4, white 4, red 5, green 4
Score 3
