Old GID: aff9218e2055cd54
Treatment: ('outer', 100)
[(2, 5), (2, 4), (1, 3), (2, 1), (3, 4), (2, 2), (0, 5), (1, 2), (4, 5), (0, 1), (0, 1), (3, 2), (4, 1), (4, 2), (4, 1), (1, 2), (2, 3), (3, 1), (2, 4), (4, 1), (1, 1), (4, 3), (0, 3), (0, 3), (2, 3), (1, 1), (1, 1), (4, 2), (4, 4), (0, 1), (1, 4), (0, 2), (4, 4), (3, 3), (1, 5), (4, 3), (3, 2), (3, 3), (2, 1), (0, 4)]
MOVE: 0 0 None 1 3 None
outer hints You about all their blue cards hints remaining: 7
You has yellow 4, blue 1, green 2, blue 5, yellow 3
MOVE: 1 1 None 0 None 1
You hints outer about all their 1 hints remaining: 6
outer has white 1, white 2, green 4, blue 1, blue 4
MOVE: 0 2 0 None None None
outer plays white 1 successfully! Board is now green 0, yellow 0, white 1, blue 0, red 0
outer now has white 2, green 4, blue 1, blue 4, white 5
MOVE: 1 0 None 0 2 None
You hints outer about all their white cards hints remaining: 5
outer has white 2, green 4, blue 1, blue 4, white 5
MOVE: 0 2 2 None None None
outer plays blue 1 successfully! Board is now green 0, yellow 0, white 1, blue 1, red 0
outer now has white 2, green 4, blue 4, white 5, white 4
MOVE: 1 1 None 0 None 2
You hints outer about all their 2 hints remaining: 4
outer has white 2, green 4, blue 4, white 5, white 4
MOVE: 0 2 0 None None None
outer plays white 2 successfully! Board is now green 0, yellow 0, white 2, blue 1, red 0
outer now has green 4, blue 4, white 5, white 4, yellow 3
MOVE: 1 1 None 0 None 4
You hints outer about all their 4 hints remaining: 3
outer has green 4, blue 4, white 5, white 4, yellow 3
MOVE: 0 1 None 1 None 3
outer hints You about all their 3 hints remaining: 2
You has yellow 4, blue 1, green 2, blue 5, yellow 3
MOVE: 1 2 4 1 None None
You plays yellow 3 and fails. Board was green 0, yellow 0, white 2, blue 1, red 0
You now has yellow 4, blue 1, green 2, blue 5, white 1
MOVE: 0 0 None 1 1 None
outer hints You about all their yellow cards hints remaining: 1
You has yellow 4, blue 1, green 2, blue 5, white 1
MOVE: 1 2 0 1 None None
You plays yellow 4 and fails. Board was green 0, yellow 0, white 2, blue 1, red 0
You now has blue 1, green 2, blue 5, white 1, blue 4
MOVE: 0 1 None 1 None 1
outer hints You about all their 1 hints remaining: 0
You has blue 1, green 2, blue 5, white 1, blue 4
MOVE: 1 3 0 1 None None
You discards blue 1
trash is now yellow 3, yellow 4, blue 1
You now has green 2, blue 5, white 1, blue 4, white 2
MOVE: 0 0 None 1 3 None
outer hints You about all their blue cards hints remaining: 0
You has green 2, blue 5, white 1, blue 4, white 2
MOVE: 1 2 2 1 None None
You plays white 1 and fails. Board was green 0, yellow 0, white 2, blue 1, red 0
You now has green 2, blue 5, blue 4, white 2, green 5
Score 3
