Old GID: 2aed5658052a9c09
Treatment: ('outer', 6659)
[(2, 3), (2, 3), (4, 1), (4, 5), (3, 1), (4, 4), (1, 2), (0, 3), (0, 1), (0, 4), (2, 4), (2, 1), (1, 2), (2, 2), (2, 1), (3, 4), (4, 1), (0, 2), (1, 1), (1, 5), (2, 5), (3, 3), (1, 3), (1, 1), (3, 2), (4, 2), (1, 3), (3, 1), (1, 4), (2, 2), (3, 2), (0, 1), (0, 2), (0, 4), (4, 3), (2, 4), (4, 1), (4, 4), (3, 4), (0, 5)]
MOVE: 0 1 None 1 None 1
outer hints You about all their 1 hints remaining: 7
You has white 1, green 3, blue 5, yellow 1, red 3
MOVE: 1 1 None 0 None 1
You hints outer about all their 1 hints remaining: 6
outer has green 1, blue 1, red 2, yellow 4, blue 3
MOVE: 0 2 0 None None None
outer plays green 1 successfully! Board is now green 1, yellow 0, white 0, blue 0, red 0
outer now has blue 1, red 2, yellow 4, blue 3, white 3
MOVE: 1 2 0 1 None None
You plays white 1 successfully! Board is now green 1, yellow 0, white 1, blue 0, red 0
You now has green 3, blue 5, yellow 1, red 3, white 3
MOVE: 0 1 None 1 None 1
outer hints You about all their 1 hints remaining: 5
You has green 3, blue 5, yellow 1, red 3, white 3
MOVE: 1 2 2 1 None None
You plays yellow 1 successfully! Board is now green 1, yellow 1, white 1, blue 0, red 0
You now has green 3, blue 5, red 3, white 3, red 1
MOVE: 0 1 None 1 None 1
outer hints You about all their 1 hints remaining: 4
You has green 3, blue 5, red 3, white 3, red 1
MOVE: 1 0 None 0 3 None
You hints outer about all their blue cards hints remaining: 3
outer has blue 1, red 2, yellow 4, blue 3, white 3
MOVE: 0 2 0 None None None
outer plays blue 1 successfully! Board is now green 1, yellow 1, white 1, blue 1, red 0
outer now has red 2, yellow 4, blue 3, white 3, red 5
MOVE: 1 2 4 1 None None
You plays red 1 successfully! Board is now green 1, yellow 1, white 1, blue 1, red 1
You now has green 3, blue 5, red 3, white 3, blue 1
MOVE: 0 1 None 1 None 3
outer hints You about all their 3 hints remaining: 2
You has green 3, blue 5, red 3, white 3, blue 1
MOVE: 1 1 None 0 None 2
You hints outer about all their 2 hints remaining: 1
outer has red 2, yellow 4, blue 3, white 3, red 5
MOVE: 0 2 0 None None None
outer plays red 2 successfully! Board is now green 1, yellow 1, white 1, blue 1, red 2
outer now has yellow 4, blue 3, white 3, red 5, red 4
MOVE: 1 3 0 1 None None
You discards green 3
trash is now green 3
You now has blue 5, red 3, white 3, blue 1, yellow 2
MOVE: 0 1 None 1 None 3
outer hints You about all their 3 hints remaining: 1
You has blue 5, red 3, white 3, blue 1, yellow 2
MOVE: 1 3 1 1 None None
You discards red 3
trash is now green 3, red 3
You now has blue 5, white 3, blue 1, yellow 2, green 3
MOVE: 0 0 None 1 1 None
outer hints You about all their yellow cards hints remaining: 1
You has blue 5, white 3, blue 1, yellow 2, green 3
MOVE: 1 2 3 1 None None
You plays yellow 2 successfully! Board is now green 1, yellow 2, white 1, blue 1, red 2
You now has blue 5, white 3, blue 1, green 3, green 1
MOVE: 0 0 None 1 3 None
outer hints You about all their blue cards hints remaining: 0
You has blue 5, white 3, blue 1, green 3, green 1
MOVE: 1 2 2 1 None None
You plays blue 1 and fails. Board was green 1, yellow 2, white 1, blue 1, red 2
You now has blue 5, white 3, green 3, green 1, green 4
MOVE: 0 3 3 None None None
outer discards red 5
trash is now green 3, red 3, blue 1, red 5
outer now has yellow 4, blue 3, white 3, red 4, white 4
MOVE: 1 2 0 1 None None
You plays blue 5 and fails. Board was green 1, yellow 2, white 1, blue 1, red 2
You now has white 3, green 3, green 1, green 4, white 1
MOVE: 0 1 None 1 None 4
outer hints You about all their 4 hints remaining: 0
You has white 3, green 3, green 1, green 4, white 1
MOVE: 1 2 3 1 None None
You plays green 4 and fails. Board was green 1, yellow 2, white 1, blue 1, red 2
You now has white 3, green 3, green 1, white 1, yellow 2
Score 7
