Old GID: 439d1242f98ef302
Treatment: ('outer', 8021)
[(1, 3), (4, 1), (1, 5), (0, 3), (2, 4), (0, 4), (3, 2), (0, 1), (3, 1), (3, 2), (0, 1), (2, 3), (2, 5), (4, 1), (3, 3), (4, 2), (0, 2), (1, 3), (4, 1), (1, 1), (4, 2), (3, 4), (1, 1), (0, 1), (2, 3), (3, 1), (2, 4), (1, 1), (3, 3), (0, 2), (4, 4), (0, 5), (2, 1), (4, 4), (4, 3), (3, 4), (1, 4), (2, 2), (4, 3), (2, 1)]
MOVE: 0 0 None 1 2 None
outer hints You about all their white cards hints remaining: 7
You has white 1, white 2, blue 5, green 4, yellow 2
MOVE: 1 1 None 0 None 1
You hints outer about all their 1 hints remaining: 6
outer has red 5, yellow 4, yellow 2, blue 1, green 3
MOVE: 0 2 3 None None None
outer plays blue 1 successfully! Board is now green 0, yellow 0, white 0, blue 1, red 0
outer now has red 5, yellow 4, yellow 2, green 3, yellow 3
MOVE: 1 2 0 1 None None
You plays white 1 successfully! Board is now green 0, yellow 0, white 1, blue 1, red 0
You now has white 2, blue 5, green 4, yellow 2, red 1
MOVE: 0 1 None 1 None 2
outer hints You about all their 2 hints remaining: 5
You has white 2, blue 5, green 4, yellow 2, red 1
MOVE: 1 2 0 1 None None
You plays white 2 successfully! Board is now green 0, yellow 0, white 2, blue 1, red 0
You now has blue 5, green 4, yellow 2, red 1, yellow 5
MOVE: 0 0 None 1 4 None
outer hints You about all their red cards hints remaining: 4
You has blue 5, green 4, yellow 2, red 1, yellow 5
MOVE: 1 2 3 1 None None
You plays red 1 successfully! Board is now green 0, yellow 0, white 2, blue 1, red 1
You now has blue 5, green 4, yellow 2, yellow 5, green 3
MOVE: 0 0 None 1 3 None
outer hints You about all their blue cards hints remaining: 3
You has blue 5, green 4, yellow 2, yellow 5, green 3
MOVE: 1 2 0 1 None None
You plays blue 5 and fails. Board was green 0, yellow 0, white 2, blue 1, red 1
You now has green 4, yellow 2, yellow 5, green 3, white 4
MOVE: 0 0 None 1 1 None
outer hints You about all their yellow cards hints remaining: 2
You has green 4, yellow 2, yellow 5, green 3, white 4
MOVE: 1 2 2 1 None None
You plays yellow 5 and fails. Board was green 0, yellow 0, white 2, blue 1, red 1
You now has green 4, yellow 2, green 3, white 4, green 4
MOVE: 0 0 None 1 2 None
outer hints You about all their white cards hints remaining: 1
You has green 4, yellow 2, green 3, white 4, green 4
MOVE: 1 2 3 1 None None
You plays white 4 and fails. Board was green 0, yellow 0, white 2, blue 1, red 1
You now has green 4, yellow 2, green 3, green 4, blue 2
Score 4
