Old GID: 9815dae1c02c4202
Treatment: ('outer', 6985)
[(2, 1), (4, 3), (4, 1), (0, 1), (2, 5), (3, 2), (0, 4), (0, 2), (4, 2), (0, 3), (4, 4), (0, 1), (2, 2), (2, 3), (1, 1), (0, 5), (0, 1), (4, 1), (1, 5), (3, 2), (0, 3), (2, 4), (3, 1), (1, 1), (1, 4), (4, 4), (2, 4), (3, 4), (3, 3), (3, 4), (1, 2), (2, 3), (3, 3), (0, 4), (4, 3), (4, 1), (3, 1), (1, 4), (4, 2), (3, 1)]
MOVE: 0 0 None 1 2 None
outer hints You about all their white cards hints remaining: 7
You has red 5, green 2, white 1, yellow 3, yellow 3
MOVE: 1 1 None 0 None 1
You hints outer about all their 1 hints remaining: 6
outer has blue 5, yellow 1, yellow 2, white 1, white 2
MOVE: 0 2 1 None None None
outer plays yellow 1 successfully! Board is now green 0, yellow 1, white 0, blue 0, red 0
outer now has blue 5, yellow 2, white 1, white 2, white 1
MOVE: 1 0 None 0 2 None
You hints outer about all their white cards hints remaining: 5
outer has blue 5, yellow 2, white 1, white 2, white 1
MOVE: 0 2 2 None None None
outer plays white 1 successfully! Board is now green 0, yellow 1, white 1, blue 0, red 0
outer now has blue 5, yellow 2, white 2, white 1, red 3
MOVE: 1 1 None 0 None 2
You hints outer about all their 2 hints remaining: 4
outer has blue 5, yellow 2, white 2, white 1, red 3
MOVE: 0 2 2 None None None
outer plays white 2 successfully! Board is now green 0, yellow 1, white 2, blue 0, red 0
outer now has blue 5, yellow 2, white 1, red 3, red 1
MOVE: 1 0 None 0 1 None
You hints outer about all their yellow cards hints remaining: 3
outer has blue 5, yellow 2, white 1, red 3, red 1
MOVE: 0 2 1 None None None
outer plays yellow 2 successfully! Board is now green 0, yellow 2, white 2, blue 0, red 0
outer now has blue 5, white 1, red 3, red 1, green 1
MOVE: 1 1 None 0 None 1
You hints outer about all their 1 hints remaining: 2
outer has blue 5, white 1, red 3, red 1, green 1
MOVE: 0 3 1 None None None
outer discards white 1
trash is now white 1
outer now has blue 5, red 3, red 1, green 1, white 5
MOVE: 1 0 None 0 4 None
You hints outer about all their red cards hints remaining: 2
outer has blue 5, red 3, red 1, green 1, white 5
MOVE: 0 2 2 None None None
outer plays red 1 successfully! Board is now green 0, yellow 2, white 2, blue 0, red 1
outer now has blue 5, red 3, green 1, white 5, blue 2
MOVE: 1 0 None 0 0 None
You hints outer about all their green cards hints remaining: 1
outer has blue 5, red 3, green 1, white 5, blue 2
MOVE: 0 2 2 None None None
outer plays green 1 successfully! Board is now green 1, yellow 2, white 2, blue 0, red 1
outer now has blue 5, red 3, white 5, blue 2, green 4
MOVE: 1 1 None 0 None 5
You hints outer about all their 5 hints remaining: 0
outer has blue 5, red 3, white 5, blue 2, green 4
MOVE: 0 3 3 None None None
outer discards blue 2
trash is now white 1, blue 2
outer now has blue 5, red 3, white 5, green 4, green 2
MOVE: 1 0 None 0 0 None
You hints outer about all their green cards hints remaining: 0
outer has blue 5, red 3, white 5, green 4, green 2
MOVE: 0 3 3 None None None
outer discards green 4
trash is now white 1, blue 2, green 4
outer now has blue 5, red 3, white 5, green 2, red 2
MOVE: 1 1 None 0 None 2
You hints outer about all their 2 hints remaining: 0
outer has blue 5, red 3, white 5, green 2, red 2
MOVE: 0 2 3 None None None
outer plays green 2 successfully! Board is now green 2, yellow 2, white 2, blue 0, red 1
outer now has blue 5, red 3, white 5, red 2, green 3
MOVE: 1 2 2 1 None None
You plays white 1 and fails. Board was green 2, yellow 2, white 2, blue 0, red 1
You now has red 5, green 2, yellow 3, yellow 3, red 4
MOVE: 0 3 3 None None None
outer discards red 2
trash is now white 1, blue 2, green 4, white 1, red 2
outer now has blue 5, red 3, white 5, green 3, green 1
MOVE: 1 1 None 0 None 3
You hints outer about all their 3 hints remaining: 0
outer has blue 5, red 3, white 5, green 3, green 1
MOVE: 0 3 2 None None None
outer discards white 5
trash is now white 1, blue 2, green 4, white 1, red 2, white 5
outer now has blue 5, red 3, green 3, green 1, white 2
MOVE: 1 0 None 0 0 None
You hints outer about all their green cards hints remaining: 0
outer has blue 5, red 3, green 3, green 1, white 2
MOVE: 0 2 2 None None None
outer plays green 3 successfully! Board is now green 3, yellow 2, white 2, blue 0, red 1
outer now has blue 5, red 3, green 1, white 2, white 3
MOVE: 1 2 4 1 None None
You plays red 4 and fails. Board was green 3, yellow 2, white 2, blue 0, red 1
You now has red 5, green 2, yellow 3, yellow 3, yellow 1
MOVE: 0 3 4 None None None
outer discards white 3
trash is now white 1, blue 2, green 4, white 1, red 2, white 5, red 4, white 3
outer now has blue 5, red 3, green 1, white 2, green 5
MOVE: 1 2 4 1 None None
You plays yellow 1 and fails. Board was green 3, yellow 2, white 2, blue 0, red 1
You now has red 5, green 2, yellow 3, yellow 3, green 1
Score 8
