Old GID: 093a6d14f13dcc19
Treatment: ('full', 1007)
[(4, 2), (1, 1), (3, 2), (3, 1), (0, 2), (1, 1), (3, 4), (2, 1), (3, 3), (2, 2), (2, 1), (0, 1), (1, 2), (0, 1), (0, 3), (0, 4), (4, 4), (4, 5), (2, 3), (1, 5), (4, 4), (0, 2), (2, 5), (3, 1), (0, 3), (1, 3), (0, 1), (4, 3), (1, 1), (1, 4), (2, 1), (2, 3), (4, 3), (0, 5), (3, 3), (3, 2), (4, 1), (2, 4), (3, 5), (4, 1)]
MOVE: 0 3 0 None None None
full discards white 4
trash is now white 4
full now has red 1, green 4, white 2, blue 1, red 2
MOVE: 1 1 None 0 None 1
You hints full about all their 1 hints remaining: 7
full has red 1, green 4, white 2, blue 1, red 2
MOVE: 0 2 0 None None None
full plays red 1 successfully! Board is now green 0, yellow 0, white 0, blue 0, red 1
full now has green 4, white 2, blue 1, red 2, yellow 1
MOVE: 1 3 0 1 None None
You discards yellow 3
trash is now white 4, yellow 3
You now has yellow 4, yellow 2, blue 4, red 2, blue 2
MOVE: 0 0 None 1 4 None
full hints You about all their red cards hints remaining: 7
You has yellow 4, yellow 2, blue 4, red 2, blue 2
MOVE: 1 1 None 0 None 1
You hints full about all their 1 hints remaining: 6
full has green 4, white 2, blue 1, red 2, yellow 1
MOVE: 0 2 2 None None None
full plays blue 1 successfully! Board is now green 0, yellow 0, white 0, blue 1, red 1
full now has green 4, white 2, red 2, yellow 1, blue 1
MOVE: 1 2 3 1 None None
You plays red 2 successfully! Board is now green 0, yellow 0, white 0, blue 1, red 2
You now has yellow 4, yellow 2, blue 4, blue 2, green 2
MOVE: 0 3 4 None None None
full discards blue 1
trash is now white 4, yellow 3, blue 1
full now has green 4, white 2, red 2, yellow 1, yellow 1
MOVE: 1 0 None 0 1 None
You hints full about all their yellow cards hints remaining: 6
full has green 4, white 2, red 2, yellow 1, yellow 1
MOVE: 0 2 3 None None None
full plays yellow 1 successfully! Board is now green 0, yellow 1, white 0, blue 1, red 2
full now has green 4, white 2, red 2, yellow 1, blue 4
MOVE: 1 3 0 1 None None
You discards yellow 4
trash is now white 4, yellow 3, blue 1, yellow 4
You now has yellow 2, blue 4, blue 2, green 2, white 1
MOVE: 0 0 None 1 1 None
full hints You about all their yellow cards hints remaining: 6
You has yellow 2, blue 4, blue 2, green 2, white 1
MOVE: 1 3 1 1 None None
You discards blue 4
trash is now white 4, yellow 3, blue 1, yellow 4, blue 4
You now has yellow 2, blue 2, green 2, white 1, blue 3
MOVE: 0 0 None 1 2 None
full hints You about all their white cards hints remaining: 6
You has yellow 2, blue 2, green 2, white 1, blue 3
MOVE: 1 2 3 1 None None
You plays white 1 successfully! Board is now green 0, yellow 1, white 1, blue 1, red 2
You now has yellow 2, blue 2, green 2, blue 3, white 2
MOVE: 0 0 None 1 2 None
full hints You about all their white cards hints remaining: 5
You has yellow 2, blue 2, green 2, blue 3, white 2
MOVE: 1 2 4 1 None None
You plays white 2 successfully! Board is now green 0, yellow 1, white 2, blue 1, red 2
You now has yellow 2, blue 2, green 2, blue 3, white 1
MOVE: 0 3 4 None None None
full discards blue 4
trash is now white 4, yellow 3, blue 1, yellow 4, blue 4, blue 4
full now has green 4, white 2, red 2, yellow 1, green 1
MOVE: 1 1 None 0 None 1
You hints full about all their 1 hints remaining: 5
full has green 4, white 2, red 2, yellow 1, green 1
MOVE: 0 2 4 None None None
full plays green 1 successfully! Board is now green 1, yellow 1, white 2, blue 1, red 2
full now has green 4, white 2, red 2, yellow 1, yellow 2
MOVE: 1 3 1 1 None None
You discards blue 2
trash is now white 4, yellow 3, blue 1, yellow 4, blue 4, blue 4, blue 2
You now has yellow 2, green 2, blue 3, white 1, green 1
MOVE: 0 3 3 None None None
full discards yellow 1
trash is now white 4, yellow 3, blue 1, yellow 4, blue 4, blue 4, blue 2, yellow 1
full now has green 4, white 2, red 2, yellow 2, green 3
MOVE: 1 0 None 0 1 None
You hints full about all their yellow cards hints remaining: 6
full has green 4, white 2, red 2, yellow 2, green 3
MOVE: 0 2 3 None None None
full plays yellow 2 successfully! Board is now green 1, yellow 2, white 2, blue 1, red 2
full now has green 4, white 2, red 2, green 3, green 4
MOVE: 1 3 1 1 None None
You discards green 2
trash is now white 4, yellow 3, blue 1, yellow 4, blue 4, blue 4, blue 2, yellow 1, green 2
You now has yellow 2, blue 3, white 1, green 1, red 4
MOVE: 0 1 None 1 None 1
full hints You about all their 1 hints remaining: 6
You has yellow 2, blue 3, white 1, green 1, red 4
MOVE: 1 3 2 1 None None
You discards white 1
trash is now white 4, yellow 3, blue 1, yellow 4, blue 4, blue 4, blue 2, yellow 1, green 2, white 1
You now has yellow 2, blue 3, green 1, red 4, red 5
MOVE: 0 0 None 1 0 None
full hints You about all their green cards hints remaining: 6
You has yellow 2, blue 3, green 1, red 4, red 5
MOVE: 1 3 2 1 None None
You discards green 1
trash is now white 4, yellow 3, blue 1, yellow 4, blue 4, blue 4, blue 2, yellow 1, green 2, white 1, green 1
You now has yellow 2, blue 3, red 4, red 5, white 3
MOVE: 0 0 None 1 2 None
full hints You about all their white cards hints remaining: 6
You has yellow 2, blue 3, red 4, red 5, white 3
MOVE: 1 2 4 1 None None
You plays white 3 successfully! Board is now green 1, yellow 2, white 3, blue 1, red 2
You now has yellow 2, blue 3, red 4, red 5, yellow 5
MOVE: 0 1 None 1 None 2
full hints You about all their 2 hints remaining: 5
You has yellow 2, blue 3, red 4, red 5, yellow 5
MOVE: 1 3 0 1 None None
You discards yellow 2
trash is now white 4, yellow 3, blue 1, yellow 4, blue 4, blue 4, blue 2, yellow 1, green 2, white 1, green 1, yellow 2
You now has blue 3, red 4, red 5, yellow 5, red 4
MOVE: 0 3 3 None None None
full discards green 3
trash is now white 4, yellow 3, blue 1, yellow 4, blue 4, blue 4, blue 2, yellow 1, green 2, white 1, green 1, yellow 2, green 3
full now has green 4, white 2, red 2, green 4, green 2
MOVE: 1 0 None 0 0 None
You hints full about all their green cards hints remaining: 6
full has green 4, white 2, red 2, green 4, green 2
MOVE: 0 2 0 None None None
full plays green 4 and fails. Board was green 1, yellow 2, white 3, blue 1, red 2
full now has white 2, red 2, green 4, green 2, white 5
MOVE: 1 1 None 0 None 2
You hints full about all their 2 hints remaining: 5
full has white 2, red 2, green 4, green 2, white 5
MOVE: 0 2 0 None None None
full plays white 2 and fails. Board was green 1, yellow 2, white 3, blue 1, red 2
full now has red 2, green 4, green 2, white 5, blue 1
MOVE: 1 1 None 0 None 1
You hints full about all their 1 hints remaining: 4
full has red 2, green 4, green 2, white 5, blue 1
MOVE: 0 3 4 None None None
full discards blue 1
trash is now white 4, yellow 3, blue 1, yellow 4, blue 4, blue 4, blue 2, yellow 1, green 2, white 1, green 1, yellow 2, green 3, green 4, white 2, blue 1
full now has red 2, green 4, green 2, white 5, green 3
MOVE: 1 1 None 0 None 3
You hints full about all their 3 hints remaining: 4
full has red 2, green 4, green 2, white 5, green 3
MOVE: 0 2 4 None None None
full plays green 3 and fails. Board was green 1, yellow 2, white 3, blue 1, red 2
full now has red 2, green 4, green 2, white 5, yellow 3
Score 9
