Old GID: a013183f5e851277
Treatment: ('intentional', 6984)
[(0, 2), (4, 1), (0, 1), (4, 4), (1, 4), (3, 3), (4, 3), (3, 1), (0, 4), (3, 4), (1, 1), (3, 4), (1, 3), (4, 1), (3, 1), (0, 3), (2, 3), (0, 1), (1, 5), (4, 5), (3, 2), (0, 1), (1, 2), (0, 5), (2, 1), (3, 2), (0, 4), (1, 4), (2, 3), (4, 3), (1, 2), (1, 1), (1, 1), (2, 2), (4, 4), (0, 2), (4, 2), (2, 4), (4, 2), (2, 1)]
MOVE: 0 1 None 1 None 1
intentional hints You about all their 1 hints remaining: 7
You has red 1, white 4, blue 1, green 3, white 1
MOVE: 1 2 2 1 None None
You plays blue 1 successfully! Board is now green 0, yellow 0, white 0, blue 1, red 0
You now has red 1, white 4, green 3, white 1, green 2
MOVE: 0 0 None 1 2 None
intentional hints You about all their white cards hints remaining: 6
You has red 1, white 4, green 3, white 1, green 2
MOVE: 1 2 0 1 None None
You plays red 1 successfully! Board is now green 0, yellow 0, white 0, blue 1, red 1
You now has white 4, green 3, white 1, green 2, red 1
MOVE: 0 3 0 None None None
intentional discards yellow 3
trash is now yellow 3
intentional now has blue 3, white 5, blue 5, white 2, green 1
MOVE: 1 2 2 1 None None
You plays white 1 successfully! Board is now green 0, yellow 0, white 1, blue 1, red 1
You now has white 4, green 3, green 2, red 1, red 4
MOVE: 0 3 0 None None None
intentional discards blue 3
trash is now yellow 3, blue 3
intentional now has white 5, blue 5, white 2, green 1, yellow 4
MOVE: 1 0 None 0 0 None
You hints intentional about all their green cards hints remaining: 7
intentional has white 5, blue 5, white 2, green 1, yellow 4
MOVE: 0 3 0 None None None
intentional discards white 5
trash is now yellow 3, blue 3, white 5
intentional now has blue 5, white 2, green 1, yellow 4, blue 3
MOVE: 1 1 None 0 None 1
You hints intentional about all their 1 hints remaining: 7
intentional has blue 5, white 2, green 1, yellow 4, blue 3
MOVE: 0 2 2 None None None
intentional plays green 1 successfully! Board is now green 1, yellow 0, white 1, blue 1, red 1
intentional now has blue 5, white 2, yellow 4, blue 3, red 3
MOVE: 1 1 None 0 None 5
You hints intentional about all their 5 hints remaining: 6
intentional has blue 5, white 2, yellow 4, blue 3, red 3
MOVE: 0 1 None 1 None 2
intentional hints You about all their 2 hints remaining: 5
You has white 4, green 3, green 2, red 1, red 4
MOVE: 1 0 None 0 2 None
You hints intentional about all their white cards hints remaining: 4
intentional has blue 5, white 2, yellow 4, blue 3, red 3
MOVE: 0 0 None 1 0 None
intentional hints You about all their green cards hints remaining: 3
You has white 4, green 3, green 2, red 1, red 4
MOVE: 1 1 None 0 None 2
You hints intentional about all their 2 hints remaining: 2
intentional has blue 5, white 2, yellow 4, blue 3, red 3
MOVE: 0 2 1 None None None
intentional plays white 2 successfully! Board is now green 1, yellow 0, white 2, blue 1, red 1
intentional now has blue 5, yellow 4, blue 3, red 3, blue 1
MOVE: 1 2 2 1 None None
You plays green 2 successfully! Board is now green 2, yellow 0, white 2, blue 1, red 1
You now has white 4, green 3, red 1, red 4, green 4
MOVE: 0 0 None 1 4 None
intentional hints You about all their red cards hints remaining: 1
You has white 4, green 3, red 1, red 4, green 4
MOVE: 1 2 3 1 None None
You plays red 4 and fails. Board was green 2, yellow 0, white 2, blue 1, red 1
You now has white 4, green 3, red 1, green 4, blue 4
MOVE: 0 1 None 1 None 3
intentional hints You about all their 3 hints remaining: 0
You has white 4, green 3, red 1, green 4, blue 4
MOVE: 1 2 2 1 None None
You plays red 1 and fails. Board was green 2, yellow 0, white 2, blue 1, red 1
You now has white 4, green 3, green 4, blue 4, yellow 1
MOVE: 0 3 4 None None None
intentional discards blue 1
trash is now yellow 3, blue 3, white 5, red 4, red 1, blue 1
intentional now has blue 5, yellow 4, blue 3, red 3, blue 4
MOVE: 1 2 1 1 None None
You plays green 3 successfully! Board is now green 3, yellow 0, white 2, blue 1, red 1
You now has white 4, green 4, blue 4, yellow 1, yellow 3
MOVE: 0 0 None 1 0 None
intentional hints You about all their green cards hints remaining: 0
You has white 4, green 4, blue 4, yellow 1, yellow 3
MOVE: 1 2 1 1 None None
You plays green 4 successfully! Board is now green 4, yellow 0, white 2, blue 1, red 1
You now has white 4, blue 4, yellow 1, yellow 3, red 1
MOVE: 0 3 4 None None None
intentional discards blue 4
trash is now yellow 3, blue 3, white 5, red 4, red 1, blue 1, blue 4
intentional now has blue 5, yellow 4, blue 3, red 3, blue 1
MOVE: 1 2 0 1 None None
You plays white 4 and fails. Board was green 4, yellow 0, white 2, blue 1, red 1
You now has blue 4, yellow 1, yellow 3, red 1, green 3
Score 8
