Old GID: 69ae3afd4a9bdb03
Treatment: ('full', 6244)
[(2, 5), (2, 4), (2, 2), (0, 1), (3, 1), (4, 1), (1, 3), (0, 5), (2, 1), (1, 2), (2, 2), (1, 1), (4, 2), (4, 1), (4, 4), (4, 3), (2, 3), (0, 4), (3, 5), (1, 4), (0, 4), (4, 4), (3, 4), (1, 4), (3, 3), (4, 2), (4, 3), (1, 3), (2, 1), (0, 1), (2, 4), (0, 2), (1, 2), (3, 4), (2, 1), (3, 1), (3, 2), (4, 5), (1, 5), (4, 1)]
MOVE: 0 1 None 1 None 1
full hints You about all their 1 hints remaining: 7
You has blue 3, green 3, blue 1, green 3, green 2
MOVE: 1 2 2 1 None None
You plays blue 1 successfully! Board is now green 0, yellow 0, white 0, blue 1, red 0
You now has blue 3, green 3, green 3, green 2, white 5
MOVE: 0 3 0 None None None
full discards green 1
trash is now green 1
full now has yellow 1, blue 2, yellow 1, white 3, white 4
MOVE: 1 3 0 1 None None
You discards blue 3
trash is now green 1, blue 3
You now has green 3, green 3, green 2, white 5, white 2
MOVE: 0 3 0 None None None
full discards yellow 1
trash is now green 1, blue 3, yellow 1
full now has blue 2, yellow 1, white 3, white 4, green 1
MOVE: 1 1 None 0 None 1
You hints full about all their 1 hints remaining: 7
full has blue 2, yellow 1, white 3, white 4, green 1
MOVE: 0 2 1 None None None
full plays yellow 1 successfully! Board is now green 0, yellow 1, white 0, blue 1, red 0
full now has blue 2, white 3, white 4, green 1, blue 1
MOVE: 1 1 None 0 None 2
You hints full about all their 2 hints remaining: 6
full has blue 2, white 3, white 4, green 1, blue 1
MOVE: 0 2 0 None None None
full plays blue 2 successfully! Board is now green 0, yellow 1, white 0, blue 2, red 0
full now has white 3, white 4, green 1, blue 1, red 1
MOVE: 1 1 None 0 None 1
You hints full about all their 1 hints remaining: 5
full has white 3, white 4, green 1, blue 1, red 1
MOVE: 0 2 2 None None None
full plays green 1 successfully! Board is now green 1, yellow 1, white 0, blue 2, red 0
full now has white 3, white 4, blue 1, red 1, yellow 3
MOVE: 1 0 None 0 3 None
You hints full about all their blue cards hints remaining: 4
full has white 3, white 4, blue 1, red 1, yellow 3
MOVE: 0 3 2 None None None
full discards blue 1
trash is now green 1, blue 3, yellow 1, blue 1
full now has white 3, white 4, red 1, yellow 3, green 5
MOVE: 1 3 0 1 None None
You discards green 3
trash is now green 1, blue 3, yellow 1, blue 1, green 3
You now has green 3, green 2, white 5, white 2, white 1
MOVE: 0 1 None 1 None 1
full hints You about all their 1 hints remaining: 5
You has green 3, green 2, white 5, white 2, white 1
MOVE: 1 2 4 1 None None
You plays white 1 successfully! Board is now green 1, yellow 1, white 1, blue 2, red 0
You now has green 3, green 2, white 5, white 2, yellow 2
MOVE: 0 1 None 1 None 2
full hints You about all their 2 hints remaining: 4
You has green 3, green 2, white 5, white 2, yellow 2
MOVE: 1 0 None 0 4 None
You hints full about all their red cards hints remaining: 3
full has white 3, white 4, red 1, yellow 3, green 5
MOVE: 0 2 2 None None None
full plays red 1 successfully! Board is now green 1, yellow 1, white 1, blue 2, red 1
full now has white 3, white 4, yellow 3, green 5, white 2
MOVE: 1 2 4 1 None None
You plays yellow 2 successfully! Board is now green 1, yellow 2, white 1, blue 2, red 1
You now has green 3, green 2, white 5, white 2, yellow 1
MOVE: 0 0 None 1 0 None
full hints You about all their green cards hints remaining: 2
You has green 3, green 2, white 5, white 2, yellow 1
MOVE: 1 2 1 1 None None
You plays green 2 successfully! Board is now green 2, yellow 2, white 1, blue 2, red 1
You now has green 3, white 5, white 2, yellow 1, red 2
MOVE: 0 1 None 1 None 2
full hints You about all their 2 hints remaining: 1
You has green 3, white 5, white 2, yellow 1, red 2
MOVE: 1 2 4 1 None None
You plays red 2 successfully! Board is now green 2, yellow 2, white 1, blue 2, red 2
You now has green 3, white 5, white 2, yellow 1, red 1
MOVE: 0 1 None 1 None 1
full hints You about all their 1 hints remaining: 0
You has green 3, white 5, white 2, yellow 1, red 1
MOVE: 1 3 3 1 None None
You discards yellow 1
trash is now green 1, blue 3, yellow 1, blue 1, green 3, yellow 1
You now has green 3, white 5, white 2, red 1, red 4
MOVE: 0 0 None 1 2 None
full hints You about all their white cards hints remaining: 0
You has green 3, white 5, white 2, red 1, red 4
MOVE: 1 2 2 1 None None
You plays white 2 successfully! Board is now green 2, yellow 2, white 2, blue 2, red 2
You now has green 3, white 5, red 1, red 4, red 3
MOVE: 0 3 4 None None None
full discards white 2
trash is now green 1, blue 3, yellow 1, blue 1, green 3, yellow 1, white 2
full now has white 3, white 4, yellow 3, green 5, white 3
MOVE: 1 1 None 0 None 3
You hints full about all their 3 hints remaining: 0
full has white 3, white 4, yellow 3, green 5, white 3
MOVE: 0 2 0 None None None
full plays white 3 successfully! Board is now green 2, yellow 2, white 3, blue 2, red 2
full now has white 4, yellow 3, green 5, white 3, green 4
MOVE: 1 3 2 1 None None
You discards red 1
trash is now green 1, blue 3, yellow 1, blue 1, green 3, yellow 1, white 2, red 1
You now has green 3, white 5, red 4, red 3, blue 5
MOVE: 0 1 None 1 None 3
full hints You about all their 3 hints remaining: 0
You has green 3, white 5, red 4, red 3, blue 5
MOVE: 1 2 0 1 None None
You plays green 3 successfully! Board is now green 3, yellow 2, white 3, blue 2, red 2
You now has white 5, red 4, red 3, blue 5, yellow 4
MOVE: 0 3 2 None None None
full discards green 5
trash is now green 1, blue 3, yellow 1, blue 1, green 3, yellow 1, white 2, red 1, green 5
full now has white 4, yellow 3, white 3, green 4, green 4
MOVE: 1 2 2 1 None None
You plays red 3 successfully! Board is now green 3, yellow 2, white 3, blue 2, red 3
You now has white 5, red 4, blue 5, yellow 4, red 4
MOVE: 0 0 None 1 4 None
full hints You about all their red cards hints remaining: 0
You has white 5, red 4, blue 5, yellow 4, red 4
MOVE: 1 2 4 1 None None
You plays red 4 successfully! Board is now green 3, yellow 2, white 3, blue 2, red 4
You now has white 5, red 4, blue 5, yellow 4, blue 4
MOVE: 0 3 3 None None None
full discards green 4
trash is now green 1, blue 3, yellow 1, blue 1, green 3, yellow 1, white 2, red 1, green 5, green 4
full now has white 4, yellow 3, white 3, green 4, yellow 4
MOVE: 1 0 None 0 1 None
You hints full about all their yellow cards hints remaining: 0
full has white 4, yellow 3, white 3, green 4, yellow 4
MOVE: 0 2 1 None None None
full plays yellow 3 successfully! Board is now green 3, yellow 3, white 3, blue 2, red 4
full now has white 4, white 3, green 4, yellow 4, blue 3
MOVE: 1 3 2 1 None None
You discards blue 5
trash is now green 1, blue 3, yellow 1, blue 1, green 3, yellow 1, white 2, red 1, green 5, green 4, blue 5
You now has white 5, red 4, yellow 4, blue 4, red 2
MOVE: 0 0 None 1 1 None
full hints You about all their yellow cards hints remaining: 0
You has white 5, red 4, yellow 4, blue 4, red 2
MOVE: 1 2 2 1 None None
You plays yellow 4 successfully! Board is now green 3, yellow 4, white 3, blue 2, red 4
You now has white 5, red 4, blue 4, red 2, red 3
MOVE: 0 3 3 None None None
full discards yellow 4
trash is now green 1, blue 3, yellow 1, blue 1, green 3, yellow 1, white 2, red 1, green 5, green 4, blue 5, yellow 4
full now has white 4, white 3, green 4, blue 3, yellow 3
MOVE: 1 0 None 0 3 None
You hints full about all their blue cards hints remaining: 0
full has white 4, white 3, green 4, blue 3, yellow 3
MOVE: 0 2 3 None None None
full plays blue 3 successfully! Board is now green 3, yellow 4, white 3, blue 3, red 4
full now has white 4, white 3, green 4, yellow 3, white 1
MOVE: 1 3 0 1 None None
You discards white 5
trash is now green 1, blue 3, yellow 1, blue 1, green 3, yellow 1, white 2, red 1, green 5, green 4, blue 5, yellow 4, white 5
You now has red 4, blue 4, red 2, red 3, green 1
MOVE: 0 3 1 None None None
full discards white 3
trash is now green 1, blue 3, yellow 1, blue 1, green 3, yellow 1, white 2, red 1, green 5, green 4, blue 5, yellow 4, white 5, white 3
full now has white 4, green 4, yellow 3, white 1, white 4
MOVE: 1 1 None 0 None 4
You hints full about all their 4 hints remaining: 1
full has white 4, green 4, yellow 3, white 1, white 4
MOVE: 0 2 0 None None None
full plays white 4 successfully! Board is now green 3, yellow 4, white 4, blue 3, red 4
full now has green 4, yellow 3, white 1, white 4, green 2
MOVE: 1 0 None 0 0 None
You hints full about all their green cards hints remaining: 0
full has green 4, yellow 3, white 1, white 4, green 2
MOVE: 0 2 0 None None None
full plays green 4 successfully! Board is now green 4, yellow 4, white 4, blue 3, red 4
full now has yellow 3, white 1, white 4, green 2, yellow 2
MOVE: 1 2 0 1 None None
You plays red 4 and fails. Board was green 4, yellow 4, white 4, blue 3, red 4
You now has blue 4, red 2, red 3, green 1, blue 4
MOVE: 0 3 3 None None None
full discards green 2
trash is now green 1, blue 3, yellow 1, blue 1, green 3, yellow 1, white 2, red 1, green 5, green 4, blue 5, yellow 4, white 5, white 3, red 4, green 2
full now has yellow 3, white 1, white 4, yellow 2, white 1
MOVE: 1 3 0 1 None None
You discards blue 4
trash is now green 1, blue 3, yellow 1, blue 1, green 3, yellow 1, white 2, red 1, green 5, green 4, blue 5, yellow 4, white 5, white 3, red 4, green 2, blue 4
You now has red 2, red 3, green 1, blue 4, blue 1
MOVE: 0 1 None 1 None 1
full hints You about all their 1 hints remaining: 1
You has red 2, red 3, green 1, blue 4, blue 1
MOVE: 1 3 2 1 None None
You discards green 1
trash is now green 1, blue 3, yellow 1, blue 1, green 3, yellow 1, white 2, red 1, green 5, green 4, blue 5, yellow 4, white 5, white 3, red 4, green 2, blue 4, green 1
You now has red 2, red 3, blue 4, blue 1, blue 2
MOVE: 0 1 None 1 None 2
full hints You about all their 2 hints remaining: 1
You has red 2, red 3, blue 4, blue 1, blue 2
MOVE: 1 3 0 1 None None
You discards red 2
trash is now green 1, blue 3, yellow 1, blue 1, green 3, yellow 1, white 2, red 1, green 5, green 4, blue 5, yellow 4, white 5, white 3, red 4, green 2, blue 4, green 1, red 2
You now has red 3, blue 4, blue 1, blue 2, red 5
MOVE: 0 0 None 1 3 None
full hints You about all their blue cards hints remaining: 1
You has red 3, blue 4, blue 1, blue 2, red 5
MOVE: 1 3 3 1 None None
You discards blue 2
trash is now green 1, blue 3, yellow 1, blue 1, green 3, yellow 1, white 2, red 1, green 5, green 4, blue 5, yellow 4, white 5, white 3, red 4, green 2, blue 4, green 1, red 2, blue 2
You now has red 3, blue 4, blue 1, red 5, yellow 5
MOVE: 0 1 None 1 None 5
full hints You about all their 5 hints remaining: 1
You has red 3, blue 4, blue 1, red 5, yellow 5
MOVE: 1 2 4 1 None None
You plays yellow 5 successfully! Board is now green 4, yellow 5, white 4, blue 3, red 4
You now has red 3, blue 4, blue 1, red 5, red 1
MOVE: 0 1 None 1 None 1
full hints You about all their 1 hints remaining: 1
You has red 3, blue 4, blue 1, red 5, red 1
MOVE: 1 2 3 1 None None
You plays red 5 successfully! Board is now green 4, yellow 5, white 4, blue 3, red 5
You now has red 3, blue 4, blue 1, red 1
Score 21
