Old GID: 127e0d44e8046128
Treatment: ('outer', 978)
[(3, 1), (3, 2), (2, 5), (3, 3), (0, 1), (0, 4), (2, 4), (2, 1), (1, 2), (0, 2), (4, 1), (2, 3), (4, 1), (1, 4), (0, 1), (1, 2), (0, 3), (1, 1), (3, 1), (4, 1), (2, 2), (3, 1), (4, 3), (2, 4), (1, 1), (0, 5), (3, 4), (4, 4), (3, 2), (0, 1), (4, 2), (2, 3), (4, 2), (3, 3), (1, 5), (2, 2), (3, 4), (0, 2), (0, 4), (4, 5)]
MOVE: 0 0 None 1 1 None
outer hints You about all their yellow cards hints remaining: 7
You has blue 5, red 3, yellow 3, green 3, yellow 3
MOVE: 1 1 None 0 None 1
You hints outer about all their 1 hints remaining: 6
outer has white 1, white 1, red 4, yellow 1, yellow 4
MOVE: 0 2 0 None None None
outer plays white 1 successfully! Board is now green 0, yellow 0, white 1, blue 0, red 0
outer now has white 1, red 4, yellow 1, yellow 4, blue 1
MOVE: 1 0 None 0 2 None
You hints outer about all their white cards hints remaining: 5
outer has white 1, red 4, yellow 1, yellow 4, blue 1
MOVE: 0 2 2 None None None
outer plays yellow 1 successfully! Board is now green 0, yellow 1, white 1, blue 0, red 0
outer now has white 1, red 4, yellow 4, blue 1, blue 2
MOVE: 1 1 None 0 None 1
You hints outer about all their 1 hints remaining: 4
outer has white 1, red 4, yellow 4, blue 1, blue 2
MOVE: 0 3 0 None None None
outer discards white 1
trash is now white 1
outer now has red 4, yellow 4, blue 1, blue 2, white 5
MOVE: 1 0 None 0 3 None
You hints outer about all their blue cards hints remaining: 4
outer has red 4, yellow 4, blue 1, blue 2, white 5
MOVE: 0 2 2 None None None
outer plays blue 1 successfully! Board is now green 0, yellow 1, white 1, blue 1, red 0
outer now has red 4, yellow 4, blue 2, white 5, blue 3
MOVE: 1 1 None 0 None 2
You hints outer about all their 2 hints remaining: 3
outer has red 4, yellow 4, blue 2, white 5, blue 3
MOVE: 0 2 2 None None None
outer plays blue 2 successfully! Board is now green 0, yellow 1, white 1, blue 2, red 0
outer now has red 4, yellow 4, white 5, blue 3, green 1
MOVE: 1 0 None 0 3 None
You hints outer about all their blue cards hints remaining: 2
outer has red 4, yellow 4, white 5, blue 3, green 1
MOVE: 0 0 None 1 3 None
outer hints You about all their blue cards hints remaining: 1
You has blue 5, red 3, yellow 3, green 3, yellow 3
MOVE: 1 1 None 0 None 3
You hints outer about all their 3 hints remaining: 0
outer has red 4, yellow 4, white 5, blue 3, green 1
MOVE: 0 2 3 None None None
outer plays blue 3 successfully! Board is now green 0, yellow 1, white 1, blue 3, red 0
outer now has red 4, yellow 4, white 5, green 1, green 4
MOVE: 1 3 0 1 None None
You discards blue 5
trash is now white 1, blue 5
You now has red 3, yellow 3, green 3, yellow 3, white 4
MOVE: 0 0 None 1 2 None
outer hints You about all their white cards hints remaining: 0
You has red 3, yellow 3, green 3, yellow 3, white 4
MOVE: 1 2 4 1 None None
You plays white 4 and fails. Board was green 0, yellow 1, white 1, blue 3, red 0
You now has red 3, yellow 3, green 3, yellow 3, white 1
MOVE: 0 3 1 None None None
outer discards yellow 4
trash is now white 1, blue 5, white 4, yellow 4
outer now has red 4, white 5, green 1, green 4, yellow 2
MOVE: 1 2 4 1 None None
You plays white 1 and fails. Board was green 0, yellow 1, white 1, blue 3, red 0
You now has red 3, yellow 3, green 3, yellow 3, green 2
MOVE: 0 0 None 1 4 None
outer hints You about all their red cards hints remaining: 0
You has red 3, yellow 3, green 3, yellow 3, green 2
MOVE: 1 2 4 1 None None
You plays green 2 and fails. Board was green 0, yellow 1, white 1, blue 3, red 0
You now has red 3, yellow 3, green 3, yellow 3, red 1
Score 5
