Old GID: 279cb541f5b32cb8
Treatment: ('outer', 5819)
[(0, 1), (4, 1), (2, 3), (3, 1), (4, 2), (1, 2), (3, 4), (0, 3), (4, 4), (4, 4), (1, 4), (0, 4), (4, 2), (2, 3), (3, 1), (2, 2), (2, 1), (1, 1), (1, 1), (3, 3), (1, 1), (3, 1), (2, 1), (3, 5), (4, 3), (3, 2), (2, 5), (3, 3), (2, 2), (0, 3), (4, 3), (4, 1), (4, 5), (2, 1), (1, 5), (1, 2), (2, 4), (3, 4), (3, 2), (0, 1)]
MOVE: 0 1 None 1 None 1
outer hints You about all their 1 hints remaining: 7
You has red 1, white 4, yellow 3, green 5, green 2
MOVE: 1 2 0 1 None None
You plays red 1 successfully! Board is now green 0, yellow 0, white 0, blue 0, red 1
You now has white 4, yellow 3, green 5, green 2, green 1
MOVE: 0 1 None 1 None 1
outer hints You about all their 1 hints remaining: 6
You has white 4, yellow 3, green 5, green 2, green 1
MOVE: 1 2 4 1 None None
You plays green 1 successfully! Board is now green 1, yellow 0, white 0, blue 0, red 1
You now has white 4, yellow 3, green 5, green 2, red 1
MOVE: 0 1 None 1 None 2
outer hints You about all their 2 hints remaining: 5
You has white 4, yellow 3, green 5, green 2, red 1
MOVE: 1 1 None 0 None 2
You hints outer about all their 2 hints remaining: 4
outer has yellow 3, green 4, green 2, green 1, yellow 4
MOVE: 0 0 None 1 0 None
outer hints You about all their green cards hints remaining: 3
You has white 4, yellow 3, green 5, green 2, red 1
MOVE: 1 3 3 1 None None
You discards green 2
trash is now green 2
You now has white 4, yellow 3, green 5, red 1, white 3
MOVE: 0 1 None 1 None 1
outer hints You about all their 1 hints remaining: 3
You has white 4, yellow 3, green 5, red 1, white 3
MOVE: 1 0 None 0 0 None
You hints outer about all their green cards hints remaining: 2
outer has yellow 3, green 4, green 2, green 1, yellow 4
MOVE: 0 2 2 None None None
outer plays green 2 successfully! Board is now green 2, yellow 0, white 0, blue 0, red 1
outer now has yellow 3, green 4, green 1, yellow 4, blue 1
MOVE: 1 1 None 0 None 1
You hints outer about all their 1 hints remaining: 1
outer has yellow 3, green 4, green 1, yellow 4, blue 1
MOVE: 0 3 2 None None None
outer discards green 1
trash is now green 2, green 1
outer now has yellow 3, green 4, yellow 4, blue 1, red 2
MOVE: 1 1 None 0 None 2
You hints outer about all their 2 hints remaining: 1
outer has yellow 3, green 4, yellow 4, blue 1, red 2
MOVE: 0 0 None 1 2 None
outer hints You about all their white cards hints remaining: 0
You has white 4, yellow 3, green 5, red 1, white 3
MOVE: 1 2 3 1 None None
You plays red 1 and fails. Board was green 2, yellow 0, white 0, blue 0, red 1
You now has white 4, yellow 3, green 5, white 3, yellow 2
MOVE: 0 3 1 None None None
outer discards green 4
trash is now green 2, green 1, red 1, green 4
outer now has yellow 3, yellow 4, blue 1, red 2, blue 4
MOVE: 1 0 None 0 4 None
You hints outer about all their red cards hints remaining: 0
outer has yellow 3, yellow 4, blue 1, red 2, blue 4
MOVE: 0 2 3 None None None
outer plays red 2 successfully! Board is now green 2, yellow 0, white 0, blue 0, red 2
outer now has yellow 3, yellow 4, blue 1, blue 4, green 3
MOVE: 1 2 3 1 None None
You plays white 3 and fails. Board was green 2, yellow 0, white 0, blue 0, red 2
You now has white 4, yellow 3, green 5, yellow 2, red 4
MOVE: 0 3 3 None None None
outer discards blue 4
trash is now green 2, green 1, red 1, green 4, white 3, blue 4
outer now has yellow 3, yellow 4, blue 1, green 3, red 4
MOVE: 1 0 None 0 0 None
You hints outer about all their green cards hints remaining: 0
outer has yellow 3, yellow 4, blue 1, green 3, red 4
MOVE: 0 2 2 None None None
outer plays blue 1 successfully! Board is now green 2, yellow 0, white 0, blue 1, red 2
outer now has yellow 3, yellow 4, green 3, red 4, yellow 4
MOVE: 1 3 2 1 None None
You discards green 5
trash is now green 2, green 1, red 1, green 4, white 3, blue 4, green 5
You now has white 4, yellow 3, yellow 2, red 4, green 4
MOVE: 0 1 None 1 None 4
outer hints You about all their 4 hints remaining: 0
You has white 4, yellow 3, yellow 2, red 4, green 4
MOVE: 1 3 3 1 None None
You discards red 4
trash is now green 2, green 1, red 1, green 4, white 3, blue 4, green 5, red 4
You now has white 4, yellow 3, yellow 2, green 4, red 2
MOVE: 0 1 None 1 None 2
outer hints You about all their 2 hints remaining: 0
You has white 4, yellow 3, yellow 2, green 4, red 2
MOVE: 1 2 4 1 None None
You plays red 2 and fails. Board was green 2, yellow 0, white 0, blue 1, red 2
You now has white 4, yellow 3, yellow 2, green 4, white 3
Score 5
