Old GID: 465b7071feeb963d
Treatment: ('intentional', 1610)
[(1, 3), (0, 3), (0, 4), (4, 4), (2, 3), (4, 3), (4, 2), (3, 2), (3, 3), (0, 1), (4, 3), (4, 4), (0, 2), (1, 1), (0, 2), (3, 1), (1, 5), (2, 1), (1, 3), (4, 1), (4, 1), (3, 5), (2, 4), (0, 5), (3, 3), (2, 2), (2, 3), (0, 4), (1, 1), (1, 4), (2, 2), (1, 2), (4, 1), (0, 1), (0, 1), (2, 5), (4, 2), (0, 3), (3, 1), (1, 2)]
MOVE: 0 1 None 1 None 1
intentional hints You about all their 1 hints remaining: 7
You has blue 4, white 1, yellow 1, blue 2, white 1
MOVE: 1 2 1 1 None None
You plays white 1 successfully! Board is now green 0, yellow 0, white 1, blue 0, red 0
You now has blue 4, yellow 1, blue 2, white 1, yellow 3
MOVE: 0 0 None 1 2 None
intentional hints You about all their white cards hints remaining: 6
You has blue 4, yellow 1, blue 2, white 1, yellow 3
MOVE: 1 3 3 1 None None
You discards white 1
trash is now white 1
You now has blue 4, yellow 1, blue 2, yellow 3, green 3
MOVE: 0 3 0 None None None
intentional discards white 4
trash is now white 1, white 4
intentional now has red 5, blue 1, blue 4, yellow 4, green 4
MOVE: 1 2 1 1 None None
You plays yellow 1 successfully! Board is now green 0, yellow 1, white 1, blue 0, red 0
You now has blue 4, blue 2, yellow 3, green 3, red 4
MOVE: 0 3 0 None None None
intentional discards red 5
trash is now white 1, white 4, red 5
intentional now has blue 1, blue 4, yellow 4, green 4, white 3
MOVE: 1 0 None 0 3 None
You hints intentional about all their blue cards hints remaining: 7
intentional has blue 1, blue 4, yellow 4, green 4, white 3
MOVE: 0 3 2 None None None
intentional discards yellow 4
trash is now white 1, white 4, red 5, yellow 4
intentional now has blue 1, blue 4, green 4, white 3, red 3
MOVE: 1 1 None 0 None 1
You hints intentional about all their 1 hints remaining: 7
intentional has blue 1, blue 4, green 4, white 3, red 3
MOVE: 0 2 0 None None None
intentional plays blue 1 successfully! Board is now green 0, yellow 1, white 1, blue 1, red 0
intentional now has blue 4, green 4, white 3, red 3, red 2
MOVE: 1 2 4 1 None None
You plays red 4 and fails. Board was green 0, yellow 1, white 1, blue 1, red 0
You now has blue 4, blue 2, yellow 3, green 3, blue 2
MOVE: 0 1 None 1 None 2
intentional hints You about all their 2 hints remaining: 6
You has blue 4, blue 2, yellow 3, green 3, blue 2
MOVE: 1 2 3 1 None None
You plays green 3 and fails. Board was green 0, yellow 1, white 1, blue 1, red 0
You now has blue 4, blue 2, yellow 3, blue 2, blue 3
MOVE: 0 0 None 1 1 None
intentional hints You about all their yellow cards hints remaining: 5
You has blue 4, blue 2, yellow 3, blue 2, blue 3
MOVE: 1 2 2 1 None None
You plays yellow 3 and fails. Board was green 0, yellow 1, white 1, blue 1, red 0
You now has blue 4, blue 2, blue 2, blue 3, green 1
Score 3
