Old GID: b3c5c494c7242566
Treatment: ('outer', 6381)
[(4, 2), (0, 4), (0, 1), (3, 5), (1, 2), (0, 2), (3, 3), (4, 5), (2, 2), (4, 3), (1, 1), (4, 3), (2, 3), (3, 2), (1, 4), (2, 2), (4, 4), (0, 1), (0, 1), (0, 2), (4, 1), (3, 4), (4, 4), (2, 3), (4, 1), (1, 3), (4, 2), (3, 1), (3, 2), (3, 4), (0, 5), (4, 1), (1, 1), (1, 1), (1, 2), (0, 3), (0, 3), (1, 4), (0, 4), (3, 1)]
MOVE: 0 0 None 1 3 None
outer hints You about all their blue cards hints remaining: 7
You has blue 1, white 1, white 5, white 4, white 4
MOVE: 1 0 None 0 2 None
You hints outer about all their white cards hints remaining: 6
outer has blue 3, yellow 5, white 1, white 1, yellow 3
MOVE: 0 1 None 1 None 1
outer hints You about all their 1 hints remaining: 5
You has blue 1, white 1, white 5, white 4, white 4
MOVE: 1 2 0 1 None None
You plays blue 1 successfully! Board is now green 0, yellow 0, white 0, blue 1, red 0
You now has white 1, white 5, white 4, white 4, red 2
MOVE: 0 0 None 1 2 None
outer hints You about all their white cards hints remaining: 4
You has white 1, white 5, white 4, white 4, red 2
MOVE: 1 3 0 1 None None
You discards white 1
trash is now white 1
You now has white 5, white 4, white 4, red 2, green 4
MOVE: 0 0 None 1 2 None
outer hints You about all their white cards hints remaining: 4
You has white 5, white 4, white 4, red 2, green 4
MOVE: 1 1 None 0 None 1
You hints outer about all their 1 hints remaining: 3
outer has blue 3, yellow 5, white 1, white 1, yellow 3
MOVE: 0 2 2 None None None
outer plays white 1 successfully! Board is now green 0, yellow 0, white 1, blue 1, red 0
outer now has blue 3, yellow 5, white 1, yellow 3, green 1
MOVE: 1 0 None 0 0 None
You hints outer about all their green cards hints remaining: 2
outer has blue 3, yellow 5, white 1, yellow 3, green 1
MOVE: 0 3 2 None None None
outer discards white 1
trash is now white 1, white 1
outer now has blue 3, yellow 5, yellow 3, green 1, blue 5
MOVE: 1 1 None 0 None 1
You hints outer about all their 1 hints remaining: 2
outer has blue 3, yellow 5, yellow 3, green 1, blue 5
MOVE: 0 2 3 None None None
outer plays green 1 successfully! Board is now green 1, yellow 0, white 1, blue 1, red 0
outer now has blue 3, yellow 5, yellow 3, blue 5, yellow 2
MOVE: 1 3 3 1 None None
You discards red 2
trash is now white 1, white 1, red 2
You now has white 5, white 4, white 4, green 4, green 2
MOVE: 0 0 None 1 0 None
outer hints You about all their green cards hints remaining: 2
You has white 5, white 4, white 4, green 4, green 2
MOVE: 1 1 None 0 None 3
You hints outer about all their 3 hints remaining: 1
outer has blue 3, yellow 5, yellow 3, blue 5, yellow 2
MOVE: 0 1 None 1 None 2
outer hints You about all their 2 hints remaining: 0
You has white 5, white 4, white 4, green 4, green 2
MOVE: 1 2 4 1 None None
You plays green 2 successfully! Board is now green 2, yellow 0, white 1, blue 1, red 0
You now has white 5, white 4, white 4, green 4, blue 3
MOVE: 0 3 2 None None None
outer discards yellow 3
trash is now white 1, white 1, red 2, yellow 3
outer now has blue 3, yellow 5, blue 5, yellow 2, red 5
MOVE: 1 1 None 0 None 5
You hints outer about all their 5 hints remaining: 0
outer has blue 3, yellow 5, blue 5, yellow 2, red 5
MOVE: 0 3 1 None None None
outer discards yellow 5
trash is now white 1, white 1, red 2, yellow 3, yellow 5
outer now has blue 3, blue 5, yellow 2, red 5, white 2
MOVE: 1 0 None 0 2 None
You hints outer about all their white cards hints remaining: 0
outer has blue 3, blue 5, yellow 2, red 5, white 2
MOVE: 0 3 3 None None None
outer discards red 5
trash is now white 1, white 1, red 2, yellow 3, yellow 5, red 5
outer now has blue 3, blue 5, yellow 2, white 2, red 3
MOVE: 1 3 4 1 None None
You discards blue 3
trash is now white 1, white 1, red 2, yellow 3, yellow 5, red 5, blue 3
You now has white 5, white 4, white 4, green 4, yellow 1
MOVE: 0 0 None 1 1 None
outer hints You about all their yellow cards hints remaining: 1
You has white 5, white 4, white 4, green 4, yellow 1
MOVE: 1 2 4 1 None None
You plays yellow 1 successfully! Board is now green 2, yellow 1, white 1, blue 1, red 0
You now has white 5, white 4, white 4, green 4, red 3
MOVE: 0 0 None 1 2 None
outer hints You about all their white cards hints remaining: 0
You has white 5, white 4, white 4, green 4, red 3
MOVE: 1 2 1 1 None None
You plays white 4 and fails. Board was green 2, yellow 1, white 1, blue 1, red 0
You now has white 5, white 4, green 4, red 3, white 3
MOVE: 0 3 2 None None None
outer discards yellow 2
trash is now white 1, white 1, red 2, yellow 3, yellow 5, red 5, blue 3, white 4, yellow 2
outer now has blue 3, blue 5, white 2, red 3, blue 2
MOVE: 1 1 None 0 None 2
You hints outer about all their 2 hints remaining: 0
outer has blue 3, blue 5, white 2, red 3, blue 2
MOVE: 0 2 2 None None None
outer plays white 2 successfully! Board is now green 2, yellow 1, white 2, blue 1, red 0
outer now has blue 3, blue 5, red 3, blue 2, yellow 4
MOVE: 1 2 0 1 None None
You plays white 5 and fails. Board was green 2, yellow 1, white 2, blue 1, red 0
You now has white 4, green 4, red 3, white 3, white 2
MOVE: 0 3 2 None None None
outer discards red 3
trash is now white 1, white 1, red 2, yellow 3, yellow 5, red 5, blue 3, white 4, yellow 2, white 5, red 3
outer now has blue 3, blue 5, blue 2, yellow 4, red 4
MOVE: 1 2 0 1 None None
You plays white 4 and fails. Board was green 2, yellow 1, white 2, blue 1, red 0
You now has green 4, red 3, white 3, white 2, green 1
Score 6
