Old GID: 64799b70ecc458c2
Treatment: ('full', 6237)
[(2, 1), (0, 3), (1, 3), (4, 4), (4, 2), (0, 5), (3, 3), (2, 5), (1, 1), (2, 4), (3, 1), (4, 1), (4, 3), (1, 4), (3, 3), (4, 3), (3, 4), (0, 1), (0, 2), (0, 2), (3, 2), (3, 1), (2, 2), (3, 1), (0, 1), (2, 1), (4, 1), (2, 1), (2, 2), (2, 4), (3, 4), (2, 3), (4, 4), (1, 2), (1, 2), (1, 1), (1, 5), (1, 1), (1, 4), (0, 3)]
MOVE: 0 1 None 1 None 1
full hints You about all their 1 hints remaining: 7
You has green 4, red 5, red 1, blue 5, white 3
MOVE: 1 2 2 1 None None
You plays red 1 successfully! Board is now green 0, yellow 0, white 0, blue 0, red 1
You now has green 4, red 5, blue 5, white 3, white 1
MOVE: 0 0 None 1 2 None
full hints You about all their white cards hints remaining: 6
You has green 4, red 5, blue 5, white 3, white 1
MOVE: 1 1 None 0 None 1
You hints full about all their 1 hints remaining: 5
full has yellow 3, red 2, blue 2, green 4, green 1
MOVE: 0 2 4 None None None
full plays green 1 successfully! Board is now green 1, yellow 0, white 0, blue 0, red 1
full now has yellow 3, red 2, blue 2, green 4, green 3
MOVE: 1 0 None 0 4 None
You hints full about all their red cards hints remaining: 4
full has yellow 3, red 2, blue 2, green 4, green 3
MOVE: 0 2 1 None None None
full plays red 2 successfully! Board is now green 1, yellow 0, white 0, blue 0, red 2
full now has yellow 3, blue 2, green 4, green 3, yellow 3
MOVE: 1 3 2 1 None None
You discards blue 5
trash is now blue 5
You now has green 4, red 5, white 3, white 1, red 4
MOVE: 0 1 None 1 None 1
full hints You about all their 1 hints remaining: 4
You has green 4, red 5, white 3, white 1, red 4
MOVE: 1 2 3 1 None None
You plays white 1 successfully! Board is now green 1, yellow 0, white 1, blue 0, red 2
You now has green 4, red 5, white 3, red 4, red 2
MOVE: 0 3 4 None None None
full discards yellow 3
trash is now blue 5, yellow 3
full now has yellow 3, blue 2, green 4, green 3, green 5
MOVE: 1 3 0 1 None None
You discards green 4
trash is now blue 5, yellow 3, green 4
You now has red 5, white 3, red 4, red 2, blue 3
MOVE: 0 3 4 None None None
full discards green 5
trash is now blue 5, yellow 3, green 4, green 5
full now has yellow 3, blue 2, green 4, green 3, white 5
MOVE: 1 2 1 1 None None
You plays white 3 and fails. Board was green 1, yellow 0, white 1, blue 0, red 2
You now has red 5, red 4, red 2, blue 3, yellow 1
MOVE: 0 0 None 1 1 None
full hints You about all their yellow cards hints remaining: 6
You has red 5, red 4, red 2, blue 3, yellow 1
MOVE: 1 2 4 1 None None
You plays yellow 1 successfully! Board is now green 1, yellow 1, white 1, blue 0, red 2
You now has red 5, red 4, red 2, blue 3, white 4
MOVE: 0 3 4 None None None
full discards white 5
trash is now blue 5, yellow 3, green 4, green 5, white 3, white 5
full now has yellow 3, blue 2, green 4, green 3, blue 1
MOVE: 1 1 None 0 None 1
You hints full about all their 1 hints remaining: 6
full has yellow 3, blue 2, green 4, green 3, blue 1
MOVE: 0 2 4 None None None
full plays blue 1 successfully! Board is now green 1, yellow 1, white 1, blue 1, red 2
full now has yellow 3, blue 2, green 4, green 3, red 1
MOVE: 1 1 None 0 None 2
You hints full about all their 2 hints remaining: 5
full has yellow 3, blue 2, green 4, green 3, red 1
MOVE: 0 2 1 None None None
full plays blue 2 successfully! Board is now green 1, yellow 1, white 1, blue 2, red 2
full now has yellow 3, green 4, green 3, red 1, red 3
MOVE: 1 1 None 0 None 3
You hints full about all their 3 hints remaining: 4
full has yellow 3, green 4, green 3, red 1, red 3
MOVE: 0 2 0 None None None
full plays yellow 3 and fails. Board was green 1, yellow 1, white 1, blue 2, red 2
full now has green 4, green 3, red 1, red 3, yellow 4
MOVE: 1 0 None 0 4 None
You hints full about all their red cards hints remaining: 3
full has green 4, green 3, red 1, red 3, yellow 4
MOVE: 0 2 3 None None None
full plays red 3 successfully! Board is now green 1, yellow 1, white 1, blue 2, red 3
full now has green 4, green 3, red 1, yellow 4, blue 3
MOVE: 1 1 None 0 None 1
You hints full about all their 1 hints remaining: 2
full has green 4, green 3, red 1, yellow 4, blue 3
MOVE: 0 3 2 None None None
full discards red 1
trash is now blue 5, yellow 3, green 4, green 5, white 3, white 5, yellow 3, red 1
full now has green 4, green 3, yellow 4, blue 3, red 3
MOVE: 1 0 None 0 3 None
You hints full about all their blue cards hints remaining: 2
full has green 4, green 3, yellow 4, blue 3, red 3
MOVE: 0 2 3 None None None
full plays blue 3 successfully! Board is now green 1, yellow 1, white 1, blue 3, red 3
full now has green 4, green 3, yellow 4, red 3, blue 4
MOVE: 1 0 None 0 3 None
You hints full about all their blue cards hints remaining: 1
full has green 4, green 3, yellow 4, red 3, blue 4
MOVE: 0 2 4 None None None
full plays blue 4 successfully! Board is now green 1, yellow 1, white 1, blue 4, red 3
full now has green 4, green 3, yellow 4, red 3, green 1
MOVE: 1 3 0 1 None None
You discards red 5
trash is now blue 5, yellow 3, green 4, green 5, white 3, white 5, yellow 3, red 1, red 5
You now has red 4, red 2, blue 3, white 4, green 2
MOVE: 0 0 None 1 0 None
full hints You about all their green cards hints remaining: 1
You has red 4, red 2, blue 3, white 4, green 2
MOVE: 1 2 4 1 None None
You plays green 2 successfully! Board is now green 2, yellow 1, white 1, blue 4, red 3
You now has red 4, red 2, blue 3, white 4, green 2
MOVE: 0 1 None 1 None 3
full hints You about all their 3 hints remaining: 0
You has red 4, red 2, blue 3, white 4, green 2
MOVE: 1 2 2 1 None None
You plays blue 3 and fails. Board was green 2, yellow 1, white 1, blue 4, red 3
You now has red 4, red 2, white 4, green 2, blue 2
Score 11
