Old GID: 1d5f3635d30ef46d
Treatment: ('outer', 1718)
[(3, 5), (0, 1), (3, 4), (3, 3), (0, 5), (3, 1), (2, 2), (0, 2), (4, 5), (2, 1), (2, 4), (1, 3), (0, 1), (4, 3), (1, 1), (4, 1), (3, 4), (0, 3), (2, 2), (3, 2), (2, 5), (1, 5), (4, 1), (4, 1), (1, 3), (0, 3), (0, 4), (1, 1), (1, 2), (0, 1), (3, 3), (1, 4), (4, 2), (1, 1), (3, 1), (1, 2), (3, 1), (0, 2), (2, 3), (2, 1)]
MOVE: 0 0 None 1 2 None
outer hints You about all their white cards hints remaining: 7
You has white 4, red 4, red 3, blue 2, white 1
MOVE: 1 2 4 1 None None
You plays white 1 successfully! Board is now green 0, yellow 0, white 1, blue 0, red 0
You now has white 4, red 4, red 3, blue 2, blue 5
MOVE: 0 0 None 1 2 None
outer hints You about all their white cards hints remaining: 6
You has white 4, red 4, red 3, blue 2, blue 5
MOVE: 1 2 0 1 None None
You plays white 4 and fails. Board was green 0, yellow 0, white 1, blue 0, red 0
You now has red 4, red 3, blue 2, blue 5, green 1
MOVE: 0 1 None 1 None 1
outer hints You about all their 1 hints remaining: 5
You has red 4, red 3, blue 2, blue 5, green 1
MOVE: 1 2 4 1 None None
You plays green 1 successfully! Board is now green 1, yellow 0, white 1, blue 0, red 0
You now has red 4, red 3, blue 2, blue 5, blue 4
MOVE: 0 1 None 1 None 4
outer hints You about all their 4 hints remaining: 4
You has red 4, red 3, blue 2, blue 5, blue 4
MOVE: 1 2 4 1 None None
You plays blue 4 and fails. Board was green 1, yellow 0, white 1, blue 0, red 0
You now has red 4, red 3, blue 2, blue 5, blue 3
MOVE: 0 0 None 1 3 None
outer hints You about all their blue cards hints remaining: 3
You has red 4, red 3, blue 2, blue 5, blue 3
MOVE: 1 2 4 1 None None
You plays blue 3 and fails. Board was green 1, yellow 0, white 1, blue 0, red 0
You now has red 4, red 3, blue 2, blue 5, green 5
Score 2
