Old GID: b56267f28d6b4f48
Treatment: ('outer', 90)
[(3, 3), (4, 2), (2, 1), (3, 5), (0, 3), (1, 4), (1, 3), (1, 4), (3, 1), (3, 3), (2, 3), (0, 5), (4, 1), (4, 1), (4, 3), (1, 2), (0, 1), (4, 2), (0, 3), (2, 2), (4, 4), (2, 3), (1, 1), (2, 4), (3, 2), (2, 2), (0, 1), (4, 3), (0, 1), (4, 1), (4, 5), (3, 2), (3, 4), (1, 5), (1, 3), (2, 5), (2, 4), (3, 1), (0, 2), (1, 1)]
MOVE: 0 1 None 1 None 1
outer hints You about all their 1 hints remaining: 7
You has yellow 1, blue 4, white 1, green 2, green 4
MOVE: 1 1 None 0 None 1
You hints outer about all their 1 hints remaining: 6
outer has white 1, green 4, blue 1, yellow 2, red 4
MOVE: 0 2 0 None None None
outer plays white 1 successfully! Board is now green 0, yellow 0, white 1, blue 0, red 0
outer now has green 4, blue 1, yellow 2, red 4, blue 3
MOVE: 1 0 None 0 3 None
You hints outer about all their blue cards hints remaining: 5
outer has green 4, blue 1, yellow 2, red 4, blue 3
MOVE: 0 2 1 None None None
outer plays blue 1 successfully! Board is now green 0, yellow 0, white 1, blue 1, red 0
outer now has green 4, yellow 2, red 4, blue 3, red 2
MOVE: 1 1 None 0 None 3
You hints outer about all their 3 hints remaining: 4
outer has green 4, yellow 2, red 4, blue 3, red 2
MOVE: 0 0 None 1 1 None
outer hints You about all their yellow cards hints remaining: 3
You has yellow 1, blue 4, white 1, green 2, green 4
MOVE: 1 2 0 1 None None
You plays yellow 1 successfully! Board is now green 0, yellow 1, white 1, blue 1, red 0
You now has blue 4, white 1, green 2, green 4, white 1
MOVE: 0 0 None 1 0 None
outer hints You about all their green cards hints remaining: 2
You has blue 4, white 1, green 2, green 4, white 1
MOVE: 1 0 None 0 1 None
You hints outer about all their yellow cards hints remaining: 1
outer has green 4, yellow 2, red 4, blue 3, red 2
MOVE: 0 1 None 1 None 1
outer hints You about all their 1 hints remaining: 0
You has blue 4, white 1, green 2, green 4, white 1
MOVE: 1 2 1 1 None None
You plays white 1 and fails. Board was green 0, yellow 1, white 1, blue 1, red 0
You now has blue 4, green 2, green 4, white 1, blue 5
MOVE: 0 3 0 None None None
outer discards green 4
trash is now white 1, green 4
outer now has yellow 2, red 4, blue 3, red 2, green 3
MOVE: 1 2 3 1 None None
You plays white 1 and fails. Board was green 0, yellow 1, white 1, blue 1, red 0
You now has blue 4, green 2, green 4, blue 5, yellow 4
MOVE: 0 1 None 1 None 2
outer hints You about all their 2 hints remaining: 0
You has blue 4, green 2, green 4, blue 5, yellow 4
MOVE: 1 2 2 1 None None
You plays green 4 and fails. Board was green 0, yellow 1, white 1, blue 1, red 0
You now has blue 4, green 2, blue 5, yellow 4, yellow 3
Score 3
