Old GID: 09acf36a5c08845d
Treatment: ('full', 9749)
[(1, 1), (1, 1), (2, 3), (0, 2), (3, 3), (1, 3), (1, 2), (0, 5), (3, 2), (0, 4), (3, 4), (0, 3), (3, 2), (4, 1), (0, 3), (3, 1), (4, 3), (2, 4), (4, 1), (3, 1), (3, 5), (2, 2), (3, 1), (4, 5), (2, 1), (4, 4), (0, 1), (2, 1), (4, 3), (1, 3), (4, 2), (1, 5), (2, 3), (4, 1), (2, 1), (0, 1), (0, 2), (4, 4), (3, 3), (2, 2)]
MOVE: 0 3 0 None None None
full discards green 1
trash is now green 1
full now has green 4, yellow 2, yellow 1, yellow 4, yellow 1
MOVE: 1 1 None 0 None 1
You hints full about all their 1 hints remaining: 7
full has green 4, yellow 2, yellow 1, yellow 4, yellow 1
MOVE: 0 2 2 None None None
full plays yellow 1 successfully! Board is now green 0, yellow 1, white 0, blue 0, red 0
full now has green 4, yellow 2, yellow 4, yellow 1, yellow 1
MOVE: 1 0 None 0 1 None
You hints full about all their yellow cards hints remaining: 6
full has green 4, yellow 2, yellow 4, yellow 1, yellow 1
MOVE: 0 2 1 None None None
full plays yellow 2 successfully! Board is now green 0, yellow 2, white 0, blue 0, red 0
full now has green 4, yellow 4, yellow 1, yellow 1, white 3
MOVE: 1 3 0 1 None None
You discards blue 4
trash is now green 1, blue 4
You now has white 4, yellow 4, red 2, white 5, green 2
MOVE: 0 3 2 None None None
full discards yellow 1
trash is now green 1, blue 4, yellow 1
full now has green 4, yellow 4, yellow 1, white 3, blue 3
MOVE: 1 3 0 1 None None
You discards white 4
trash is now green 1, blue 4, yellow 1, white 4
You now has yellow 4, red 2, white 5, green 2, yellow 3
MOVE: 0 1 None 1 None 3
full hints You about all their 3 hints remaining: 7
You has yellow 4, red 2, white 5, green 2, yellow 3
MOVE: 1 2 4 1 None None
You plays yellow 3 successfully! Board is now green 0, yellow 3, white 0, blue 0, red 0
You now has yellow 4, red 2, white 5, green 2, yellow 2
MOVE: 0 1 None 1 None 2
full hints You about all their 2 hints remaining: 6
You has yellow 4, red 2, white 5, green 2, yellow 2
MOVE: 1 1 None 0 None 4
You hints full about all their 4 hints remaining: 5
full has green 4, yellow 4, yellow 1, white 3, blue 3
MOVE: 0 2 1 None None None
full plays yellow 4 successfully! Board is now green 0, yellow 4, white 0, blue 0, red 0
full now has green 4, yellow 1, white 3, blue 3, green 5
MOVE: 1 1 None 0 None 1
You hints full about all their 1 hints remaining: 4
full has green 4, yellow 1, white 3, blue 3, green 5
MOVE: 0 3 1 None None None
full discards yellow 1
trash is now green 1, blue 4, yellow 1, white 4, yellow 1
full now has green 4, white 3, blue 3, green 5, blue 2
MOVE: 1 3 0 1 None None
You discards yellow 4
trash is now green 1, blue 4, yellow 1, white 4, yellow 1, yellow 4
You now has red 2, white 5, green 2, yellow 2, green 4
MOVE: 0 0 None 1 1 None
full hints You about all their yellow cards hints remaining: 5
You has red 2, white 5, green 2, yellow 2, green 4
MOVE: 1 3 3 1 None None
You discards yellow 2
trash is now green 1, blue 4, yellow 1, white 4, yellow 1, yellow 4, yellow 2
You now has red 2, white 5, green 2, green 4, blue 4
MOVE: 0 3 1 None None None
full discards white 3
trash is now green 1, blue 4, yellow 1, white 4, yellow 1, yellow 4, yellow 2, white 3
full now has green 4, blue 3, green 5, blue 2, green 3
MOVE: 1 1 None 0 None 5
You hints full about all their 5 hints remaining: 6
full has green 4, blue 3, green 5, blue 2, green 3
MOVE: 0 2 2 None None None
full plays green 5 and fails. Board was green 0, yellow 4, white 0, blue 0, red 0
full now has green 4, blue 3, blue 2, green 3, blue 2
MOVE: 1 3 4 1 None None
You discards blue 4
trash is now green 1, blue 4, yellow 1, white 4, yellow 1, yellow 4, yellow 2, white 3, green 5, blue 4
You now has red 2, white 5, green 2, green 4, red 1
MOVE: 0 0 None 1 4 None
full hints You about all their red cards hints remaining: 6
You has red 2, white 5, green 2, green 4, red 1
MOVE: 1 2 4 1 None None
You plays red 1 successfully! Board is now green 0, yellow 4, white 0, blue 0, red 1
You now has red 2, white 5, green 2, green 4, green 3
MOVE: 0 1 None 1 None 3
full hints You about all their 3 hints remaining: 5
You has red 2, white 5, green 2, green 4, green 3
MOVE: 1 2 0 1 None None
You plays red 2 successfully! Board is now green 0, yellow 4, white 0, blue 0, red 2
You now has white 5, green 2, green 4, green 3, blue 1
MOVE: 0 0 None 1 3 None
full hints You about all their blue cards hints remaining: 4
You has white 5, green 2, green 4, green 3, blue 1
MOVE: 1 2 4 1 None None
You plays blue 1 successfully! Board is now green 0, yellow 4, white 0, blue 1, red 2
You now has white 5, green 2, green 4, green 3, red 3
MOVE: 0 0 None 1 4 None
full hints You about all their red cards hints remaining: 3
You has white 5, green 2, green 4, green 3, red 3
MOVE: 1 0 None 0 3 None
You hints full about all their blue cards hints remaining: 2
full has green 4, blue 3, blue 2, green 3, blue 2
MOVE: 0 2 1 None None None
full plays blue 3 and fails. Board was green 0, yellow 4, white 0, blue 1, red 2
full now has green 4, blue 2, green 3, blue 2, white 4
MOVE: 1 2 4 1 None None
You plays red 3 successfully! Board is now green 0, yellow 4, white 0, blue 1, red 3
You now has white 5, green 2, green 4, green 3, red 1
MOVE: 0 3 2 None None None
full discards green 3
trash is now green 1, blue 4, yellow 1, white 4, yellow 1, yellow 4, yellow 2, white 3, green 5, blue 4, blue 3, green 3
full now has green 4, blue 2, blue 2, white 4, blue 1
MOVE: 1 1 None 0 None 2
You hints full about all their 2 hints remaining: 2
full has green 4, blue 2, blue 2, white 4, blue 1
MOVE: 0 2 1 None None None
full plays blue 2 successfully! Board is now green 0, yellow 4, white 0, blue 2, red 3
full now has green 4, blue 2, white 4, blue 1, blue 5
MOVE: 1 1 None 0 None 5
You hints full about all their 5 hints remaining: 1
full has green 4, blue 2, white 4, blue 1, blue 5
MOVE: 0 2 4 None None None
full plays blue 5 and fails. Board was green 0, yellow 4, white 0, blue 2, red 3
full now has green 4, blue 2, white 4, blue 1, white 2
Score 9
