Old GID: bb41fecb3c87a0a9
Treatment: ('full', 1836)
[(0, 2), (3, 4), (1, 5), (1, 2), (0, 3), (2, 3), (2, 1), (0, 4), (1, 1), (2, 1), (4, 3), (3, 3), (4, 1), (1, 1), (4, 2), (4, 4), (4, 4), (0, 1), (3, 1), (0, 1), (0, 2), (0, 1), (1, 4), (3, 1), (1, 2), (4, 1), (3, 4), (2, 2), (1, 3), (3, 2), (4, 1), (2, 4), (4, 5), (4, 3), (2, 1), (2, 5), (1, 3), (2, 4), (4, 2), (1, 1)]
MOVE: 0 3 0 None None None
full discards blue 1
trash is now blue 1
full now has green 4, yellow 4, white 2, blue 5, green 2
MOVE: 1 1 None 0 None 2
You hints full about all their 2 hints remaining: 7
full has green 4, yellow 4, white 2, blue 5, green 2
MOVE: 0 3 2 None None None
full discards white 2
trash is now blue 1, white 2
full now has green 4, yellow 4, blue 5, green 2, blue 4
MOVE: 1 0 None 0 0 None
You hints full about all their green cards hints remaining: 7
full has green 4, yellow 4, blue 5, green 2, blue 4
MOVE: 0 2 0 None None None
full plays green 4 and fails. Board was green 0, yellow 0, white 0, blue 0, red 0
full now has yellow 4, blue 5, green 2, blue 4, yellow 5
MOVE: 1 1 None 0 None 5
You hints full about all their 5 hints remaining: 6
full has yellow 4, blue 5, green 2, blue 4, yellow 5
MOVE: 0 3 0 None None None
full discards yellow 4
trash is now blue 1, white 2, green 4, yellow 4
full now has blue 5, green 2, blue 4, yellow 5, yellow 2
MOVE: 1 0 None 0 3 None
You hints full about all their blue cards hints remaining: 6
full has blue 5, green 2, blue 4, yellow 5, yellow 2
MOVE: 0 2 2 None None None
full plays blue 4 and fails. Board was green 0, yellow 0, white 0, blue 0, red 0
full now has blue 5, green 2, yellow 5, yellow 2, green 3
MOVE: 1 3 2 1 None None
You discards blue 3
trash is now blue 1, white 2, green 4, yellow 4, blue 4, blue 3
You now has white 3, green 5, blue 2, green 3, white 3
MOVE: 0 3 3 None None None
full discards yellow 2
trash is now blue 1, white 2, green 4, yellow 4, blue 4, blue 3, yellow 2
full now has blue 5, green 2, yellow 5, green 3, white 1
MOVE: 1 3 2 1 None None
You discards blue 2
trash is now blue 1, white 2, green 4, yellow 4, blue 4, blue 3, yellow 2, blue 2
You now has white 3, green 5, green 3, white 3, green 4
MOVE: 0 3 3 None None None
full discards green 3
trash is now blue 1, white 2, green 4, yellow 4, blue 4, blue 3, yellow 2, blue 2, green 3
full now has blue 5, green 2, yellow 5, white 1, yellow 1
MOVE: 1 3 2 1 None None
You discards green 3
trash is now blue 1, white 2, green 4, yellow 4, blue 4, blue 3, yellow 2, blue 2, green 3, green 3
You now has white 3, green 5, white 3, green 4, white 1
MOVE: 0 1 None 1 None 1
full hints You about all their 1 hints remaining: 7
You has white 3, green 5, white 3, green 4, white 1
MOVE: 1 2 4 1 None None
You plays white 1 successfully! Board is now green 0, yellow 0, white 1, blue 0, red 0
You now has white 3, green 5, white 3, green 4, red 3
MOVE: 0 3 3 None None None
full discards white 1
trash is now blue 1, white 2, green 4, yellow 4, blue 4, blue 3, yellow 2, blue 2, green 3, green 3, white 1
full now has blue 5, green 2, yellow 5, yellow 1, blue 3
MOVE: 1 1 None 0 None 1
You hints full about all their 1 hints remaining: 7
full has blue 5, green 2, yellow 5, yellow 1, blue 3
MOVE: 0 2 3 None None None
full plays yellow 1 successfully! Board is now green 0, yellow 1, white 1, blue 0, red 0
full now has blue 5, green 2, yellow 5, blue 3, red 1
MOVE: 1 1 None 0 None 1
You hints full about all their 1 hints remaining: 6
full has blue 5, green 2, yellow 5, blue 3, red 1
MOVE: 0 2 4 None None None
full plays red 1 successfully! Board is now green 0, yellow 1, white 1, blue 0, red 1
full now has blue 5, green 2, yellow 5, blue 3, yellow 1
MOVE: 1 2 1 1 None None
You plays green 5 and fails. Board was green 0, yellow 1, white 1, blue 0, red 1
You now has white 3, white 3, green 4, red 3, red 2
Score 3
