Old GID: a99478ba6c28465b
Treatment: ('full', 2847)
[(1, 4), (3, 3), (0, 1), (3, 5), (2, 3), (2, 2), (2, 4), (3, 1), (0, 5), (1, 1), (2, 3), (1, 4), (4, 4), (3, 2), (1, 1), (4, 2), (1, 3), (3, 4), (4, 1), (4, 3), (1, 5), (0, 2), (3, 4), (0, 2), (2, 5), (0, 1), (1, 2), (0, 4), (2, 1), (2, 4), (4, 2), (2, 1), (2, 2), (1, 2), (3, 1), (4, 4), (1, 1), (1, 3), (0, 1), (3, 3)]
MOVE: 0 1 None 1 None 1
full hints You about all their 1 hints remaining: 7
You has blue 1, red 1, red 3, green 3, green 3
MOVE: 1 1 None 0 None 1
You hints full about all their 1 hints remaining: 6
full has white 1, blue 2, red 1, green 4, red 5
MOVE: 0 2 0 None None None
full plays white 1 successfully! Board is now green 0, yellow 0, white 1, blue 0, red 0
full now has blue 2, red 1, green 4, red 5, yellow 4
MOVE: 1 2 1 1 None None
You plays red 1 successfully! Board is now green 0, yellow 0, white 1, blue 0, red 1
You now has blue 1, red 3, green 3, green 3, blue 3
MOVE: 0 3 4 None None None
full discards yellow 4
trash is now yellow 4
full now has blue 2, red 1, green 4, red 5, green 1
MOVE: 1 2 0 1 None None
You plays blue 1 successfully! Board is now green 0, yellow 0, white 1, blue 1, red 1
You now has red 3, green 3, green 3, blue 3, blue 5
MOVE: 0 3 4 None None None
full discards green 1
trash is now yellow 4, green 1
full now has blue 2, red 1, green 4, red 5, white 3
MOVE: 1 1 None 0 None 2
You hints full about all their 2 hints remaining: 7
full has blue 2, red 1, green 4, red 5, white 3
MOVE: 0 2 0 None None None
full plays blue 2 successfully! Board is now green 0, yellow 0, white 1, blue 2, red 1
full now has red 1, green 4, red 5, white 3, white 2
MOVE: 1 1 None 0 None 2
You hints full about all their 2 hints remaining: 6
full has red 1, green 4, red 5, white 3, white 2
MOVE: 0 2 4 None None None
full plays white 2 successfully! Board is now green 0, yellow 0, white 2, blue 2, red 1
full now has red 1, green 4, red 5, white 3, white 4
MOVE: 1 1 None 0 None 3
You hints full about all their 3 hints remaining: 5
full has red 1, green 4, red 5, white 3, white 4
MOVE: 0 2 3 None None None
full plays white 3 successfully! Board is now green 0, yellow 0, white 3, blue 2, red 1
full now has red 1, green 4, red 5, white 4, blue 1
MOVE: 1 0 None 0 2 None
You hints full about all their white cards hints remaining: 4
full has red 1, green 4, red 5, white 4, blue 1
MOVE: 0 2 3 None None None
full plays white 4 successfully! Board is now green 0, yellow 0, white 4, blue 2, red 1
full now has red 1, green 4, red 5, blue 1, green 5
MOVE: 1 1 None 0 None 5
You hints full about all their 5 hints remaining: 3
full has red 1, green 4, red 5, blue 1, green 5
MOVE: 0 2 4 None None None
full plays green 5 and fails. Board was green 0, yellow 0, white 4, blue 2, red 1
full now has red 1, green 4, red 5, blue 1, yellow 1
MOVE: 1 0 None 0 1 None
You hints full about all their yellow cards hints remaining: 2
full has red 1, green 4, red 5, blue 1, yellow 1
MOVE: 0 2 4 None None None
full plays yellow 1 successfully! Board is now green 0, yellow 1, white 4, blue 2, red 1
full now has red 1, green 4, red 5, blue 1, white 3
MOVE: 1 3 0 1 None None
You discards red 3
trash is now yellow 4, green 1, green 5, red 3
You now has green 3, green 3, blue 3, blue 5, yellow 4
MOVE: 0 3 1 None None None
full discards green 4
trash is now yellow 4, green 1, green 5, red 3, green 4
full now has red 1, red 5, blue 1, white 3, red 4
MOVE: 1 0 None 0 2 None
You hints full about all their white cards hints remaining: 3
full has red 1, red 5, blue 1, white 3, red 4
MOVE: 0 2 3 None None None
full plays white 3 and fails. Board was green 0, yellow 1, white 4, blue 2, red 1
full now has red 1, red 5, blue 1, red 4, blue 2
MOVE: 1 0 None 0 4 None
You hints full about all their red cards hints remaining: 2
full has red 1, red 5, blue 1, red 4, blue 2
MOVE: 0 2 3 None None None
full plays red 4 and fails. Board was green 0, yellow 1, white 4, blue 2, red 1
full now has red 1, red 5, blue 1, blue 2, yellow 1
Score 8
