Treatment: ('outer', 5)
[(1, 2), (1, 3), (1, 1), (0, 1), (1, 1), (4, 5), (1, 4), (0, 3), (2, 3), (3, 3), (2, 1), (3, 1), (4, 3), (3, 2), (4, 1), (1, 3), (0, 2), (2, 5), (4, 4), (2, 1), (2, 4), (0, 4), (0, 4), (0, 1), (4, 1), (1, 5), (0, 5), (1, 4), (0, 2), (4, 4), (2, 3), (3, 5), (2, 1), (0, 1), (4, 1), (3, 2), (4, 2), (3, 4), (3, 3), (3, 1)]
MOVE: 0 0 None 1 1 None
outer hints You about all their yellow cards hints remaining: 7
You has white 2, red 2, red 3, yellow 2, yellow 1
MOVE: 1 1 None 0 None 1
You hints outer about all their 1 hints remaining: 6
outer has blue 1, white 4, white 2, green 3, blue 4
MOVE: 0 2 0 None None None
outer plays blue 1 successfully! Board is now green 0, yellow 0, white 0, blue 1, red 0
outer now has white 4, white 2, green 3, blue 4, yellow 2
MOVE: 1 0 None 0 1 None
You hints outer about all their yellow cards hints remaining: 5
outer has white 4, white 2, green 3, blue 4, yellow 2
MOVE: 0 1 None 1 None 1
outer hints You about all their 1 hints remaining: 4
You has white 2, red 2, red 3, yellow 2, yellow 1
MOVE: 1 2 4 1 None None
You plays yellow 1 successfully! Board is now green 0, yellow 1, white 0, blue 1, red 0
You now has white 2, red 2, red 3, yellow 2, yellow 3
MOVE: 0 0 None 1 1 None
outer hints You about all their yellow cards hints remaining: 3
You has white 2, red 2, red 3, yellow 2, yellow 3
MOVE: 1 2 3 1 None None
You plays yellow 2 successfully! Board is now green 0, yellow 2, white 0, blue 1, red 0
You now has white 2, red 2, red 3, yellow 3, yellow 1
MOVE: 0 0 None 1 1 None
outer hints You about all their yellow cards hints remaining: 2
You has white 2, red 2, red 3, yellow 3, yellow 1
MOVE: 1 2 3 1 None None
You plays yellow 3 successfully! Board is now green 0, yellow 3, white 0, blue 1, red 0
You now has white 2, red 2, red 3, yellow 1, green 1
MOVE: 0 0 None 1 0 None
outer hints You about all their green cards hints remaining: 1
You has white 2, red 2, red 3, yellow 1, green 1
MOVE: 1 3 2 1 None None
You discards red 3
trash is now red 3
You now has white 2, red 2, yellow 1, green 1, yellow 1
MOVE: 0 1 None 1 None 1
outer hints You about all their 1 hints remaining: 1
You has white 2, red 2, yellow 1, green 1, yellow 1
MOVE: 1 2 3 1 None None
You plays green 1 successfully! Board is now green 1, yellow 3, white 0, blue 1, red 0
You now has white 2, red 2, yellow 1, yellow 1, red 5
MOVE: 0 1 None 1 None 2
outer hints You about all their 2 hints remaining: 0
You has white 2, red 2, yellow 1, yellow 1, red 5
MOVE: 1 2 0 1 None None
You plays white 2 and fails. Board was green 1, yellow 3, white 0, blue 1, red 0
You now has red 2, yellow 1, yellow 1, red 5, yellow 4
MOVE: 0 3 2 None None None
outer discards green 3
trash is now red 3, white 2, green 3
outer now has white 4, white 2, blue 4, yellow 2, green 3
MOVE: 1 0 None 0 0 None
You hints outer about all their green cards hints remaining: 0
outer has white 4, white 2, blue 4, yellow 2, green 3
MOVE: 0 3 2 None None None
outer discards blue 4
trash is now red 3, white 2, green 3, blue 4
outer now has white 4, white 2, yellow 2, green 3, white 3
MOVE: 1 2 0 1 None None
You plays red 2 and fails. Board was green 1, yellow 3, white 0, blue 1, red 0
You now has yellow 1, yellow 1, red 5, yellow 4, blue 3
MOVE: 0 0 None 1 1 None
outer hints You about all their yellow cards hints remaining: 0
You has yellow 1, yellow 1, red 5, yellow 4, blue 3
MOVE: 1 3 0 1 None None
You discards yellow 1
trash is now red 3, white 2, green 3, blue 4, red 2, yellow 1
You now has yellow 1, red 5, yellow 4, blue 3, white 1
MOVE: 0 1 None 1 None 4
outer hints You about all their 4 hints remaining: 0
You has yellow 1, red 5, yellow 4, blue 3, white 1
MOVE: 1 3 0 1 None None
You discards yellow 1
trash is now red 3, white 2, green 3, blue 4, red 2, yellow 1, yellow 1
You now has red 5, yellow 4, blue 3, white 1, blue 1
MOVE: 0 1 None 1 None 1
outer hints You about all their 1 hints remaining: 0
You has red 5, yellow 4, blue 3, white 1, blue 1
MOVE: 1 2 1 1 None None
You plays yellow 4 successfully! Board is now green 1, yellow 4, white 0, blue 1, red 0
You now has red 5, blue 3, white 1, blue 1, red 3
MOVE: 0 3 1 None None None
outer discards white 2
trash is now red 3, white 2, green 3, blue 4, red 2, yellow 1, yellow 1, white 2
outer now has white 4, yellow 2, green 3, white 3, blue 2
MOVE: 1 2 2 1 None None
You plays white 1 successfully! Board is now green 1, yellow 4, white 1, blue 1, red 0
You now has red 5, blue 3, blue 1, red 3, red 1
MOVE: 0 0 None 1 4 None
outer hints You about all their red cards hints remaining: 0
You has red 5, blue 3, blue 1, red 3, red 1
MOVE: 1 2 0 1 None None
You plays red 5 and fails. Board was green 1, yellow 4, white 1, blue 1, red 0
You now has blue 3, blue 1, red 3, red 1, yellow 3
Score 7
