Old GID: 8a1a14c8673cd042
Treatment: ('outer', 5689)
[(2, 1), (1, 1), (4, 2), (2, 3), (1, 3), (3, 3), (4, 1), (4, 5), (0, 1), (4, 2), (2, 4), (0, 2), (2, 2), (2, 2), (3, 3), (1, 1), (0, 3), (4, 4), (1, 3), (4, 3), (0, 2), (3, 1), (3, 2), (0, 1), (4, 3), (4, 1), (1, 4), (2, 3), (3, 5), (1, 1), (0, 5), (3, 4), (2, 4), (0, 4), (2, 5), (3, 1), (2, 1), (4, 4), (3, 2), (1, 4)]
MOVE: 0 1 None 1 None 1
outer hints You about all their 1 hints remaining: 7
You has yellow 2, blue 1, red 1, green 1, yellow 2
MOVE: 1 2 1 1 None None
You plays blue 1 successfully! Board is now green 0, yellow 0, white 0, blue 1, red 0
You now has yellow 2, red 1, green 1, yellow 2, white 1
MOVE: 0 0 None 1 4 None
outer hints You about all their red cards hints remaining: 6
You has yellow 2, red 1, green 1, yellow 2, white 1
MOVE: 1 1 None 0 None 5
You hints outer about all their 5 hints remaining: 5
outer has yellow 5, white 1, green 4, blue 4, green 3
MOVE: 0 1 None 1 None 1
outer hints You about all their 1 hints remaining: 4
You has yellow 2, red 1, green 1, yellow 2, white 1
MOVE: 1 2 4 1 None None
You plays white 1 successfully! Board is now green 0, yellow 0, white 1, blue 1, red 0
You now has yellow 2, red 1, green 1, yellow 2, yellow 1
MOVE: 0 0 None 1 0 None
outer hints You about all their green cards hints remaining: 3
You has yellow 2, red 1, green 1, yellow 2, yellow 1
MOVE: 1 2 2 1 None None
You plays green 1 successfully! Board is now green 1, yellow 0, white 1, blue 1, red 0
You now has yellow 2, red 1, yellow 2, yellow 1, red 2
MOVE: 0 0 None 1 1 None
outer hints You about all their yellow cards hints remaining: 2
You has yellow 2, red 1, yellow 2, yellow 1, red 2
MOVE: 1 2 1 1 None None
You plays red 1 successfully! Board is now green 1, yellow 0, white 1, blue 1, red 1
You now has yellow 2, yellow 2, yellow 1, red 2, white 3
MOVE: 0 1 None 1 None 2
outer hints You about all their 2 hints remaining: 1
You has yellow 2, yellow 2, yellow 1, red 2, white 3
MOVE: 1 2 1 1 None None
You plays yellow 2 and fails. Board was green 1, yellow 0, white 1, blue 1, red 1
You now has yellow 2, yellow 1, red 2, white 3, yellow 3
MOVE: 0 0 None 1 4 None
outer hints You about all their red cards hints remaining: 0
You has yellow 2, yellow 1, red 2, white 3, yellow 3
MOVE: 1 2 2 1 None None
You plays red 2 successfully! Board is now green 1, yellow 0, white 1, blue 1, red 2
You now has yellow 2, yellow 1, white 3, yellow 3, blue 3
MOVE: 0 3 1 None None None
outer discards white 1
trash is now yellow 2, white 1
outer now has yellow 5, green 4, blue 4, green 3, red 1
MOVE: 1 2 1 1 None None
You plays yellow 1 successfully! Board is now green 1, yellow 1, white 1, blue 1, red 2
You now has yellow 2, white 3, yellow 3, blue 3, red 5
MOVE: 0 1 None 1 None 2
outer hints You about all their 2 hints remaining: 0
You has yellow 2, white 3, yellow 3, blue 3, red 5
MOVE: 1 2 0 1 None None
You plays yellow 2 successfully! Board is now green 1, yellow 2, white 1, blue 1, red 2
You now has white 3, yellow 3, blue 3, red 5, green 1
MOVE: 0 3 3 None None None
outer discards green 3
trash is now yellow 2, white 1, green 3
outer now has yellow 5, green 4, blue 4, red 1, red 2
MOVE: 1 3 0 1 None None
You discards white 3
trash is now yellow 2, white 1, green 3, white 3
You now has yellow 3, blue 3, red 5, green 1, white 4
MOVE: 0 1 None 1 None 3
outer hints You about all their 3 hints remaining: 1
You has yellow 3, blue 3, red 5, green 1, white 4
MOVE: 1 2 1 1 None None
You plays blue 3 and fails. Board was green 1, yellow 2, white 1, blue 1, red 2
You now has yellow 3, red 5, green 1, white 4, green 2
MOVE: 0 0 None 1 1 None
outer hints You about all their yellow cards hints remaining: 0
You has yellow 3, red 5, green 1, white 4, green 2
MOVE: 1 2 0 1 None None
You plays yellow 3 successfully! Board is now green 1, yellow 3, white 1, blue 1, red 2
You now has red 5, green 1, white 4, green 2, white 2
MOVE: 0 3 0 None None None
outer discards yellow 5
trash is now yellow 2, white 1, green 3, white 3, blue 3, yellow 5
outer now has green 4, blue 4, red 1, red 2, white 2
MOVE: 1 0 None 0 2 None
You hints outer about all their white cards hints remaining: 0
outer has green 4, blue 4, red 1, red 2, white 2
MOVE: 0 3 3 None None None
outer discards red 2
trash is now yellow 2, white 1, green 3, white 3, blue 3, yellow 5, red 2
outer now has green 4, blue 4, red 1, white 2, blue 3
MOVE: 1 1 None 0 None 2
You hints outer about all their 2 hints remaining: 0
outer has green 4, blue 4, red 1, white 2, blue 3
MOVE: 0 2 3 None None None
outer plays white 2 successfully! Board is now green 1, yellow 3, white 2, blue 1, red 2
outer now has green 4, blue 4, red 1, blue 3, yellow 1
MOVE: 1 3 0 1 None None
You discards red 5
trash is now yellow 2, white 1, green 3, white 3, blue 3, yellow 5, red 2, red 5
You now has green 1, white 4, green 2, white 2, green 3
MOVE: 0 0 None 1 0 None
outer hints You about all their green cards hints remaining: 0
You has green 1, white 4, green 2, white 2, green 3
MOVE: 1 2 4 1 None None
You plays green 3 and fails. Board was green 1, yellow 3, white 2, blue 1, red 2
You now has green 1, white 4, green 2, white 2, red 4
Score 9
