Old GID: e46ceb054dff2afd
Treatment: ('full', 435)
[(1, 2), (0, 3), (1, 3), (3, 3), (3, 4), (3, 1), (4, 1), (0, 3), (3, 2), (0, 1), (1, 1), (1, 1), (0, 4), (3, 1), (1, 5), (4, 3), (2, 3), (0, 1), (3, 2), (4, 4), (2, 4), (2, 5), (3, 3), (1, 4), (1, 2), (2, 2), (1, 4), (0, 4), (4, 3), (0, 2), (2, 1), (2, 1), (2, 1), (3, 5), (2, 4), (0, 1), (4, 1), (2, 2), (4, 1), (4, 5)]
MOVE: 0 1 None 1 None 1
full hints You about all their 1 hints remaining: 7
You has red 4, green 5, white 3, yellow 1, yellow 3
MOVE: 1 2 3 1 None None
You plays yellow 1 successfully! Board is now green 0, yellow 1, white 0, blue 0, red 0
You now has red 4, green 5, white 3, yellow 3, yellow 2
MOVE: 0 1 None 1 None 2
full hints You about all their 2 hints remaining: 6
You has red 4, green 5, white 3, yellow 3, yellow 2
MOVE: 1 2 4 1 None None
You plays yellow 2 successfully! Board is now green 0, yellow 2, white 0, blue 0, red 0
You now has red 4, green 5, white 3, yellow 3, green 3
MOVE: 0 0 None 1 1 None
full hints You about all their yellow cards hints remaining: 5
You has red 4, green 5, white 3, yellow 3, green 3
MOVE: 1 2 3 1 None None
You plays yellow 3 successfully! Board is now green 0, yellow 3, white 0, blue 0, red 0
You now has red 4, green 5, white 3, green 3, yellow 3
MOVE: 0 1 None 1 None 3
full hints You about all their 3 hints remaining: 4
You has red 4, green 5, white 3, green 3, yellow 3
MOVE: 1 1 None 0 None 1
You hints full about all their 1 hints remaining: 3
full has blue 4, blue 1, green 2, red 2, red 2
MOVE: 0 2 1 None None None
full plays blue 1 successfully! Board is now green 0, yellow 3, white 0, blue 1, red 0
full now has blue 4, green 2, red 2, red 2, blue 3
MOVE: 1 0 None 0 4 None
You hints full about all their red cards hints remaining: 2
full has blue 4, green 2, red 2, red 2, blue 3
MOVE: 0 0 None 1 1 None
full hints You about all their yellow cards hints remaining: 1
You has red 4, green 5, white 3, green 3, yellow 3
MOVE: 1 3 4 1 None None
You discards yellow 3
trash is now yellow 3
You now has red 4, green 5, white 3, green 3, blue 4
MOVE: 0 3 4 None None None
full discards blue 3
trash is now yellow 3, blue 3
full now has blue 4, green 2, red 2, red 2, blue 1
MOVE: 1 1 None 0 None 4
You hints full about all their 4 hints remaining: 2
full has blue 4, green 2, red 2, red 2, blue 1
MOVE: 0 2 0 None None None
full plays blue 4 and fails. Board was green 0, yellow 3, white 0, blue 1, red 0
full now has green 2, red 2, red 2, blue 1, red 1
MOVE: 1 1 None 0 None 1
You hints full about all their 1 hints remaining: 1
full has green 2, red 2, red 2, blue 1, red 1
MOVE: 0 2 3 None None None
full plays blue 1 and fails. Board was green 0, yellow 3, white 0, blue 1, red 0
full now has green 2, red 2, red 2, red 1, green 3
MOVE: 1 0 None 0 4 None
You hints full about all their red cards hints remaining: 0
full has green 2, red 2, red 2, red 1, green 3
MOVE: 0 2 3 None None None
full plays red 1 successfully! Board is now green 0, yellow 3, white 0, blue 1, red 1
full now has green 2, red 2, red 2, green 3, blue 2
MOVE: 1 3 3 1 None None
You discards green 3
trash is now yellow 3, blue 3, blue 4, blue 1, green 3
You now has red 4, green 5, white 3, blue 4, green 1
MOVE: 0 0 None 1 0 None
full hints You about all their green cards hints remaining: 0
You has red 4, green 5, white 3, blue 4, green 1
MOVE: 1 3 0 1 None None
You discards red 4
trash is now yellow 3, blue 3, blue 4, blue 1, green 3, red 4
You now has green 5, white 3, blue 4, green 1, yellow 1
MOVE: 0 3 4 None None None
full discards blue 2
trash is now yellow 3, blue 3, blue 4, blue 1, green 3, red 4, blue 2
full now has green 2, red 2, red 2, green 3, yellow 1
MOVE: 1 1 None 0 None 2
You hints full about all their 2 hints remaining: 1
full has green 2, red 2, red 2, green 3, yellow 1
MOVE: 0 2 0 None None None
full plays green 2 and fails. Board was green 0, yellow 3, white 0, blue 1, red 1
full now has red 2, red 2, green 3, yellow 1, green 4
Score 5
