Old GID: 8d95df13b1b8f0a0
Treatment: ('outer', 4342)
[(4, 3), (2, 4), (4, 1), (4, 5), (0, 1), (1, 2), (1, 3), (2, 1), (1, 1), (4, 2), (4, 1), (2, 3), (3, 4), (3, 1), (2, 3), (1, 4), (0, 2), (3, 1), (4, 2), (0, 4), (4, 3), (1, 3), (0, 1), (1, 4), (3, 4), (3, 3), (2, 2), (1, 1), (1, 2), (4, 1), (2, 2), (2, 1), (1, 5), (2, 1), (3, 1), (1, 1), (0, 3), (3, 3), (2, 5), (0, 4)]
MOVE: 0 1 None 1 None 1
outer hints You about all their 1 hints remaining: 7
You has blue 5, green 3, green 5, blue 2, green 1
MOVE: 1 2 4 1 None None
You plays green 1 successfully! Board is now green 1, yellow 0, white 0, blue 0, red 0
You now has blue 5, green 3, green 5, blue 2, red 3
MOVE: 0 0 None 1 3 None
outer hints You about all their blue cards hints remaining: 6
You has blue 5, green 3, green 5, blue 2, red 3
MOVE: 1 0 None 0 0 None
You hints outer about all their green cards hints remaining: 5
outer has white 4, green 2, red 4, red 4, blue 2
MOVE: 0 1 None 1 None 5
outer hints You about all their 5 hints remaining: 4
You has blue 5, green 3, green 5, blue 2, red 3
MOVE: 1 1 None 0 None 2
You hints outer about all their 2 hints remaining: 3
outer has white 4, green 2, red 4, red 4, blue 2
MOVE: 0 2 1 None None None
outer plays green 2 successfully! Board is now green 2, yellow 0, white 0, blue 0, red 0
outer now has white 4, red 4, red 4, blue 2, white 4
MOVE: 1 2 3 1 None None
You plays blue 2 and fails. Board was green 2, yellow 0, white 0, blue 0, red 0
You now has blue 5, green 3, green 5, red 3, red 1
MOVE: 0 1 None 1 None 3
outer hints You about all their 3 hints remaining: 2
You has blue 5, green 3, green 5, red 3, red 1
MOVE: 1 2 1 1 None None
You plays green 3 successfully! Board is now green 3, yellow 0, white 0, blue 0, red 0
You now has blue 5, green 5, red 3, red 1, red 5
MOVE: 0 0 None 1 4 None
outer hints You about all their red cards hints remaining: 1
You has blue 5, green 5, red 3, red 1, red 5
MOVE: 1 3 1 1 None None
You discards green 5
trash is now blue 2, green 5
You now has blue 5, red 3, red 1, red 5, green 1
MOVE: 0 1 None 1 None 1
outer hints You about all their 1 hints remaining: 1
You has blue 5, red 3, red 1, red 5, green 1
MOVE: 1 2 2 1 None None
You plays red 1 successfully! Board is now green 3, yellow 0, white 0, blue 0, red 1
You now has blue 5, red 3, red 5, green 1, yellow 2
MOVE: 0 1 None 1 None 2
outer hints You about all their 2 hints remaining: 0
You has blue 5, red 3, red 5, green 1, yellow 2
MOVE: 1 2 4 1 None None
You plays yellow 2 and fails. Board was green 3, yellow 0, white 0, blue 0, red 1
You now has blue 5, red 3, red 5, green 1, yellow 3
MOVE: 0 3 4 None None None
outer discards white 4
trash is now blue 2, green 5, yellow 2, white 4
outer now has white 4, red 4, red 4, blue 2, white 1
MOVE: 1 1 None 0 None 1
You hints outer about all their 1 hints remaining: 0
outer has white 4, red 4, red 4, blue 2, white 1
MOVE: 0 3 0 None None None
outer discards white 4
trash is now blue 2, green 5, yellow 2, white 4, white 4
outer now has red 4, red 4, blue 2, white 1, yellow 1
MOVE: 1 0 None 0 2 None
You hints outer about all their white cards hints remaining: 0
outer has red 4, red 4, blue 2, white 1, yellow 1
MOVE: 0 2 3 None None None
outer plays white 1 successfully! Board is now green 3, yellow 0, white 1, blue 0, red 1
outer now has red 4, red 4, blue 2, yellow 1, red 2
MOVE: 1 2 3 1 None None
You plays green 1 and fails. Board was green 3, yellow 0, white 1, blue 0, red 1
You now has blue 5, red 3, red 5, yellow 3, red 1
Score 5
