Old GID: 0b5039b462af2d84
Treatment: ('intentional', 3089)
[(2, 2), (3, 4), (3, 5), (2, 1), (3, 2), (2, 3), (4, 4), (1, 3), (2, 5), (4, 2), (4, 1), (2, 3), (0, 2), (1, 1), (1, 4), (0, 1), (4, 5), (4, 3), (3, 3), (3, 1), (0, 1), (3, 2), (0, 1), (4, 1), (0, 5), (4, 4), (2, 1), (4, 1), (0, 2), (1, 5), (0, 3), (4, 2), (4, 3), (1, 4), (2, 2), (2, 1), (1, 1), (0, 3), (0, 4), (0, 4)]
MOVE: 0 1 None 1 None 1
intentional hints You about all their 1 hints remaining: 7
You has yellow 2, blue 1, yellow 2, blue 3, white 4
MOVE: 1 1 None 0 None 1
You hints intentional about all their 1 hints remaining: 6
intentional has white 4, blue 1, yellow 1, blue 4, yellow 3
MOVE: 0 2 2 None None None
intentional plays yellow 1 successfully! Board is now green 0, yellow 1, white 0, blue 0, red 0
intentional now has white 4, blue 1, blue 4, yellow 3, white 2
MOVE: 1 0 None 0 3 None
You hints intentional about all their blue cards hints remaining: 5
intentional has white 4, blue 1, blue 4, yellow 3, white 2
MOVE: 0 2 1 None None None
intentional plays blue 1 successfully! Board is now green 0, yellow 1, white 0, blue 1, red 0
intentional now has white 4, blue 4, yellow 3, white 2, blue 4
MOVE: 1 2 1 1 None None
You plays blue 1 and fails. Board was green 0, yellow 1, white 0, blue 1, red 0
You now has yellow 2, yellow 2, blue 3, white 4, blue 5
MOVE: 0 0 None 1 1 None
intentional hints You about all their yellow cards hints remaining: 4
You has yellow 2, yellow 2, blue 3, white 4, blue 5
MOVE: 1 2 1 1 None None
You plays yellow 2 successfully! Board is now green 0, yellow 2, white 0, blue 1, red 0
You now has yellow 2, blue 3, white 4, blue 5, white 1
MOVE: 0 0 None 1 2 None
intentional hints You about all their white cards hints remaining: 3
You has yellow 2, blue 3, white 4, blue 5, white 1
MOVE: 1 2 4 1 None None
You plays white 1 successfully! Board is now green 0, yellow 2, white 1, blue 1, red 0
You now has yellow 2, blue 3, white 4, blue 5, blue 2
MOVE: 0 1 None 1 None 2
intentional hints You about all their 2 hints remaining: 2
You has yellow 2, blue 3, white 4, blue 5, blue 2
MOVE: 1 2 0 1 None None
You plays yellow 2 and fails. Board was green 0, yellow 2, white 1, blue 1, red 0
You now has blue 3, white 4, blue 5, blue 2, white 3
MOVE: 0 3 4 None None None
intentional discards blue 4
trash is now blue 1, yellow 2, blue 4
intentional now has white 4, blue 4, yellow 3, white 2, red 4
MOVE: 1 1 None 0 None 3
You hints intentional about all their 3 hints remaining: 2
intentional has white 4, blue 4, yellow 3, white 2, red 4
MOVE: 0 3 2 None None None
intentional discards yellow 3
trash is now blue 1, yellow 2, blue 4, yellow 3
intentional now has white 4, blue 4, white 2, red 4, yellow 3
MOVE: 1 0 None 0 1 None
You hints intentional about all their yellow cards hints remaining: 2
intentional has white 4, blue 4, white 2, red 4, yellow 3
MOVE: 0 3 2 None None None
intentional discards white 2
trash is now blue 1, yellow 2, blue 4, yellow 3, white 2
intentional now has white 4, blue 4, red 4, yellow 3, white 5
MOVE: 1 1 None 0 None 3
You hints intentional about all their 3 hints remaining: 2
intentional has white 4, blue 4, red 4, yellow 3, white 5
MOVE: 0 2 3 None None None
intentional plays yellow 3 successfully! Board is now green 0, yellow 3, white 1, blue 1, red 0
intentional now has white 4, blue 4, red 4, white 5, red 2
MOVE: 1 2 3 1 None None
You plays blue 2 successfully! Board is now green 0, yellow 3, white 1, blue 2, red 0
You now has blue 3, white 4, blue 5, white 3, red 1
MOVE: 0 0 None 1 4 None
intentional hints You about all their red cards hints remaining: 1
You has blue 3, white 4, blue 5, white 3, red 1
MOVE: 1 2 1 1 None None
You plays white 4 and fails. Board was green 0, yellow 3, white 1, blue 2, red 0
You now has blue 3, blue 5, white 3, red 1, white 3
Score 6
