Old GID: 07a95aab32e4a84a
Treatment: ('outer', 8103)
[(1, 1), (1, 3), (0, 1), (3, 1), (0, 3), (4, 3), (4, 1), (2, 2), (3, 1), (1, 1), (3, 2), (3, 2), (0, 5), (4, 1), (3, 4), (0, 4), (0, 3), (1, 4), (4, 4), (2, 1), (4, 2), (3, 4), (3, 1), (2, 2), (3, 3), (0, 4), (1, 4), (1, 2), (1, 2), (2, 3), (0, 1), (3, 5), (1, 1), (2, 1), (2, 4), (2, 4), (2, 1), (2, 5), (3, 3), (4, 2)]
MOVE: 0 1 None 1 None 1
outer hints You about all their 1 hints remaining: 7
You has white 3, red 4, red 3, green 1, green 2
MOVE: 1 2 3 1 None None
You plays green 1 successfully! Board is now green 1, yellow 0, white 0, blue 0, red 0
You now has white 3, red 4, red 3, green 2, yellow 1
MOVE: 0 0 None 1 0 None
outer hints You about all their green cards hints remaining: 6
You has white 3, red 4, red 3, green 2, yellow 1
MOVE: 1 2 3 1 None None
You plays green 2 successfully! Board is now green 2, yellow 0, white 0, blue 0, red 0
You now has white 3, red 4, red 3, yellow 1, yellow 3
MOVE: 0 0 None 1 1 None
outer hints You about all their yellow cards hints remaining: 5
You has white 3, red 4, red 3, yellow 1, yellow 3
MOVE: 1 2 4 1 None None
You plays yellow 3 and fails. Board was green 2, yellow 0, white 0, blue 0, red 0
You now has white 3, red 4, red 3, yellow 1, green 1
MOVE: 0 1 None 1 None 1
outer hints You about all their 1 hints remaining: 4
You has white 3, red 4, red 3, yellow 1, green 1
MOVE: 1 2 3 1 None None
You plays yellow 1 successfully! Board is now green 2, yellow 1, white 0, blue 0, red 0
You now has white 3, red 4, red 3, green 1, blue 1
MOVE: 0 0 None 1 3 None
outer hints You about all their blue cards hints remaining: 3
You has white 3, red 4, red 3, green 1, blue 1
MOVE: 1 2 4 1 None None
You plays blue 1 successfully! Board is now green 2, yellow 1, white 0, blue 1, red 0
You now has white 3, red 4, red 3, green 1, green 3
MOVE: 0 1 None 1 None 3
outer hints You about all their 3 hints remaining: 2
You has white 3, red 4, red 3, green 1, green 3
MOVE: 1 2 3 1 None None
You plays green 1 and fails. Board was green 2, yellow 1, white 0, blue 1, red 0
You now has white 3, red 4, red 3, green 3, red 3
MOVE: 0 0 None 1 0 None
outer hints You about all their green cards hints remaining: 1
You has white 3, red 4, red 3, green 3, red 3
MOVE: 1 2 3 1 None None
You plays green 3 successfully! Board is now green 3, yellow 1, white 0, blue 1, red 0
You now has white 3, red 4, red 3, red 3, red 1
MOVE: 0 1 None 1 None 1
outer hints You about all their 1 hints remaining: 0
You has white 3, red 4, red 3, red 3, red 1
MOVE: 1 2 4 1 None None
You plays red 1 successfully! Board is now green 3, yellow 1, white 0, blue 1, red 1
You now has white 3, red 4, red 3, red 3, white 2
MOVE: 0 3 2 None None None
outer discards red 5
trash is now yellow 3, green 1, red 5
outer now has red 1, yellow 5, yellow 3, green 2, blue 1
MOVE: 1 2 4 1 None None
You plays white 2 and fails. Board was green 3, yellow 1, white 0, blue 1, red 1
You now has white 3, red 4, red 3, red 3, yellow 1
Score 6
