Old GID: 20fa3dc2d76da602
Treatment: ('intentional', 615)
[(2, 1), (1, 4), (1, 3), (4, 5), (3, 5), (0, 1), (0, 2), (3, 4), (2, 3), (4, 1), (4, 2), (0, 4), (2, 2), (1, 5), (0, 3), (2, 1), (4, 2), (4, 1), (0, 1), (4, 1), (2, 1), (0, 5), (3, 4), (4, 3), (1, 1), (2, 5), (3, 2), (4, 4), (3, 1), (0, 4), (3, 2), (1, 2), (2, 2), (0, 1), (1, 3), (1, 2), (0, 3), (3, 1), (0, 2), (1, 1)]
MOVE: 0 1 None 1 None 1
intentional hints You about all their 1 hints remaining: 7
You has white 4, red 4, white 4, blue 3, blue 1
MOVE: 1 2 4 1 None None
You plays blue 1 successfully! Board is now green 0, yellow 0, white 0, blue 1, red 0
You now has white 4, red 4, white 4, blue 3, white 1
MOVE: 0 0 None 1 2 None
intentional hints You about all their white cards hints remaining: 6
You has white 4, red 4, white 4, blue 3, white 1
MOVE: 1 1 None 0 None 1
You hints intentional about all their 1 hints remaining: 5
intentional has white 3, red 3, yellow 4, blue 3, yellow 1
MOVE: 0 1 None 1 None 1
intentional hints You about all their 1 hints remaining: 4
You has white 4, red 4, white 4, blue 3, white 1
MOVE: 1 0 None 0 1 None
You hints intentional about all their yellow cards hints remaining: 3
intentional has white 3, red 3, yellow 4, blue 3, yellow 1
MOVE: 0 2 4 None None None
intentional plays yellow 1 successfully! Board is now green 0, yellow 1, white 0, blue 1, red 0
intentional now has white 3, red 3, yellow 4, blue 3, yellow 4
MOVE: 1 2 4 1 None None
You plays white 1 successfully! Board is now green 0, yellow 1, white 1, blue 1, red 0
You now has white 4, red 4, white 4, blue 3, yellow 3
MOVE: 0 3 4 None None None
intentional discards yellow 4
trash is now yellow 4
intentional now has white 3, red 3, yellow 4, blue 3, red 5
MOVE: 1 2 2 1 None None
You plays white 4 and fails. Board was green 0, yellow 1, white 1, blue 1, red 0
You now has white 4, red 4, blue 3, yellow 3, blue 5
MOVE: 0 3 4 None None None
intentional discards red 5
trash is now yellow 4, white 4, red 5
intentional now has white 3, red 3, yellow 4, blue 3, green 1
MOVE: 1 2 0 1 None None
You plays white 4 and fails. Board was green 0, yellow 1, white 1, blue 1, red 0
You now has red 4, blue 3, yellow 3, blue 5, green 2
MOVE: 0 3 4 None None None
intentional discards green 1
trash is now yellow 4, white 4, red 5, white 4, green 1
intentional now has white 3, red 3, yellow 4, blue 3, blue 4
MOVE: 1 2 1 1 None None
You plays blue 3 and fails. Board was green 0, yellow 1, white 1, blue 1, red 0
You now has red 4, yellow 3, blue 5, green 2, white 3
Score 3
