Old GID: ea291613bc94014a
Treatment: ('outer', 6701)
[(0, 2), (1, 1), (4, 4), (2, 4), (2, 5), (4, 1), (4, 2), (3, 1), (3, 3), (0, 4), (3, 2), (4, 5), (0, 4), (2, 4), (3, 5), (1, 1), (1, 4), (3, 2), (1, 3), (4, 4), (2, 1), (1, 4), (1, 5), (2, 3), (1, 1), (3, 4), (2, 1), (1, 2), (1, 3), (0, 1), (0, 2), (2, 2), (0, 1), (4, 1), (3, 4), (4, 2), (0, 3), (4, 3), (2, 1), (0, 3)]
MOVE: 0 0 None 1 3 None
outer hints You about all their blue cards hints remaining: 7
You has blue 1, red 1, red 3, yellow 2, green 1
MOVE: 1 2 0 1 None None
You plays blue 1 successfully! Board is now green 0, yellow 0, white 0, blue 1, red 0
You now has red 1, red 3, yellow 2, green 1, green 2
MOVE: 0 0 None 1 4 None
outer hints You about all their red cards hints remaining: 6
You has red 1, red 3, yellow 2, green 1, green 2
MOVE: 1 2 1 1 None None
You plays red 3 and fails. Board was green 0, yellow 0, white 0, blue 1, red 0
You now has red 1, yellow 2, green 1, green 2, yellow 1
MOVE: 0 1 None 1 None 1
outer hints You about all their 1 hints remaining: 5
You has red 1, yellow 2, green 1, green 2, yellow 1
MOVE: 1 2 0 1 None None
You plays red 1 successfully! Board is now green 0, yellow 0, white 0, blue 1, red 1
You now has yellow 2, green 1, green 2, yellow 1, red 4
MOVE: 0 0 None 1 0 None
outer hints You about all their green cards hints remaining: 4
You has yellow 2, green 1, green 2, yellow 1, red 4
MOVE: 1 2 1 1 None None
You plays green 1 successfully! Board is now green 1, yellow 0, white 0, blue 1, red 1
You now has yellow 2, green 2, yellow 1, red 4, white 4
MOVE: 0 0 None 1 0 None
outer hints You about all their green cards hints remaining: 3
You has yellow 2, green 2, yellow 1, red 4, white 4
MOVE: 1 2 1 1 None None
You plays green 2 successfully! Board is now green 2, yellow 0, white 0, blue 1, red 1
You now has yellow 2, yellow 1, red 4, white 4, white 5
MOVE: 0 1 None 1 None 1
outer hints You about all their 1 hints remaining: 2
You has yellow 2, yellow 1, red 4, white 4, white 5
MOVE: 1 2 1 1 None None
You plays yellow 1 successfully! Board is now green 2, yellow 1, white 0, blue 1, red 1
You now has yellow 2, red 4, white 4, white 5, red 1
MOVE: 0 1 None 1 None 2
outer hints You about all their 2 hints remaining: 1
You has yellow 2, red 4, white 4, white 5, red 1
MOVE: 1 2 0 1 None None
You plays yellow 2 successfully! Board is now green 2, yellow 2, white 0, blue 1, red 1
You now has red 4, white 4, white 5, red 1, red 2
MOVE: 0 0 None 1 4 None
outer hints You about all their red cards hints remaining: 0
You has red 4, white 4, white 5, red 1, red 2
MOVE: 1 2 3 1 None None
You plays red 1 and fails. Board was green 2, yellow 2, white 0, blue 1, red 1
You now has red 4, white 4, white 5, red 2, blue 1
MOVE: 0 3 2 None None None
outer discards green 5
trash is now red 3, red 1, green 5
outer now has white 3, blue 3, blue 1, white 2, blue 3
MOVE: 1 2 3 1 None None
You plays red 2 successfully! Board is now green 2, yellow 2, white 0, blue 1, red 2
You now has red 4, white 4, white 5, blue 1, green 4
MOVE: 0 0 None 1 4 None
outer hints You about all their red cards hints remaining: 0
You has red 4, white 4, white 5, blue 1, green 4
MOVE: 1 2 0 1 None None
You plays red 4 and fails. Board was green 2, yellow 2, white 0, blue 1, red 2
You now has white 4, white 5, blue 1, green 4, blue 2
Score 7
