Old GID: bb297186382f3e4b
Treatment: ('outer', 186)
[(0, 2), (1, 1), (3, 5), (4, 2), (2, 2), (2, 3), (3, 3), (3, 1), (3, 3), (1, 5), (3, 2), (3, 1), (2, 1), (1, 4), (0, 1), (0, 3), (3, 2), (4, 1), (2, 4), (4, 3), (2, 5), (0, 1), (1, 1), (3, 4), (4, 4), (2, 4), (1, 3), (3, 4), (4, 5), (1, 2), (0, 3), (1, 2), (0, 4), (4, 1), (3, 1), (0, 2), (2, 1), (2, 3), (2, 1), (1, 4)]
MOVE: 0 0 None 1 1 None
outer hints You about all their yellow cards hints remaining: 7
You has yellow 1, green 4, yellow 3, red 3, green 5
MOVE: 1 1 None 0 None 1
You hints outer about all their 1 hints remaining: 6
outer has red 2, white 2, green 1, red 4, red 1
MOVE: 0 2 2 None None None
outer plays green 1 successfully! Board is now green 1, yellow 0, white 0, blue 0, red 0
outer now has red 2, white 2, red 4, red 1, green 2
MOVE: 1 0 None 0 0 None
You hints outer about all their green cards hints remaining: 5
outer has red 2, white 2, red 4, red 1, green 2
MOVE: 0 2 3 None None None
outer plays red 1 successfully! Board is now green 1, yellow 0, white 0, blue 0, red 1
outer now has red 2, white 2, red 4, green 2, yellow 1
MOVE: 1 1 None 0 None 1
You hints outer about all their 1 hints remaining: 4
outer has red 2, white 2, red 4, green 2, yellow 1
MOVE: 0 1 None 1 None 1
outer hints You about all their 1 hints remaining: 3
You has yellow 1, green 4, yellow 3, red 3, green 5
MOVE: 1 1 None 0 None 2
You hints outer about all their 2 hints remaining: 2
outer has red 2, white 2, red 4, green 2, yellow 1
MOVE: 0 2 3 None None None
outer plays green 2 successfully! Board is now green 2, yellow 0, white 0, blue 0, red 1
outer now has red 2, white 2, red 4, yellow 1, blue 5
MOVE: 1 0 None 0 4 None
You hints outer about all their red cards hints remaining: 1
outer has red 2, white 2, red 4, yellow 1, blue 5
MOVE: 0 2 0 None None None
outer plays red 2 successfully! Board is now green 2, yellow 0, white 0, blue 0, red 2
outer now has white 2, red 4, yellow 1, blue 5, red 2
MOVE: 1 3 0 1 None None
You discards yellow 1
trash is now yellow 1
You now has green 4, yellow 3, red 3, green 5, white 2
MOVE: 0 1 None 1 None 3
outer hints You about all their 3 hints remaining: 1
You has green 4, yellow 3, red 3, green 5, white 2
MOVE: 1 1 None 0 None 1
You hints outer about all their 1 hints remaining: 0
outer has white 2, red 4, yellow 1, blue 5, red 2
MOVE: 0 3 3 None None None
outer discards blue 5
trash is now yellow 1, blue 5
outer now has white 2, red 4, yellow 1, red 2, white 3
MOVE: 1 2 2 1 None None
You plays red 3 successfully! Board is now green 2, yellow 0, white 0, blue 0, red 3
You now has green 4, yellow 3, green 5, white 2, blue 3
MOVE: 0 0 None 1 0 None
outer hints You about all their green cards hints remaining: 0
You has green 4, yellow 3, green 5, white 2, blue 3
MOVE: 1 2 0 1 None None
You plays green 4 and fails. Board was green 2, yellow 0, white 0, blue 0, red 3
You now has yellow 3, green 5, white 2, blue 3, blue 1
MOVE: 0 3 3 None None None
outer discards red 2
trash is now yellow 1, blue 5, green 4, red 2
outer now has white 2, red 4, yellow 1, white 3, blue 3
MOVE: 1 2 1 1 None None
You plays green 5 and fails. Board was green 2, yellow 0, white 0, blue 0, red 3
You now has yellow 3, white 2, blue 3, blue 1, yellow 5
MOVE: 0 0 None 1 3 None
outer hints You about all their blue cards hints remaining: 0
You has yellow 3, white 2, blue 3, blue 1, yellow 5
MOVE: 1 2 2 1 None None
You plays blue 3 and fails. Board was green 2, yellow 0, white 0, blue 0, red 3
You now has yellow 3, white 2, blue 1, yellow 5, blue 2
Score 5
