Old GID: 83e549ae25af3c06
Treatment: ('full', 4878)
[(0, 2), (2, 1), (3, 1), (0, 1), (4, 5), (3, 1), (2, 2), (3, 5), (0, 1), (2, 4), (2, 5), (2, 3), (3, 1), (0, 3), (0, 5), (3, 2), (0, 3), (1, 1), (1, 2), (1, 3), (2, 3), (2, 2), (0, 4), (1, 1), (2, 1), (0, 1), (4, 1), (1, 1), (4, 1), (4, 3), (0, 4), (4, 2), (3, 3), (2, 1), (1, 4), (4, 3), (0, 2), (4, 2), (3, 4), (1, 5)]
MOVE: 0 0 None 1 4 None
full hints You about all their red cards hints remaining: 7
You has yellow 4, blue 4, red 1, white 4, blue 2
MOVE: 1 2 2 1 None None
You plays red 1 successfully! Board is now green 0, yellow 0, white 0, blue 0, red 1
You now has yellow 4, blue 4, white 4, blue 2, green 2
MOVE: 0 3 0 None None None
full discards blue 3
trash is now blue 3
full now has red 4, yellow 2, yellow 3, red 4, white 1
MOVE: 1 0 None 0 2 None
You hints full about all their white cards hints remaining: 7
full has red 4, yellow 2, yellow 3, red 4, white 1
MOVE: 0 2 4 None None None
full plays white 1 successfully! Board is now green 0, yellow 0, white 1, blue 0, red 1
full now has red 4, yellow 2, yellow 3, red 4, blue 1
MOVE: 1 0 None 0 3 None
You hints full about all their blue cards hints remaining: 6
full has red 4, yellow 2, yellow 3, red 4, blue 1
MOVE: 0 2 4 None None None
full plays blue 1 successfully! Board is now green 0, yellow 0, white 1, blue 1, red 1
full now has red 4, yellow 2, yellow 3, red 4, green 1
MOVE: 1 0 None 0 0 None
You hints full about all their green cards hints remaining: 5
full has red 4, yellow 2, yellow 3, red 4, green 1
MOVE: 0 2 4 None None None
full plays green 1 successfully! Board is now green 1, yellow 0, white 1, blue 1, red 1
full now has red 4, yellow 2, yellow 3, red 4, red 5
MOVE: 1 1 None 0 None 4
You hints full about all their 4 hints remaining: 4
full has red 4, yellow 2, yellow 3, red 4, red 5
MOVE: 0 1 None 1 None 2
full hints You about all their 2 hints remaining: 3
You has yellow 4, blue 4, white 4, blue 2, green 2
MOVE: 1 2 3 1 None None
You plays blue 2 successfully! Board is now green 1, yellow 0, white 1, blue 2, red 1
You now has yellow 4, blue 4, white 4, green 2, blue 1
MOVE: 0 0 None 1 0 None
full hints You about all their green cards hints remaining: 2
You has yellow 4, blue 4, white 4, green 2, blue 1
MOVE: 1 3 3 1 None None
You discards green 2
trash is now blue 3, green 2
You now has yellow 4, blue 4, white 4, blue 1, white 2
MOVE: 0 0 None 1 2 None
full hints You about all their white cards hints remaining: 2
You has yellow 4, blue 4, white 4, blue 1, white 2
MOVE: 1 2 2 1 None None
You plays white 4 and fails. Board was green 1, yellow 0, white 1, blue 2, red 1
You now has yellow 4, blue 4, blue 1, white 2, blue 5
MOVE: 0 1 None 1 None 2
full hints You about all their 2 hints remaining: 1
You has yellow 4, blue 4, blue 1, white 2, blue 5
MOVE: 1 2 3 1 None None
You plays white 2 successfully! Board is now green 1, yellow 0, white 2, blue 2, red 1
You now has yellow 4, blue 4, blue 1, blue 5, green 1
MOVE: 0 3 0 None None None
full discards red 4
trash is now blue 3, green 2, white 4, red 4
full now has yellow 2, yellow 3, red 4, red 5, white 4
MOVE: 1 1 None 0 None 5
You hints full about all their 5 hints remaining: 1
full has yellow 2, yellow 3, red 4, red 5, white 4
MOVE: 0 3 4 None None None
full discards white 4
trash is now blue 3, green 2, white 4, red 4, white 4
full now has yellow 2, yellow 3, red 4, red 5, white 5
MOVE: 1 0 None 0 4 None
You hints full about all their red cards hints remaining: 1
full has yellow 2, yellow 3, red 4, red 5, white 5
MOVE: 0 3 4 None None None
full discards white 5
trash is now blue 3, green 2, white 4, red 4, white 4, white 5
full now has yellow 2, yellow 3, red 4, red 5, white 3
MOVE: 1 0 None 0 2 None
You hints full about all their white cards hints remaining: 1
full has yellow 2, yellow 3, red 4, red 5, white 3
MOVE: 0 2 4 None None None
full plays white 3 successfully! Board is now green 1, yellow 0, white 3, blue 2, red 1
full now has yellow 2, yellow 3, red 4, red 5, blue 1
MOVE: 1 3 4 1 None None
You discards green 1
trash is now blue 3, green 2, white 4, red 4, white 4, white 5, green 1
You now has yellow 4, blue 4, blue 1, blue 5, green 3
MOVE: 0 3 4 None None None
full discards blue 1
trash is now blue 3, green 2, white 4, red 4, white 4, white 5, green 1, blue 1
full now has yellow 2, yellow 3, red 4, red 5, green 5
MOVE: 1 3 0 1 None None
You discards yellow 4
trash is now blue 3, green 2, white 4, red 4, white 4, white 5, green 1, blue 1, yellow 4
You now has blue 4, blue 1, blue 5, green 3, blue 2
MOVE: 0 3 4 None None None
full discards green 5
trash is now blue 3, green 2, white 4, red 4, white 4, white 5, green 1, blue 1, yellow 4, green 5
full now has yellow 2, yellow 3, red 4, red 5, green 3
MOVE: 1 3 2 1 None None
You discards blue 5
trash is now blue 3, green 2, white 4, red 4, white 4, white 5, green 1, blue 1, yellow 4, green 5, blue 5
You now has blue 4, blue 1, green 3, blue 2, yellow 1
MOVE: 0 0 None 1 1 None
full hints You about all their yellow cards hints remaining: 5
You has blue 4, blue 1, green 3, blue 2, yellow 1
MOVE: 1 2 4 1 None None
You plays yellow 1 successfully! Board is now green 1, yellow 1, white 3, blue 2, red 1
You now has blue 4, blue 1, green 3, blue 2, yellow 2
MOVE: 0 0 None 1 1 None
full hints You about all their yellow cards hints remaining: 4
You has blue 4, blue 1, green 3, blue 2, yellow 2
MOVE: 1 1 None 0 None 2
You hints full about all their 2 hints remaining: 3
full has yellow 2, yellow 3, red 4, red 5, green 3
MOVE: 0 2 0 None None None
full plays yellow 2 successfully! Board is now green 1, yellow 2, white 3, blue 2, red 1
full now has yellow 3, red 4, red 5, green 3, yellow 3
MOVE: 1 0 None 0 1 None
You hints full about all their yellow cards hints remaining: 2
full has yellow 3, red 4, red 5, green 3, yellow 3
MOVE: 0 2 0 None None None
full plays yellow 3 successfully! Board is now green 1, yellow 3, white 3, blue 2, red 1
full now has red 4, red 5, green 3, yellow 3, white 3
MOVE: 1 1 None 0 None 3
You hints full about all their 3 hints remaining: 1
full has red 4, red 5, green 3, yellow 3, white 3
MOVE: 0 2 2 None None None
full plays green 3 and fails. Board was green 1, yellow 3, white 3, blue 2, red 1
full now has red 4, red 5, yellow 3, white 3, white 2
MOVE: 1 2 4 1 None None
You plays yellow 2 and fails. Board was green 1, yellow 3, white 3, blue 2, red 1
You now has blue 4, blue 1, green 3, blue 2, green 4
Score 10
