Old GID: bad7c710336bbfca
Treatment: ('outer', 3808)
[(2, 1), (4, 5), (1, 4), (3, 4), (2, 5), (0, 4), (2, 1), (3, 3), (0, 5), (2, 4), (3, 2), (3, 1), (1, 1), (0, 1), (3, 4), (1, 3), (2, 3), (0, 3), (1, 3), (3, 3), (0, 4), (4, 1), (0, 3), (2, 4), (2, 3), (4, 3), (1, 2), (0, 2), (1, 1), (0, 1), (2, 1), (3, 2), (2, 2), (0, 1), (1, 4), (4, 4), (3, 5), (1, 1), (3, 1), (4, 1)]
MOVE: 0 1 None 1 None 1
outer hints You about all their 1 hints remaining: 7
You has red 2, yellow 2, green 2, blue 1, red 1
MOVE: 1 2 3 1 None None
You plays blue 1 successfully! Board is now green 0, yellow 0, white 0, blue 1, red 0
You now has red 2, yellow 2, green 2, red 1, white 1
MOVE: 0 1 None 1 None 1
outer hints You about all their 1 hints remaining: 6
You has red 2, yellow 2, green 2, red 1, white 1
MOVE: 1 2 4 1 None None
You plays white 1 successfully! Board is now green 0, yellow 0, white 1, blue 1, red 0
You now has red 2, yellow 2, green 2, red 1, red 5
MOVE: 0 0 None 1 4 None
outer hints You about all their red cards hints remaining: 5
You has red 2, yellow 2, green 2, red 1, red 5
MOVE: 1 0 None 0 2 None
You hints outer about all their white cards hints remaining: 4
outer has red 3, red 2, yellow 5, white 2, red 4
MOVE: 0 0 None 1 0 None
outer hints You about all their green cards hints remaining: 3
You has red 2, yellow 2, green 2, red 1, red 5
MOVE: 1 2 3 1 None None
You plays red 1 successfully! Board is now green 0, yellow 0, white 1, blue 1, red 1
You now has red 2, yellow 2, green 2, red 5, yellow 4
MOVE: 0 1 None 1 None 2
outer hints You about all their 2 hints remaining: 2
You has red 2, yellow 2, green 2, red 5, yellow 4
MOVE: 1 1 None 0 None 2
You hints outer about all their 2 hints remaining: 1
outer has red 3, red 2, yellow 5, white 2, red 4
MOVE: 0 2 3 None None None
outer plays white 2 successfully! Board is now green 0, yellow 0, white 2, blue 1, red 1
outer now has red 3, red 2, yellow 5, red 4, blue 4
MOVE: 1 0 None 0 4 None
You hints outer about all their red cards hints remaining: 0
outer has red 3, red 2, yellow 5, red 4, blue 4
MOVE: 0 2 1 None None None
outer plays red 2 successfully! Board is now green 0, yellow 0, white 2, blue 1, red 2
outer now has red 3, yellow 5, red 4, blue 4, white 5
MOVE: 1 3 0 1 None None
You discards red 2
trash is now red 2
You now has yellow 2, green 2, red 5, yellow 4, green 4
MOVE: 0 0 None 1 4 None
outer hints You about all their red cards hints remaining: 0
You has yellow 2, green 2, red 5, yellow 4, green 4
MOVE: 1 3 2 1 None None
You discards red 5
trash is now red 2, red 5
You now has yellow 2, green 2, yellow 4, green 4, white 1
MOVE: 0 1 None 1 None 4
outer hints You about all their 4 hints remaining: 0
You has yellow 2, green 2, yellow 4, green 4, white 1
MOVE: 1 2 0 1 None None
You plays yellow 2 and fails. Board was green 0, yellow 0, white 2, blue 1, red 2
You now has green 2, yellow 4, green 4, white 1, blue 3
MOVE: 0 3 4 None None None
outer discards white 5
trash is now red 2, red 5, yellow 2, white 5
outer now has red 3, yellow 5, red 4, blue 4, green 5
MOVE: 1 3 1 1 None None
You discards yellow 4
trash is now red 2, red 5, yellow 2, white 5, yellow 4
You now has green 2, green 4, white 1, blue 3, white 4
MOVE: 0 1 None 1 None 1
outer hints You about all their 1 hints remaining: 1
You has green 2, green 4, white 1, blue 3, white 4
MOVE: 1 1 None 0 None 3
You hints outer about all their 3 hints remaining: 0
outer has red 3, yellow 5, red 4, blue 4, green 5
MOVE: 0 2 0 None None None
outer plays red 3 successfully! Board is now green 0, yellow 0, white 2, blue 1, red 3
outer now has yellow 5, red 4, blue 4, green 5, blue 2
MOVE: 1 2 2 1 None None
You plays white 1 and fails. Board was green 0, yellow 0, white 2, blue 1, red 3
You now has green 2, green 4, blue 3, white 4, blue 1
MOVE: 0 3 4 None None None
outer discards blue 2
trash is now red 2, red 5, yellow 2, white 5, yellow 4, white 1, blue 2
outer now has yellow 5, red 4, blue 4, green 5, yellow 1
MOVE: 1 1 None 0 None 1
You hints outer about all their 1 hints remaining: 0
outer has yellow 5, red 4, blue 4, green 5, yellow 1
MOVE: 0 3 1 None None None
outer discards red 4
trash is now red 2, red 5, yellow 2, white 5, yellow 4, white 1, blue 2, red 4
outer now has yellow 5, blue 4, green 5, yellow 1, green 1
MOVE: 1 0 None 0 1 None
You hints outer about all their yellow cards hints remaining: 0
outer has yellow 5, blue 4, green 5, yellow 1, green 1
MOVE: 0 2 3 None None None
outer plays yellow 1 successfully! Board is now green 0, yellow 1, white 2, blue 1, red 3
outer now has yellow 5, blue 4, green 5, green 1, blue 4
MOVE: 1 3 1 1 None None
You discards green 4
trash is now red 2, red 5, yellow 2, white 5, yellow 4, white 1, blue 2, red 4, green 4
You now has green 2, blue 3, white 4, blue 1, yellow 3
MOVE: 0 1 None 1 None 2
outer hints You about all their 2 hints remaining: 0
You has green 2, blue 3, white 4, blue 1, yellow 3
MOVE: 1 3 1 1 None None
You discards blue 3
trash is now red 2, red 5, yellow 2, white 5, yellow 4, white 1, blue 2, red 4, green 4, blue 3
You now has green 2, white 4, blue 1, yellow 3, white 3
MOVE: 0 1 None 1 None 3
outer hints You about all their 3 hints remaining: 0
You has green 2, white 4, blue 1, yellow 3, white 3
MOVE: 1 2 3 1 None None
You plays yellow 3 and fails. Board was green 0, yellow 1, white 2, blue 1, red 3
You now has green 2, white 4, blue 1, white 3, green 3
Score 7
