Old GID: 3b2b18e60bf5d01a
Treatment: ('outer', 8645)
[(1, 3), (3, 4), (0, 4), (3, 3), (4, 2), (4, 5), (0, 3), (1, 4), (4, 2), (4, 1), (4, 1), (1, 1), (3, 1), (0, 5), (4, 1), (3, 2), (3, 5), (2, 2), (0, 2), (4, 3), (1, 2), (2, 1), (1, 1), (2, 3), (1, 5), (4, 4), (1, 1), (1, 3), (0, 1), (2, 5), (3, 2), (1, 2), (4, 3), (2, 4), (3, 1), (0, 1), (3, 1), (1, 4), (2, 2), (2, 4)]
MOVE: 0 0 None 1 2 None
outer hints You about all their white cards hints remaining: 7
You has white 1, blue 4, white 3, green 3, blue 3
MOVE: 1 1 None 0 None 1
You hints outer about all their 1 hints remaining: 6
outer has green 4, white 1, red 4, green 2, green 1
MOVE: 0 2 1 None None None
outer plays white 1 successfully! Board is now green 0, yellow 0, white 1, blue 0, red 0
outer now has green 4, red 4, green 2, green 1, yellow 3
MOVE: 1 0 None 0 0 None
You hints outer about all their green cards hints remaining: 5
outer has green 4, red 4, green 2, green 1, yellow 3
MOVE: 0 2 3 None None None
outer plays green 1 successfully! Board is now green 1, yellow 0, white 1, blue 0, red 0
outer now has green 4, red 4, green 2, yellow 3, blue 4
MOVE: 1 1 None 0 None 2
You hints outer about all their 2 hints remaining: 4
outer has green 4, red 4, green 2, yellow 3, blue 4
MOVE: 0 2 2 None None None
outer plays green 2 successfully! Board is now green 2, yellow 0, white 1, blue 0, red 0
outer now has green 4, red 4, yellow 3, blue 4, green 4
MOVE: 1 1 None 0 None 4
You hints outer about all their 4 hints remaining: 3
outer has green 4, red 4, yellow 3, blue 4, green 4
MOVE: 0 0 None 1 0 None
outer hints You about all their green cards hints remaining: 2
You has white 1, blue 4, white 3, green 3, blue 3
MOVE: 1 2 3 1 None None
You plays green 3 successfully! Board is now green 3, yellow 0, white 1, blue 0, red 0
You now has white 1, blue 4, white 3, blue 3, blue 3
MOVE: 0 2 0 None None None
outer plays green 4 successfully! Board is now green 4, yellow 0, white 1, blue 0, red 0
outer now has red 4, yellow 3, blue 4, green 4, red 2
MOVE: 1 1 None 0 None 3
You hints outer about all their 3 hints remaining: 1
outer has red 4, yellow 3, blue 4, green 4, red 2
MOVE: 0 1 None 1 None 1
outer hints You about all their 1 hints remaining: 0
You has white 1, blue 4, white 3, blue 3, blue 3
MOVE: 1 3 0 1 None None
You discards white 1
trash is now white 1
You now has blue 4, white 3, blue 3, blue 3, red 5
MOVE: 0 0 None 1 3 None
outer hints You about all their blue cards hints remaining: 0
You has blue 4, white 3, blue 3, blue 3, red 5
MOVE: 1 2 1 1 None None
You plays white 3 and fails. Board was green 4, yellow 0, white 1, blue 0, red 0
You now has blue 4, blue 3, blue 3, red 5, green 3
MOVE: 0 3 1 None None None
outer discards yellow 3
trash is now white 1, white 3, yellow 3
outer now has red 4, blue 4, green 4, red 2, yellow 4
MOVE: 1 0 None 0 0 None
You hints outer about all their green cards hints remaining: 0
outer has red 4, blue 4, green 4, red 2, yellow 4
MOVE: 0 3 2 None None None
outer discards green 4
trash is now white 1, white 3, yellow 3, green 4
outer now has red 4, blue 4, red 2, yellow 4, red 2
MOVE: 1 0 None 0 4 None
You hints outer about all their red cards hints remaining: 0
outer has red 4, blue 4, red 2, yellow 4, red 2
MOVE: 0 3 0 None None None
outer discards red 4
trash is now white 1, white 3, yellow 3, green 4, red 4
outer now has blue 4, red 2, yellow 4, red 2, red 1
MOVE: 1 1 None 0 None 1
You hints outer about all their 1 hints remaining: 0
outer has blue 4, red 2, yellow 4, red 2, red 1
MOVE: 0 3 0 None None None
outer discards blue 4
trash is now white 1, white 3, yellow 3, green 4, red 4, blue 4
outer now has red 2, yellow 4, red 2, red 1, red 1
MOVE: 1 0 None 0 4 None
You hints outer about all their red cards hints remaining: 0
outer has red 2, yellow 4, red 2, red 1, red 1
MOVE: 0 2 3 None None None
outer plays red 1 successfully! Board is now green 4, yellow 0, white 1, blue 0, red 1
outer now has red 2, yellow 4, red 2, red 1, yellow 1
MOVE: 1 2 0 1 None None
You plays blue 4 and fails. Board was green 4, yellow 0, white 1, blue 0, red 1
You now has blue 3, blue 3, red 5, green 3, blue 1
MOVE: 0 3 1 None None None
outer discards yellow 4
trash is now white 1, white 3, yellow 3, green 4, red 4, blue 4, blue 4, yellow 4
outer now has red 2, red 2, red 1, yellow 1, green 5
MOVE: 1 1 None 0 None 2
You hints outer about all their 2 hints remaining: 0
outer has red 2, red 2, red 1, yellow 1, green 5
MOVE: 0 2 0 None None None
outer plays red 2 successfully! Board is now green 4, yellow 0, white 1, blue 0, red 2
outer now has red 2, red 1, yellow 1, green 5, red 1
MOVE: 1 2 0 1 None None
You plays blue 3 and fails. Board was green 4, yellow 0, white 1, blue 0, red 2
You now has blue 3, red 5, green 3, blue 1, blue 2
Score 7
