Old GID: 1db35e80ac0a60d9
Treatment: ('outer', 525)
[(2, 4), (4, 1), (2, 5), (3, 1), (4, 3), (2, 1), (0, 3), (1, 1), (0, 5), (3, 5), (3, 3), (2, 1), (4, 2), (1, 2), (0, 4), (0, 1), (1, 5), (2, 3), (1, 3), (0, 1), (1, 4), (3, 4), (0, 2), (1, 3), (4, 2), (3, 2), (2, 4), (3, 1), (0, 4), (0, 1), (4, 4), (1, 4), (1, 1), (0, 3), (2, 3), (3, 1), (3, 4), (2, 1), (4, 4), (4, 1)]
MOVE: 0 0 None 1 0 None
outer hints You about all their green cards hints remaining: 7
You has yellow 2, red 5, white 2, white 2, green 2
MOVE: 1 1 None 0 None 1
You hints outer about all their 1 hints remaining: 6
outer has blue 2, red 3, red 1, blue 3, yellow 1
MOVE: 0 2 2 None None None
outer plays red 1 successfully! Board is now green 0, yellow 0, white 0, blue 0, red 1
outer now has blue 2, red 3, blue 3, yellow 1, white 4
MOVE: 1 0 None 0 1 None
You hints outer about all their yellow cards hints remaining: 5
outer has blue 2, red 3, blue 3, yellow 1, white 4
MOVE: 0 2 3 None None None
outer plays yellow 1 successfully! Board is now green 0, yellow 1, white 0, blue 0, red 1
outer now has blue 2, red 3, blue 3, white 4, red 1
MOVE: 1 2 4 1 None None
You plays green 2 and fails. Board was green 0, yellow 1, white 0, blue 0, red 1
You now has yellow 2, red 5, white 2, white 2, white 5
MOVE: 0 1 None 1 None 2
outer hints You about all their 2 hints remaining: 4
You has yellow 2, red 5, white 2, white 2, white 5
MOVE: 1 2 3 1 None None
You plays white 2 and fails. Board was green 0, yellow 1, white 0, blue 0, red 1
You now has yellow 2, red 5, white 2, white 5, blue 1
MOVE: 0 0 None 1 1 None
outer hints You about all their yellow cards hints remaining: 3
You has yellow 2, red 5, white 2, white 5, blue 1
MOVE: 1 2 2 1 None None
You plays white 2 and fails. Board was green 0, yellow 1, white 0, blue 0, red 1
You now has yellow 2, red 5, white 5, blue 1, red 3
Score 2
