Old GID: 98c2dd502d6785fc
Treatment: ('outer', 1444)
[(2, 2), (1, 1), (2, 1), (3, 3), (3, 2), (0, 5), (2, 4), (1, 5), (0, 3), (0, 1), (4, 1), (4, 5), (0, 2), (2, 1), (2, 3), (3, 5), (4, 3), (1, 2), (1, 3), (0, 4), (0, 3), (0, 1), (3, 4), (0, 2), (4, 1), (1, 1), (1, 4), (1, 2), (2, 4), (1, 3), (4, 1), (1, 4), (3, 3), (4, 4), (2, 2), (3, 1), (2, 3), (3, 1), (4, 2), (3, 2)]
MOVE: 0 0 None 1 3 None
outer hints You about all their blue cards hints remaining: 7
You has blue 1, red 2, blue 4, yellow 1, red 4
MOVE: 1 1 None 0 None 1
You hints outer about all their 1 hints remaining: 6
outer has white 1, green 4, white 5, green 1, red 3
MOVE: 0 2 0 None None None
outer plays white 1 successfully! Board is now green 0, yellow 0, white 1, blue 0, red 0
outer now has green 4, white 5, green 1, red 3, white 2
MOVE: 1 2 2 1 None None
You plays blue 4 and fails. Board was green 0, yellow 0, white 1, blue 0, red 0
You now has blue 1, red 2, yellow 1, red 4, yellow 1
MOVE: 0 1 None 1 None 1
outer hints You about all their 1 hints remaining: 5
You has blue 1, red 2, yellow 1, red 4, yellow 1
MOVE: 1 2 0 1 None None
You plays blue 1 successfully! Board is now green 0, yellow 0, white 1, blue 1, red 0
You now has red 2, yellow 1, red 4, yellow 1, white 1
MOVE: 0 1 None 1 None 1
outer hints You about all their 1 hints remaining: 4
You has red 2, yellow 1, red 4, yellow 1, white 1
MOVE: 1 2 1 1 None None
You plays yellow 1 successfully! Board is now green 0, yellow 1, white 1, blue 1, red 0
You now has red 2, red 4, yellow 1, white 1, blue 3
MOVE: 0 1 None 1 None 2
outer hints You about all their 2 hints remaining: 3
You has red 2, red 4, yellow 1, white 1, blue 3
MOVE: 1 2 3 1 None None
You plays white 1 and fails. Board was green 0, yellow 1, white 1, blue 1, red 0
You now has red 2, red 4, yellow 1, blue 3, blue 2
MOVE: 0 1 None 1 None 2
outer hints You about all their 2 hints remaining: 2
You has red 2, red 4, yellow 1, blue 3, blue 2
MOVE: 1 2 2 1 None None
You plays yellow 1 and fails. Board was green 0, yellow 1, white 1, blue 1, red 0
You now has red 2, red 4, blue 3, blue 2, green 5
Score 3
