Old GID: e2c5f0cd5c483f6d
Treatment: ('outer', 1927)
[(0, 1), (1, 1), (4, 1), (3, 3), (3, 1), (1, 3), (0, 5), (1, 1), (0, 1), (4, 1), (2, 2), (2, 3), (4, 4), (2, 3), (2, 4), (0, 4), (3, 5), (1, 1), (2, 4), (1, 5), (2, 5), (1, 3), (0, 1), (4, 3), (0, 2), (2, 2), (3, 2), (1, 4), (4, 2), (2, 1), (1, 2), (0, 3), (3, 4), (0, 3), (3, 1), (2, 1), (4, 3), (4, 2), (4, 1), (3, 1)]
MOVE: 0 0 None 1 2 None
outer hints You about all their white cards hints remaining: 7
You has red 4, blue 4, white 1, red 5, blue 2
MOVE: 1 2 2 1 None None
You plays white 1 successfully! Board is now green 0, yellow 0, white 1, blue 0, red 0
You now has red 4, blue 4, red 5, blue 2, green 1
MOVE: 0 1 None 1 None 1
outer hints You about all their 1 hints remaining: 6
You has red 4, blue 4, red 5, blue 2, green 1
MOVE: 1 2 4 1 None None
You plays green 1 successfully! Board is now green 1, yellow 0, white 1, blue 0, red 0
You now has red 4, blue 4, red 5, blue 2, yellow 1
MOVE: 0 0 None 1 1 None
outer hints You about all their yellow cards hints remaining: 5
You has red 4, blue 4, red 5, blue 2, yellow 1
MOVE: 1 2 4 1 None None
You plays yellow 1 successfully! Board is now green 1, yellow 1, white 1, blue 0, red 0
You now has red 4, blue 4, red 5, blue 2, red 1
MOVE: 0 1 None 1 None 1
outer hints You about all their 1 hints remaining: 4
You has red 4, blue 4, red 5, blue 2, red 1
MOVE: 1 1 None 0 None 2
You hints outer about all their 2 hints remaining: 3
outer has yellow 4, green 2, yellow 2, green 4, blue 3
MOVE: 0 0 None 1 4 None
outer hints You about all their red cards hints remaining: 2
You has red 4, blue 4, red 5, blue 2, red 1
MOVE: 1 0 None 0 1 None
You hints outer about all their yellow cards hints remaining: 1
outer has yellow 4, green 2, yellow 2, green 4, blue 3
MOVE: 0 2 2 None None None
outer plays yellow 2 successfully! Board is now green 1, yellow 2, white 1, blue 0, red 0
outer now has yellow 4, green 2, green 4, blue 3, blue 3
MOVE: 1 0 None 0 0 None
You hints outer about all their green cards hints remaining: 0
outer has yellow 4, green 2, green 4, blue 3, blue 3
MOVE: 0 2 1 None None None
outer plays green 2 successfully! Board is now green 2, yellow 2, white 1, blue 0, red 0
outer now has yellow 4, green 4, blue 3, blue 3, blue 1
MOVE: 1 2 4 1 None None
You plays red 1 successfully! Board is now green 2, yellow 2, white 1, blue 0, red 1
You now has red 4, blue 4, red 5, blue 2, yellow 3
MOVE: 0 3 4 None None None
outer discards blue 1
trash is now blue 1
outer now has yellow 4, green 4, blue 3, blue 3, green 5
MOVE: 1 2 2 1 None None
You plays red 5 and fails. Board was green 2, yellow 2, white 1, blue 0, red 1
You now has red 4, blue 4, blue 2, yellow 3, yellow 1
MOVE: 0 0 None 1 1 None
outer hints You about all their yellow cards hints remaining: 0
You has red 4, blue 4, blue 2, yellow 3, yellow 1
MOVE: 1 2 3 1 None None
You plays yellow 3 successfully! Board is now green 2, yellow 3, white 1, blue 0, red 1
You now has red 4, blue 4, blue 2, yellow 1, green 1
MOVE: 0 3 2 None None None
outer discards blue 3
trash is now blue 1, red 5, blue 3
outer now has yellow 4, green 4, blue 3, green 5, red 1
MOVE: 1 1 None 0 None 4
You hints outer about all their 4 hints remaining: 0
outer has yellow 4, green 4, blue 3, green 5, red 1
MOVE: 0 2 0 None None None
outer plays yellow 4 successfully! Board is now green 2, yellow 4, white 1, blue 0, red 1
outer now has green 4, blue 3, green 5, red 1, white 2
MOVE: 1 2 3 1 None None
You plays yellow 1 and fails. Board was green 2, yellow 4, white 1, blue 0, red 1
You now has red 4, blue 4, blue 2, green 1, white 3
MOVE: 0 3 1 None None None
outer discards blue 3
trash is now blue 1, red 5, blue 3, yellow 1, blue 3
outer now has green 4, green 5, red 1, white 2, red 4
MOVE: 1 2 0 1 None None
You plays red 4 and fails. Board was green 2, yellow 4, white 1, blue 0, red 1
You now has blue 4, blue 2, green 1, white 3, white 3
Score 8
