Old GID: 7dfd299ffe6b526d
Treatment: ('intentional', 1426)
[(3, 5), (3, 2), (3, 4), (0, 3), (4, 1), (1, 4), (2, 1), (3, 3), (2, 5), (1, 4), (4, 3), (3, 1), (0, 1), (3, 1), (2, 4), (0, 4), (1, 2), (0, 4), (0, 1), (2, 2), (3, 2), (0, 1), (1, 2), (1, 3), (1, 3), (4, 1), (1, 1), (0, 2), (4, 4), (4, 2), (2, 3), (1, 1), (0, 5), (2, 2), (3, 3), (0, 2), (4, 2), (3, 1), (4, 4), (4, 5)]
MOVE: 0 1 None 1 None 1
intentional hints You about all their 1 hints remaining: 7
You has white 4, white 1, white 1, yellow 1, blue 4
MOVE: 1 2 1 1 None None
You plays white 1 successfully! Board is now green 0, yellow 0, white 1, blue 0, red 0
You now has white 4, white 1, yellow 1, blue 4, blue 5
MOVE: 0 0 None 1 1 None
intentional hints You about all their yellow cards hints remaining: 6
You has white 4, white 1, yellow 1, blue 4, blue 5
MOVE: 1 2 1 1 None None
You plays white 1 and fails. Board was green 0, yellow 0, white 1, blue 0, red 0
You now has white 4, yellow 1, blue 4, blue 5, blue 2
MOVE: 0 3 0 None None None
intentional discards red 3
trash is now white 1, red 3
intentional now has yellow 5, white 3, red 1, green 3, blue 4
MOVE: 1 2 1 1 None None
You plays yellow 1 successfully! Board is now green 0, yellow 1, white 1, blue 0, red 0
You now has white 4, blue 4, blue 5, blue 2, green 3
MOVE: 0 3 0 None None None
intentional discards yellow 5
trash is now white 1, red 3, yellow 5
intentional now has white 3, red 1, green 3, blue 4, red 1
MOVE: 1 0 None 0 4 None
You hints intentional about all their red cards hints remaining: 7
intentional has white 3, red 1, green 3, blue 4, red 1
MOVE: 0 3 0 None None None
intentional discards white 3
trash is now white 1, red 3, yellow 5, white 3
intentional now has red 1, green 3, blue 4, red 1, yellow 4
MOVE: 1 2 4 1 None None
You plays green 3 and fails. Board was green 0, yellow 1, white 1, blue 0, red 0
You now has white 4, blue 4, blue 5, blue 2, white 1
MOVE: 0 3 1 None None None
intentional discards green 3
trash is now white 1, red 3, yellow 5, white 3, green 3, green 3
intentional now has red 1, blue 4, red 1, yellow 4, blue 3
MOVE: 1 2 4 1 None None
You plays white 1 and fails. Board was green 0, yellow 1, white 1, blue 0, red 0
You now has white 4, blue 4, blue 5, blue 2, white 5
Score 2
