Old GID: 8b45c563bddba998
Treatment: ('full', 649)
[(4, 2), (0, 3), (1, 2), (0, 1), (2, 3), (0, 1), (3, 4), (0, 1), (2, 1), (2, 3), (3, 2), (2, 2), (0, 4), (2, 2), (1, 5), (4, 3), (3, 3), (0, 2), (1, 3), (3, 5), (2, 1), (1, 4), (1, 1), (4, 1), (4, 3), (4, 4), (3, 2), (3, 1), (4, 4), (0, 5), (4, 5), (4, 2), (1, 2), (1, 1), (3, 4), (0, 2), (2, 4), (2, 1), (1, 1), (1, 4)]
MOVE: 0 1 None 1 None 1
full hints You about all their 1 hints remaining: 7
You has white 5, red 1, green 3, blue 1, white 4
MOVE: 1 1 None 0 None 1
You hints full about all their 1 hints remaining: 6
full has red 1, yellow 3, blue 1, blue 3, green 4
MOVE: 0 2 0 None None None
full plays red 1 successfully! Board is now green 0, yellow 0, white 0, blue 0, red 1
full now has yellow 3, blue 1, blue 3, green 4, red 2
MOVE: 1 0 None 0 4 None
You hints full about all their red cards hints remaining: 5
full has yellow 3, blue 1, blue 3, green 4, red 2
MOVE: 0 2 4 None None None
full plays red 2 successfully! Board is now green 0, yellow 0, white 0, blue 0, red 2
full now has yellow 3, blue 1, blue 3, green 4, green 3
MOVE: 1 0 None 0 3 None
You hints full about all their blue cards hints remaining: 4
full has yellow 3, blue 1, blue 3, green 4, green 3
MOVE: 0 2 1 None None None
full plays blue 1 successfully! Board is now green 0, yellow 0, white 0, blue 1, red 2
full now has yellow 3, blue 3, green 4, green 3, yellow 2
MOVE: 1 1 None 0 None 3
You hints full about all their 3 hints remaining: 3
full has yellow 3, blue 3, green 4, green 3, yellow 2
MOVE: 0 2 3 None None None
full plays green 3 and fails. Board was green 0, yellow 0, white 0, blue 1, red 2
full now has yellow 3, blue 3, green 4, yellow 2, green 1
MOVE: 1 0 None 0 0 None
You hints full about all their green cards hints remaining: 2
full has yellow 3, blue 3, green 4, yellow 2, green 1
MOVE: 0 2 4 None None None
full plays green 1 successfully! Board is now green 1, yellow 0, white 0, blue 1, red 2
full now has yellow 3, blue 3, green 4, yellow 2, white 3
MOVE: 1 2 1 1 None None
You plays red 1 and fails. Board was green 1, yellow 0, white 0, blue 1, red 2
You now has white 5, green 3, blue 1, white 4, green 1
MOVE: 0 0 None 1 3 None
full hints You about all their blue cards hints remaining: 1
You has white 5, green 3, blue 1, white 4, green 1
MOVE: 1 3 2 1 None None
You discards blue 1
trash is now green 3, red 1, blue 1
You now has white 5, green 3, white 4, green 1, blue 4
MOVE: 0 3 0 None None None
full discards yellow 3
trash is now green 3, red 1, blue 1, yellow 3
full now has blue 3, green 4, yellow 2, white 3, green 1
MOVE: 1 1 None 0 None 4
You hints full about all their 4 hints remaining: 2
full has blue 3, green 4, yellow 2, white 3, green 1
MOVE: 0 3 1 None None None
full discards green 4
trash is now green 3, red 1, blue 1, yellow 3, green 4
full now has blue 3, yellow 2, white 3, green 1, white 1
MOVE: 1 0 None 0 2 None
You hints full about all their white cards hints remaining: 2
full has blue 3, yellow 2, white 3, green 1, white 1
MOVE: 0 2 2 None None None
full plays white 3 and fails. Board was green 1, yellow 0, white 0, blue 1, red 2
full now has blue 3, yellow 2, green 1, white 1, white 3
Score 4
