Old GID: 94ef11ebfcbcee7d
Treatment: ('outer', 4311)
[(1, 3), (4, 5), (4, 3), (4, 2), (3, 5), (4, 2), (1, 2), (0, 4), (2, 1), (2, 4), (1, 3), (0, 5), (2, 3), (3, 1), (1, 1), (0, 4), (1, 5), (3, 1), (2, 1), (4, 4), (3, 3), (0, 3), (2, 1), (0, 1), (1, 1), (2, 3), (0, 1), (2, 2), (1, 2), (2, 2), (4, 4), (0, 1), (0, 2), (3, 3), (1, 1), (4, 3), (0, 3), (3, 1), (2, 4), (1, 4)]
MOVE: 0 1 None 1 None 1
outer hints You about all their 1 hints remaining: 7
You has blue 4, blue 2, white 5, red 1, blue 4
MOVE: 1 2 3 1 None None
You plays red 1 successfully! Board is now green 0, yellow 0, white 0, blue 0, red 1
You now has blue 4, blue 2, white 5, blue 4, yellow 3
MOVE: 0 0 None 1 3 None
outer hints You about all their blue cards hints remaining: 6
You has blue 4, blue 2, white 5, blue 4, yellow 3
MOVE: 1 2 1 1 None None
You plays blue 2 and fails. Board was green 0, yellow 0, white 0, blue 0, red 1
You now has blue 4, white 5, blue 4, yellow 3, red 5
MOVE: 0 0 None 1 4 None
outer hints You about all their red cards hints remaining: 5
You has blue 4, white 5, blue 4, yellow 3, red 5
MOVE: 1 2 4 1 None None
You plays red 5 and fails. Board was green 0, yellow 0, white 0, blue 0, red 1
You now has blue 4, white 5, blue 4, yellow 3, red 3
MOVE: 0 0 None 1 3 None
outer hints You about all their blue cards hints remaining: 4
You has blue 4, white 5, blue 4, yellow 3, red 3
MOVE: 1 2 2 1 None None
You plays blue 4 and fails. Board was green 0, yellow 0, white 0, blue 0, red 1
You now has blue 4, white 5, yellow 3, red 3, red 2
Score 1
