Old GID: 74390b4e7ebdb6ec
Treatment: ('intentional', 4167)
[(4, 3), (0, 3), (0, 1), (4, 4), (4, 2), (2, 2), (3, 4), (2, 1), (0, 3), (0, 2), (2, 1), (1, 2), (2, 3), (0, 1), (4, 1), (2, 2), (2, 3), (3, 2), (3, 1), (0, 5), (3, 1), (0, 4), (4, 2), (2, 1), (0, 4), (3, 3), (1, 4), (1, 2), (4, 1), (4, 5), (0, 1), (4, 4), (1, 4), (1, 5), (3, 4), (0, 2), (1, 1), (3, 1), (2, 4), (1, 3)]
MOVE: 0 1 None 1 None 1
intentional hints You about all their 1 hints remaining: 7
You has blue 3, blue 2, yellow 1, blue 5, yellow 3
MOVE: 1 1 None 0 None 1
You hints intentional about all their 1 hints remaining: 6
intentional has red 1, white 4, yellow 1, red 3, white 5
MOVE: 0 2 2 None None None
intentional plays yellow 1 successfully! Board is now green 0, yellow 1, white 0, blue 0, red 0
intentional now has red 1, white 4, red 3, white 5, red 3
MOVE: 1 2 2 1 None None
You plays yellow 1 and fails. Board was green 0, yellow 1, white 0, blue 0, red 0
You now has blue 3, blue 2, blue 5, yellow 3, green 3
MOVE: 0 3 4 None None None
intentional discards red 3
trash is now yellow 1, red 3
intentional now has red 1, white 4, red 3, white 5, green 1
MOVE: 1 1 None 0 None 1
You hints intentional about all their 1 hints remaining: 6
intentional has red 1, white 4, red 3, white 5, green 1
MOVE: 0 3 1 None None None
intentional discards white 4
trash is now yellow 1, red 3, white 4
intentional now has red 1, red 3, white 5, green 1, red 4
MOVE: 1 0 None 0 0 None
You hints intentional about all their green cards hints remaining: 6
intentional has red 1, red 3, white 5, green 1, red 4
MOVE: 0 2 3 None None None
intentional plays green 1 successfully! Board is now green 1, yellow 1, white 0, blue 0, red 0
intentional now has red 1, red 3, white 5, red 4, red 2
MOVE: 1 2 4 1 None None
You plays green 3 and fails. Board was green 1, yellow 1, white 0, blue 0, red 0
You now has blue 3, blue 2, blue 5, yellow 3, white 2
MOVE: 0 3 4 None None None
intentional discards red 2
trash is now yellow 1, red 3, white 4, green 3, red 2
intentional now has red 1, red 3, white 5, red 4, blue 4
MOVE: 1 2 4 1 None None
You plays white 2 and fails. Board was green 1, yellow 1, white 0, blue 0, red 0
You now has blue 3, blue 2, blue 5, yellow 3, white 1
Score 2
