Old GID: abd5f93090d42c04
Treatment: ('outer', 5112)
[(0, 5), (1, 3), (4, 1), (2, 5), (0, 1), (2, 2), (4, 3), (1, 1), (0, 1), (3, 3), (3, 5), (3, 4), (2, 4), (4, 1), (0, 2), (1, 3), (4, 2), (1, 1), (1, 4), (2, 4), (1, 5), (3, 2), (0, 4), (2, 1), (4, 5), (0, 3), (2, 2), (4, 1), (3, 4), (3, 1), (2, 3), (1, 1), (0, 3), (1, 2), (0, 1), (3, 2), (3, 3), (2, 1), (0, 4), (4, 4)]
MOVE: 0 0 None 1 3 None
outer hints You about all their blue cards hints remaining: 7
You has blue 1, green 2, red 4, yellow 4, white 3
MOVE: 1 2 0 1 None None
You plays blue 1 successfully! Board is now green 0, yellow 0, white 0, blue 1, red 0
You now has green 2, red 4, yellow 4, white 3, green 5
MOVE: 0 0 None 1 2 None
outer hints You about all their white cards hints remaining: 6
You has green 2, red 4, yellow 4, white 3, green 5
MOVE: 1 2 3 1 None None
You plays white 3 and fails. Board was green 0, yellow 0, white 0, blue 1, red 0
You now has green 2, red 4, yellow 4, green 5, yellow 3
MOVE: 0 1 None 1 None 4
outer hints You about all their 4 hints remaining: 5
You has green 2, red 4, yellow 4, green 5, yellow 3
MOVE: 1 2 2 1 None None
You plays yellow 4 and fails. Board was green 0, yellow 0, white 0, blue 1, red 0
You now has green 2, red 4, green 5, yellow 3, red 1
MOVE: 0 0 None 1 4 None
outer hints You about all their red cards hints remaining: 4
You has green 2, red 4, green 5, yellow 3, red 1
MOVE: 1 2 1 1 None None
You plays red 4 and fails. Board was green 0, yellow 0, white 0, blue 1, red 0
You now has green 2, green 5, yellow 3, red 1, white 5
Score 1
