Old GID: c690a8d6a355086d
Treatment: ('full', 5184)
[(1, 2), (2, 4), (0, 5), (4, 1), (3, 3), (0, 4), (4, 3), (0, 2), (0, 1), (1, 3), (1, 1), (4, 4), (4, 2), (1, 3), (0, 1), (4, 1), (1, 5), (4, 4), (1, 2), (3, 1), (3, 2), (1, 4), (3, 3), (2, 2), (4, 5), (0, 2), (3, 5), (2, 1), (3, 2), (2, 3), (1, 4), (0, 4), (0, 3), (3, 4), (2, 4), (3, 4), (0, 3), (3, 1), (0, 1), (4, 2)]
MOVE: 0 1 None 1 None 1
full hints You about all their 1 hints remaining: 7
You has white 2, red 1, white 5, blue 1, yellow 1
MOVE: 1 2 4 1 None None
You plays yellow 1 successfully! Board is now green 0, yellow 1, white 0, blue 0, red 0
You now has white 2, red 1, white 5, blue 1, yellow 2
MOVE: 0 0 None 1 1 None
full hints You about all their yellow cards hints remaining: 6
You has white 2, red 1, white 5, blue 1, yellow 2
MOVE: 1 2 3 1 None None
You plays blue 1 successfully! Board is now green 0, yellow 1, white 0, blue 1, red 0
You now has white 2, red 1, white 5, yellow 2, white 4
MOVE: 0 0 None 1 4 None
full hints You about all their red cards hints remaining: 5
You has white 2, red 1, white 5, yellow 2, white 4
MOVE: 1 2 1 1 None None
You plays red 1 successfully! Board is now green 0, yellow 1, white 0, blue 1, red 1
You now has white 2, white 5, yellow 2, white 4, green 5
MOVE: 0 3 0 None None None
full discards white 3
trash is now white 3
full now has red 3, white 1, white 1, yellow 1, red 1
MOVE: 1 2 2 1 None None
You plays yellow 2 successfully! Board is now green 0, yellow 2, white 0, blue 1, red 1
You now has white 2, white 5, white 4, green 5, blue 3
MOVE: 0 3 0 None None None
full discards red 3
trash is now white 3, red 3
full now has white 1, white 1, yellow 1, red 1, green 4
MOVE: 1 0 None 0 2 None
You hints full about all their white cards hints remaining: 6
full has white 1, white 1, yellow 1, red 1, green 4
MOVE: 0 2 0 None None None
full plays white 1 successfully! Board is now green 0, yellow 2, white 1, blue 1, red 1
full now has white 1, yellow 1, red 1, green 4, red 3
MOVE: 1 1 None 0 None 1
You hints full about all their 1 hints remaining: 5
full has white 1, yellow 1, red 1, green 4, red 3
MOVE: 0 2 1 None None None
full plays yellow 1 and fails. Board was green 0, yellow 2, white 1, blue 1, red 1
full now has white 1, red 1, green 4, red 3, green 2
MOVE: 1 0 None 0 4 None
You hints full about all their red cards hints remaining: 4
full has white 1, red 1, green 4, red 3, green 2
MOVE: 0 2 3 None None None
full plays red 3 and fails. Board was green 0, yellow 2, white 1, blue 1, red 1
full now has white 1, red 1, green 4, green 2, green 1
MOVE: 1 1 None 0 None 1
You hints full about all their 1 hints remaining: 3
full has white 1, red 1, green 4, green 2, green 1
MOVE: 0 2 4 None None None
full plays green 1 successfully! Board is now green 1, yellow 2, white 1, blue 1, red 1
full now has white 1, red 1, green 4, green 2, yellow 3
MOVE: 1 1 None 0 None 2
You hints full about all their 2 hints remaining: 2
full has white 1, red 1, green 4, green 2, yellow 3
MOVE: 0 2 3 None None None
full plays green 2 successfully! Board is now green 2, yellow 2, white 1, blue 1, red 1
full now has white 1, red 1, green 4, yellow 3, yellow 1
MOVE: 1 1 None 0 None 3
You hints full about all their 3 hints remaining: 1
full has white 1, red 1, green 4, yellow 3, yellow 1
MOVE: 0 2 3 None None None
full plays yellow 3 successfully! Board is now green 2, yellow 3, white 1, blue 1, red 1
full now has white 1, red 1, green 4, yellow 1, red 4
MOVE: 1 1 None 0 None 1
You hints full about all their 1 hints remaining: 0
full has white 1, red 1, green 4, yellow 1, red 4
MOVE: 0 3 0 None None None
full discards white 1
trash is now white 3, red 3, yellow 1, red 3, white 1
full now has red 1, green 4, yellow 1, red 4, red 2
MOVE: 1 1 None 0 None 2
You hints full about all their 2 hints remaining: 0
full has red 1, green 4, yellow 1, red 4, red 2
MOVE: 0 2 4 None None None
full plays red 2 successfully! Board is now green 2, yellow 3, white 1, blue 1, red 2
full now has red 1, green 4, yellow 1, red 4, yellow 3
MOVE: 1 3 2 1 None None
You discards white 4
trash is now white 3, red 3, yellow 1, red 3, white 1, white 4
You now has white 2, white 5, green 5, blue 3, green 1
MOVE: 0 3 0 None None None
full discards red 1
trash is now white 3, red 3, yellow 1, red 3, white 1, white 4, red 1
full now has green 4, yellow 1, red 4, yellow 3, red 1
MOVE: 1 1 None 0 None 4
You hints full about all their 4 hints remaining: 1
full has green 4, yellow 1, red 4, yellow 3, red 1
MOVE: 0 2 0 None None None
full plays green 4 and fails. Board was green 2, yellow 3, white 1, blue 1, red 2
full now has yellow 1, red 4, yellow 3, red 1, yellow 5
Score 9
