Old GID: 6fe39545978e0141
Treatment: ('outer', 5778)
[(1, 2), (1, 4), (1, 2), (0, 3), (0, 1), (2, 4), (2, 1), (0, 1), (2, 3), (0, 3), (4, 1), (3, 2), (1, 3), (0, 4), (4, 3), (4, 4), (0, 2), (3, 3), (2, 2), (4, 5), (4, 4), (3, 2), (2, 2), (2, 1), (0, 5), (2, 3), (1, 1), (1, 3), (1, 4), (3, 1), (3, 5), (4, 1), (3, 1), (0, 2), (1, 1), (1, 1), (1, 5), (4, 1), (3, 1), (4, 2)]
MOVE: 0 1 None 1 None 1
outer hints You about all their 1 hints remaining: 7
You has red 3, white 4, green 4, white 1, blue 4
MOVE: 1 2 3 1 None None
You plays white 1 successfully! Board is now green 0, yellow 0, white 1, blue 0, red 0
You now has red 3, white 4, green 4, blue 4, yellow 2
MOVE: 0 1 None 1 None 2
outer hints You about all their 2 hints remaining: 6
You has red 3, white 4, green 4, blue 4, yellow 2
MOVE: 1 1 None 0 None 1
You hints outer about all their 1 hints remaining: 5
outer has blue 4, red 2, blue 3, white 5, green 1
MOVE: 0 0 None 1 1 None
outer hints You about all their yellow cards hints remaining: 4
You has red 3, white 4, green 4, blue 4, yellow 2
MOVE: 1 0 None 0 0 None
You hints outer about all their green cards hints remaining: 3
outer has blue 4, red 2, blue 3, white 5, green 1
MOVE: 0 2 4 None None None
outer plays green 1 successfully! Board is now green 1, yellow 0, white 1, blue 0, red 0
outer now has blue 4, red 2, blue 3, white 5, yellow 4
MOVE: 1 2 4 1 None None
You plays yellow 2 and fails. Board was green 1, yellow 0, white 1, blue 0, red 0
You now has red 3, white 4, green 4, blue 4, yellow 2
MOVE: 0 0 None 1 4 None
outer hints You about all their red cards hints remaining: 2
You has red 3, white 4, green 4, blue 4, yellow 2
MOVE: 1 2 0 1 None None
You plays red 3 and fails. Board was green 1, yellow 0, white 1, blue 0, red 0
You now has white 4, green 4, blue 4, yellow 2, green 3
MOVE: 0 0 None 1 0 None
outer hints You about all their green cards hints remaining: 1
You has white 4, green 4, blue 4, yellow 2, green 3
MOVE: 1 2 4 1 None None
You plays green 3 and fails. Board was green 1, yellow 0, white 1, blue 0, red 0
You now has white 4, green 4, blue 4, yellow 2, green 1
Score 2
