Old GID: 4f1d3654d0abd6ba
Treatment: ('outer', 5287)
[(4, 5), (0, 1), (0, 4), (1, 3), (2, 2), (2, 1), (3, 4), (2, 1), (1, 1), (0, 2), (4, 2), (0, 3), (3, 4), (0, 1), (2, 1), (1, 1), (1, 1), (0, 4), (3, 5), (1, 5), (4, 4), (2, 4), (0, 3), (2, 2), (1, 2), (2, 5), (3, 3), (4, 1), (4, 4), (3, 2), (2, 4), (4, 1), (1, 3), (1, 4), (1, 4), (0, 1), (4, 3), (2, 3), (3, 3), (4, 1)]
MOVE: 0 1 None 1 None 2
outer hints You about all their 2 hints remaining: 7
You has green 5, green 2, red 2, yellow 2, red 3
MOVE: 1 1 None 0 None 1
You hints outer about all their 1 hints remaining: 6
outer has blue 1, white 3, blue 1, blue 2, blue 1
MOVE: 0 2 0 None None None
outer plays blue 1 successfully! Board is now green 0, yellow 0, white 0, blue 1, red 0
outer now has white 3, blue 1, blue 2, blue 1, red 5
MOVE: 1 0 None 0 3 None
You hints outer about all their blue cards hints remaining: 5
outer has white 3, blue 1, blue 2, blue 1, red 5
MOVE: 0 3 1 None None None
outer discards blue 1
trash is now blue 1
outer now has white 3, blue 2, blue 1, red 5, green 1
MOVE: 1 1 None 0 None 1
You hints outer about all their 1 hints remaining: 5
outer has white 3, blue 2, blue 1, red 5, green 1
MOVE: 0 3 2 None None None
outer discards blue 1
trash is now blue 1, blue 1
outer now has white 3, blue 2, red 5, green 1, green 4
MOVE: 1 1 None 0 None 2
You hints outer about all their 2 hints remaining: 5
outer has white 3, blue 2, red 5, green 1, green 4
MOVE: 0 2 1 None None None
outer plays blue 2 successfully! Board is now green 0, yellow 0, white 0, blue 2, red 0
outer now has white 3, red 5, green 1, green 4, yellow 3
MOVE: 1 0 None 0 0 None
You hints outer about all their green cards hints remaining: 4
outer has white 3, red 5, green 1, green 4, yellow 3
MOVE: 0 2 2 None None None
outer plays green 1 successfully! Board is now green 1, yellow 0, white 0, blue 2, red 0
outer now has white 3, red 5, green 4, yellow 3, white 2
MOVE: 1 3 1 1 None None
You discards green 2
trash is now blue 1, blue 1, green 2
You now has green 5, red 2, yellow 2, red 3, white 1
MOVE: 0 0 None 1 2 None
outer hints You about all their white cards hints remaining: 4
You has green 5, red 2, yellow 2, red 3, white 1
MOVE: 1 2 4 1 None None
You plays white 1 successfully! Board is now green 1, yellow 0, white 1, blue 2, red 0
You now has green 5, red 2, yellow 2, red 3, blue 4
MOVE: 0 0 None 1 4 None
outer hints You about all their red cards hints remaining: 3
You has green 5, red 2, yellow 2, red 3, blue 4
MOVE: 1 2 3 1 None None
You plays red 3 and fails. Board was green 1, yellow 0, white 1, blue 2, red 0
You now has green 5, red 2, yellow 2, blue 4, white 1
MOVE: 0 0 None 1 2 None
outer hints You about all their white cards hints remaining: 2
You has green 5, red 2, yellow 2, blue 4, white 1
MOVE: 1 2 4 1 None None
You plays white 1 and fails. Board was green 1, yellow 0, white 1, blue 2, red 0
You now has green 5, red 2, yellow 2, blue 4, yellow 1
MOVE: 0 1 None 1 None 1
outer hints You about all their 1 hints remaining: 1
You has green 5, red 2, yellow 2, blue 4, yellow 1
MOVE: 1 2 4 1 None None
You plays yellow 1 successfully! Board is now green 1, yellow 1, white 1, blue 2, red 0
You now has green 5, red 2, yellow 2, blue 4, green 2
MOVE: 0 0 None 1 1 None
outer hints You about all their yellow cards hints remaining: 0
You has green 5, red 2, yellow 2, blue 4, green 2
MOVE: 1 2 2 1 None None
You plays yellow 2 successfully! Board is now green 1, yellow 2, white 1, blue 2, red 0
You now has green 5, red 2, blue 4, green 2, red 2
MOVE: 0 3 2 None None None
outer discards green 4
trash is now blue 1, blue 1, green 2, red 3, white 1, green 4
outer now has white 3, red 5, yellow 3, white 2, green 3
MOVE: 1 2 4 1 None None
You plays red 2 and fails. Board was green 1, yellow 2, white 1, blue 2, red 0
You now has green 5, red 2, blue 4, green 2, blue 4
Score 6
