Old GID: 35c903823025a496
Treatment: ('outer', 2377)
[(3, 4), (3, 1), (3, 4), (1, 3), (3, 1), (1, 1), (3, 3), (1, 5), (0, 1), (0, 1), (2, 1), (1, 2), (4, 1), (1, 1), (1, 1), (4, 1), (4, 2), (1, 4), (4, 3), (1, 4), (4, 2), (2, 4), (0, 4), (4, 3), (0, 5), (0, 1), (4, 4), (4, 5), (2, 1), (3, 2), (0, 3), (2, 5), (1, 2), (3, 3), (3, 1), (2, 3), (2, 2), (0, 2), (1, 3), (2, 2)]
MOVE: 0 0 None 1 2 None
outer hints You about all their white cards hints remaining: 7
You has white 3, green 2, red 4, blue 2, white 1
MOVE: 1 1 None 0 None 1
You hints outer about all their 1 hints remaining: 6
outer has white 4, green 3, blue 5, red 1, green 4
MOVE: 0 2 3 None None None
outer plays red 1 successfully! Board is now green 0, yellow 0, white 0, blue 0, red 1
outer now has white 4, green 3, blue 5, green 4, blue 4
MOVE: 1 1 None 0 None 4
You hints outer about all their 4 hints remaining: 5
outer has white 4, green 3, blue 5, green 4, blue 4
MOVE: 0 1 None 1 None 1
outer hints You about all their 1 hints remaining: 4
You has white 3, green 2, red 4, blue 2, white 1
MOVE: 1 1 None 0 None 3
You hints outer about all their 3 hints remaining: 3
outer has white 4, green 3, blue 5, green 4, blue 4
MOVE: 0 1 None 1 None 2
outer hints You about all their 2 hints remaining: 2
You has white 3, green 2, red 4, blue 2, white 1
MOVE: 1 0 None 0 0 None
You hints outer about all their green cards hints remaining: 1
outer has white 4, green 3, blue 5, green 4, blue 4
MOVE: 0 1 None 1 None 4
outer hints You about all their 4 hints remaining: 0
You has white 3, green 2, red 4, blue 2, white 1
MOVE: 1 2 4 1 None None
You plays white 1 successfully! Board is now green 0, yellow 0, white 1, blue 0, red 1
You now has white 3, green 2, red 4, blue 2, blue 1
MOVE: 0 3 4 None None None
outer discards blue 4
trash is now blue 4
outer now has white 4, green 3, blue 5, green 4, blue 4
MOVE: 1 3 4 1 None None
You discards blue 1
trash is now blue 4, blue 1
You now has white 3, green 2, red 4, blue 2, yellow 3
MOVE: 0 1 None 1 None 3
outer hints You about all their 3 hints remaining: 1
You has white 3, green 2, red 4, blue 2, yellow 3
MOVE: 1 1 None 0 None 5
You hints outer about all their 5 hints remaining: 0
outer has white 4, green 3, blue 5, green 4, blue 4
MOVE: 0 3 2 None None None
outer discards blue 5
trash is now blue 4, blue 1, blue 5
outer now has white 4, green 3, green 4, blue 4, blue 1
MOVE: 1 1 None 0 None 1
You hints outer about all their 1 hints remaining: 0
outer has white 4, green 3, green 4, blue 4, blue 1
MOVE: 0 3 4 None None None
outer discards blue 1
trash is now blue 4, blue 1, blue 5, blue 1
outer now has white 4, green 3, green 4, blue 4, yellow 1
MOVE: 1 0 None 0 1 None
You hints outer about all their yellow cards hints remaining: 0
outer has white 4, green 3, green 4, blue 4, yellow 1
MOVE: 0 3 3 None None None
outer discards blue 4
trash is now blue 4, blue 1, blue 5, blue 1, blue 4
outer now has white 4, green 3, green 4, yellow 1, blue 3
MOVE: 1 1 None 0 None 1
You hints outer about all their 1 hints remaining: 0
outer has white 4, green 3, green 4, yellow 1, blue 3
MOVE: 0 2 3 None None None
outer plays yellow 1 successfully! Board is now green 0, yellow 1, white 1, blue 0, red 1
outer now has white 4, green 3, green 4, blue 3, yellow 5
MOVE: 1 2 3 1 None None
You plays blue 2 and fails. Board was green 0, yellow 1, white 1, blue 0, red 1
You now has white 3, green 2, red 4, yellow 3, green 1
MOVE: 0 3 0 None None None
outer discards white 4
trash is now blue 4, blue 1, blue 5, blue 1, blue 4, blue 2, white 4
outer now has green 3, green 4, blue 3, yellow 5, green 1
MOVE: 1 3 4 1 None None
You discards green 1
trash is now blue 4, blue 1, blue 5, blue 1, blue 4, blue 2, white 4, green 1
You now has white 3, green 2, red 4, yellow 3, white 1
MOVE: 0 1 None 1 None 3
outer hints You about all their 3 hints remaining: 1
You has white 3, green 2, red 4, yellow 3, white 1
MOVE: 1 2 1 1 None None
You plays green 2 and fails. Board was green 0, yellow 1, white 1, blue 0, red 1
You now has white 3, red 4, yellow 3, white 1, yellow 2
MOVE: 0 0 None 1 1 None
outer hints You about all their yellow cards hints remaining: 0
You has white 3, red 4, yellow 3, white 1, yellow 2
MOVE: 1 2 4 1 None None
You plays yellow 2 successfully! Board is now green 0, yellow 2, white 1, blue 0, red 1
You now has white 3, red 4, yellow 3, white 1, red 1
MOVE: 0 3 3 None None None
outer discards yellow 5
trash is now blue 4, blue 1, blue 5, blue 1, blue 4, blue 2, white 4, green 1, green 2, yellow 5
outer now has green 3, green 4, blue 3, green 1, yellow 1
MOVE: 1 2 2 1 None None
You plays yellow 3 successfully! Board is now green 0, yellow 3, white 1, blue 0, red 1
You now has white 3, red 4, white 1, red 1, yellow 1
MOVE: 0 1 None 1 None 1
outer hints You about all their 1 hints remaining: 0
You has white 3, red 4, white 1, red 1, yellow 1
MOVE: 1 2 4 1 None None
You plays yellow 1 and fails. Board was green 0, yellow 3, white 1, blue 0, red 1
You now has white 3, red 4, white 1, red 1, red 1
Score 5
