Old GID: 2af874d749a75ec8
Treatment: ('intentional', 4278)
[(1, 1), (4, 1), (1, 1), (2, 5), (4, 1), (1, 3), (2, 3), (2, 1), (1, 2), (1, 4), (1, 2), (4, 1), (1, 5), (3, 4), (1, 1), (3, 3), (4, 3), (0, 4), (0, 1), (2, 3), (0, 3), (4, 3), (0, 4), (2, 2), (2, 1), (3, 2), (3, 2), (2, 4), (2, 4), (0, 2), (3, 4), (2, 1), (0, 5), (4, 4), (4, 2), (4, 4), (0, 3), (3, 1), (4, 5), (0, 1)]
MOVE: 0 1 None 1 None 1
intentional hints You about all their 1 hints remaining: 7
You has blue 1, red 2, green 2, yellow 4, blue 3
MOVE: 1 1 None 0 None 1
You hints intentional about all their 1 hints remaining: 6
intentional has white 2, green 1, yellow 3, blue 5, blue 1
MOVE: 0 2 4 None None None
intentional plays blue 1 successfully! Board is now green 0, yellow 0, white 0, blue 1, red 0
intentional now has white 2, green 1, yellow 3, blue 5, yellow 1
MOVE: 1 1 None 0 None 1
You hints intentional about all their 1 hints remaining: 5
intentional has white 2, green 1, yellow 3, blue 5, yellow 1
MOVE: 0 3 0 None None None
intentional discards white 2
trash is now white 2
intentional now has green 1, yellow 3, blue 5, yellow 1, red 1
MOVE: 1 2 0 1 None None
You plays blue 1 and fails. Board was green 0, yellow 0, white 0, blue 1, red 0
You now has red 2, green 2, yellow 4, blue 3, yellow 1
MOVE: 0 0 None 1 1 None
intentional hints You about all their yellow cards hints remaining: 5
You has red 2, green 2, yellow 4, blue 3, yellow 1
MOVE: 1 0 None 0 1 None
You hints intentional about all their yellow cards hints remaining: 4
intentional has green 1, yellow 3, blue 5, yellow 1, red 1
MOVE: 0 2 3 None None None
intentional plays yellow 1 successfully! Board is now green 0, yellow 1, white 0, blue 1, red 0
intentional now has green 1, yellow 3, blue 5, red 1, white 5
MOVE: 1 1 None 0 None 5
You hints intentional about all their 5 hints remaining: 3
intentional has green 1, yellow 3, blue 5, red 1, white 5
MOVE: 0 1 None 1 None 1
intentional hints You about all their 1 hints remaining: 2
You has red 2, green 2, yellow 4, blue 3, yellow 1
MOVE: 1 3 4 1 None None
You discards yellow 1
trash is now white 2, blue 1, yellow 1
You now has red 2, green 2, yellow 4, blue 3, red 1
MOVE: 0 0 None 1 4 None
intentional hints You about all their red cards hints remaining: 2
You has red 2, green 2, yellow 4, blue 3, red 1
MOVE: 1 0 None 0 4 None
You hints intentional about all their red cards hints remaining: 1
intentional has green 1, yellow 3, blue 5, red 1, white 5
MOVE: 0 1 None 1 None 1
intentional hints You about all their 1 hints remaining: 0
You has red 2, green 2, yellow 4, blue 3, red 1
MOVE: 1 2 4 1 None None
You plays red 1 successfully! Board is now green 0, yellow 1, white 0, blue 1, red 1
You now has red 2, green 2, yellow 4, blue 3, yellow 3
MOVE: 0 3 3 None None None
intentional discards red 1
trash is now white 2, blue 1, yellow 1, red 1
intentional now has green 1, yellow 3, blue 5, white 5, white 3
MOVE: 1 0 None 0 0 None
You hints intentional about all their green cards hints remaining: 0
intentional has green 1, yellow 3, blue 5, white 5, white 3
MOVE: 0 2 0 None None None
intentional plays green 1 successfully! Board is now green 1, yellow 1, white 0, blue 1, red 1
intentional now has yellow 3, blue 5, white 5, white 3, white 1
MOVE: 1 3 4 1 None None
You discards yellow 3
trash is now white 2, blue 1, yellow 1, red 1, yellow 3
You now has red 2, green 2, yellow 4, blue 3, yellow 2
MOVE: 0 1 None 1 None 2
intentional hints You about all their 2 hints remaining: 0
You has red 2, green 2, yellow 4, blue 3, yellow 2
MOVE: 1 2 0 1 None None
You plays red 2 successfully! Board is now green 1, yellow 1, white 0, blue 1, red 2
You now has green 2, yellow 4, blue 3, yellow 2, yellow 4
MOVE: 0 3 4 None None None
intentional discards white 1
trash is now white 2, blue 1, yellow 1, red 1, yellow 3, white 1
intentional now has yellow 3, blue 5, white 5, white 3, yellow 2
MOVE: 1 1 None 0 None 2
You hints intentional about all their 2 hints remaining: 0
intentional has yellow 3, blue 5, white 5, white 3, yellow 2
MOVE: 0 3 3 None None None
intentional discards white 3
trash is now white 2, blue 1, yellow 1, red 1, yellow 3, white 1, white 3
intentional now has yellow 3, blue 5, white 5, yellow 2, red 1
MOVE: 1 0 None 0 1 None
You hints intentional about all their yellow cards hints remaining: 0
intentional has yellow 3, blue 5, white 5, yellow 2, red 1
MOVE: 0 2 3 None None None
intentional plays yellow 2 successfully! Board is now green 1, yellow 2, white 0, blue 1, red 2
intentional now has yellow 3, blue 5, white 5, red 1, yellow 5
MOVE: 1 3 4 1 None None
You discards yellow 4
trash is now white 2, blue 1, yellow 1, red 1, yellow 3, white 1, white 3, yellow 4
You now has green 2, yellow 4, blue 3, yellow 2, blue 4
MOVE: 0 0 None 1 0 None
intentional hints You about all their green cards hints remaining: 0
You has green 2, yellow 4, blue 3, yellow 2, blue 4
MOVE: 1 2 0 1 None None
You plays green 2 successfully! Board is now green 2, yellow 2, white 0, blue 1, red 2
You now has yellow 4, blue 3, yellow 2, blue 4, yellow 1
MOVE: 0 3 3 None None None
intentional discards red 1
trash is now white 2, blue 1, yellow 1, red 1, yellow 3, white 1, white 3, yellow 4, red 1
intentional now has yellow 3, blue 5, white 5, yellow 5, blue 3
MOVE: 1 2 2 1 None None
You plays yellow 2 and fails. Board was green 2, yellow 2, white 0, blue 1, red 2
You now has yellow 4, blue 3, blue 4, yellow 1, red 3
MOVE: 0 0 None 1 4 None
intentional hints You about all their red cards hints remaining: 0
You has yellow 4, blue 3, blue 4, yellow 1, red 3
MOVE: 1 2 4 1 None None
You plays red 3 successfully! Board is now green 2, yellow 2, white 0, blue 1, red 3
You now has yellow 4, blue 3, blue 4, yellow 1, green 4
MOVE: 0 3 3 None None None
intentional discards yellow 5
trash is now white 2, blue 1, yellow 1, red 1, yellow 3, white 1, white 3, yellow 4, red 1, yellow 2, yellow 5
intentional now has yellow 3, blue 5, white 5, blue 3, green 1
MOVE: 1 1 None 0 None 5
You hints intentional about all their 5 hints remaining: 0
intentional has yellow 3, blue 5, white 5, blue 3, green 1
MOVE: 0 3 3 None None None
intentional discards blue 3
trash is now white 2, blue 1, yellow 1, red 1, yellow 3, white 1, white 3, yellow 4, red 1, yellow 2, yellow 5, blue 3
intentional now has yellow 3, blue 5, white 5, green 1, white 3
MOVE: 1 3 0 1 None None
You discards yellow 4
trash is now white 2, blue 1, yellow 1, red 1, yellow 3, white 1, white 3, yellow 4, red 1, yellow 2, yellow 5, blue 3, yellow 4
You now has blue 3, blue 4, yellow 1, green 4, green 3
MOVE: 0 1 None 1 None 3
intentional hints You about all their 3 hints remaining: 1
You has blue 3, blue 4, yellow 1, green 4, green 3
MOVE: 1 1 None 0 None 3
You hints intentional about all their 3 hints remaining: 0
intentional has yellow 3, blue 5, white 5, green 1, white 3
MOVE: 0 2 0 None None None
intentional plays yellow 3 successfully! Board is now green 2, yellow 3, white 0, blue 1, red 3
intentional now has blue 5, white 5, green 1, white 3, red 3
MOVE: 1 3 2 1 None None
You discards yellow 1
trash is now white 2, blue 1, yellow 1, red 1, yellow 3, white 1, white 3, yellow 4, red 1, yellow 2, yellow 5, blue 3, yellow 4, yellow 1
You now has blue 3, blue 4, green 4, green 3, green 4
MOVE: 0 3 2 None None None
intentional discards green 1
trash is now white 2, blue 1, yellow 1, red 1, yellow 3, white 1, white 3, yellow 4, red 1, yellow 2, yellow 5, blue 3, yellow 4, yellow 1, green 1
intentional now has blue 5, white 5, white 3, red 3, white 2
MOVE: 1 0 None 0 2 None
You hints intentional about all their white cards hints remaining: 1
intentional has blue 5, white 5, white 3, red 3, white 2
MOVE: 0 3 3 None None None
intentional discards red 3
trash is now white 2, blue 1, yellow 1, red 1, yellow 3, white 1, white 3, yellow 4, red 1, yellow 2, yellow 5, blue 3, yellow 4, yellow 1, green 1, red 3
intentional now has blue 5, white 5, white 3, white 2, white 1
MOVE: 1 1 None 0 None 1
You hints intentional about all their 1 hints remaining: 1
intentional has blue 5, white 5, white 3, white 2, white 1
MOVE: 0 3 4 None None None
intentional discards white 1
trash is now white 2, blue 1, yellow 1, red 1, yellow 3, white 1, white 3, yellow 4, red 1, yellow 2, yellow 5, blue 3, yellow 4, yellow 1, green 1, red 3, white 1
intentional now has blue 5, white 5, white 3, white 2, blue 2
MOVE: 1 2 0 1 None None
You plays blue 3 and fails. Board was green 2, yellow 3, white 0, blue 1, red 3
You now has blue 4, green 4, green 3, green 4, blue 2
Score 9
