Old GID: 96da0bad83b38f9e
Treatment: ('full', 4067)
[(3, 1), (1, 2), (4, 2), (1, 4), (3, 4), (1, 5), (3, 3), (0, 3), (2, 2), (1, 1), (4, 5), (3, 3), (2, 1), (2, 1), (3, 4), (2, 3), (3, 5), (0, 2), (1, 1), (2, 4), (2, 2), (4, 4), (0, 3), (0, 4), (4, 4), (4, 3), (1, 3), (3, 2), (1, 3), (4, 3), (3, 1), (1, 2), (0, 5), (3, 1), (4, 1), (1, 1), (3, 2), (2, 1), (4, 2), (4, 1)]
MOVE: 0 1 None 1 None 1
full hints You about all their 1 hints remaining: 7
You has green 1, green 1, green 4, white 3, green 1
MOVE: 1 1 None 0 None 1
You hints full about all their 1 hints remaining: 6
full has green 2, red 1, yellow 4, white 5, white 4
MOVE: 0 2 1 None None None
full plays red 1 successfully! Board is now green 0, yellow 0, white 0, blue 0, red 1
full now has green 2, yellow 4, white 5, white 4, blue 1
MOVE: 1 1 None 0 None 1
You hints full about all their 1 hints remaining: 5
full has green 2, yellow 4, white 5, white 4, blue 1
MOVE: 0 2 4 None None None
full plays blue 1 successfully! Board is now green 0, yellow 0, white 0, blue 1, red 1
full now has green 2, yellow 4, white 5, white 4, yellow 2
MOVE: 1 1 None 0 None 5
You hints full about all their 5 hints remaining: 4
full has green 2, yellow 4, white 5, white 4, yellow 2
MOVE: 0 0 None 1 0 None
full hints You about all their green cards hints remaining: 3
You has green 1, green 1, green 4, white 3, green 1
MOVE: 1 2 0 1 None None
You plays green 1 successfully! Board is now green 1, yellow 0, white 0, blue 1, red 1
You now has green 1, green 4, white 3, green 1, red 2
MOVE: 0 0 None 1 4 None
full hints You about all their red cards hints remaining: 2
You has green 1, green 4, white 3, green 1, red 2
MOVE: 1 2 4 1 None None
You plays red 2 successfully! Board is now green 1, yellow 0, white 0, blue 1, red 2
You now has green 1, green 4, white 3, green 1, yellow 4
MOVE: 0 3 4 None None None
full discards yellow 2
trash is now yellow 2
full now has green 2, yellow 4, white 5, white 4, blue 4
MOVE: 1 3 0 1 None None
You discards green 1
trash is now yellow 2, green 1
You now has green 4, white 3, green 1, yellow 4, yellow 5
MOVE: 0 3 0 None None None
full discards green 2
trash is now yellow 2, green 1, green 2
full now has yellow 4, white 5, white 4, blue 4, blue 3
MOVE: 1 3 2 1 None None
You discards green 1
trash is now yellow 2, green 1, green 2, green 1
You now has green 4, white 3, yellow 4, yellow 5, green 3
MOVE: 0 3 0 None None None
full discards yellow 4
trash is now yellow 2, green 1, green 2, green 1, yellow 4
full now has white 5, white 4, blue 4, blue 3, white 2
MOVE: 1 3 1 1 None None
You discards white 3
trash is now yellow 2, green 1, green 2, green 1, yellow 4, white 3
You now has green 4, yellow 4, yellow 5, green 3, yellow 1
MOVE: 0 1 None 1 None 1
full hints You about all their 1 hints remaining: 7
You has green 4, yellow 4, yellow 5, green 3, yellow 1
MOVE: 1 2 4 1 None None
You plays yellow 1 successfully! Board is now green 1, yellow 1, white 0, blue 1, red 2
You now has green 4, yellow 4, yellow 5, green 3, red 5
MOVE: 0 3 2 None None None
full discards blue 4
trash is now yellow 2, green 1, green 2, green 1, yellow 4, white 3, blue 4
full now has white 5, white 4, blue 3, white 2, blue 3
MOVE: 1 0 None 0 2 None
You hints full about all their white cards hints remaining: 7
full has white 5, white 4, blue 3, white 2, blue 3
MOVE: 0 2 3 None None None
full plays white 2 and fails. Board was green 1, yellow 1, white 0, blue 1, red 2
full now has white 5, white 4, blue 3, blue 3, white 1
MOVE: 1 0 None 0 2 None
You hints full about all their white cards hints remaining: 6
full has white 5, white 4, blue 3, blue 3, white 1
MOVE: 0 2 4 None None None
full plays white 1 successfully! Board is now green 1, yellow 1, white 1, blue 1, red 2
full now has white 5, white 4, blue 3, blue 3, white 1
MOVE: 1 1 None 0 None 1
You hints full about all their 1 hints remaining: 5
full has white 5, white 4, blue 3, blue 3, white 1
MOVE: 0 3 4 None None None
full discards white 1
trash is now yellow 2, green 1, green 2, green 1, yellow 4, white 3, blue 4, white 2, white 1
full now has white 5, white 4, blue 3, blue 3, blue 4
MOVE: 1 0 None 0 3 None
You hints full about all their blue cards hints remaining: 5
full has white 5, white 4, blue 3, blue 3, blue 4
MOVE: 0 2 2 None None None
full plays blue 3 and fails. Board was green 1, yellow 1, white 1, blue 1, red 2
full now has white 5, white 4, blue 3, blue 4, white 3
MOVE: 1 1 None 0 None 3
You hints full about all their 3 hints remaining: 4
full has white 5, white 4, blue 3, blue 4, white 3
MOVE: 0 2 4 None None None
full plays white 3 and fails. Board was green 1, yellow 1, white 1, blue 1, red 2
full now has white 5, white 4, blue 3, blue 4, blue 5
Score 6
