Old GID: 632c2cb723aa191b
Treatment: ('intentional', 1416)
[(1, 3), (2, 1), (0, 5), (0, 1), (4, 4), (1, 1), (4, 4), (1, 4), (2, 5), (3, 4), (1, 5), (2, 1), (1, 1), (3, 3), (3, 1), (0, 4), (2, 4), (4, 5), (3, 2), (1, 2), (4, 1), (2, 3), (0, 3), (4, 1), (0, 3), (4, 1), (2, 2), (3, 3), (1, 3), (3, 5), (0, 1), (3, 1), (0, 2), (2, 3), (1, 4), (2, 4), (4, 2), (2, 1), (3, 2), (0, 2)]
MOVE: 0 1 None 1 None 1
intentional hints You about all their 1 hints remaining: 7
You has green 4, red 3, yellow 1, yellow 2, red 2
MOVE: 1 1 None 0 None 1
You hints intentional about all their 1 hints remaining: 6
intentional has blue 1, blue 4, green 1, white 2, red 3
MOVE: 0 2 2 None None None
intentional plays green 1 successfully! Board is now green 1, yellow 0, white 0, blue 0, red 0
intentional now has blue 1, blue 4, white 2, red 3, yellow 3
MOVE: 1 2 2 1 None None
You plays yellow 1 successfully! Board is now green 1, yellow 1, white 0, blue 0, red 0
You now has green 4, red 3, yellow 2, red 2, white 1
MOVE: 0 0 None 1 1 None
intentional hints You about all their yellow cards hints remaining: 5
You has green 4, red 3, yellow 2, red 2, white 1
MOVE: 1 0 None 0 3 None
You hints intentional about all their blue cards hints remaining: 4
intentional has blue 1, blue 4, white 2, red 3, yellow 3
MOVE: 0 2 0 None None None
intentional plays blue 1 successfully! Board is now green 1, yellow 1, white 0, blue 1, red 0
intentional now has blue 4, white 2, red 3, yellow 3, green 5
MOVE: 1 2 2 1 None None
You plays yellow 2 successfully! Board is now green 1, yellow 2, white 0, blue 1, red 0
You now has green 4, red 3, red 2, white 1, green 1
MOVE: 0 0 None 1 2 None
intentional hints You about all their white cards hints remaining: 3
You has green 4, red 3, red 2, white 1, green 1
MOVE: 1 2 3 1 None None
You plays white 1 successfully! Board is now green 1, yellow 2, white 1, blue 1, red 0
You now has green 4, red 3, red 2, green 1, red 4
MOVE: 0 3 4 None None None
intentional discards green 5
trash is now green 5
intentional now has blue 4, white 2, red 3, yellow 3, yellow 1
MOVE: 1 0 None 0 1 None
You hints intentional about all their yellow cards hints remaining: 3
intentional has blue 4, white 2, red 3, yellow 3, yellow 1
MOVE: 0 3 3 None None None
intentional discards yellow 3
trash is now green 5, yellow 3
intentional now has blue 4, white 2, red 3, yellow 1, red 4
MOVE: 1 2 4 1 None None
You plays red 4 and fails. Board was green 1, yellow 2, white 1, blue 1, red 0
You now has green 4, red 3, red 2, green 1, yellow 4
MOVE: 0 3 4 None None None
intentional discards red 4
trash is now green 5, yellow 3, red 4, red 4
intentional now has blue 4, white 2, red 3, yellow 1, white 5
MOVE: 1 2 4 1 None None
You plays yellow 4 and fails. Board was green 1, yellow 2, white 1, blue 1, red 0
You now has green 4, red 3, red 2, green 1, blue 4
MOVE: 0 3 4 None None None
intentional discards white 5
trash is now green 5, yellow 3, red 4, red 4, yellow 4, white 5
intentional now has blue 4, white 2, red 3, yellow 1, yellow 5
MOVE: 1 2 4 1 None None
You plays blue 4 and fails. Board was green 1, yellow 2, white 1, blue 1, red 0
You now has green 4, red 3, red 2, green 1, white 1
Score 5
