Old GID: 44b5fc86cee1b228
Treatment: ('outer', 6104)
[(0, 3), (2, 1), (4, 5), (1, 2), (1, 1), (0, 1), (1, 1), (2, 1), (4, 2), (3, 4), (3, 1), (1, 4), (0, 4), (2, 5), (0, 1), (4, 3), (3, 5), (4, 1), (1, 1), (2, 2), (4, 4), (3, 3), (4, 1), (4, 1), (2, 2), (3, 4), (0, 2), (2, 4), (2, 4), (0, 2), (1, 3), (3, 3), (0, 1), (3, 2), (0, 5), (0, 3), (3, 2), (0, 4), (1, 2), (3, 1)]
MOVE: 0 1 None 1 None 1
outer hints You about all their 1 hints remaining: 7
You has white 3, red 2, blue 1, white 3, yellow 3
MOVE: 1 2 2 1 None None
You plays blue 1 successfully! Board is now green 0, yellow 0, white 0, blue 1, red 0
You now has white 3, red 2, white 3, yellow 3, green 3
MOVE: 0 1 None 1 None 2
outer hints You about all their 2 hints remaining: 6
You has white 3, red 2, white 3, yellow 3, green 3
MOVE: 1 2 1 1 None None
You plays red 2 and fails. Board was green 0, yellow 0, white 0, blue 1, red 0
You now has white 3, white 3, yellow 3, green 3, white 1
MOVE: 0 1 None 1 None 1
outer hints You about all their 1 hints remaining: 5
You has white 3, white 3, yellow 3, green 3, white 1
MOVE: 1 2 4 1 None None
You plays white 1 successfully! Board is now green 0, yellow 0, white 1, blue 1, red 0
You now has white 3, white 3, yellow 3, green 3, red 5
MOVE: 0 1 None 1 None 3
outer hints You about all their 3 hints remaining: 4
You has white 3, white 3, yellow 3, green 3, red 5
MOVE: 1 2 3 1 None None
You plays green 3 and fails. Board was green 0, yellow 0, white 1, blue 1, red 0
You now has white 3, white 3, yellow 3, red 5, yellow 2
MOVE: 0 1 None 1 None 3
outer hints You about all their 3 hints remaining: 3
You has white 3, white 3, yellow 3, red 5, yellow 2
MOVE: 1 2 2 1 None None
You plays yellow 3 and fails. Board was green 0, yellow 0, white 1, blue 1, red 0
You now has white 3, white 3, red 5, yellow 2, yellow 1
Score 2
