Old GID: 174ac69b68523c82
Treatment: ('intentional', 597)
[(2, 3), (1, 2), (0, 2), (3, 4), (3, 3), (1, 3), (0, 1), (0, 1), (2, 1), (4, 5), (2, 4), (0, 4), (0, 1), (3, 1), (4, 1), (1, 2), (1, 1), (2, 1), (4, 4), (1, 4), (1, 4), (0, 2), (3, 5), (4, 3), (0, 5), (4, 3), (3, 2), (3, 1), (4, 1), (3, 3), (1, 5), (3, 4), (4, 4), (4, 2), (1, 1), (2, 2), (4, 1), (2, 1), (0, 4), (0, 3)]
MOVE: 0 0 None 1 3 None
intentional hints You about all their blue cards hints remaining: 7
You has white 3, white 4, white 2, blue 1, red 2
MOVE: 1 2 3 1 None None
You plays blue 1 successfully! Board is now green 0, yellow 0, white 0, blue 1, red 0
You now has white 3, white 4, white 2, red 2, white 3
MOVE: 0 3 0 None None None
intentional discards yellow 1
trash is now yellow 1
intentional now has green 3, blue 2, white 5, yellow 3, yellow 2
MOVE: 1 0 None 0 3 None
You hints intentional about all their blue cards hints remaining: 7
intentional has green 3, blue 2, white 5, yellow 3, yellow 2
MOVE: 0 3 0 None None None
intentional discards green 3
trash is now yellow 1, green 3
intentional now has blue 2, white 5, yellow 3, yellow 2, green 2
MOVE: 1 1 None 0 None 2
You hints intentional about all their 2 hints remaining: 7
intentional has blue 2, white 5, yellow 3, yellow 2, green 2
MOVE: 0 2 0 None None None
intentional plays blue 2 successfully! Board is now green 0, yellow 0, white 0, blue 2, red 0
intentional now has white 5, yellow 3, yellow 2, green 2, blue 4
MOVE: 1 3 0 1 None None
You discards white 3
trash is now yellow 1, green 3, white 3
You now has white 4, white 2, red 2, white 3, blue 3
MOVE: 0 0 None 1 3 None
intentional hints You about all their blue cards hints remaining: 7
You has white 4, white 2, red 2, white 3, blue 3
MOVE: 1 2 4 1 None None
You plays blue 3 successfully! Board is now green 0, yellow 0, white 0, blue 3, red 0
You now has white 4, white 2, red 2, white 3, yellow 3
MOVE: 0 1 None 1 None 3
intentional hints You about all their 3 hints remaining: 6
You has white 4, white 2, red 2, white 3, yellow 3
MOVE: 1 0 None 0 3 None
You hints intentional about all their blue cards hints remaining: 5
intentional has white 5, yellow 3, yellow 2, green 2, blue 4
MOVE: 0 3 4 None None None
intentional discards blue 4
trash is now yellow 1, green 3, white 3, blue 4
intentional now has white 5, yellow 3, yellow 2, green 2, green 1
MOVE: 1 2 4 1 None None
You plays yellow 3 and fails. Board was green 0, yellow 0, white 0, blue 3, red 0
You now has white 4, white 2, red 2, white 3, green 1
MOVE: 0 0 None 1 0 None
intentional hints You about all their green cards hints remaining: 5
You has white 4, white 2, red 2, white 3, green 1
MOVE: 1 2 4 1 None None
You plays green 1 successfully! Board is now green 1, yellow 0, white 0, blue 3, red 0
You now has white 4, white 2, red 2, white 3, white 1
MOVE: 0 1 None 1 None 1
intentional hints You about all their 1 hints remaining: 4
You has white 4, white 2, red 2, white 3, white 1
MOVE: 1 2 4 1 None None
You plays white 1 successfully! Board is now green 1, yellow 0, white 1, blue 3, red 0
You now has white 4, white 2, red 2, white 3, red 5
MOVE: 0 3 4 None None None
intentional discards green 1
trash is now yellow 1, green 3, white 3, blue 4, yellow 3, green 1
intentional now has white 5, yellow 3, yellow 2, green 2, white 4
MOVE: 1 2 4 1 None None
You plays red 5 and fails. Board was green 1, yellow 0, white 1, blue 3, red 0
You now has white 4, white 2, red 2, white 3, green 4
MOVE: 0 3 4 None None None
intentional discards white 4
trash is now yellow 1, green 3, white 3, blue 4, yellow 3, green 1, red 5, white 4
intentional now has white 5, yellow 3, yellow 2, green 2, green 1
MOVE: 1 2 4 1 None None
You plays green 4 and fails. Board was green 1, yellow 0, white 1, blue 3, red 0
You now has white 4, white 2, red 2, white 3, blue 1
Score 5
