Old GID: a469eabf7c309df3
Treatment: ('outer', 5911)
[(1, 3), (4, 3), (0, 4), (0, 1), (2, 2), (0, 1), (0, 3), (1, 1), (3, 3), (2, 1), (3, 4), (4, 4), (4, 2), (0, 4), (4, 1), (0, 1), (2, 4), (0, 5), (4, 1), (2, 1), (2, 3), (3, 1), (1, 1), (2, 4), (1, 1), (0, 3), (2, 2), (3, 4), (2, 1), (4, 2), (4, 1), (1, 2), (4, 4), (3, 5), (4, 5), (4, 3), (1, 4), (1, 4), (3, 2), (0, 2)]
MOVE: 0 0 None 1 3 None
outer hints You about all their blue cards hints remaining: 7
You has yellow 3, white 3, yellow 5, green 2, blue 1
MOVE: 1 2 4 1 None None
You plays blue 1 successfully! Board is now green 0, yellow 0, white 0, blue 1, red 0
You now has yellow 3, white 3, yellow 5, green 2, yellow 3
MOVE: 0 1 None 1 None 5
outer hints You about all their 5 hints remaining: 6
You has yellow 3, white 3, yellow 5, green 2, yellow 3
MOVE: 1 1 None 0 None 5
You hints outer about all their 5 hints remaining: 5
outer has white 5, blue 1, blue 3, blue 2, yellow 2
MOVE: 0 0 None 1 1 None
outer hints You about all their yellow cards hints remaining: 4
You has yellow 3, white 3, yellow 5, green 2, yellow 3
MOVE: 1 1 None 0 None 2
You hints outer about all their 2 hints remaining: 3
outer has white 5, blue 1, blue 3, blue 2, yellow 2
MOVE: 0 0 None 1 2 None
outer hints You about all their white cards hints remaining: 2
You has yellow 3, white 3, yellow 5, green 2, yellow 3
MOVE: 1 0 None 0 3 None
You hints outer about all their blue cards hints remaining: 1
outer has white 5, blue 1, blue 3, blue 2, yellow 2
MOVE: 0 2 3 None None None
outer plays blue 2 successfully! Board is now green 0, yellow 0, white 0, blue 2, red 0
outer now has white 5, blue 1, blue 3, yellow 2, red 3
MOVE: 1 1 None 0 None 3
You hints outer about all their 3 hints remaining: 0
outer has white 5, blue 1, blue 3, yellow 2, red 3
MOVE: 0 2 2 None None None
outer plays blue 3 successfully! Board is now green 0, yellow 0, white 0, blue 3, red 0
outer now has white 5, blue 1, yellow 2, red 3, green 4
MOVE: 1 2 1 1 None None
You plays white 3 and fails. Board was green 0, yellow 0, white 0, blue 3, red 0
You now has yellow 3, yellow 5, green 2, yellow 3, green 1
MOVE: 0 3 2 None None None
outer discards yellow 2
trash is now white 3, yellow 2
outer now has white 5, blue 1, red 3, green 4, white 2
MOVE: 1 2 3 1 None None
You plays yellow 3 and fails. Board was green 0, yellow 0, white 0, blue 3, red 0
You now has yellow 3, yellow 5, green 2, green 1, green 1
MOVE: 0 0 None 1 0 None
outer hints You about all their green cards hints remaining: 0
You has yellow 3, yellow 5, green 2, green 1, green 1
MOVE: 1 2 0 1 None None
You plays yellow 3 and fails. Board was green 0, yellow 0, white 0, blue 3, red 0
You now has yellow 5, green 2, green 1, green 1, green 3
Score 3
