Old GID: 6bbb3cfe925e904f
Treatment: ('outer', 1876)
[(1, 4), (0, 4), (4, 2), (4, 3), (4, 1), (2, 1), (2, 2), (1, 3), (1, 1), (2, 3), (3, 4), (1, 2), (1, 1), (0, 1), (1, 3), (3, 3), (3, 2), (1, 2), (0, 5), (0, 4), (2, 4), (2, 2), (1, 1), (2, 5), (0, 1), (3, 5), (4, 3), (4, 4), (2, 3), (3, 1), (4, 2), (4, 1), (1, 5), (3, 3), (4, 5), (3, 1), (3, 2), (0, 2), (1, 4), (4, 1)]
MOVE: 0 1 None 1 None 1
outer hints You about all their 1 hints remaining: 7
You has green 3, white 1, white 4, green 1, white 1
MOVE: 1 2 1 1 None None
You plays white 1 successfully! Board is now green 0, yellow 0, white 1, blue 0, red 0
You now has green 3, white 4, green 1, white 1, yellow 4
MOVE: 0 1 None 1 None 1
outer hints You about all their 1 hints remaining: 6
You has green 3, white 4, green 1, white 1, yellow 4
MOVE: 1 2 2 1 None None
You plays green 1 successfully! Board is now green 1, yellow 0, white 1, blue 0, red 0
You now has green 3, white 4, white 1, yellow 4, green 4
MOVE: 0 1 None 1 None 4
outer hints You about all their 4 hints remaining: 5
You has green 3, white 4, white 1, yellow 4, green 4
MOVE: 1 2 2 1 None None
You plays white 1 and fails. Board was green 1, yellow 0, white 1, blue 0, red 0
You now has green 3, white 4, yellow 4, green 4, red 2
MOVE: 0 0 None 1 0 None
outer hints You about all their green cards hints remaining: 4
You has green 3, white 4, yellow 4, green 4, red 2
MOVE: 1 1 None 0 None 1
You hints outer about all their 1 hints remaining: 3
outer has blue 1, blue 4, red 4, green 2, green 3
MOVE: 0 1 None 1 None 3
outer hints You about all their 3 hints remaining: 2
You has green 3, white 4, yellow 4, green 4, red 2
MOVE: 1 0 None 0 3 None
You hints outer about all their blue cards hints remaining: 1
outer has blue 1, blue 4, red 4, green 2, green 3
MOVE: 0 2 0 None None None
outer plays blue 1 successfully! Board is now green 1, yellow 0, white 1, blue 1, red 0
outer now has blue 4, red 4, green 2, green 3, red 3
MOVE: 1 2 4 1 None None
You plays red 2 and fails. Board was green 1, yellow 0, white 1, blue 1, red 0
You now has green 3, white 4, yellow 4, green 4, red 1
MOVE: 0 0 None 1 4 None
outer hints You about all their red cards hints remaining: 0
You has green 3, white 4, yellow 4, green 4, red 1
MOVE: 1 2 4 1 None None
You plays red 1 successfully! Board is now green 1, yellow 0, white 1, blue 1, red 1
You now has green 3, white 4, yellow 4, green 4, white 1
MOVE: 0 3 4 None None None
outer discards red 3
trash is now white 1, red 2, red 3
outer now has blue 4, red 4, green 2, green 3, white 2
MOVE: 1 2 4 1 None None
You plays white 1 and fails. Board was green 1, yellow 0, white 1, blue 1, red 1
You now has green 3, white 4, yellow 4, green 4, yellow 3
Score 4
