Old GID: 46d350a033c35853
Treatment: ('full', 505)
[(0, 5), (2, 5), (1, 2), (4, 3), (1, 1), (0, 1), (0, 2), (0, 2), (0, 3), (3, 4), (3, 5), (4, 2), (1, 4), (2, 2), (1, 5), (4, 2), (2, 3), (2, 1), (2, 1), (0, 3), (4, 3), (0, 1), (0, 4), (3, 1), (3, 2), (3, 1), (3, 4), (2, 4), (2, 1), (1, 3), (3, 2), (4, 1), (0, 1), (2, 4), (3, 3), (4, 4), (3, 1), (1, 2), (4, 1), (0, 4)]
MOVE: 0 1 None 1 None 1
full hints You about all their 1 hints remaining: 7
You has yellow 1, yellow 3, red 4, white 2, white 3
MOVE: 1 1 None 0 None 1
You hints full about all their 1 hints remaining: 6
full has yellow 4, yellow 1, red 5, blue 3, red 1
MOVE: 0 2 1 None None None
full plays yellow 1 successfully! Board is now green 0, yellow 1, white 0, blue 0, red 0
full now has yellow 4, red 5, blue 3, red 1, green 5
MOVE: 1 1 None 0 None 5
You hints full about all their 5 hints remaining: 5
full has yellow 4, red 5, blue 3, red 1, green 5
MOVE: 0 3 0 None None None
full discards yellow 4
trash is now yellow 4
full now has red 5, blue 3, red 1, green 5, white 5
MOVE: 1 1 None 0 None 5
You hints full about all their 5 hints remaining: 5
full has red 5, blue 3, red 1, green 5, white 5
MOVE: 0 3 1 None None None
full discards blue 3
trash is now yellow 4, blue 3
full now has red 5, red 1, green 5, white 5, yellow 2
MOVE: 1 2 0 1 None None
You plays yellow 1 and fails. Board was green 0, yellow 1, white 0, blue 0, red 0
You now has yellow 3, red 4, white 2, white 3, red 3
MOVE: 0 3 4 None None None
full discards yellow 2
trash is now yellow 4, blue 3, yellow 1, yellow 2
full now has red 5, red 1, green 5, white 5, yellow 1
MOVE: 1 3 0 1 None None
You discards yellow 3
trash is now yellow 4, blue 3, yellow 1, yellow 2, yellow 3
You now has red 4, white 2, white 3, red 3, green 1
MOVE: 0 0 None 1 0 None
full hints You about all their green cards hints remaining: 7
You has red 4, white 2, white 3, red 3, green 1
MOVE: 1 2 4 1 None None
You plays green 1 successfully! Board is now green 1, yellow 1, white 0, blue 0, red 0
You now has red 4, white 2, white 3, red 3, green 2
MOVE: 0 0 None 1 0 None
full hints You about all their green cards hints remaining: 6
You has red 4, white 2, white 3, red 3, green 2
MOVE: 1 2 4 1 None None
You plays green 2 successfully! Board is now green 2, yellow 1, white 0, blue 0, red 0
You now has red 4, white 2, white 3, red 3, green 2
MOVE: 0 3 4 None None None
full discards yellow 1
trash is now yellow 4, blue 3, yellow 1, yellow 2, yellow 3, yellow 1
full now has red 5, red 1, green 5, white 5, green 3
MOVE: 1 0 None 0 0 None
You hints full about all their green cards hints remaining: 6
full has red 5, red 1, green 5, white 5, green 3
MOVE: 0 2 4 None None None
full plays green 3 successfully! Board is now green 3, yellow 1, white 0, blue 0, red 0
full now has red 5, red 1, green 5, white 5, blue 4
MOVE: 1 0 None 0 4 None
You hints full about all their red cards hints remaining: 5
full has red 5, red 1, green 5, white 5, blue 4
MOVE: 0 2 1 None None None
full plays red 1 successfully! Board is now green 3, yellow 1, white 0, blue 0, red 1
full now has red 5, green 5, white 5, blue 4, blue 5
MOVE: 1 1 None 0 None 5
You hints full about all their 5 hints remaining: 4
full has red 5, green 5, white 5, blue 4, blue 5
MOVE: 0 3 3 None None None
full discards blue 4
trash is now yellow 4, blue 3, yellow 1, yellow 2, yellow 3, yellow 1, blue 4
full now has red 5, green 5, white 5, blue 5, red 2
MOVE: 1 1 None 0 None 2
You hints full about all their 2 hints remaining: 4
full has red 5, green 5, white 5, blue 5, red 2
MOVE: 0 2 4 None None None
full plays red 2 successfully! Board is now green 3, yellow 1, white 0, blue 0, red 2
full now has red 5, green 5, white 5, blue 5, yellow 4
MOVE: 1 3 0 1 None None
You discards red 4
trash is now yellow 4, blue 3, yellow 1, yellow 2, yellow 3, yellow 1, blue 4, red 4
You now has white 2, white 3, red 3, green 2, white 2
MOVE: 0 0 None 1 4 None
full hints You about all their red cards hints remaining: 4
You has white 2, white 3, red 3, green 2, white 2
MOVE: 1 2 2 1 None None
You plays red 3 successfully! Board is now green 3, yellow 1, white 0, blue 0, red 3
You now has white 2, white 3, green 2, white 2, yellow 5
MOVE: 0 3 4 None None None
full discards yellow 4
trash is now yellow 4, blue 3, yellow 1, yellow 2, yellow 3, yellow 1, blue 4, red 4, yellow 4
full now has red 5, green 5, white 5, blue 5, red 2
MOVE: 1 3 0 1 None None
You discards white 2
trash is now yellow 4, blue 3, yellow 1, yellow 2, yellow 3, yellow 1, blue 4, red 4, yellow 4, white 2
You now has white 3, green 2, white 2, yellow 5, white 3
MOVE: 0 1 None 1 None 3
full hints You about all their 3 hints remaining: 5
You has white 3, green 2, white 2, yellow 5, white 3
MOVE: 1 3 0 1 None None
You discards white 3
trash is now yellow 4, blue 3, yellow 1, yellow 2, yellow 3, yellow 1, blue 4, red 4, yellow 4, white 2, white 3
You now has green 2, white 2, yellow 5, white 3, white 1
MOVE: 0 1 None 1 None 1
full hints You about all their 1 hints remaining: 5
You has green 2, white 2, yellow 5, white 3, white 1
MOVE: 1 2 4 1 None None
You plays white 1 successfully! Board is now green 3, yellow 1, white 1, blue 0, red 3
You now has green 2, white 2, yellow 5, white 3, white 1
MOVE: 0 3 4 None None None
full discards red 2
trash is now yellow 4, blue 3, yellow 1, yellow 2, yellow 3, yellow 1, blue 4, red 4, yellow 4, white 2, white 3, red 2
full now has red 5, green 5, white 5, blue 5, green 3
MOVE: 1 3 3 1 None None
You discards white 3
trash is now yellow 4, blue 3, yellow 1, yellow 2, yellow 3, yellow 1, blue 4, red 4, yellow 4, white 2, white 3, red 2, white 3
You now has green 2, white 2, yellow 5, white 1, red 3
MOVE: 0 1 None 1 None 3
full hints You about all their 3 hints remaining: 6
You has green 2, white 2, yellow 5, white 1, red 3
MOVE: 1 3 4 1 None None
You discards red 3
trash is now yellow 4, blue 3, yellow 1, yellow 2, yellow 3, yellow 1, blue 4, red 4, yellow 4, white 2, white 3, red 2, white 3, red 3
You now has green 2, white 2, yellow 5, white 1, green 1
MOVE: 0 3 4 None None None
full discards green 3
trash is now yellow 4, blue 3, yellow 1, yellow 2, yellow 3, yellow 1, blue 4, red 4, yellow 4, white 2, white 3, red 2, white 3, red 3, green 3
full now has red 5, green 5, white 5, blue 5, green 4
MOVE: 1 1 None 0 None 4
You hints full about all their 4 hints remaining: 7
full has red 5, green 5, white 5, blue 5, green 4
MOVE: 0 2 4 None None None
full plays green 4 successfully! Board is now green 4, yellow 1, white 1, blue 0, red 3
full now has red 5, green 5, white 5, blue 5, blue 1
MOVE: 1 0 None 0 3 None
You hints full about all their blue cards hints remaining: 6
full has red 5, green 5, white 5, blue 5, blue 1
MOVE: 0 2 4 None None None
full plays blue 1 successfully! Board is now green 4, yellow 1, white 1, blue 1, red 3
full now has red 5, green 5, white 5, blue 5, blue 2
MOVE: 1 0 None 0 3 None
You hints full about all their blue cards hints remaining: 5
full has red 5, green 5, white 5, blue 5, blue 2
MOVE: 0 2 4 None None None
full plays blue 2 successfully! Board is now green 4, yellow 1, white 1, blue 2, red 3
full now has red 5, green 5, white 5, blue 5, blue 1
MOVE: 1 1 None 0 None 1
You hints full about all their 1 hints remaining: 4
full has red 5, green 5, white 5, blue 5, blue 1
MOVE: 0 3 4 None None None
full discards blue 1
trash is now yellow 4, blue 3, yellow 1, yellow 2, yellow 3, yellow 1, blue 4, red 4, yellow 4, white 2, white 3, red 2, white 3, red 3, green 3, blue 1
full now has red 5, green 5, white 5, blue 5, blue 4
MOVE: 1 3 0 1 None None
You discards green 2
trash is now yellow 4, blue 3, yellow 1, yellow 2, yellow 3, yellow 1, blue 4, red 4, yellow 4, white 2, white 3, red 2, white 3, red 3, green 3, blue 1, green 2
You now has white 2, yellow 5, white 1, green 1, white 4
MOVE: 0 2 1 None None None
full plays green 5 successfully! Board is now green 5, yellow 1, white 1, blue 2, red 3
full now has red 5, white 5, blue 5, blue 4, white 1
MOVE: 1 1 None 0 None 1
You hints full about all their 1 hints remaining: 6
full has red 5, white 5, blue 5, blue 4, white 1
MOVE: 0 3 4 None None None
full discards white 1
trash is now yellow 4, blue 3, yellow 1, yellow 2, yellow 3, yellow 1, blue 4, red 4, yellow 4, white 2, white 3, red 2, white 3, red 3, green 3, blue 1, green 2, white 1
full now has red 5, white 5, blue 5, blue 4, yellow 3
MOVE: 1 3 0 1 None None
You discards white 2
trash is now yellow 4, blue 3, yellow 1, yellow 2, yellow 3, yellow 1, blue 4, red 4, yellow 4, white 2, white 3, red 2, white 3, red 3, green 3, blue 1, green 2, white 1, white 2
You now has yellow 5, white 1, green 1, white 4, blue 2
MOVE: 0 1 None 1 None 1
full hints You about all their 1 hints remaining: 7
You has yellow 5, white 1, green 1, white 4, blue 2
MOVE: 1 3 1 1 None None
You discards white 1
trash is now yellow 4, blue 3, yellow 1, yellow 2, yellow 3, yellow 1, blue 4, red 4, yellow 4, white 2, white 3, red 2, white 3, red 3, green 3, blue 1, green 2, white 1, white 2, white 1
You now has yellow 5, green 1, white 4, blue 2, red 1
MOVE: 0 1 None 1 None 1
full hints You about all their 1 hints remaining: 7
You has yellow 5, green 1, white 4, blue 2, red 1
MOVE: 1 3 1 1 None None
You discards green 1
trash is now yellow 4, blue 3, yellow 1, yellow 2, yellow 3, yellow 1, blue 4, red 4, yellow 4, white 2, white 3, red 2, white 3, red 3, green 3, blue 1, green 2, white 1, white 2, white 1, green 1
You now has yellow 5, white 4, blue 2, red 1, green 1
MOVE: 0 1 None 1 None 1
full hints You about all their 1 hints remaining: 7
You has yellow 5, white 4, blue 2, red 1, green 1
MOVE: 1 3 3 1 None None
You discards red 1
trash is now yellow 4, blue 3, yellow 1, yellow 2, yellow 3, yellow 1, blue 4, red 4, yellow 4, white 2, white 3, red 2, white 3, red 3, green 3, blue 1, green 2, white 1, white 2, white 1, green 1, red 1
You now has yellow 5, white 4, blue 2, green 1, white 4
MOVE: 0 0 None 1 0 None
full hints You about all their green cards hints remaining: 7
You has yellow 5, white 4, blue 2, green 1, white 4
MOVE: 1 3 3 1 None None
You discards green 1
trash is now yellow 4, blue 3, yellow 1, yellow 2, yellow 3, yellow 1, blue 4, red 4, yellow 4, white 2, white 3, red 2, white 3, red 3, green 3, blue 1, green 2, white 1, white 2, white 1, green 1, red 1, green 1
You now has yellow 5, white 4, blue 2, white 4, blue 3
MOVE: 0 1 None 1 None 3
full hints You about all their 3 hints remaining: 7
You has yellow 5, white 4, blue 2, white 4, blue 3
MOVE: 1 2 4 1 None None
You plays blue 3 successfully! Board is now green 5, yellow 1, white 1, blue 3, red 3
You now has yellow 5, white 4, blue 2, white 4, red 4
MOVE: 0 0 None 1 4 None
full hints You about all their red cards hints remaining: 6
You has yellow 5, white 4, blue 2, white 4, red 4
MOVE: 1 1 None 0 None 4
You hints full about all their 4 hints remaining: 5
full has red 5, white 5, blue 5, blue 4, yellow 3
MOVE: 0 2 3 None None None
full plays blue 4 successfully! Board is now green 5, yellow 1, white 1, blue 4, red 3
full now has red 5, white 5, blue 5, yellow 3, blue 1
MOVE: 1 2 4 1 None None
You plays red 4 successfully! Board is now green 5, yellow 1, white 1, blue 4, red 4
You now has yellow 5, white 4, blue 2, white 4, yellow 2
MOVE: 0 2 0 None None None
full plays red 5 successfully! Board is now green 5, yellow 1, white 1, blue 4, red 5
full now has white 5, blue 5, yellow 3, blue 1, red 1
MOVE: 1 1 None 0 None 1
You hints full about all their 1 hints remaining: 5
full has white 5, blue 5, yellow 3, blue 1, red 1
MOVE: 0 3 3 None None None
full discards blue 1
trash is now yellow 4, blue 3, yellow 1, yellow 2, yellow 3, yellow 1, blue 4, red 4, yellow 4, white 2, white 3, red 2, white 3, red 3, green 3, blue 1, green 2, white 1, white 2, white 1, green 1, red 1, green 1, blue 1
full now has white 5, blue 5, yellow 3, red 1, green 4
MOVE: 1 0 None 0 0 None
You hints full about all their green cards hints remaining: 5
full has white 5, blue 5, yellow 3, red 1, green 4
MOVE: 0 3 4 None None None
full discards green 4
trash is now yellow 4, blue 3, yellow 1, yellow 2, yellow 3, yellow 1, blue 4, red 4, yellow 4, white 2, white 3, red 2, white 3, red 3, green 3, blue 1, green 2, white 1, white 2, white 1, green 1, red 1, green 1, blue 1, green 4
full now has white 5, blue 5, yellow 3, red 1
Score 16
