Old GID: 64641f4b067d341a
Treatment: ('outer', 815)
[(0, 1), (4, 4), (0, 3), (3, 5), (1, 1), (0, 2), (2, 1), (3, 3), (1, 1), (2, 1), (4, 1), (2, 1), (1, 1), (0, 5), (1, 4), (1, 3), (3, 1), (4, 4), (3, 4), (3, 4), (3, 1), (2, 2), (0, 2), (4, 3), (1, 4), (3, 2), (0, 1), (1, 2), (0, 4), (4, 3), (3, 1), (0, 4), (3, 2), (2, 4), (2, 3), (0, 3), (1, 3), (2, 5), (1, 2), (4, 2)]
MOVE: 0 1 None 1 None 1
outer hints You about all their 1 hints remaining: 7
You has yellow 5, blue 3, white 2, red 1, white 3
MOVE: 1 1 None 0 None 1
You hints outer about all their 1 hints remaining: 6
outer has green 1, red 5, white 4, red 1, red 2
MOVE: 0 2 0 None None None
outer plays green 1 successfully! Board is now green 1, yellow 0, white 0, blue 0, red 0
outer now has red 5, white 4, red 1, red 2, green 1
MOVE: 1 2 3 1 None None
You plays red 1 successfully! Board is now green 1, yellow 0, white 0, blue 0, red 1
You now has yellow 5, blue 3, white 2, white 3, red 4
MOVE: 0 1 None 1 None 2
outer hints You about all their 2 hints remaining: 5
You has yellow 5, blue 3, white 2, white 3, red 4
MOVE: 1 0 None 0 4 None
You hints outer about all their red cards hints remaining: 4
outer has red 5, white 4, red 1, red 2, green 1
MOVE: 0 3 2 None None None
outer discards red 1
trash is now red 1
outer now has red 5, white 4, red 2, green 1, green 3
MOVE: 1 1 None 0 None 2
You hints outer about all their 2 hints remaining: 4
outer has red 5, white 4, red 2, green 1, green 3
MOVE: 0 2 2 None None None
outer plays red 2 successfully! Board is now green 1, yellow 0, white 0, blue 0, red 2
outer now has red 5, white 4, green 1, green 3, blue 5
MOVE: 1 1 None 0 None 5
You hints outer about all their 5 hints remaining: 3
outer has red 5, white 4, green 1, green 3, blue 5
MOVE: 0 1 None 1 None 4
outer hints You about all their 4 hints remaining: 2
You has yellow 5, blue 3, white 2, white 3, red 4
MOVE: 1 2 2 1 None None
You plays white 2 and fails. Board was green 1, yellow 0, white 0, blue 0, red 2
You now has yellow 5, blue 3, white 3, red 4, yellow 1
MOVE: 0 1 None 1 None 1
outer hints You about all their 1 hints remaining: 1
You has yellow 5, blue 3, white 3, red 4, yellow 1
MOVE: 1 2 4 1 None None
You plays yellow 1 successfully! Board is now green 1, yellow 1, white 0, blue 0, red 2
You now has yellow 5, blue 3, white 3, red 4, green 2
MOVE: 0 1 None 1 None 2
outer hints You about all their 2 hints remaining: 0
You has yellow 5, blue 3, white 3, red 4, green 2
MOVE: 1 2 4 1 None None
You plays green 2 successfully! Board is now green 2, yellow 1, white 0, blue 0, red 2
You now has yellow 5, blue 3, white 3, red 4, white 1
MOVE: 0 3 3 None None None
outer discards green 3
trash is now red 1, white 2, green 3
outer now has red 5, white 4, green 1, blue 5, blue 3
MOVE: 1 3 3 1 None None
You discards red 4
trash is now red 1, white 2, green 3, red 4
You now has yellow 5, blue 3, white 3, white 1, yellow 1
MOVE: 0 0 None 1 2 None
outer hints You about all their white cards hints remaining: 1
You has yellow 5, blue 3, white 3, white 1, yellow 1
MOVE: 1 2 2 1 None None
You plays white 3 and fails. Board was green 2, yellow 1, white 0, blue 0, red 2
You now has yellow 5, blue 3, white 1, yellow 1, white 1
MOVE: 0 1 None 1 None 1
outer hints You about all their 1 hints remaining: 0
You has yellow 5, blue 3, white 1, yellow 1, white 1
MOVE: 1 2 2 1 None None
You plays white 1 successfully! Board is now green 2, yellow 1, white 1, blue 0, red 2
You now has yellow 5, blue 3, yellow 1, white 1, red 1
MOVE: 0 3 4 None None None
outer discards blue 3
trash is now red 1, white 2, green 3, red 4, white 3, blue 3
outer now has red 5, white 4, green 1, blue 5, white 1
MOVE: 1 2 2 1 None None
You plays yellow 1 and fails. Board was green 2, yellow 1, white 1, blue 0, red 2
You now has yellow 5, blue 3, white 1, red 1, yellow 1
Score 6
