Old GID: 7026a8b13374a9f0
Treatment: ('outer', 7897)
[(3, 3), (1, 1), (4, 2), (4, 3), (4, 2), (3, 4), (3, 1), (0, 4), (1, 4), (4, 1), (0, 2), (1, 1), (3, 3), (3, 2), (2, 3), (4, 3), (2, 1), (4, 1), (3, 4), (0, 1), (0, 1), (3, 1), (0, 2), (2, 5), (0, 3), (3, 5), (4, 4), (4, 1), (3, 2), (3, 1), (0, 1), (2, 4), (2, 1), (1, 5), (1, 2), (1, 3), (1, 2), (2, 3), (4, 5), (1, 4)]
MOVE: 0 1 None 1 None 1
outer hints You about all their 1 hints remaining: 7
You has white 2, white 1, white 4, green 3, red 4
MOVE: 1 2 1 1 None None
You plays white 1 successfully! Board is now green 0, yellow 0, white 1, blue 0, red 0
You now has white 2, white 4, green 3, red 4, blue 3
MOVE: 0 0 None 1 2 None
outer hints You about all their white cards hints remaining: 6
You has white 2, white 4, green 3, red 4, blue 3
MOVE: 1 1 None 0 None 1
You hints outer about all their 1 hints remaining: 5
outer has yellow 3, white 2, green 5, green 4, yellow 1
MOVE: 0 1 None 1 None 2
outer hints You about all their 2 hints remaining: 4
You has white 2, white 4, green 3, red 4, blue 3
MOVE: 1 0 None 0 1 None
You hints outer about all their yellow cards hints remaining: 3
outer has yellow 3, white 2, green 5, green 4, yellow 1
MOVE: 0 2 4 None None None
outer plays yellow 1 successfully! Board is now green 0, yellow 1, white 1, blue 0, red 0
outer now has yellow 3, white 2, green 5, green 4, yellow 1
MOVE: 1 0 None 0 2 None
You hints outer about all their white cards hints remaining: 2
outer has yellow 3, white 2, green 5, green 4, yellow 1
MOVE: 0 0 None 1 0 None
outer hints You about all their green cards hints remaining: 1
You has white 2, white 4, green 3, red 4, blue 3
MOVE: 1 1 None 0 None 2
You hints outer about all their 2 hints remaining: 0
outer has yellow 3, white 2, green 5, green 4, yellow 1
MOVE: 0 2 1 None None None
outer plays white 2 successfully! Board is now green 0, yellow 1, white 2, blue 0, red 0
outer now has yellow 3, green 5, green 4, yellow 1, red 2
MOVE: 1 3 0 1 None None
You discards white 2
trash is now white 2
You now has white 4, green 3, red 4, blue 3, red 3
MOVE: 0 1 None 1 None 3
outer hints You about all their 3 hints remaining: 0
You has white 4, green 3, red 4, blue 3, red 3
MOVE: 1 2 3 1 None None
You plays blue 3 and fails. Board was green 0, yellow 1, white 2, blue 0, red 0
You now has white 4, green 3, red 4, red 3, red 2
MOVE: 0 3 0 None None None
outer discards yellow 3
trash is now white 2, blue 3, yellow 3
outer now has green 5, green 4, yellow 1, red 2, blue 4
MOVE: 1 2 0 1 None None
You plays white 4 and fails. Board was green 0, yellow 1, white 2, blue 0, red 0
You now has green 3, red 4, red 3, red 2, blue 1
MOVE: 0 1 None 1 None 1
outer hints You about all their 1 hints remaining: 0
You has green 3, red 4, red 3, red 2, blue 1
MOVE: 1 2 4 1 None None
You plays blue 1 successfully! Board is now green 0, yellow 1, white 2, blue 1, red 0
You now has green 3, red 4, red 3, red 2, green 4
MOVE: 0 3 4 None None None
outer discards blue 4
trash is now white 2, blue 3, yellow 3, white 4, blue 4
outer now has green 5, green 4, yellow 1, red 2, yellow 4
MOVE: 1 3 1 1 None None
You discards red 4
trash is now white 2, blue 3, yellow 3, white 4, blue 4, red 4
You now has green 3, red 3, red 2, green 4, red 1
MOVE: 0 1 None 1 None 1
outer hints You about all their 1 hints remaining: 1
You has green 3, red 3, red 2, green 4, red 1
MOVE: 1 2 4 1 None None
You plays red 1 successfully! Board is now green 0, yellow 1, white 2, blue 1, red 1
You now has green 3, red 3, red 2, green 4, green 2
MOVE: 0 1 None 1 None 2
outer hints You about all their 2 hints remaining: 0
You has green 3, red 3, red 2, green 4, green 2
MOVE: 1 2 2 1 None None
You plays red 2 successfully! Board is now green 0, yellow 1, white 2, blue 1, red 2
You now has green 3, red 3, green 4, green 2, yellow 1
MOVE: 0 3 0 None None None
outer discards green 5
trash is now white 2, blue 3, yellow 3, white 4, blue 4, red 4, green 5
outer now has green 4, yellow 1, red 2, yellow 4, blue 3
MOVE: 1 2 3 1 None None
You plays green 2 and fails. Board was green 0, yellow 1, white 2, blue 1, red 2
You now has green 3, red 3, green 4, yellow 1, blue 2
Score 6
