Old GID: b72524d28aa09549
Treatment: ('outer', 7550)
[(3, 2), (2, 3), (4, 1), (2, 1), (1, 1), (0, 5), (3, 3), (3, 1), (2, 1), (3, 2), (0, 1), (3, 4), (2, 3), (0, 1), (4, 1), (3, 3), (4, 3), (1, 3), (1, 5), (3, 4), (2, 4), (1, 2), (4, 3), (2, 1), (4, 5), (0, 2), (3, 1), (4, 2), (1, 1), (1, 3), (2, 5), (0, 1), (2, 4), (4, 4), (0, 3), (3, 1), (1, 1), (0, 4), (1, 4), (0, 2)]
MOVE: 0 0 None 1 0 None
outer hints You about all their green cards hints remaining: 7
You has yellow 4, blue 5, green 3, red 2, white 2
MOVE: 1 2 2 1 None None
You plays green 3 and fails. Board was green 0, yellow 0, white 0, blue 0, red 0
You now has yellow 4, blue 5, red 2, white 2, blue 2
MOVE: 0 0 None 1 2 None
outer hints You about all their white cards hints remaining: 6
You has yellow 4, blue 5, red 2, white 2, blue 2
MOVE: 1 1 None 0 None 1
You hints outer about all their 1 hints remaining: 5
outer has yellow 2, red 1, white 2, red 4, green 4
MOVE: 0 2 1 None None None
outer plays red 1 successfully! Board is now green 0, yellow 0, white 0, blue 0, red 1
outer now has yellow 2, white 2, red 4, green 4, white 3
MOVE: 1 2 3 1 None None
You plays white 2 and fails. Board was green 0, yellow 0, white 0, blue 0, red 1
You now has yellow 4, blue 5, red 2, blue 2, red 1
MOVE: 0 1 None 1 None 2
outer hints You about all their 2 hints remaining: 4
You has yellow 4, blue 5, red 2, blue 2, red 1
MOVE: 1 2 2 1 None None
You plays red 2 successfully! Board is now green 0, yellow 0, white 0, blue 0, red 2
You now has yellow 4, blue 5, blue 2, red 1, white 1
MOVE: 0 1 None 1 None 1
outer hints You about all their 1 hints remaining: 3
You has yellow 4, blue 5, blue 2, red 1, white 1
MOVE: 1 2 3 1 None None
You plays red 1 and fails. Board was green 0, yellow 0, white 0, blue 0, red 2
You now has yellow 4, blue 5, blue 2, white 1, yellow 1
Score 2
