Old GID: eb1becf62f0b5fe9
Treatment: ('outer', 1984)
[(4, 2), (0, 5), (0, 1), (4, 5), (2, 3), (3, 1), (4, 1), (0, 2), (2, 2), (4, 3), (0, 4), (2, 4), (0, 3), (1, 2), (3, 1), (3, 2), (1, 5), (1, 3), (4, 1), (2, 1), (3, 3), (2, 3), (2, 5), (3, 4), (0, 3), (0, 4), (1, 1), (4, 4), (2, 1), (3, 3), (0, 1), (2, 4), (4, 3), (4, 4), (3, 4), (3, 5), (1, 1), (1, 3), (2, 2), (1, 4)]
MOVE: 0 1 None 1 None 1
outer hints You about all their 1 hints remaining: 7
You has green 1, yellow 2, white 1, blue 1, yellow 4
MOVE: 1 2 3 1 None None
You plays blue 1 successfully! Board is now green 0, yellow 0, white 0, blue 1, red 0
You now has green 1, yellow 2, white 1, yellow 4, red 2
MOVE: 0 0 None 1 0 None
outer hints You about all their green cards hints remaining: 6
You has green 1, yellow 2, white 1, yellow 4, red 2
MOVE: 1 2 2 1 None None
You plays white 1 successfully! Board is now green 0, yellow 0, white 1, blue 1, red 0
You now has green 1, yellow 2, yellow 4, red 2, green 5
MOVE: 0 0 None 1 1 None
outer hints You about all their yellow cards hints remaining: 5
You has green 1, yellow 2, yellow 4, red 2, green 5
MOVE: 1 2 0 1 None None
You plays green 1 successfully! Board is now green 1, yellow 0, white 1, blue 1, red 0
You now has yellow 2, yellow 4, red 2, green 5, green 1
MOVE: 0 0 None 1 0 None
outer hints You about all their green cards hints remaining: 4
You has yellow 2, yellow 4, red 2, green 5, green 1
MOVE: 1 0 None 0 1 None
You hints outer about all their yellow cards hints remaining: 3
outer has red 1, green 2, blue 2, yellow 1, red 2
MOVE: 0 0 None 1 0 None
outer hints You about all their green cards hints remaining: 2
You has yellow 2, yellow 4, red 2, green 5, green 1
MOVE: 1 1 None 0 None 1
You hints outer about all their 1 hints remaining: 1
outer has red 1, green 2, blue 2, yellow 1, red 2
MOVE: 0 2 3 None None None
outer plays yellow 1 successfully! Board is now green 1, yellow 1, white 1, blue 1, red 0
outer now has red 1, green 2, blue 2, red 2, red 5
MOVE: 1 0 None 0 4 None
You hints outer about all their red cards hints remaining: 0
outer has red 1, green 2, blue 2, red 2, red 5
MOVE: 0 2 0 None None None
outer plays red 1 successfully! Board is now green 1, yellow 1, white 1, blue 1, red 1
outer now has green 2, blue 2, red 2, red 5, white 3
MOVE: 1 2 4 1 None None
You plays green 1 and fails. Board was green 1, yellow 1, white 1, blue 1, red 1
You now has yellow 2, yellow 4, red 2, green 5, blue 1
MOVE: 0 3 3 None None None
outer discards red 5
trash is now green 1, red 5
outer now has green 2, blue 2, red 2, white 3, red 1
MOVE: 1 2 3 1 None None
You plays green 5 and fails. Board was green 1, yellow 1, white 1, blue 1, red 1
You now has yellow 2, yellow 4, red 2, blue 1, green 2
MOVE: 0 1 None 1 None 2
outer hints You about all their 2 hints remaining: 0
You has yellow 2, yellow 4, red 2, blue 1, green 2
MOVE: 1 2 4 1 None None
You plays green 2 successfully! Board is now green 2, yellow 1, white 1, blue 1, red 1
You now has yellow 2, yellow 4, red 2, blue 1, white 2
MOVE: 0 3 2 None None None
outer discards red 2
trash is now green 1, red 5, green 5, red 2
outer now has green 2, blue 2, white 3, red 1, red 3
MOVE: 1 2 2 1 None None
You plays red 2 successfully! Board is now green 2, yellow 1, white 1, blue 1, red 2
You now has yellow 2, yellow 4, blue 1, white 2, green 4
MOVE: 0 0 None 1 2 None
outer hints You about all their white cards hints remaining: 0
You has yellow 2, yellow 4, blue 1, white 2, green 4
MOVE: 1 2 0 1 None None
You plays yellow 2 successfully! Board is now green 2, yellow 2, white 1, blue 1, red 2
You now has yellow 4, blue 1, white 2, green 4, white 4
MOVE: 0 3 1 None None None
outer discards blue 2
trash is now green 1, red 5, green 5, red 2, blue 2
outer now has green 2, white 3, red 1, red 3, green 3
MOVE: 1 2 2 1 None None
You plays white 2 successfully! Board is now green 2, yellow 2, white 2, blue 1, red 2
You now has yellow 4, blue 1, green 4, white 4, yellow 2
MOVE: 0 1 None 1 None 4
outer hints You about all their 4 hints remaining: 0
You has yellow 4, blue 1, green 4, white 4, yellow 2
MOVE: 1 3 0 1 None None
You discards yellow 4
trash is now green 1, red 5, green 5, red 2, blue 2, yellow 4
You now has blue 1, green 4, white 4, yellow 2, blue 1
MOVE: 0 1 None 1 None 2
outer hints You about all their 2 hints remaining: 0
You has blue 1, green 4, white 4, yellow 2, blue 1
MOVE: 1 2 3 1 None None
You plays yellow 2 and fails. Board was green 2, yellow 2, white 2, blue 1, red 2
You now has blue 1, green 4, white 4, blue 1, blue 2
Score 9
