Treatment: ('intentional', 1)
[(0, 1), (1, 1), (3, 3), (4, 3), (2, 2), (1, 4), (3, 5), (4, 4), (1, 5), (0, 2), (2, 2), (0, 5), (3, 2), (2, 5), (2, 4), (0, 3), (1, 1), (2, 3), (1, 3), (3, 1), (4, 4), (3, 4), (3, 1), (0, 4), (2, 3), (3, 4), (0, 1), (4, 2), (1, 3), (4, 1), (0, 1), (0, 2), (3, 2), (2, 4), (2, 1), (2, 1), (1, 1), (3, 3), (4, 1), (0, 3)]
MOVE: 0 1 None 1 None 1
intentional hints You about all their 1 hints remaining: 7
You has blue 1, red 2, yellow 2, yellow 2, white 1
MOVE: 1 2 0 1 None None
You plays blue 1 successfully! Board is now green 0, yellow 0, white 0, blue 1, red 0
You now has red 2, yellow 2, yellow 2, white 1, green 1
MOVE: 0 1 None 1 None 1
intentional hints You about all their 1 hints remaining: 6
You has red 2, yellow 2, yellow 2, white 1, green 1
MOVE: 1 2 4 1 None None
You plays green 1 successfully! Board is now green 1, yellow 0, white 0, blue 1, red 0
You now has red 2, yellow 2, yellow 2, white 1, yellow 1
MOVE: 0 1 None 1 None 1
intentional hints You about all their 1 hints remaining: 5
You has red 2, yellow 2, yellow 2, white 1, yellow 1
MOVE: 1 2 4 1 None None
You plays yellow 1 successfully! Board is now green 1, yellow 1, white 0, blue 1, red 0
You now has red 2, yellow 2, yellow 2, white 1, blue 3
MOVE: 0 0 None 1 1 None
intentional hints You about all their yellow cards hints remaining: 4
You has red 2, yellow 2, yellow 2, white 1, blue 3
MOVE: 1 2 2 1 None None
You plays yellow 2 successfully! Board is now green 1, yellow 2, white 0, blue 1, red 0
You now has red 2, yellow 2, white 1, blue 3, red 3
MOVE: 0 0 None 1 2 None
intentional hints You about all their white cards hints remaining: 3
You has red 2, yellow 2, white 1, blue 3, red 3
MOVE: 1 2 2 1 None None
You plays white 1 successfully! Board is now green 1, yellow 2, white 1, blue 1, red 0
You now has red 2, yellow 2, blue 3, red 3, white 2
MOVE: 0 0 None 1 2 None
intentional hints You about all their white cards hints remaining: 2
You has red 2, yellow 2, blue 3, red 3, white 2
MOVE: 1 1 None 0 None 1
You hints intentional about all their 1 hints remaining: 1
intentional has green 4, red 5, red 1, red 3, yellow 4
MOVE: 0 3 2 None None None
intentional discards red 1
trash is now red 1
intentional now has green 4, red 5, red 3, yellow 4, yellow 4
MOVE: 1 1 None 0 None 5
You hints intentional about all their 5 hints remaining: 1
intentional has green 4, red 5, red 3, yellow 4, yellow 4
MOVE: 0 3 4 None None None
intentional discards yellow 4
trash is now red 1, yellow 4
intentional now has green 4, red 5, red 3, yellow 4, blue 5
MOVE: 1 2 4 1 None None
You plays white 2 successfully! Board is now green 1, yellow 2, white 2, blue 1, red 0
You now has red 2, yellow 2, blue 3, red 3, red 4
MOVE: 0 3 0 None None None
intentional discards green 4
trash is now red 1, yellow 4, green 4
intentional now has red 5, red 3, yellow 4, blue 5, yellow 5
MOVE: 1 1 None 0 None 5
You hints intentional about all their 5 hints remaining: 2
intentional has red 5, red 3, yellow 4, blue 5, yellow 5
MOVE: 0 3 1 None None None
intentional discards red 3
trash is now red 1, yellow 4, green 4, red 3
intentional now has red 5, yellow 4, blue 5, yellow 5, green 2
MOVE: 1 3 3 1 None None
You discards red 3
trash is now red 1, yellow 4, green 4, red 3, red 3
You now has red 2, yellow 2, blue 3, red 4, white 2
MOVE: 0 3 4 None None None
intentional discards green 2
trash is now red 1, yellow 4, green 4, red 3, red 3, green 2
intentional now has red 5, yellow 4, blue 5, yellow 5, green 5
MOVE: 1 2 1 1 None None
You plays yellow 2 and fails. Board was green 1, yellow 2, white 2, blue 1, red 0
You now has red 2, blue 3, red 4, white 2, blue 2
MOVE: 0 3 4 None None None
intentional discards green 5
trash is now red 1, yellow 4, green 4, red 3, red 3, green 2, yellow 2, green 5
intentional now has red 5, yellow 4, blue 5, yellow 5, white 5
MOVE: 1 3 4 1 None None
You discards blue 2
trash is now red 1, yellow 4, green 4, red 3, red 3, green 2, yellow 2, green 5, blue 2
You now has red 2, blue 3, red 4, white 2, white 4
MOVE: 0 3 4 None None None
intentional discards white 5
trash is now red 1, yellow 4, green 4, red 3, red 3, green 2, yellow 2, green 5, blue 2, white 5
intentional now has red 5, yellow 4, blue 5, yellow 5, green 3
MOVE: 1 3 2 1 None None
You discards red 4
trash is now red 1, yellow 4, green 4, red 3, red 3, green 2, yellow 2, green 5, blue 2, white 5, red 4
You now has red 2, blue 3, white 2, white 4, yellow 1
MOVE: 0 3 4 None None None
intentional discards green 3
trash is now red 1, yellow 4, green 4, red 3, red 3, green 2, yellow 2, green 5, blue 2, white 5, red 4, green 3
intentional now has red 5, yellow 4, blue 5, yellow 5, white 3
MOVE: 1 3 2 1 None None
You discards white 2
trash is now red 1, yellow 4, green 4, red 3, red 3, green 2, yellow 2, green 5, blue 2, white 5, red 4, green 3, white 2
You now has red 2, blue 3, white 4, yellow 1, yellow 3
MOVE: 0 1 None 1 None 3
intentional hints You about all their 3 hints remaining: 7
You has red 2, blue 3, white 4, yellow 1, yellow 3
MOVE: 1 2 1 1 None None
You plays blue 3 and fails. Board was green 1, yellow 2, white 2, blue 1, red 0
You now has red 2, white 4, yellow 1, yellow 3, blue 1
MOVE: 0 0 None 1 1 None
intentional hints You about all their yellow cards hints remaining: 6
You has red 2, white 4, yellow 1, yellow 3, blue 1
MOVE: 1 2 3 1 None None
You plays yellow 3 successfully! Board is now green 1, yellow 3, white 2, blue 1, red 0
You now has red 2, white 4, yellow 1, blue 1, red 4
MOVE: 0 0 None 1 2 None
intentional hints You about all their white cards hints remaining: 5
You has red 2, white 4, yellow 1, blue 1, red 4
MOVE: 1 2 1 1 None None
You plays white 4 and fails. Board was green 1, yellow 3, white 2, blue 1, red 0
You now has red 2, yellow 1, blue 1, red 4, blue 4
Score 7
