Old GID: b1ac9e5c7a6975d2
Treatment: ('outer', 8016)
[(3, 1), (2, 3), (4, 2), (2, 1), (1, 5), (0, 4), (1, 4), (4, 3), (2, 3), (2, 1), (1, 4), (4, 1), (4, 4), (3, 4), (3, 1), (2, 4), (3, 4), (2, 2), (3, 1), (3, 3), (0, 3), (0, 1), (3, 5), (3, 2), (1, 1), (0, 4), (1, 2), (1, 3), (4, 4), (1, 2), (4, 1), (2, 2), (4, 3), (3, 2), (0, 1), (1, 1), (0, 2), (4, 1), (0, 3), (2, 5)]
MOVE: 0 1 None 1 None 1
outer hints You about all their 1 hints remaining: 7
You has green 2, green 5, green 1, red 2, white 1
MOVE: 1 1 None 0 None 1
You hints outer about all their 1 hints remaining: 6
outer has red 5, yellow 1, white 4, yellow 3, blue 3
MOVE: 0 2 1 None None None
outer plays yellow 1 successfully! Board is now green 0, yellow 1, white 0, blue 0, red 0
outer now has red 5, white 4, yellow 3, blue 3, blue 1
MOVE: 1 1 None 0 None 1
You hints outer about all their 1 hints remaining: 5
outer has red 5, white 4, yellow 3, blue 3, blue 1
MOVE: 0 0 None 1 0 None
outer hints You about all their green cards hints remaining: 4
You has green 2, green 5, green 1, red 2, white 1
MOVE: 1 2 2 1 None None
You plays green 1 successfully! Board is now green 1, yellow 1, white 0, blue 0, red 0
You now has green 2, green 5, red 2, white 1, white 3
MOVE: 0 1 None 1 None 2
outer hints You about all their 2 hints remaining: 3
You has green 2, green 5, red 2, white 1, white 3
MOVE: 1 2 0 1 None None
You plays green 2 successfully! Board is now green 2, yellow 1, white 0, blue 0, red 0
You now has green 5, red 2, white 1, white 3, red 2
MOVE: 0 0 None 1 2 None
outer hints You about all their white cards hints remaining: 2
You has green 5, red 2, white 1, white 3, red 2
MOVE: 1 2 2 1 None None
You plays white 1 successfully! Board is now green 2, yellow 1, white 1, blue 0, red 0
You now has green 5, red 2, white 3, red 2, white 1
MOVE: 0 0 None 1 2 None
outer hints You about all their white cards hints remaining: 1
You has green 5, red 2, white 3, red 2, white 1
MOVE: 1 0 None 0 3 None
You hints outer about all their blue cards hints remaining: 0
outer has red 5, white 4, yellow 3, blue 3, blue 1
MOVE: 0 2 4 None None None
outer plays blue 1 successfully! Board is now green 2, yellow 1, white 1, blue 1, red 0
outer now has red 5, white 4, yellow 3, blue 3, yellow 5
MOVE: 1 2 4 1 None None
You plays white 1 and fails. Board was green 2, yellow 1, white 1, blue 1, red 0
You now has green 5, red 2, white 3, red 2, green 4
MOVE: 0 3 0 None None None
outer discards red 5
trash is now white 1, red 5
outer now has white 4, yellow 3, blue 3, yellow 5, yellow 4
MOVE: 1 2 1 1 None None
You plays red 2 and fails. Board was green 2, yellow 1, white 1, blue 1, red 0
You now has green 5, white 3, red 2, green 4, red 3
MOVE: 0 1 None 1 None 2
outer hints You about all their 2 hints remaining: 0
You has green 5, white 3, red 2, green 4, red 3
MOVE: 1 2 2 1 None None
You plays red 2 and fails. Board was green 2, yellow 1, white 1, blue 1, red 0
You now has green 5, white 3, green 4, red 3, white 3
Score 5
