Old GID: b86970dd2ae60773
Treatment: ('outer', 7834)
[(2, 2), (3, 1), (4, 5), (3, 2), (0, 5), (2, 1), (1, 5), (0, 1), (4, 1), (3, 3), (1, 4), (2, 2), (0, 1), (3, 5), (0, 3), (1, 3), (1, 2), (1, 3), (4, 2), (2, 3), (4, 4), (0, 4), (3, 1), (4, 1), (2, 1), (4, 4), (2, 3), (0, 4), (4, 1), (4, 3), (2, 4), (0, 1), (4, 2), (4, 3), (0, 2), (1, 4), (3, 1), (1, 1), (3, 4), (3, 3)]
MOVE: 0 0 None 1 0 None
outer hints You about all their green cards hints remaining: 7
You has white 4, blue 2, green 2, yellow 2, green 3
MOVE: 1 1 None 0 None 1
You hints outer about all their 1 hints remaining: 6
outer has white 5, white 1, blue 4, yellow 1, yellow 1
MOVE: 0 2 1 None None None
outer plays white 1 successfully! Board is now green 0, yellow 0, white 1, blue 0, red 0
outer now has white 5, blue 4, yellow 1, yellow 1, white 2
MOVE: 1 0 None 0 1 None
You hints outer about all their yellow cards hints remaining: 5
outer has white 5, blue 4, yellow 1, yellow 1, white 2
MOVE: 0 2 2 None None None
outer plays yellow 1 successfully! Board is now green 0, yellow 1, white 1, blue 0, red 0
outer now has white 5, blue 4, yellow 1, white 2, blue 1
MOVE: 1 2 4 1 None None
You plays green 3 and fails. Board was green 0, yellow 1, white 1, blue 0, red 0
You now has white 4, blue 2, green 2, yellow 2, red 5
MOVE: 0 3 2 None None None
outer discards yellow 1
trash is now green 3, yellow 1
outer now has white 5, blue 4, white 2, blue 1, blue 2
MOVE: 1 2 2 1 None None
You plays green 2 and fails. Board was green 0, yellow 1, white 1, blue 0, red 0
You now has white 4, blue 2, yellow 2, red 5, green 5
MOVE: 0 1 None 1 None 2
outer hints You about all their 2 hints remaining: 5
You has white 4, blue 2, yellow 2, red 5, green 5
MOVE: 1 2 2 1 None None
You plays yellow 2 successfully! Board is now green 0, yellow 2, white 1, blue 0, red 0
You now has white 4, blue 2, red 5, green 5, white 1
MOVE: 0 0 None 1 2 None
outer hints You about all their white cards hints remaining: 4
You has white 4, blue 2, red 5, green 5, white 1
MOVE: 1 2 1 1 None None
You plays blue 2 and fails. Board was green 0, yellow 2, white 1, blue 0, red 0
You now has white 4, red 5, green 5, white 1, yellow 5
Score 3
