Old GID: 33d9b57ec8d45cf5
Treatment: ('outer', 1280)
[(1, 1), (3, 5), (1, 1), (2, 1), (1, 1), (3, 4), (2, 5), (4, 2), (3, 2), (2, 3), (0, 1), (2, 2), (3, 1), (0, 1), (1, 2), (0, 4), (3, 1), (4, 3), (4, 5), (4, 1), (3, 3), (0, 4), (3, 2), (2, 1), (1, 2), (0, 3), (2, 4), (3, 3), (0, 2), (1, 5), (4, 1), (0, 2), (4, 4), (1, 4), (4, 1), (1, 3), (0, 1), (1, 3), (1, 4), (4, 2)]
MOVE: 0 0 None 1 3 None
outer hints You about all their blue cards hints remaining: 7
You has white 2, white 3, blue 1, red 4, green 5
MOVE: 1 2 2 1 None None
You plays blue 1 successfully! Board is now green 0, yellow 0, white 0, blue 1, red 0
You now has white 2, white 3, red 4, green 5, yellow 1
MOVE: 0 1 None 1 None 1
outer hints You about all their 1 hints remaining: 6
You has white 2, white 3, red 4, green 5, yellow 1
MOVE: 1 1 None 0 None 1
You hints outer about all their 1 hints remaining: 5
outer has green 3, blue 4, red 3, white 4, white 1
MOVE: 0 0 None 1 1 None
outer hints You about all their yellow cards hints remaining: 4
You has white 2, white 3, red 4, green 5, yellow 1
MOVE: 1 2 4 1 None None
You plays yellow 1 successfully! Board is now green 0, yellow 1, white 0, blue 1, red 0
You now has white 2, white 3, red 4, green 5, blue 5
MOVE: 0 0 None 1 4 None
outer hints You about all their red cards hints remaining: 3
You has white 2, white 3, red 4, green 5, blue 5
MOVE: 1 0 None 0 2 None
You hints outer about all their white cards hints remaining: 2
outer has green 3, blue 4, red 3, white 4, white 1
MOVE: 0 2 4 None None None
outer plays white 1 successfully! Board is now green 0, yellow 1, white 1, blue 1, red 0
outer now has green 3, blue 4, red 3, white 4, yellow 1
MOVE: 1 2 2 1 None None
You plays red 4 and fails. Board was green 0, yellow 1, white 1, blue 1, red 0
You now has white 2, white 3, green 5, blue 5, white 1
MOVE: 0 0 None 1 2 None
outer hints You about all their white cards hints remaining: 1
You has white 2, white 3, green 5, blue 5, white 1
MOVE: 1 2 4 1 None None
You plays white 1 and fails. Board was green 0, yellow 1, white 1, blue 1, red 0
You now has white 2, white 3, green 5, blue 5, yellow 1
MOVE: 0 1 None 1 None 2
outer hints You about all their 2 hints remaining: 0
You has white 2, white 3, green 5, blue 5, yellow 1
MOVE: 1 2 0 1 None None
You plays white 2 successfully! Board is now green 0, yellow 1, white 2, blue 1, red 0
You now has white 3, green 5, blue 5, yellow 1, blue 4
MOVE: 0 3 0 None None None
outer discards green 3
trash is now red 4, white 1, green 3
outer now has blue 4, red 3, white 4, yellow 1, white 5
MOVE: 1 2 0 1 None None
You plays white 3 successfully! Board is now green 0, yellow 1, white 3, blue 1, red 0
You now has green 5, blue 5, yellow 1, blue 4, red 2
MOVE: 0 1 None 1 None 4
outer hints You about all their 4 hints remaining: 0
You has green 5, blue 5, yellow 1, blue 4, red 2
MOVE: 1 2 3 1 None None
You plays blue 4 and fails. Board was green 0, yellow 1, white 3, blue 1, red 0
You now has green 5, blue 5, yellow 1, red 2, blue 2
Score 5
