Old GID: 6dada993dce4c4f5
Treatment: ('outer', 1370)
[(0, 3), (3, 4), (4, 5), (4, 4), (1, 5), (1, 2), (0, 1), (3, 1), (1, 3), (2, 3), (0, 4), (3, 4), (3, 5), (4, 1), (4, 3), (3, 3), (0, 4), (2, 1), (2, 2), (4, 1), (2, 5), (1, 4), (0, 2), (2, 3), (1, 1), (0, 1), (0, 5), (2, 4), (2, 1), (1, 4), (1, 2), (4, 3), (0, 1), (0, 3), (3, 2), (3, 1), (3, 2), (0, 2), (1, 1), (3, 1)]
MOVE: 0 1 None 1 None 1
outer hints You about all their 1 hints remaining: 7
You has yellow 3, red 2, yellow 1, blue 3, red 1
MOVE: 1 2 4 1 None None
You plays red 1 successfully! Board is now green 0, yellow 0, white 0, blue 0, red 1
You now has yellow 3, red 2, yellow 1, blue 3, green 3
MOVE: 0 0 None 1 4 None
outer hints You about all their red cards hints remaining: 6
You has yellow 3, red 2, yellow 1, blue 3, green 3
MOVE: 1 2 1 1 None None
You plays red 2 successfully! Board is now green 0, yellow 0, white 0, blue 0, red 2
You now has yellow 3, yellow 1, blue 3, green 3, blue 4
MOVE: 0 0 None 1 1 None
outer hints You about all their yellow cards hints remaining: 5
You has yellow 3, yellow 1, blue 3, green 3, blue 4
MOVE: 1 2 1 1 None None
You plays yellow 1 successfully! Board is now green 0, yellow 1, white 0, blue 0, red 2
You now has yellow 3, blue 3, green 3, blue 4, red 5
MOVE: 0 1 None 1 None 3
outer hints You about all their 3 hints remaining: 4
You has yellow 3, blue 3, green 3, blue 4, red 5
MOVE: 1 2 2 1 None None
You plays green 3 and fails. Board was green 0, yellow 1, white 0, blue 0, red 2
You now has yellow 3, blue 3, blue 4, red 5, red 4
MOVE: 0 0 None 1 3 None
outer hints You about all their blue cards hints remaining: 3
You has yellow 3, blue 3, blue 4, red 5, red 4
MOVE: 1 2 2 1 None None
You plays blue 4 and fails. Board was green 0, yellow 1, white 0, blue 0, red 2
You now has yellow 3, blue 3, red 5, red 4, yellow 5
MOVE: 0 0 None 1 1 None
outer hints You about all their yellow cards hints remaining: 2
You has yellow 3, blue 3, red 5, red 4, yellow 5
MOVE: 1 2 4 1 None None
You plays yellow 5 and fails. Board was green 0, yellow 1, white 0, blue 0, red 2
You now has yellow 3, blue 3, red 5, red 4, yellow 2
Score 3
