Old GID: 28c8c73d5ac8d1a1
Treatment: ('intentional', 6206)
[(0, 4), (3, 4), (3, 2), (3, 3), (2, 3), (4, 1), (4, 1), (2, 5), (3, 1), (2, 2), (2, 1), (0, 2), (2, 2), (4, 2), (0, 3), (3, 4), (0, 1), (0, 3), (3, 1), (4, 3), (4, 4), (3, 5), (4, 5), (2, 1), (0, 4), (1, 3), (1, 2), (3, 3), (2, 4), (3, 1), (4, 4), (1, 2), (0, 2), (4, 3), (3, 2), (1, 5), (2, 4), (1, 1), (0, 1), (4, 1)]
MOVE: 0 3 0 None None None
intentional discards green 1
trash is now green 1
intentional now has yellow 1, green 5, white 1, yellow 1, green 4
MOVE: 1 1 None 0 None 1
You hints intentional about all their 1 hints remaining: 7
intentional has yellow 1, green 5, white 1, yellow 1, green 4
MOVE: 0 2 3 None None None
intentional plays yellow 1 successfully! Board is now green 0, yellow 1, white 0, blue 0, red 0
intentional now has yellow 1, green 5, white 1, green 4, blue 4
MOVE: 1 1 None 0 None 5
You hints intentional about all their 5 hints remaining: 6
intentional has yellow 1, green 5, white 1, green 4, blue 4
MOVE: 0 3 3 None None None
intentional discards green 4
trash is now green 1, green 4
intentional now has yellow 1, green 5, white 1, blue 4, blue 2
MOVE: 1 0 None 0 3 None
You hints intentional about all their blue cards hints remaining: 6
intentional has yellow 1, green 5, white 1, blue 4, blue 2
MOVE: 0 3 3 None None None
intentional discards blue 4
trash is now green 1, green 4, blue 4
intentional now has yellow 1, green 5, white 1, blue 2, blue 3
MOVE: 1 0 None 0 2 None
You hints intentional about all their white cards hints remaining: 6
intentional has yellow 1, green 5, white 1, blue 2, blue 3
MOVE: 0 2 2 None None None
intentional plays white 1 successfully! Board is now green 0, yellow 1, white 1, blue 0, red 0
intentional now has yellow 1, green 5, blue 2, blue 3, white 3
MOVE: 1 1 None 0 None 3
You hints intentional about all their 3 hints remaining: 5
intentional has yellow 1, green 5, blue 2, blue 3, white 3
MOVE: 0 3 4 None None None
intentional discards white 3
trash is now green 1, green 4, blue 4, white 3
intentional now has yellow 1, green 5, blue 2, blue 3, red 1
MOVE: 1 1 None 0 None 1
You hints intentional about all their 1 hints remaining: 5
intentional has yellow 1, green 5, blue 2, blue 3, red 1
MOVE: 0 3 3 None None None
intentional discards blue 3
trash is now green 1, green 4, blue 4, white 3, blue 3
intentional now has yellow 1, green 5, blue 2, red 1, red 1
MOVE: 1 0 None 0 4 None
You hints intentional about all their red cards hints remaining: 5
intentional has yellow 1, green 5, blue 2, red 1, red 1
MOVE: 0 2 3 None None None
intentional plays red 1 successfully! Board is now green 0, yellow 1, white 1, blue 0, red 1
intentional now has yellow 1, green 5, blue 2, red 1, white 5
MOVE: 1 1 None 0 None 5
You hints intentional about all their 5 hints remaining: 4
intentional has yellow 1, green 5, blue 2, red 1, white 5
MOVE: 0 0 None 1 4 None
intentional hints You about all their red cards hints remaining: 3
You has yellow 4, red 2, yellow 4, yellow 3, white 3
MOVE: 1 2 1 1 None None
You plays red 2 successfully! Board is now green 0, yellow 1, white 1, blue 0, red 2
You now has yellow 4, yellow 4, yellow 3, white 3, blue 1
MOVE: 0 0 None 1 3 None
intentional hints You about all their blue cards hints remaining: 2
You has yellow 4, yellow 4, yellow 3, white 3, blue 1
MOVE: 1 2 4 1 None None
You plays blue 1 successfully! Board is now green 0, yellow 1, white 1, blue 1, red 2
You now has yellow 4, yellow 4, yellow 3, white 3, white 2
MOVE: 0 1 None 1 None 2
intentional hints You about all their 2 hints remaining: 1
You has yellow 4, yellow 4, yellow 3, white 3, white 2
MOVE: 1 2 4 1 None None
You plays white 2 successfully! Board is now green 0, yellow 1, white 2, blue 1, red 2
You now has yellow 4, yellow 4, yellow 3, white 3, white 1
MOVE: 0 0 None 1 1 None
intentional hints You about all their yellow cards hints remaining: 0
You has yellow 4, yellow 4, yellow 3, white 3, white 1
MOVE: 1 2 0 1 None None
You plays yellow 4 and fails. Board was green 0, yellow 1, white 2, blue 1, red 2
You now has yellow 4, yellow 3, white 3, white 1, green 2
MOVE: 0 3 3 None None None
intentional discards red 1
trash is now green 1, green 4, blue 4, white 3, blue 3, yellow 4, red 1
intentional now has yellow 1, green 5, blue 2, white 5, white 2
MOVE: 1 0 None 0 2 None
You hints intentional about all their white cards hints remaining: 0
intentional has yellow 1, green 5, blue 2, white 5, white 2
MOVE: 0 3 4 None None None
intentional discards white 2
trash is now green 1, green 4, blue 4, white 3, blue 3, yellow 4, red 1, white 2
intentional now has yellow 1, green 5, blue 2, white 5, red 2
MOVE: 1 1 None 0 None 2
You hints intentional about all their 2 hints remaining: 0
intentional has yellow 1, green 5, blue 2, white 5, red 2
MOVE: 0 2 2 None None None
intentional plays blue 2 successfully! Board is now green 0, yellow 1, white 2, blue 2, red 2
intentional now has yellow 1, green 5, white 5, red 2, green 3
MOVE: 1 2 0 1 None None
You plays yellow 4 and fails. Board was green 0, yellow 1, white 2, blue 2, red 2
You now has yellow 3, white 3, white 1, green 2, blue 4
MOVE: 0 3 3 None None None
intentional discards red 2
trash is now green 1, green 4, blue 4, white 3, blue 3, yellow 4, red 1, white 2, yellow 4, red 2
intentional now has yellow 1, green 5, white 5, green 3, green 1
MOVE: 1 1 None 0 None 1
You hints intentional about all their 1 hints remaining: 0
intentional has yellow 1, green 5, white 5, green 3, green 1
MOVE: 0 3 4 None None None
intentional discards green 1
trash is now green 1, green 4, blue 4, white 3, blue 3, yellow 4, red 1, white 2, yellow 4, red 2, green 1
intentional now has yellow 1, green 5, white 5, green 3, green 3
MOVE: 1 0 None 0 0 None
You hints intentional about all their green cards hints remaining: 0
intentional has yellow 1, green 5, white 5, green 3, green 3
MOVE: 0 3 0 None None None
intentional discards yellow 1
trash is now green 1, green 4, blue 4, white 3, blue 3, yellow 4, red 1, white 2, yellow 4, red 2, green 1, yellow 1
intentional now has green 5, white 5, green 3, green 3, blue 1
MOVE: 1 2 0 1 None None
You plays yellow 3 and fails. Board was green 0, yellow 1, white 2, blue 2, red 2
You now has white 3, white 1, green 2, blue 4, red 3
Score 7
