Old GID: 930466ed5543a1e4
Treatment: ('outer', 7159)
[(1, 3), (2, 1), (4, 1), (4, 3), (4, 2), (3, 3), (1, 5), (2, 2), (0, 1), (4, 3), (0, 1), (1, 4), (0, 2), (4, 1), (4, 4), (2, 2), (3, 1), (2, 3), (3, 1), (3, 2), (1, 2), (0, 3), (2, 1), (2, 3), (2, 5), (1, 1), (0, 2), (0, 1), (2, 1), (2, 4), (1, 4), (1, 1), (3, 1), (4, 4), (0, 4), (4, 5), (2, 4), (4, 2), (0, 3), (1, 3)]
MOVE: 0 0 None 1 1 None
outer hints You about all their yellow cards hints remaining: 7
You has blue 4, yellow 1, blue 2, yellow 2, green 5
MOVE: 1 0 None 0 3 None
You hints outer about all their blue cards hints remaining: 6
outer has blue 4, blue 5, blue 3, green 4, red 1
MOVE: 0 1 None 1 None 1
outer hints You about all their 1 hints remaining: 5
You has blue 4, yellow 1, blue 2, yellow 2, green 5
MOVE: 1 1 None 0 None 1
You hints outer about all their 1 hints remaining: 4
outer has blue 4, blue 5, blue 3, green 4, red 1
MOVE: 0 2 4 None None None
outer plays red 1 successfully! Board is now green 0, yellow 0, white 0, blue 0, red 1
outer now has blue 4, blue 5, blue 3, green 4, yellow 3
MOVE: 1 2 1 1 None None
You plays yellow 1 successfully! Board is now green 0, yellow 1, white 0, blue 0, red 1
You now has blue 4, blue 2, yellow 2, green 5, white 1
MOVE: 0 1 None 1 None 2
outer hints You about all their 2 hints remaining: 3
You has blue 4, blue 2, yellow 2, green 5, white 1
MOVE: 1 2 2 1 None None
You plays yellow 2 successfully! Board is now green 0, yellow 2, white 0, blue 0, red 1
You now has blue 4, blue 2, green 5, white 1, red 1
MOVE: 0 1 None 1 None 1
outer hints You about all their 1 hints remaining: 2
You has blue 4, blue 2, green 5, white 1, red 1
MOVE: 1 2 4 1 None None
You plays red 1 and fails. Board was green 0, yellow 2, white 0, blue 0, red 1
You now has blue 4, blue 2, green 5, white 1, red 3
MOVE: 0 0 None 1 2 None
outer hints You about all their white cards hints remaining: 1
You has blue 4, blue 2, green 5, white 1, red 3
MOVE: 1 2 3 1 None None
You plays white 1 successfully! Board is now green 0, yellow 2, white 1, blue 0, red 1
You now has blue 4, blue 2, green 5, red 3, red 2
MOVE: 0 0 None 1 4 None
outer hints You about all their red cards hints remaining: 0
You has blue 4, blue 2, green 5, red 3, red 2
MOVE: 1 2 4 1 None None
You plays red 2 successfully! Board is now green 0, yellow 2, white 1, blue 0, red 2
You now has blue 4, blue 2, green 5, red 3, blue 3
MOVE: 0 3 1 None None None
outer discards blue 5
trash is now red 1, blue 5
outer now has blue 4, blue 3, green 4, yellow 3, yellow 5
MOVE: 1 1 None 0 None 3
You hints outer about all their 3 hints remaining: 0
outer has blue 4, blue 3, green 4, yellow 3, yellow 5
MOVE: 0 3 4 None None None
outer discards yellow 5
trash is now red 1, blue 5, yellow 5
outer now has blue 4, blue 3, green 4, yellow 3, white 2
MOVE: 1 0 None 0 1 None
You hints outer about all their yellow cards hints remaining: 0
outer has blue 4, blue 3, green 4, yellow 3, white 2
MOVE: 0 2 3 None None None
outer plays yellow 3 successfully! Board is now green 0, yellow 3, white 1, blue 0, red 2
outer now has blue 4, blue 3, green 4, white 2, green 1
MOVE: 1 2 3 1 None None
You plays red 3 successfully! Board is now green 0, yellow 3, white 1, blue 0, red 3
You now has blue 4, blue 2, green 5, blue 3, red 3
MOVE: 0 3 0 None None None
outer discards blue 4
trash is now red 1, blue 5, yellow 5, blue 4
outer now has blue 3, green 4, white 2, green 1, green 1
MOVE: 1 0 None 0 0 None
You hints outer about all their green cards hints remaining: 0
outer has blue 3, green 4, white 2, green 1, green 1
MOVE: 0 3 2 None None None
outer discards white 2
trash is now red 1, blue 5, yellow 5, blue 4, white 2
outer now has blue 3, green 4, green 1, green 1, yellow 4
MOVE: 1 1 None 0 None 4
You hints outer about all their 4 hints remaining: 0
outer has blue 3, green 4, green 1, green 1, yellow 4
MOVE: 0 3 0 None None None
outer discards blue 3
trash is now red 1, blue 5, yellow 5, blue 4, white 2, blue 3
outer now has green 4, green 1, green 1, yellow 4, green 2
MOVE: 1 1 None 0 None 1
You hints outer about all their 1 hints remaining: 0
outer has green 4, green 1, green 1, yellow 4, green 2
MOVE: 0 2 1 None None None
outer plays green 1 successfully! Board is now green 1, yellow 3, white 1, blue 0, red 3
outer now has green 4, green 1, yellow 4, green 2, red 1
MOVE: 1 2 1 1 None None
You plays blue 2 and fails. Board was green 1, yellow 3, white 1, blue 0, red 3
You now has blue 4, green 5, blue 3, red 3, red 4
MOVE: 0 3 1 None None None
outer discards green 1
trash is now red 1, blue 5, yellow 5, blue 4, white 2, blue 3, blue 2, green 1
outer now has green 4, yellow 4, green 2, red 1, white 2
MOVE: 1 3 0 1 None None
You discards blue 4
trash is now red 1, blue 5, yellow 5, blue 4, white 2, blue 3, blue 2, green 1, blue 4
You now has green 5, blue 3, red 3, red 4, blue 1
MOVE: 0 0 None 1 4 None
outer hints You about all their red cards hints remaining: 1
You has green 5, blue 3, red 3, red 4, blue 1
MOVE: 1 2 3 1 None None
You plays red 4 successfully! Board is now green 1, yellow 3, white 1, blue 0, red 4
You now has green 5, blue 3, red 3, blue 1, white 3
MOVE: 0 0 None 1 3 None
outer hints You about all their blue cards hints remaining: 0
You has green 5, blue 3, red 3, blue 1, white 3
MOVE: 1 2 3 1 None None
You plays blue 1 successfully! Board is now green 1, yellow 3, white 1, blue 1, red 4
You now has green 5, blue 3, red 3, white 3, blue 1
MOVE: 0 3 1 None None None
outer discards yellow 4
trash is now red 1, blue 5, yellow 5, blue 4, white 2, blue 3, blue 2, green 1, blue 4, yellow 4
outer now has green 4, green 2, red 1, white 2, blue 2
MOVE: 1 1 None 0 None 2
You hints outer about all their 2 hints remaining: 0
outer has green 4, green 2, red 1, white 2, blue 2
MOVE: 0 3 2 None None None
outer discards red 1
trash is now red 1, blue 5, yellow 5, blue 4, white 2, blue 3, blue 2, green 1, blue 4, yellow 4, red 1
outer now has green 4, green 2, white 2, blue 2, yellow 2
MOVE: 1 0 None 0 1 None
You hints outer about all their yellow cards hints remaining: 0
outer has green 4, green 2, white 2, blue 2, yellow 2
MOVE: 0 3 4 None None None
outer discards yellow 2
trash is now red 1, blue 5, yellow 5, blue 4, white 2, blue 3, blue 2, green 1, blue 4, yellow 4, red 1, yellow 2
outer now has green 4, green 2, white 2, blue 2, green 3
MOVE: 1 0 None 0 0 None
You hints outer about all their green cards hints remaining: 0
outer has green 4, green 2, white 2, blue 2, green 3
MOVE: 0 2 1 None None None
outer plays green 2 successfully! Board is now green 2, yellow 3, white 1, blue 1, red 4
outer now has green 4, white 2, blue 2, green 3, white 1
MOVE: 1 2 2 1 None None
You plays red 3 and fails. Board was green 2, yellow 3, white 1, blue 1, red 4
You now has green 5, blue 3, white 3, blue 1, white 3
Score 11
