Old GID: 27263e573fef349a
Treatment: ('outer', 5320)
[(2, 1), (4, 3), (0, 2), (4, 2), (4, 1), (1, 2), (0, 4), (2, 2), (3, 2), (1, 3), (3, 1), (2, 3), (0, 5), (0, 1), (4, 3), (0, 4), (3, 1), (0, 3), (2, 5), (1, 1), (1, 4), (2, 3), (4, 4), (4, 2), (3, 4), (3, 3), (2, 2), (3, 3), (1, 3), (4, 4), (1, 5), (1, 4), (2, 1), (3, 5), (0, 2), (4, 1), (1, 2), (2, 4), (0, 3), (2, 4)]
MOVE: 0 1 None 1 None 1
outer hints You about all their 1 hints remaining: 7
You has red 1, green 1, white 1, red 5, blue 1
MOVE: 1 2 0 1 None None
You plays red 1 successfully! Board is now green 0, yellow 0, white 0, blue 0, red 1
You now has green 1, white 1, red 5, blue 1, white 1
MOVE: 0 0 None 1 0 None
outer hints You about all their green cards hints remaining: 6
You has green 1, white 1, red 5, blue 1, white 1
MOVE: 1 2 1 1 None None
You plays white 1 successfully! Board is now green 0, yellow 0, white 1, blue 0, red 1
You now has green 1, red 5, blue 1, white 1, red 3
MOVE: 0 1 None 1 None 1
outer hints You about all their 1 hints remaining: 5
You has green 1, red 5, blue 1, white 1, red 3
MOVE: 1 2 3 1 None None
You plays white 1 and fails. Board was green 0, yellow 0, white 1, blue 0, red 1
You now has green 1, red 5, blue 1, red 3, green 2
MOVE: 0 1 None 1 None 1
outer hints You about all their 1 hints remaining: 4
You has green 1, red 5, blue 1, red 3, green 2
MOVE: 1 2 2 1 None None
You plays blue 1 successfully! Board is now green 0, yellow 0, white 1, blue 1, red 1
You now has green 1, red 5, red 3, green 2, red 2
MOVE: 0 1 None 1 None 2
outer hints You about all their 2 hints remaining: 3
You has green 1, red 5, red 3, green 2, red 2
MOVE: 1 2 0 1 None None
You plays green 1 successfully! Board is now green 1, yellow 0, white 1, blue 1, red 1
You now has red 5, red 3, green 2, red 2, red 1
MOVE: 0 0 None 1 0 None
outer hints You about all their green cards hints remaining: 2
You has red 5, red 3, green 2, red 2, red 1
MOVE: 1 2 3 1 None None
You plays red 2 successfully! Board is now green 1, yellow 0, white 1, blue 1, red 2
You now has red 5, red 3, green 2, red 1, yellow 2
MOVE: 0 1 None 1 None 3
outer hints You about all their 3 hints remaining: 1
You has red 5, red 3, green 2, red 1, yellow 2
MOVE: 1 2 2 1 None None
You plays green 2 successfully! Board is now green 2, yellow 0, white 1, blue 1, red 2
You now has red 5, red 3, red 1, yellow 2, green 4
MOVE: 0 0 None 1 4 None
outer hints You about all their red cards hints remaining: 0
You has red 5, red 3, red 1, yellow 2, green 4
MOVE: 1 2 1 1 None None
You plays red 3 successfully! Board is now green 2, yellow 0, white 1, blue 1, red 3
You now has red 5, red 1, yellow 2, green 4, white 2
MOVE: 0 3 2 None None None
outer discards yellow 1
trash is now white 1, yellow 1
outer now has blue 4, blue 2, yellow 1, green 1, blue 2
MOVE: 1 0 None 0 1 None
You hints outer about all their yellow cards hints remaining: 0
outer has blue 4, blue 2, yellow 1, green 1, blue 2
MOVE: 0 3 2 None None None
outer discards yellow 1
trash is now white 1, yellow 1, yellow 1
outer now has blue 4, blue 2, green 1, blue 2, yellow 3
MOVE: 1 1 None 0 None 2
You hints outer about all their 2 hints remaining: 0
outer has blue 4, blue 2, green 1, blue 2, yellow 3
MOVE: 0 3 3 None None None
outer discards blue 2
trash is now white 1, yellow 1, yellow 1, blue 2
outer now has blue 4, blue 2, green 1, yellow 3, blue 1
MOVE: 1 0 None 0 3 None
You hints outer about all their blue cards hints remaining: 0
outer has blue 4, blue 2, green 1, yellow 3, blue 1
MOVE: 0 2 1 None None None
outer plays blue 2 successfully! Board is now green 2, yellow 0, white 1, blue 2, red 3
outer now has blue 4, green 1, yellow 3, blue 1, white 3
MOVE: 1 2 1 1 None None
You plays red 1 and fails. Board was green 2, yellow 0, white 1, blue 2, red 3
You now has red 5, yellow 2, green 4, white 2, green 5
MOVE: 0 3 4 None None None
outer discards white 3
trash is now white 1, yellow 1, yellow 1, blue 2, red 1, white 3
outer now has blue 4, green 1, yellow 3, blue 1, green 1
MOVE: 1 2 0 1 None None
You plays red 5 and fails. Board was green 2, yellow 0, white 1, blue 2, red 3
You now has yellow 2, green 4, white 2, green 5, red 3
Score 8
