Old GID: 50e3e0d94ad5ebea
Treatment: ('outer', 8958)
[(2, 2), (3, 5), (4, 5), (2, 4), (4, 1), (1, 2), (3, 3), (4, 2), (3, 3), (0, 3), (1, 1), (3, 1), (3, 2), (4, 4), (4, 1), (1, 4), (2, 3), (2, 2), (0, 3), (4, 2), (4, 1), (2, 1), (2, 1), (0, 2), (1, 3), (0, 5), (0, 4), (4, 3), (1, 1), (0, 1), (3, 1), (3, 2), (1, 5), (3, 4), (2, 1), (0, 1), (1, 2), (2, 5), (3, 1), (0, 2)]
MOVE: 0 0 None 1 0 None
outer hints You about all their green cards hints remaining: 7
You has white 4, red 4, red 3, blue 4, green 1
MOVE: 1 1 None 0 None 1
You hints outer about all their 1 hints remaining: 6
outer has yellow 4, yellow 3, green 4, yellow 1, white 3
MOVE: 0 2 3 None None None
outer plays yellow 1 successfully! Board is now green 0, yellow 1, white 0, blue 0, red 0
outer now has yellow 4, yellow 3, green 4, white 3, white 2
MOVE: 1 2 4 1 None None
You plays green 1 successfully! Board is now green 1, yellow 1, white 0, blue 0, red 0
You now has white 4, red 4, red 3, blue 4, blue 5
MOVE: 0 0 None 1 2 None
outer hints You about all their white cards hints remaining: 5
You has white 4, red 4, red 3, blue 4, blue 5
MOVE: 1 2 0 1 None None
You plays white 4 and fails. Board was green 1, yellow 1, white 0, blue 0, red 0
You now has red 4, red 3, blue 4, blue 5, red 5
MOVE: 0 0 None 1 3 None
outer hints You about all their blue cards hints remaining: 4
You has red 4, red 3, blue 4, blue 5, red 5
MOVE: 1 2 3 1 None None
You plays blue 5 and fails. Board was green 1, yellow 1, white 0, blue 0, red 0
You now has red 4, red 3, blue 4, red 5, white 4
MOVE: 0 1 None 1 None 5
outer hints You about all their 5 hints remaining: 3
You has red 4, red 3, blue 4, red 5, white 4
MOVE: 1 2 2 1 None None
You plays blue 4 and fails. Board was green 1, yellow 1, white 0, blue 0, red 0
You now has red 4, red 3, red 5, white 4, red 1
Score 2
