Old GID: e0c5b62ac03c2ba9
Treatment: ('full', 4413)
[(2, 2), (4, 5), (3, 3), (1, 5), (0, 1), (1, 4), (4, 1), (2, 5), (2, 3), (2, 1), (2, 1), (0, 2), (4, 2), (3, 3), (4, 1), (4, 4), (3, 4), (0, 2), (3, 5), (0, 1), (0, 3), (4, 3), (1, 1), (2, 1), (2, 4), (2, 4), (3, 2), (1, 2), (1, 2), (3, 4), (0, 3), (1, 4), (3, 1), (1, 1), (4, 1), (3, 1), (3, 1), (2, 2), (0, 4), (1, 3)]
MOVE: 0 1 None 1 None 1
full hints You about all their 1 hints remaining: 7
You has green 5, green 4, green 1, yellow 3, white 3
MOVE: 1 2 2 1 None None
You plays green 1 successfully! Board is now green 1, yellow 0, white 0, blue 0, red 0
You now has green 5, green 4, yellow 3, white 3, white 2
MOVE: 0 3 0 None None None
full discards red 2
trash is now red 2
full now has yellow 1, blue 2, red 3, red 4, red 5
MOVE: 1 1 None 0 None 1
You hints full about all their 1 hints remaining: 7
full has yellow 1, blue 2, red 3, red 4, red 5
MOVE: 0 2 0 None None None
full plays yellow 1 successfully! Board is now green 1, yellow 1, white 0, blue 0, red 0
full now has blue 2, red 3, red 4, red 5, blue 3
MOVE: 1 3 0 1 None None
You discards green 5
trash is now red 2, green 5
You now has green 4, yellow 3, white 3, white 2, yellow 5
MOVE: 0 3 4 None None None
full discards blue 3
trash is now red 2, green 5, blue 3
full now has blue 2, red 3, red 4, red 5, green 1
MOVE: 1 0 None 0 0 None
You hints full about all their green cards hints remaining: 7
full has blue 2, red 3, red 4, red 5, green 1
MOVE: 0 2 4 None None None
full plays green 1 and fails. Board was green 1, yellow 1, white 0, blue 0, red 0
full now has blue 2, red 3, red 4, red 5, yellow 4
MOVE: 1 2 1 1 None None
You plays yellow 3 and fails. Board was green 1, yellow 1, white 0, blue 0, red 0
You now has green 4, white 3, white 2, yellow 5, red 1
MOVE: 0 0 None 1 4 None
full hints You about all their red cards hints remaining: 6
You has green 4, white 3, white 2, yellow 5, red 1
MOVE: 1 2 1 1 None None
You plays white 3 and fails. Board was green 1, yellow 1, white 0, blue 0, red 0
You now has green 4, white 2, yellow 5, red 1, white 5
Score 2
