Old GID: c80c9e018608a167
Treatment: ('full', 5769)
[(3, 1), (2, 1), (0, 2), (3, 4), (1, 3), (2, 4), (1, 1), (4, 4), (3, 5), (1, 4), (0, 1), (4, 1), (3, 3), (0, 4), (1, 5), (3, 4), (2, 2), (0, 5), (2, 1), (1, 2), (2, 3), (4, 2), (2, 5), (0, 1), (0, 4), (4, 1), (4, 3), (1, 4), (1, 1), (0, 1), (1, 2), (1, 1), (0, 2), (4, 2), (3, 3), (0, 3), (4, 4), (2, 3), (3, 1), (2, 4)]
MOVE: 0 0 None 1 2 None
full hints You about all their white cards hints remaining: 7
You has yellow 3, green 3, red 3, white 1, blue 2
MOVE: 1 2 3 1 None None
You plays white 1 successfully! Board is now green 0, yellow 0, white 1, blue 0, red 0
You now has yellow 3, green 3, red 3, blue 2, blue 1
MOVE: 0 1 None 1 None 1
full hints You about all their 1 hints remaining: 6
You has yellow 3, green 3, red 3, blue 2, blue 1
MOVE: 1 0 None 0 2 None
You hints full about all their white cards hints remaining: 5
full has red 1, blue 1, red 5, blue 2, white 2
MOVE: 0 2 4 None None None
full plays white 2 successfully! Board is now green 0, yellow 0, white 2, blue 0, red 0
full now has red 1, blue 1, red 5, blue 2, white 1
MOVE: 1 1 None 0 None 1
You hints full about all their 1 hints remaining: 4
full has red 1, blue 1, red 5, blue 2, white 1
MOVE: 0 2 0 None None None
full plays red 1 successfully! Board is now green 0, yellow 0, white 2, blue 0, red 1
full now has blue 1, red 5, blue 2, white 1, green 2
MOVE: 1 0 None 0 3 None
You hints full about all their blue cards hints remaining: 3
full has blue 1, red 5, blue 2, white 1, green 2
MOVE: 0 2 0 None None None
full plays blue 1 successfully! Board is now green 0, yellow 0, white 2, blue 1, red 1
full now has red 5, blue 2, white 1, green 2, blue 4
MOVE: 1 1 None 0 None 2
You hints full about all their 2 hints remaining: 2
full has red 5, blue 2, white 1, green 2, blue 4
MOVE: 0 2 1 None None None
full plays blue 2 successfully! Board is now green 0, yellow 0, white 2, blue 2, red 1
full now has red 5, white 1, green 2, blue 4, yellow 3
MOVE: 1 1 None 0 None 1
You hints full about all their 1 hints remaining: 1
full has red 5, white 1, green 2, blue 4, yellow 3
MOVE: 0 2 1 None None None
full plays white 1 and fails. Board was green 0, yellow 0, white 2, blue 2, red 1
full now has red 5, green 2, blue 4, yellow 3, white 4
MOVE: 1 2 4 1 None None
You plays blue 1 and fails. Board was green 0, yellow 0, white 2, blue 2, red 1
You now has yellow 3, green 3, red 3, blue 2, yellow 1
MOVE: 0 0 None 1 1 None
full hints You about all their yellow cards hints remaining: 0
You has yellow 3, green 3, red 3, blue 2, yellow 1
MOVE: 1 2 0 1 None None
You plays yellow 3 and fails. Board was green 0, yellow 0, white 2, blue 2, red 1
You now has green 3, red 3, blue 2, yellow 1, red 4
Score 5
