Old GID: b039dbf860baa41d
Treatment: ('full', 3644)
[(3, 2), (4, 3), (1, 4), (2, 5), (0, 4), (2, 4), (2, 4), (0, 1), (3, 4), (3, 3), (1, 2), (3, 1), (0, 3), (2, 1), (2, 1), (0, 1), (0, 2), (0, 2), (1, 2), (2, 2), (4, 4), (2, 2), (3, 3), (4, 4), (4, 2), (1, 1), (2, 1), (0, 3), (4, 2), (0, 5), (3, 4), (3, 1), (1, 1), (4, 3), (2, 3), (2, 3), (3, 2), (4, 1), (0, 4), (3, 1)]
MOVE: 0 1 None 1 None 1
full hints You about all their 1 hints remaining: 7
You has yellow 3, yellow 1, yellow 3, blue 5, yellow 5
MOVE: 1 2 1 1 None None
You plays yellow 1 successfully! Board is now green 0, yellow 1, white 0, blue 0, red 0
You now has yellow 3, yellow 3, blue 5, yellow 5, blue 2
MOVE: 0 3 0 None None None
full discards yellow 4
trash is now yellow 4
full now has red 1, red 1, green 1, red 5, red 3
MOVE: 1 1 None 0 None 1
You hints full about all their 1 hints remaining: 7
full has red 1, red 1, green 1, red 5, red 3
MOVE: 0 2 0 None None None
full plays red 1 successfully! Board is now green 0, yellow 1, white 0, blue 0, red 1
full now has red 1, green 1, red 5, red 3, yellow 4
MOVE: 1 0 None 0 4 None
You hints full about all their red cards hints remaining: 6
full has red 1, green 1, red 5, red 3, yellow 4
MOVE: 0 2 2 None None None
full plays red 5 and fails. Board was green 0, yellow 1, white 0, blue 0, red 1
full now has red 1, green 1, red 3, yellow 4, white 5
MOVE: 1 0 None 0 0 None
You hints full about all their green cards hints remaining: 5
full has red 1, green 1, red 3, yellow 4, white 5
MOVE: 0 2 1 None None None
full plays green 1 successfully! Board is now green 1, yellow 1, white 0, blue 0, red 1
full now has red 1, red 3, yellow 4, white 5, green 4
MOVE: 1 2 4 1 None None
You plays blue 2 and fails. Board was green 1, yellow 1, white 0, blue 0, red 1
You now has yellow 3, yellow 3, blue 5, yellow 5, white 4
MOVE: 0 3 0 None None None
full discards red 1
trash is now yellow 4, red 5, blue 2, red 1
full now has red 3, yellow 4, white 5, green 4, white 4
MOVE: 1 2 4 1 None None
You plays white 4 and fails. Board was green 1, yellow 1, white 0, blue 0, red 1
You now has yellow 3, yellow 3, blue 5, yellow 5, green 1
Score 3
