Old GID: 2647fd616a1e71a4
Treatment: ('full', 9718)
[(4, 4), (3, 1), (1, 3), (4, 5), (1, 1), (2, 1), (4, 3), (2, 5), (2, 4), (0, 1), (0, 2), (2, 3), (2, 4), (1, 5), (0, 3), (2, 1), (0, 1), (2, 3), (0, 5), (4, 2), (3, 4), (3, 1), (4, 1), (1, 1), (4, 2), (4, 1), (4, 1), (0, 4), (4, 3), (3, 3), (4, 4), (0, 2), (3, 4), (1, 4), (3, 5), (3, 2), (1, 4), (2, 1), (3, 1), (0, 4)]
MOVE: 0 0 None 1 0 None
full hints You about all their green cards hints remaining: 7
You has yellow 2, white 2, yellow 3, green 1, white 2
MOVE: 1 1 None 0 None 1
You hints full about all their 1 hints remaining: 6
full has blue 3, yellow 1, blue 2, green 3, yellow 2
MOVE: 0 2 1 None None None
full plays yellow 1 successfully! Board is now green 0, yellow 1, white 0, blue 0, red 0
full now has blue 3, blue 2, green 3, yellow 2, red 4
MOVE: 1 0 None 0 1 None
You hints full about all their yellow cards hints remaining: 5
full has blue 3, blue 2, green 3, yellow 2, red 4
MOVE: 0 2 3 None None None
full plays yellow 2 successfully! Board is now green 0, yellow 2, white 0, blue 0, red 0
full now has blue 3, blue 2, green 3, red 4, blue 1
MOVE: 1 1 None 0 None 1
You hints full about all their 1 hints remaining: 4
full has blue 3, blue 2, green 3, red 4, blue 1
MOVE: 0 2 4 None None None
full plays blue 1 successfully! Board is now green 0, yellow 2, white 0, blue 1, red 0
full now has blue 3, blue 2, green 3, red 4, yellow 3
MOVE: 1 1 None 0 None 2
You hints full about all their 2 hints remaining: 3
full has blue 3, blue 2, green 3, red 4, yellow 3
MOVE: 0 2 1 None None None
full plays blue 2 successfully! Board is now green 0, yellow 2, white 0, blue 2, red 0
full now has blue 3, green 3, red 4, yellow 3, red 5
MOVE: 1 0 None 0 3 None
You hints full about all their blue cards hints remaining: 2
full has blue 3, green 3, red 4, yellow 3, red 5
MOVE: 0 2 0 None None None
full plays blue 3 successfully! Board is now green 0, yellow 2, white 0, blue 3, red 0
full now has green 3, red 4, yellow 3, red 5, yellow 1
MOVE: 1 2 3 1 None None
You plays green 1 successfully! Board is now green 1, yellow 2, white 0, blue 3, red 0
You now has yellow 2, white 2, yellow 3, white 2, white 1
MOVE: 0 1 None 1 None 2
full hints You about all their 2 hints remaining: 1
You has yellow 2, white 2, yellow 3, white 2, white 1
MOVE: 1 0 None 0 1 None
You hints full about all their yellow cards hints remaining: 0
full has green 3, red 4, yellow 3, red 5, yellow 1
MOVE: 0 2 2 None None None
full plays yellow 3 successfully! Board is now green 1, yellow 3, white 0, blue 3, red 0
full now has green 3, red 4, red 5, yellow 1, red 3
MOVE: 1 2 1 1 None None
You plays white 2 and fails. Board was green 1, yellow 3, white 0, blue 3, red 0
You now has yellow 2, yellow 3, white 2, white 1, white 5
MOVE: 0 3 3 None None None
full discards yellow 1
trash is now white 2, yellow 1
full now has green 3, red 4, red 5, red 3, white 4
MOVE: 1 2 0 1 None None
You plays yellow 2 and fails. Board was green 1, yellow 3, white 0, blue 3, red 0
You now has yellow 3, white 2, white 1, white 5, green 1
MOVE: 0 1 None 1 None 3
full hints You about all their 3 hints remaining: 0
You has yellow 3, white 2, white 1, white 5, green 1
MOVE: 1 2 1 1 None None
You plays white 2 and fails. Board was green 1, yellow 3, white 0, blue 3, red 0
You now has yellow 3, white 1, white 5, green 1, green 2
Score 7
