Old GID: d0f46122da5c8f77
Treatment: ('full', 9585)
[(3, 1), (4, 3), (4, 5), (2, 3), (4, 3), (0, 3), (2, 1), (4, 1), (0, 5), (0, 1), (1, 3), (3, 3), (3, 1), (2, 4), (2, 5), (1, 2), (2, 2), (2, 2), (1, 1), (4, 2), (3, 2), (0, 1), (1, 5), (4, 1), (4, 4), (0, 4), (3, 2), (3, 3), (3, 4), (0, 4), (1, 2), (1, 4), (1, 3), (1, 1), (3, 1), (4, 2), (0, 1), (3, 4), (1, 1), (1, 4)]
MOVE: 0 1 None 1 None 1
full hints You about all their 1 hints remaining: 7
You has white 4, red 4, green 2, green 2, white 1
MOVE: 1 1 None 0 None 1
You hints full about all their 1 hints remaining: 6
full has blue 5, white 3, green 3, red 1, white 1
MOVE: 0 2 3 None None None
full plays red 1 successfully! Board is now green 0, yellow 0, white 0, blue 0, red 1
full now has blue 5, white 3, green 3, white 1, blue 1
MOVE: 1 0 None 0 2 None
You hints full about all their white cards hints remaining: 5
full has blue 5, white 3, green 3, white 1, blue 1
MOVE: 0 2 3 None None None
full plays white 1 successfully! Board is now green 0, yellow 0, white 1, blue 0, red 1
full now has blue 5, white 3, green 3, blue 1, red 3
MOVE: 1 1 None 0 None 1
You hints full about all their 1 hints remaining: 4
full has blue 5, white 3, green 3, blue 1, red 3
MOVE: 0 2 3 None None None
full plays blue 1 successfully! Board is now green 0, yellow 0, white 1, blue 1, red 1
full now has blue 5, white 3, green 3, red 3, red 5
MOVE: 1 2 4 1 None None
You plays white 1 and fails. Board was green 0, yellow 0, white 1, blue 1, red 1
You now has white 4, red 4, green 2, green 2, white 3
MOVE: 0 3 4 None None None
full discards red 5
trash is now white 1, red 5
full now has blue 5, white 3, green 3, red 3, red 3
MOVE: 1 3 0 1 None None
You discards white 4
trash is now white 1, red 5, white 4
You now has red 4, green 2, green 2, white 3, green 3
MOVE: 0 3 4 None None None
full discards red 3
trash is now white 1, red 5, white 4, red 3
full now has blue 5, white 3, green 3, red 3, white 1
MOVE: 1 3 0 1 None None
You discards red 4
trash is now white 1, red 5, white 4, red 3, red 4
You now has green 2, green 2, white 3, green 3, red 1
MOVE: 0 3 4 None None None
full discards white 1
trash is now white 1, red 5, white 4, red 3, red 4, white 1
full now has blue 5, white 3, green 3, red 3, green 5
MOVE: 1 3 0 1 None None
You discards green 2
trash is now white 1, red 5, white 4, red 3, red 4, white 1, green 2
You now has green 2, white 3, green 3, red 1, green 1
MOVE: 0 3 4 None None None
full discards green 5
trash is now white 1, red 5, white 4, red 3, red 4, white 1, green 2, green 5
full now has blue 5, white 3, green 3, red 3, yellow 3
MOVE: 1 3 0 1 None None
You discards green 2
trash is now white 1, red 5, white 4, red 3, red 4, white 1, green 2, green 5, green 2
You now has white 3, green 3, red 1, green 1, blue 3
MOVE: 0 3 4 None None None
full discards yellow 3
trash is now white 1, red 5, white 4, red 3, red 4, white 1, green 2, green 5, green 2, yellow 3
full now has blue 5, white 3, green 3, red 3, blue 1
MOVE: 1 3 0 1 None None
You discards white 3
trash is now white 1, red 5, white 4, red 3, red 4, white 1, green 2, green 5, green 2, yellow 3, white 3
You now has green 3, red 1, green 1, blue 3, white 4
MOVE: 0 3 4 None None None
full discards blue 1
trash is now white 1, red 5, white 4, red 3, red 4, white 1, green 2, green 5, green 2, yellow 3, white 3, blue 1
full now has blue 5, white 3, green 3, red 3, white 5
MOVE: 1 3 0 1 None None
You discards green 3
trash is now white 1, red 5, white 4, red 3, red 4, white 1, green 2, green 5, green 2, yellow 3, white 3, blue 1, green 3
You now has red 1, green 1, blue 3, white 4, yellow 2
MOVE: 0 0 None 1 0 None
full hints You about all their green cards hints remaining: 7
You has red 1, green 1, blue 3, white 4, yellow 2
MOVE: 1 2 1 1 None None
You plays green 1 successfully! Board is now green 1, yellow 0, white 1, blue 1, red 1
You now has red 1, blue 3, white 4, yellow 2, white 2
MOVE: 0 3 4 None None None
full discards white 5
trash is now white 1, red 5, white 4, red 3, red 4, white 1, green 2, green 5, green 2, yellow 3, white 3, blue 1, green 3, white 5
full now has blue 5, white 3, green 3, red 3, white 2
MOVE: 1 2 4 1 None None
You plays white 2 successfully! Board is now green 1, yellow 0, white 2, blue 1, red 1
You now has red 1, blue 3, white 4, yellow 2, yellow 1
MOVE: 0 3 4 None None None
full discards white 2
trash is now white 1, red 5, white 4, red 3, red 4, white 1, green 2, green 5, green 2, yellow 3, white 3, blue 1, green 3, white 5, white 2
full now has blue 5, white 3, green 3, red 3, red 2
MOVE: 1 2 4 1 None None
You plays yellow 1 successfully! Board is now green 1, yellow 1, white 2, blue 1, red 1
You now has red 1, blue 3, white 4, yellow 2, blue 2
MOVE: 0 1 None 1 None 2
full hints You about all their 2 hints remaining: 7
You has red 1, blue 3, white 4, yellow 2, blue 2
MOVE: 1 2 4 1 None None
You plays blue 2 successfully! Board is now green 1, yellow 1, white 2, blue 2, red 1
You now has red 1, blue 3, white 4, yellow 2, green 1
MOVE: 0 1 None 1 None 1
full hints You about all their 1 hints remaining: 6
You has red 1, blue 3, white 4, yellow 2, green 1
MOVE: 1 2 4 1 None None
You plays green 1 and fails. Board was green 1, yellow 1, white 2, blue 2, red 1
You now has red 1, blue 3, white 4, yellow 2, yellow 5
MOVE: 0 0 None 1 3 None
full hints You about all their blue cards hints remaining: 5
You has red 1, blue 3, white 4, yellow 2, yellow 5
MOVE: 1 2 4 1 None None
You plays yellow 5 and fails. Board was green 1, yellow 1, white 2, blue 2, red 1
You now has red 1, blue 3, white 4, yellow 2, red 1
Score 7
