Old GID: b1d849ef8984a6ec
Treatment: ('full', 2718)
[(0, 5), (1, 3), (3, 1), (0, 2), (1, 2), (4, 1), (3, 4), (1, 4), (2, 1), (2, 1), (1, 1), (4, 2), (1, 4), (2, 3), (0, 1), (3, 2), (3, 4), (3, 1), (1, 5), (4, 1), (4, 4), (3, 3), (0, 1), (4, 2), (2, 3), (0, 2), (2, 4), (3, 2), (3, 5), (0, 3), (0, 4), (1, 1), (3, 1), (4, 3), (2, 5), (4, 4), (0, 1), (4, 5), (1, 3), (1, 1)]
MOVE: 0 3 0 None None None
full discards yellow 2
trash is now yellow 2
full now has red 3, white 1, white 4, red 1, green 5
MOVE: 1 1 None 0 None 1
You hints full about all their 1 hints remaining: 7
full has red 3, white 1, white 4, red 1, green 5
MOVE: 0 2 1 None None None
full plays white 1 successfully! Board is now green 0, yellow 0, white 1, blue 0, red 0
full now has red 3, white 4, red 1, green 5, yellow 3
MOVE: 1 0 None 0 4 None
You hints full about all their red cards hints remaining: 6
full has red 3, white 4, red 1, green 5, yellow 3
MOVE: 0 2 2 None None None
full plays red 1 successfully! Board is now green 0, yellow 0, white 1, blue 0, red 1
full now has red 3, white 4, green 5, yellow 3, blue 1
MOVE: 1 1 None 0 None 1
You hints full about all their 1 hints remaining: 5
full has red 3, white 4, green 5, yellow 3, blue 1
MOVE: 0 2 4 None None None
full plays blue 1 successfully! Board is now green 0, yellow 0, white 1, blue 1, red 1
full now has red 3, white 4, green 5, yellow 3, green 2
MOVE: 1 1 None 0 None 5
You hints full about all their 5 hints remaining: 4
full has red 3, white 4, green 5, yellow 3, green 2
MOVE: 0 0 None 1 2 None
full hints You about all their white cards hints remaining: 3
You has green 3, green 4, white 2, blue 3, white 2
MOVE: 1 1 None 0 None 3
You hints full about all their 3 hints remaining: 2
full has red 3, white 4, green 5, yellow 3, green 2
MOVE: 0 1 None 1 None 2
full hints You about all their 2 hints remaining: 1
You has green 3, green 4, white 2, blue 3, white 2
MOVE: 1 2 2 1 None None
You plays white 2 successfully! Board is now green 0, yellow 0, white 2, blue 1, red 1
You now has green 3, green 4, blue 3, white 2, yellow 2
MOVE: 0 0 None 1 3 None
full hints You about all their blue cards hints remaining: 0
You has green 3, green 4, blue 3, white 2, yellow 2
MOVE: 1 3 3 1 None None
You discards white 2
trash is now yellow 2, white 2
You now has green 3, green 4, blue 3, yellow 2, red 1
MOVE: 0 3 4 None None None
full discards green 2
trash is now yellow 2, white 2, green 2
full now has red 3, white 4, green 5, yellow 3, blue 4
MOVE: 1 1 None 0 None 4
You hints full about all their 4 hints remaining: 1
full has red 3, white 4, green 5, yellow 3, blue 4
MOVE: 0 3 4 None None None
full discards blue 4
trash is now yellow 2, white 2, green 2, blue 4
full now has red 3, white 4, green 5, yellow 3, yellow 4
MOVE: 1 0 None 0 1 None
You hints full about all their yellow cards hints remaining: 1
full has red 3, white 4, green 5, yellow 3, yellow 4
MOVE: 0 2 4 None None None
full plays yellow 4 and fails. Board was green 0, yellow 0, white 2, blue 1, red 1
full now has red 3, white 4, green 5, yellow 3, white 1
MOVE: 1 2 2 1 None None
You plays blue 3 and fails. Board was green 0, yellow 0, white 2, blue 1, red 1
You now has green 3, green 4, yellow 2, red 1, white 1
MOVE: 0 3 3 None None None
full discards yellow 3
trash is now yellow 2, white 2, green 2, blue 4, yellow 4, blue 3, yellow 3
full now has red 3, white 4, green 5, white 1, yellow 1
MOVE: 1 1 None 0 None 1
You hints full about all their 1 hints remaining: 1
full has red 3, white 4, green 5, white 1, yellow 1
MOVE: 0 2 3 None None None
full plays white 1 and fails. Board was green 0, yellow 0, white 2, blue 1, red 1
full now has red 3, white 4, green 5, yellow 1, red 2
Score 4
