Old GID: e55018ea31a577d3
Treatment: ('outer', 8323)
[(1, 4), (2, 2), (4, 2), (2, 1), (0, 1), (3, 2), (4, 4), (4, 3), (1, 2), (0, 2), (2, 3), (3, 3), (4, 2), (0, 4), (1, 5), (0, 1), (2, 1), (0, 5), (4, 4), (4, 1), (3, 2), (1, 4), (3, 4), (3, 1), (1, 1), (3, 3), (1, 2), (2, 1), (2, 5), (0, 4), (0, 3), (0, 2), (2, 4), (0, 1), (0, 3), (3, 1), (3, 1), (3, 4), (2, 3), (4, 3)]
MOVE: 0 1 None 1 None 1
outer hints You about all their 1 hints remaining: 7
You has blue 5, red 1, yellow 1, yellow 3, red 1
MOVE: 1 1 None 0 None 1
You hints outer about all their 1 hints remaining: 6
outer has white 2, white 4, yellow 1, red 5, yellow 3
MOVE: 0 2 2 None None None
outer plays yellow 1 successfully! Board is now green 0, yellow 1, white 0, blue 0, red 0
outer now has white 2, white 4, red 5, yellow 3, yellow 4
MOVE: 1 2 1 1 None None
You plays red 1 successfully! Board is now green 0, yellow 1, white 0, blue 0, red 1
You now has blue 5, yellow 1, yellow 3, red 1, white 2
MOVE: 0 0 None 1 3 None
outer hints You about all their blue cards hints remaining: 5
You has blue 5, yellow 1, yellow 3, red 1, white 2
MOVE: 1 2 0 1 None None
You plays blue 5 and fails. Board was green 0, yellow 1, white 0, blue 0, red 1
You now has yellow 1, yellow 3, red 1, white 2, red 2
MOVE: 0 0 None 1 4 None
outer hints You about all their red cards hints remaining: 4
You has yellow 1, yellow 3, red 1, white 2, red 2
MOVE: 1 2 2 1 None None
You plays red 1 and fails. Board was green 0, yellow 1, white 0, blue 0, red 1
You now has yellow 1, yellow 3, white 2, red 2, white 1
MOVE: 0 1 None 1 None 2
outer hints You about all their 2 hints remaining: 3
You has yellow 1, yellow 3, white 2, red 2, white 1
MOVE: 1 2 3 1 None None
You plays red 2 successfully! Board is now green 0, yellow 1, white 0, blue 0, red 2
You now has yellow 1, yellow 3, white 2, white 1, green 1
MOVE: 0 1 None 1 None 1
outer hints You about all their 1 hints remaining: 2
You has yellow 1, yellow 3, white 2, white 1, green 1
MOVE: 1 2 3 1 None None
You plays white 1 successfully! Board is now green 0, yellow 1, white 1, blue 0, red 2
You now has yellow 1, yellow 3, white 2, green 1, blue 2
MOVE: 0 1 None 1 None 2
outer hints You about all their 2 hints remaining: 1
You has yellow 1, yellow 3, white 2, green 1, blue 2
MOVE: 1 2 3 1 None None
You plays green 1 successfully! Board is now green 1, yellow 1, white 1, blue 0, red 2
You now has yellow 1, yellow 3, white 2, blue 2, red 4
MOVE: 0 0 None 1 2 None
outer hints You about all their white cards hints remaining: 0
You has yellow 1, yellow 3, white 2, blue 2, red 4
MOVE: 1 2 2 1 None None
You plays white 2 successfully! Board is now green 1, yellow 1, white 2, blue 0, red 2
You now has yellow 1, yellow 3, blue 2, red 4, red 3
MOVE: 0 3 1 None None None
outer discards white 4
trash is now blue 5, red 1, white 4
outer now has white 2, red 5, yellow 3, yellow 4, yellow 2
MOVE: 1 2 0 1 None None
You plays yellow 1 and fails. Board was green 1, yellow 1, white 2, blue 0, red 2
You now has yellow 3, blue 2, red 4, red 3, green 2
Score 6
