Old GID: 3308cd5ce85f060b
Treatment: ('outer', 9517)
[(0, 4), (0, 4), (3, 3), (1, 4), (2, 1), (4, 5), (4, 1), (4, 4), (3, 5), (0, 5), (0, 3), (2, 1), (3, 2), (1, 1), (2, 3), (4, 2), (2, 4), (4, 2), (4, 4), (1, 5), (0, 2), (3, 1), (4, 3), (1, 1), (4, 3), (1, 3), (2, 5), (3, 4), (1, 1), (3, 4), (2, 1), (3, 1), (1, 2), (2, 2), (0, 2), (3, 1), (3, 2), (1, 4), (4, 1), (0, 1)]
MOVE: 0 0 None 1 4 None
outer hints You about all their red cards hints remaining: 7
You has white 4, yellow 2, green 3, red 1, white 2
MOVE: 1 2 3 1 None None
You plays red 1 successfully! Board is now green 0, yellow 0, white 0, blue 0, red 1
You now has white 4, yellow 2, green 3, white 2, green 4
MOVE: 0 1 None 1 None 4
outer hints You about all their 4 hints remaining: 6
You has white 4, yellow 2, green 3, white 2, green 4
MOVE: 1 1 None 0 None 1
You hints outer about all their 1 hints remaining: 5
outer has white 3, green 1, blue 3, yellow 3, green 1
MOVE: 0 0 None 1 2 None
outer hints You about all their white cards hints remaining: 4
You has white 4, yellow 2, green 3, white 2, green 4
MOVE: 1 2 4 1 None None
You plays green 4 and fails. Board was green 0, yellow 0, white 0, blue 0, red 1
You now has white 4, yellow 2, green 3, white 2, green 4
MOVE: 0 0 None 1 2 None
outer hints You about all their white cards hints remaining: 3
You has white 4, yellow 2, green 3, white 2, green 4
MOVE: 1 2 4 1 None None
You plays green 4 and fails. Board was green 0, yellow 0, white 0, blue 0, red 1
You now has white 4, yellow 2, green 3, white 2, blue 3
MOVE: 0 1 None 1 None 2
outer hints You about all their 2 hints remaining: 2
You has white 4, yellow 2, green 3, white 2, blue 3
MOVE: 1 2 4 1 None None
You plays blue 3 and fails. Board was green 0, yellow 0, white 0, blue 0, red 1
You now has white 4, yellow 2, green 3, white 2, yellow 4
Score 1
