Old GID: 2bca822cf7ce1bd2
Treatment: ('full', 4294)
[(4, 2), (4, 4), (3, 1), (2, 3), (4, 1), (3, 2), (4, 4), (2, 1), (1, 2), (3, 4), (0, 4), (2, 3), (1, 3), (0, 1), (2, 4), (2, 2), (1, 1), (1, 5), (1, 4), (4, 2), (3, 3), (4, 3), (2, 2), (1, 1), (2, 1), (4, 5), (2, 5), (0, 4), (3, 1), (3, 1), (0, 3), (2, 4), (1, 1), (0, 5), (3, 3), (1, 3), (0, 1), (1, 2), (3, 2), (0, 1)]
MOVE: 0 1 None 1 None 1
full hints You about all their 1 hints remaining: 7
You has red 1, red 3, green 3, yellow 4, blue 4
MOVE: 1 1 None 0 None 1
You hints full about all their 1 hints remaining: 6
full has red 1, blue 5, white 1, green 2, green 2
MOVE: 0 2 0 None None None
full plays red 1 successfully! Board is now green 0, yellow 0, white 0, blue 0, red 1
full now has blue 5, white 1, green 2, green 2, red 2
MOVE: 1 2 0 1 None None
You plays red 1 and fails. Board was green 0, yellow 0, white 0, blue 0, red 1
You now has red 3, green 3, yellow 4, blue 4, red 4
MOVE: 0 3 4 None None None
full discards red 2
trash is now red 1, red 2
full now has blue 5, white 1, green 2, green 2, blue 1
MOVE: 1 1 None 0 None 1
You hints full about all their 1 hints remaining: 6
full has blue 5, white 1, green 2, green 2, blue 1
MOVE: 0 2 1 None None None
full plays white 1 successfully! Board is now green 0, yellow 0, white 1, blue 0, red 1
full now has blue 5, green 2, green 2, blue 1, white 3
MOVE: 1 1 None 0 None 5
You hints full about all their 5 hints remaining: 5
full has blue 5, green 2, green 2, blue 1, white 3
MOVE: 0 3 4 None None None
full discards white 3
trash is now red 1, red 2, white 3
full now has blue 5, green 2, green 2, blue 1, red 1
MOVE: 1 0 None 0 3 None
You hints full about all their blue cards hints remaining: 5
full has blue 5, green 2, green 2, blue 1, red 1
MOVE: 0 2 3 None None None
full plays blue 1 successfully! Board is now green 0, yellow 0, white 1, blue 1, red 1
full now has blue 5, green 2, green 2, red 1, blue 2
MOVE: 1 0 None 0 3 None
You hints full about all their blue cards hints remaining: 4
full has blue 5, green 2, green 2, red 1, blue 2
MOVE: 0 2 4 None None None
full plays blue 2 successfully! Board is now green 0, yellow 0, white 1, blue 2, red 1
full now has blue 5, green 2, green 2, red 1, red 4
MOVE: 1 3 0 1 None None
You discards red 3
trash is now red 1, red 2, white 3, red 3
You now has green 3, yellow 4, blue 4, red 4, white 1
MOVE: 0 3 4 None None None
full discards red 4
trash is now red 1, red 2, white 3, red 3, red 4
full now has blue 5, green 2, green 2, red 1, yellow 2
MOVE: 1 1 None 0 None 2
You hints full about all their 2 hints remaining: 5
full has blue 5, green 2, green 2, red 1, yellow 2
MOVE: 0 2 1 None None None
full plays green 2 and fails. Board was green 0, yellow 0, white 1, blue 2, red 1
full now has blue 5, green 2, red 1, yellow 2, blue 4
MOVE: 1 0 None 0 0 None
You hints full about all their green cards hints remaining: 4
full has blue 5, green 2, red 1, yellow 2, blue 4
MOVE: 0 3 4 None None None
full discards blue 4
trash is now red 1, red 2, white 3, red 3, red 4, green 2, blue 4
full now has blue 5, green 2, red 1, yellow 2, green 4
MOVE: 1 3 0 1 None None
You discards green 3
trash is now red 1, red 2, white 3, red 3, red 4, green 2, blue 4, green 3
You now has yellow 4, blue 4, red 4, white 1, white 3
MOVE: 0 3 4 None None None
full discards green 4
trash is now red 1, red 2, white 3, red 3, red 4, green 2, blue 4, green 3, green 4
full now has blue 5, green 2, red 1, yellow 2, yellow 3
MOVE: 1 3 0 1 None None
You discards yellow 4
trash is now red 1, red 2, white 3, red 3, red 4, green 2, blue 4, green 3, green 4, yellow 4
You now has blue 4, red 4, white 1, white 3, green 1
MOVE: 0 0 None 1 0 None
full hints You about all their green cards hints remaining: 7
You has blue 4, red 4, white 1, white 3, green 1
MOVE: 1 2 4 1 None None
You plays green 1 successfully! Board is now green 1, yellow 0, white 1, blue 2, red 1
You now has blue 4, red 4, white 1, white 3, white 4
MOVE: 0 2 1 None None None
full plays green 2 successfully! Board is now green 2, yellow 0, white 1, blue 2, red 1
full now has blue 5, red 1, yellow 2, yellow 3, white 2
MOVE: 1 1 None 0 None 2
You hints full about all their 2 hints remaining: 6
full has blue 5, red 1, yellow 2, yellow 3, white 2
MOVE: 0 2 2 None None None
full plays yellow 2 and fails. Board was green 2, yellow 0, white 1, blue 2, red 1
full now has blue 5, red 1, yellow 3, white 2, yellow 1
Score 6
