Old GID: 1b88242b1a46f673
Treatment: ('outer', 9874)
[(3, 1), (4, 5), (1, 1), (3, 2), (1, 3), (2, 2), (0, 1), (4, 4), (4, 1), (0, 2), (2, 1), (4, 1), (3, 4), (1, 2), (1, 3), (2, 4), (0, 3), (4, 4), (2, 1), (3, 5), (4, 2), (4, 3), (3, 1), (0, 4), (0, 4), (2, 5), (4, 1), (2, 3), (1, 4), (0, 1), (4, 2), (1, 2), (0, 3), (0, 2), (0, 1), (2, 1), (2, 3), (3, 4), (4, 3), (3, 2)]
MOVE: 0 0 None 1 1 None
outer hints You about all their yellow cards hints remaining: 7
You has yellow 5, yellow 1, white 4, white 2, blue 1
MOVE: 1 1 None 0 None 1
You hints outer about all their 1 hints remaining: 6
outer has blue 3, green 5, blue 3, yellow 4, yellow 1
MOVE: 0 2 4 None None None
outer plays yellow 1 successfully! Board is now green 0, yellow 1, white 0, blue 0, red 0
outer now has blue 3, green 5, blue 3, yellow 4, blue 1
MOVE: 1 3 1 1 None None
You discards yellow 1
trash is now yellow 1
You now has yellow 5, white 4, white 2, blue 1, red 5
MOVE: 0 1 None 1 None 1
outer hints You about all their 1 hints remaining: 6
You has yellow 5, white 4, white 2, blue 1, red 5
MOVE: 1 2 3 1 None None
You plays blue 1 successfully! Board is now green 0, yellow 1, white 0, blue 1, red 0
You now has yellow 5, white 4, white 2, red 5, yellow 1
MOVE: 0 0 None 1 2 None
outer hints You about all their white cards hints remaining: 5
You has yellow 5, white 4, white 2, red 5, yellow 1
MOVE: 1 2 2 1 None None
You plays white 2 and fails. Board was green 0, yellow 1, white 0, blue 1, red 0
You now has yellow 5, white 4, red 5, yellow 1, blue 2
MOVE: 0 0 None 1 3 None
outer hints You about all their blue cards hints remaining: 4
You has yellow 5, white 4, red 5, yellow 1, blue 2
MOVE: 1 2 1 1 None None
You plays white 4 and fails. Board was green 0, yellow 1, white 0, blue 1, red 0
You now has yellow 5, red 5, yellow 1, blue 2, yellow 3
MOVE: 0 1 None 1 None 2
outer hints You about all their 2 hints remaining: 3
You has yellow 5, red 5, yellow 1, blue 2, yellow 3
MOVE: 1 2 3 1 None None
You plays blue 2 successfully! Board is now green 0, yellow 1, white 0, blue 2, red 0
You now has yellow 5, red 5, yellow 1, yellow 3, white 2
MOVE: 0 1 None 1 None 2
outer hints You about all their 2 hints remaining: 2
You has yellow 5, red 5, yellow 1, yellow 3, white 2
MOVE: 1 2 0 1 None None
You plays yellow 5 and fails. Board was green 0, yellow 1, white 0, blue 2, red 0
You now has red 5, yellow 1, yellow 3, white 2, green 1
Score 3
