Old GID: a3bf2a4ee3c228fb
Treatment: ('intentional', 2102)
[(3, 5), (3, 4), (4, 4), (1, 2), (1, 1), (1, 1), (1, 4), (4, 2), (3, 1), (3, 1), (3, 4), (2, 4), (4, 5), (3, 1), (2, 1), (3, 3), (0, 1), (1, 2), (0, 3), (4, 1), (4, 4), (3, 3), (4, 1), (1, 3), (2, 3), (0, 1), (0, 1), (3, 2), (0, 4), (0, 5), (4, 3), (0, 2), (0, 2), (1, 5), (2, 5), (4, 2), (2, 3), (2, 1), (2, 2), (1, 3)]
MOVE: 0 1 None 1 None 1
intentional hints You about all their 1 hints remaining: 7
You has white 2, red 1, yellow 1, white 1, blue 2
MOVE: 1 2 1 1 None None
You plays red 1 successfully! Board is now green 0, yellow 0, white 0, blue 0, red 1
You now has white 2, yellow 1, white 1, blue 2, blue 5
MOVE: 0 0 None 1 1 None
intentional hints You about all their yellow cards hints remaining: 6
You has white 2, yellow 1, white 1, blue 2, blue 5
MOVE: 1 2 1 1 None None
You plays yellow 1 successfully! Board is now green 0, yellow 1, white 0, blue 0, red 1
You now has white 2, white 1, blue 2, blue 5, blue 4
MOVE: 0 0 None 1 2 None
intentional hints You about all their white cards hints remaining: 5
You has white 2, white 1, blue 2, blue 5, blue 4
MOVE: 1 2 1 1 None None
You plays white 1 successfully! Board is now green 0, yellow 1, white 1, blue 0, red 1
You now has white 2, blue 2, blue 5, blue 4, red 4
MOVE: 0 3 0 None None None
intentional discards green 4
trash is now green 4
intentional now has red 3, green 3, white 4, yellow 4, yellow 2
MOVE: 1 1 None 0 None 2
You hints intentional about all their 2 hints remaining: 5
intentional has red 3, green 3, white 4, yellow 4, yellow 2
MOVE: 0 3 0 None None None
intentional discards red 3
trash is now green 4, red 3
intentional now has green 3, white 4, yellow 4, yellow 2, yellow 1
MOVE: 1 0 None 0 1 None
You hints intentional about all their yellow cards hints remaining: 5
intentional has green 3, white 4, yellow 4, yellow 2, yellow 1
MOVE: 0 2 3 None None None
intentional plays yellow 2 successfully! Board is now green 0, yellow 2, white 1, blue 0, red 1
intentional now has green 3, white 4, yellow 4, yellow 1, yellow 1
MOVE: 1 1 None 0 None 1
You hints intentional about all their 1 hints remaining: 4
intentional has green 3, white 4, yellow 4, yellow 1, yellow 1
MOVE: 0 3 3 None None None
intentional discards yellow 1
trash is now green 4, red 3, yellow 1
intentional now has green 3, white 4, yellow 4, yellow 1, yellow 4
MOVE: 1 0 None 0 1 None
You hints intentional about all their yellow cards hints remaining: 4
intentional has green 3, white 4, yellow 4, yellow 1, yellow 4
MOVE: 0 3 3 None None None
intentional discards yellow 1
trash is now green 4, red 3, yellow 1, yellow 1
intentional now has green 3, white 4, yellow 4, yellow 4, red 2
MOVE: 1 1 None 0 None 2
You hints intentional about all their 2 hints remaining: 4
intentional has green 3, white 4, yellow 4, yellow 4, red 2
MOVE: 0 3 4 None None None
intentional discards red 2
trash is now green 4, red 3, yellow 1, yellow 1, red 2
intentional now has green 3, white 4, yellow 4, yellow 4, blue 1
MOVE: 1 1 None 0 None 1
You hints intentional about all their 1 hints remaining: 4
intentional has green 3, white 4, yellow 4, yellow 4, blue 1
MOVE: 0 3 0 None None None
intentional discards green 3
trash is now green 4, red 3, yellow 1, yellow 1, red 2, green 3
intentional now has white 4, yellow 4, yellow 4, blue 1, blue 1
MOVE: 1 1 None 0 None 1
You hints intentional about all their 1 hints remaining: 4
intentional has white 4, yellow 4, yellow 4, blue 1, blue 1
MOVE: 0 3 3 None None None
intentional discards blue 1
trash is now green 4, red 3, yellow 1, yellow 1, red 2, green 3, blue 1
intentional now has white 4, yellow 4, yellow 4, blue 1, blue 4
MOVE: 1 2 4 1 None None
You plays red 4 and fails. Board was green 0, yellow 2, white 1, blue 0, red 1
You now has white 2, blue 2, blue 5, blue 4, white 4
MOVE: 0 3 4 None None None
intentional discards blue 4
trash is now green 4, red 3, yellow 1, yellow 1, red 2, green 3, blue 1, red 4, blue 4
intentional now has white 4, yellow 4, yellow 4, blue 1, red 5
MOVE: 1 2 4 1 None None
You plays white 4 and fails. Board was green 0, yellow 2, white 1, blue 0, red 1
You now has white 2, blue 2, blue 5, blue 4, blue 1
MOVE: 0 1 None 1 None 1
intentional hints You about all their 1 hints remaining: 5
You has white 2, blue 2, blue 5, blue 4, blue 1
MOVE: 1 2 4 1 None None
You plays blue 1 successfully! Board is now green 0, yellow 2, white 1, blue 1, red 1
You now has white 2, blue 2, blue 5, blue 4, white 1
MOVE: 0 1 None 1 None 2
intentional hints You about all their 2 hints remaining: 4
You has white 2, blue 2, blue 5, blue 4, white 1
MOVE: 1 2 4 1 None None
You plays white 1 and fails. Board was green 0, yellow 2, white 1, blue 1, red 1
You now has white 2, blue 2, blue 5, blue 4, blue 3
Score 5
