Old GID: 5f101af635a5efd6
Treatment: ('outer', 7291)
[(2, 3), (1, 1), (3, 2), (4, 3), (1, 4), (0, 4), (4, 3), (2, 1), (0, 3), (2, 4), (4, 2), (3, 1), (3, 1), (2, 5), (3, 2), (2, 4), (4, 4), (4, 2), (0, 3), (0, 2), (4, 1), (3, 1), (1, 4), (0, 1), (0, 1), (3, 3), (3, 4), (4, 1), (1, 1), (2, 2), (2, 3), (0, 5), (3, 5), (1, 2), (4, 1), (4, 5), (2, 2), (2, 1), (0, 4), (1, 3)]
MOVE: 0 0 None 1 1 None
outer hints You about all their yellow cards hints remaining: 7
You has yellow 1, green 2, blue 3, yellow 2, yellow 5
MOVE: 1 1 None 0 None 1
You hints outer about all their 1 hints remaining: 6
outer has red 4, blue 4, green 1, yellow 3, white 1
MOVE: 0 2 2 None None None
outer plays green 1 successfully! Board is now green 1, yellow 0, white 0, blue 0, red 0
outer now has red 4, blue 4, yellow 3, white 1, white 3
MOVE: 1 2 3 1 None None
You plays yellow 2 and fails. Board was green 1, yellow 0, white 0, blue 0, red 0
You now has yellow 1, green 2, blue 3, yellow 5, yellow 1
MOVE: 0 1 None 1 None 2
outer hints You about all their 2 hints remaining: 5
You has yellow 1, green 2, blue 3, yellow 5, yellow 1
MOVE: 1 2 0 1 None None
You plays yellow 1 successfully! Board is now green 1, yellow 1, white 0, blue 0, red 0
You now has green 2, blue 3, yellow 5, yellow 1, blue 2
MOVE: 0 0 None 1 0 None
outer hints You about all their green cards hints remaining: 4
You has green 2, blue 3, yellow 5, yellow 1, blue 2
MOVE: 1 2 2 1 None None
You plays yellow 5 and fails. Board was green 1, yellow 1, white 0, blue 0, red 0
You now has green 2, blue 3, yellow 1, blue 2, red 3
MOVE: 0 1 None 1 None 1
outer hints You about all their 1 hints remaining: 3
You has green 2, blue 3, yellow 1, blue 2, red 3
MOVE: 1 2 2 1 None None
You plays yellow 1 and fails. Board was green 1, yellow 1, white 0, blue 0, red 0
You now has green 2, blue 3, blue 2, red 3, yellow 4
Score 2
