Old GID: 6431b75e2b0a8a13
Treatment: ('full', 22)
[(0, 1), (4, 3), (1, 1), (3, 3), (2, 5), (2, 1), (4, 1), (2, 3), (3, 1), (3, 1), (3, 5), (2, 3), (1, 2), (2, 4), (1, 5), (3, 2), (1, 3), (2, 2), (4, 2), (4, 1), (1, 4), (4, 2), (4, 5), (3, 3), (3, 1), (2, 2), (3, 2), (2, 1), (1, 1), (3, 4), (0, 5), (3, 4), (1, 2), (2, 4), (0, 3), (0, 4), (4, 3), (0, 1), (0, 3), (4, 4)]
MOVE: 0 1 None 1 None 1
full hints You about all their 1 hints remaining: 7
You has green 2, red 4, red 1, green 2, green 1
MOVE: 1 1 None 0 None 1
You hints full about all their 1 hints remaining: 6
full has green 4, yellow 1, yellow 4, yellow 3, white 1
MOVE: 0 2 1 None None None
full plays yellow 1 successfully! Board is now green 0, yellow 1, white 0, blue 0, red 0
full now has green 4, yellow 4, yellow 3, white 1, green 1
MOVE: 1 2 2 1 None None
You plays red 1 successfully! Board is now green 0, yellow 1, white 0, blue 0, red 1
You now has green 2, red 4, green 2, green 1, red 3
MOVE: 0 0 None 1 0 None
full hints You about all their green cards hints remaining: 5
You has green 2, red 4, green 2, green 1, red 3
MOVE: 1 2 3 1 None None
You plays green 1 successfully! Board is now green 1, yellow 1, white 0, blue 0, red 1
You now has green 2, red 4, green 2, red 3, yellow 1
MOVE: 0 1 None 1 None 2
full hints You about all their 2 hints remaining: 4
You has green 2, red 4, green 2, red 3, yellow 1
MOVE: 1 0 None 0 2 None
You hints full about all their white cards hints remaining: 3
full has green 4, yellow 4, yellow 3, white 1, green 1
MOVE: 0 2 3 None None None
full plays white 1 successfully! Board is now green 1, yellow 1, white 1, blue 0, red 1
full now has green 4, yellow 4, yellow 3, green 1, blue 3
MOVE: 1 2 2 1 None None
You plays green 2 successfully! Board is now green 2, yellow 1, white 1, blue 0, red 1
You now has green 2, red 4, red 3, yellow 1, white 5
MOVE: 0 0 None 1 1 None
full hints You about all their yellow cards hints remaining: 2
You has green 2, red 4, red 3, yellow 1, white 5
MOVE: 1 3 0 1 None None
You discards green 2
trash is now green 2
You now has red 4, red 3, yellow 1, white 5, white 1
MOVE: 0 0 None 1 4 None
full hints You about all their red cards hints remaining: 2
You has red 4, red 3, yellow 1, white 5, white 1
MOVE: 1 2 2 1 None None
You plays yellow 1 and fails. Board was green 2, yellow 1, white 1, blue 0, red 1
You now has red 4, red 3, white 5, white 1, red 1
MOVE: 0 3 4 None None None
full discards blue 3
trash is now green 2, yellow 1, blue 3
full now has green 4, yellow 4, yellow 3, green 1, white 3
MOVE: 1 2 1 1 None None
You plays red 3 and fails. Board was green 2, yellow 1, white 1, blue 0, red 1
You now has red 4, white 5, white 1, red 1, blue 1
MOVE: 0 0 None 1 3 None
full hints You about all their blue cards hints remaining: 2
You has red 4, white 5, white 1, red 1, blue 1
MOVE: 1 2 0 1 None None
You plays red 4 and fails. Board was green 2, yellow 1, white 1, blue 0, red 1
You now has white 5, white 1, red 1, blue 1, blue 1
Score 5
