Old GID: 43133363fa5ea6a5
Treatment: ('outer', 3092)
[(0, 1), (2, 2), (2, 4), (1, 1), (3, 3), (1, 5), (0, 3), (2, 3), (0, 5), (1, 2), (0, 2), (4, 2), (4, 4), (0, 4), (3, 1), (3, 3), (4, 4), (4, 1), (1, 1), (2, 4), (1, 2), (4, 1), (4, 3), (4, 5), (2, 1), (2, 5), (1, 4), (3, 4), (2, 3), (0, 3), (3, 1), (3, 2), (3, 1), (4, 2), (0, 1), (3, 4), (2, 1), (4, 1), (0, 4), (0, 1)]
MOVE: 0 0 None 1 1 None
outer hints You about all their yellow cards hints remaining: 7
You has yellow 1, blue 2, green 2, yellow 3, yellow 4
MOVE: 1 1 None 0 None 1
You hints outer about all their 1 hints remaining: 6
outer has white 2, white 1, yellow 3, blue 5, red 3
MOVE: 0 2 1 None None None
outer plays white 1 successfully! Board is now green 0, yellow 0, white 1, blue 0, red 0
outer now has white 2, yellow 3, blue 5, red 3, green 1
MOVE: 1 0 None 0 2 None
You hints outer about all their white cards hints remaining: 5
outer has white 2, yellow 3, blue 5, red 3, green 1
MOVE: 0 1 None 1 None 1
outer hints You about all their 1 hints remaining: 4
You has yellow 1, blue 2, green 2, yellow 3, yellow 4
MOVE: 1 2 4 1 None None
You plays yellow 4 and fails. Board was green 0, yellow 0, white 1, blue 0, red 0
You now has yellow 1, blue 2, green 2, yellow 3, white 2
MOVE: 0 0 None 1 2 None
outer hints You about all their white cards hints remaining: 3
You has yellow 1, blue 2, green 2, yellow 3, white 2
MOVE: 1 2 4 1 None None
You plays white 2 successfully! Board is now green 0, yellow 0, white 2, blue 0, red 0
You now has yellow 1, blue 2, green 2, yellow 3, white 4
MOVE: 0 0 None 1 3 None
outer hints You about all their blue cards hints remaining: 2
You has yellow 1, blue 2, green 2, yellow 3, white 4
MOVE: 1 2 4 1 None None
You plays white 4 and fails. Board was green 0, yellow 0, white 2, blue 0, red 0
You now has yellow 1, blue 2, green 2, yellow 3, yellow 1
MOVE: 0 0 None 1 1 None
outer hints You about all their yellow cards hints remaining: 1
You has yellow 1, blue 2, green 2, yellow 3, yellow 1
MOVE: 1 2 4 1 None None
You plays yellow 1 successfully! Board is now green 0, yellow 1, white 2, blue 0, red 0
You now has yellow 1, blue 2, green 2, yellow 3, blue 3
MOVE: 0 3 0 None None None
outer discards white 2
trash is now yellow 4, white 4, white 2
outer now has yellow 3, blue 5, red 3, green 1, yellow 5
MOVE: 1 2 4 1 None None
You plays blue 3 and fails. Board was green 0, yellow 1, white 2, blue 0, red 0
You now has yellow 1, blue 2, green 2, yellow 3, green 3
Score 3
