Old GID: 8b8dabb2466f4668
Treatment: ('full', 969)
[(0, 4), (1, 5), (3, 4), (2, 3), (3, 3), (0, 5), (2, 1), (2, 2), (4, 1), (2, 1), (2, 4), (4, 4), (3, 2), (0, 1), (1, 1), (0, 3), (4, 2), (2, 1), (0, 3), (1, 3), (4, 3), (4, 1), (2, 5), (0, 1), (4, 2), (1, 2), (4, 4), (3, 1), (3, 4), (3, 5), (1, 3), (1, 4), (2, 2), (0, 1), (3, 1), (1, 2), (3, 3), (2, 3), (3, 1), (1, 4)]
MOVE: 0 3 0 None None None
full discards yellow 1
trash is now yellow 1
full now has green 2, yellow 1, red 1, green 2, green 4
MOVE: 1 1 None 0 None 1
You hints full about all their 1 hints remaining: 7
full has green 2, yellow 1, red 1, green 2, green 4
MOVE: 0 2 1 None None None
full plays yellow 1 successfully! Board is now green 0, yellow 1, white 0, blue 0, red 0
full now has green 2, red 1, green 2, green 4, yellow 5
MOVE: 1 3 0 1 None None
You discards red 3
trash is now yellow 1, red 3
You now has green 4, blue 2, red 5, white 4, blue 4
MOVE: 0 3 4 None None None
full discards yellow 5
trash is now yellow 1, red 3, yellow 5
full now has green 2, red 1, green 2, green 4, white 3
MOVE: 1 0 None 0 4 None
You hints full about all their red cards hints remaining: 7
full has green 2, red 1, green 2, green 4, white 3
MOVE: 0 2 1 None None None
full plays red 1 successfully! Board is now green 0, yellow 1, white 0, blue 0, red 1
full now has green 2, green 2, green 4, white 3, blue 3
MOVE: 1 2 0 1 None None
You plays green 4 and fails. Board was green 0, yellow 1, white 0, blue 0, red 1
You now has blue 2, red 5, white 4, blue 4, green 5
MOVE: 0 3 3 None None None
full discards white 3
trash is now yellow 1, red 3, yellow 5, green 4, white 3
full now has green 2, green 2, green 4, blue 3, white 1
MOVE: 1 2 2 1 None None
You plays white 4 and fails. Board was green 0, yellow 1, white 0, blue 0, red 1
You now has blue 2, red 5, blue 4, green 5, white 2
MOVE: 0 3 3 None None None
full discards blue 3
trash is now yellow 1, red 3, yellow 5, green 4, white 3, white 4, blue 3
full now has green 2, green 2, green 4, white 1, red 1
MOVE: 1 2 3 1 None None
You plays green 5 and fails. Board was green 0, yellow 1, white 0, blue 0, red 1
You now has blue 2, red 5, blue 4, white 2, white 1
Score 2
