Old GID: 382587467dffb2fe
Treatment: ('intentional', 3065)
[(3, 2), (1, 4), (4, 4), (1, 2), (2, 4), (0, 1), (1, 4), (4, 3), (4, 2), (2, 2), (0, 3), (4, 2), (0, 4), (2, 4), (3, 2), (1, 3), (0, 5), (2, 3), (1, 1), (1, 5), (0, 1), (2, 1), (1, 1), (4, 5), (0, 2), (4, 1), (1, 1), (0, 1), (4, 1), (1, 3), (3, 1), (0, 2), (3, 4), (2, 1), (3, 1), (2, 1), (2, 5), (0, 4), (4, 1), (3, 1)]
MOVE: 0 3 0 None None None
intentional discards blue 3
trash is now blue 3
intentional now has yellow 2, blue 3, green 3, white 2, blue 2
MOVE: 1 3 0 1 None None
You discards red 4
trash is now blue 3, red 4
You now has blue 5, white 3, red 3, blue 4, yellow 4
MOVE: 0 3 0 None None None
intentional discards yellow 2
trash is now blue 3, red 4, yellow 2
intentional now has blue 3, green 3, white 2, blue 2, red 4
MOVE: 1 3 0 1 None None
You discards blue 5
trash is now blue 3, red 4, yellow 2, blue 5
You now has white 3, red 3, blue 4, yellow 4, yellow 2
MOVE: 0 3 0 None None None
intentional discards blue 3
trash is now blue 3, red 4, yellow 2, blue 5, blue 3
intentional now has green 3, white 2, blue 2, red 4, white 4
MOVE: 1 3 0 1 None None
You discards white 3
trash is now blue 3, red 4, yellow 2, blue 5, blue 3, white 3
You now has red 3, blue 4, yellow 4, yellow 2, green 1
MOVE: 0 0 None 1 0 None
intentional hints You about all their green cards hints remaining: 7
You has red 3, blue 4, yellow 4, yellow 2, green 1
MOVE: 1 2 4 1 None None
You plays green 1 successfully! Board is now green 1, yellow 0, white 0, blue 0, red 0
You now has red 3, blue 4, yellow 4, yellow 2, yellow 4
MOVE: 0 3 0 None None None
intentional discards green 3
trash is now blue 3, red 4, yellow 2, blue 5, blue 3, white 3, green 3
intentional now has white 2, blue 2, red 4, white 4, red 3
MOVE: 1 2 4 1 None None
You plays yellow 4 and fails. Board was green 1, yellow 0, white 0, blue 0, red 0
You now has red 3, blue 4, yellow 4, yellow 2, red 2
MOVE: 0 3 0 None None None
intentional discards white 2
trash is now blue 3, red 4, yellow 2, blue 5, blue 3, white 3, green 3, yellow 4, white 2
intentional now has blue 2, red 4, white 4, red 3, white 2
MOVE: 1 2 4 1 None None
You plays red 2 and fails. Board was green 1, yellow 0, white 0, blue 0, red 0
You now has red 3, blue 4, yellow 4, yellow 2, green 3
MOVE: 0 3 0 None None None
intentional discards blue 2
trash is now blue 3, red 4, yellow 2, blue 5, blue 3, white 3, green 3, yellow 4, white 2, red 2, blue 2
intentional now has red 4, white 4, red 3, white 2, red 2
MOVE: 1 2 4 1 None None
You plays green 3 and fails. Board was green 1, yellow 0, white 0, blue 0, red 0
You now has red 3, blue 4, yellow 4, yellow 2, green 4
Score 1
