Old GID: 6a7d888698098eae
Treatment: ('outer', 8358)
[(1, 3), (1, 1), (4, 4), (0, 3), (2, 2), (4, 3), (4, 2), (0, 2), (2, 4), (1, 4), (3, 1), (2, 3), (3, 2), (3, 3), (0, 4), (1, 2), (0, 1), (2, 2), (4, 1), (3, 4), (0, 1), (4, 3), (1, 1), (0, 4), (0, 2), (3, 5), (1, 3), (3, 1), (4, 1), (3, 4), (2, 1), (1, 1), (3, 2), (4, 2), (4, 1), (4, 5), (3, 3), (0, 5), (2, 5), (0, 3)]
MOVE: 0 1 None 1 None 1
outer hints You about all their 1 hints remaining: 7
You has white 3, yellow 4, white 4, red 4, white 1
MOVE: 1 1 None 0 None 1
You hints outer about all their 1 hints remaining: 6
outer has yellow 5, white 1, green 1, blue 1, yellow 2
MOVE: 0 2 1 None None None
outer plays white 1 successfully! Board is now green 0, yellow 0, white 1, blue 0, red 0
outer now has yellow 5, green 1, blue 1, yellow 2, yellow 3
MOVE: 1 2 4 1 None None
You plays white 1 and fails. Board was green 0, yellow 0, white 1, blue 0, red 0
You now has white 3, yellow 4, white 4, red 4, yellow 1
MOVE: 0 0 None 1 1 None
outer hints You about all their yellow cards hints remaining: 5
You has white 3, yellow 4, white 4, red 4, yellow 1
MOVE: 1 2 4 1 None None
You plays yellow 1 successfully! Board is now green 0, yellow 1, white 1, blue 0, red 0
You now has white 3, yellow 4, white 4, red 4, red 4
MOVE: 0 1 None 1 None 4
outer hints You about all their 4 hints remaining: 4
You has white 3, yellow 4, white 4, red 4, red 4
MOVE: 1 0 None 0 0 None
You hints outer about all their green cards hints remaining: 3
outer has yellow 5, green 1, blue 1, yellow 2, yellow 3
MOVE: 0 2 1 None None None
outer plays green 1 successfully! Board is now green 1, yellow 1, white 1, blue 0, red 0
outer now has yellow 5, blue 1, yellow 2, yellow 3, green 3
MOVE: 1 0 None 0 3 None
You hints outer about all their blue cards hints remaining: 2
outer has yellow 5, blue 1, yellow 2, yellow 3, green 3
MOVE: 0 2 1 None None None
outer plays blue 1 successfully! Board is now green 1, yellow 1, white 1, blue 1, red 0
outer now has yellow 5, yellow 2, yellow 3, green 3, white 2
MOVE: 1 0 None 0 2 None
You hints outer about all their white cards hints remaining: 1
outer has yellow 5, yellow 2, yellow 3, green 3, white 2
MOVE: 0 0 None 1 4 None
outer hints You about all their red cards hints remaining: 0
You has white 3, yellow 4, white 4, red 4, red 4
MOVE: 1 2 4 1 None None
You plays red 4 and fails. Board was green 1, yellow 1, white 1, blue 1, red 0
You now has white 3, yellow 4, white 4, red 4, red 3
MOVE: 0 3 1 None None None
outer discards yellow 2
trash is now white 1, red 4, yellow 2
outer now has yellow 5, yellow 3, green 3, white 2, red 2
MOVE: 1 2 4 1 None None
You plays red 3 and fails. Board was green 1, yellow 1, white 1, blue 1, red 0
You now has white 3, yellow 4, white 4, red 4, green 2
Score 4
