Old GID: 58e1605e456e1792
Treatment: ('outer', 5573)
[(0, 3), (2, 3), (0, 4), (2, 5), (3, 1), (4, 3), (1, 2), (1, 1), (1, 2), (0, 1), (2, 1), (2, 1), (4, 1), (0, 3), (3, 1), (1, 1), (3, 1), (2, 4), (4, 2), (1, 5), (4, 5), (3, 4), (0, 2), (0, 1), (0, 1), (3, 3), (3, 2), (2, 3), (4, 1), (3, 3), (3, 5), (4, 2), (2, 2), (3, 2), (0, 4), (2, 2), (1, 3), (0, 5), (4, 4), (1, 4)]
MOVE: 0 0 None 1 2 None
outer hints You about all their white cards hints remaining: 7
You has red 4, yellow 4, white 1, red 1, white 4
MOVE: 1 2 2 1 None None
You plays white 1 successfully! Board is now green 0, yellow 0, white 1, blue 0, red 0
You now has red 4, yellow 4, red 1, white 4, green 3
MOVE: 0 0 None 1 4 None
outer hints You about all their red cards hints remaining: 6
You has red 4, yellow 4, red 1, white 4, green 3
MOVE: 1 2 0 1 None None
You plays red 4 and fails. Board was green 0, yellow 0, white 1, blue 0, red 0
You now has yellow 4, red 1, white 4, green 3, white 3
MOVE: 0 1 None 1 None 1
outer hints You about all their 1 hints remaining: 5
You has yellow 4, red 1, white 4, green 3, white 3
MOVE: 1 1 None 0 None 1
You hints outer about all their 1 hints remaining: 4
outer has red 3, green 2, yellow 3, yellow 1, blue 4
MOVE: 0 3 0 None None None
outer discards red 3
trash is now red 4, red 3
outer now has green 2, yellow 3, yellow 1, blue 4, green 4
MOVE: 1 0 None 0 1 None
You hints outer about all their yellow cards hints remaining: 4
outer has green 2, yellow 3, yellow 1, blue 4, green 4
MOVE: 0 2 2 None None None
outer plays yellow 1 successfully! Board is now green 0, yellow 1, white 1, blue 0, red 0
outer now has green 2, yellow 3, blue 4, green 4, white 5
MOVE: 1 2 1 1 None None
You plays red 1 successfully! Board is now green 0, yellow 1, white 1, blue 0, red 1
You now has yellow 4, white 4, green 3, white 3, blue 1
MOVE: 0 1 None 1 None 1
outer hints You about all their 1 hints remaining: 3
You has yellow 4, white 4, green 3, white 3, blue 1
MOVE: 1 2 4 1 None None
You plays blue 1 successfully! Board is now green 0, yellow 1, white 1, blue 1, red 1
You now has yellow 4, white 4, green 3, white 3, red 3
MOVE: 0 1 None 1 None 4
outer hints You about all their 4 hints remaining: 2
You has yellow 4, white 4, green 3, white 3, red 3
MOVE: 1 3 2 1 None None
You discards green 3
trash is now red 4, red 3, green 3
You now has yellow 4, white 4, white 3, red 3, yellow 2
MOVE: 0 1 None 1 None 2
outer hints You about all their 2 hints remaining: 2
You has yellow 4, white 4, white 3, red 3, yellow 2
MOVE: 1 2 4 1 None None
You plays yellow 2 successfully! Board is now green 0, yellow 2, white 1, blue 1, red 1
You now has yellow 4, white 4, white 3, red 3, yellow 1
MOVE: 0 0 None 1 1 None
outer hints You about all their yellow cards hints remaining: 1
You has yellow 4, white 4, white 3, red 3, yellow 1
MOVE: 1 2 4 1 None None
You plays yellow 1 and fails. Board was green 0, yellow 2, white 1, blue 1, red 1
You now has yellow 4, white 4, white 3, red 3, yellow 2
MOVE: 0 0 None 1 1 None
outer hints You about all their yellow cards hints remaining: 0
You has yellow 4, white 4, white 3, red 3, yellow 2
MOVE: 1 2 4 1 None None
You plays yellow 2 and fails. Board was green 0, yellow 2, white 1, blue 1, red 1
You now has yellow 4, white 4, white 3, red 3, green 1
Score 5
