Old GID: f950ab1f6dd8ef2a
Treatment: ('outer', 4258)
[(0, 3), (2, 2), (2, 1), (0, 1), (0, 2), (3, 3), (2, 2), (3, 1), (4, 3), (0, 3), (3, 5), (0, 2), (2, 3), (2, 4), (3, 4), (4, 5), (0, 4), (1, 3), (0, 4), (4, 2), (4, 1), (4, 4), (3, 2), (4, 1), (4, 1), (0, 1), (3, 1), (4, 3), (2, 1), (1, 2), (1, 2), (1, 1), (3, 2), (4, 4), (1, 3), (1, 1), (1, 5), (2, 3), (1, 4), (2, 4)]
MOVE: 0 1 None 1 None 1
outer hints You about all their 1 hints remaining: 7
You has white 5, green 1, white 1, blue 4, yellow 4
MOVE: 1 2 2 1 None None
You plays white 1 successfully! Board is now green 0, yellow 0, white 1, blue 0, red 0
You now has white 5, green 1, blue 4, yellow 4, green 3
MOVE: 0 0 None 1 0 None
outer hints You about all their green cards hints remaining: 6
You has white 5, green 1, blue 4, yellow 4, green 3
MOVE: 1 1 None 0 None 1
You hints outer about all their 1 hints remaining: 5
outer has blue 3, red 2, green 5, yellow 1, blue 1
MOVE: 0 3 2 None None None
outer discards green 5
trash is now green 5
outer now has blue 3, red 2, yellow 1, blue 1, white 2
MOVE: 1 2 1 1 None None
You plays green 1 successfully! Board is now green 1, yellow 0, white 1, blue 0, red 0
You now has white 5, blue 4, yellow 4, green 3, white 1
MOVE: 0 0 None 1 2 None
outer hints You about all their white cards hints remaining: 5
You has white 5, blue 4, yellow 4, green 3, white 1
MOVE: 1 0 None 0 2 None
You hints outer about all their white cards hints remaining: 4
outer has blue 3, red 2, yellow 1, blue 1, white 2
MOVE: 0 1 None 1 None 1
outer hints You about all their 1 hints remaining: 3
You has white 5, blue 4, yellow 4, green 3, white 1
MOVE: 1 3 4 1 None None
You discards white 1
trash is now green 5, white 1
You now has white 5, blue 4, yellow 4, green 3, green 1
MOVE: 0 1 None 1 None 4
outer hints You about all their 4 hints remaining: 3
You has white 5, blue 4, yellow 4, green 3, green 1
MOVE: 1 0 None 0 3 None
You hints outer about all their blue cards hints remaining: 2
outer has blue 3, red 2, yellow 1, blue 1, white 2
MOVE: 0 2 3 None None None
outer plays blue 1 successfully! Board is now green 1, yellow 0, white 1, blue 1, red 0
outer now has blue 3, red 2, yellow 1, white 2, green 2
MOVE: 1 1 None 0 None 2
You hints outer about all their 2 hints remaining: 1
outer has blue 3, red 2, yellow 1, white 2, green 2
MOVE: 0 2 3 None None None
outer plays white 2 successfully! Board is now green 1, yellow 0, white 2, blue 1, red 0
outer now has blue 3, red 2, yellow 1, green 2, blue 3
MOVE: 1 0 None 0 1 None
You hints outer about all their yellow cards hints remaining: 0
outer has blue 3, red 2, yellow 1, green 2, blue 3
MOVE: 0 2 2 None None None
outer plays yellow 1 successfully! Board is now green 1, yellow 1, white 2, blue 1, red 0
outer now has blue 3, red 2, green 2, blue 3, white 2
MOVE: 1 3 0 1 None None
You discards white 5
trash is now green 5, white 1, white 5
You now has blue 4, yellow 4, green 3, green 1, blue 1
MOVE: 0 1 None 1 None 4
outer hints You about all their 4 hints remaining: 0
You has blue 4, yellow 4, green 3, green 1, blue 1
MOVE: 1 3 1 1 None None
You discards yellow 4
trash is now green 5, white 1, white 5, yellow 4
You now has blue 4, green 3, green 1, blue 1, red 3
MOVE: 0 0 None 1 4 None
outer hints You about all their red cards hints remaining: 0
You has blue 4, green 3, green 1, blue 1, red 3
MOVE: 1 2 4 1 None None
You plays red 3 and fails. Board was green 1, yellow 1, white 2, blue 1, red 0
You now has blue 4, green 3, green 1, blue 1, green 3
MOVE: 0 3 1 None None None
outer discards red 2
trash is now green 5, white 1, white 5, yellow 4, red 3, red 2
outer now has blue 3, green 2, blue 3, white 2, blue 5
MOVE: 1 0 None 0 0 None
You hints outer about all their green cards hints remaining: 0
outer has blue 3, green 2, blue 3, white 2, blue 5
MOVE: 0 2 1 None None None
outer plays green 2 successfully! Board is now green 2, yellow 1, white 2, blue 1, red 0
outer now has blue 3, blue 3, white 2, blue 5, green 2
MOVE: 1 2 1 1 None None
You plays green 3 successfully! Board is now green 3, yellow 1, white 2, blue 1, red 0
You now has blue 4, green 1, blue 1, green 3, white 3
MOVE: 0 3 4 None None None
outer discards green 2
trash is now green 5, white 1, white 5, yellow 4, red 3, red 2, green 2
outer now has blue 3, blue 3, white 2, blue 5, white 4
MOVE: 1 0 None 0 3 None
You hints outer about all their blue cards hints remaining: 0
outer has blue 3, blue 3, white 2, blue 5, white 4
MOVE: 0 3 1 None None None
outer discards blue 3
trash is now green 5, white 1, white 5, yellow 4, red 3, red 2, green 2, blue 3
outer now has blue 3, white 2, blue 5, white 4, blue 4
MOVE: 1 3 2 1 None None
You discards blue 1
trash is now green 5, white 1, white 5, yellow 4, red 3, red 2, green 2, blue 3, blue 1
You now has blue 4, green 1, green 3, white 3, red 5
MOVE: 0 1 None 1 None 3
outer hints You about all their 3 hints remaining: 1
You has blue 4, green 1, green 3, white 3, red 5
MOVE: 1 2 2 1 None None
You plays green 3 and fails. Board was green 3, yellow 1, white 2, blue 1, red 0
You now has blue 4, green 1, white 3, red 5, green 4
MOVE: 0 0 None 1 0 None
outer hints You about all their green cards hints remaining: 0
You has blue 4, green 1, white 3, red 5, green 4
MOVE: 1 2 4 1 None None
You plays green 4 successfully! Board is now green 4, yellow 1, white 2, blue 1, red 0
You now has blue 4, green 1, white 3, red 5, yellow 3
MOVE: 0 3 1 None None None
outer discards white 2
trash is now green 5, white 1, white 5, yellow 4, red 3, red 2, green 2, blue 3, blue 1, green 3, white 2
outer now has blue 3, blue 5, white 4, blue 4, green 4
MOVE: 1 2 2 1 None None
You plays white 3 successfully! Board is now green 4, yellow 1, white 3, blue 1, red 0
You now has blue 4, green 1, red 5, yellow 3, red 2
MOVE: 0 1 None 1 None 2
outer hints You about all their 2 hints remaining: 0
You has blue 4, green 1, red 5, yellow 3, red 2
MOVE: 1 2 4 1 None None
You plays red 2 and fails. Board was green 4, yellow 1, white 3, blue 1, red 0
You now has blue 4, green 1, red 5, yellow 3, red 1
Score 9
