Old GID: 01a5c7c849fcd2e9
Treatment: ('full', 799)
[(1, 2), (1, 1), (1, 1), (0, 3), (1, 3), (2, 2), (1, 2), (3, 3), (2, 1), (4, 4), (2, 1), (4, 1), (3, 2), (3, 3), (4, 3), (0, 5), (1, 5), (3, 2), (2, 4), (4, 2), (1, 1), (4, 4), (2, 3), (4, 5), (2, 4), (3, 1), (3, 1), (0, 1), (2, 3), (0, 3), (3, 1), (1, 3), (3, 5), (4, 3), (0, 1), (0, 4), (0, 1), (1, 4), (4, 1), (4, 2)]
MOVE: 0 1 None 1 None 1
full hints You about all their 1 hints remaining: 7
You has green 4, white 1, red 1, green 2, white 5
MOVE: 1 2 1 1 None None
You plays white 1 successfully! Board is now green 0, yellow 0, white 1, blue 0, red 0
You now has green 4, red 1, green 2, white 5, yellow 2
MOVE: 0 0 None 1 4 None
full hints You about all their red cards hints remaining: 6
You has green 4, red 1, green 2, white 5, yellow 2
MOVE: 1 2 1 1 None None
You plays red 1 successfully! Board is now green 0, yellow 0, white 1, blue 0, red 1
You now has green 4, green 2, white 5, yellow 2, yellow 1
MOVE: 0 1 None 1 None 1
full hints You about all their 1 hints remaining: 5
You has green 4, green 2, white 5, yellow 2, yellow 1
MOVE: 1 0 None 0 2 None
You hints full about all their white cards hints remaining: 4
full has white 2, blue 4, blue 4, yellow 4, green 2
MOVE: 0 2 0 None None None
full plays white 2 successfully! Board is now green 0, yellow 0, white 2, blue 0, red 1
full now has blue 4, blue 4, yellow 4, green 2, yellow 1
MOVE: 1 1 None 0 None 1
You hints full about all their 1 hints remaining: 3
full has blue 4, blue 4, yellow 4, green 2, yellow 1
MOVE: 0 2 4 None None None
full plays yellow 1 successfully! Board is now green 0, yellow 1, white 2, blue 0, red 1
full now has blue 4, blue 4, yellow 4, green 2, green 3
MOVE: 1 2 4 1 None None
You plays yellow 1 and fails. Board was green 0, yellow 1, white 2, blue 0, red 1
You now has green 4, green 2, white 5, yellow 2, yellow 3
MOVE: 0 3 4 None None None
full discards green 3
trash is now yellow 1, green 3
full now has blue 4, blue 4, yellow 4, green 2, white 2
MOVE: 1 3 0 1 None None
You discards green 4
trash is now yellow 1, green 3, green 4
You now has green 2, white 5, yellow 2, yellow 3, yellow 2
MOVE: 0 3 4 None None None
full discards white 2
trash is now yellow 1, green 3, green 4, white 2
full now has blue 4, blue 4, yellow 4, green 2, blue 3
MOVE: 1 1 None 0 None 4
You hints full about all their 4 hints remaining: 5
full has blue 4, blue 4, yellow 4, green 2, blue 3
MOVE: 0 3 0 None None None
full discards blue 4
trash is now yellow 1, green 3, green 4, white 2, blue 4
full now has blue 4, yellow 4, green 2, blue 3, white 1
MOVE: 1 0 None 0 3 None
You hints full about all their blue cards hints remaining: 5
full has blue 4, yellow 4, green 2, blue 3, white 1
MOVE: 0 2 3 None None None
full plays blue 3 and fails. Board was green 0, yellow 1, white 2, blue 0, red 1
full now has blue 4, yellow 4, green 2, white 1, red 4
MOVE: 1 3 0 1 None None
You discards green 2
trash is now yellow 1, green 3, green 4, white 2, blue 4, blue 3, green 2
You now has white 5, yellow 2, yellow 3, yellow 2, white 1
MOVE: 0 1 None 1 None 2
full hints You about all their 2 hints remaining: 5
You has white 5, yellow 2, yellow 3, yellow 2, white 1
MOVE: 1 2 3 1 None None
You plays yellow 2 successfully! Board is now green 0, yellow 2, white 2, blue 0, red 1
You now has white 5, yellow 2, yellow 3, white 1, red 1
MOVE: 0 0 None 1 1 None
full hints You about all their yellow cards hints remaining: 4
You has white 5, yellow 2, yellow 3, white 1, red 1
MOVE: 1 2 2 1 None None
You plays yellow 3 successfully! Board is now green 0, yellow 3, white 2, blue 0, red 1
You now has white 5, yellow 2, white 1, red 1, blue 2
MOVE: 0 3 3 None None None
full discards white 1
trash is now yellow 1, green 3, green 4, white 2, blue 4, blue 3, green 2, white 1
full now has blue 4, yellow 4, green 2, red 4, blue 3
MOVE: 1 0 None 0 1 None
You hints full about all their yellow cards hints remaining: 4
full has blue 4, yellow 4, green 2, red 4, blue 3
MOVE: 0 2 1 None None None
full plays yellow 4 successfully! Board is now green 0, yellow 4, white 2, blue 0, red 1
full now has blue 4, green 2, red 4, blue 3, red 3
MOVE: 1 0 None 0 0 None
You hints full about all their green cards hints remaining: 3
full has blue 4, green 2, red 4, blue 3, red 3
MOVE: 0 3 4 None None None
full discards red 3
trash is now yellow 1, green 3, green 4, white 2, blue 4, blue 3, green 2, white 1, red 3
full now has blue 4, green 2, red 4, blue 3, green 5
MOVE: 1 1 None 0 None 2
You hints full about all their 2 hints remaining: 3
full has blue 4, green 2, red 4, blue 3, green 5
MOVE: 0 3 4 None None None
full discards green 5
trash is now yellow 1, green 3, green 4, white 2, blue 4, blue 3, green 2, white 1, red 3, green 5
full now has blue 4, green 2, red 4, blue 3, yellow 5
MOVE: 1 1 None 0 None 2
You hints full about all their 2 hints remaining: 3
full has blue 4, green 2, red 4, blue 3, yellow 5
MOVE: 0 3 4 None None None
full discards yellow 5
trash is now yellow 1, green 3, green 4, white 2, blue 4, blue 3, green 2, white 1, red 3, green 5, yellow 5
full now has blue 4, green 2, red 4, blue 3, blue 2
MOVE: 1 3 1 1 None None
You discards yellow 2
trash is now yellow 1, green 3, green 4, white 2, blue 4, blue 3, green 2, white 1, red 3, green 5, yellow 5, yellow 2
You now has white 5, white 1, red 1, blue 2, white 4
MOVE: 0 1 None 1 None 4
full hints You about all their 4 hints remaining: 4
You has white 5, white 1, red 1, blue 2, white 4
MOVE: 1 3 0 1 None None
You discards white 5
trash is now yellow 1, green 3, green 4, white 2, blue 4, blue 3, green 2, white 1, red 3, green 5, yellow 5, yellow 2, white 5
You now has white 1, red 1, blue 2, white 4, red 2
MOVE: 0 3 4 None None None
full discards blue 2
trash is now yellow 1, green 3, green 4, white 2, blue 4, blue 3, green 2, white 1, red 3, green 5, yellow 5, yellow 2, white 5, blue 2
full now has blue 4, green 2, red 4, blue 3, yellow 1
MOVE: 1 3 0 1 None None
You discards white 1
trash is now yellow 1, green 3, green 4, white 2, blue 4, blue 3, green 2, white 1, red 3, green 5, yellow 5, yellow 2, white 5, blue 2, white 1
You now has red 1, blue 2, white 4, red 2, red 4
MOVE: 0 1 None 1 None 4
full hints You about all their 4 hints remaining: 6
You has red 1, blue 2, white 4, red 2, red 4
MOVE: 1 0 None 0 1 None
You hints full about all their yellow cards hints remaining: 5
full has blue 4, green 2, red 4, blue 3, yellow 1
MOVE: 0 2 4 None None None
full plays yellow 1 and fails. Board was green 0, yellow 4, white 2, blue 0, red 1
full now has blue 4, green 2, red 4, blue 3, white 3
Score 7
