Old GID: db16ef8140c3c4f2
Treatment: ('full', 2414)
[(2, 1), (3, 1), (0, 1), (3, 3), (1, 2), (3, 4), (4, 4), (3, 1), (3, 1), (3, 4), (2, 5), (4, 2), (0, 1), (0, 2), (4, 3), (1, 4), (2, 3), (3, 2), (3, 5), (4, 1), (0, 5), (0, 1), (2, 2), (1, 3), (2, 1), (1, 1), (1, 1), (0, 4), (2, 4), (0, 2), (4, 1), (3, 2), (4, 3), (2, 1), (1, 1), (1, 2), (1, 5), (2, 2), (4, 4), (4, 1)]
MOVE: 0 3 0 None None None
full discards blue 3
trash is now blue 3
full now has white 4, yellow 3, white 3, yellow 4, white 1
MOVE: 1 1 None 0 None 1
You hints full about all their 1 hints remaining: 7
full has white 4, yellow 3, white 3, yellow 4, white 1
MOVE: 0 2 4 None None None
full plays white 1 successfully! Board is now green 0, yellow 0, white 1, blue 0, red 0
full now has white 4, yellow 3, white 3, yellow 4, blue 1
MOVE: 1 1 None 0 None 1
You hints full about all their 1 hints remaining: 6
full has white 4, yellow 3, white 3, yellow 4, blue 1
MOVE: 0 2 4 None None None
full plays blue 1 successfully! Board is now green 0, yellow 0, white 1, blue 1, red 0
full now has white 4, yellow 3, white 3, yellow 4, green 1
MOVE: 1 1 None 0 None 1
You hints full about all their 1 hints remaining: 5
full has white 4, yellow 3, white 3, yellow 4, green 1
MOVE: 0 2 4 None None None
full plays green 1 successfully! Board is now green 1, yellow 0, white 1, blue 1, red 0
full now has white 4, yellow 3, white 3, yellow 4, blue 3
MOVE: 1 3 3 1 None None
You discards green 3
trash is now blue 3, green 3
You now has red 5, red 2, green 3, green 4, yellow 2
MOVE: 0 3 4 None None None
full discards blue 3
trash is now blue 3, green 3, blue 3
full now has white 4, yellow 3, white 3, yellow 4, blue 4
MOVE: 1 1 None 0 None 4
You hints full about all their 4 hints remaining: 6
full has white 4, yellow 3, white 3, yellow 4, blue 4
MOVE: 0 3 0 None None None
full discards white 4
trash is now blue 3, green 3, blue 3, white 4
full now has yellow 3, white 3, yellow 4, blue 4, red 4
MOVE: 1 1 None 0 None 3
You hints full about all their 3 hints remaining: 6
full has yellow 3, white 3, yellow 4, blue 4, red 4
MOVE: 0 3 2 None None None
full discards yellow 4
trash is now blue 3, green 3, blue 3, white 4, yellow 4
full now has yellow 3, white 3, blue 4, red 4, blue 1
MOVE: 1 0 None 0 3 None
You hints full about all their blue cards hints remaining: 6
full has yellow 3, white 3, blue 4, red 4, blue 1
MOVE: 0 2 4 None None None
full plays blue 1 and fails. Board was green 1, yellow 0, white 1, blue 1, red 0
full now has yellow 3, white 3, blue 4, red 4, blue 1
MOVE: 1 3 2 1 None None
You discards green 3
trash is now blue 3, green 3, blue 3, white 4, yellow 4, blue 1, green 3
You now has red 5, red 2, green 4, yellow 2, blue 4
MOVE: 0 3 0 None None None
full discards yellow 3
trash is now blue 3, green 3, blue 3, white 4, yellow 4, blue 1, green 3, yellow 3
full now has white 3, blue 4, red 4, blue 1, white 5
MOVE: 1 3 3 1 None None
You discards yellow 2
trash is now blue 3, green 3, blue 3, white 4, yellow 4, blue 1, green 3, yellow 3, yellow 2
You now has red 5, red 2, green 4, blue 4, red 2
MOVE: 0 3 1 None None None
full discards blue 4
trash is now blue 3, green 3, blue 3, white 4, yellow 4, blue 1, green 3, yellow 3, yellow 2, blue 4
full now has white 3, red 4, blue 1, white 5, green 1
MOVE: 1 3 0 1 None None
You discards red 5
trash is now blue 3, green 3, blue 3, white 4, yellow 4, blue 1, green 3, yellow 3, yellow 2, blue 4, red 5
You now has red 2, green 4, blue 4, red 2, green 2
MOVE: 0 3 2 None None None
full discards blue 1
trash is now blue 3, green 3, blue 3, white 4, yellow 4, blue 1, green 3, yellow 3, yellow 2, blue 4, red 5, blue 1
full now has white 3, red 4, white 5, green 1, red 3
MOVE: 1 3 4 1 None None
You discards green 2
trash is now blue 3, green 3, blue 3, white 4, yellow 4, blue 1, green 3, yellow 3, yellow 2, blue 4, red 5, blue 1, green 2
You now has red 2, green 4, blue 4, red 2, yellow 4
MOVE: 0 3 2 None None None
full discards white 5
trash is now blue 3, green 3, blue 3, white 4, yellow 4, blue 1, green 3, yellow 3, yellow 2, blue 4, red 5, blue 1, green 2, white 5
full now has white 3, red 4, green 1, red 3, white 3
MOVE: 1 3 4 1 None None
You discards yellow 4
trash is now blue 3, green 3, blue 3, white 4, yellow 4, blue 1, green 3, yellow 3, yellow 2, blue 4, red 5, blue 1, green 2, white 5, yellow 4
You now has red 2, green 4, blue 4, red 2, blue 2
MOVE: 0 3 2 None None None
full discards green 1
trash is now blue 3, green 3, blue 3, white 4, yellow 4, blue 1, green 3, yellow 3, yellow 2, blue 4, red 5, blue 1, green 2, white 5, yellow 4, green 1
full now has white 3, red 4, red 3, white 3, blue 5
MOVE: 1 0 None 0 2 None
You hints full about all their white cards hints remaining: 7
full has white 3, red 4, red 3, white 3, blue 5
MOVE: 0 2 3 None None None
full plays white 3 and fails. Board was green 1, yellow 0, white 1, blue 1, red 0
full now has white 3, red 4, red 3, blue 5, red 1
MOVE: 1 1 None 0 None 1
You hints full about all their 1 hints remaining: 6
full has white 3, red 4, red 3, blue 5, red 1
MOVE: 0 2 4 None None None
full plays red 1 successfully! Board is now green 1, yellow 0, white 1, blue 1, red 1
full now has white 3, red 4, red 3, blue 5, green 5
MOVE: 1 1 None 0 None 5
You hints full about all their 5 hints remaining: 5
full has white 3, red 4, red 3, blue 5, green 5
MOVE: 0 1 None 1 None 2
full hints You about all their 2 hints remaining: 4
You has red 2, green 4, blue 4, red 2, blue 2
MOVE: 1 2 3 1 None None
You plays red 2 successfully! Board is now green 1, yellow 0, white 1, blue 1, red 2
You now has red 2, green 4, blue 4, blue 2, green 1
MOVE: 0 0 None 1 4 None
full hints You about all their red cards hints remaining: 3
You has red 2, green 4, blue 4, blue 2, green 1
MOVE: 1 2 3 1 None None
You plays blue 2 successfully! Board is now green 1, yellow 0, white 1, blue 2, red 2
You now has red 2, green 4, blue 4, green 1, white 2
MOVE: 0 1 None 1 None 2
full hints You about all their 2 hints remaining: 2
You has red 2, green 4, blue 4, green 1, white 2
MOVE: 1 3 0 1 None None
You discards red 2
trash is now blue 3, green 3, blue 3, white 4, yellow 4, blue 1, green 3, yellow 3, yellow 2, blue 4, red 5, blue 1, green 2, white 5, yellow 4, green 1, white 3, red 2
You now has green 4, blue 4, green 1, white 2, yellow 3
MOVE: 0 0 None 1 0 None
full hints You about all their green cards hints remaining: 2
You has green 4, blue 4, green 1, white 2, yellow 3
MOVE: 1 2 3 1 None None
You plays white 2 successfully! Board is now green 1, yellow 0, white 2, blue 2, red 2
You now has green 4, blue 4, green 1, yellow 3, white 1
MOVE: 0 2 0 None None None
full plays white 3 successfully! Board is now green 1, yellow 0, white 3, blue 2, red 2
full now has red 4, red 3, blue 5, green 5, yellow 1
MOVE: 1 0 None 0 1 None
You hints full about all their yellow cards hints remaining: 1
full has red 4, red 3, blue 5, green 5, yellow 1
MOVE: 0 2 4 None None None
full plays yellow 1 successfully! Board is now green 1, yellow 1, white 3, blue 2, red 2
full now has red 4, red 3, blue 5, green 5, yellow 1
MOVE: 1 1 None 0 None 1
You hints full about all their 1 hints remaining: 0
full has red 4, red 3, blue 5, green 5, yellow 1
MOVE: 0 3 4 None None None
full discards yellow 1
trash is now blue 3, green 3, blue 3, white 4, yellow 4, blue 1, green 3, yellow 3, yellow 2, blue 4, red 5, blue 1, green 2, white 5, yellow 4, green 1, white 3, red 2, yellow 1
full now has red 4, red 3, blue 5, green 5, green 4
MOVE: 1 1 None 0 None 3
You hints full about all their 3 hints remaining: 0
full has red 4, red 3, blue 5, green 5, green 4
MOVE: 0 2 1 None None None
full plays red 3 successfully! Board is now green 1, yellow 1, white 3, blue 2, red 3
full now has red 4, blue 5, green 5, green 4, white 4
MOVE: 1 2 2 1 None None
You plays green 1 and fails. Board was green 1, yellow 1, white 3, blue 2, red 3
You now has green 4, blue 4, yellow 3, white 1, green 2
Score 10
