Old GID: 5f5053d03614a75b
Treatment: ('intentional', 2920)
[(0, 1), (0, 3), (4, 2), (3, 5), (0, 1), (2, 1), (2, 4), (4, 3), (2, 3), (3, 4), (3, 4), (1, 3), (0, 5), (1, 1), (3, 1), (3, 2), (4, 4), (1, 2), (0, 2), (2, 4), (1, 1), (3, 1), (1, 4), (3, 3), (4, 4), (2, 3), (0, 4), (1, 2), (0, 1), (0, 2), (2, 5), (4, 1), (1, 1), (4, 1), (1, 4), (3, 3), (1, 5), (1, 3), (4, 3), (3, 2)]
MOVE: 0 1 None 1 None 1
intentional hints You about all their 1 hints remaining: 7
You has white 2, white 1, red 2, white 1, green 4
MOVE: 1 2 3 1 None None
You plays white 1 successfully! Board is now green 0, yellow 0, white 1, blue 0, red 0
You now has white 2, white 1, red 2, green 4, green 1
MOVE: 0 0 None 1 2 None
intentional hints You about all their white cards hints remaining: 6
You has white 2, white 1, red 2, green 4, green 1
MOVE: 1 3 1 1 None None
You discards white 1
trash is now white 1
You now has white 2, red 2, green 4, green 1, green 3
MOVE: 0 1 None 1 None 1
intentional hints You about all their 1 hints remaining: 6
You has white 2, red 2, green 4, green 1, green 3
MOVE: 1 2 3 1 None None
You plays green 1 successfully! Board is now green 1, yellow 0, white 1, blue 0, red 0
You now has white 2, red 2, green 4, green 3, red 2
MOVE: 0 3 0 None None None
intentional discards red 1
trash is now white 1, red 1
intentional now has white 2, green 3, red 5, blue 1, blue 5
MOVE: 1 1 None 0 None 1
You hints intentional about all their 1 hints remaining: 6
intentional has white 2, green 3, red 5, blue 1, blue 5
MOVE: 0 3 0 None None None
intentional discards white 2
trash is now white 1, red 1, white 2
intentional now has green 3, red 5, blue 1, blue 5, green 1
MOVE: 1 0 None 0 3 None
You hints intentional about all their blue cards hints remaining: 6
intentional has green 3, red 5, blue 1, blue 5, green 1
MOVE: 0 2 2 None None None
intentional plays blue 1 successfully! Board is now green 1, yellow 0, white 1, blue 1, red 0
intentional now has green 3, red 5, blue 5, green 1, white 1
MOVE: 1 1 None 0 None 5
You hints intentional about all their 5 hints remaining: 5
intentional has green 3, red 5, blue 5, green 1, white 1
MOVE: 0 3 4 None None None
intentional discards white 1
trash is now white 1, red 1, white 2, white 1
intentional now has green 3, red 5, blue 5, green 1, white 4
MOVE: 1 2 0 1 None None
You plays white 2 successfully! Board is now green 1, yellow 0, white 2, blue 1, red 0
You now has red 2, green 4, green 3, red 2, red 3
MOVE: 0 3 0 None None None
intentional discards green 3
trash is now white 1, red 1, white 2, white 1, green 3
intentional now has red 5, blue 5, green 1, white 4, white 3
MOVE: 1 0 None 0 2 None
You hints intentional about all their white cards hints remaining: 6
intentional has red 5, blue 5, green 1, white 4, white 3
MOVE: 0 3 2 None None None
intentional discards green 1
trash is now white 1, red 1, white 2, white 1, green 3, green 1
intentional now has red 5, blue 5, white 4, white 3, blue 4
MOVE: 1 1 None 0 None 3
You hints intentional about all their 3 hints remaining: 6
intentional has red 5, blue 5, white 4, white 3, blue 4
MOVE: 0 2 3 None None None
intentional plays white 3 successfully! Board is now green 1, yellow 0, white 3, blue 1, red 0
intentional now has red 5, blue 5, white 4, blue 4, blue 4
MOVE: 1 1 None 0 None 4
You hints intentional about all their 4 hints remaining: 5
intentional has red 5, blue 5, white 4, blue 4, blue 4
MOVE: 0 2 2 None None None
intentional plays white 4 successfully! Board is now green 1, yellow 0, white 4, blue 1, red 0
intentional now has red 5, blue 5, blue 4, blue 4, yellow 3
MOVE: 1 3 0 1 None None
You discards red 2
trash is now white 1, red 1, white 2, white 1, green 3, green 1, red 2
You now has green 4, green 3, red 2, red 3, green 5
MOVE: 0 3 2 None None None
intentional discards blue 4
trash is now white 1, red 1, white 2, white 1, green 3, green 1, red 2, blue 4
intentional now has red 5, blue 5, blue 4, yellow 3, yellow 1
MOVE: 1 3 0 1 None None
You discards green 4
trash is now white 1, red 1, white 2, white 1, green 3, green 1, red 2, blue 4, green 4
You now has green 3, red 2, red 3, green 5, blue 1
MOVE: 0 3 2 None None None
intentional discards blue 4
trash is now white 1, red 1, white 2, white 1, green 3, green 1, red 2, blue 4, green 4, blue 4
intentional now has red 5, blue 5, yellow 3, yellow 1, blue 2
MOVE: 1 2 4 1 None None
You plays blue 1 and fails. Board was green 1, yellow 0, white 4, blue 1, red 0
You now has green 3, red 2, red 3, green 5, red 4
MOVE: 0 1 None 1 None 4
intentional hints You about all their 4 hints remaining: 7
You has green 3, red 2, red 3, green 5, red 4
MOVE: 1 2 4 1 None None
You plays red 4 and fails. Board was green 1, yellow 0, white 4, blue 1, red 0
You now has green 3, red 2, red 3, green 5, yellow 2
MOVE: 0 3 2 None None None
intentional discards yellow 3
trash is now white 1, red 1, white 2, white 1, green 3, green 1, red 2, blue 4, green 4, blue 4, blue 1, red 4, yellow 3
intentional now has red 5, blue 5, yellow 1, blue 2, green 2
MOVE: 1 2 4 1 None None
You plays yellow 2 and fails. Board was green 1, yellow 0, white 4, blue 1, red 0
You now has green 3, red 2, red 3, green 5, white 4
Score 6
