Treatment: ('full', 3)
[(4, 2), (3, 4), (3, 1), (1, 1), (1, 5), (3, 3), (1, 2), (2, 3), (4, 1), (1, 2), (3, 4), (4, 4), (4, 1), (2, 5), (4, 2), (0, 4), (1, 3), (3, 2), (0, 1), (2, 1), (2, 1), (1, 3), (4, 3), (2, 1), (0, 3), (2, 2), (4, 4), (3, 1), (1, 4), (3, 5), (0, 5), (1, 1), (3, 3), (0, 1), (0, 1), (4, 3), (2, 4), (1, 4), (2, 3), (1, 1)]
MOVE: 0 1 None 1 None 1
full hints You about all their 1 hints remaining: 7
You has green 4, blue 1, blue 2, green 2, red 1
MOVE: 1 2 1 1 None None
You plays blue 1 successfully! Board is now green 0, yellow 0, white 0, blue 1, red 0
You now has green 4, blue 2, green 2, red 1, red 2
MOVE: 0 0 None 1 3 None
full hints You about all their blue cards hints remaining: 6
You has green 4, blue 2, green 2, red 1, red 2
MOVE: 1 2 3 1 None None
You plays red 1 successfully! Board is now green 0, yellow 0, white 0, blue 1, red 1
You now has green 4, blue 2, green 2, red 2, blue 4
MOVE: 0 0 None 1 4 None
full hints You about all their red cards hints remaining: 5
You has green 4, blue 2, green 2, red 2, blue 4
MOVE: 1 1 None 0 None 2
You hints full about all their 2 hints remaining: 4
full has white 2, green 3, white 4, green 2, red 5
MOVE: 0 2 0 None None None
full plays white 2 and fails. Board was green 0, yellow 0, white 0, blue 1, red 1
full now has green 3, white 4, green 2, red 5, blue 1
MOVE: 1 0 None 0 3 None
You hints full about all their blue cards hints remaining: 3
full has green 3, white 4, green 2, red 5, blue 1
MOVE: 0 2 4 None None None
full plays blue 1 and fails. Board was green 0, yellow 0, white 0, blue 1, red 1
full now has green 3, white 4, green 2, red 5, yellow 1
MOVE: 1 1 None 0 None 1
You hints full about all their 1 hints remaining: 2
full has green 3, white 4, green 2, red 5, yellow 1
MOVE: 0 2 4 None None None
full plays yellow 1 successfully! Board is now green 0, yellow 1, white 0, blue 1, red 1
full now has green 3, white 4, green 2, red 5, yellow 5
MOVE: 1 1 None 0 None 5
You hints full about all their 5 hints remaining: 1
full has green 3, white 4, green 2, red 5, yellow 5
MOVE: 0 3 0 None None None
full discards green 3
trash is now white 2, blue 1, green 3
full now has white 4, green 2, red 5, yellow 5, blue 3
MOVE: 1 2 3 1 None None
You plays red 2 successfully! Board is now green 0, yellow 1, white 0, blue 1, red 2
You now has green 4, blue 2, green 2, blue 4, yellow 2
MOVE: 0 0 None 1 1 None
full hints You about all their yellow cards hints remaining: 1
You has green 4, blue 2, green 2, blue 4, yellow 2
MOVE: 1 2 4 1 None None
You plays yellow 2 successfully! Board is now green 0, yellow 2, white 0, blue 1, red 2
You now has green 4, blue 2, green 2, blue 4, white 3
MOVE: 0 1 None 1 None 2
full hints You about all their 2 hints remaining: 0
You has green 4, blue 2, green 2, blue 4, white 3
MOVE: 1 2 1 1 None None
You plays blue 2 successfully! Board is now green 0, yellow 2, white 0, blue 2, red 2
You now has green 4, green 2, blue 4, white 3, red 1
MOVE: 0 3 0 None None None
full discards white 4
trash is now white 2, blue 1, green 3, white 4
full now has green 2, red 5, yellow 5, blue 3, yellow 2
MOVE: 1 3 1 1 None None
You discards green 2
trash is now white 2, blue 1, green 3, white 4, green 2
You now has green 4, blue 4, white 3, red 1, blue 4
MOVE: 0 3 3 None None None
full discards blue 3
trash is now white 2, blue 1, green 3, white 4, green 2, blue 3
full now has green 2, red 5, yellow 5, yellow 2, red 4
MOVE: 1 0 None 0 1 None
You hints full about all their yellow cards hints remaining: 2
full has green 2, red 5, yellow 5, yellow 2, red 4
MOVE: 0 2 3 None None None
full plays yellow 2 and fails. Board was green 0, yellow 2, white 0, blue 2, red 2
full now has green 2, red 5, yellow 5, red 4, red 1
Score 6
