Old GID: 1a1517fb49ddd623
Treatment: ('full', 235)
[(1, 3), (3, 4), (2, 2), (3, 4), (2, 4), (3, 1), (4, 5), (0, 1), (0, 2), (4, 1), (4, 2), (0, 4), (0, 5), (2, 1), (4, 4), (3, 1), (1, 1), (2, 1), (1, 2), (2, 1), (1, 2), (3, 2), (4, 1), (2, 2), (4, 1), (2, 3), (2, 5), (1, 1), (3, 1), (0, 4), (0, 3), (3, 3), (4, 2), (0, 1), (3, 5), (4, 4), (0, 2), (0, 1), (2, 3), (1, 4)]
MOVE: 0 1 None 1 None 1
full hints You about all their 1 hints remaining: 7
You has yellow 1, red 3, red 3, yellow 5, white 4
MOVE: 1 2 0 1 None None
You plays yellow 1 successfully! Board is now green 0, yellow 1, white 0, blue 0, red 0
You now has red 3, red 3, yellow 5, white 4, yellow 3
MOVE: 0 3 0 None None None
full discards yellow 4
trash is now yellow 4
full now has yellow 3, blue 3, blue 2, green 3, blue 4
MOVE: 1 3 0 1 None None
You discards red 3
trash is now yellow 4, red 3
You now has red 3, yellow 5, white 4, yellow 3, white 2
MOVE: 0 3 0 None None None
full discards yellow 3
trash is now yellow 4, red 3, yellow 3
full now has blue 3, blue 2, green 3, blue 4, blue 4
MOVE: 1 3 0 1 None None
You discards red 3
trash is now yellow 4, red 3, yellow 3, red 3
You now has yellow 5, white 4, yellow 3, white 2, white 4
MOVE: 0 3 0 None None None
full discards blue 3
trash is now yellow 4, red 3, yellow 3, red 3, blue 3
full now has blue 2, green 3, blue 4, blue 4, blue 1
MOVE: 1 2 4 1 None None
You plays white 4 and fails. Board was green 0, yellow 1, white 0, blue 0, red 0
You now has yellow 5, white 4, yellow 3, white 2, red 5
MOVE: 0 3 0 None None None
full discards blue 2
trash is now yellow 4, red 3, yellow 3, red 3, blue 3, white 4, blue 2
full now has green 3, blue 4, blue 4, blue 1, green 1
MOVE: 1 2 4 1 None None
You plays red 5 and fails. Board was green 0, yellow 1, white 0, blue 0, red 0
You now has yellow 5, white 4, yellow 3, white 2, green 2
MOVE: 0 3 0 None None None
full discards green 3
trash is now yellow 4, red 3, yellow 3, red 3, blue 3, white 4, blue 2, red 5, green 3
full now has blue 4, blue 4, blue 1, green 1, red 1
MOVE: 1 2 4 1 None None
You plays green 2 and fails. Board was green 0, yellow 1, white 0, blue 0, red 0
You now has yellow 5, white 4, yellow 3, white 2, red 2
Score 1
