Old GID: a37c5ce3b90d31c7
Treatment: ('full', 7873)
[(4, 3), (1, 3), (0, 4), (1, 2), (2, 2), (1, 1), (1, 1), (2, 3), (3, 1), (2, 3), (3, 2), (3, 2), (4, 4), (4, 5), (1, 1), (4, 1), (1, 4), (1, 2), (3, 3), (0, 1), (2, 4), (2, 1), (3, 3), (2, 1), (2, 1), (3, 1), (1, 4), (1, 3), (2, 5), (4, 3), (0, 2), (2, 4), (4, 4), (4, 2), (4, 2), (3, 5), (4, 1), (0, 1), (1, 5), (3, 1)]
MOVE: 0 1 None 1 None 1
full hints You about all their 1 hints remaining: 7
You has blue 4, blue 4, green 1, green 3, green 5
MOVE: 1 2 2 1 None None
You plays green 1 successfully! Board is now green 1, yellow 0, white 0, blue 0, red 0
You now has blue 4, blue 4, green 3, green 5, red 3
MOVE: 0 3 0 None None None
full discards red 1
trash is now red 1
full now has green 4, white 2, green 2, green 3, yellow 3
MOVE: 1 1 None 0 None 2
You hints full about all their 2 hints remaining: 7
full has green 4, white 2, green 2, green 3, yellow 3
MOVE: 0 2 1 None None None
full plays white 2 and fails. Board was green 1, yellow 0, white 0, blue 0, red 0
full now has green 4, green 2, green 3, yellow 3, green 4
MOVE: 1 0 None 0 0 None
You hints full about all their green cards hints remaining: 6
full has green 4, green 2, green 3, yellow 3, green 4
MOVE: 0 2 1 None None None
full plays green 2 successfully! Board is now green 2, yellow 0, white 0, blue 0, red 0
full now has green 4, green 3, yellow 3, green 4, yellow 2
MOVE: 1 1 None 0 None 3
You hints full about all their 3 hints remaining: 5
full has green 4, green 3, yellow 3, green 4, yellow 2
MOVE: 0 2 1 None None None
full plays green 3 successfully! Board is now green 3, yellow 0, white 0, blue 0, red 0
full now has green 4, yellow 3, green 4, yellow 2, white 2
MOVE: 1 1 None 0 None 4
You hints full about all their 4 hints remaining: 4
full has green 4, yellow 3, green 4, yellow 2, white 2
MOVE: 0 2 0 None None None
full plays green 4 successfully! Board is now green 4, yellow 0, white 0, blue 0, red 0
full now has yellow 3, green 4, yellow 2, white 2, yellow 1
MOVE: 1 0 None 0 1 None
You hints full about all their yellow cards hints remaining: 3
full has yellow 3, green 4, yellow 2, white 2, yellow 1
MOVE: 0 2 2 None None None
full plays yellow 2 and fails. Board was green 4, yellow 0, white 0, blue 0, red 0
full now has yellow 3, green 4, white 2, yellow 1, yellow 1
MOVE: 1 1 None 0 None 1
You hints full about all their 1 hints remaining: 2
full has yellow 3, green 4, white 2, yellow 1, yellow 1
MOVE: 0 2 3 None None None
full plays yellow 1 successfully! Board is now green 4, yellow 1, white 0, blue 0, red 0
full now has yellow 3, green 4, white 2, yellow 1, white 3
MOVE: 1 2 4 1 None None
You plays red 3 and fails. Board was green 4, yellow 1, white 0, blue 0, red 0
You now has blue 4, blue 4, green 3, green 5, blue 1
Score 5
