Treatment: ('intentional', 1)
[(0, 1), (1, 1), (3, 3), (4, 3), (2, 2), (1, 4), (3, 5), (4, 4), (1, 5), (0, 2), (2, 2), (0, 5), (3, 2), (2, 5), (2, 4), (0, 3), (1, 1), (2, 3), (1, 3), (3, 1), (4, 4), (3, 4), (3, 1), (0, 4), (2, 3), (3, 4), (0, 1), (4, 2), (1, 3), (4, 1), (0, 1), (0, 2), (3, 2), (2, 4), (2, 1), (2, 1), (1, 1), (3, 3), (4, 1), (0, 3)]
MOVE: 0 1 None 1 None 1
intentional hints You about all their 1 hints remaining: 7
You has blue 1, red 2, yellow 2, yellow 2, white 1
MOVE: 1 1 None 0 None 1
You hints intentional about all their 1 hints remaining: 6
intentional has green 4, red 5, red 1, red 3, yellow 4
MOVE: 0 2 2 None None None
intentional plays red 1 successfully! Board is now green 0, yellow 0, white 0, blue 0, red 1
intentional now has green 4, red 5, red 3, yellow 4, green 1
MOVE: 1 1 None 0 None 1
You hints intentional about all their 1 hints remaining: 5
intentional has green 4, red 5, red 3, yellow 4, green 1
MOVE: 0 0 None 1 2 None
intentional hints You about all their white cards hints remaining: 4
You has blue 1, red 2, yellow 2, yellow 2, white 1
MOVE: 1 2 0 1 None None
You plays blue 1 successfully! Board is now green 0, yellow 0, white 0, blue 1, red 1
You now has red 2, yellow 2, yellow 2, white 1, yellow 1
MOVE: 0 1 None 1 None 1
intentional hints You about all their 1 hints remaining: 3
You has red 2, yellow 2, yellow 2, white 1, yellow 1
MOVE: 1 2 3 1 None None
You plays white 1 successfully! Board is now green 0, yellow 0, white 1, blue 1, red 1
You now has red 2, yellow 2, yellow 2, yellow 1, blue 3
MOVE: 0 0 None 1 1 None
intentional hints You about all their yellow cards hints remaining: 2
You has red 2, yellow 2, yellow 2, yellow 1, blue 3
MOVE: 1 2 3 1 None None
You plays yellow 1 successfully! Board is now green 0, yellow 1, white 1, blue 1, red 1
You now has red 2, yellow 2, yellow 2, blue 3, red 3
MOVE: 0 1 None 1 None 2
intentional hints You about all their 2 hints remaining: 1
You has red 2, yellow 2, yellow 2, blue 3, red 3
MOVE: 1 3 2 1 None None
You discards yellow 2
trash is now yellow 2
You now has red 2, yellow 2, blue 3, red 3, white 2
MOVE: 0 1 None 1 None 2
intentional hints You about all their 2 hints remaining: 1
You has red 2, yellow 2, blue 3, red 3, white 2
MOVE: 1 2 1 1 None None
You plays yellow 2 successfully! Board is now green 0, yellow 2, white 1, blue 1, red 1
You now has red 2, blue 3, red 3, white 2, yellow 4
MOVE: 0 0 None 1 4 None
intentional hints You about all their red cards hints remaining: 0
You has red 2, blue 3, red 3, white 2, yellow 4
MOVE: 1 2 0 1 None None
You plays red 2 successfully! Board is now green 0, yellow 2, white 1, blue 1, red 2
You now has blue 3, red 3, white 2, yellow 4, blue 5
MOVE: 0 3 4 None None None
intentional discards green 1
trash is now yellow 2, green 1
intentional now has green 4, red 5, red 3, yellow 4, red 4
MOVE: 1 1 None 0 None 3
You hints intentional about all their 3 hints remaining: 0
intentional has green 4, red 5, red 3, yellow 4, red 4
MOVE: 0 3 4 None None None
intentional discards red 4
trash is now yellow 2, green 1, red 4
intentional now has green 4, red 5, red 3, yellow 4, yellow 5
MOVE: 1 3 4 1 None None
You discards blue 5
trash is now yellow 2, green 1, red 4, blue 5
You now has blue 3, red 3, white 2, yellow 4, green 2
MOVE: 0 0 None 1 2 None
intentional hints You about all their white cards hints remaining: 1
You has blue 3, red 3, white 2, yellow 4, green 2
MOVE: 1 2 2 1 None None
You plays white 2 successfully! Board is now green 0, yellow 2, white 2, blue 1, red 2
You now has blue 3, red 3, yellow 4, green 2, white 2
MOVE: 0 1 None 1 None 3
intentional hints You about all their 3 hints remaining: 0
You has blue 3, red 3, yellow 4, green 2, white 2
MOVE: 1 3 1 1 None None
You discards red 3
trash is now yellow 2, green 1, red 4, blue 5, red 3
You now has blue 3, yellow 4, green 2, white 2, green 5
MOVE: 0 0 None 1 2 None
intentional hints You about all their white cards hints remaining: 0
You has blue 3, yellow 4, green 2, white 2, green 5
MOVE: 1 2 3 1 None None
You plays white 2 and fails. Board was green 0, yellow 2, white 2, blue 1, red 2
You now has blue 3, yellow 4, green 2, green 5, blue 2
MOVE: 0 3 4 None None None
intentional discards yellow 5
trash is now yellow 2, green 1, red 4, blue 5, red 3, white 2, yellow 5
intentional now has green 4, red 5, red 3, yellow 4, white 5
MOVE: 1 0 None 0 4 None
You hints intentional about all their red cards hints remaining: 0
intentional has green 4, red 5, red 3, yellow 4, white 5
MOVE: 0 2 2 None None None
intentional plays red 3 successfully! Board is now green 0, yellow 2, white 2, blue 1, red 3
intentional now has green 4, red 5, yellow 4, white 5, white 4
MOVE: 1 2 0 1 None None
You plays blue 3 and fails. Board was green 0, yellow 2, white 2, blue 1, red 3
You now has yellow 4, green 2, green 5, blue 2, green 3
MOVE: 0 3 3 None None None
intentional discards white 5
trash is now yellow 2, green 1, red 4, blue 5, red 3, white 2, yellow 5, blue 3, white 5
intentional now has green 4, red 5, yellow 4, white 4, yellow 1
MOVE: 1 3 4 1 None None
You discards green 3
trash is now yellow 2, green 1, red 4, blue 5, red 3, white 2, yellow 5, blue 3, white 5, green 3
You now has yellow 4, green 2, green 5, blue 2, white 3
MOVE: 0 0 None 1 2 None
intentional hints You about all their white cards hints remaining: 1
You has yellow 4, green 2, green 5, blue 2, white 3
MOVE: 1 2 4 1 None None
You plays white 3 successfully! Board is now green 0, yellow 2, white 3, blue 1, red 3
You now has yellow 4, green 2, green 5, blue 2, yellow 3
MOVE: 0 0 None 1 1 None
intentional hints You about all their yellow cards hints remaining: 0
You has yellow 4, green 2, green 5, blue 2, yellow 3
MOVE: 1 2 0 1 None None
You plays yellow 4 and fails. Board was green 0, yellow 2, white 3, blue 1, red 3
You now has green 2, green 5, blue 2, yellow 3, blue 1
Score 9
