Old GID: 88c738397fc3edc7
Treatment: ('full', 6600)
[(2, 2), (3, 4), (4, 1), (1, 1), (3, 1), (0, 4), (3, 2), (1, 3), (3, 5), (2, 4), (1, 3), (2, 5), (3, 4), (0, 3), (0, 2), (0, 3), (0, 1), (1, 4), (3, 3), (3, 2), (2, 1), (2, 4), (2, 1), (0, 5), (0, 1), (2, 2), (4, 3), (3, 3), (1, 1), (1, 5), (3, 1), (1, 1), (4, 4), (0, 2), (4, 2), (0, 4), (1, 2), (4, 4), (2, 3), (2, 1)]
MOVE: 0 1 None 1 None 1
full hints You about all their 1 hints remaining: 7
You has red 3, red 5, green 1, red 1, yellow 4
MOVE: 1 1 None 0 None 1
You hints full about all their 1 hints remaining: 6
full has yellow 2, blue 1, white 3, red 2, red 1
MOVE: 0 2 1 None None None
full plays blue 1 successfully! Board is now green 0, yellow 0, white 0, blue 1, red 0
full now has yellow 2, white 3, red 2, red 1, white 2
MOVE: 1 2 2 1 None None
You plays green 1 successfully! Board is now green 1, yellow 0, white 0, blue 1, red 0
You now has red 3, red 5, red 1, yellow 4, blue 4
MOVE: 0 0 None 1 4 None
full hints You about all their red cards hints remaining: 5
You has red 3, red 5, red 1, yellow 4, blue 4
MOVE: 1 0 None 0 4 None
You hints full about all their red cards hints remaining: 4
full has yellow 2, white 3, red 2, red 1, white 2
MOVE: 0 2 3 None None None
full plays red 1 successfully! Board is now green 1, yellow 0, white 0, blue 1, red 1
full now has yellow 2, white 3, red 2, white 2, red 1
MOVE: 1 3 2 1 None None
You discards red 1
trash is now red 1
You now has red 3, red 5, yellow 4, blue 4, yellow 1
MOVE: 0 0 None 1 1 None
full hints You about all their yellow cards hints remaining: 4
You has red 3, red 5, yellow 4, blue 4, yellow 1
MOVE: 1 1 None 0 None 2
You hints full about all their 2 hints remaining: 3
full has yellow 2, white 3, red 2, white 2, red 1
MOVE: 0 2 0 None None None
full plays yellow 2 and fails. Board was green 1, yellow 0, white 0, blue 1, red 1
full now has white 3, red 2, white 2, red 1, blue 1
MOVE: 1 0 None 0 4 None
You hints full about all their red cards hints remaining: 2
full has white 3, red 2, white 2, red 1, blue 1
MOVE: 0 2 1 None None None
full plays red 2 successfully! Board is now green 1, yellow 0, white 0, blue 1, red 2
full now has white 3, white 2, red 1, blue 1, green 4
MOVE: 1 1 None 0 None 1
You hints full about all their 1 hints remaining: 1
full has white 3, white 2, red 1, blue 1, green 4
MOVE: 0 2 3 None None None
full plays blue 1 and fails. Board was green 1, yellow 0, white 0, blue 1, red 2
full now has white 3, white 2, red 1, green 4, blue 2
MOVE: 1 1 None 0 None 2
You hints full about all their 2 hints remaining: 0
full has white 3, white 2, red 1, green 4, blue 2
MOVE: 0 2 1 None None None
full plays white 2 and fails. Board was green 1, yellow 0, white 0, blue 1, red 2
full now has white 3, red 1, green 4, blue 2, yellow 3
Score 4
