Old GID: 4c53818c70f40f04
Treatment: ('outer', 995)
[(1, 1), (4, 5), (3, 2), (1, 2), (4, 1), (4, 4), (4, 3), (0, 1), (0, 4), (2, 2), (0, 1), (1, 3), (3, 1), (1, 4), (1, 1), (2, 3), (3, 3), (0, 2), (4, 2), (2, 1), (4, 2), (1, 5), (0, 3), (4, 1), (3, 5), (3, 1), (2, 2), (3, 1), (0, 4), (2, 5), (2, 4), (4, 4), (3, 2), (2, 4), (0, 2), (2, 1), (1, 1), (3, 4), (1, 2), (0, 5)]
MOVE: 0 1 None 1 None 1
outer hints You about all their 1 hints remaining: 7
You has white 1, yellow 4, red 1, red 3, green 3
MOVE: 1 2 2 1 None None
You plays red 1 successfully! Board is now green 0, yellow 0, white 0, blue 0, red 1
You now has white 1, yellow 4, red 3, green 3, yellow 1
MOVE: 0 0 None 1 2 None
outer hints You about all their white cards hints remaining: 6
You has white 1, yellow 4, red 3, green 3, yellow 1
MOVE: 1 2 0 1 None None
You plays white 1 successfully! Board is now green 0, yellow 0, white 1, blue 0, red 1
You now has yellow 4, red 3, green 3, yellow 1, red 5
MOVE: 0 1 None 1 None 1
outer hints You about all their 1 hints remaining: 5
You has yellow 4, red 3, green 3, yellow 1, red 5
MOVE: 1 2 3 1 None None
You plays yellow 1 successfully! Board is now green 0, yellow 1, white 1, blue 0, red 1
You now has yellow 4, red 3, green 3, red 5, blue 2
MOVE: 0 1 None 1 None 2
outer hints You about all their 2 hints remaining: 4
You has yellow 4, red 3, green 3, red 5, blue 2
MOVE: 1 2 4 1 None None
You plays blue 2 and fails. Board was green 0, yellow 1, white 1, blue 0, red 1
You now has yellow 4, red 3, green 3, red 5, yellow 2
MOVE: 0 0 None 1 1 None
outer hints You about all their yellow cards hints remaining: 3
You has yellow 4, red 3, green 3, red 5, yellow 2
MOVE: 1 2 4 1 None None
You plays yellow 2 successfully! Board is now green 0, yellow 2, white 1, blue 0, red 1
You now has yellow 4, red 3, green 3, red 5, red 1
MOVE: 0 0 None 1 0 None
outer hints You about all their green cards hints remaining: 2
You has yellow 4, red 3, green 3, red 5, red 1
MOVE: 1 1 None 0 None 1
You hints outer about all their 1 hints remaining: 1
outer has yellow 3, green 1, blue 3, blue 4, white 3
MOVE: 0 0 None 1 1 None
outer hints You about all their yellow cards hints remaining: 0
You has yellow 4, red 3, green 3, red 5, red 1
MOVE: 1 2 0 1 None None
You plays yellow 4 and fails. Board was green 0, yellow 2, white 1, blue 0, red 1
You now has red 3, green 3, red 5, red 1, red 4
MOVE: 0 3 0 None None None
outer discards yellow 3
trash is now blue 2, yellow 4, yellow 3
outer now has green 1, blue 3, blue 4, white 3, red 3
MOVE: 1 2 1 1 None None
You plays green 3 and fails. Board was green 0, yellow 2, white 1, blue 0, red 1
You now has red 3, red 5, red 1, red 4, green 1
Score 4
