Old GID: b2b6361c6c61faad
Treatment: ('outer', 6669)
[(4, 3), (1, 1), (4, 1), (1, 3), (3, 3), (2, 1), (1, 3), (0, 3), (0, 3), (0, 2), (4, 1), (0, 1), (2, 1), (2, 4), (2, 5), (0, 4), (3, 4), (2, 2), (0, 1), (3, 1), (1, 4), (4, 1), (0, 2), (1, 2), (3, 1), (3, 5), (3, 1), (1, 1), (1, 4), (4, 4), (1, 5), (2, 2), (0, 1), (3, 2), (0, 4), (3, 2), (1, 2), (1, 1), (4, 3), (4, 4)]
MOVE: 0 0 None 1 2 None
outer hints You about all their white cards hints remaining: 7
You has white 1, blue 4, green 5, red 2, red 5
MOVE: 1 2 0 1 None None
You plays white 1 successfully! Board is now green 0, yellow 0, white 1, blue 0, red 0
You now has blue 4, green 5, red 2, red 5, red 3
MOVE: 0 1 None 1 None 4
outer hints You about all their 4 hints remaining: 6
You has blue 4, green 5, red 2, red 5, red 3
MOVE: 1 3 1 1 None None
You discards green 5
trash is now green 5
You now has blue 4, red 2, red 5, red 3, yellow 1
MOVE: 0 1 None 1 None 1
outer hints You about all their 1 hints remaining: 6
You has blue 4, red 2, red 5, red 3, yellow 1
MOVE: 1 2 4 1 None None
You plays yellow 1 successfully! Board is now green 0, yellow 1, white 1, blue 0, red 0
You now has blue 4, red 2, red 5, red 3, red 1
MOVE: 0 0 None 1 4 None
outer hints You about all their red cards hints remaining: 5
You has blue 4, red 2, red 5, red 3, red 1
MOVE: 1 2 4 1 None None
You plays red 1 successfully! Board is now green 0, yellow 1, white 1, blue 0, red 1
You now has blue 4, red 2, red 5, red 3, yellow 3
MOVE: 0 1 None 1 None 2
outer hints You about all their 2 hints remaining: 4
You has blue 4, red 2, red 5, red 3, yellow 3
MOVE: 1 2 1 1 None None
You plays red 2 successfully! Board is now green 0, yellow 1, white 1, blue 0, red 2
You now has blue 4, red 5, red 3, yellow 3, blue 3
MOVE: 0 0 None 1 4 None
outer hints You about all their red cards hints remaining: 3
You has blue 4, red 5, red 3, yellow 3, blue 3
MOVE: 1 2 1 1 None None
You plays red 5 and fails. Board was green 0, yellow 1, white 1, blue 0, red 2
You now has blue 4, red 3, yellow 3, blue 3, white 1
MOVE: 0 1 None 1 None 3
outer hints You about all their 3 hints remaining: 2
You has blue 4, red 3, yellow 3, blue 3, white 1
MOVE: 1 2 1 1 None None
You plays red 3 successfully! Board is now green 0, yellow 1, white 1, blue 0, red 3
You now has blue 4, yellow 3, blue 3, white 1, yellow 3
MOVE: 0 1 None 1 None 3
outer hints You about all their 3 hints remaining: 1
You has blue 4, yellow 3, blue 3, white 1, yellow 3
MOVE: 1 2 4 1 None None
You plays yellow 3 and fails. Board was green 0, yellow 1, white 1, blue 0, red 3
You now has blue 4, yellow 3, blue 3, white 1, green 3
MOVE: 0 0 None 1 3 None
outer hints You about all their blue cards hints remaining: 0
You has blue 4, yellow 3, blue 3, white 1, green 3
MOVE: 1 2 4 1 None None
You plays green 3 and fails. Board was green 0, yellow 1, white 1, blue 0, red 3
You now has blue 4, yellow 3, blue 3, white 1, green 3
Score 5
