Old GID: cf57ea1e934c15db
Treatment: ('intentional', 3955)
[(0, 4), (3, 4), (0, 3), (0, 2), (3, 1), (1, 1), (0, 3), (4, 1), (4, 1), (2, 4), (2, 1), (4, 4), (2, 4), (4, 2), (0, 5), (0, 1), (1, 4), (1, 5), (3, 2), (4, 1), (3, 2), (2, 3), (2, 3), (4, 3), (4, 3), (0, 2), (3, 4), (0, 1), (3, 1), (0, 1), (1, 2), (2, 2), (2, 1), (1, 1), (4, 2), (2, 5), (0, 4), (4, 5), (1, 3), (1, 1)]
MOVE: 0 1 None 1 None 1
intentional hints You about all their 1 hints remaining: 7
You has yellow 3, blue 5, red 4, blue 1, blue 3
MOVE: 1 2 3 1 None None
You plays blue 1 successfully! Board is now green 0, yellow 0, white 0, blue 1, red 0
You now has yellow 3, blue 5, red 4, blue 3, green 4
MOVE: 0 3 0 None None None
intentional discards white 2
trash is now white 2
intentional now has yellow 2, blue 3, yellow 4, white 1, blue 4
MOVE: 1 1 None 0 None 1
You hints intentional about all their 1 hints remaining: 7
intentional has yellow 2, blue 3, yellow 4, white 1, blue 4
MOVE: 0 3 0 None None None
intentional discards yellow 2
trash is now white 2, yellow 2
intentional now has blue 3, yellow 4, white 1, blue 4, green 3
MOVE: 1 0 None 0 2 None
You hints intentional about all their white cards hints remaining: 7
intentional has blue 3, yellow 4, white 1, blue 4, green 3
MOVE: 0 2 2 None None None
intentional plays white 1 successfully! Board is now green 0, yellow 0, white 1, blue 1, red 0
intentional now has blue 3, yellow 4, blue 4, green 3, green 2
MOVE: 1 3 3 1 None None
You discards blue 3
trash is now white 2, yellow 2, blue 3
You now has yellow 3, blue 5, red 4, green 4, blue 1
MOVE: 0 3 3 None None None
intentional discards green 3
trash is now white 2, yellow 2, blue 3, green 3
intentional now has blue 3, yellow 4, blue 4, green 2, yellow 1
MOVE: 1 1 None 0 None 1
You hints intentional about all their 1 hints remaining: 7
intentional has blue 3, yellow 4, blue 4, green 2, yellow 1
MOVE: 0 3 4 None None None
intentional discards yellow 1
trash is now white 2, yellow 2, blue 3, green 3, yellow 1
intentional now has blue 3, yellow 4, blue 4, green 2, green 3
MOVE: 1 3 3 1 None None
You discards green 4
trash is now white 2, yellow 2, blue 3, green 3, yellow 1, green 4
You now has yellow 3, blue 5, red 4, blue 1, red 1
MOVE: 0 0 None 1 4 None
intentional hints You about all their red cards hints remaining: 7
You has yellow 3, blue 5, red 4, blue 1, red 1
MOVE: 1 2 2 1 None None
You plays red 4 and fails. Board was green 0, yellow 0, white 1, blue 1, red 0
You now has yellow 3, blue 5, blue 1, red 1, red 1
MOVE: 0 0 None 1 4 None
intentional hints You about all their red cards hints remaining: 6
You has yellow 3, blue 5, blue 1, red 1, red 1
MOVE: 1 2 4 1 None None
You plays red 1 successfully! Board is now green 0, yellow 0, white 1, blue 1, red 1
You now has yellow 3, blue 5, blue 1, red 1, white 4
MOVE: 0 3 4 None None None
intentional discards green 3
trash is now white 2, yellow 2, blue 3, green 3, yellow 1, green 4, red 4, green 3
intentional now has blue 3, yellow 4, blue 4, green 2, white 1
MOVE: 1 2 3 1 None None
You plays red 1 and fails. Board was green 0, yellow 0, white 1, blue 1, red 1
You now has yellow 3, blue 5, blue 1, white 4, red 4
MOVE: 0 3 4 None None None
intentional discards white 1
trash is now white 2, yellow 2, blue 3, green 3, yellow 1, green 4, red 4, green 3, red 1, white 1
intentional now has blue 3, yellow 4, blue 4, green 2, white 4
MOVE: 1 3 3 1 None None
You discards white 4
trash is now white 2, yellow 2, blue 3, green 3, yellow 1, green 4, red 4, green 3, red 1, white 1, white 4
You now has yellow 3, blue 5, blue 1, red 4, red 2
MOVE: 0 1 None 1 None 2
intentional hints You about all their 2 hints remaining: 7
You has yellow 3, blue 5, blue 1, red 4, red 2
MOVE: 1 2 4 1 None None
You plays red 2 successfully! Board is now green 0, yellow 0, white 1, blue 1, red 2
You now has yellow 3, blue 5, blue 1, red 4, green 5
MOVE: 0 0 None 1 3 None
intentional hints You about all their blue cards hints remaining: 6
You has yellow 3, blue 5, blue 1, red 4, green 5
MOVE: 1 2 2 1 None None
You plays blue 1 and fails. Board was green 0, yellow 0, white 1, blue 1, red 2
You now has yellow 3, blue 5, red 4, green 5, green 1
Score 4
