Old GID: bfe6d99490889c6c
Treatment: ('outer', 7344)
[(0, 3), (3, 5), (0, 2), (0, 1), (4, 1), (3, 3), (1, 1), (3, 4), (3, 3), (0, 3), (3, 2), (3, 4), (2, 4), (0, 4), (4, 3), (4, 2), (2, 3), (1, 4), (2, 1), (0, 1), (1, 5), (2, 2), (0, 2), (1, 2), (4, 4), (4, 4), (1, 3), (2, 1), (3, 2), (4, 2), (3, 1), (2, 1), (1, 2), (0, 1), (1, 4), (4, 1), (0, 4), (3, 1), (4, 3), (2, 5)]
MOVE: 0 0 None 1 4 None
outer hints You about all their red cards hints remaining: 7
You has yellow 3, white 3, white 2, red 1, red 5
MOVE: 1 0 None 0 1 None
You hints outer about all their yellow cards hints remaining: 6
outer has yellow 1, yellow 1, green 5, blue 1, white 4
MOVE: 0 1 None 1 None 1
outer hints You about all their 1 hints remaining: 5
You has yellow 3, white 3, white 2, red 1, red 5
MOVE: 1 2 3 1 None None
You plays red 1 successfully! Board is now green 0, yellow 0, white 0, blue 0, red 1
You now has yellow 3, white 3, white 2, red 5, green 3
MOVE: 0 0 None 1 2 None
outer hints You about all their white cards hints remaining: 4
You has yellow 3, white 3, white 2, red 5, green 3
MOVE: 1 1 None 0 None 1
You hints outer about all their 1 hints remaining: 3
outer has yellow 1, yellow 1, green 5, blue 1, white 4
MOVE: 0 2 0 None None None
outer plays yellow 1 successfully! Board is now green 0, yellow 1, white 0, blue 0, red 1
outer now has yellow 1, green 5, blue 1, white 4, blue 5
MOVE: 1 0 None 0 3 None
You hints outer about all their blue cards hints remaining: 2
outer has yellow 1, green 5, blue 1, white 4, blue 5
MOVE: 0 2 2 None None None
outer plays blue 1 successfully! Board is now green 0, yellow 1, white 0, blue 1, red 1
outer now has yellow 1, green 5, white 4, blue 5, green 2
MOVE: 1 2 1 1 None None
You plays white 3 and fails. Board was green 0, yellow 1, white 0, blue 1, red 1
You now has yellow 3, white 2, red 5, green 3, green 1
MOVE: 0 3 0 None None None
outer discards yellow 1
trash is now white 3, yellow 1
outer now has green 5, white 4, blue 5, green 2, red 1
MOVE: 1 2 1 1 None None
You plays white 2 and fails. Board was green 0, yellow 1, white 0, blue 1, red 1
You now has yellow 3, red 5, green 3, green 1, blue 3
MOVE: 0 0 None 1 0 None
outer hints You about all their green cards hints remaining: 2
You has yellow 3, red 5, green 3, green 1, blue 3
MOVE: 1 2 2 1 None None
You plays green 3 and fails. Board was green 0, yellow 1, white 0, blue 1, red 1
You now has yellow 3, red 5, green 1, blue 3, yellow 1
Score 3
