Old GID: fd9715a0c422a282
Treatment: ('outer', 1284)
[(3, 1), (3, 4), (1, 4), (3, 3), (2, 1), (2, 4), (2, 1), (0, 1), (0, 1), (4, 5), (0, 3), (1, 1), (3, 4), (0, 4), (3, 1), (3, 2), (4, 3), (1, 3), (0, 1), (1, 4), (4, 2), (1, 5), (0, 5), (3, 5), (2, 3), (4, 4), (4, 1), (4, 1), (1, 2), (4, 4), (1, 2), (0, 3), (0, 2), (2, 4), (2, 3), (0, 2), (1, 1), (0, 4), (2, 2), (2, 2)]
MOVE: 0 1 None 1 None 1
outer hints You about all their 1 hints remaining: 7
You has white 1, white 5, red 2, blue 3, yellow 1
MOVE: 1 2 0 1 None None
You plays white 1 successfully! Board is now green 0, yellow 0, white 1, blue 0, red 0
You now has white 5, red 2, blue 3, yellow 1, blue 1
MOVE: 0 0 None 1 1 None
outer hints You about all their yellow cards hints remaining: 6
You has white 5, red 2, blue 3, yellow 1, blue 1
MOVE: 1 1 None 0 None 1
You hints outer about all their 1 hints remaining: 5
outer has blue 2, red 3, yellow 3, blue 1, red 1
MOVE: 0 1 None 1 None 1
outer hints You about all their 1 hints remaining: 4
You has white 5, red 2, blue 3, yellow 1, blue 1
MOVE: 1 0 None 0 3 None
You hints outer about all their blue cards hints remaining: 3
outer has blue 2, red 3, yellow 3, blue 1, red 1
MOVE: 0 2 3 None None None
outer plays blue 1 successfully! Board is now green 0, yellow 0, white 1, blue 1, red 0
outer now has blue 2, red 3, yellow 3, red 1, blue 4
MOVE: 1 1 None 0 None 2
You hints outer about all their 2 hints remaining: 2
outer has blue 2, red 3, yellow 3, red 1, blue 4
MOVE: 0 2 0 None None None
outer plays blue 2 successfully! Board is now green 0, yellow 0, white 1, blue 2, red 0
outer now has red 3, yellow 3, red 1, blue 4, yellow 4
MOVE: 1 0 None 0 4 None
You hints outer about all their red cards hints remaining: 1
outer has red 3, yellow 3, red 1, blue 4, yellow 4
MOVE: 0 2 2 None None None
outer plays red 1 successfully! Board is now green 0, yellow 0, white 1, blue 2, red 1
outer now has red 3, yellow 3, blue 4, yellow 4, blue 3
MOVE: 1 2 3 1 None None
You plays yellow 1 successfully! Board is now green 0, yellow 1, white 1, blue 2, red 1
You now has white 5, red 2, blue 3, blue 1, white 1
MOVE: 0 1 None 1 None 3
outer hints You about all their 3 hints remaining: 0
You has white 5, red 2, blue 3, blue 1, white 1
MOVE: 1 2 2 1 None None
You plays blue 3 successfully! Board is now green 0, yellow 1, white 1, blue 3, red 1
You now has white 5, red 2, blue 1, white 1, white 4
MOVE: 0 3 2 None None None
outer discards blue 4
trash is now blue 4
outer now has red 3, yellow 3, yellow 4, blue 3, white 1
MOVE: 1 2 2 1 None None
You plays blue 1 and fails. Board was green 0, yellow 1, white 1, blue 3, red 1
You now has white 5, red 2, white 1, white 4, green 1
MOVE: 0 1 None 1 None 2
outer hints You about all their 2 hints remaining: 0
You has white 5, red 2, white 1, white 4, green 1
MOVE: 1 2 1 1 None None
You plays red 2 successfully! Board is now green 0, yellow 1, white 1, blue 3, red 2
You now has white 5, white 1, white 4, green 1, green 1
MOVE: 0 3 4 None None None
outer discards white 1
trash is now blue 4, blue 1, white 1
outer now has red 3, yellow 3, yellow 4, blue 3, red 5
MOVE: 1 1 None 0 None 3
You hints outer about all their 3 hints remaining: 0
outer has red 3, yellow 3, yellow 4, blue 3, red 5
MOVE: 0 2 0 None None None
outer plays red 3 successfully! Board is now green 0, yellow 1, white 1, blue 3, red 3
outer now has yellow 3, yellow 4, blue 3, red 5, green 3
MOVE: 1 3 2 1 None None
You discards white 4
trash is now blue 4, blue 1, white 1, white 4
You now has white 5, white 1, green 1, green 1, yellow 1
MOVE: 0 1 None 1 None 1
outer hints You about all their 1 hints remaining: 0
You has white 5, white 1, green 1, green 1, yellow 1
MOVE: 1 3 1 1 None None
You discards white 1
trash is now blue 4, blue 1, white 1, white 4, white 1
You now has white 5, green 1, green 1, yellow 1, blue 4
MOVE: 0 0 None 1 3 None
outer hints You about all their blue cards hints remaining: 0
You has white 5, green 1, green 1, yellow 1, blue 4
MOVE: 1 2 4 1 None None
You plays blue 4 successfully! Board is now green 0, yellow 1, white 1, blue 4, red 3
You now has white 5, green 1, green 1, yellow 1, green 4
MOVE: 0 3 3 None None None
outer discards red 5
trash is now blue 4, blue 1, white 1, white 4, white 1, red 5
outer now has yellow 3, yellow 4, blue 3, green 3, blue 1
MOVE: 1 1 None 0 None 1
You hints outer about all their 1 hints remaining: 0
outer has yellow 3, yellow 4, blue 3, green 3, blue 1
MOVE: 0 3 0 None None None
outer discards yellow 3
trash is now blue 4, blue 1, white 1, white 4, white 1, red 5, yellow 3
outer now has yellow 4, blue 3, green 3, blue 1, blue 2
MOVE: 1 3 3 1 None None
You discards yellow 1
trash is now blue 4, blue 1, white 1, white 4, white 1, red 5, yellow 3, yellow 1
You now has white 5, green 1, green 1, green 4, red 3
MOVE: 0 0 None 1 0 None
outer hints You about all their green cards hints remaining: 1
You has white 5, green 1, green 1, green 4, red 3
MOVE: 1 2 2 1 None None
You plays green 1 successfully! Board is now green 1, yellow 1, white 1, blue 4, red 3
You now has white 5, green 1, green 4, red 3, yellow 3
MOVE: 0 3 3 None None None
outer discards blue 1
trash is now blue 4, blue 1, white 1, white 4, white 1, red 5, yellow 3, yellow 1, blue 1
outer now has yellow 4, blue 3, green 3, blue 2, green 1
MOVE: 1 3 1 1 None None
You discards green 1
trash is now blue 4, blue 1, white 1, white 4, white 1, red 5, yellow 3, yellow 1, blue 1, green 1
You now has white 5, green 4, red 3, yellow 3, yellow 4
MOVE: 0 1 None 1 None 3
outer hints You about all their 3 hints remaining: 2
You has white 5, green 4, red 3, yellow 3, yellow 4
MOVE: 1 2 2 1 None None
You plays red 3 and fails. Board was green 1, yellow 1, white 1, blue 4, red 3
You now has white 5, green 4, yellow 3, yellow 4, red 2
MOVE: 0 0 None 1 2 None
outer hints You about all their white cards hints remaining: 1
You has white 5, green 4, yellow 3, yellow 4, red 2
MOVE: 1 2 0 1 None None
You plays white 5 and fails. Board was green 1, yellow 1, white 1, blue 4, red 3
You now has green 4, yellow 3, yellow 4, red 2, yellow 5
Score 10
