Old GID: 5f55777199409af4
Treatment: ('outer', 2866)
[(4, 1), (3, 3), (1, 2), (1, 1), (2, 4), (0, 2), (3, 1), (0, 2), (0, 3), (4, 1), (4, 3), (0, 3), (0, 4), (1, 1), (3, 5), (2, 1), (4, 4), (0, 4), (3, 3), (4, 1), (4, 5), (1, 1), (0, 1), (1, 5), (2, 2), (3, 1), (1, 4), (4, 2), (0, 5), (4, 4), (3, 2), (3, 4), (1, 3), (1, 2), (2, 3), (2, 3), (3, 1), (3, 4), (1, 4), (2, 2)]
MOVE: 0 0 None 1 2 None
outer hints You about all their white cards hints remaining: 7
You has white 1, yellow 3, green 1, blue 2, white 5
MOVE: 1 1 None 0 None 1
You hints outer about all their 1 hints remaining: 6
outer has white 4, red 3, red 2, white 1, green 1
MOVE: 0 2 3 None None None
outer plays white 1 successfully! Board is now green 0, yellow 0, white 1, blue 0, red 0
outer now has white 4, red 3, red 2, green 1, red 1
MOVE: 1 0 None 0 4 None
You hints outer about all their red cards hints remaining: 5
outer has white 4, red 3, red 2, green 1, red 1
MOVE: 0 1 None 1 None 1
outer hints You about all their 1 hints remaining: 4
You has white 1, yellow 3, green 1, blue 2, white 5
MOVE: 1 3 0 1 None None
You discards white 1
trash is now white 1
You now has yellow 3, green 1, blue 2, white 5, blue 3
MOVE: 0 0 None 1 0 None
outer hints You about all their green cards hints remaining: 4
You has yellow 3, green 1, blue 2, white 5, blue 3
MOVE: 1 3 1 1 None None
You discards green 1
trash is now white 1, green 1
You now has yellow 3, blue 2, white 5, blue 3, yellow 2
MOVE: 0 1 None 1 None 3
outer hints You about all their 3 hints remaining: 4
You has yellow 3, blue 2, white 5, blue 3, yellow 2
MOVE: 1 1 None 0 None 1
You hints outer about all their 1 hints remaining: 3
outer has white 4, red 3, red 2, green 1, red 1
MOVE: 0 2 4 None None None
outer plays red 1 successfully! Board is now green 0, yellow 0, white 1, blue 0, red 1
outer now has white 4, red 3, red 2, green 1, yellow 1
MOVE: 1 1 None 0 None 1
You hints outer about all their 1 hints remaining: 2
outer has white 4, red 3, red 2, green 1, yellow 1
MOVE: 0 0 None 1 3 None
outer hints You about all their blue cards hints remaining: 1
You has yellow 3, blue 2, white 5, blue 3, yellow 2
MOVE: 1 2 1 1 None None
You plays blue 2 and fails. Board was green 0, yellow 0, white 1, blue 0, red 1
You now has yellow 3, white 5, blue 3, yellow 2, white 4
MOVE: 0 3 2 None None None
outer discards red 2
trash is now white 1, green 1, blue 2, red 2
outer now has white 4, red 3, green 1, yellow 1, green 2
MOVE: 1 3 4 1 None None
You discards white 4
trash is now white 1, green 1, blue 2, red 2, white 4
You now has yellow 3, white 5, blue 3, yellow 2, blue 1
MOVE: 0 1 None 1 None 1
outer hints You about all their 1 hints remaining: 2
You has yellow 3, white 5, blue 3, yellow 2, blue 1
MOVE: 1 3 3 1 None None
You discards yellow 2
trash is now white 1, green 1, blue 2, red 2, white 4, yellow 2
You now has yellow 3, white 5, blue 3, blue 1, green 2
MOVE: 0 0 None 1 3 None
outer hints You about all their blue cards hints remaining: 2
You has yellow 3, white 5, blue 3, blue 1, green 2
MOVE: 1 2 3 1 None None
You plays blue 1 successfully! Board is now green 0, yellow 0, white 1, blue 1, red 1
You now has yellow 3, white 5, blue 3, green 2, green 3
MOVE: 0 1 None 1 None 2
outer hints You about all their 2 hints remaining: 1
You has yellow 3, white 5, blue 3, green 2, green 3
MOVE: 1 2 3 1 None None
You plays green 2 and fails. Board was green 0, yellow 0, white 1, blue 1, red 1
You now has yellow 3, white 5, blue 3, green 3, red 1
MOVE: 0 0 None 1 2 None
outer hints You about all their white cards hints remaining: 0
You has yellow 3, white 5, blue 3, green 3, red 1
MOVE: 1 2 1 1 None None
You plays white 5 and fails. Board was green 0, yellow 0, white 1, blue 1, red 1
You now has yellow 3, blue 3, green 3, red 1, red 3
Score 3
