Old GID: f3e4fe55cc35fcc5
Treatment: ('outer', 2223)
[(2, 1), (3, 3), (4, 4), (4, 1), (0, 1), (2, 5), (0, 1), (1, 5), (4, 2), (3, 1), (1, 1), (2, 4), (2, 2), (2, 1), (0, 4), (1, 3), (1, 4), (0, 3), (0, 4), (2, 3), (0, 3), (2, 4), (3, 3), (3, 2), (1, 2), (1, 4), (4, 1), (0, 5), (0, 2), (1, 3), (2, 3), (3, 4), (4, 1), (3, 1), (4, 5), (1, 1), (4, 3), (0, 1), (1, 2), (3, 4)]
MOVE: 0 0 None 1 3 None
outer hints You about all their blue cards hints remaining: 7
You has blue 5, green 2, blue 1, yellow 1, red 4
MOVE: 1 1 None 0 None 1
You hints outer about all their 1 hints remaining: 6
outer has red 2, white 1, white 2, blue 2, red 3
MOVE: 0 2 1 None None None
outer plays white 1 successfully! Board is now green 0, yellow 0, white 1, blue 0, red 0
outer now has red 2, white 2, blue 2, red 3, white 1
MOVE: 1 1 None 0 None 2
You hints outer about all their 2 hints remaining: 5
outer has red 2, white 2, blue 2, red 3, white 1
MOVE: 0 1 None 1 None 1
outer hints You about all their 1 hints remaining: 4
You has blue 5, green 2, blue 1, yellow 1, red 4
MOVE: 1 0 None 0 2 None
You hints outer about all their white cards hints remaining: 3
outer has red 2, white 2, blue 2, red 3, white 1
MOVE: 0 2 1 None None None
outer plays white 2 successfully! Board is now green 0, yellow 0, white 2, blue 0, red 0
outer now has red 2, blue 2, red 3, white 1, blue 3
MOVE: 1 2 2 1 None None
You plays blue 1 successfully! Board is now green 0, yellow 0, white 2, blue 1, red 0
You now has blue 5, green 2, yellow 1, red 4, red 4
MOVE: 0 0 None 1 1 None
outer hints You about all their yellow cards hints remaining: 2
You has blue 5, green 2, yellow 1, red 4, red 4
MOVE: 1 2 2 1 None None
You plays yellow 1 successfully! Board is now green 0, yellow 1, white 2, blue 1, red 0
You now has blue 5, green 2, red 4, red 4, red 1
MOVE: 0 1 None 1 None 1
outer hints You about all their 1 hints remaining: 1
You has blue 5, green 2, red 4, red 4, red 1
MOVE: 1 2 4 1 None None
You plays red 1 successfully! Board is now green 0, yellow 1, white 2, blue 1, red 1
You now has blue 5, green 2, red 4, red 4, green 1
MOVE: 0 0 None 1 0 None
outer hints You about all their green cards hints remaining: 0
You has blue 5, green 2, red 4, red 4, green 1
MOVE: 1 3 2 1 None None
You discards red 4
trash is now red 4
You now has blue 5, green 2, red 4, green 1, white 5
MOVE: 0 1 None 1 None 1
outer hints You about all their 1 hints remaining: 0
You has blue 5, green 2, red 4, green 1, white 5
MOVE: 1 2 3 1 None None
You plays green 1 successfully! Board is now green 1, yellow 1, white 2, blue 1, red 1
You now has blue 5, green 2, red 4, white 5, green 1
MOVE: 0 2 0 None None None
outer plays red 2 successfully! Board is now green 1, yellow 1, white 2, blue 1, red 2
outer now has blue 2, red 3, white 1, blue 3, yellow 5
MOVE: 1 3 2 1 None None
You discards red 4
trash is now red 4, red 4
You now has blue 5, green 2, white 5, green 1, red 2
MOVE: 0 0 None 1 0 None
outer hints You about all their green cards hints remaining: 0
You has blue 5, green 2, white 5, green 1, red 2
MOVE: 1 2 1 1 None None
You plays green 2 successfully! Board is now green 2, yellow 1, white 2, blue 1, red 2
You now has blue 5, white 5, green 1, red 2, blue 1
MOVE: 0 3 4 None None None
outer discards yellow 5
trash is now red 4, red 4, yellow 5
outer now has blue 2, red 3, white 1, blue 3, yellow 1
MOVE: 1 1 None 0 None 3
You hints outer about all their 3 hints remaining: 0
outer has blue 2, red 3, white 1, blue 3, yellow 1
MOVE: 0 3 3 None None None
outer discards blue 3
trash is now red 4, red 4, yellow 5, blue 3
outer now has blue 2, red 3, white 1, yellow 1, white 4
MOVE: 1 0 None 0 4 None
You hints outer about all their red cards hints remaining: 0
outer has blue 2, red 3, white 1, yellow 1, white 4
MOVE: 0 2 1 None None None
outer plays red 3 successfully! Board is now green 2, yellow 1, white 2, blue 1, red 3
outer now has blue 2, white 1, yellow 1, white 4, white 2
MOVE: 1 2 0 1 None None
You plays blue 5 and fails. Board was green 2, yellow 1, white 2, blue 1, red 3
You now has white 5, green 1, red 2, blue 1, white 1
MOVE: 0 3 2 None None None
outer discards yellow 1
trash is now red 4, red 4, yellow 5, blue 3, blue 5, yellow 1
outer now has blue 2, white 1, white 4, white 2, green 4
MOVE: 1 2 1 1 None None
You plays green 1 and fails. Board was green 2, yellow 1, white 2, blue 1, red 3
You now has white 5, red 2, blue 1, white 1, yellow 3
MOVE: 0 1 None 1 None 2
outer hints You about all their 2 hints remaining: 0
You has white 5, red 2, blue 1, white 1, yellow 3
MOVE: 1 2 1 1 None None
You plays red 2 and fails. Board was green 2, yellow 1, white 2, blue 1, red 3
You now has white 5, blue 1, white 1, yellow 3, yellow 4
Score 9
