Old GID: 1eba4346b3e8ab26
Treatment: ('outer', 908)
[(1, 2), (0, 2), (0, 2), (3, 2), (3, 2), (2, 1), (1, 4), (1, 5), (4, 3), (4, 3), (2, 3), (4, 5), (2, 2), (1, 3), (2, 5), (2, 1), (2, 4), (0, 4), (2, 1), (1, 4), (4, 2), (0, 3), (3, 3), (1, 2), (1, 3), (3, 5), (3, 3), (4, 4), (1, 1), (0, 3), (3, 4), (3, 4), (4, 4), (3, 1), (2, 4), (4, 2), (0, 1), (0, 4), (4, 1), (3, 1)]
MOVE: 0 1 None 1 None 1
outer hints You about all their 1 hints remaining: 7
You has red 1, blue 1, red 1, white 3, green 1
MOVE: 1 2 0 1 None None
You plays red 1 successfully! Board is now green 0, yellow 0, white 0, blue 0, red 1
You now has blue 1, red 1, white 3, green 1, yellow 2
MOVE: 0 0 None 1 3 None
outer hints You about all their blue cards hints remaining: 6
You has blue 1, red 1, white 3, green 1, yellow 2
MOVE: 1 2 1 1 None None
You plays red 1 and fails. Board was green 0, yellow 0, white 0, blue 0, red 1
You now has blue 1, white 3, green 1, yellow 2, green 2
MOVE: 0 1 None 1 None 1
outer hints You about all their 1 hints remaining: 5
You has blue 1, white 3, green 1, yellow 2, green 2
MOVE: 1 2 2 1 None None
You plays green 1 successfully! Board is now green 1, yellow 0, white 0, blue 0, red 1
You now has blue 1, white 3, yellow 2, green 2, green 2
MOVE: 0 0 None 1 0 None
outer hints You about all their green cards hints remaining: 4
You has blue 1, white 3, yellow 2, green 2, green 2
MOVE: 1 2 0 1 None None
You plays blue 1 successfully! Board is now green 1, yellow 0, white 0, blue 1, red 1
You now has white 3, yellow 2, green 2, green 2, blue 2
MOVE: 0 1 None 1 None 2
outer hints You about all their 2 hints remaining: 3
You has white 3, yellow 2, green 2, green 2, blue 2
MOVE: 1 2 2 1 None None
You plays green 2 successfully! Board is now green 2, yellow 0, white 0, blue 1, red 1
You now has white 3, yellow 2, green 2, blue 2, blue 2
MOVE: 0 1 None 1 None 2
outer hints You about all their 2 hints remaining: 2
You has white 3, yellow 2, green 2, blue 2, blue 2
MOVE: 1 3 2 1 None None
You discards green 2
trash is now red 1, green 2
You now has white 3, yellow 2, blue 2, blue 2, white 1
MOVE: 0 0 None 1 3 None
outer hints You about all their blue cards hints remaining: 2
You has white 3, yellow 2, blue 2, blue 2, white 1
MOVE: 1 2 2 1 None None
You plays blue 2 successfully! Board is now green 2, yellow 0, white 0, blue 2, red 1
You now has white 3, yellow 2, blue 2, white 1, yellow 4
MOVE: 0 0 None 1 2 None
outer hints You about all their white cards hints remaining: 1
You has white 3, yellow 2, blue 2, white 1, yellow 4
MOVE: 1 3 2 1 None None
You discards blue 2
trash is now red 1, green 2, blue 2
You now has white 3, yellow 2, white 1, yellow 4, yellow 5
MOVE: 0 1 None 1 None 1
outer hints You about all their 1 hints remaining: 1
You has white 3, yellow 2, white 1, yellow 4, yellow 5
MOVE: 1 2 2 1 None None
You plays white 1 successfully! Board is now green 2, yellow 0, white 1, blue 2, red 1
You now has white 3, yellow 2, yellow 4, yellow 5, red 3
MOVE: 0 1 None 1 None 3
outer hints You about all their 3 hints remaining: 0
You has white 3, yellow 2, yellow 4, yellow 5, red 3
MOVE: 1 2 1 1 None None
You plays yellow 2 and fails. Board was green 2, yellow 0, white 1, blue 2, red 1
You now has white 3, yellow 4, yellow 5, red 3, red 3
MOVE: 0 3 1 None None None
outer discards yellow 1
trash is now red 1, green 2, blue 2, yellow 2, yellow 1
outer now has white 2, green 5, yellow 1, green 1, white 3
MOVE: 1 2 0 1 None None
You plays white 3 and fails. Board was green 2, yellow 0, white 1, blue 2, red 1
You now has yellow 4, yellow 5, red 3, red 3, red 5
Score 6
