Old GID: 646d5f935b7e9e69
Treatment: ('full', 4829)
[(4, 3), (1, 1), (0, 3), (2, 1), (1, 5), (4, 2), (1, 4), (2, 2), (1, 4), (0, 1), (0, 2), (3, 4), (3, 2), (4, 1), (4, 3), (3, 1), (0, 5), (0, 1), (1, 3), (0, 1), (3, 1), (2, 2), (3, 2), (2, 1), (3, 3), (3, 1), (2, 4), (2, 4), (4, 4), (0, 3), (4, 5), (2, 3), (1, 2), (4, 2), (3, 5), (1, 1), (1, 3), (0, 2), (1, 1), (4, 4)]
MOVE: 0 1 None 1 None 1
full hints You about all their 1 hints remaining: 7
You has red 1, white 1, blue 3, green 4, yellow 2
MOVE: 1 2 0 1 None None
You plays red 1 successfully! Board is now green 0, yellow 0, white 0, blue 0, red 1
You now has white 1, blue 3, green 4, yellow 2, red 3
MOVE: 0 0 None 1 2 None
full hints You about all their white cards hints remaining: 6
You has white 1, blue 3, green 4, yellow 2, red 3
MOVE: 1 2 0 1 None None
You plays white 1 successfully! Board is now green 0, yellow 0, white 1, blue 0, red 1
You now has blue 3, green 4, yellow 2, red 3, yellow 1
MOVE: 0 0 None 1 1 None
full hints You about all their yellow cards hints remaining: 5
You has blue 3, green 4, yellow 2, red 3, yellow 1
MOVE: 1 1 None 0 None 1
You hints full about all their 1 hints remaining: 4
full has red 1, green 4, white 5, blue 4, white 3
MOVE: 0 2 0 None None None
full plays red 1 and fails. Board was green 0, yellow 0, white 1, blue 0, red 1
full now has green 4, white 5, blue 4, white 3, green 3
MOVE: 1 2 2 1 None None
You plays yellow 2 and fails. Board was green 0, yellow 0, white 1, blue 0, red 1
You now has blue 3, green 4, red 3, yellow 1, white 1
MOVE: 0 3 4 None None None
full discards green 3
trash is now red 1, yellow 2, green 3
full now has green 4, white 5, blue 4, white 3, yellow 5
MOVE: 1 2 3 1 None None
You plays yellow 1 successfully! Board is now green 0, yellow 1, white 1, blue 0, red 1
You now has blue 3, green 4, red 3, white 1, red 2
MOVE: 0 1 None 1 None 2
full hints You about all their 2 hints remaining: 4
You has blue 3, green 4, red 3, white 1, red 2
MOVE: 1 2 4 1 None None
You plays red 2 successfully! Board is now green 0, yellow 1, white 1, blue 0, red 2
You now has blue 3, green 4, red 3, white 1, yellow 4
MOVE: 0 0 None 1 4 None
full hints You about all their red cards hints remaining: 3
You has blue 3, green 4, red 3, white 1, yellow 4
MOVE: 1 2 2 1 None None
You plays red 3 successfully! Board is now green 0, yellow 1, white 1, blue 0, red 3
You now has blue 3, green 4, white 1, yellow 4, white 2
MOVE: 0 0 None 1 2 None
full hints You about all their white cards hints remaining: 2
You has blue 3, green 4, white 1, yellow 4, white 2
MOVE: 1 2 2 1 None None
You plays white 1 and fails. Board was green 0, yellow 1, white 1, blue 0, red 3
You now has blue 3, green 4, yellow 4, white 2, yellow 4
Score 5
