Old GID: c0776dadea78e784
Treatment: ('full', 8306)
[(3, 3), (0, 2), (1, 3), (1, 4), (2, 3), (0, 1), (4, 1), (3, 1), (2, 3), (3, 2), (0, 2), (3, 4), (2, 1), (4, 4), (4, 3), (2, 1), (0, 4), (0, 3), (2, 2), (3, 1), (4, 4), (3, 1), (4, 5), (1, 2), (3, 2), (1, 1), (1, 5), (0, 1), (1, 3), (2, 1), (4, 1), (4, 1), (1, 1), (0, 1), (2, 2), (3, 4), (2, 4), (3, 3), (0, 3), (3, 5)]
MOVE: 0 3 0 None None None
full discards red 2
trash is now red 2
full now has green 5, yellow 1, white 4, white 5, blue 3
MOVE: 1 0 None 0 1 None
You hints full about all their yellow cards hints remaining: 7
full has green 5, yellow 1, white 4, white 5, blue 3
MOVE: 0 2 1 None None None
full plays yellow 1 successfully! Board is now green 0, yellow 1, white 0, blue 0, red 0
full now has green 5, white 4, white 5, blue 3, green 2
MOVE: 1 3 0 1 None None
You discards green 4
trash is now red 2, green 4
You now has yellow 4, red 3, red 2, yellow 2, yellow 3
MOVE: 0 3 4 None None None
full discards green 2
trash is now red 2, green 4, green 2
full now has green 5, white 4, white 5, blue 3, yellow 4
MOVE: 1 3 0 1 None None
You discards yellow 4
trash is now red 2, green 4, green 2, yellow 4
You now has red 3, red 2, yellow 2, yellow 3, white 3
MOVE: 0 3 4 None None None
full discards yellow 4
trash is now red 2, green 4, green 2, yellow 4, yellow 4
full now has green 5, white 4, white 5, blue 3, green 1
MOVE: 1 3 0 1 None None
You discards red 3
trash is now red 2, green 4, green 2, yellow 4, yellow 4, red 3
You now has red 2, yellow 2, yellow 3, white 3, red 1
MOVE: 0 1 None 1 None 1
full hints You about all their 1 hints remaining: 7
You has red 2, yellow 2, yellow 3, white 3, red 1
MOVE: 1 2 4 1 None None
You plays red 1 successfully! Board is now green 0, yellow 1, white 0, blue 0, red 1
You now has red 2, yellow 2, yellow 3, white 3, blue 1
MOVE: 0 1 None 1 None 2
full hints You about all their 2 hints remaining: 6
You has red 2, yellow 2, yellow 3, white 3, blue 1
MOVE: 1 2 4 1 None None
You plays blue 1 successfully! Board is now green 0, yellow 1, white 0, blue 1, red 1
You now has red 2, yellow 2, yellow 3, white 3, white 3
MOVE: 0 0 None 1 1 None
full hints You about all their yellow cards hints remaining: 5
You has red 2, yellow 2, yellow 3, white 3, white 3
MOVE: 1 2 4 1 None None
You plays white 3 and fails. Board was green 0, yellow 1, white 0, blue 1, red 1
You now has red 2, yellow 2, yellow 3, white 3, blue 2
MOVE: 0 1 None 1 None 2
full hints You about all their 2 hints remaining: 4
You has red 2, yellow 2, yellow 3, white 3, blue 2
MOVE: 1 2 4 1 None None
You plays blue 2 successfully! Board is now green 0, yellow 1, white 0, blue 2, red 1
You now has red 2, yellow 2, yellow 3, white 3, green 2
MOVE: 0 0 None 1 4 None
full hints You about all their red cards hints remaining: 3
You has red 2, yellow 2, yellow 3, white 3, green 2
MOVE: 1 2 4 1 None None
You plays green 2 and fails. Board was green 0, yellow 1, white 0, blue 2, red 1
You now has red 2, yellow 2, yellow 3, white 3, blue 4
MOVE: 0 3 4 None None None
full discards green 1
trash is now red 2, green 4, green 2, yellow 4, yellow 4, red 3, white 3, green 2, green 1
full now has green 5, white 4, white 5, blue 3, white 1
MOVE: 1 2 4 1 None None
You plays blue 4 and fails. Board was green 0, yellow 1, white 0, blue 2, red 1
You now has red 2, yellow 2, yellow 3, white 3, red 4
Score 4
