Old GID: 6c91ead4609b24a4
Treatment: ('outer', 5064)
[(3, 2), (2, 3), (1, 4), (0, 4), (2, 2), (2, 1), (1, 1), (0, 4), (2, 4), (3, 3), (4, 1), (3, 5), (1, 4), (2, 1), (0, 2), (0, 5), (0, 1), (4, 1), (0, 2), (2, 1), (3, 3), (2, 3), (3, 1), (4, 5), (0, 3), (1, 5), (4, 2), (3, 2), (3, 4), (3, 4), (2, 2), (0, 1), (2, 4), (1, 1), (1, 1), (3, 1), (4, 2), (1, 3), (0, 3), (4, 4)]
MOVE: 0 1 None 1 None 1
outer hints You about all their 1 hints remaining: 7
You has blue 1, red 3, green 1, red 1, white 5
MOVE: 1 1 None 0 None 2
You hints outer about all their 2 hints remaining: 6
outer has red 4, yellow 2, yellow 2, red 3, yellow 3
MOVE: 0 0 None 1 3 None
outer hints You about all their blue cards hints remaining: 5
You has blue 1, red 3, green 1, red 1, white 5
MOVE: 1 2 0 1 None None
You plays blue 1 successfully! Board is now green 0, yellow 0, white 0, blue 1, red 0
You now has red 3, green 1, red 1, white 5, blue 2
MOVE: 0 1 None 1 None 2
outer hints You about all their 2 hints remaining: 4
You has red 3, green 1, red 1, white 5, blue 2
MOVE: 1 2 4 1 None None
You plays blue 2 successfully! Board is now green 0, yellow 0, white 0, blue 2, red 0
You now has red 3, green 1, red 1, white 5, white 3
MOVE: 0 0 None 1 0 None
outer hints You about all their green cards hints remaining: 3
You has red 3, green 1, red 1, white 5, white 3
MOVE: 1 2 1 1 None None
You plays green 1 successfully! Board is now green 1, yellow 0, white 0, blue 2, red 0
You now has red 3, red 1, white 5, white 3, yellow 4
MOVE: 0 1 None 1 None 1
outer hints You about all their 1 hints remaining: 2
You has red 3, red 1, white 5, white 3, yellow 4
MOVE: 1 0 None 0 1 None
You hints outer about all their yellow cards hints remaining: 1
outer has red 4, yellow 2, yellow 2, red 3, yellow 3
MOVE: 0 0 None 1 4 None
outer hints You about all their red cards hints remaining: 0
You has red 3, red 1, white 5, white 3, yellow 4
MOVE: 1 2 1 1 None None
You plays red 1 successfully! Board is now green 1, yellow 0, white 0, blue 2, red 1
You now has red 3, white 5, white 3, yellow 4, green 4
MOVE: 0 3 0 None None None
outer discards red 4
trash is now red 4
outer now has yellow 2, yellow 2, red 3, yellow 3, white 2
MOVE: 1 2 0 1 None None
You plays red 3 and fails. Board was green 1, yellow 0, white 0, blue 2, red 1
You now has white 5, white 3, yellow 4, green 4, white 1
MOVE: 0 0 None 1 2 None
outer hints You about all their white cards hints remaining: 0
You has white 5, white 3, yellow 4, green 4, white 1
MOVE: 1 3 2 1 None None
You discards yellow 4
trash is now red 4, red 3, yellow 4
You now has white 5, white 3, green 4, white 1, yellow 1
MOVE: 0 1 None 1 None 1
outer hints You about all their 1 hints remaining: 0
You has white 5, white 3, green 4, white 1, yellow 1
MOVE: 1 2 3 1 None None
You plays white 1 successfully! Board is now green 1, yellow 0, white 1, blue 2, red 1
You now has white 5, white 3, green 4, yellow 1, green 4
MOVE: 0 3 4 None None None
outer discards white 2
trash is now red 4, red 3, yellow 4, white 2
outer now has yellow 2, yellow 2, red 3, yellow 3, white 4
MOVE: 1 2 3 1 None None
You plays yellow 1 successfully! Board is now green 1, yellow 1, white 1, blue 2, red 1
You now has white 5, white 3, green 4, green 4, blue 3
MOVE: 0 2 0 None None None
outer plays yellow 2 successfully! Board is now green 1, yellow 2, white 1, blue 2, red 1
outer now has yellow 2, red 3, yellow 3, white 4, red 1
MOVE: 1 1 None 0 None 3
You hints outer about all their 3 hints remaining: 0
outer has yellow 2, red 3, yellow 3, white 4, red 1
MOVE: 0 2 2 None None None
outer plays yellow 3 successfully! Board is now green 1, yellow 3, white 1, blue 2, red 1
outer now has yellow 2, red 3, white 4, red 1, blue 5
MOVE: 1 3 2 1 None None
You discards green 4
trash is now red 4, red 3, yellow 4, white 2, green 4
You now has white 5, white 3, green 4, blue 3, yellow 4
MOVE: 0 3 0 None None None
outer discards yellow 2
trash is now red 4, red 3, yellow 4, white 2, green 4, yellow 2
outer now has red 3, white 4, red 1, blue 5, white 1
MOVE: 1 1 None 0 None 1
You hints outer about all their 1 hints remaining: 1
outer has red 3, white 4, red 1, blue 5, white 1
MOVE: 0 3 2 None None None
outer discards red 1
trash is now red 4, red 3, yellow 4, white 2, green 4, yellow 2, red 1
outer now has red 3, white 4, blue 5, white 1, green 2
MOVE: 1 1 None 0 None 2
You hints outer about all their 2 hints remaining: 1
outer has red 3, white 4, blue 5, white 1, green 2
MOVE: 0 3 3 None None None
outer discards white 1
trash is now red 4, red 3, yellow 4, white 2, green 4, yellow 2, red 1, white 1
outer now has red 3, white 4, blue 5, green 2, green 5
MOVE: 1 0 None 0 0 None
You hints outer about all their green cards hints remaining: 1
outer has red 3, white 4, blue 5, green 2, green 5
MOVE: 0 2 3 None None None
outer plays green 2 successfully! Board is now green 2, yellow 3, white 1, blue 2, red 1
outer now has red 3, white 4, blue 5, green 5, green 1
MOVE: 1 1 None 0 None 1
You hints outer about all their 1 hints remaining: 0
outer has red 3, white 4, blue 5, green 5, green 1
MOVE: 0 3 4 None None None
outer discards green 1
trash is now red 4, red 3, yellow 4, white 2, green 4, yellow 2, red 1, white 1, green 1
outer now has red 3, white 4, blue 5, green 5, red 1
MOVE: 1 1 None 0 None 1
You hints outer about all their 1 hints remaining: 0
outer has red 3, white 4, blue 5, green 5, red 1
MOVE: 0 3 4 None None None
outer discards red 1
trash is now red 4, red 3, yellow 4, white 2, green 4, yellow 2, red 1, white 1, green 1, red 1
outer now has red 3, white 4, blue 5, green 5, green 2
MOVE: 1 1 None 0 None 5
You hints outer about all their 5 hints remaining: 0
outer has red 3, white 4, blue 5, green 5, green 2
MOVE: 0 3 1 None None None
outer discards white 4
trash is now red 4, red 3, yellow 4, white 2, green 4, yellow 2, red 1, white 1, green 1, red 1, white 4
outer now has red 3, blue 5, green 5, green 2, white 1
MOVE: 1 3 1 1 None None
You discards white 3
trash is now red 4, red 3, yellow 4, white 2, green 4, yellow 2, red 1, white 1, green 1, red 1, white 4, white 3
You now has white 5, green 4, blue 3, yellow 4, blue 3
MOVE: 0 1 None 1 None 4
outer hints You about all their 4 hints remaining: 1
You has white 5, green 4, blue 3, yellow 4, blue 3
MOVE: 1 2 1 1 None None
You plays green 4 and fails. Board was green 2, yellow 3, white 1, blue 2, red 1
You now has white 5, blue 3, yellow 4, blue 3, white 3
MOVE: 0 0 None 1 1 None
outer hints You about all their yellow cards hints remaining: 0
You has white 5, blue 3, yellow 4, blue 3, white 3
MOVE: 1 2 2 1 None None
You plays yellow 4 successfully! Board is now green 2, yellow 4, white 1, blue 2, red 1
You now has white 5, blue 3, blue 3, white 3, blue 1
MOVE: 0 3 4 None None None
outer discards white 1
trash is now red 4, red 3, yellow 4, white 2, green 4, yellow 2, red 1, white 1, green 1, red 1, white 4, white 3, green 4, white 1
outer now has red 3, blue 5, green 5, green 2, red 5
MOVE: 1 2 0 1 None None
You plays white 5 and fails. Board was green 2, yellow 4, white 1, blue 2, red 1
You now has blue 3, blue 3, white 3, blue 1, green 3
Score 10
