Old GID: d7a4df345c695944
Treatment: ('outer', 8937)
[(0, 5), (4, 3), (3, 2), (2, 3), (0, 3), (3, 3), (3, 3), (2, 4), (2, 2), (1, 3), (2, 2), (2, 3), (3, 4), (0, 1), (3, 1), (0, 4), (4, 2), (1, 1), (1, 1), (1, 3), (0, 2), (1, 2), (2, 1), (3, 2), (0, 4), (3, 1), (3, 1), (4, 1), (4, 3), (4, 1), (2, 5), (1, 5), (0, 1), (4, 4), (4, 1), (4, 2), (2, 1), (4, 4), (0, 2), (2, 1)]
MOVE: 0 0 None 1 1 None
outer hints You about all their yellow cards hints remaining: 7
You has red 5, green 3, yellow 1, green 1, white 4
MOVE: 1 2 2 1 None None
You plays yellow 1 successfully! Board is now green 0, yellow 1, white 0, blue 0, red 0
You now has red 5, green 3, green 1, white 4, green 5
MOVE: 0 0 None 1 0 None
outer hints You about all their green cards hints remaining: 6
You has red 5, green 3, green 1, white 4, green 5
MOVE: 1 2 4 1 None None
You plays green 5 and fails. Board was green 0, yellow 1, white 0, blue 0, red 0
You now has red 5, green 3, green 1, white 4, red 3
MOVE: 0 1 None 1 None 1
outer hints You about all their 1 hints remaining: 5
You has red 5, green 3, green 1, white 4, red 3
MOVE: 1 2 2 1 None None
You plays green 1 successfully! Board is now green 1, yellow 1, white 0, blue 0, red 0
You now has red 5, green 3, white 4, red 3, blue 2
MOVE: 0 1 None 1 None 3
outer hints You about all their 3 hints remaining: 4
You has red 5, green 3, white 4, red 3, blue 2
MOVE: 1 1 None 0 None 2
You hints outer about all their 2 hints remaining: 3
outer has blue 5, yellow 4, yellow 4, yellow 2, blue 4
MOVE: 0 0 None 1 0 None
outer hints You about all their green cards hints remaining: 2
You has red 5, green 3, white 4, red 3, blue 2
MOVE: 1 0 None 0 1 None
You hints outer about all their yellow cards hints remaining: 1
outer has blue 5, yellow 4, yellow 4, yellow 2, blue 4
MOVE: 0 2 3 None None None
outer plays yellow 2 successfully! Board is now green 1, yellow 2, white 0, blue 0, red 0
outer now has blue 5, yellow 4, yellow 4, blue 4, white 3
MOVE: 1 1 None 0 None 4
You hints outer about all their 4 hints remaining: 0
outer has blue 5, yellow 4, yellow 4, blue 4, white 3
MOVE: 0 3 4 None None None
outer discards white 3
trash is now green 5, white 3
outer now has blue 5, yellow 4, yellow 4, blue 4, green 3
MOVE: 1 3 1 1 None None
You discards green 3
trash is now green 5, white 3, green 3
You now has red 5, white 4, red 3, blue 2, blue 3
MOVE: 0 0 None 1 4 None
outer hints You about all their red cards hints remaining: 1
You has red 5, white 4, red 3, blue 2, blue 3
MOVE: 1 2 0 1 None None
You plays red 5 and fails. Board was green 1, yellow 2, white 0, blue 0, red 0
You now has white 4, red 3, blue 2, blue 3, blue 3
MOVE: 0 1 None 1 None 3
outer hints You about all their 3 hints remaining: 0
You has white 4, red 3, blue 2, blue 3, blue 3
MOVE: 1 2 4 1 None None
You plays blue 3 and fails. Board was green 1, yellow 2, white 0, blue 0, red 0
You now has white 4, red 3, blue 2, blue 3, white 4
Score 3
