Old GID: 14d12b05d8f1e31b
Treatment: ('outer', 1389)
[(0, 3), (3, 3), (2, 2), (1, 3), (2, 4), (4, 1), (3, 3), (3, 2), (4, 2), (0, 1), (0, 2), (2, 1), (4, 1), (1, 2), (1, 5), (0, 3), (2, 4), (4, 2), (2, 5), (1, 1), (1, 2), (3, 1), (4, 1), (2, 2), (3, 1), (3, 4), (4, 3), (1, 4), (3, 1), (1, 3), (0, 1), (2, 3), (4, 5), (3, 5), (3, 2), (1, 1), (4, 3), (0, 4), (2, 3), (0, 1)]
MOVE: 0 1 None 1 None 1
outer hints You about all their 1 hints remaining: 7
You has green 4, blue 4, yellow 1, green 2, red 4
MOVE: 1 1 None 0 None 1
You hints outer about all their 1 hints remaining: 6
outer has white 1, red 4, green 5, white 1, yellow 4
MOVE: 0 2 0 None None None
outer plays white 1 successfully! Board is now green 0, yellow 0, white 1, blue 0, red 0
outer now has red 4, green 5, white 1, yellow 4, green 3
MOVE: 1 0 None 0 2 None
You hints outer about all their white cards hints remaining: 5
outer has red 4, green 5, white 1, yellow 4, green 3
MOVE: 0 3 2 None None None
outer discards white 1
trash is now white 1
outer now has red 4, green 5, yellow 4, green 3, blue 3
MOVE: 1 2 2 1 None None
You plays yellow 1 successfully! Board is now green 0, yellow 1, white 1, blue 0, red 0
You now has green 4, blue 4, green 2, red 4, white 2
MOVE: 0 1 None 1 None 2
outer hints You about all their 2 hints remaining: 5
You has green 4, blue 4, green 2, red 4, white 2
MOVE: 1 2 2 1 None None
You plays green 2 and fails. Board was green 0, yellow 1, white 1, blue 0, red 0
You now has green 4, blue 4, red 4, white 2, yellow 3
MOVE: 0 0 None 1 2 None
outer hints You about all their white cards hints remaining: 4
You has green 4, blue 4, red 4, white 2, yellow 3
MOVE: 1 2 3 1 None None
You plays white 2 successfully! Board is now green 0, yellow 1, white 2, blue 0, red 0
You now has green 4, blue 4, red 4, yellow 3, white 4
MOVE: 0 0 None 1 2 None
outer hints You about all their white cards hints remaining: 3
You has green 4, blue 4, red 4, yellow 3, white 4
MOVE: 1 2 4 1 None None
You plays white 4 and fails. Board was green 0, yellow 1, white 2, blue 0, red 0
You now has green 4, blue 4, red 4, yellow 3, red 1
MOVE: 0 0 None 1 4 None
outer hints You about all their red cards hints remaining: 2
You has green 4, blue 4, red 4, yellow 3, red 1
MOVE: 1 2 2 1 None None
You plays red 4 and fails. Board was green 0, yellow 1, white 2, blue 0, red 0
You now has green 4, blue 4, yellow 3, red 1, blue 3
Score 3
