Old GID: ecdfa9b81968de09
Treatment: ('outer', 977)
[(4, 3), (2, 4), (1, 3), (4, 4), (2, 2), (0, 5), (4, 1), (0, 1), (2, 1), (3, 3), (4, 5), (0, 2), (2, 3), (1, 1), (3, 4), (3, 4), (2, 1), (3, 3), (3, 5), (3, 2), (3, 2), (1, 1), (0, 2), (0, 3), (1, 2), (4, 2), (2, 2), (1, 2), (4, 4), (0, 4), (1, 1), (2, 5), (2, 4), (3, 1), (4, 1), (4, 2), (1, 3), (2, 3), (0, 1), (3, 1)]
MOVE: 0 0 None 1 0 None
outer hints You about all their green cards hints remaining: 7
You has yellow 4, green 1, red 1, red 3, white 1
MOVE: 1 1 None 0 None 1
You hints outer about all their 1 hints remaining: 6
outer has yellow 4, blue 1, yellow 5, green 4, green 3
MOVE: 0 2 1 None None None
outer plays blue 1 successfully! Board is now green 0, yellow 0, white 0, blue 1, red 0
outer now has yellow 4, yellow 5, green 4, green 3, red 3
MOVE: 1 2 1 1 None None
You plays green 1 successfully! Board is now green 1, yellow 0, white 0, blue 1, red 0
You now has yellow 4, red 1, red 3, white 1, white 4
MOVE: 0 1 None 1 None 1
outer hints You about all their 1 hints remaining: 5
You has yellow 4, red 1, red 3, white 1, white 4
MOVE: 1 2 1 1 None None
You plays red 1 successfully! Board is now green 1, yellow 0, white 0, blue 1, red 1
You now has yellow 4, red 3, white 1, white 4, yellow 3
MOVE: 0 0 None 1 2 None
outer hints You about all their white cards hints remaining: 4
You has yellow 4, red 3, white 1, white 4, yellow 3
MOVE: 1 2 2 1 None None
You plays white 1 successfully! Board is now green 1, yellow 0, white 1, blue 1, red 1
You now has yellow 4, red 3, white 4, yellow 3, red 4
MOVE: 0 0 None 1 4 None
outer hints You about all their red cards hints remaining: 3
You has yellow 4, red 3, white 4, yellow 3, red 4
MOVE: 1 2 1 1 None None
You plays red 3 and fails. Board was green 1, yellow 0, white 1, blue 1, red 1
You now has yellow 4, white 4, yellow 3, red 4, white 2
MOVE: 0 0 None 1 2 None
outer hints You about all their white cards hints remaining: 2
You has yellow 4, white 4, yellow 3, red 4, white 2
MOVE: 1 0 None 0 4 None
You hints outer about all their red cards hints remaining: 1
outer has yellow 4, yellow 5, green 4, green 3, red 3
MOVE: 0 1 None 1 None 2
outer hints You about all their 2 hints remaining: 0
You has yellow 4, white 4, yellow 3, red 4, white 2
MOVE: 1 2 4 1 None None
You plays white 2 successfully! Board is now green 1, yellow 0, white 2, blue 1, red 1
You now has yellow 4, white 4, yellow 3, red 4, green 5
MOVE: 0 3 1 None None None
outer discards yellow 5
trash is now red 3, yellow 5
outer now has yellow 4, green 4, green 3, red 3, red 1
MOVE: 1 3 0 1 None None
You discards yellow 4
trash is now red 3, yellow 5, yellow 4
You now has white 4, yellow 3, red 4, green 5, green 1
MOVE: 0 1 None 1 None 4
outer hints You about all their 4 hints remaining: 1
You has white 4, yellow 3, red 4, green 5, green 1
MOVE: 1 3 1 1 None None
You discards yellow 3
trash is now red 3, yellow 5, yellow 4, yellow 3
You now has white 4, red 4, green 5, green 1, white 1
MOVE: 0 1 None 1 None 1
outer hints You about all their 1 hints remaining: 1
You has white 4, red 4, green 5, green 1, white 1
MOVE: 1 2 3 1 None None
You plays green 1 and fails. Board was green 1, yellow 0, white 2, blue 1, red 1
You now has white 4, red 4, green 5, white 1, blue 3
MOVE: 0 1 None 1 None 3
outer hints You about all their 3 hints remaining: 0
You has white 4, red 4, green 5, white 1, blue 3
MOVE: 1 2 3 1 None None
You plays white 1 and fails. Board was green 1, yellow 0, white 2, blue 1, red 1
You now has white 4, red 4, green 5, blue 3, red 5
Score 5
