Old GID: 5f7b94635edf19da
Treatment: ('full', 519)
[(2, 1), (1, 4), (1, 4), (3, 3), (3, 4), (4, 1), (4, 5), (4, 4), (4, 1), (1, 3), (4, 3), (0, 4), (1, 1), (4, 3), (0, 2), (4, 1), (3, 2), (0, 4), (0, 5), (1, 1), (0, 1), (3, 5), (2, 2), (1, 5), (1, 1), (1, 2), (3, 4), (0, 1), (3, 1), (2, 5), (0, 3), (2, 4), (4, 2), (2, 3), (2, 3), (4, 2), (0, 3), (1, 3), (0, 1), (3, 1)]
MOVE: 0 1 None 1 None 1
full hints You about all their 1 hints remaining: 7
You has white 1, yellow 2, green 2, white 1, white 4
MOVE: 1 2 3 1 None None
You plays white 1 successfully! Board is now green 0, yellow 0, white 1, blue 0, red 0
You now has white 1, yellow 2, green 2, white 4, white 1
MOVE: 0 3 0 None None None
full discards blue 1
trash is now blue 1
full now has blue 2, red 4, white 2, blue 3, yellow 4
MOVE: 1 1 None 0 None 2
You hints full about all their 2 hints remaining: 7
full has blue 2, red 4, white 2, blue 3, yellow 4
MOVE: 0 2 0 None None None
full plays blue 2 and fails. Board was green 0, yellow 0, white 1, blue 0, red 0
full now has red 4, white 2, blue 3, yellow 4, yellow 4
MOVE: 1 2 0 1 None None
You plays white 1 and fails. Board was green 0, yellow 0, white 1, blue 0, red 0
You now has yellow 2, green 2, white 4, white 1, blue 3
MOVE: 0 3 0 None None None
full discards red 4
trash is now blue 1, blue 2, white 1, red 4
full now has white 2, blue 3, yellow 4, yellow 4, blue 4
MOVE: 1 0 None 0 2 None
You hints full about all their white cards hints remaining: 7
full has white 2, blue 3, yellow 4, yellow 4, blue 4
MOVE: 0 2 0 None None None
full plays white 2 successfully! Board is now green 0, yellow 0, white 2, blue 0, red 0
full now has blue 3, yellow 4, yellow 4, blue 4, red 1
MOVE: 1 3 0 1 None None
You discards yellow 2
trash is now blue 1, blue 2, white 1, red 4, yellow 2
You now has green 2, white 4, white 1, blue 3, red 5
MOVE: 0 1 None 1 None 2
full hints You about all their 2 hints remaining: 7
You has green 2, white 4, white 1, blue 3, red 5
MOVE: 1 1 None 0 None 1
You hints full about all their 1 hints remaining: 6
full has blue 3, yellow 4, yellow 4, blue 4, red 1
MOVE: 0 2 4 None None None
full plays red 1 successfully! Board is now green 0, yellow 0, white 2, blue 0, red 1
full now has blue 3, yellow 4, yellow 4, blue 4, red 4
MOVE: 1 2 0 1 None None
You plays green 2 and fails. Board was green 0, yellow 0, white 2, blue 0, red 1
You now has white 4, white 1, blue 3, red 5, red 1
Score 3
