Old GID: bf6753107ee7fb85
Treatment: ('full', 7404)
[(4, 1), (3, 3), (4, 5), (3, 3), (2, 3), (4, 3), (1, 2), (3, 5), (2, 4), (2, 2), (3, 4), (0, 5), (4, 1), (0, 1), (3, 1), (2, 3), (4, 3), (4, 2), (0, 2), (1, 1), (0, 3), (3, 1), (3, 4), (2, 1), (0, 1), (1, 3), (1, 2), (0, 4), (0, 3), (4, 2), (1, 5), (1, 3), (4, 4), (3, 1), (2, 1), (1, 4), (3, 2), (0, 4), (2, 4), (1, 4)]
MOVE: 0 0 None 1 1 None
full hints You about all their yellow cards hints remaining: 7
You has white 2, red 4, yellow 1, white 5, yellow 1
MOVE: 1 2 2 1 None None
You plays yellow 1 successfully! Board is now green 0, yellow 1, white 0, blue 0, red 0
You now has white 2, red 4, white 5, yellow 1, red 1
MOVE: 0 1 None 1 None 1
full hints You about all their 1 hints remaining: 6
You has white 2, red 4, white 5, yellow 1, red 1
MOVE: 1 0 None 0 0 None
You hints full about all their green cards hints remaining: 5
full has green 1, white 1, green 2, red 1, blue 2
MOVE: 0 2 0 None None None
full plays green 1 successfully! Board is now green 1, yellow 1, white 0, blue 0, red 0
full now has white 1, green 2, red 1, blue 2, blue 3
MOVE: 1 1 None 0 None 2
You hints full about all their 2 hints remaining: 4
full has white 1, green 2, red 1, blue 2, blue 3
MOVE: 0 2 1 None None None
full plays green 2 successfully! Board is now green 2, yellow 1, white 0, blue 0, red 0
full now has white 1, red 1, blue 2, blue 3, red 5
MOVE: 1 3 3 1 None None
You discards yellow 1
trash is now yellow 1
You now has white 2, red 4, white 5, red 1, blue 3
MOVE: 0 0 None 1 4 None
full hints You about all their red cards hints remaining: 4
You has white 2, red 4, white 5, red 1, blue 3
MOVE: 1 2 1 1 None None
You plays red 4 and fails. Board was green 2, yellow 1, white 0, blue 0, red 0
You now has white 2, white 5, red 1, blue 3, white 3
MOVE: 0 1 None 1 None 2
full hints You about all their 2 hints remaining: 3
You has white 2, white 5, red 1, blue 3, white 3
MOVE: 1 2 2 1 None None
You plays red 1 successfully! Board is now green 2, yellow 1, white 0, blue 0, red 1
You now has white 2, white 5, blue 3, white 3, red 3
MOVE: 0 3 4 None None None
full discards red 5
trash is now yellow 1, red 4, red 5
full now has white 1, red 1, blue 2, blue 3, yellow 2
MOVE: 1 2 0 1 None None
You plays white 2 and fails. Board was green 2, yellow 1, white 0, blue 0, red 1
You now has white 5, blue 3, white 3, red 3, blue 5
MOVE: 0 3 3 None None None
full discards blue 3
trash is now yellow 1, red 4, red 5, white 2, blue 3
full now has white 1, red 1, blue 2, yellow 2, white 4
MOVE: 1 0 None 0 4 None
You hints full about all their red cards hints remaining: 4
full has white 1, red 1, blue 2, yellow 2, white 4
MOVE: 0 3 1 None None None
full discards red 1
trash is now yellow 1, red 4, red 5, white 2, blue 3, red 1
full now has white 1, blue 2, yellow 2, white 4, white 2
MOVE: 1 0 None 0 2 None
You hints full about all their white cards hints remaining: 4
full has white 1, blue 2, yellow 2, white 4, white 2
MOVE: 0 2 0 None None None
full plays white 1 successfully! Board is now green 2, yellow 1, white 1, blue 0, red 1
full now has blue 2, yellow 2, white 4, white 2, blue 4
MOVE: 1 1 None 0 None 4
You hints full about all their 4 hints remaining: 3
full has blue 2, yellow 2, white 4, white 2, blue 4
MOVE: 0 0 None 1 2 None
full hints You about all their white cards hints remaining: 2
You has white 5, blue 3, white 3, red 3, blue 5
MOVE: 1 3 2 1 None None
You discards white 3
trash is now yellow 1, red 4, red 5, white 2, blue 3, red 1, white 3
You now has white 5, blue 3, red 3, blue 5, green 5
MOVE: 0 3 2 None None None
full discards white 4
trash is now yellow 1, red 4, red 5, white 2, blue 3, red 1, white 3, white 4
full now has blue 2, yellow 2, white 2, blue 4, red 1
MOVE: 1 3 0 1 None None
You discards white 5
trash is now yellow 1, red 4, red 5, white 2, blue 3, red 1, white 3, white 4, white 5
You now has blue 3, red 3, blue 5, green 5, green 1
MOVE: 0 3 4 None None None
full discards red 1
trash is now yellow 1, red 4, red 5, white 2, blue 3, red 1, white 3, white 4, white 5, red 1
full now has blue 2, yellow 2, white 2, blue 4, blue 1
MOVE: 1 0 None 0 3 None
You hints full about all their blue cards hints remaining: 5
full has blue 2, yellow 2, white 2, blue 4, blue 1
MOVE: 0 2 4 None None None
full plays blue 1 successfully! Board is now green 2, yellow 1, white 1, blue 1, red 1
full now has blue 2, yellow 2, white 2, blue 4, white 3
MOVE: 1 3 4 1 None None
You discards green 1
trash is now yellow 1, red 4, red 5, white 2, blue 3, red 1, white 3, white 4, white 5, red 1, green 1
You now has blue 3, red 3, blue 5, green 5, red 3
MOVE: 0 2 0 None None None
full plays blue 2 successfully! Board is now green 2, yellow 1, white 1, blue 2, red 1
full now has yellow 2, white 2, blue 4, white 3, red 2
MOVE: 1 1 None 0 None 2
You hints full about all their 2 hints remaining: 5
full has yellow 2, white 2, blue 4, white 3, red 2
MOVE: 0 2 0 None None None
full plays yellow 2 successfully! Board is now green 2, yellow 2, white 1, blue 2, red 1
full now has white 2, blue 4, white 3, red 2, green 2
MOVE: 1 0 None 0 0 None
You hints full about all their green cards hints remaining: 4
full has white 2, blue 4, white 3, red 2, green 2
MOVE: 0 2 4 None None None
full plays green 2 and fails. Board was green 2, yellow 2, white 1, blue 2, red 1
full now has white 2, blue 4, white 3, red 2, yellow 1
Score 8
