Old GID: 6c7369b41c88f4e2
Treatment: ('intentional', 5043)
[(4, 5), (3, 1), (1, 4), (1, 3), (4, 1), (3, 4), (2, 1), (0, 5), (0, 2), (1, 1), (2, 1), (1, 3), (2, 3), (3, 2), (3, 4), (4, 2), (2, 4), (0, 3), (2, 3), (0, 4), (4, 2), (2, 4), (0, 1), (3, 2), (1, 5), (2, 2), (1, 2), (1, 1), (3, 1), (3, 1), (3, 3), (4, 3), (2, 1), (1, 1), (2, 5), (3, 3), (0, 2), (0, 1), (4, 4), (1, 4)]
MOVE: 0 1 None 1 None 1
intentional hints You about all their 1 hints remaining: 7
You has green 3, green 1, green 4, red 3, yellow 2
MOVE: 1 2 1 1 None None
You plays green 1 successfully! Board is now green 1, yellow 0, white 0, blue 0, red 0
You now has green 3, green 4, red 3, yellow 2, red 5
MOVE: 0 3 0 None None None
intentional discards red 1
trash is now red 1
intentional now has red 4, blue 5, white 2, red 1, blue 1
MOVE: 1 1 None 0 None 1
You hints intentional about all their 1 hints remaining: 7
intentional has red 4, blue 5, white 2, red 1, blue 1
MOVE: 0 3 0 None None None
intentional discards red 4
trash is now red 1, red 4
intentional now has blue 5, white 2, red 1, blue 1, yellow 4
MOVE: 1 0 None 0 3 None
You hints intentional about all their blue cards hints remaining: 7
intentional has blue 5, white 2, red 1, blue 1, yellow 4
MOVE: 0 2 3 None None None
intentional plays blue 1 successfully! Board is now green 1, yellow 0, white 0, blue 1, red 0
intentional now has blue 5, white 2, red 1, yellow 4, yellow 3
MOVE: 1 0 None 0 4 None
You hints intentional about all their red cards hints remaining: 6
intentional has blue 5, white 2, red 1, yellow 4, yellow 3
MOVE: 0 2 2 None None None
intentional plays red 1 successfully! Board is now green 1, yellow 0, white 0, blue 1, red 1
intentional now has blue 5, white 2, yellow 4, yellow 3, red 1
MOVE: 1 2 4 1 None None
You plays red 5 and fails. Board was green 1, yellow 0, white 0, blue 1, red 1
You now has green 3, green 4, red 3, yellow 2, blue 4
MOVE: 0 3 3 None None None
intentional discards yellow 3
trash is now red 1, red 4, red 5, yellow 3
intentional now has blue 5, white 2, yellow 4, red 1, white 1
MOVE: 1 2 4 1 None None
You plays blue 4 and fails. Board was green 1, yellow 0, white 0, blue 1, red 1
You now has green 3, green 4, red 3, yellow 2, green 5
MOVE: 0 3 3 None None None
intentional discards red 1
trash is now red 1, red 4, red 5, yellow 3, blue 4, red 1
intentional now has blue 5, white 2, yellow 4, white 1, green 2
MOVE: 1 2 4 1 None None
You plays green 5 and fails. Board was green 1, yellow 0, white 0, blue 1, red 1
You now has green 3, green 4, red 3, yellow 2, yellow 1
Score 3
