Old GID: b6c54a5ceab971e4
Treatment: ('full', 3792)
[(3, 2), (3, 1), (1, 1), (4, 2), (4, 1), (4, 1), (2, 2), (1, 2), (3, 4), (1, 3), (1, 1), (1, 4), (0, 4), (0, 3), (3, 4), (1, 3), (4, 1), (0, 3), (0, 5), (4, 3), (0, 2), (4, 5), (2, 3), (2, 4), (4, 3), (3, 1), (4, 2), (2, 1), (1, 5), (3, 5), (4, 4), (0, 2), (4, 4), (2, 3), (3, 3), (2, 1), (0, 1), (0, 1), (2, 1), (2, 2)]
MOVE: 0 3 0 None None None
full discards yellow 4
trash is now yellow 4
full now has blue 1, green 1, yellow 1, yellow 2, blue 2
MOVE: 1 1 None 0 None 1
You hints full about all their 1 hints remaining: 7
full has blue 1, green 1, yellow 1, yellow 2, blue 2
MOVE: 0 2 0 None None None
full plays blue 1 successfully! Board is now green 0, yellow 0, white 0, blue 1, red 0
full now has green 1, yellow 1, yellow 2, blue 2, blue 1
MOVE: 1 1 None 0 None 2
You hints full about all their 2 hints remaining: 6
full has green 1, yellow 1, yellow 2, blue 2, blue 1
MOVE: 0 2 2 None None None
full plays yellow 2 and fails. Board was green 0, yellow 0, white 0, blue 1, red 0
full now has green 1, yellow 1, blue 2, blue 1, yellow 1
MOVE: 1 0 None 0 1 None
You hints full about all their yellow cards hints remaining: 5
full has green 1, yellow 1, blue 2, blue 1, yellow 1
MOVE: 0 2 1 None None None
full plays yellow 1 successfully! Board is now green 0, yellow 1, white 0, blue 1, red 0
full now has green 1, blue 2, blue 1, yellow 1, red 2
MOVE: 1 0 None 0 3 None
You hints full about all their blue cards hints remaining: 4
full has green 1, blue 2, blue 1, yellow 1, red 2
MOVE: 0 2 1 None None None
full plays blue 2 successfully! Board is now green 0, yellow 1, white 0, blue 2, red 0
full now has green 1, blue 1, yellow 1, red 2, red 1
MOVE: 1 0 None 0 4 None
You hints full about all their red cards hints remaining: 3
full has green 1, blue 1, yellow 1, red 2, red 1
MOVE: 0 2 3 None None None
full plays red 2 and fails. Board was green 0, yellow 1, white 0, blue 2, red 0
full now has green 1, blue 1, yellow 1, red 1, red 1
MOVE: 1 2 2 1 None None
You plays white 5 and fails. Board was green 0, yellow 1, white 0, blue 2, red 0
You now has green 4, blue 3, white 4, blue 2, white 2
Score 3
