Old GID: effadd32881f71aa
Treatment: ('outer', 2105)
[(2, 2), (0, 5), (2, 3), (3, 3), (3, 5), (1, 1), (0, 3), (0, 2), (0, 4), (1, 3), (1, 3), (4, 3), (4, 4), (2, 4), (4, 4), (1, 4), (3, 3), (1, 4), (3, 4), (2, 1), (0, 1), (3, 1), (4, 5), (4, 2), (4, 1), (2, 4), (1, 2), (1, 2), (0, 1), (2, 2), (3, 1), (2, 1), (3, 2), (0, 2), (2, 5), (0, 1), (3, 4), (4, 1), (4, 2), (0, 4)]
MOVE: 0 0 None 1 1 None
outer hints You about all their yellow cards hints remaining: 7
You has red 3, blue 2, yellow 5, yellow 1, yellow 1
MOVE: 1 1 None 0 None 1
You hints outer about all their 1 hints remaining: 6
outer has white 1, green 3, white 3, blue 1, red 1
MOVE: 0 2 0 None None None
outer plays white 1 successfully! Board is now green 0, yellow 0, white 1, blue 0, red 0
outer now has green 3, white 3, blue 1, red 1, white 2
MOVE: 1 1 None 0 None 2
You hints outer about all their 2 hints remaining: 5
outer has green 3, white 3, blue 1, red 1, white 2
MOVE: 0 1 None 1 None 1
outer hints You about all their 1 hints remaining: 4
You has red 3, blue 2, yellow 5, yellow 1, yellow 1
MOVE: 1 0 None 0 2 None
You hints outer about all their white cards hints remaining: 3
outer has green 3, white 3, blue 1, red 1, white 2
MOVE: 0 2 2 None None None
outer plays blue 1 successfully! Board is now green 0, yellow 0, white 1, blue 1, red 0
outer now has green 3, white 3, red 1, white 2, green 5
MOVE: 1 1 None 0 None 3
You hints outer about all their 3 hints remaining: 2
outer has green 3, white 3, red 1, white 2, green 5
MOVE: 0 2 3 None None None
outer plays white 2 successfully! Board is now green 0, yellow 0, white 2, blue 1, red 0
outer now has green 3, white 3, red 1, green 5, white 3
MOVE: 1 0 None 0 4 None
You hints outer about all their red cards hints remaining: 1
outer has green 3, white 3, red 1, green 5, white 3
MOVE: 0 2 1 None None None
outer plays white 3 successfully! Board is now green 0, yellow 0, white 3, blue 1, red 0
outer now has green 3, red 1, green 5, white 3, blue 3
MOVE: 1 1 None 0 None 5
You hints outer about all their 5 hints remaining: 0
outer has green 3, red 1, green 5, white 3, blue 3
MOVE: 0 2 1 None None None
outer plays red 1 successfully! Board is now green 0, yellow 0, white 3, blue 1, red 1
outer now has green 3, green 5, white 3, blue 3, blue 5
MOVE: 1 2 3 1 None None
You plays yellow 1 successfully! Board is now green 0, yellow 1, white 3, blue 1, red 1
You now has red 3, blue 2, yellow 5, yellow 1, yellow 1
MOVE: 0 3 3 None None None
outer discards blue 3
trash is now blue 3
outer now has green 3, green 5, white 3, blue 5, green 3
MOVE: 1 3 3 1 None None
You discards yellow 1
trash is now blue 3, yellow 1
You now has red 3, blue 2, yellow 5, yellow 1, green 2
MOVE: 0 0 None 1 3 None
outer hints You about all their blue cards hints remaining: 1
You has red 3, blue 2, yellow 5, yellow 1, green 2
MOVE: 1 2 1 1 None None
You plays blue 2 successfully! Board is now green 0, yellow 1, white 3, blue 2, red 1
You now has red 3, yellow 5, yellow 1, green 2, green 4
MOVE: 0 0 None 1 1 None
outer hints You about all their yellow cards hints remaining: 0
You has red 3, yellow 5, yellow 1, green 2, green 4
MOVE: 1 2 2 1 None None
You plays yellow 1 and fails. Board was green 0, yellow 1, white 3, blue 2, red 1
You now has red 3, yellow 5, green 2, green 4, yellow 3
MOVE: 0 3 0 None None None
outer discards green 3
trash is now blue 3, yellow 1, yellow 1, green 3
outer now has green 5, white 3, blue 5, green 3, yellow 3
MOVE: 1 2 1 1 None None
You plays yellow 5 and fails. Board was green 0, yellow 1, white 3, blue 2, red 1
You now has red 3, green 2, green 4, yellow 3, red 3
MOVE: 0 0 None 1 4 None
outer hints You about all their red cards hints remaining: 0
You has red 3, green 2, green 4, yellow 3, red 3
MOVE: 1 2 4 1 None None
You plays red 3 and fails. Board was green 0, yellow 1, white 3, blue 2, red 1
You now has red 3, green 2, green 4, yellow 3, red 4
Score 7
