Treatment: ('intentional', 1)
[(0, 1), (1, 1), (3, 3), (4, 3), (2, 2), (1, 4), (3, 5), (4, 4), (1, 5), (0, 2), (2, 2), (0, 5), (3, 2), (2, 5), (2, 4), (0, 3), (1, 1), (2, 3), (1, 3), (3, 1), (4, 4), (3, 4), (3, 1), (0, 4), (2, 3), (3, 4), (0, 1), (4, 2), (1, 3), (4, 1), (0, 1), (0, 2), (3, 2), (2, 4), (2, 1), (2, 1), (1, 1), (3, 3), (4, 1), (0, 3)]
MOVE: 0 1 None 1 None 1
intentional hints You about all their 1 hints remaining: 7
You has blue 1, red 2, yellow 2, yellow 2, white 1
MOVE: 1 2 0 1 None None
You plays blue 1 successfully! Board is now green 0, yellow 0, white 0, blue 1, red 0
You now has red 2, yellow 2, yellow 2, white 1, green 1
MOVE: 0 1 None 1 None 1
intentional hints You about all their 1 hints remaining: 6
You has red 2, yellow 2, yellow 2, white 1, green 1
MOVE: 1 2 4 1 None None
You plays green 1 successfully! Board is now green 1, yellow 0, white 0, blue 1, red 0
You now has red 2, yellow 2, yellow 2, white 1, yellow 1
MOVE: 0 1 None 1 None 1
intentional hints You about all their 1 hints remaining: 5
You has red 2, yellow 2, yellow 2, white 1, yellow 1
MOVE: 1 2 3 1 None None
You plays white 1 successfully! Board is now green 1, yellow 0, white 1, blue 1, red 0
You now has red 2, yellow 2, yellow 2, yellow 1, blue 3
MOVE: 0 0 None 1 1 None
intentional hints You about all their yellow cards hints remaining: 4
You has red 2, yellow 2, yellow 2, yellow 1, blue 3
MOVE: 1 2 1 1 None None
You plays yellow 2 and fails. Board was green 1, yellow 0, white 1, blue 1, red 0
You now has red 2, yellow 2, yellow 1, blue 3, red 3
MOVE: 0 3 0 None None None
intentional discards green 4
trash is now yellow 2, green 4
intentional now has red 5, red 1, red 3, yellow 4, white 2
MOVE: 1 3 2 1 None None
You discards yellow 1
trash is now yellow 2, green 4, yellow 1
You now has red 2, yellow 2, blue 3, red 3, yellow 4
MOVE: 0 3 0 None None None
intentional discards red 5
trash is now yellow 2, green 4, yellow 1, red 5
intentional now has red 1, red 3, yellow 4, white 2, blue 5
MOVE: 1 2 1 1 None None
You plays yellow 2 and fails. Board was green 1, yellow 0, white 1, blue 1, red 0
You now has red 2, blue 3, red 3, yellow 4, red 4
MOVE: 0 3 0 None None None
intentional discards red 1
trash is now yellow 2, green 4, yellow 1, red 5, yellow 2, red 1
intentional now has red 3, yellow 4, white 2, blue 5, yellow 5
MOVE: 1 2 4 1 None None
You plays red 4 and fails. Board was green 1, yellow 0, white 1, blue 1, red 0
You now has red 2, blue 3, red 3, yellow 4, green 2
Score 3
