Treatment: ('full', 5)
[(1, 2), (1, 3), (1, 1), (0, 1), (1, 1), (4, 5), (1, 4), (0, 3), (2, 3), (3, 3), (2, 1), (3, 1), (4, 3), (3, 2), (4, 1), (1, 3), (0, 2), (2, 5), (4, 4), (2, 1), (2, 4), (0, 4), (0, 4), (0, 1), (4, 1), (1, 5), (0, 5), (1, 4), (0, 2), (4, 4), (2, 3), (3, 5), (2, 1), (0, 1), (4, 1), (3, 2), (4, 2), (3, 4), (3, 3), (3, 1)]
MOVE: 0 1 None 1 None 1
full hints You about all their 1 hints remaining: 7
You has white 2, red 2, red 3, yellow 2, yellow 1
MOVE: 1 2 4 1 None None
You plays yellow 1 successfully! Board is now green 0, yellow 1, white 0, blue 0, red 0
You now has white 2, red 2, red 3, yellow 2, yellow 2
MOVE: 0 0 None 1 1 None
full hints You about all their yellow cards hints remaining: 6
You has white 2, red 2, red 3, yellow 2, yellow 2
MOVE: 1 1 None 0 None 1
You hints full about all their 1 hints remaining: 5
full has blue 1, white 4, white 2, green 3, blue 4
MOVE: 0 2 0 None None None
full plays blue 1 successfully! Board is now green 0, yellow 1, white 0, blue 1, red 0
full now has white 4, white 2, green 3, blue 4, yellow 3
MOVE: 1 2 3 1 None None
You plays yellow 2 successfully! Board is now green 0, yellow 2, white 0, blue 1, red 0
You now has white 2, red 2, red 3, yellow 2, yellow 1
MOVE: 0 3 4 None None None
full discards yellow 3
trash is now yellow 3
full now has white 4, white 2, green 3, blue 4, green 1
MOVE: 1 1 None 0 None 1
You hints full about all their 1 hints remaining: 5
full has white 4, white 2, green 3, blue 4, green 1
MOVE: 0 2 4 None None None
full plays green 1 successfully! Board is now green 1, yellow 2, white 0, blue 1, red 0
full now has white 4, white 2, green 3, blue 4, yellow 1
MOVE: 1 2 3 1 None None
You plays yellow 2 and fails. Board was green 1, yellow 2, white 0, blue 1, red 0
You now has white 2, red 2, red 3, yellow 1, red 5
MOVE: 0 3 4 None None None
full discards yellow 1
trash is now yellow 3, yellow 2, yellow 1
full now has white 4, white 2, green 3, blue 4, yellow 4
MOVE: 1 3 0 1 None None
You discards white 2
trash is now yellow 3, yellow 2, yellow 1, white 2
You now has red 2, red 3, yellow 1, red 5, green 3
MOVE: 0 3 4 None None None
full discards yellow 4
trash is now yellow 3, yellow 2, yellow 1, white 2, yellow 4
full now has white 4, white 2, green 3, blue 4, white 3
MOVE: 1 3 0 1 None None
You discards red 2
trash is now yellow 3, yellow 2, yellow 1, white 2, yellow 4, red 2
You now has red 3, yellow 1, red 5, green 3, blue 3
MOVE: 0 3 4 None None None
full discards white 3
trash is now yellow 3, yellow 2, yellow 1, white 2, yellow 4, red 2, white 3
full now has white 4, white 2, green 3, blue 4, white 1
MOVE: 1 1 None 0 None 1
You hints full about all their 1 hints remaining: 7
full has white 4, white 2, green 3, blue 4, white 1
MOVE: 0 2 4 None None None
full plays white 1 successfully! Board is now green 1, yellow 2, white 1, blue 1, red 0
full now has white 4, white 2, green 3, blue 4, blue 1
MOVE: 1 1 None 0 None 2
You hints full about all their 2 hints remaining: 6
full has white 4, white 2, green 3, blue 4, blue 1
MOVE: 0 2 1 None None None
full plays white 2 successfully! Board is now green 1, yellow 2, white 2, blue 1, red 0
full now has white 4, green 3, blue 4, blue 1, red 3
MOVE: 1 3 2 1 None None
You discards red 5
trash is now yellow 3, yellow 2, yellow 1, white 2, yellow 4, red 2, white 3, red 5
You now has red 3, yellow 1, green 3, blue 3, blue 2
MOVE: 0 1 None 1 None 2
full hints You about all their 2 hints remaining: 6
You has red 3, yellow 1, green 3, blue 3, blue 2
MOVE: 1 2 4 1 None None
You plays blue 2 successfully! Board is now green 1, yellow 2, white 2, blue 2, red 0
You now has red 3, yellow 1, green 3, blue 3, red 1
MOVE: 0 0 None 1 3 None
full hints You about all their blue cards hints remaining: 5
You has red 3, yellow 1, green 3, blue 3, red 1
MOVE: 1 2 3 1 None None
You plays blue 3 successfully! Board is now green 1, yellow 2, white 2, blue 3, red 0
You now has red 3, yellow 1, green 3, red 1, yellow 3
MOVE: 0 0 None 1 4 None
full hints You about all their red cards hints remaining: 4
You has red 3, yellow 1, green 3, red 1, yellow 3
MOVE: 1 2 0 1 None None
You plays red 3 and fails. Board was green 1, yellow 2, white 2, blue 3, red 0
You now has yellow 1, green 3, red 1, yellow 3, green 2
MOVE: 0 1 None 1 None 1
full hints You about all their 1 hints remaining: 3
You has yellow 1, green 3, red 1, yellow 3, green 2
MOVE: 1 2 2 1 None None
You plays red 1 successfully! Board is now green 1, yellow 2, white 2, blue 3, red 1
You now has yellow 1, green 3, yellow 3, green 2, white 5
MOVE: 0 0 None 1 1 None
full hints You about all their yellow cards hints remaining: 2
You has yellow 1, green 3, yellow 3, green 2, white 5
MOVE: 1 3 0 1 None None
You discards yellow 1
trash is now yellow 3, yellow 2, yellow 1, white 2, yellow 4, red 2, white 3, red 5, red 3, yellow 1
You now has green 3, yellow 3, green 2, white 5, red 4
MOVE: 0 0 None 1 0 None
full hints You about all their green cards hints remaining: 2
You has green 3, yellow 3, green 2, white 5, red 4
MOVE: 1 2 1 1 None None
You plays yellow 3 successfully! Board is now green 1, yellow 3, white 2, blue 3, red 1
You now has green 3, green 2, white 5, red 4, white 1
MOVE: 0 1 None 1 None 2
full hints You about all their 2 hints remaining: 1
You has green 3, green 2, white 5, red 4, white 1
MOVE: 1 2 1 1 None None
You plays green 2 successfully! Board is now green 2, yellow 3, white 2, blue 3, red 1
You now has green 3, white 5, red 4, white 1, white 4
MOVE: 0 1 None 1 None 3
full hints You about all their 3 hints remaining: 0
You has green 3, white 5, red 4, white 1, white 4
MOVE: 1 2 0 1 None None
You plays green 3 successfully! Board is now green 3, yellow 3, white 2, blue 3, red 1
You now has white 5, red 4, white 1, white 4, green 4
MOVE: 0 3 3 None None None
full discards blue 1
trash is now yellow 3, yellow 2, yellow 1, white 2, yellow 4, red 2, white 3, red 5, red 3, yellow 1, blue 1
full now has white 4, green 3, blue 4, red 3, green 4
MOVE: 1 1 None 0 None 4
You hints full about all their 4 hints remaining: 0
full has white 4, green 3, blue 4, red 3, green 4
MOVE: 0 2 0 None None None
full plays white 4 and fails. Board was green 3, yellow 3, white 2, blue 3, red 1
full now has green 3, blue 4, red 3, green 4, green 1
Score 12
