Old GID: 9ee08258b46a05fd
Treatment: ('outer', 1914)
[(2, 3), (0, 4), (1, 3), (3, 1), (4, 1), (1, 2), (0, 2), (1, 5), (3, 1), (3, 2), (3, 3), (0, 5), (4, 5), (2, 3), (3, 5), (4, 2), (0, 1), (2, 2), (3, 3), (2, 1), (2, 2), (4, 4), (4, 2), (3, 1), (0, 2), (0, 3), (0, 3), (4, 3), (1, 1), (1, 1), (2, 1), (0, 1), (3, 4), (2, 5), (2, 1), (2, 4), (3, 2), (1, 3), (1, 1), (0, 1)]
MOVE: 0 0 None 1 4 None
outer hints You about all their red cards hints remaining: 7
You has red 1, yellow 4, blue 4, yellow 4, white 4
MOVE: 1 2 0 1 None None
You plays red 1 successfully! Board is now green 0, yellow 0, white 0, blue 0, red 1
You now has yellow 4, blue 4, yellow 4, white 4, white 3
MOVE: 0 0 None 1 2 None
outer hints You about all their white cards hints remaining: 6
You has yellow 4, blue 4, yellow 4, white 4, white 3
MOVE: 1 2 4 1 None None
You plays white 3 and fails. Board was green 0, yellow 0, white 0, blue 0, red 1
You now has yellow 4, blue 4, yellow 4, white 4, green 4
MOVE: 0 0 None 1 0 None
outer hints You about all their green cards hints remaining: 5
You has yellow 4, blue 4, yellow 4, white 4, green 4
MOVE: 1 2 4 1 None None
You plays green 4 and fails. Board was green 0, yellow 0, white 0, blue 0, red 1
You now has yellow 4, blue 4, yellow 4, white 4, yellow 3
MOVE: 0 1 None 1 None 4
outer hints You about all their 4 hints remaining: 4
You has yellow 4, blue 4, yellow 4, white 4, yellow 3
MOVE: 1 3 4 1 None None
You discards yellow 3
trash is now white 3, green 4, yellow 3
You now has yellow 4, blue 4, yellow 4, white 4, blue 1
MOVE: 0 1 None 1 None 1
outer hints You about all their 1 hints remaining: 4
You has yellow 4, blue 4, yellow 4, white 4, blue 1
MOVE: 1 2 4 1 None None
You plays blue 1 successfully! Board is now green 0, yellow 0, white 0, blue 1, red 1
You now has yellow 4, blue 4, yellow 4, white 4, red 1
MOVE: 0 1 None 1 None 1
outer hints You about all their 1 hints remaining: 3
You has yellow 4, blue 4, yellow 4, white 4, red 1
MOVE: 1 2 4 1 None None
You plays red 1 and fails. Board was green 0, yellow 0, white 0, blue 1, red 1
You now has yellow 4, blue 4, yellow 4, white 4, yellow 2
Score 2
