Old GID: 53c9d6df5a705b85
Treatment: ('outer', 8115)
[(3, 2), (1, 1), (0, 5), (2, 5), (1, 1), (4, 5), (0, 1), (3, 3), (2, 3), (2, 1), (0, 1), (2, 3), (3, 5), (2, 2), (1, 1), (4, 2), (0, 4), (4, 4), (2, 1), (3, 1), (1, 3), (2, 1), (3, 4), (0, 3), (4, 3), (4, 4), (0, 4), (1, 3), (4, 1), (4, 1), (3, 4), (1, 4), (1, 2), (1, 2), (3, 1), (2, 4), (2, 4), (3, 2), (3, 1), (0, 2)]
MOVE: 0 0 None 1 0 None
outer hints You about all their green cards hints remaining: 7
You has green 1, red 2, yellow 5, green 3, red 3
MOVE: 1 2 0 1 None None
You plays green 1 successfully! Board is now green 1, yellow 0, white 0, blue 0, red 0
You now has red 2, yellow 5, green 3, red 3, blue 2
MOVE: 0 1 None 1 None 2
outer hints You about all their 2 hints remaining: 6
You has red 2, yellow 5, green 3, red 3, blue 2
MOVE: 1 2 4 1 None None
You plays blue 2 and fails. Board was green 1, yellow 0, white 0, blue 0, red 0
You now has red 2, yellow 5, green 3, red 3, yellow 1
MOVE: 0 1 None 1 None 1
outer hints You about all their 1 hints remaining: 5
You has red 2, yellow 5, green 3, red 3, yellow 1
MOVE: 1 2 0 1 None None
You plays red 2 and fails. Board was green 1, yellow 0, white 0, blue 0, red 0
You now has yellow 5, green 3, red 3, yellow 1, green 5
MOVE: 0 0 None 1 1 None
outer hints You about all their yellow cards hints remaining: 4
You has yellow 5, green 3, red 3, yellow 1, green 5
MOVE: 1 2 3 1 None None
You plays yellow 1 successfully! Board is now green 1, yellow 1, white 0, blue 0, red 0
You now has yellow 5, green 3, red 3, green 5, white 5
MOVE: 0 1 None 1 None 5
outer hints You about all their 5 hints remaining: 3
You has yellow 5, green 3, red 3, green 5, white 5
MOVE: 1 0 None 0 0 None
You hints outer about all their green cards hints remaining: 2
outer has green 2, blue 3, white 2, red 1, yellow 4
MOVE: 0 0 None 1 1 None
outer hints You about all their yellow cards hints remaining: 1
You has yellow 5, green 3, red 3, green 5, white 5
MOVE: 1 1 None 0 None 2
You hints outer about all their 2 hints remaining: 0
outer has green 2, blue 3, white 2, red 1, yellow 4
MOVE: 0 2 0 None None None
outer plays green 2 successfully! Board is now green 2, yellow 1, white 0, blue 0, red 0
outer now has blue 3, white 2, red 1, yellow 4, yellow 1
MOVE: 1 3 2 1 None None
You discards red 3
trash is now blue 2, red 2, red 3
You now has yellow 5, green 3, green 5, white 5, red 5
MOVE: 0 0 None 1 0 None
outer hints You about all their green cards hints remaining: 0
You has yellow 5, green 3, green 5, white 5, red 5
MOVE: 1 2 1 1 None None
You plays green 3 successfully! Board is now green 3, yellow 1, white 0, blue 0, red 0
You now has yellow 5, green 5, white 5, red 5, green 1
MOVE: 0 3 2 None None None
outer discards red 1
trash is now blue 2, red 2, red 3, red 1
outer now has blue 3, white 2, yellow 4, yellow 1, blue 3
MOVE: 1 3 3 1 None None
You discards red 5
trash is now blue 2, red 2, red 3, red 1, red 5
You now has yellow 5, green 5, white 5, green 1, white 3
MOVE: 0 0 None 1 0 None
outer hints You about all their green cards hints remaining: 1
You has yellow 5, green 5, white 5, green 1, white 3
MOVE: 1 2 3 1 None None
You plays green 1 and fails. Board was green 3, yellow 1, white 0, blue 0, red 0
You now has yellow 5, green 5, white 5, white 3, white 1
Score 4
