Old GID: 7582a67f88fb6c18
Treatment: ('outer', 9495)
[(4, 5), (1, 4), (2, 5), (4, 1), (1, 1), (4, 4), (2, 2), (2, 1), (3, 4), (2, 3), (2, 4), (2, 3), (3, 1), (1, 3), (2, 1), (3, 3), (1, 1), (2, 1), (0, 3), (2, 4), (4, 3), (4, 3), (0, 3), (3, 3), (3, 5), (4, 2), (3, 2), (4, 1), (0, 4), (3, 1), (1, 4), (4, 4), (1, 5), (2, 2), (1, 2), (0, 5), (0, 2), (0, 1), (0, 1), (3, 4)]
MOVE: 0 0 None 1 0 None
outer hints You about all their green cards hints remaining: 7
You has yellow 3, red 2, yellow 2, green 4, blue 2
MOVE: 1 1 None 0 None 1
You hints outer about all their 1 hints remaining: 6
outer has green 2, blue 1, red 1, green 1, yellow 1
MOVE: 0 2 1 None None None
outer plays blue 1 successfully! Board is now green 0, yellow 0, white 0, blue 1, red 0
outer now has green 2, red 1, green 1, yellow 1, red 5
MOVE: 1 2 3 1 None None
You plays green 4 and fails. Board was green 0, yellow 0, white 0, blue 1, red 0
You now has yellow 3, red 2, yellow 2, blue 2, yellow 4
MOVE: 0 1 None 1 None 2
outer hints You about all their 2 hints remaining: 5
You has yellow 3, red 2, yellow 2, blue 2, yellow 4
MOVE: 1 2 1 1 None None
You plays red 2 and fails. Board was green 0, yellow 0, white 0, blue 1, red 0
You now has yellow 3, yellow 2, blue 2, yellow 4, white 5
MOVE: 0 0 None 1 3 None
outer hints You about all their blue cards hints remaining: 4
You has yellow 3, yellow 2, blue 2, yellow 4, white 5
MOVE: 1 2 2 1 None None
You plays blue 2 successfully! Board is now green 0, yellow 0, white 0, blue 2, red 0
You now has yellow 3, yellow 2, yellow 4, white 5, red 1
MOVE: 0 0 None 1 4 None
outer hints You about all their red cards hints remaining: 3
You has yellow 3, yellow 2, yellow 4, white 5, red 1
MOVE: 1 0 None 0 4 None
You hints outer about all their red cards hints remaining: 2
outer has green 2, red 1, green 1, yellow 1, red 5
MOVE: 0 2 1 None None None
outer plays red 1 successfully! Board is now green 0, yellow 0, white 0, blue 2, red 1
outer now has green 2, green 1, yellow 1, red 5, yellow 1
MOVE: 1 0 None 0 1 None
You hints outer about all their yellow cards hints remaining: 1
outer has green 2, green 1, yellow 1, red 5, yellow 1
MOVE: 0 2 2 None None None
outer plays yellow 1 successfully! Board is now green 0, yellow 1, white 0, blue 2, red 1
outer now has green 2, green 1, red 5, yellow 1, red 4
MOVE: 1 0 None 0 0 None
You hints outer about all their green cards hints remaining: 0
outer has green 2, green 1, red 5, yellow 1, red 4
MOVE: 0 2 1 None None None
outer plays green 1 successfully! Board is now green 1, yellow 1, white 0, blue 2, red 1
outer now has green 2, red 5, yellow 1, red 4, white 2
MOVE: 1 2 1 1 None None
You plays yellow 2 successfully! Board is now green 1, yellow 2, white 0, blue 2, red 1
You now has yellow 3, yellow 4, white 5, red 1, white 1
MOVE: 0 3 4 None None None
outer discards white 2
trash is now green 4, red 2, white 2
outer now has green 2, red 5, yellow 1, red 4, blue 4
MOVE: 1 2 3 1 None None
You plays red 1 and fails. Board was green 1, yellow 2, white 0, blue 2, red 1
You now has yellow 3, yellow 4, white 5, white 1, white 3
Score 6
