Old GID: 7bec384b616207ac
Treatment: ('outer', 8605)
[(4, 5), (3, 1), (4, 2), (0, 1), (3, 1), (2, 1), (1, 1), (2, 1), (0, 2), (3, 4), (2, 3), (4, 1), (1, 2), (1, 1), (3, 5), (0, 1), (4, 3), (1, 4), (0, 4), (1, 4), (3, 2), (2, 5), (1, 5), (0, 2), (3, 4), (1, 2), (1, 3), (0, 3), (2, 2), (4, 4), (4, 1), (0, 3), (0, 1), (4, 2), (4, 3), (2, 4), (3, 2), (3, 1), (1, 3), (3, 3)]
MOVE: 0 1 None 1 None 1
outer hints You about all their 1 hints remaining: 7
You has red 4, yellow 1, green 5, green 4, white 3
MOVE: 1 2 1 1 None None
You plays yellow 1 successfully! Board is now green 0, yellow 1, white 0, blue 0, red 0
You now has red 4, green 5, green 4, white 3, red 5
MOVE: 0 0 None 1 0 None
outer hints You about all their green cards hints remaining: 6
You has red 4, green 5, green 4, white 3, red 5
MOVE: 1 1 None 0 None 1
You hints outer about all their 1 hints remaining: 5
outer has white 1, red 1, white 4, white 2, blue 3
MOVE: 0 1 None 1 None 4
outer hints You about all their 4 hints remaining: 4
You has red 4, green 5, green 4, white 3, red 5
MOVE: 1 2 1 1 None None
You plays green 5 and fails. Board was green 0, yellow 1, white 0, blue 0, red 0
You now has red 4, green 4, white 3, red 5, blue 1
MOVE: 0 0 None 1 3 None
outer hints You about all their blue cards hints remaining: 3
You has red 4, green 4, white 3, red 5, blue 1
MOVE: 1 3 4 1 None None
You discards blue 1
trash is now green 5, blue 1
You now has red 4, green 4, white 3, red 5, red 2
MOVE: 0 0 None 1 4 None
outer hints You about all their red cards hints remaining: 3
You has red 4, green 4, white 3, red 5, red 2
MOVE: 1 3 4 1 None None
You discards red 2
trash is now green 5, blue 1, red 2
You now has red 4, green 4, white 3, red 5, green 1
MOVE: 0 0 None 1 0 None
outer hints You about all their green cards hints remaining: 3
You has red 4, green 4, white 3, red 5, green 1
MOVE: 1 3 4 1 None None
You discards green 1
trash is now green 5, blue 1, red 2, green 1
You now has red 4, green 4, white 3, red 5, blue 1
MOVE: 0 1 None 1 None 1
outer hints You about all their 1 hints remaining: 3
You has red 4, green 4, white 3, red 5, blue 1
MOVE: 1 2 4 1 None None
You plays blue 1 successfully! Board is now green 0, yellow 1, white 0, blue 1, red 0
You now has red 4, green 4, white 3, red 5, white 1
MOVE: 0 1 None 1 None 1
outer hints You about all their 1 hints remaining: 2
You has red 4, green 4, white 3, red 5, white 1
MOVE: 1 2 4 1 None None
You plays white 1 successfully! Board is now green 0, yellow 1, white 1, blue 1, red 0
You now has red 4, green 4, white 3, red 5, yellow 1
MOVE: 0 1 None 1 None 4
outer hints You about all their 4 hints remaining: 1
You has red 4, green 4, white 3, red 5, yellow 1
MOVE: 1 2 4 1 None None
You plays yellow 1 and fails. Board was green 0, yellow 1, white 1, blue 1, red 0
You now has red 4, green 4, white 3, red 5, white 1
MOVE: 0 0 None 1 4 None
outer hints You about all their red cards hints remaining: 0
You has red 4, green 4, white 3, red 5, white 1
MOVE: 1 2 4 1 None None
You plays white 1 and fails. Board was green 0, yellow 1, white 1, blue 1, red 0
You now has red 4, green 4, white 3, red 5, green 2
Score 3
