Old GID: 317ce57547dbb4e5
Treatment: ('outer', 5986)
[(2, 4), (1, 5), (0, 4), (3, 2), (4, 1), (4, 3), (0, 4), (2, 5), (2, 3), (0, 3), (2, 1), (1, 3), (3, 3), (3, 1), (4, 5), (1, 4), (0, 1), (3, 1), (3, 5), (2, 1), (4, 4), (2, 1), (1, 2), (0, 2), (1, 1), (0, 3), (0, 1), (4, 4), (3, 1), (2, 4), (0, 5), (2, 2), (3, 3), (1, 2), (1, 1), (4, 3), (2, 3), (3, 4), (2, 2), (4, 1)]
MOVE: 0 1 None 1 None 1
outer hints You about all their 1 hints remaining: 7
You has yellow 4, yellow 3, green 1, red 1, blue 4
MOVE: 1 2 2 1 None None
You plays green 1 successfully! Board is now green 1, yellow 0, white 0, blue 0, red 0
You now has yellow 4, yellow 3, red 1, blue 4, white 4
MOVE: 0 1 None 1 None 1
outer hints You about all their 1 hints remaining: 6
You has yellow 4, yellow 3, red 1, blue 4, white 4
MOVE: 1 2 2 1 None None
You plays red 1 successfully! Board is now green 1, yellow 0, white 0, blue 0, red 1
You now has yellow 4, yellow 3, blue 4, white 4, yellow 5
MOVE: 0 1 None 1 None 4
outer hints You about all their 4 hints remaining: 5
You has yellow 4, yellow 3, blue 4, white 4, yellow 5
MOVE: 1 1 None 0 None 1
You hints outer about all their 1 hints remaining: 4
outer has blue 2, green 2, red 2, yellow 1, red 2
MOVE: 0 1 None 1 None 4
outer hints You about all their 4 hints remaining: 3
You has yellow 4, yellow 3, blue 4, white 4, yellow 5
MOVE: 1 0 None 0 1 None
You hints outer about all their yellow cards hints remaining: 2
outer has blue 2, green 2, red 2, yellow 1, red 2
MOVE: 0 2 3 None None None
outer plays yellow 1 successfully! Board is now green 1, yellow 1, white 0, blue 0, red 1
outer now has blue 2, green 2, red 2, red 2, green 4
MOVE: 1 1 None 0 None 2
You hints outer about all their 2 hints remaining: 1
outer has blue 2, green 2, red 2, red 2, green 4
MOVE: 0 0 None 1 2 None
outer hints You about all their white cards hints remaining: 0
You has yellow 4, yellow 3, blue 4, white 4, yellow 5
MOVE: 1 3 1 1 None None
You discards yellow 3
trash is now yellow 3
You now has yellow 4, blue 4, white 4, yellow 5, blue 2
MOVE: 0 0 None 1 3 None
outer hints You about all their blue cards hints remaining: 0
You has yellow 4, blue 4, white 4, yellow 5, blue 2
MOVE: 1 2 4 1 None None
You plays blue 2 and fails. Board was green 1, yellow 1, white 0, blue 0, red 1
You now has yellow 4, blue 4, white 4, yellow 5, red 1
MOVE: 0 3 2 None None None
outer discards red 2
trash is now yellow 3, blue 2, red 2
outer now has blue 2, green 2, red 2, green 4, red 3
MOVE: 1 2 4 1 None None
You plays red 1 and fails. Board was green 1, yellow 1, white 0, blue 0, red 1
You now has yellow 4, blue 4, white 4, yellow 5, green 4
MOVE: 0 3 4 None None None
outer discards red 3
trash is now yellow 3, blue 2, red 2, red 1, red 3
outer now has blue 2, green 2, red 2, green 4, white 5
MOVE: 1 2 4 1 None None
You plays green 4 and fails. Board was green 1, yellow 1, white 0, blue 0, red 1
You now has yellow 4, blue 4, white 4, yellow 5, white 3
Score 3
