Old GID: 35e586cb4b809a7a
Treatment: ('outer', 162)
[(2, 2), (0, 4), (1, 1), (3, 3), (1, 3), (0, 2), (2, 2), (4, 1), (1, 4), (1, 1), (0, 3), (3, 1), (3, 1), (3, 4), (3, 4), (4, 1), (4, 4), (2, 4), (2, 3), (2, 5), (1, 2), (0, 2), (4, 3), (2, 3), (4, 3), (2, 1), (4, 5), (3, 2), (4, 1), (1, 3), (0, 4), (1, 5), (1, 1), (4, 2), (2, 4), (2, 1), (4, 4), (0, 5), (4, 2), (0, 1)]
MOVE: 0 0 None 1 0 None
outer hints You about all their green cards hints remaining: 7
You has yellow 4, green 1, blue 1, green 3, blue 2
MOVE: 1 2 3 1 None None
You plays green 3 and fails. Board was green 0, yellow 0, white 0, blue 0, red 0
You now has yellow 4, green 1, blue 1, blue 2, white 2
MOVE: 0 1 None 1 None 1
outer hints You about all their 1 hints remaining: 6
You has yellow 4, green 1, blue 1, blue 2, white 2
MOVE: 1 2 2 1 None None
You plays blue 1 successfully! Board is now green 0, yellow 0, white 0, blue 1, red 0
You now has yellow 4, green 1, blue 2, white 2, green 4
MOVE: 0 0 None 1 3 None
outer hints You about all their blue cards hints remaining: 5
You has yellow 4, green 1, blue 2, white 2, green 4
MOVE: 1 2 2 1 None None
You plays blue 2 successfully! Board is now green 0, yellow 0, white 0, blue 2, red 0
You now has yellow 4, green 1, white 2, green 4, yellow 1
MOVE: 0 0 None 1 1 None
outer hints You about all their yellow cards hints remaining: 4
You has yellow 4, green 1, white 2, green 4, yellow 1
MOVE: 1 2 1 1 None None
You plays green 1 successfully! Board is now green 1, yellow 0, white 0, blue 2, red 0
You now has yellow 4, white 2, green 4, yellow 1, blue 3
MOVE: 0 0 None 1 3 None
outer hints You about all their blue cards hints remaining: 3
You has yellow 4, white 2, green 4, yellow 1, blue 3
MOVE: 1 2 4 1 None None
You plays blue 3 successfully! Board is now green 1, yellow 0, white 0, blue 3, red 0
You now has yellow 4, white 2, green 4, yellow 1, yellow 3
MOVE: 0 1 None 1 None 1
outer hints You about all their 1 hints remaining: 2
You has yellow 4, white 2, green 4, yellow 1, yellow 3
MOVE: 1 2 3 1 None None
You plays yellow 1 successfully! Board is now green 1, yellow 1, white 0, blue 3, red 0
You now has yellow 4, white 2, green 4, yellow 3, green 2
MOVE: 0 1 None 1 None 2
outer hints You about all their 2 hints remaining: 1
You has yellow 4, white 2, green 4, yellow 3, green 2
MOVE: 1 2 4 1 None None
You plays green 2 successfully! Board is now green 2, yellow 1, white 0, blue 3, red 0
You now has yellow 4, white 2, green 4, yellow 3, white 2
MOVE: 0 0 None 1 0 None
outer hints You about all their green cards hints remaining: 0
You has yellow 4, white 2, green 4, yellow 3, white 2
MOVE: 1 2 2 1 None None
You plays green 4 and fails. Board was green 2, yellow 1, white 0, blue 3, red 0
You now has yellow 4, white 2, yellow 3, white 2, red 1
MOVE: 0 3 4 None None None
outer discards blue 3
trash is now green 3, green 4, blue 3
outer now has yellow 2, green 1, blue 5, white 1, yellow 4
MOVE: 1 0 None 0 1 None
You hints outer about all their yellow cards hints remaining: 0
outer has yellow 2, green 1, blue 5, white 1, yellow 4
MOVE: 0 3 2 None None None
outer discards blue 5
trash is now green 3, green 4, blue 3, blue 5
outer now has yellow 2, green 1, white 1, yellow 4, yellow 1
MOVE: 1 0 None 0 2 None
You hints outer about all their white cards hints remaining: 0
outer has yellow 2, green 1, white 1, yellow 4, yellow 1
MOVE: 0 3 1 None None None
outer discards green 1
trash is now green 3, green 4, blue 3, blue 5, green 1
outer now has yellow 2, white 1, yellow 4, yellow 1, green 3
MOVE: 1 1 None 0 None 1
You hints outer about all their 1 hints remaining: 0
outer has yellow 2, white 1, yellow 4, yellow 1, green 3
MOVE: 0 2 1 None None None
outer plays white 1 successfully! Board is now green 2, yellow 1, white 1, blue 3, red 0
outer now has yellow 2, yellow 4, yellow 1, green 3, blue 1
MOVE: 1 2 1 1 None None
You plays white 2 successfully! Board is now green 2, yellow 1, white 2, blue 3, red 0
You now has yellow 4, yellow 3, white 2, red 1, blue 1
MOVE: 0 3 1 None None None
outer discards yellow 4
trash is now green 3, green 4, blue 3, blue 5, green 1, yellow 4
outer now has yellow 2, yellow 1, green 3, blue 1, blue 4
MOVE: 1 1 None 0 None 2
You hints outer about all their 2 hints remaining: 0
outer has yellow 2, yellow 1, green 3, blue 1, blue 4
MOVE: 0 2 0 None None None
outer plays yellow 2 successfully! Board is now green 2, yellow 2, white 2, blue 3, red 0
outer now has yellow 1, green 3, blue 1, blue 4, blue 4
MOVE: 1 2 0 1 None None
You plays yellow 4 and fails. Board was green 2, yellow 2, white 2, blue 3, red 0
You now has yellow 3, white 2, red 1, blue 1, red 1
Score 9
