Old GID: 10506b1ba9231f56
Treatment: ('outer', 71)
[(2, 4), (3, 2), (2, 1), (4, 5), (2, 2), (1, 4), (3, 1), (3, 3), (0, 5), (1, 2), (2, 1), (0, 2), (2, 5), (1, 3), (2, 3), (3, 3), (3, 1), (2, 2), (0, 2), (3, 2), (2, 1), (3, 5), (4, 2), (0, 3), (1, 1), (2, 4), (4, 4), (1, 2), (2, 3), (4, 4), (0, 4), (0, 1), (0, 4), (1, 1), (4, 2), (3, 4), (4, 3), (0, 1), (3, 1), (1, 3)]
MOVE: 0 0 None 1 4 None
outer hints You about all their red cards hints remaining: 7
You has red 3, red 1, green 3, yellow 5, yellow 1
MOVE: 1 2 1 1 None None
You plays red 1 successfully! Board is now green 0, yellow 0, white 0, blue 0, red 1
You now has red 3, green 3, yellow 5, yellow 1, white 4
MOVE: 0 0 None 1 1 None
outer hints You about all their yellow cards hints remaining: 6
You has red 3, green 3, yellow 5, yellow 1, white 4
MOVE: 1 2 3 1 None None
You plays yellow 1 successfully! Board is now green 0, yellow 1, white 0, blue 0, red 1
You now has red 3, green 3, yellow 5, white 4, blue 2
MOVE: 0 1 None 1 None 5
outer hints You about all their 5 hints remaining: 5
You has red 3, green 3, yellow 5, white 4, blue 2
MOVE: 1 2 0 1 None None
You plays red 3 and fails. Board was green 0, yellow 1, white 0, blue 0, red 1
You now has green 3, yellow 5, white 4, blue 2, white 1
MOVE: 0 0 None 1 2 None
outer hints You about all their white cards hints remaining: 4
You has green 3, yellow 5, white 4, blue 2, white 1
MOVE: 1 2 4 1 None None
You plays white 1 successfully! Board is now green 0, yellow 1, white 1, blue 0, red 1
You now has green 3, yellow 5, white 4, blue 2, red 5
MOVE: 0 0 None 1 4 None
outer hints You about all their red cards hints remaining: 3
You has green 3, yellow 5, white 4, blue 2, red 5
MOVE: 1 2 4 1 None None
You plays red 5 and fails. Board was green 0, yellow 1, white 1, blue 0, red 1
You now has green 3, yellow 5, white 4, blue 2, white 2
MOVE: 0 1 None 1 None 2
outer hints You about all their 2 hints remaining: 2
You has green 3, yellow 5, white 4, blue 2, white 2
MOVE: 1 2 3 1 None None
You plays blue 2 and fails. Board was green 0, yellow 1, white 1, blue 0, red 1
You now has green 3, yellow 5, white 4, white 2, yellow 4
Score 3
