Old GID: 4101a9b240dfb2e2
Treatment: ('full', 526)
[(3, 3), (1, 2), (1, 3), (4, 3), (2, 3), (4, 4), (1, 4), (4, 2), (4, 2), (2, 4), (2, 5), (3, 2), (2, 1), (4, 4), (3, 4), (2, 1), (3, 1), (0, 2), (3, 1), (2, 2), (1, 1), (4, 1), (0, 1), (2, 1), (1, 1), (1, 5), (3, 1), (0, 5), (0, 4), (2, 4), (2, 3), (0, 1), (3, 2), (4, 1), (3, 5), (4, 3), (1, 4), (0, 1), (1, 1), (4, 5)]
MOVE: 0 3 0 None None None
full discards green 2
trash is now green 2
full now has green 4, yellow 3, red 1, green 3, blue 3
MOVE: 1 1 None 0 None 1
You hints full about all their 1 hints remaining: 7
full has green 4, yellow 3, red 1, green 3, blue 3
MOVE: 0 2 2 None None None
full plays red 1 successfully! Board is now green 0, yellow 0, white 0, blue 0, red 1
full now has green 4, yellow 3, green 3, blue 3, yellow 2
MOVE: 1 2 3 1 None None
You plays blue 4 and fails. Board was green 0, yellow 0, white 0, blue 0, red 1
You now has blue 3, yellow 2, green 3, white 2, yellow 3
MOVE: 0 3 4 None None None
full discards yellow 2
trash is now green 2, blue 4, yellow 2
full now has green 4, yellow 3, green 3, blue 3, red 3
MOVE: 1 2 3 1 None None
You plays white 2 and fails. Board was green 0, yellow 0, white 0, blue 0, red 1
You now has blue 3, yellow 2, green 3, yellow 3, white 3
MOVE: 0 3 4 None None None
full discards red 3
trash is now green 2, blue 4, yellow 2, white 2, red 3
full now has green 4, yellow 3, green 3, blue 3, red 4
MOVE: 1 2 3 1 None None
You plays yellow 3 and fails. Board was green 0, yellow 0, white 0, blue 0, red 1
You now has blue 3, yellow 2, green 3, white 3, yellow 4
Score 1
