Old GID: 0a4060c48f50eed9
Treatment: ('full', 5732)
[(1, 3), (2, 5), (4, 1), (0, 1), (4, 3), (4, 2), (2, 1), (1, 4), (4, 1), (2, 2), (3, 1), (3, 1), (3, 4), (2, 3), (1, 1), (3, 3), (2, 3), (1, 2), (2, 1), (4, 2), (3, 4), (1, 3), (3, 2), (1, 2), (0, 4), (1, 1), (3, 3), (0, 1), (0, 4), (1, 1), (2, 4), (0, 5), (4, 5), (0, 1), (1, 5), (4, 3), (2, 2), (0, 2), (0, 3), (0, 2)]
MOVE: 0 1 None 1 None 1
full hints You about all their 1 hints remaining: 7
You has yellow 4, white 1, blue 1, white 4, red 4
MOVE: 1 2 1 1 None None
You plays white 1 successfully! Board is now green 0, yellow 0, white 1, blue 0, red 0
You now has yellow 4, blue 1, white 4, red 4, yellow 3
MOVE: 0 0 None 1 3 None
full hints You about all their blue cards hints remaining: 6
You has yellow 4, blue 1, white 4, red 4, yellow 3
MOVE: 1 2 1 1 None None
You plays blue 1 successfully! Board is now green 0, yellow 0, white 1, blue 1, red 0
You now has yellow 4, white 4, red 4, yellow 3, white 5
MOVE: 0 3 0 None None None
full discards green 3
trash is now green 3
full now has blue 5, red 4, red 1, blue 2, red 1
MOVE: 1 1 None 0 None 1
You hints full about all their 1 hints remaining: 6
full has blue 5, red 4, red 1, blue 2, red 1
MOVE: 0 2 2 None None None
full plays red 1 successfully! Board is now green 0, yellow 0, white 1, blue 1, red 1
full now has blue 5, red 4, blue 2, red 1, green 1
MOVE: 1 1 None 0 None 2
You hints full about all their 2 hints remaining: 5
full has blue 5, red 4, blue 2, red 1, green 1
MOVE: 0 2 2 None None None
full plays blue 2 successfully! Board is now green 0, yellow 0, white 1, blue 2, red 1
full now has blue 5, red 4, red 1, green 1, red 3
MOVE: 1 0 None 0 0 None
You hints full about all their green cards hints remaining: 4
full has blue 5, red 4, red 1, green 1, red 3
MOVE: 0 2 3 None None None
full plays green 1 successfully! Board is now green 1, yellow 0, white 1, blue 2, red 1
full now has blue 5, red 4, red 1, red 3, red 2
MOVE: 1 0 None 0 4 None
You hints full about all their red cards hints remaining: 3
full has blue 5, red 4, red 1, red 3, red 2
MOVE: 0 2 3 None None None
full plays red 3 and fails. Board was green 1, yellow 0, white 1, blue 2, red 1
full now has blue 5, red 4, red 1, red 2, white 1
MOVE: 1 1 None 0 None 2
You hints full about all their 2 hints remaining: 2
full has blue 5, red 4, red 1, red 2, white 1
MOVE: 0 2 3 None None None
full plays red 2 successfully! Board is now green 1, yellow 0, white 1, blue 2, red 2
full now has blue 5, red 4, red 1, white 1, yellow 4
MOVE: 1 3 0 1 None None
You discards yellow 4
trash is now green 3, red 3, yellow 4
You now has white 4, red 4, yellow 3, white 5, red 1
MOVE: 0 3 2 None None None
full discards red 1
trash is now green 3, red 3, yellow 4, red 1
full now has blue 5, red 4, white 1, yellow 4, white 2
MOVE: 1 1 None 0 None 2
You hints full about all their 2 hints remaining: 3
full has blue 5, red 4, white 1, yellow 4, white 2
MOVE: 0 2 4 None None None
full plays white 2 successfully! Board is now green 1, yellow 0, white 2, blue 2, red 2
full now has blue 5, red 4, white 1, yellow 4, blue 1
MOVE: 1 3 0 1 None None
You discards white 4
trash is now green 3, red 3, yellow 4, red 1, white 4
You now has red 4, yellow 3, white 5, red 1, blue 1
MOVE: 0 3 4 None None None
full discards blue 1
trash is now green 3, red 3, yellow 4, red 1, white 4, blue 1
full now has blue 5, red 4, white 1, yellow 4, blue 4
MOVE: 1 3 0 1 None None
You discards red 4
trash is now green 3, red 3, yellow 4, red 1, white 4, blue 1, red 4
You now has yellow 3, white 5, red 1, blue 1, white 3
MOVE: 0 3 4 None None None
full discards blue 4
trash is now green 3, red 3, yellow 4, red 1, white 4, blue 1, red 4, blue 4
full now has blue 5, red 4, white 1, yellow 4, yellow 1
MOVE: 1 0 None 0 1 None
You hints full about all their yellow cards hints remaining: 6
full has blue 5, red 4, white 1, yellow 4, yellow 1
MOVE: 0 2 3 None None None
full plays yellow 4 and fails. Board was green 1, yellow 0, white 2, blue 2, red 2
full now has blue 5, red 4, white 1, yellow 1, blue 3
MOVE: 1 1 None 0 None 1
You hints full about all their 1 hints remaining: 5
full has blue 5, red 4, white 1, yellow 1, blue 3
MOVE: 0 2 3 None None None
full plays yellow 1 successfully! Board is now green 1, yellow 1, white 2, blue 2, red 2
full now has blue 5, red 4, white 1, blue 3, white 3
MOVE: 1 2 4 1 None None
You plays white 3 successfully! Board is now green 1, yellow 1, white 3, blue 2, red 2
You now has yellow 3, white 5, red 1, blue 1, yellow 2
MOVE: 0 3 2 None None None
full discards white 1
trash is now green 3, red 3, yellow 4, red 1, white 4, blue 1, red 4, blue 4, yellow 4, white 1
full now has blue 5, red 4, blue 3, white 3, white 1
MOVE: 1 2 4 1 None None
You plays yellow 2 successfully! Board is now green 1, yellow 2, white 3, blue 2, red 2
You now has yellow 3, white 5, red 1, blue 1, red 2
MOVE: 0 1 None 1 None 1
full hints You about all their 1 hints remaining: 5
You has yellow 3, white 5, red 1, blue 1, red 2
MOVE: 1 2 4 1 None None
You plays red 2 and fails. Board was green 1, yellow 2, white 3, blue 2, red 2
You now has yellow 3, white 5, red 1, blue 1, blue 4
Score 10
