Old GID: d3d7d87d67b85c73
Treatment: ('outer', 3402)
[(4, 2), (4, 4), (4, 5), (0, 4), (0, 2), (1, 4), (1, 1), (1, 3), (3, 2), (1, 2), (0, 3), (3, 5), (1, 1), (3, 3), (2, 3), (0, 5), (4, 4), (4, 1), (3, 1), (0, 1), (4, 3), (2, 4), (2, 2), (0, 1), (2, 5), (0, 3), (3, 1), (1, 3), (1, 5), (4, 1), (3, 2), (2, 2), (0, 2), (3, 3), (4, 3), (0, 1), (1, 1), (1, 2), (4, 1), (3, 4)]
MOVE: 0 0 None 1 2 None
outer hints You about all their white cards hints remaining: 7
You has white 1, blue 1, white 3, white 4, white 1
MOVE: 1 1 None 0 None 1
You hints outer about all their 1 hints remaining: 6
outer has green 4, red 2, white 1, blue 4, yellow 4
MOVE: 0 2 2 None None None
outer plays white 1 successfully! Board is now green 0, yellow 0, white 1, blue 0, red 0
outer now has green 4, red 2, blue 4, yellow 4, red 2
MOVE: 1 3 0 1 None None
You discards white 1
trash is now white 1
You now has blue 1, white 3, white 4, white 1, red 4
MOVE: 0 0 None 1 3 None
outer hints You about all their blue cards hints remaining: 6
You has blue 1, white 3, white 4, white 1, red 4
MOVE: 1 2 0 1 None None
You plays blue 1 successfully! Board is now green 0, yellow 0, white 1, blue 1, red 0
You now has white 3, white 4, white 1, red 4, red 5
MOVE: 0 0 None 1 2 None
outer hints You about all their white cards hints remaining: 5
You has white 3, white 4, white 1, red 4, red 5
MOVE: 1 2 2 1 None None
You plays white 1 and fails. Board was green 0, yellow 0, white 1, blue 1, red 0
You now has white 3, white 4, red 4, red 5, green 4
MOVE: 0 0 None 1 4 None
outer hints You about all their red cards hints remaining: 4
You has white 3, white 4, red 4, red 5, green 4
MOVE: 1 2 1 1 None None
You plays white 4 and fails. Board was green 0, yellow 0, white 1, blue 1, red 0
You now has white 3, red 4, red 5, green 4, green 2
MOVE: 0 1 None 1 None 5
outer hints You about all their 5 hints remaining: 3
You has white 3, red 4, red 5, green 4, green 2
MOVE: 1 2 0 1 None None
You plays white 3 and fails. Board was green 0, yellow 0, white 1, blue 1, red 0
You now has red 4, red 5, green 4, green 2, yellow 4
Score 2
