Old GID: 819d5a3abef57cb3
Treatment: ('full', 8318)
[(3, 2), (3, 3), (1, 4), (0, 4), (2, 2), (1, 1), (3, 3), (2, 3), (1, 1), (1, 1), (2, 1), (4, 3), (3, 4), (3, 1), (2, 5), (4, 1), (1, 3), (2, 2), (0, 4), (2, 4), (4, 4), (3, 1), (4, 2), (0, 1), (3, 2), (4, 5), (0, 1), (3, 1), (2, 3), (2, 1), (4, 3), (4, 1), (4, 4), (0, 5), (2, 1), (1, 3), (0, 3), (1, 2), (3, 5), (0, 2)]
MOVE: 0 1 None 1 None 1
full hints You about all their 1 hints remaining: 7
You has green 1, yellow 4, green 2, white 4, blue 4
MOVE: 1 1 None 0 None 1
You hints full about all their 1 hints remaining: 6
full has red 1, yellow 5, red 2, green 3, yellow 2
MOVE: 0 2 0 None None None
full plays red 1 successfully! Board is now green 0, yellow 0, white 0, blue 0, red 1
full now has yellow 5, red 2, green 3, yellow 2, blue 2
MOVE: 1 0 None 0 4 None
You hints full about all their red cards hints remaining: 5
full has yellow 5, red 2, green 3, yellow 2, blue 2
MOVE: 0 2 1 None None None
full plays red 2 successfully! Board is now green 0, yellow 0, white 0, blue 0, red 2
full now has yellow 5, green 3, yellow 2, blue 2, blue 3
MOVE: 1 2 0 1 None None
You plays green 1 successfully! Board is now green 1, yellow 0, white 0, blue 0, red 2
You now has yellow 4, green 2, white 4, blue 4, yellow 4
MOVE: 0 0 None 1 0 None
full hints You about all their green cards hints remaining: 4
You has yellow 4, green 2, white 4, blue 4, yellow 4
MOVE: 1 1 None 0 None 3
You hints full about all their 3 hints remaining: 3
full has yellow 5, green 3, yellow 2, blue 2, blue 3
MOVE: 0 2 4 None None None
full plays blue 3 and fails. Board was green 1, yellow 0, white 0, blue 0, red 2
full now has yellow 5, green 3, yellow 2, blue 2, green 4
MOVE: 1 1 None 0 None 4
You hints full about all their 4 hints remaining: 2
full has yellow 5, green 3, yellow 2, blue 2, green 4
MOVE: 0 1 None 1 None 2
full hints You about all their 2 hints remaining: 1
You has yellow 4, green 2, white 4, blue 4, yellow 4
MOVE: 1 2 1 1 None None
You plays green 2 successfully! Board is now green 2, yellow 0, white 0, blue 0, red 2
You now has yellow 4, white 4, blue 4, yellow 4, white 2
MOVE: 0 1 None 1 None 2
full hints You about all their 2 hints remaining: 0
You has yellow 4, white 4, blue 4, yellow 4, white 2
MOVE: 1 2 4 1 None None
You plays white 2 and fails. Board was green 2, yellow 0, white 0, blue 0, red 2
You now has yellow 4, white 4, blue 4, yellow 4, yellow 1
MOVE: 0 3 4 None None None
full discards green 4
trash is now blue 3, white 2, green 4
full now has yellow 5, green 3, yellow 2, blue 2, blue 3
MOVE: 1 0 None 0 0 None
You hints full about all their green cards hints remaining: 0
full has yellow 5, green 3, yellow 2, blue 2, blue 3
MOVE: 0 2 1 None None None
full plays green 3 successfully! Board is now green 3, yellow 0, white 0, blue 0, red 2
full now has yellow 5, yellow 2, blue 2, blue 3, white 3
MOVE: 1 3 2 1 None None
You discards blue 4
trash is now blue 3, white 2, green 4, blue 4
You now has yellow 4, white 4, yellow 4, yellow 1, yellow 1
MOVE: 0 1 None 1 None 1
full hints You about all their 1 hints remaining: 0
You has yellow 4, white 4, yellow 4, yellow 1, yellow 1
MOVE: 1 2 3 1 None None
You plays yellow 1 successfully! Board is now green 3, yellow 1, white 0, blue 0, red 2
You now has yellow 4, white 4, yellow 4, yellow 1, yellow 1
MOVE: 0 3 4 None None None
full discards white 3
trash is now blue 3, white 2, green 4, blue 4, white 3
full now has yellow 5, yellow 2, blue 2, blue 3, white 1
MOVE: 1 1 None 0 None 2
You hints full about all their 2 hints remaining: 0
full has yellow 5, yellow 2, blue 2, blue 3, white 1
MOVE: 0 2 1 None None None
full plays yellow 2 successfully! Board is now green 3, yellow 2, white 0, blue 0, red 2
full now has yellow 5, blue 2, blue 3, white 1, red 3
MOVE: 1 2 3 1 None None
You plays yellow 1 and fails. Board was green 3, yellow 2, white 0, blue 0, red 2
You now has yellow 4, white 4, yellow 4, yellow 1, blue 4
Score 7
