Old GID: e0650ac693b79b62
Treatment: ('full', 8410)
[(2, 4), (1, 4), (2, 1), (4, 3), (4, 1), (2, 1), (1, 2), (2, 3), (4, 2), (1, 3), (0, 2), (4, 3), (2, 3), (4, 5), (1, 3), (0, 3), (1, 1), (3, 3), (1, 2), (1, 5), (4, 1), (1, 1), (2, 4), (0, 5), (3, 1), (0, 4), (3, 3), (3, 5), (3, 1), (3, 2), (2, 2), (4, 4), (0, 4), (3, 1), (4, 4), (3, 4), (3, 4), (2, 1), (2, 2), (4, 2)]
MOVE: 0 1 None 1 None 1
full hints You about all their 1 hints remaining: 7
You has yellow 1, red 1, green 1, blue 2, green 2
MOVE: 1 2 0 1 None None
You plays yellow 1 successfully! Board is now green 0, yellow 1, white 0, blue 0, red 0
You now has red 1, green 1, blue 2, green 2, white 4
MOVE: 0 0 None 1 0 None
full hints You about all their green cards hints remaining: 6
You has red 1, green 1, blue 2, green 2, white 4
MOVE: 1 2 1 1 None None
You plays green 1 successfully! Board is now green 1, yellow 1, white 0, blue 0, red 0
You now has red 1, blue 2, green 2, white 4, yellow 4
MOVE: 0 0 None 1 4 None
full hints You about all their red cards hints remaining: 5
You has red 1, blue 2, green 2, white 4, yellow 4
MOVE: 1 2 0 1 None None
You plays red 1 successfully! Board is now green 1, yellow 1, white 0, blue 0, red 1
You now has blue 2, green 2, white 4, yellow 4, white 1
MOVE: 0 1 None 1 None 1
full hints You about all their 1 hints remaining: 4
You has blue 2, green 2, white 4, yellow 4, white 1
MOVE: 1 2 4 1 None None
You plays white 1 successfully! Board is now green 1, yellow 1, white 1, blue 0, red 1
You now has blue 2, green 2, white 4, yellow 4, red 3
MOVE: 0 3 0 None None None
full discards white 5
trash is now white 5
full now has green 3, yellow 4, green 1, green 1, red 1
MOVE: 1 3 0 1 None None
You discards blue 2
trash is now white 5, blue 2
You now has green 2, white 4, yellow 4, red 3, white 1
MOVE: 0 1 None 1 None 2
full hints You about all their 2 hints remaining: 5
You has green 2, white 4, yellow 4, red 3, white 1
MOVE: 1 2 0 1 None None
You plays green 2 successfully! Board is now green 2, yellow 1, white 1, blue 0, red 1
You now has white 4, yellow 4, red 3, white 1, yellow 2
MOVE: 0 0 None 1 1 None
full hints You about all their yellow cards hints remaining: 4
You has white 4, yellow 4, red 3, white 1, yellow 2
MOVE: 1 2 1 1 None None
You plays yellow 4 and fails. Board was green 2, yellow 1, white 1, blue 0, red 1
You now has white 4, red 3, white 1, yellow 2, white 3
MOVE: 0 1 None 1 None 2
full hints You about all their 2 hints remaining: 3
You has white 4, red 3, white 1, yellow 2, white 3
MOVE: 1 2 3 1 None None
You plays yellow 2 successfully! Board is now green 2, yellow 2, white 1, blue 0, red 1
You now has white 4, red 3, white 1, white 3, red 2
MOVE: 0 0 None 1 4 None
full hints You about all their red cards hints remaining: 2
You has white 4, red 3, white 1, white 3, red 2
MOVE: 1 3 0 1 None None
You discards white 4
trash is now white 5, blue 2, yellow 4, white 4
You now has red 3, white 1, white 3, red 2, yellow 3
MOVE: 0 0 None 1 1 None
full hints You about all their yellow cards hints remaining: 2
You has red 3, white 1, white 3, red 2, yellow 3
MOVE: 1 2 4 1 None None
You plays yellow 3 successfully! Board is now green 2, yellow 3, white 1, blue 0, red 1
You now has red 3, white 1, white 3, red 2, green 2
MOVE: 0 0 None 1 2 None
full hints You about all their white cards hints remaining: 1
You has red 3, white 1, white 3, red 2, green 2
MOVE: 1 2 0 1 None None
You plays red 3 and fails. Board was green 2, yellow 3, white 1, blue 0, red 1
You now has white 1, white 3, red 2, green 2, red 3
MOVE: 0 1 None 1 None 1
full hints You about all their 1 hints remaining: 0
You has white 1, white 3, red 2, green 2, red 3
MOVE: 1 3 0 1 None None
You discards white 1
trash is now white 5, blue 2, yellow 4, white 4, red 3, white 1
You now has white 3, red 2, green 2, red 3, white 3
MOVE: 0 3 0 None None None
full discards green 3
trash is now white 5, blue 2, yellow 4, white 4, red 3, white 1, green 3
full now has yellow 4, green 1, green 1, red 1, red 5
MOVE: 1 2 0 1 None None
You plays white 3 and fails. Board was green 2, yellow 3, white 1, blue 0, red 1
You now has red 2, green 2, red 3, white 3, yellow 3
Score 7
