Old GID: 995cb04a6c06fb51
Treatment: ('full', 1701)
[(4, 3), (2, 1), (1, 1), (2, 1), (1, 3), (3, 2), (4, 4), (1, 1), (1, 4), (0, 2), (2, 2), (2, 5), (0, 2), (3, 5), (3, 4), (2, 3), (3, 1), (1, 5), (0, 4), (0, 3), (3, 1), (4, 5), (3, 2), (4, 1), (3, 1), (4, 2), (2, 3), (0, 3), (4, 3), (1, 3), (3, 4), (4, 2), (3, 3), (0, 4), (4, 1), (0, 1), (1, 1), (2, 4), (2, 1), (2, 2)]
MOVE: 0 0 None 1 0 None
full hints You about all their green cards hints remaining: 7
You has green 1, yellow 2, yellow 4, yellow 2, green 1
MOVE: 1 1 None 0 None 1
You hints full about all their 1 hints remaining: 6
full has red 4, green 5, blue 3, white 4, red 1
MOVE: 0 2 4 None None None
full plays red 1 successfully! Board is now green 0, yellow 0, white 0, blue 0, red 1
full now has red 4, green 5, blue 3, white 4, red 3
MOVE: 1 3 4 1 None None
You discards green 1
trash is now green 1
You now has green 1, yellow 2, yellow 4, yellow 2, white 1
MOVE: 0 1 None 1 None 1
full hints You about all their 1 hints remaining: 6
You has green 1, yellow 2, yellow 4, yellow 2, white 1
MOVE: 1 2 4 1 None None
You plays white 1 successfully! Board is now green 0, yellow 0, white 1, blue 0, red 1
You now has green 1, yellow 2, yellow 4, yellow 2, yellow 1
MOVE: 0 1 None 1 None 1
full hints You about all their 1 hints remaining: 5
You has green 1, yellow 2, yellow 4, yellow 2, yellow 1
MOVE: 1 2 0 1 None None
You plays green 1 successfully! Board is now green 1, yellow 0, white 1, blue 0, red 1
You now has yellow 2, yellow 4, yellow 2, yellow 1, white 1
MOVE: 0 0 None 1 1 None
full hints You about all their yellow cards hints remaining: 4
You has yellow 2, yellow 4, yellow 2, yellow 1, white 1
MOVE: 1 2 3 1 None None
You plays yellow 1 successfully! Board is now green 1, yellow 1, white 1, blue 0, red 1
You now has yellow 2, yellow 4, yellow 2, white 1, yellow 3
MOVE: 0 1 None 1 None 2
full hints You about all their 2 hints remaining: 3
You has yellow 2, yellow 4, yellow 2, white 1, yellow 3
MOVE: 1 2 2 1 None None
You plays yellow 2 successfully! Board is now green 1, yellow 2, white 1, blue 0, red 1
You now has yellow 2, yellow 4, white 1, yellow 3, blue 2
MOVE: 0 1 None 1 None 3
full hints You about all their 3 hints remaining: 2
You has yellow 2, yellow 4, white 1, yellow 3, blue 2
MOVE: 1 3 0 1 None None
You discards yellow 2
trash is now green 1, yellow 2
You now has yellow 4, white 1, yellow 3, blue 2, red 4
MOVE: 0 0 None 1 1 None
full hints You about all their yellow cards hints remaining: 2
You has yellow 4, white 1, yellow 3, blue 2, red 4
MOVE: 1 2 2 1 None None
You plays yellow 3 successfully! Board is now green 1, yellow 3, white 1, blue 0, red 1
You now has yellow 4, white 1, blue 2, red 4, yellow 1
MOVE: 0 1 None 1 None 4
full hints You about all their 4 hints remaining: 1
You has yellow 4, white 1, blue 2, red 4, yellow 1
MOVE: 1 2 0 1 None None
You plays yellow 4 successfully! Board is now green 1, yellow 4, white 1, blue 0, red 1
You now has white 1, blue 2, red 4, yellow 1, yellow 4
MOVE: 0 0 None 1 2 None
full hints You about all their white cards hints remaining: 0
You has white 1, blue 2, red 4, yellow 1, yellow 4
MOVE: 1 2 0 1 None None
You plays white 1 and fails. Board was green 1, yellow 4, white 1, blue 0, red 1
You now has blue 2, red 4, yellow 1, yellow 4, green 2
MOVE: 0 3 4 None None None
full discards red 3
trash is now green 1, yellow 2, white 1, red 3
full now has red 4, green 5, blue 3, white 4, white 2
MOVE: 1 0 None 0 2 None
You hints full about all their white cards hints remaining: 0
full has red 4, green 5, blue 3, white 4, white 2
MOVE: 0 2 3 None None None
full plays white 4 and fails. Board was green 1, yellow 4, white 1, blue 0, red 1
full now has red 4, green 5, blue 3, white 2, white 5
MOVE: 1 3 1 1 None None
You discards red 4
trash is now green 1, yellow 2, white 1, red 3, white 4, red 4
You now has blue 2, yellow 1, yellow 4, green 2, green 2
MOVE: 0 0 None 1 0 None
full hints You about all their green cards hints remaining: 0
You has blue 2, yellow 1, yellow 4, green 2, green 2
MOVE: 1 2 3 1 None None
You plays green 2 successfully! Board is now green 2, yellow 4, white 1, blue 0, red 1
You now has blue 2, yellow 1, yellow 4, green 2, blue 5
MOVE: 0 3 4 None None None
full discards white 5
trash is now green 1, yellow 2, white 1, red 3, white 4, red 4, white 5
full now has red 4, green 5, blue 3, white 2, blue 4
MOVE: 1 1 None 0 None 2
You hints full about all their 2 hints remaining: 0
full has red 4, green 5, blue 3, white 2, blue 4
MOVE: 0 2 3 None None None
full plays white 2 successfully! Board is now green 2, yellow 4, white 2, blue 0, red 1
full now has red 4, green 5, blue 3, blue 4, white 3
MOVE: 1 3 3 1 None None
You discards green 2
trash is now green 1, yellow 2, white 1, red 3, white 4, red 4, white 5, green 2
You now has blue 2, yellow 1, yellow 4, blue 5, blue 1
MOVE: 0 1 None 1 None 4
full hints You about all their 4 hints remaining: 0
You has blue 2, yellow 1, yellow 4, blue 5, blue 1
MOVE: 1 3 2 1 None None
You discards yellow 4
trash is now green 1, yellow 2, white 1, red 3, white 4, red 4, white 5, green 2, yellow 4
You now has blue 2, yellow 1, blue 5, blue 1, yellow 5
MOVE: 0 3 4 None None None
full discards white 3
trash is now green 1, yellow 2, white 1, red 3, white 4, red 4, white 5, green 2, yellow 4, white 3
full now has red 4, green 5, blue 3, blue 4, green 4
MOVE: 1 3 1 1 None None
You discards yellow 1
trash is now green 1, yellow 2, white 1, red 3, white 4, red 4, white 5, green 2, yellow 4, white 3, yellow 1
You now has blue 2, blue 5, blue 1, yellow 5, green 3
MOVE: 0 0 None 1 0 None
full hints You about all their green cards hints remaining: 2
You has blue 2, blue 5, blue 1, yellow 5, green 3
MOVE: 1 2 4 1 None None
You plays green 3 successfully! Board is now green 3, yellow 4, white 2, blue 0, red 1
You now has blue 2, blue 5, blue 1, yellow 5, blue 1
MOVE: 0 1 None 1 None 1
full hints You about all their 1 hints remaining: 1
You has blue 2, blue 5, blue 1, yellow 5, blue 1
MOVE: 1 1 None 0 None 4
You hints full about all their 4 hints remaining: 0
full has red 4, green 5, blue 3, blue 4, green 4
MOVE: 0 2 0 None None None
full plays red 4 and fails. Board was green 3, yellow 4, white 2, blue 0, red 1
full now has green 5, blue 3, blue 4, green 4, red 5
Score 10
