Old GID: 8c145671bf50500e
Treatment: ('outer', 1831)
[(3, 4), (1, 4), (4, 3), (4, 5), (4, 1), (3, 2), (3, 1), (1, 3), (4, 4), (0, 5), (1, 1), (3, 3), (2, 4), (1, 1), (2, 2), (4, 3), (2, 1), (2, 1), (0, 1), (0, 4), (1, 2), (2, 5), (1, 4), (0, 1), (1, 3), (1, 5), (4, 1), (3, 5), (4, 2), (0, 1), (0, 2), (3, 4), (0, 4), (1, 2), (2, 1), (0, 3), (3, 2), (3, 1), (4, 1), (2, 3)]
MOVE: 0 0 None 1 1 None
outer hints You about all their yellow cards hints remaining: 7
You has white 2, red 4, yellow 1, red 2, blue 3
MOVE: 1 1 None 0 None 1
You hints outer about all their 1 hints remaining: 6
outer has blue 1, green 3, green 2, white 3, white 4
MOVE: 0 2 0 None None None
outer plays blue 1 successfully! Board is now green 0, yellow 0, white 0, blue 1, red 0
outer now has green 3, green 2, white 3, white 4, blue 4
MOVE: 1 0 None 0 0 None
You hints outer about all their green cards hints remaining: 5
outer has green 3, green 2, white 3, white 4, blue 4
MOVE: 0 1 None 1 None 1
outer hints You about all their 1 hints remaining: 4
You has white 2, red 4, yellow 1, red 2, blue 3
MOVE: 1 2 2 1 None None
You plays yellow 1 successfully! Board is now green 0, yellow 1, white 0, blue 1, red 0
You now has white 2, red 4, red 2, blue 3, yellow 4
MOVE: 0 0 None 1 4 None
outer hints You about all their red cards hints remaining: 3
You has white 2, red 4, red 2, blue 3, yellow 4
MOVE: 1 0 None 0 2 None
You hints outer about all their white cards hints remaining: 2
outer has green 3, green 2, white 3, white 4, blue 4
MOVE: 0 0 None 1 1 None
outer hints You about all their yellow cards hints remaining: 1
You has white 2, red 4, red 2, blue 3, yellow 4
MOVE: 1 2 4 1 None None
You plays yellow 4 and fails. Board was green 0, yellow 1, white 0, blue 1, red 0
You now has white 2, red 4, red 2, blue 3, red 3
MOVE: 0 1 None 1 None 2
outer hints You about all their 2 hints remaining: 0
You has white 2, red 4, red 2, blue 3, red 3
MOVE: 1 2 1 1 None None
You plays red 4 and fails. Board was green 0, yellow 1, white 0, blue 1, red 0
You now has white 2, red 2, blue 3, red 3, red 5
MOVE: 0 3 3 None None None
outer discards white 4
trash is now yellow 4, red 4, white 4
outer now has green 3, green 2, white 3, blue 4, red 1
MOVE: 1 1 None 0 None 1
You hints outer about all their 1 hints remaining: 0
outer has green 3, green 2, white 3, blue 4, red 1
MOVE: 0 3 4 None None None
outer discards red 1
trash is now yellow 4, red 4, white 4, red 1
outer now has green 3, green 2, white 3, blue 4, blue 2
MOVE: 1 1 None 0 None 2
You hints outer about all their 2 hints remaining: 0
outer has green 3, green 2, white 3, blue 4, blue 2
MOVE: 0 3 2 None None None
outer discards white 3
trash is now yellow 4, red 4, white 4, red 1, white 3
outer now has green 3, green 2, blue 4, blue 2, blue 1
MOVE: 1 0 None 0 3 None
You hints outer about all their blue cards hints remaining: 0
outer has green 3, green 2, blue 4, blue 2, blue 1
MOVE: 0 2 3 None None None
outer plays blue 2 successfully! Board is now green 0, yellow 1, white 0, blue 2, red 0
outer now has green 3, green 2, blue 4, blue 1, yellow 3
MOVE: 1 2 0 1 None None
You plays white 2 and fails. Board was green 0, yellow 1, white 0, blue 2, red 0
You now has red 2, blue 3, red 3, red 5, red 4
Score 3
