Old GID: 53b26ce8a91654ea
Treatment: ('full', 4958)
[(0, 1), (1, 5), (1, 1), (3, 1), (0, 4), (1, 1), (2, 5), (0, 1), (3, 2), (2, 1), (0, 4), (2, 1), (1, 4), (4, 3), (0, 2), (4, 1), (2, 1), (2, 3), (3, 4), (3, 5), (1, 2), (0, 3), (4, 4), (3, 2), (1, 2), (0, 1), (2, 2), (2, 4), (2, 2), (0, 3), (3, 1), (3, 1), (3, 3), (4, 2), (4, 2), (1, 1), (0, 2), (3, 3), (4, 4), (4, 3)]
MOVE: 0 0 None 1 4 None
full hints You about all their red cards hints remaining: 7
You has yellow 3, white 3, green 5, yellow 3, red 1
MOVE: 1 1 None 0 None 5
You hints full about all their 5 hints remaining: 6
full has red 5, red 1, yellow 4, white 4, blue 4
MOVE: 0 1 None 1 None 1
full hints You about all their 1 hints remaining: 5
You has yellow 3, white 3, green 5, yellow 3, red 1
MOVE: 1 2 4 1 None None
You plays red 1 successfully! Board is now green 0, yellow 0, white 0, blue 0, red 1
You now has yellow 3, white 3, green 5, yellow 3, green 1
MOVE: 0 0 None 1 0 None
full hints You about all their green cards hints remaining: 4
You has yellow 3, white 3, green 5, yellow 3, green 1
MOVE: 1 2 4 1 None None
You plays green 1 successfully! Board is now green 1, yellow 0, white 0, blue 0, red 1
You now has yellow 3, white 3, green 5, yellow 3, yellow 5
MOVE: 0 3 1 None None None
full discards red 1
trash is now red 1
full now has red 5, yellow 4, white 4, blue 4, yellow 1
MOVE: 1 1 None 0 None 1
You hints full about all their 1 hints remaining: 4
full has red 5, yellow 4, white 4, blue 4, yellow 1
MOVE: 0 2 4 None None None
full plays yellow 1 successfully! Board is now green 1, yellow 1, white 0, blue 0, red 1
full now has red 5, yellow 4, white 4, blue 4, blue 1
MOVE: 1 1 None 0 None 1
You hints full about all their 1 hints remaining: 3
full has red 5, yellow 4, white 4, blue 4, blue 1
MOVE: 0 2 4 None None None
full plays blue 1 successfully! Board is now green 1, yellow 1, white 0, blue 1, red 1
full now has red 5, yellow 4, white 4, blue 4, green 4
MOVE: 1 3 0 1 None None
You discards yellow 3
trash is now red 1, yellow 3
You now has white 3, green 5, yellow 3, yellow 5, yellow 1
MOVE: 0 3 1 None None None
full discards yellow 4
trash is now red 1, yellow 3, yellow 4
full now has red 5, white 4, blue 4, green 4, white 5
MOVE: 1 3 0 1 None None
You discards white 3
trash is now red 1, yellow 3, yellow 4, white 3
You now has green 5, yellow 3, yellow 5, yellow 1, green 1
MOVE: 0 3 3 None None None
full discards green 4
trash is now red 1, yellow 3, yellow 4, white 3, green 4
full now has red 5, white 4, blue 4, white 5, blue 2
MOVE: 1 1 None 0 None 2
You hints full about all their 2 hints remaining: 6
full has red 5, white 4, blue 4, white 5, blue 2
MOVE: 0 2 4 None None None
full plays blue 2 successfully! Board is now green 1, yellow 1, white 0, blue 2, red 1
full now has red 5, white 4, blue 4, white 5, white 1
MOVE: 1 1 None 0 None 1
You hints full about all their 1 hints remaining: 5
full has red 5, white 4, blue 4, white 5, white 1
MOVE: 0 2 4 None None None
full plays white 1 successfully! Board is now green 1, yellow 1, white 1, blue 2, red 1
full now has red 5, white 4, blue 4, white 5, green 4
MOVE: 1 1 None 0 None 5
You hints full about all their 5 hints remaining: 4
full has red 5, white 4, blue 4, white 5, green 4
MOVE: 0 1 None 1 None 1
full hints You about all their 1 hints remaining: 3
You has green 5, yellow 3, yellow 5, yellow 1, green 1
MOVE: 1 3 3 1 None None
You discards yellow 1
trash is now red 1, yellow 3, yellow 4, white 3, green 4, yellow 1
You now has green 5, yellow 3, yellow 5, green 1, white 1
MOVE: 0 1 None 1 None 1
full hints You about all their 1 hints remaining: 3
You has green 5, yellow 3, yellow 5, green 1, white 1
MOVE: 1 3 3 1 None None
You discards green 1
trash is now red 1, yellow 3, yellow 4, white 3, green 4, yellow 1, green 1
You now has green 5, yellow 3, yellow 5, white 1, yellow 4
MOVE: 0 0 None 1 2 None
full hints You about all their white cards hints remaining: 3
You has green 5, yellow 3, yellow 5, white 1, yellow 4
MOVE: 1 3 3 1 None None
You discards white 1
trash is now red 1, yellow 3, yellow 4, white 3, green 4, yellow 1, green 1, white 1
You now has green 5, yellow 3, yellow 5, yellow 4, red 3
MOVE: 0 3 4 None None None
full discards green 4
trash is now red 1, yellow 3, yellow 4, white 3, green 4, yellow 1, green 1, white 1, green 4
full now has red 5, white 4, blue 4, white 5, green 2
MOVE: 1 0 None 0 0 None
You hints full about all their green cards hints remaining: 4
full has red 5, white 4, blue 4, white 5, green 2
MOVE: 0 2 4 None None None
full plays green 2 successfully! Board is now green 2, yellow 1, white 1, blue 2, red 1
full now has red 5, white 4, blue 4, white 5, red 1
MOVE: 1 3 1 1 None None
You discards yellow 3
trash is now red 1, yellow 3, yellow 4, white 3, green 4, yellow 1, green 1, white 1, green 4, yellow 3
You now has green 5, yellow 5, yellow 4, red 3, white 1
MOVE: 0 1 None 1 None 1
full hints You about all their 1 hints remaining: 4
You has green 5, yellow 5, yellow 4, red 3, white 1
MOVE: 1 3 4 1 None None
You discards white 1
trash is now red 1, yellow 3, yellow 4, white 3, green 4, yellow 1, green 1, white 1, green 4, yellow 3, white 1
You now has green 5, yellow 5, yellow 4, red 3, white 3
MOVE: 0 3 4 None None None
full discards red 1
trash is now red 1, yellow 3, yellow 4, white 3, green 4, yellow 1, green 1, white 1, green 4, yellow 3, white 1, red 1
full now has red 5, white 4, blue 4, white 5, blue 4
MOVE: 1 3 1 1 None None
You discards yellow 5
trash is now red 1, yellow 3, yellow 4, white 3, green 4, yellow 1, green 1, white 1, green 4, yellow 3, white 1, red 1, yellow 5
You now has green 5, yellow 4, red 3, white 3, blue 5
MOVE: 0 3 4 None None None
full discards blue 4
trash is now red 1, yellow 3, yellow 4, white 3, green 4, yellow 1, green 1, white 1, green 4, yellow 3, white 1, red 1, yellow 5, blue 4
full now has red 5, white 4, blue 4, white 5, yellow 2
MOVE: 1 0 None 0 1 None
You hints full about all their yellow cards hints remaining: 7
full has red 5, white 4, blue 4, white 5, yellow 2
MOVE: 0 2 4 None None None
full plays yellow 2 successfully! Board is now green 2, yellow 2, white 1, blue 2, red 1
full now has red 5, white 4, blue 4, white 5, green 3
MOVE: 1 0 None 0 0 None
You hints full about all their green cards hints remaining: 6
full has red 5, white 4, blue 4, white 5, green 3
MOVE: 0 2 4 None None None
full plays green 3 successfully! Board is now green 3, yellow 2, white 1, blue 2, red 1
full now has red 5, white 4, blue 4, white 5, red 4
MOVE: 1 3 0 1 None None
You discards green 5
trash is now red 1, yellow 3, yellow 4, white 3, green 4, yellow 1, green 1, white 1, green 4, yellow 3, white 1, red 1, yellow 5, blue 4, green 5
You now has yellow 4, red 3, white 3, blue 5, blue 2
MOVE: 0 3 4 None None None
full discards red 4
trash is now red 1, yellow 3, yellow 4, white 3, green 4, yellow 1, green 1, white 1, green 4, yellow 3, white 1, red 1, yellow 5, blue 4, green 5, red 4
full now has red 5, white 4, blue 4, white 5, yellow 2
MOVE: 1 3 0 1 None None
You discards yellow 4
trash is now red 1, yellow 3, yellow 4, white 3, green 4, yellow 1, green 1, white 1, green 4, yellow 3, white 1, red 1, yellow 5, blue 4, green 5, red 4, yellow 4
You now has red 3, white 3, blue 5, blue 2, green 1
MOVE: 0 1 None 1 None 1
full hints You about all their 1 hints remaining: 7
You has red 3, white 3, blue 5, blue 2, green 1
MOVE: 1 3 4 1 None None
You discards green 1
trash is now red 1, yellow 3, yellow 4, white 3, green 4, yellow 1, green 1, white 1, green 4, yellow 3, white 1, red 1, yellow 5, blue 4, green 5, red 4, yellow 4, green 1
You now has red 3, white 3, blue 5, blue 2, white 2
MOVE: 0 3 4 None None None
full discards yellow 2
trash is now red 1, yellow 3, yellow 4, white 3, green 4, yellow 1, green 1, white 1, green 4, yellow 3, white 1, red 1, yellow 5, blue 4, green 5, red 4, yellow 4, green 1, yellow 2
full now has red 5, white 4, blue 4, white 5, white 4
MOVE: 1 1 None 0 None 4
You hints full about all their 4 hints remaining: 7
full has red 5, white 4, blue 4, white 5, white 4
MOVE: 0 2 4 None None None
full plays white 4 and fails. Board was green 3, yellow 2, white 1, blue 2, red 1
full now has red 5, white 4, blue 4, white 5, white 2
MOVE: 1 0 None 0 2 None
You hints full about all their white cards hints remaining: 6
full has red 5, white 4, blue 4, white 5, white 2
MOVE: 0 2 4 None None None
full plays white 2 successfully! Board is now green 3, yellow 2, white 2, blue 2, red 1
full now has red 5, white 4, blue 4, white 5, green 3
MOVE: 1 3 0 1 None None
You discards red 3
trash is now red 1, yellow 3, yellow 4, white 3, green 4, yellow 1, green 1, white 1, green 4, yellow 3, white 1, red 1, yellow 5, blue 4, green 5, red 4, yellow 4, green 1, yellow 2, white 4, red 3
You now has white 3, blue 5, blue 2, white 2, blue 1
MOVE: 0 1 None 1 None 3
full hints You about all their 3 hints remaining: 6
You has white 3, blue 5, blue 2, white 2, blue 1
MOVE: 1 2 0 1 None None
You plays white 3 successfully! Board is now green 3, yellow 2, white 3, blue 2, red 1
You now has blue 5, blue 2, white 2, blue 1, blue 1
MOVE: 0 2 1 None None None
full plays white 4 successfully! Board is now green 3, yellow 2, white 4, blue 2, red 1
full now has red 5, blue 4, white 5, green 3, blue 3
MOVE: 1 0 None 0 3 None
You hints full about all their blue cards hints remaining: 5
full has red 5, blue 4, white 5, green 3, blue 3
MOVE: 0 2 4 None None None
full plays blue 3 successfully! Board is now green 3, yellow 2, white 4, blue 3, red 1
full now has red 5, blue 4, white 5, green 3, red 2
MOVE: 1 0 None 0 4 None
You hints full about all their red cards hints remaining: 4
full has red 5, blue 4, white 5, green 3, red 2
MOVE: 0 2 4 None None None
full plays red 2 successfully! Board is now green 3, yellow 2, white 4, blue 3, red 2
full now has red 5, blue 4, white 5, green 3, red 2
MOVE: 1 3 0 1 None None
You discards blue 5
trash is now red 1, yellow 3, yellow 4, white 3, green 4, yellow 1, green 1, white 1, green 4, yellow 3, white 1, red 1, yellow 5, blue 4, green 5, red 4, yellow 4, green 1, yellow 2, white 4, red 3, blue 5
You now has blue 2, white 2, blue 1, blue 1, yellow 1
MOVE: 0 2 1 None None None
full plays blue 4 successfully! Board is now green 3, yellow 2, white 4, blue 4, red 2
full now has red 5, white 5, green 3, red 2, green 2
MOVE: 1 3 0 1 None None
You discards blue 2
trash is now red 1, yellow 3, yellow 4, white 3, green 4, yellow 1, green 1, white 1, green 4, yellow 3, white 1, red 1, yellow 5, blue 4, green 5, red 4, yellow 4, green 1, yellow 2, white 4, red 3, blue 5, blue 2
You now has white 2, blue 1, blue 1, yellow 1, blue 3
MOVE: 0 2 1 None None None
full plays white 5 successfully! Board is now green 3, yellow 2, white 5, blue 4, red 2
full now has red 5, green 3, red 2, green 2, red 4
MOVE: 1 3 0 1 None None
You discards white 2
trash is now red 1, yellow 3, yellow 4, white 3, green 4, yellow 1, green 1, white 1, green 4, yellow 3, white 1, red 1, yellow 5, blue 4, green 5, red 4, yellow 4, green 1, yellow 2, white 4, red 3, blue 5, blue 2, white 2
You now has blue 1, blue 1, yellow 1, blue 3, red 3
MOVE: 0 1 None 1 None 1
full hints You about all their 1 hints remaining: 7
You has blue 1, blue 1, yellow 1, blue 3, red 3
MOVE: 1 3 0 1 None None
You discards blue 1
trash is now red 1, yellow 3, yellow 4, white 3, green 4, yellow 1, green 1, white 1, green 4, yellow 3, white 1, red 1, yellow 5, blue 4, green 5, red 4, yellow 4, green 1, yellow 2, white 4, red 3, blue 5, blue 2, white 2, blue 1
You now has blue 1, yellow 1, blue 3, red 3
Score 16
