Old GID: 1e5cb6231e806d7a
Treatment: ('outer', 9868)
[(0, 1), (2, 1), (4, 3), (2, 4), (3, 2), (3, 1), (1, 5), (1, 1), (1, 3), (4, 2), (2, 1), (4, 4), (1, 1), (0, 1), (1, 4), (0, 2), (0, 4), (2, 3), (0, 4), (4, 1), (1, 4), (2, 1), (4, 1), (1, 2), (2, 4), (0, 3), (0, 1), (1, 2), (3, 3), (0, 5), (3, 2), (2, 2), (3, 3), (2, 2), (0, 2), (4, 5), (3, 4), (4, 4), (4, 2), (4, 3)]
MOVE: 0 1 None 1 None 1
outer hints You about all their 1 hints remaining: 7
You has blue 1, white 3, blue 1, red 1, white 5
MOVE: 1 2 2 1 None None
You plays blue 1 successfully! Board is now green 0, yellow 0, white 0, blue 1, red 0
You now has blue 1, white 3, red 1, white 5, green 1
MOVE: 0 1 None 1 None 1
outer hints You about all their 1 hints remaining: 6
You has blue 1, white 3, red 1, white 5, green 1
MOVE: 1 2 4 1 None None
You plays green 1 successfully! Board is now green 1, yellow 0, white 0, blue 1, red 0
You now has blue 1, white 3, red 1, white 5, white 1
MOVE: 0 0 None 1 4 None
outer hints You about all their red cards hints remaining: 5
You has blue 1, white 3, red 1, white 5, white 1
MOVE: 1 2 2 1 None None
You plays red 1 successfully! Board is now green 1, yellow 0, white 0, blue 1, red 1
You now has blue 1, white 3, white 5, white 1, red 3
MOVE: 0 1 None 1 None 1
outer hints You about all their 1 hints remaining: 4
You has blue 1, white 3, white 5, white 1, red 3
MOVE: 1 1 None 0 None 1
You hints outer about all their 1 hints remaining: 3
outer has blue 4, blue 5, green 3, yellow 3, yellow 1
MOVE: 0 0 None 1 2 None
outer hints You about all their white cards hints remaining: 2
You has blue 1, white 3, white 5, white 1, red 3
MOVE: 1 0 None 0 1 None
You hints outer about all their yellow cards hints remaining: 1
outer has blue 4, blue 5, green 3, yellow 3, yellow 1
MOVE: 0 2 4 None None None
outer plays yellow 1 successfully! Board is now green 1, yellow 1, white 0, blue 1, red 1
outer now has blue 4, blue 5, green 3, yellow 3, white 4
MOVE: 1 2 3 1 None None
You plays white 1 successfully! Board is now green 1, yellow 1, white 1, blue 1, red 1
You now has blue 1, white 3, white 5, red 3, blue 2
MOVE: 0 1 None 1 None 2
outer hints You about all their 2 hints remaining: 0
You has blue 1, white 3, white 5, red 3, blue 2
MOVE: 1 2 4 1 None None
You plays blue 2 successfully! Board is now green 1, yellow 1, white 1, blue 2, red 1
You now has blue 1, white 3, white 5, red 3, blue 1
MOVE: 0 3 3 None None None
outer discards yellow 3
trash is now yellow 3
outer now has blue 4, blue 5, green 3, white 4, yellow 5
MOVE: 1 3 0 1 None None
You discards blue 1
trash is now yellow 3, blue 1
You now has white 3, white 5, red 3, blue 1, yellow 1
MOVE: 0 0 None 1 3 None
outer hints You about all their blue cards hints remaining: 1
You has white 3, white 5, red 3, blue 1, yellow 1
MOVE: 1 2 3 1 None None
You plays blue 1 and fails. Board was green 1, yellow 1, white 1, blue 2, red 1
You now has white 3, white 5, red 3, yellow 1, yellow 3
MOVE: 0 0 None 1 4 None
outer hints You about all their red cards hints remaining: 0
You has white 3, white 5, red 3, yellow 1, yellow 3
MOVE: 1 2 2 1 None None
You plays red 3 and fails. Board was green 1, yellow 1, white 1, blue 2, red 1
You now has white 3, white 5, yellow 1, yellow 3, red 2
MOVE: 0 3 0 None None None
outer discards blue 4
trash is now yellow 3, blue 1, blue 1, red 3, blue 4
outer now has blue 5, green 3, white 4, yellow 5, white 1
MOVE: 1 1 None 0 None 1
You hints outer about all their 1 hints remaining: 0
outer has blue 5, green 3, white 4, yellow 5, white 1
MOVE: 0 3 4 None None None
outer discards white 1
trash is now yellow 3, blue 1, blue 1, red 3, blue 4, white 1
outer now has blue 5, green 3, white 4, yellow 5, red 4
MOVE: 1 3 2 1 None None
You discards yellow 1
trash is now yellow 3, blue 1, blue 1, red 3, blue 4, white 1, yellow 1
You now has white 3, white 5, yellow 3, red 2, yellow 1
MOVE: 0 1 None 1 None 2
outer hints You about all their 2 hints remaining: 1
You has white 3, white 5, yellow 3, red 2, yellow 1
MOVE: 1 2 3 1 None None
You plays red 2 successfully! Board is now green 1, yellow 1, white 1, blue 2, red 2
You now has white 3, white 5, yellow 3, yellow 1, green 1
MOVE: 0 0 None 1 2 None
outer hints You about all their white cards hints remaining: 0
You has white 3, white 5, yellow 3, yellow 1, green 1
MOVE: 1 2 1 1 None None
You plays white 5 and fails. Board was green 1, yellow 1, white 1, blue 2, red 2
You now has white 3, yellow 3, yellow 1, green 1, yellow 4
Score 7
