Old GID: d6be5213bd65298e
Treatment: ('full', 2906)
[(2, 3), (4, 2), (4, 1), (2, 3), (0, 4), (0, 5), (2, 5), (3, 4), (1, 2), (3, 2), (0, 1), (1, 4), (4, 3), (4, 2), (2, 1), (0, 2), (1, 3), (2, 4), (1, 5), (3, 1), (4, 3), (0, 3), (2, 1), (4, 1), (4, 1), (2, 2), (0, 2), (0, 1), (0, 4), (4, 4), (1, 4), (1, 2), (0, 1), (1, 1), (4, 5), (3, 1), (3, 1), (3, 3), (3, 3), (0, 3)]
MOVE: 0 1 None 1 None 1
full hints You about all their 1 hints remaining: 7
You has blue 2, yellow 3, yellow 1, white 4, red 4
MOVE: 1 2 2 1 None None
You plays yellow 1 successfully! Board is now green 0, yellow 1, white 0, blue 0, red 0
You now has blue 2, yellow 3, white 4, red 4, white 3
MOVE: 0 3 0 None None None
full discards blue 4
trash is now blue 4
full now has white 2, white 1, blue 5, yellow 1, red 2
MOVE: 1 0 None 0 2 None
You hints full about all their white cards hints remaining: 7
full has white 2, white 1, blue 5, yellow 1, red 2
MOVE: 0 2 0 None None None
full plays white 2 and fails. Board was green 0, yellow 1, white 0, blue 0, red 0
full now has white 1, blue 5, yellow 1, red 2, red 1
MOVE: 1 1 None 0 None 1
You hints full about all their 1 hints remaining: 6
full has white 1, blue 5, yellow 1, red 2, red 1
MOVE: 0 2 0 None None None
full plays white 1 successfully! Board is now green 0, yellow 1, white 1, blue 0, red 0
full now has blue 5, yellow 1, red 2, red 1, white 3
MOVE: 1 0 None 0 1 None
You hints full about all their yellow cards hints remaining: 5
full has blue 5, yellow 1, red 2, red 1, white 3
MOVE: 0 3 1 None None None
full discards yellow 1
trash is now blue 4, white 2, yellow 1
full now has blue 5, red 2, red 1, white 3, green 4
MOVE: 1 0 None 0 4 None
You hints full about all their red cards hints remaining: 5
full has blue 5, red 2, red 1, white 3, green 4
MOVE: 0 2 2 None None None
full plays red 1 successfully! Board is now green 0, yellow 1, white 1, blue 0, red 1
full now has blue 5, red 2, white 3, green 4, green 5
MOVE: 1 1 None 0 None 2
You hints full about all their 2 hints remaining: 4
full has blue 5, red 2, white 3, green 4, green 5
MOVE: 0 2 1 None None None
full plays red 2 successfully! Board is now green 0, yellow 1, white 1, blue 0, red 2
full now has blue 5, white 3, green 4, green 5, white 5
MOVE: 1 1 None 0 None 5
You hints full about all their 5 hints remaining: 3
full has blue 5, white 3, green 4, green 5, white 5
MOVE: 0 3 2 None None None
full discards green 4
trash is now blue 4, white 2, yellow 1, green 4
full now has blue 5, white 3, green 5, white 5, blue 4
MOVE: 1 3 0 1 None None
You discards blue 2
trash is now blue 4, white 2, yellow 1, green 4, blue 2
You now has yellow 3, white 4, red 4, white 3, yellow 2
MOVE: 0 1 None 1 None 2
full hints You about all their 2 hints remaining: 4
You has yellow 3, white 4, red 4, white 3, yellow 2
MOVE: 1 2 4 1 None None
You plays yellow 2 successfully! Board is now green 0, yellow 2, white 1, blue 0, red 2
You now has yellow 3, white 4, red 4, white 3, blue 2
MOVE: 0 0 None 1 1 None
full hints You about all their yellow cards hints remaining: 3
You has yellow 3, white 4, red 4, white 3, blue 2
MOVE: 1 2 0 1 None None
You plays yellow 3 successfully! Board is now green 0, yellow 3, white 1, blue 0, red 2
You now has white 4, red 4, white 3, blue 2, green 1
MOVE: 0 0 None 1 0 None
full hints You about all their green cards hints remaining: 2
You has white 4, red 4, white 3, blue 2, green 1
MOVE: 1 2 4 1 None None
You plays green 1 successfully! Board is now green 1, yellow 3, white 1, blue 0, red 2
You now has white 4, red 4, white 3, blue 2, yellow 4
MOVE: 0 0 None 1 1 None
full hints You about all their yellow cards hints remaining: 1
You has white 4, red 4, white 3, blue 2, yellow 4
MOVE: 1 2 4 1 None None
You plays yellow 4 successfully! Board is now green 1, yellow 4, white 1, blue 0, red 2
You now has white 4, red 4, white 3, blue 2, red 3
MOVE: 0 0 None 1 2 None
full hints You about all their white cards hints remaining: 0
You has white 4, red 4, white 3, blue 2, red 3
MOVE: 1 2 2 1 None None
You plays white 3 and fails. Board was green 1, yellow 4, white 1, blue 0, red 2
You now has white 4, red 4, blue 2, red 3, red 2
MOVE: 0 3 1 None None None
full discards white 3
trash is now blue 4, white 2, yellow 1, green 4, blue 2, white 3, white 3
full now has blue 5, green 5, white 5, blue 4, white 1
MOVE: 1 2 0 1 None None
You plays white 4 and fails. Board was green 1, yellow 4, white 1, blue 0, red 2
You now has red 4, blue 2, red 3, red 2, green 2
Score 8
