Old GID: b86223067d332293
Treatment: ('full', 114)
[(1, 2), (3, 1), (0, 4), (1, 2), (1, 3), (0, 1), (2, 4), (2, 1), (2, 3), (4, 2), (1, 4), (1, 4), (2, 1), (0, 3), (3, 5), (2, 2), (2, 1), (3, 2), (1, 1), (0, 5), (3, 1), (2, 2), (3, 3), (1, 3), (4, 4), (3, 4), (0, 2), (4, 1), (3, 3), (3, 2), (0, 1), (4, 5), (2, 5), (4, 2), (0, 3), (2, 4), (1, 1), (3, 1), (0, 2), (1, 1)]
MOVE: 0 0 None 1 0 None
full hints You about all their green cards hints remaining: 7
You has yellow 5, green 1, red 3, blue 4, white 3
MOVE: 1 1 None 0 None 1
You hints full about all their 1 hints remaining: 6
full has green 4, red 1, red 1, red 4, red 3
MOVE: 0 2 1 None None None
full plays red 1 successfully! Board is now green 0, yellow 0, white 0, blue 0, red 1
full now has green 4, red 1, red 4, red 3, yellow 2
MOVE: 1 0 None 0 4 None
You hints full about all their red cards hints remaining: 5
full has green 4, red 1, red 4, red 3, yellow 2
MOVE: 0 2 2 None None None
full plays red 4 and fails. Board was green 0, yellow 0, white 0, blue 0, red 1
full now has green 4, red 1, red 3, yellow 2, blue 1
MOVE: 1 1 None 0 None 1
You hints full about all their 1 hints remaining: 4
full has green 4, red 1, red 3, yellow 2, blue 1
MOVE: 0 2 4 None None None
full plays blue 1 successfully! Board is now green 0, yellow 0, white 0, blue 1, red 1
full now has green 4, red 1, red 3, yellow 2, green 4
MOVE: 1 1 None 0 None 3
You hints full about all their 3 hints remaining: 3
full has green 4, red 1, red 3, yellow 2, green 4
MOVE: 0 3 1 None None None
full discards red 1
trash is now red 4, red 1
full now has green 4, red 3, yellow 2, green 4, yellow 2
MOVE: 1 2 1 1 None None
You plays green 1 successfully! Board is now green 1, yellow 0, white 0, blue 1, red 1
You now has yellow 5, red 3, blue 4, white 3, yellow 3
MOVE: 0 3 4 None None None
full discards yellow 2
trash is now red 4, red 1, yellow 2
full now has green 4, red 3, yellow 2, green 4, green 1
MOVE: 1 0 None 0 0 None
You hints full about all their green cards hints remaining: 4
full has green 4, red 3, yellow 2, green 4, green 1
MOVE: 0 2 0 None None None
full plays green 4 and fails. Board was green 1, yellow 0, white 0, blue 1, red 1
full now has red 3, yellow 2, green 4, green 1, white 4
MOVE: 1 1 None 0 None 1
You hints full about all their 1 hints remaining: 3
full has red 3, yellow 2, green 4, green 1, white 4
MOVE: 0 3 3 None None None
full discards green 1
trash is now red 4, red 1, yellow 2, green 4, green 1
full now has red 3, yellow 2, green 4, white 4, white 1
MOVE: 1 0 None 0 2 None
You hints full about all their white cards hints remaining: 3
full has red 3, yellow 2, green 4, white 4, white 1
MOVE: 0 2 4 None None None
full plays white 1 successfully! Board is now green 1, yellow 0, white 1, blue 1, red 1
full now has red 3, yellow 2, green 4, white 4, white 3
MOVE: 1 3 4 1 None None
You discards yellow 3
trash is now red 4, red 1, yellow 2, green 4, green 1, yellow 3
You now has yellow 5, red 3, blue 4, white 3, red 2
MOVE: 0 1 None 1 None 2
full hints You about all their 2 hints remaining: 3
You has yellow 5, red 3, blue 4, white 3, red 2
MOVE: 1 2 4 1 None None
You plays red 2 successfully! Board is now green 1, yellow 0, white 1, blue 1, red 2
You now has yellow 5, red 3, blue 4, white 3, yellow 4
MOVE: 0 2 0 None None None
full plays red 3 successfully! Board is now green 1, yellow 0, white 1, blue 1, red 3
full now has yellow 2, green 4, white 4, white 3, yellow 4
MOVE: 1 1 None 0 None 4
You hints full about all their 4 hints remaining: 2
full has yellow 2, green 4, white 4, white 3, yellow 4
MOVE: 0 2 4 None None None
full plays yellow 4 and fails. Board was green 1, yellow 0, white 1, blue 1, red 3
full now has yellow 2, green 4, white 4, white 3, white 1
Score 6
