Old GID: 9cdc94b235179297
Treatment: ('outer', 3815)
[(3, 4), (3, 1), (1, 1), (4, 1), (1, 3), (0, 4), (3, 1), (2, 2), (1, 1), (1, 4), (4, 3), (3, 3), (2, 1), (0, 3), (4, 1), (4, 3), (3, 5), (1, 2), (4, 4), (0, 2), (1, 4), (0, 1), (4, 1), (2, 5), (2, 1), (0, 2), (0, 1), (3, 2), (0, 4), (2, 1), (1, 2), (2, 3), (1, 5), (4, 2), (1, 3), (1, 1), (3, 2), (0, 1), (0, 3), (4, 5)]
MOVE: 0 1 None 1 None 4
outer hints You about all their 4 hints remaining: 7
You has green 5, red 2, blue 4, white 4, white 4
MOVE: 1 1 None 0 None 1
You hints outer about all their 1 hints remaining: 6
outer has white 2, blue 3, blue 1, red 4, white 3
MOVE: 0 2 2 None None None
outer plays blue 1 successfully! Board is now green 0, yellow 0, white 0, blue 1, red 0
outer now has white 2, blue 3, red 4, white 3, blue 4
MOVE: 1 3 2 1 None None
You discards blue 4
trash is now blue 4
You now has green 5, red 2, white 4, white 4, blue 1
MOVE: 0 1 None 1 None 5
outer hints You about all their 5 hints remaining: 6
You has green 5, red 2, white 4, white 4, blue 1
MOVE: 1 3 0 1 None None
You discards green 5
trash is now blue 4, green 5
You now has red 2, white 4, white 4, blue 1, yellow 1
MOVE: 0 1 None 1 None 1
outer hints You about all their 1 hints remaining: 6
You has red 2, white 4, white 4, blue 1, yellow 1
MOVE: 1 2 3 1 None None
You plays blue 1 and fails. Board was green 0, yellow 0, white 0, blue 1, red 0
You now has red 2, white 4, white 4, yellow 1, red 1
MOVE: 0 0 None 1 1 None
outer hints You about all their yellow cards hints remaining: 5
You has red 2, white 4, white 4, yellow 1, red 1
MOVE: 1 2 3 1 None None
You plays yellow 1 successfully! Board is now green 0, yellow 1, white 0, blue 1, red 0
You now has red 2, white 4, white 4, red 1, yellow 3
MOVE: 0 0 None 1 4 None
outer hints You about all their red cards hints remaining: 4
You has red 2, white 4, white 4, red 1, yellow 3
MOVE: 1 3 1 1 None None
You discards white 4
trash is now blue 4, green 5, blue 1, white 4
You now has red 2, white 4, red 1, yellow 3, green 4
MOVE: 0 1 None 1 None 1
outer hints You about all their 1 hints remaining: 4
You has red 2, white 4, red 1, yellow 3, green 4
MOVE: 1 2 2 1 None None
You plays red 1 successfully! Board is now green 0, yellow 1, white 0, blue 1, red 1
You now has red 2, white 4, yellow 3, green 4, blue 1
MOVE: 0 0 None 1 4 None
outer hints You about all their red cards hints remaining: 3
You has red 2, white 4, yellow 3, green 4, blue 1
MOVE: 1 2 0 1 None None
You plays red 2 successfully! Board is now green 0, yellow 1, white 0, blue 1, red 2
You now has white 4, yellow 3, green 4, blue 1, white 2
MOVE: 0 0 None 1 1 None
outer hints You about all their yellow cards hints remaining: 2
You has white 4, yellow 3, green 4, blue 1, white 2
MOVE: 1 2 1 1 None None
You plays yellow 3 and fails. Board was green 0, yellow 1, white 0, blue 1, red 2
You now has white 4, green 4, blue 1, white 2, yellow 1
MOVE: 0 1 None 1 None 2
outer hints You about all their 2 hints remaining: 1
You has white 4, green 4, blue 1, white 2, yellow 1
MOVE: 1 2 3 1 None None
You plays white 2 and fails. Board was green 0, yellow 1, white 0, blue 1, red 2
You now has white 4, green 4, blue 1, yellow 1, yellow 4
Score 4
