Old GID: d53a278f9d480c6e
Treatment: ('outer', 4581)
[(0, 3), (4, 3), (2, 2), (4, 1), (1, 4), (4, 1), (1, 2), (0, 2), (4, 4), (4, 2), (3, 5), (4, 4), (2, 3), (1, 3), (3, 4), (2, 4), (2, 1), (4, 2), (2, 1), (3, 2), (1, 2), (3, 4), (3, 1), (0, 2), (0, 4), (1, 3), (0, 1), (3, 1), (4, 3), (1, 1), (1, 1), (2, 5), (3, 3), (0, 1), (2, 1), (0, 4), (3, 1), (3, 2), (0, 5), (3, 3)]
MOVE: 0 0 None 1 0 None
outer hints You about all their green cards hints remaining: 7
You has green 1, red 1, white 2, green 3, yellow 4
MOVE: 1 2 0 1 None None
You plays green 1 successfully! Board is now green 1, yellow 0, white 0, blue 0, red 0
You now has red 1, white 2, green 3, yellow 4, green 3
MOVE: 0 0 None 1 4 None
outer hints You about all their red cards hints remaining: 6
You has red 1, white 2, green 3, yellow 4, green 3
MOVE: 1 2 0 1 None None
You plays red 1 successfully! Board is now green 1, yellow 0, white 0, blue 0, red 1
You now has white 2, green 3, yellow 4, green 3, red 3
MOVE: 0 1 None 1 None 4
outer hints You about all their 4 hints remaining: 5
You has white 2, green 3, yellow 4, green 3, red 3
MOVE: 1 1 None 0 None 1
You hints outer about all their 1 hints remaining: 4
outer has white 4, yellow 1, yellow 5, white 3, red 5
MOVE: 0 0 None 1 1 None
outer hints You about all their yellow cards hints remaining: 3
You has white 2, green 3, yellow 4, green 3, red 3
MOVE: 1 0 None 0 1 None
You hints outer about all their yellow cards hints remaining: 2
outer has white 4, yellow 1, yellow 5, white 3, red 5
MOVE: 0 2 1 None None None
outer plays yellow 1 successfully! Board is now green 1, yellow 1, white 0, blue 0, red 1
outer now has white 4, yellow 5, white 3, red 5, white 2
MOVE: 1 3 0 1 None None
You discards white 2
trash is now white 2
You now has green 3, yellow 4, green 3, red 3, red 1
MOVE: 0 1 None 1 None 3
outer hints You about all their 3 hints remaining: 2
You has green 3, yellow 4, green 3, red 3, red 1
MOVE: 1 3 4 1 None None
You discards red 1
trash is now white 2, red 1
You now has green 3, yellow 4, green 3, red 3, yellow 4
MOVE: 0 0 None 1 1 None
outer hints You about all their yellow cards hints remaining: 2
You has green 3, yellow 4, green 3, red 3, yellow 4
MOVE: 1 2 4 1 None None
You plays yellow 4 and fails. Board was green 1, yellow 1, white 0, blue 0, red 1
You now has green 3, yellow 4, green 3, red 3, red 1
MOVE: 0 0 None 1 4 None
outer hints You about all their red cards hints remaining: 1
You has green 3, yellow 4, green 3, red 3, red 1
MOVE: 1 2 4 1 None None
You plays red 1 and fails. Board was green 1, yellow 1, white 0, blue 0, red 1
You now has green 3, yellow 4, green 3, red 3, yellow 2
MOVE: 0 0 None 1 1 None
outer hints You about all their yellow cards hints remaining: 0
You has green 3, yellow 4, green 3, red 3, yellow 2
MOVE: 1 2 4 1 None None
You plays yellow 2 successfully! Board is now green 1, yellow 2, white 0, blue 0, red 1
You now has green 3, yellow 4, green 3, red 3, green 2
MOVE: 0 3 2 None None None
outer discards white 3
trash is now white 2, red 1, yellow 4, red 1, white 3
outer now has white 4, yellow 5, red 5, white 2, red 4
MOVE: 1 3 4 1 None None
You discards green 2
trash is now white 2, red 1, yellow 4, red 1, white 3, green 2
You now has green 3, yellow 4, green 3, red 3, red 2
MOVE: 0 0 None 1 4 None
outer hints You about all their red cards hints remaining: 1
You has green 3, yellow 4, green 3, red 3, red 2
MOVE: 1 2 4 1 None None
You plays red 2 successfully! Board is now green 1, yellow 2, white 0, blue 0, red 2
You now has green 3, yellow 4, green 3, red 3, blue 5
MOVE: 0 0 None 1 4 None
outer hints You about all their red cards hints remaining: 0
You has green 3, yellow 4, green 3, red 3, blue 5
MOVE: 1 2 3 1 None None
You plays red 3 successfully! Board is now green 1, yellow 2, white 0, blue 0, red 3
You now has green 3, yellow 4, green 3, blue 5, red 4
MOVE: 0 3 4 None None None
outer discards red 4
trash is now white 2, red 1, yellow 4, red 1, white 3, green 2, red 4
outer now has white 4, yellow 5, red 5, white 2, white 3
MOVE: 1 3 3 1 None None
You discards blue 5
trash is now white 2, red 1, yellow 4, red 1, white 3, green 2, red 4, blue 5
You now has green 3, yellow 4, green 3, red 4, yellow 3
MOVE: 0 0 None 1 4 None
outer hints You about all their red cards hints remaining: 1
You has green 3, yellow 4, green 3, red 4, yellow 3
MOVE: 1 2 3 1 None None
You plays red 4 successfully! Board is now green 1, yellow 2, white 0, blue 0, red 4
You now has green 3, yellow 4, green 3, yellow 3, blue 4
MOVE: 0 1 None 1 None 3
outer hints You about all their 3 hints remaining: 0
You has green 3, yellow 4, green 3, yellow 3, blue 4
MOVE: 1 2 3 1 None None
You plays yellow 3 successfully! Board is now green 1, yellow 3, white 0, blue 0, red 4
You now has green 3, yellow 4, green 3, blue 4, white 4
MOVE: 0 3 4 None None None
outer discards white 3
trash is now white 2, red 1, yellow 4, red 1, white 3, green 2, red 4, blue 5, white 3
outer now has white 4, yellow 5, red 5, white 2, white 1
MOVE: 1 0 None 0 4 None
You hints outer about all their red cards hints remaining: 0
outer has white 4, yellow 5, red 5, white 2, white 1
MOVE: 0 3 2 None None None
outer discards red 5
trash is now white 2, red 1, yellow 4, red 1, white 3, green 2, red 4, blue 5, white 3, red 5
outer now has white 4, yellow 5, white 2, white 1, red 2
MOVE: 1 1 None 0 None 1
You hints outer about all their 1 hints remaining: 0
outer has white 4, yellow 5, white 2, white 1, red 2
MOVE: 0 3 1 None None None
outer discards yellow 5
trash is now white 2, red 1, yellow 4, red 1, white 3, green 2, red 4, blue 5, white 3, red 5, yellow 5
outer now has white 4, white 2, white 1, red 2, white 1
MOVE: 1 0 None 0 2 None
You hints outer about all their white cards hints remaining: 0
outer has white 4, white 2, white 1, red 2, white 1
MOVE: 0 2 2 None None None
outer plays white 1 successfully! Board is now green 1, yellow 3, white 1, blue 0, red 4
outer now has white 4, white 2, red 2, white 1, blue 2
MOVE: 1 3 3 1 None None
You discards blue 4
trash is now white 2, red 1, yellow 4, red 1, white 3, green 2, red 4, blue 5, white 3, red 5, yellow 5, blue 4
You now has green 3, yellow 4, green 3, white 4, yellow 2
MOVE: 0 1 None 1 None 4
outer hints You about all their 4 hints remaining: 0
You has green 3, yellow 4, green 3, white 4, yellow 2
MOVE: 1 2 1 1 None None
You plays yellow 4 successfully! Board is now green 1, yellow 4, white 1, blue 0, red 4
You now has green 3, green 3, white 4, yellow 2, blue 4
MOVE: 0 3 2 None None None
outer discards red 2
trash is now white 2, red 1, yellow 4, red 1, white 3, green 2, red 4, blue 5, white 3, red 5, yellow 5, blue 4, red 2
outer now has white 4, white 2, white 1, blue 2, blue 1
MOVE: 1 1 None 0 None 2
You hints outer about all their 2 hints remaining: 0
outer has white 4, white 2, white 1, blue 2, blue 1
MOVE: 0 2 1 None None None
outer plays white 2 successfully! Board is now green 1, yellow 4, white 2, blue 0, red 4
outer now has white 4, white 1, blue 2, blue 1, green 2
MOVE: 1 3 3 1 None None
You discards yellow 2
trash is now white 2, red 1, yellow 4, red 1, white 3, green 2, red 4, blue 5, white 3, red 5, yellow 5, blue 4, red 2, yellow 2
You now has green 3, green 3, white 4, blue 4, green 4
MOVE: 0 0 None 1 3 None
outer hints You about all their blue cards hints remaining: 0
You has green 3, green 3, white 4, blue 4, green 4
MOVE: 1 2 3 1 None None
You plays blue 4 and fails. Board was green 1, yellow 4, white 2, blue 0, red 4
You now has green 3, green 3, white 4, green 4, yellow 3
Score 11
