Old GID: 5c23c93b4cf360f1
Treatment: ('full', 1160)
[(2, 1), (1, 5), (3, 1), (3, 5), (3, 4), (2, 5), (3, 1), (2, 1), (0, 2), (0, 3), (0, 5), (4, 4), (0, 1), (1, 1), (4, 2), (3, 4), (2, 4), (1, 2), (1, 1), (0, 2), (3, 1), (2, 3), (4, 5), (4, 1), (3, 2), (1, 4), (3, 2), (3, 3), (0, 4), (2, 4), (0, 4), (0, 1), (4, 1), (4, 2), (3, 3), (2, 3), (4, 1), (1, 4), (1, 1), (2, 1)]
MOVE: 0 3 0 None None None
full discards red 4
trash is now red 4
full now has green 1, red 3, green 3, white 2, white 1
MOVE: 1 1 None 0 None 1
You hints full about all their 1 hints remaining: 7
full has green 1, red 3, green 3, white 2, white 1
MOVE: 0 2 0 None None None
full plays green 1 successfully! Board is now green 1, yellow 0, white 0, blue 0, red 0
full now has red 3, green 3, white 2, white 1, yellow 5
MOVE: 1 0 None 0 2 None
You hints full about all their white cards hints remaining: 6
full has red 3, green 3, white 2, white 1, yellow 5
MOVE: 0 2 3 None None None
full plays white 1 successfully! Board is now green 1, yellow 0, white 1, blue 0, red 0
full now has red 3, green 3, white 2, yellow 5, blue 1
MOVE: 1 1 None 0 None 3
You hints full about all their 3 hints remaining: 5
full has red 3, green 3, white 2, yellow 5, blue 1
MOVE: 0 0 None 1 2 None
full hints You about all their white cards hints remaining: 4
You has yellow 3, white 2, red 3, yellow 2, yellow 3
MOVE: 1 1 None 0 None 1
You hints full about all their 1 hints remaining: 3
full has red 3, green 3, white 2, yellow 5, blue 1
MOVE: 0 2 4 None None None
full plays blue 1 successfully! Board is now green 1, yellow 0, white 1, blue 1, red 0
full now has red 3, green 3, white 2, yellow 5, blue 5
MOVE: 1 2 1 1 None None
You plays white 2 successfully! Board is now green 1, yellow 0, white 2, blue 1, red 0
You now has yellow 3, red 3, yellow 2, yellow 3, blue 4
MOVE: 0 3 0 None None None
full discards red 3
trash is now red 4, red 3
full now has green 3, white 2, yellow 5, blue 5, white 5
MOVE: 1 1 None 0 None 5
You hints full about all their 5 hints remaining: 3
full has green 3, white 2, yellow 5, blue 5, white 5
MOVE: 0 3 1 None None None
full discards white 2
trash is now red 4, red 3, white 2
full now has green 3, yellow 5, blue 5, white 5, blue 1
MOVE: 1 0 None 0 3 None
You hints full about all their blue cards hints remaining: 3
full has green 3, yellow 5, blue 5, white 5, blue 1
MOVE: 0 2 4 None None None
full plays blue 1 and fails. Board was green 1, yellow 0, white 2, blue 1, red 0
full now has green 3, yellow 5, blue 5, white 5, white 1
MOVE: 1 3 0 1 None None
You discards yellow 3
trash is now red 4, red 3, white 2, blue 1, yellow 3
You now has red 3, yellow 2, yellow 3, blue 4, green 2
MOVE: 0 0 None 1 0 None
full hints You about all their green cards hints remaining: 3
You has red 3, yellow 2, yellow 3, blue 4, green 2
MOVE: 1 2 4 1 None None
You plays green 2 successfully! Board is now green 2, yellow 0, white 2, blue 1, red 0
You now has red 3, yellow 2, yellow 3, blue 4, green 3
MOVE: 0 0 None 1 0 None
full hints You about all their green cards hints remaining: 2
You has red 3, yellow 2, yellow 3, blue 4, green 3
MOVE: 1 0 None 0 0 None
You hints full about all their green cards hints remaining: 1
full has green 3, yellow 5, blue 5, white 5, white 1
MOVE: 0 2 0 None None None
full plays green 3 successfully! Board is now green 3, yellow 0, white 2, blue 1, red 0
full now has yellow 5, blue 5, white 5, white 1, green 5
MOVE: 1 2 4 1 None None
You plays green 3 and fails. Board was green 3, yellow 0, white 2, blue 1, red 0
You now has red 3, yellow 2, yellow 3, blue 4, red 4
MOVE: 0 3 4 None None None
full discards green 5
trash is now red 4, red 3, white 2, blue 1, yellow 3, green 3, green 5
full now has yellow 5, blue 5, white 5, white 1, green 1
MOVE: 1 1 None 0 None 1
You hints full about all their 1 hints remaining: 1
full has yellow 5, blue 5, white 5, white 1, green 1
MOVE: 0 2 3 None None None
full plays white 1 and fails. Board was green 3, yellow 0, white 2, blue 1, red 0
full now has yellow 5, blue 5, white 5, green 1, yellow 1
Score 6
