Old GID: c89906a9715ae9d6
Treatment: ('outer', 1613)
[(4, 4), (1, 1), (2, 1), (0, 5), (3, 2), (4, 5), (0, 1), (2, 2), (3, 1), (2, 1), (4, 2), (4, 1), (3, 3), (3, 4), (4, 3), (3, 3), (1, 3), (2, 3), (2, 3), (4, 1), (2, 1), (1, 1), (1, 4), (1, 5), (0, 2), (4, 3), (0, 3), (3, 1), (3, 4), (4, 2), (1, 2), (0, 3), (1, 2), (3, 1), (3, 5), (0, 4), (2, 4), (1, 4), (0, 2), (1, 3)]
MOVE: 0 0 None 1 1 None
outer hints You about all their yellow cards hints remaining: 7
You has yellow 1, green 1, red 1, white 2, white 5
MOVE: 1 1 None 0 None 1
You hints outer about all their 1 hints remaining: 6
outer has red 4, white 4, green 1, blue 2, green 4
MOVE: 0 2 2 None None None
outer plays green 1 successfully! Board is now green 1, yellow 0, white 0, blue 0, red 0
outer now has red 4, white 4, blue 2, green 4, red 4
MOVE: 1 2 0 1 None None
You plays yellow 1 successfully! Board is now green 1, yellow 1, white 0, blue 0, red 0
You now has green 1, red 1, white 2, white 5, yellow 1
MOVE: 0 1 None 1 None 1
outer hints You about all their 1 hints remaining: 5
You has green 1, red 1, white 2, white 5, yellow 1
MOVE: 1 2 0 1 None None
You plays green 1 and fails. Board was green 1, yellow 1, white 0, blue 0, red 0
You now has red 1, white 2, white 5, yellow 1, white 1
MOVE: 0 0 None 1 4 None
outer hints You about all their red cards hints remaining: 4
You has red 1, white 2, white 5, yellow 1, white 1
MOVE: 1 2 0 1 None None
You plays red 1 successfully! Board is now green 1, yellow 1, white 0, blue 0, red 1
You now has white 2, white 5, yellow 1, white 1, green 5
MOVE: 0 1 None 1 None 1
outer hints You about all their 1 hints remaining: 3
You has white 2, white 5, yellow 1, white 1, green 5
MOVE: 1 2 3 1 None None
You plays white 1 successfully! Board is now green 1, yellow 1, white 1, blue 0, red 1
You now has white 2, white 5, yellow 1, green 5, blue 2
MOVE: 0 1 None 1 None 2
outer hints You about all their 2 hints remaining: 2
You has white 2, white 5, yellow 1, green 5, blue 2
MOVE: 1 3 2 1 None None
You discards yellow 1
trash is now green 1, yellow 1
You now has white 2, white 5, green 5, blue 2, red 5
MOVE: 0 0 None 1 2 None
outer hints You about all their white cards hints remaining: 2
You has white 2, white 5, green 5, blue 2, red 5
MOVE: 1 2 0 1 None None
You plays white 2 successfully! Board is now green 1, yellow 1, white 2, blue 0, red 1
You now has white 5, green 5, blue 2, red 5, green 1
MOVE: 0 1 None 1 None 5
outer hints You about all their 5 hints remaining: 1
You has white 5, green 5, blue 2, red 5, green 1
MOVE: 1 2 2 1 None None
You plays blue 2 and fails. Board was green 1, yellow 1, white 2, blue 0, red 1
You now has white 5, green 5, red 5, green 1, white 2
MOVE: 0 0 None 1 2 None
outer hints You about all their white cards hints remaining: 0
You has white 5, green 5, red 5, green 1, white 2
MOVE: 1 2 4 1 None None
You plays white 2 and fails. Board was green 1, yellow 1, white 2, blue 0, red 1
You now has white 5, green 5, red 5, green 1, blue 1
Score 5
