Old GID: cddfa97c3dac1991
Treatment: ('outer', 27)
[(4, 1), (3, 1), (4, 1), (1, 4), (3, 1), (2, 1), (1, 1), (0, 3), (4, 1), (0, 1), (1, 1), (2, 2), (4, 2), (0, 4), (1, 3), (0, 3), (1, 4), (2, 4), (0, 1), (2, 5), (3, 3), (2, 2), (2, 3), (2, 4), (4, 2), (2, 1), (3, 2), (0, 1), (1, 5), (3, 3), (0, 4), (4, 4), (1, 3), (1, 2), (3, 4), (0, 2), (0, 5), (4, 3), (3, 2), (3, 1)]
MOVE: 0 0 None 1 4 None
outer hints You about all their red cards hints remaining: 7
You has green 2, blue 5, yellow 2, blue 4, red 3
MOVE: 1 1 None 0 None 1
You hints outer about all their 1 hints remaining: 6
outer has red 4, red 5, white 3, yellow 1, white 1
MOVE: 0 2 3 None None None
outer plays yellow 1 successfully! Board is now green 0, yellow 1, white 0, blue 0, red 0
outer now has red 4, red 5, white 3, white 1, red 1
MOVE: 1 2 4 1 None None
You plays red 3 and fails. Board was green 0, yellow 1, white 0, blue 0, red 0
You now has green 2, blue 5, yellow 2, blue 4, blue 1
MOVE: 0 1 None 1 None 2
outer hints You about all their 2 hints remaining: 5
You has green 2, blue 5, yellow 2, blue 4, blue 1
MOVE: 1 2 2 1 None None
You plays yellow 2 successfully! Board is now green 0, yellow 2, white 0, blue 0, red 0
You now has green 2, blue 5, blue 4, blue 1, red 1
MOVE: 0 1 None 1 None 1
outer hints You about all their 1 hints remaining: 4
You has green 2, blue 5, blue 4, blue 1, red 1
MOVE: 1 2 4 1 None None
You plays red 1 successfully! Board is now green 0, yellow 2, white 0, blue 0, red 1
You now has green 2, blue 5, blue 4, blue 1, yellow 4
MOVE: 0 0 None 1 3 None
outer hints You about all their blue cards hints remaining: 3
You has green 2, blue 5, blue 4, blue 1, yellow 4
MOVE: 1 2 3 1 None None
You plays blue 1 successfully! Board is now green 0, yellow 2, white 0, blue 1, red 1
You now has green 2, blue 5, blue 4, yellow 4, blue 1
MOVE: 0 1 None 1 None 5
outer hints You about all their 5 hints remaining: 2
You has green 2, blue 5, blue 4, yellow 4, blue 1
MOVE: 1 0 None 0 2 None
You hints outer about all their white cards hints remaining: 1
outer has red 4, red 5, white 3, white 1, red 1
MOVE: 0 2 3 None None None
outer plays white 1 successfully! Board is now green 0, yellow 2, white 1, blue 1, red 1
outer now has red 4, red 5, white 3, red 1, white 1
MOVE: 1 1 None 0 None 5
You hints outer about all their 5 hints remaining: 0
outer has red 4, red 5, white 3, red 1, white 1
MOVE: 0 3 4 None None None
outer discards white 1
trash is now red 3, white 1
outer now has red 4, red 5, white 3, red 1, yellow 1
MOVE: 1 2 0 1 None None
You plays green 2 and fails. Board was green 0, yellow 2, white 1, blue 1, red 1
You now has blue 5, blue 4, yellow 4, blue 1, green 3
MOVE: 0 0 None 1 3 None
outer hints You about all their blue cards hints remaining: 0
You has blue 5, blue 4, yellow 4, blue 1, green 3
MOVE: 1 2 3 1 None None
You plays blue 1 and fails. Board was green 0, yellow 2, white 1, blue 1, red 1
You now has blue 5, blue 4, yellow 4, green 3, red 1
Score 5
