Old GID: 8416ee361bb2c8e2
Treatment: ('full', 9771)
[(3, 4), (2, 1), (4, 4), (0, 5), (0, 1), (2, 4), (1, 5), (4, 1), (0, 4), (3, 3), (1, 4), (1, 2), (4, 1), (3, 3), (2, 2), (3, 5), (2, 1), (1, 3), (3, 2), (3, 1), (4, 2), (0, 4), (2, 2), (3, 2), (2, 1), (1, 1), (4, 3), (3, 4), (4, 1), (1, 1), (4, 4), (1, 4), (1, 1), (0, 3), (4, 3), (0, 1), (0, 2), (4, 5), (3, 1), (2, 3)]
MOVE: 0 1 None 1 None 1
full hints You about all their 1 hints remaining: 7
You has green 1, green 2, white 5, white 4, yellow 2
MOVE: 1 0 None 0 3 None
You hints full about all their blue cards hints remaining: 6
full has blue 1, white 3, red 2, green 3, yellow 3
MOVE: 0 2 0 None None None
full plays blue 1 successfully! Board is now green 0, yellow 0, white 0, blue 1, red 0
full now has white 3, red 2, green 3, yellow 3, blue 4
MOVE: 1 2 0 1 None None
You plays green 1 successfully! Board is now green 1, yellow 0, white 0, blue 1, red 0
You now has green 2, white 5, white 4, yellow 2, white 1
MOVE: 0 0 None 1 0 None
full hints You about all their green cards hints remaining: 5
You has green 2, white 5, white 4, yellow 2, white 1
MOVE: 1 1 None 0 None 3
You hints full about all their 3 hints remaining: 4
full has white 3, red 2, green 3, yellow 3, blue 4
MOVE: 0 0 None 1 2 None
full hints You about all their white cards hints remaining: 3
You has green 2, white 5, white 4, yellow 2, white 1
MOVE: 1 3 3 1 None None
You discards yellow 2
trash is now yellow 2
You now has green 2, white 5, white 4, white 1, red 4
MOVE: 0 1 None 1 None 1
full hints You about all their 1 hints remaining: 3
You has green 2, white 5, white 4, white 1, red 4
MOVE: 1 2 3 1 None None
You plays white 1 successfully! Board is now green 1, yellow 0, white 1, blue 1, red 0
You now has green 2, white 5, white 4, red 4, green 5
MOVE: 0 1 None 1 None 2
full hints You about all their 2 hints remaining: 2
You has green 2, white 5, white 4, red 4, green 5
MOVE: 1 1 None 0 None 3
You hints full about all their 3 hints remaining: 1
full has white 3, red 2, green 3, yellow 3, blue 4
MOVE: 0 3 0 None None None
full discards white 3
trash is now yellow 2, white 3
full now has red 2, green 3, yellow 3, blue 4, green 1
MOVE: 1 2 0 1 None None
You plays green 2 successfully! Board is now green 2, yellow 0, white 1, blue 1, red 0
You now has white 5, white 4, red 4, green 5, white 4
MOVE: 0 3 4 None None None
full discards green 1
trash is now yellow 2, white 3, green 1
full now has red 2, green 3, yellow 3, blue 4, yellow 5
MOVE: 1 3 1 1 None None
You discards white 4
trash is now yellow 2, white 3, green 1, white 4
You now has white 5, red 4, green 5, white 4, red 1
MOVE: 0 0 None 1 4 None
full hints You about all their red cards hints remaining: 3
You has white 5, red 4, green 5, white 4, red 1
MOVE: 1 2 4 1 None None
You plays red 1 successfully! Board is now green 2, yellow 0, white 1, blue 1, red 1
You now has white 5, red 4, green 5, white 4, green 4
MOVE: 0 3 4 None None None
full discards yellow 5
trash is now yellow 2, white 3, green 1, white 4, yellow 5
full now has red 2, green 3, yellow 3, blue 4, blue 3
MOVE: 1 0 None 0 4 None
You hints full about all their red cards hints remaining: 3
full has red 2, green 3, yellow 3, blue 4, blue 3
MOVE: 0 2 0 None None None
full plays red 2 successfully! Board is now green 2, yellow 0, white 1, blue 1, red 2
full now has green 3, yellow 3, blue 4, blue 3, yellow 4
MOVE: 1 0 None 0 0 None
You hints full about all their green cards hints remaining: 2
full has green 3, yellow 3, blue 4, blue 3, yellow 4
MOVE: 0 2 0 None None None
full plays green 3 successfully! Board is now green 3, yellow 0, white 1, blue 1, red 2
full now has yellow 3, blue 4, blue 3, yellow 4, yellow 2
MOVE: 1 2 1 1 None None
You plays red 4 and fails. Board was green 3, yellow 0, white 1, blue 1, red 2
You now has white 5, green 5, white 4, green 4, red 1
MOVE: 0 3 4 None None None
full discards yellow 2
trash is now yellow 2, white 3, green 1, white 4, yellow 5, red 4, yellow 2
full now has yellow 3, blue 4, blue 3, yellow 4, blue 3
MOVE: 1 2 0 1 None None
You plays white 5 and fails. Board was green 3, yellow 0, white 1, blue 1, red 2
You now has green 5, white 4, green 4, red 1, white 2
MOVE: 0 1 None 1 None 2
full hints You about all their 2 hints remaining: 2
You has green 5, white 4, green 4, red 1, white 2
MOVE: 1 2 4 1 None None
You plays white 2 successfully! Board is now green 3, yellow 0, white 2, blue 1, red 2
You now has green 5, white 4, green 4, red 1, blue 5
MOVE: 0 3 4 None None None
full discards blue 3
trash is now yellow 2, white 3, green 1, white 4, yellow 5, red 4, yellow 2, white 5, blue 3
full now has yellow 3, blue 4, blue 3, yellow 4, white 1
MOVE: 1 3 2 1 None None
You discards green 4
trash is now yellow 2, white 3, green 1, white 4, yellow 5, red 4, yellow 2, white 5, blue 3, green 4
You now has green 5, white 4, red 1, blue 5, yellow 3
MOVE: 0 3 1 None None None
full discards blue 4
trash is now yellow 2, white 3, green 1, white 4, yellow 5, red 4, yellow 2, white 5, blue 3, green 4, blue 4
full now has yellow 3, blue 3, yellow 4, white 1, blue 2
MOVE: 1 1 None 0 None 2
You hints full about all their 2 hints remaining: 4
full has yellow 3, blue 3, yellow 4, white 1, blue 2
MOVE: 0 2 4 None None None
full plays blue 2 successfully! Board is now green 3, yellow 0, white 2, blue 2, red 2
full now has yellow 3, blue 3, yellow 4, white 1, blue 1
MOVE: 1 1 None 0 None 3
You hints full about all their 3 hints remaining: 3
full has yellow 3, blue 3, yellow 4, white 1, blue 1
MOVE: 0 2 0 None None None
full plays yellow 3 and fails. Board was green 3, yellow 0, white 2, blue 2, red 2
full now has blue 3, yellow 4, white 1, blue 1, red 2
Score 9
