Old GID: 681e90c758837ad6
Treatment: ('outer', 6892)
[(4, 5), (1, 3), (3, 2), (3, 2), (3, 1), (4, 4), (3, 4), (3, 1), (2, 1), (1, 4), (1, 5), (1, 1), (4, 3), (0, 3), (2, 4), (1, 1), (0, 1), (3, 1), (2, 3), (0, 1), (3, 4), (1, 2), (1, 3), (4, 2), (4, 1), (3, 3), (2, 1), (0, 5), (3, 3), (0, 3), (2, 5), (2, 4), (1, 1), (4, 4), (4, 1), (1, 2), (0, 1), (4, 2), (4, 1), (3, 5)]
MOVE: 0 1 None 1 None 3
outer hints You about all their 3 hints remaining: 7
You has white 3, yellow 4, green 4, green 2, red 3
MOVE: 1 1 None 0 None 1
You hints outer about all their 1 hints remaining: 6
outer has white 2, green 2, white 1, green 4, white 2
MOVE: 0 2 2 None None None
outer plays white 1 successfully! Board is now green 0, yellow 0, white 1, blue 0, red 0
outer now has white 2, green 2, green 4, white 2, red 5
MOVE: 1 0 None 0 2 None
You hints outer about all their white cards hints remaining: 5
outer has white 2, green 2, green 4, white 2, red 5
MOVE: 0 1 None 1 None 2
outer hints You about all their 2 hints remaining: 4
You has white 3, yellow 4, green 4, green 2, red 3
MOVE: 1 1 None 0 None 2
You hints outer about all their 2 hints remaining: 3
outer has white 2, green 2, green 4, white 2, red 5
MOVE: 0 2 0 None None None
outer plays white 2 successfully! Board is now green 0, yellow 0, white 2, blue 0, red 0
outer now has green 2, green 4, white 2, red 5, yellow 3
MOVE: 1 3 2 1 None None
You discards green 4
trash is now green 4
You now has white 3, yellow 4, green 2, red 3, blue 2
MOVE: 0 3 2 None None None
outer discards white 2
trash is now green 4, white 2
outer now has green 2, green 4, red 5, yellow 3, blue 2
MOVE: 1 3 4 1 None None
You discards blue 2
trash is now green 4, white 2, blue 2
You now has white 3, yellow 4, green 2, red 3, blue 1
MOVE: 0 1 None 1 None 3
outer hints You about all their 3 hints remaining: 5
You has white 3, yellow 4, green 2, red 3, blue 1
MOVE: 1 2 3 1 None None
You plays red 3 and fails. Board was green 0, yellow 0, white 2, blue 0, red 0
You now has white 3, yellow 4, green 2, blue 1, red 4
MOVE: 0 0 None 1 2 None
outer hints You about all their white cards hints remaining: 4
You has white 3, yellow 4, green 2, blue 1, red 4
MOVE: 1 2 0 1 None None
You plays white 3 successfully! Board is now green 0, yellow 0, white 3, blue 0, red 0
You now has yellow 4, green 2, blue 1, red 4, blue 4
MOVE: 0 0 None 1 3 None
outer hints You about all their blue cards hints remaining: 3
You has yellow 4, green 2, blue 1, red 4, blue 4
MOVE: 1 2 2 1 None None
You plays blue 1 successfully! Board is now green 0, yellow 0, white 3, blue 1, red 0
You now has yellow 4, green 2, red 4, blue 4, blue 1
MOVE: 0 0 None 1 0 None
outer hints You about all their green cards hints remaining: 2
You has yellow 4, green 2, red 4, blue 4, blue 1
MOVE: 1 0 None 0 3 None
You hints outer about all their blue cards hints remaining: 1
outer has green 2, green 4, red 5, yellow 3, blue 2
MOVE: 0 1 None 1 None 4
outer hints You about all their 4 hints remaining: 0
You has yellow 4, green 2, red 4, blue 4, blue 1
MOVE: 1 3 2 1 None None
You discards red 4
trash is now green 4, white 2, blue 2, red 3, red 4
You now has yellow 4, green 2, blue 4, blue 1, white 1
MOVE: 0 0 None 1 3 None
outer hints You about all their blue cards hints remaining: 0
You has yellow 4, green 2, blue 4, blue 1, white 1
MOVE: 1 2 3 1 None None
You plays blue 1 and fails. Board was green 0, yellow 0, white 3, blue 1, red 0
You now has yellow 4, green 2, blue 4, white 1, yellow 4
MOVE: 0 3 3 None None None
outer discards yellow 3
trash is now green 4, white 2, blue 2, red 3, red 4, blue 1, yellow 3
outer now has green 2, green 4, red 5, blue 2, yellow 5
MOVE: 1 1 None 0 None 2
You hints outer about all their 2 hints remaining: 0
outer has green 2, green 4, red 5, blue 2, yellow 5
MOVE: 0 2 3 None None None
outer plays blue 2 successfully! Board is now green 0, yellow 0, white 3, blue 2, red 0
outer now has green 2, green 4, red 5, yellow 5, yellow 1
MOVE: 1 2 0 1 None None
You plays yellow 4 and fails. Board was green 0, yellow 0, white 3, blue 2, red 0
You now has green 2, blue 4, white 1, yellow 4, red 3
Score 5
