Old GID: 98923864ef473f5d
Treatment: ('outer', 5666)
[(2, 3), (3, 4), (1, 2), (2, 1), (1, 3), (1, 1), (0, 4), (4, 3), (2, 5), (0, 1), (4, 5), (1, 3), (1, 4), (3, 3), (2, 1), (1, 2), (0, 2), (4, 1), (0, 2), (0, 3), (2, 4), (3, 2), (4, 3), (3, 1), (3, 5), (3, 1), (4, 2), (3, 1), (0, 4), (0, 1), (4, 1), (0, 5), (2, 3), (1, 1), (4, 2), (0, 3), (3, 3), (4, 4), (4, 1), (4, 4)]
MOVE: 0 0 None 1 0 None
outer hints You about all their green cards hints remaining: 7
You has green 1, white 1, white 4, white 2, yellow 4
MOVE: 1 2 0 1 None None
You plays green 1 successfully! Board is now green 1, yellow 0, white 0, blue 0, red 0
You now has white 1, white 4, white 2, yellow 4, white 3
MOVE: 0 1 None 1 None 1
outer hints You about all their 1 hints remaining: 6
You has white 1, white 4, white 2, yellow 4, white 3
MOVE: 1 2 0 1 None None
You plays white 1 successfully! Board is now green 1, yellow 0, white 1, blue 0, red 0
You now has white 4, white 2, yellow 4, white 3, blue 4
MOVE: 0 1 None 1 None 2
outer hints You about all their 2 hints remaining: 5
You has white 4, white 2, yellow 4, white 3, blue 4
MOVE: 1 2 1 1 None None
You plays white 2 successfully! Board is now green 1, yellow 0, white 2, blue 0, red 0
You now has white 4, yellow 4, white 3, blue 4, yellow 2
MOVE: 0 1 None 1 None 3
outer hints You about all their 3 hints remaining: 4
You has white 4, yellow 4, white 3, blue 4, yellow 2
MOVE: 1 2 2 1 None None
You plays white 3 successfully! Board is now green 1, yellow 0, white 3, blue 0, red 0
You now has white 4, yellow 4, blue 4, yellow 2, white 1
MOVE: 0 1 None 1 None 4
outer hints You about all their 4 hints remaining: 3
You has white 4, yellow 4, blue 4, yellow 2, white 1
MOVE: 1 1 None 0 None 1
You hints outer about all their 1 hints remaining: 2
outer has yellow 1, blue 4, yellow 5, white 2, blue 2
MOVE: 0 0 None 1 2 None
outer hints You about all their white cards hints remaining: 1
You has white 4, yellow 4, blue 4, yellow 2, white 1
MOVE: 1 0 None 0 1 None
You hints outer about all their yellow cards hints remaining: 0
outer has yellow 1, blue 4, yellow 5, white 2, blue 2
MOVE: 0 2 0 None None None
outer plays yellow 1 successfully! Board is now green 1, yellow 1, white 3, blue 0, red 0
outer now has blue 4, yellow 5, white 2, blue 2, yellow 3
MOVE: 1 2 0 1 None None
You plays white 4 successfully! Board is now green 1, yellow 1, white 4, blue 0, red 0
You now has yellow 4, blue 4, yellow 2, white 1, yellow 1
MOVE: 0 3 3 None None None
outer discards blue 2
trash is now blue 2
outer now has blue 4, yellow 5, white 2, yellow 3, green 4
MOVE: 1 3 0 1 None None
You discards yellow 4
trash is now blue 2, yellow 4
You now has blue 4, yellow 2, white 1, yellow 1, red 3
MOVE: 0 0 None 1 1 None
outer hints You about all their yellow cards hints remaining: 1
You has blue 4, yellow 2, white 1, yellow 1, red 3
MOVE: 1 3 0 1 None None
You discards blue 4
trash is now blue 2, yellow 4, blue 4
You now has yellow 2, white 1, yellow 1, red 3, white 5
MOVE: 0 0 None 1 2 None
outer hints You about all their white cards hints remaining: 1
You has yellow 2, white 1, yellow 1, red 3, white 5
MOVE: 1 2 1 1 None None
You plays white 1 and fails. Board was green 1, yellow 1, white 4, blue 0, red 0
You now has yellow 2, yellow 1, red 3, white 5, green 1
MOVE: 0 1 None 1 None 5
outer hints You about all their 5 hints remaining: 0
You has yellow 2, yellow 1, red 3, white 5, green 1
MOVE: 1 2 3 1 None None
You plays white 5 successfully! Board is now green 1, yellow 1, white 5, blue 0, red 0
You now has yellow 2, yellow 1, red 3, green 1, red 5
MOVE: 0 1 None 1 None 2
outer hints You about all their 2 hints remaining: 0
You has yellow 2, yellow 1, red 3, green 1, red 5
MOVE: 1 2 0 1 None None
You plays yellow 2 successfully! Board is now green 1, yellow 2, white 5, blue 0, red 0
You now has yellow 1, red 3, green 1, red 5, yellow 3
MOVE: 0 3 4 None None None
outer discards green 4
trash is now blue 2, yellow 4, blue 4, white 1, green 4
outer now has blue 4, yellow 5, white 2, yellow 3, yellow 4
MOVE: 1 2 0 1 None None
You plays yellow 1 and fails. Board was green 1, yellow 2, white 5, blue 0, red 0
You now has red 3, green 1, red 5, yellow 3, blue 3
MOVE: 0 1 None 1 None 3
outer hints You about all their 3 hints remaining: 0
You has red 3, green 1, red 5, yellow 3, blue 3
MOVE: 1 2 4 1 None None
You plays blue 3 and fails. Board was green 1, yellow 2, white 5, blue 0, red 0
You now has red 3, green 1, red 5, yellow 3, white 1
Score 8
