Old GID: f3c885dc670fced5
Treatment: ('outer', 5262)
[(4, 4), (2, 4), (2, 1), (0, 3), (4, 1), (2, 3), (1, 3), (3, 1), (4, 2), (1, 3), (0, 1), (4, 1), (0, 1), (2, 5), (4, 3), (0, 5), (2, 4), (2, 1), (1, 5), (4, 1), (0, 3), (3, 3), (0, 4), (2, 2), (0, 1), (4, 3), (2, 2), (1, 4), (3, 2), (3, 4), (0, 2), (1, 2), (2, 1), (4, 4), (3, 4), (1, 1), (1, 2), (3, 1), (0, 2), (3, 3)]
MOVE: 0 1 None 1 None 1
outer hints You about all their 1 hints remaining: 7
You has blue 5, red 5, yellow 1, yellow 1, yellow 4
MOVE: 1 2 3 1 None None
You plays yellow 1 successfully! Board is now green 0, yellow 1, white 0, blue 0, red 0
You now has blue 5, red 5, yellow 1, yellow 4, red 4
MOVE: 0 0 None 1 1 None
outer hints You about all their yellow cards hints remaining: 6
You has blue 5, red 5, yellow 1, yellow 4, red 4
MOVE: 1 2 3 1 None None
You plays yellow 4 and fails. Board was green 0, yellow 1, white 0, blue 0, red 0
You now has blue 5, red 5, yellow 1, red 4, white 4
MOVE: 0 0 None 1 1 None
outer hints You about all their yellow cards hints remaining: 5
You has blue 5, red 5, yellow 1, red 4, white 4
MOVE: 1 3 4 1 None None
You discards white 4
trash is now yellow 4, white 4
You now has blue 5, red 5, yellow 1, red 4, white 1
MOVE: 0 1 None 1 None 1
outer hints You about all their 1 hints remaining: 5
You has blue 5, red 5, yellow 1, red 4, white 1
MOVE: 1 2 4 1 None None
You plays white 1 successfully! Board is now green 0, yellow 1, white 1, blue 0, red 0
You now has blue 5, red 5, yellow 1, red 4, green 3
MOVE: 0 1 None 1 None 5
outer hints You about all their 5 hints remaining: 4
You has blue 5, red 5, yellow 1, red 4, green 3
MOVE: 1 2 4 1 None None
You plays green 3 and fails. Board was green 0, yellow 1, white 1, blue 0, red 0
You now has blue 5, red 5, yellow 1, red 4, red 1
MOVE: 0 0 None 1 4 None
outer hints You about all their red cards hints remaining: 3
You has blue 5, red 5, yellow 1, red 4, red 1
MOVE: 1 2 4 1 None None
You plays red 1 successfully! Board is now green 0, yellow 1, white 1, blue 0, red 1
You now has blue 5, red 5, yellow 1, red 4, white 3
MOVE: 0 1 None 1 None 4
outer hints You about all their 4 hints remaining: 2
You has blue 5, red 5, yellow 1, red 4, white 3
MOVE: 1 2 4 1 None None
You plays white 3 and fails. Board was green 0, yellow 1, white 1, blue 0, red 1
You now has blue 5, red 5, yellow 1, red 4, yellow 3
Score 3
