Old GID: 5fa0b7e6942f39aa
Treatment: ('outer', 3712)
[(4, 3), (0, 1), (2, 4), (1, 2), (3, 4), (1, 5), (3, 1), (2, 5), (4, 1), (0, 5), (3, 2), (2, 2), (3, 4), (0, 2), (1, 1), (3, 1), (4, 4), (3, 1), (1, 3), (0, 1), (0, 4), (1, 1), (3, 5), (3, 3), (2, 4), (3, 2), (2, 3), (0, 3), (1, 2), (1, 3), (0, 1), (1, 4), (4, 5), (4, 3), (4, 2), (0, 2), (3, 3), (2, 1), (2, 1), (4, 2)]
MOVE: 0 0 None 1 2 None
outer hints You about all their white cards hints remaining: 7
You has white 3, white 2, yellow 4, red 4, green 3
MOVE: 1 2 0 1 None None
You plays white 3 and fails. Board was green 0, yellow 0, white 0, blue 0, red 0
You now has white 2, yellow 4, red 4, green 3, red 3
MOVE: 0 0 None 1 1 None
outer hints You about all their yellow cards hints remaining: 6
You has white 2, yellow 4, red 4, green 3, red 3
MOVE: 1 2 0 1 None None
You plays white 2 and fails. Board was green 0, yellow 0, white 0, blue 0, red 0
You now has yellow 4, red 4, green 3, red 3, green 1
MOVE: 0 0 None 1 0 None
outer hints You about all their green cards hints remaining: 5
You has yellow 4, red 4, green 3, red 3, green 1
MOVE: 1 2 0 1 None None
You plays yellow 4 and fails. Board was green 0, yellow 0, white 0, blue 0, red 0
You now has red 4, green 3, red 3, green 1, white 4
Score 0
