Old GID: 737c732daba4aa7c
Treatment: ('outer', 6700)
[(1, 4), (0, 2), (3, 5), (0, 1), (4, 1), (0, 5), (0, 4), (4, 3), (4, 5), (2, 1), (2, 3), (4, 2), (2, 5), (2, 4), (3, 1), (1, 2), (2, 4), (2, 1), (3, 2), (4, 1), (2, 1), (0, 3), (3, 2), (2, 2), (0, 1), (1, 4), (4, 2), (0, 1), (4, 3), (1, 2), (3, 4), (3, 1), (0, 3), (1, 1), (1, 3), (4, 1), (3, 3), (3, 3), (4, 4), (3, 1)]
MOVE: 0 1 None 1 None 1
outer hints You about all their 1 hints remaining: 7
You has yellow 1, green 4, yellow 1, blue 4, yellow 3
MOVE: 1 2 2 1 None None
You plays yellow 1 successfully! Board is now green 0, yellow 1, white 0, blue 0, red 0
You now has yellow 1, green 4, blue 4, yellow 3, yellow 4
MOVE: 0 0 None 1 1 None
outer hints You about all their yellow cards hints remaining: 6
You has yellow 1, green 4, blue 4, yellow 3, yellow 4
MOVE: 1 2 0 1 None None
You plays yellow 1 and fails. Board was green 0, yellow 1, white 0, blue 0, red 0
You now has green 4, blue 4, yellow 3, yellow 4, green 2
MOVE: 0 1 None 1 None 4
outer hints You about all their 4 hints remaining: 5
You has green 4, blue 4, yellow 3, yellow 4, green 2
MOVE: 1 2 4 1 None None
You plays green 2 and fails. Board was green 0, yellow 1, white 0, blue 0, red 0
You now has green 4, blue 4, yellow 3, yellow 4, blue 5
MOVE: 0 1 None 1 None 4
outer hints You about all their 4 hints remaining: 4
You has green 4, blue 4, yellow 3, yellow 4, blue 5
MOVE: 1 2 4 1 None None
You plays blue 5 and fails. Board was green 0, yellow 1, white 0, blue 0, red 0
You now has green 4, blue 4, yellow 3, yellow 4, green 1
Score 1
