Old GID: 9763941ae8d511a5
Treatment: ('outer', 4144)
[(0, 2), (2, 1), (3, 1), (1, 1), (0, 1), (1, 3), (4, 1), (1, 1), (3, 4), (1, 4), (4, 5), (1, 2), (2, 5), (3, 2), (1, 2), (0, 2), (0, 1), (3, 3), (4, 1), (2, 4), (2, 2), (4, 3), (2, 1), (3, 4), (3, 2), (2, 4), (1, 4), (2, 3), (3, 1), (1, 5), (0, 1), (0, 4), (3, 5), (2, 2), (1, 3), (0, 3), (0, 4), (4, 2), (2, 3), (4, 4)]
MOVE: 0 1 None 1 None 1
outer hints You about all their 1 hints remaining: 7
You has green 5, green 3, red 2, red 3, white 1
MOVE: 1 1 None 0 None 1
You hints outer about all their 1 hints remaining: 6
outer has red 1, yellow 1, red 4, blue 1, blue 3
MOVE: 0 2 0 None None None
outer plays red 1 successfully! Board is now green 0, yellow 0, white 0, blue 0, red 1
outer now has yellow 1, red 4, blue 1, blue 3, green 2
MOVE: 1 0 None 0 3 None
You hints outer about all their blue cards hints remaining: 5
outer has yellow 1, red 4, blue 1, blue 3, green 2
MOVE: 0 2 2 None None None
outer plays blue 1 successfully! Board is now green 0, yellow 0, white 0, blue 1, red 1
outer now has yellow 1, red 4, blue 3, green 2, white 1
MOVE: 1 2 4 1 None None
You plays white 1 successfully! Board is now green 0, yellow 0, white 1, blue 1, red 1
You now has green 5, green 3, red 2, red 3, blue 1
MOVE: 0 1 None 1 None 2
outer hints You about all their 2 hints remaining: 4
You has green 5, green 3, red 2, red 3, blue 1
MOVE: 1 2 2 1 None None
You plays red 2 successfully! Board is now green 0, yellow 0, white 1, blue 1, red 2
You now has green 5, green 3, red 3, blue 1, yellow 1
MOVE: 0 0 None 1 4 None
outer hints You about all their red cards hints remaining: 3
You has green 5, green 3, red 3, blue 1, yellow 1
MOVE: 1 2 2 1 None None
You plays red 3 successfully! Board is now green 0, yellow 0, white 1, blue 1, red 3
You now has green 5, green 3, blue 1, yellow 1, green 1
MOVE: 0 1 None 1 None 1
outer hints You about all their 1 hints remaining: 2
You has green 5, green 3, blue 1, yellow 1, green 1
MOVE: 1 0 None 0 4 None
You hints outer about all their red cards hints remaining: 1
outer has yellow 1, red 4, blue 3, green 2, white 1
MOVE: 0 0 None 1 1 None
outer hints You about all their yellow cards hints remaining: 0
You has green 5, green 3, blue 1, yellow 1, green 1
MOVE: 1 3 4 1 None None
You discards green 1
trash is now green 1
You now has green 5, green 3, blue 1, yellow 1, yellow 3
MOVE: 0 0 None 1 0 None
outer hints You about all their green cards hints remaining: 0
You has green 5, green 3, blue 1, yellow 1, yellow 3
MOVE: 1 3 2 1 None None
You discards blue 1
trash is now green 1, blue 1
You now has green 5, green 3, yellow 1, yellow 3, red 1
MOVE: 0 0 None 1 0 None
outer hints You about all their green cards hints remaining: 0
You has green 5, green 3, yellow 1, yellow 3, red 1
MOVE: 1 3 1 1 None None
You discards green 3
trash is now green 1, blue 1, green 3
You now has green 5, yellow 1, yellow 3, red 1, yellow 1
MOVE: 0 1 None 1 None 1
outer hints You about all their 1 hints remaining: 0
You has green 5, yellow 1, yellow 3, red 1, yellow 1
MOVE: 1 3 0 1 None None
You discards green 5
trash is now green 1, blue 1, green 3, green 5
You now has yellow 1, yellow 3, red 1, yellow 1, blue 4
MOVE: 0 0 None 1 1 None
outer hints You about all their yellow cards hints remaining: 0
You has yellow 1, yellow 3, red 1, yellow 1, blue 4
MOVE: 1 3 3 1 None None
You discards yellow 1
trash is now green 1, blue 1, green 3, green 5, yellow 1
You now has yellow 1, yellow 3, red 1, blue 4, yellow 4
MOVE: 0 0 None 1 1 None
outer hints You about all their yellow cards hints remaining: 0
You has yellow 1, yellow 3, red 1, blue 4, yellow 4
MOVE: 1 3 0 1 None None
You discards yellow 1
trash is now green 1, blue 1, green 3, green 5, yellow 1, yellow 1
You now has yellow 3, red 1, blue 4, yellow 4, red 5
MOVE: 0 1 None 1 None 1
outer hints You about all their 1 hints remaining: 0
You has yellow 3, red 1, blue 4, yellow 4, red 5
MOVE: 1 2 1 1 None None
You plays red 1 and fails. Board was green 0, yellow 0, white 1, blue 1, red 3
You now has yellow 3, blue 4, yellow 4, red 5, yellow 2
MOVE: 0 3 1 None None None
outer discards red 4
trash is now green 1, blue 1, green 3, green 5, yellow 1, yellow 1, red 1, red 4
outer now has yellow 1, blue 3, green 2, white 1, white 5
MOVE: 1 3 2 1 None None
You discards yellow 4
trash is now green 1, blue 1, green 3, green 5, yellow 1, yellow 1, red 1, red 4, yellow 4
You now has yellow 3, blue 4, red 5, yellow 2, blue 2
MOVE: 0 1 None 1 None 2
outer hints You about all their 2 hints remaining: 1
You has yellow 3, blue 4, red 5, yellow 2, blue 2
MOVE: 1 2 3 1 None None
You plays yellow 2 and fails. Board was green 0, yellow 0, white 1, blue 1, red 3
You now has yellow 3, blue 4, red 5, blue 2, yellow 2
MOVE: 0 0 None 1 3 None
outer hints You about all their blue cards hints remaining: 0
You has yellow 3, blue 4, red 5, blue 2, yellow 2
MOVE: 1 2 3 1 None None
You plays blue 2 successfully! Board is now green 0, yellow 0, white 1, blue 2, red 3
You now has yellow 3, blue 4, red 5, yellow 2, green 2
MOVE: 0 3 2 None None None
outer discards green 2
trash is now green 1, blue 1, green 3, green 5, yellow 1, yellow 1, red 1, red 4, yellow 4, yellow 2, green 2
outer now has yellow 1, blue 3, white 1, white 5, green 1
MOVE: 1 0 None 0 1 None
You hints outer about all their yellow cards hints remaining: 0
outer has yellow 1, blue 3, white 1, white 5, green 1
MOVE: 0 2 0 None None None
outer plays yellow 1 successfully! Board is now green 0, yellow 1, white 1, blue 2, red 3
outer now has blue 3, white 1, white 5, green 1, blue 3
MOVE: 1 3 1 1 None None
You discards blue 4
trash is now green 1, blue 1, green 3, green 5, yellow 1, yellow 1, red 1, red 4, yellow 4, yellow 2, green 2, blue 4
You now has yellow 3, red 5, yellow 2, green 2, red 1
MOVE: 0 1 None 1 None 2
outer hints You about all their 2 hints remaining: 0
You has yellow 3, red 5, yellow 2, green 2, red 1
MOVE: 1 2 2 1 None None
You plays yellow 2 successfully! Board is now green 0, yellow 2, white 1, blue 2, red 3
You now has yellow 3, red 5, green 2, red 1, white 4
MOVE: 0 3 3 None None None
outer discards green 1
trash is now green 1, blue 1, green 3, green 5, yellow 1, yellow 1, red 1, red 4, yellow 4, yellow 2, green 2, blue 4, green 1
outer now has blue 3, white 1, white 5, blue 3, white 2
MOVE: 1 1 None 0 None 3
You hints outer about all their 3 hints remaining: 0
outer has blue 3, white 1, white 5, blue 3, white 2
MOVE: 0 2 0 None None None
outer plays blue 3 successfully! Board is now green 0, yellow 2, white 1, blue 3, red 3
outer now has white 1, white 5, blue 3, white 2, red 3
MOVE: 1 3 0 1 None None
You discards yellow 3
trash is now green 1, blue 1, green 3, green 5, yellow 1, yellow 1, red 1, red 4, yellow 4, yellow 2, green 2, blue 4, green 1, yellow 3
You now has red 5, green 2, red 1, white 4, white 1
MOVE: 0 1 None 1 None 4
outer hints You about all their 4 hints remaining: 0
You has red 5, green 2, red 1, white 4, white 1
MOVE: 1 2 3 1 None None
You plays white 4 and fails. Board was green 0, yellow 2, white 1, blue 3, red 3
You now has red 5, green 2, red 1, white 1, blue 4
Score 9
