Treatment: ('full', 5)
[(1, 2), (1, 3), (1, 1), (0, 1), (1, 1), (4, 5), (1, 4), (0, 3), (2, 3), (3, 3), (2, 1), (3, 1), (4, 3), (3, 2), (4, 1), (1, 3), (0, 2), (2, 5), (4, 4), (2, 1), (2, 4), (0, 4), (0, 4), (0, 1), (4, 1), (1, 5), (0, 5), (1, 4), (0, 2), (4, 4), (2, 3), (3, 5), (2, 1), (0, 1), (4, 1), (3, 2), (4, 2), (3, 4), (3, 3), (3, 1)]
MOVE: 0 1 None 1 None 1
full hints You about all their 1 hints remaining: 7
You has white 2, red 2, red 3, yellow 2, yellow 1
MOVE: 1 1 None 0 None 1
You hints full about all their 1 hints remaining: 6
full has blue 1, white 4, white 2, green 3, blue 4
MOVE: 0 2 0 None None None
full plays blue 1 successfully! Board is now green 0, yellow 0, white 0, blue 1, red 0
full now has white 4, white 2, green 3, blue 4, yellow 2
MOVE: 1 2 4 1 None None
You plays yellow 1 successfully! Board is now green 0, yellow 1, white 0, blue 1, red 0
You now has white 2, red 2, red 3, yellow 2, yellow 3
MOVE: 0 3 4 None None None
full discards yellow 2
trash is now yellow 2
full now has white 4, white 2, green 3, blue 4, yellow 1
MOVE: 1 1 None 0 None 1
You hints full about all their 1 hints remaining: 6
full has white 4, white 2, green 3, blue 4, yellow 1
MOVE: 0 2 4 None None None
full plays yellow 1 and fails. Board was green 0, yellow 1, white 0, blue 1, red 0
full now has white 4, white 2, green 3, blue 4, green 1
MOVE: 1 1 None 0 None 1
You hints full about all their 1 hints remaining: 5
full has white 4, white 2, green 3, blue 4, green 1
MOVE: 0 2 4 None None None
full plays green 1 successfully! Board is now green 1, yellow 1, white 0, blue 1, red 0
full now has white 4, white 2, green 3, blue 4, yellow 1
MOVE: 1 1 None 0 None 1
You hints full about all their 1 hints remaining: 4
full has white 4, white 2, green 3, blue 4, yellow 1
MOVE: 0 2 4 None None None
full plays yellow 1 and fails. Board was green 1, yellow 1, white 0, blue 1, red 0
full now has white 4, white 2, green 3, blue 4, red 5
MOVE: 1 1 None 0 None 5
You hints full about all their 5 hints remaining: 3
full has white 4, white 2, green 3, blue 4, red 5
MOVE: 0 3 0 None None None
full discards white 4
trash is now yellow 2, yellow 1, yellow 1, white 4
full now has white 2, green 3, blue 4, red 5, yellow 4
MOVE: 1 0 None 0 2 None
You hints full about all their white cards hints remaining: 3
full has white 2, green 3, blue 4, red 5, yellow 4
MOVE: 0 3 1 None None None
full discards green 3
trash is now yellow 2, yellow 1, yellow 1, white 4, green 3
full now has white 2, blue 4, red 5, yellow 4, green 3
MOVE: 1 3 3 1 None None
You discards yellow 2
trash is now yellow 2, yellow 1, yellow 1, white 4, green 3, yellow 2
You now has white 2, red 2, red 3, yellow 3, white 3
MOVE: 0 3 1 None None None
full discards blue 4
trash is now yellow 2, yellow 1, yellow 1, white 4, green 3, yellow 2, blue 4
full now has white 2, red 5, yellow 4, green 3, blue 3
MOVE: 1 2 2 1 None None
You plays red 3 and fails. Board was green 1, yellow 1, white 0, blue 1, red 0
You now has white 2, red 2, yellow 3, white 3, white 1
Score 3
