Old GID: da59ee5c450019ce
Treatment: ('outer', 2792)
[(4, 2), (0, 1), (3, 1), (1, 5), (3, 5), (3, 2), (2, 4), (2, 3), (2, 1), (2, 4), (2, 2), (3, 1), (0, 4), (2, 1), (1, 3), (2, 5), (0, 1), (4, 4), (1, 1), (4, 3), (0, 2), (0, 1), (2, 3), (4, 1), (1, 1), (3, 1), (3, 3), (1, 4), (2, 1), (0, 4), (3, 4), (4, 3), (3, 3), (4, 1), (4, 1), (4, 5), (2, 2), (4, 2), (1, 2), (0, 3)]
MOVE: 0 1 None 1 None 1
outer hints You about all their 1 hints remaining: 7
You has yellow 2, green 3, blue 4, yellow 1, yellow 3
MOVE: 1 2 3 1 None None
You plays yellow 1 successfully! Board is now green 0, yellow 1, white 0, blue 0, red 0
You now has yellow 2, green 3, blue 4, yellow 3, red 2
MOVE: 0 1 None 1 None 2
outer hints You about all their 2 hints remaining: 6
You has yellow 2, green 3, blue 4, yellow 3, red 2
MOVE: 1 2 4 1 None None
You plays red 2 and fails. Board was green 0, yellow 1, white 0, blue 0, red 0
You now has yellow 2, green 3, blue 4, yellow 3, green 1
MOVE: 0 0 None 1 1 None
outer hints You about all their yellow cards hints remaining: 5
You has yellow 2, green 3, blue 4, yellow 3, green 1
MOVE: 1 2 0 1 None None
You plays yellow 2 successfully! Board is now green 0, yellow 2, white 0, blue 0, red 0
You now has green 3, blue 4, yellow 3, green 1, blue 1
MOVE: 0 0 None 1 1 None
outer hints You about all their yellow cards hints remaining: 4
You has green 3, blue 4, yellow 3, green 1, blue 1
MOVE: 1 2 2 1 None None
You plays yellow 3 successfully! Board is now green 0, yellow 3, white 0, blue 0, red 0
You now has green 3, blue 4, green 1, blue 1, yellow 5
MOVE: 0 1 None 1 None 1
outer hints You about all their 1 hints remaining: 3
You has green 3, blue 4, green 1, blue 1, yellow 5
MOVE: 1 2 3 1 None None
You plays blue 1 successfully! Board is now green 0, yellow 3, white 0, blue 1, red 0
You now has green 3, blue 4, green 1, yellow 5, blue 5
MOVE: 0 0 None 1 0 None
outer hints You about all their green cards hints remaining: 2
You has green 3, blue 4, green 1, yellow 5, blue 5
MOVE: 1 2 2 1 None None
You plays green 1 successfully! Board is now green 1, yellow 3, white 0, blue 1, red 0
You now has green 3, blue 4, yellow 5, blue 5, blue 2
MOVE: 0 0 None 1 3 None
outer hints You about all their blue cards hints remaining: 1
You has green 3, blue 4, yellow 5, blue 5, blue 2
MOVE: 1 2 0 1 None None
You plays green 3 and fails. Board was green 1, yellow 3, white 0, blue 1, red 0
You now has blue 4, yellow 5, blue 5, blue 2, white 4
MOVE: 0 1 None 1 None 2
outer hints You about all their 2 hints remaining: 0
You has blue 4, yellow 5, blue 5, blue 2, white 4
MOVE: 1 2 3 1 None None
You plays blue 2 successfully! Board is now green 1, yellow 3, white 0, blue 2, red 0
You now has blue 4, yellow 5, blue 5, white 4, white 3
MOVE: 0 3 3 None None None
outer discards green 5
trash is now red 2, green 3, green 5
outer now has green 2, red 4, yellow 4, blue 2, white 1
MOVE: 1 2 2 1 None None
You plays blue 5 and fails. Board was green 1, yellow 3, white 0, blue 2, red 0
You now has blue 4, yellow 5, white 4, white 3, white 4
Score 6
