Old GID: c9f31a5812f9f4c7
Treatment: ('outer', 6294)
[(3, 3), (3, 4), (1, 1), (1, 4), (2, 5), (2, 3), (0, 4), (3, 2), (0, 1), (0, 1), (4, 3), (0, 5), (1, 5), (1, 1), (1, 1), (0, 3), (0, 3), (2, 4), (2, 3), (4, 2), (4, 1), (2, 1), (2, 2), (0, 1), (3, 1), (3, 3), (4, 1), (3, 1), (0, 2), (3, 1), (2, 2), (4, 5), (1, 3), (4, 2), (2, 1), (1, 3), (2, 4), (0, 2), (4, 1), (4, 4)]
MOVE: 0 1 None 1 None 1
outer hints You about all their 1 hints remaining: 7
You has blue 2, blue 5, yellow 2, green 4, white 1
MOVE: 1 2 4 1 None None
You plays white 1 successfully! Board is now green 0, yellow 0, white 1, blue 0, red 0
You now has blue 2, blue 5, yellow 2, green 4, blue 3
MOVE: 0 0 None 1 0 None
outer hints You about all their green cards hints remaining: 6
You has blue 2, blue 5, yellow 2, green 4, blue 3
MOVE: 1 2 3 1 None None
You plays green 4 and fails. Board was green 0, yellow 0, white 1, blue 0, red 0
You now has blue 2, blue 5, yellow 2, blue 3, blue 4
MOVE: 0 0 None 1 3 None
outer hints You about all their blue cards hints remaining: 5
You has blue 2, blue 5, yellow 2, blue 3, blue 4
MOVE: 1 1 None 0 None 4
You hints outer about all their 4 hints remaining: 4
outer has red 3, yellow 2, blue 4, red 4, yellow 4
MOVE: 0 1 None 1 None 3
outer hints You about all their 3 hints remaining: 3
You has blue 2, blue 5, yellow 2, blue 3, blue 4
MOVE: 1 3 2 1 None None
You discards yellow 2
trash is now green 4, yellow 2
You now has blue 2, blue 5, blue 3, blue 4, yellow 1
MOVE: 0 1 None 1 None 1
outer hints You about all their 1 hints remaining: 3
You has blue 2, blue 5, blue 3, blue 4, yellow 1
MOVE: 1 2 4 1 None None
You plays yellow 1 successfully! Board is now green 0, yellow 1, white 1, blue 0, red 0
You now has blue 2, blue 5, blue 3, blue 4, yellow 4
MOVE: 0 1 None 1 None 2
outer hints You about all their 2 hints remaining: 2
You has blue 2, blue 5, blue 3, blue 4, yellow 4
MOVE: 1 1 None 0 None 2
You hints outer about all their 2 hints remaining: 1
outer has red 3, yellow 2, blue 4, red 4, yellow 4
MOVE: 0 0 None 1 3 None
outer hints You about all their blue cards hints remaining: 0
You has blue 2, blue 5, blue 3, blue 4, yellow 4
MOVE: 1 2 3 1 None None
You plays blue 4 and fails. Board was green 0, yellow 1, white 1, blue 0, red 0
You now has blue 2, blue 5, blue 3, yellow 4, white 5
MOVE: 0 3 1 None None None
outer discards yellow 2
trash is now green 4, yellow 2, blue 4, yellow 2
outer now has red 3, blue 4, red 4, yellow 4, white 3
MOVE: 1 2 1 1 None None
You plays blue 5 and fails. Board was green 0, yellow 1, white 1, blue 0, red 0
You now has blue 2, blue 3, yellow 4, white 5, green 4
Score 2
