Old GID: fd4c5604f5cfe40a
Treatment: ('outer', 3974)
[(2, 5), (0, 4), (0, 3), (1, 4), (2, 2), (3, 5), (0, 2), (1, 1), (1, 2), (0, 4), (1, 1), (4, 3), (3, 3), (3, 1), (1, 3), (0, 1), (1, 4), (4, 4), (2, 1), (0, 3), (3, 2), (4, 1), (2, 1), (0, 1), (2, 4), (1, 1), (3, 1), (3, 4), (0, 5), (2, 4), (3, 2), (4, 3), (1, 2), (2, 2), (4, 4), (4, 2), (4, 5), (2, 3), (1, 5), (2, 1)]
MOVE: 0 0 None 1 4 None
outer hints You about all their red cards hints remaining: 7
You has red 1, blue 4, blue 3, white 3, red 2
MOVE: 1 1 None 0 None 1
You hints outer about all their 1 hints remaining: 6
outer has green 2, green 1, blue 1, red 1, yellow 3
MOVE: 0 2 1 None None None
outer plays green 1 successfully! Board is now green 1, yellow 0, white 0, blue 0, red 0
outer now has green 2, blue 1, red 1, yellow 3, white 5
MOVE: 1 2 4 1 None None
You plays red 2 and fails. Board was green 1, yellow 0, white 0, blue 0, red 0
You now has red 1, blue 4, blue 3, white 3, green 4
MOVE: 0 1 None 1 None 1
outer hints You about all their 1 hints remaining: 5
You has red 1, blue 4, blue 3, white 3, green 4
MOVE: 1 2 0 1 None None
You plays red 1 successfully! Board is now green 1, yellow 0, white 0, blue 0, red 1
You now has blue 4, blue 3, white 3, green 4, green 3
MOVE: 0 0 None 1 2 None
outer hints You about all their white cards hints remaining: 4
You has blue 4, blue 3, white 3, green 4, green 3
MOVE: 1 2 2 1 None None
You plays white 3 and fails. Board was green 1, yellow 0, white 0, blue 0, red 1
You now has blue 4, blue 3, green 4, green 3, yellow 4
MOVE: 0 1 None 1 None 4
outer hints You about all their 4 hints remaining: 3
You has blue 4, blue 3, green 4, green 3, yellow 4
MOVE: 1 0 None 0 4 None
You hints outer about all their red cards hints remaining: 2
outer has green 2, blue 1, red 1, yellow 3, white 5
MOVE: 0 3 2 None None None
outer discards red 1
trash is now red 2, white 3, red 1
outer now has green 2, blue 1, yellow 3, white 5, white 2
MOVE: 1 0 None 0 3 None
You hints outer about all their blue cards hints remaining: 2
outer has green 2, blue 1, yellow 3, white 5, white 2
MOVE: 0 2 1 None None None
outer plays blue 1 successfully! Board is now green 1, yellow 0, white 0, blue 1, red 1
outer now has green 2, yellow 3, white 5, white 2, blue 5
MOVE: 1 1 None 0 None 5
You hints outer about all their 5 hints remaining: 1
outer has green 2, yellow 3, white 5, white 2, blue 5
MOVE: 0 0 None 1 3 None
outer hints You about all their blue cards hints remaining: 0
You has blue 4, blue 3, green 4, green 3, yellow 4
MOVE: 1 2 1 1 None None
You plays blue 3 and fails. Board was green 1, yellow 0, white 0, blue 1, red 1
You now has blue 4, green 4, green 3, yellow 4, green 2
Score 3
