Old GID: 4dacd064a3248f0e
Treatment: ('full', 3183)
[(2, 1), (3, 3), (0, 3), (1, 2), (4, 1), (2, 3), (4, 4), (3, 4), (4, 2), (1, 4), (0, 1), (1, 4), (0, 5), (3, 2), (4, 4), (4, 5), (3, 4), (2, 1), (0, 1), (0, 2), (3, 5), (4, 2), (4, 3), (3, 1), (2, 4), (3, 1), (4, 3), (0, 4), (0, 2), (1, 2), (2, 5), (0, 4), (2, 3), (2, 4), (2, 1), (3, 1), (2, 2), (0, 1), (1, 1), (3, 2)]
MOVE: 0 1 None 1 None 1
full hints You about all their 1 hints remaining: 7
You has yellow 3, red 1, yellow 1, red 1, yellow 3
MOVE: 1 2 1 1 None None
You plays red 1 successfully! Board is now green 0, yellow 0, white 0, blue 0, red 1
You now has yellow 3, yellow 1, red 1, yellow 3, white 1
MOVE: 0 0 None 1 1 None
full hints You about all their yellow cards hints remaining: 6
You has yellow 3, yellow 1, red 1, yellow 3, white 1
MOVE: 1 1 None 0 None 1
You hints full about all their 1 hints remaining: 5
full has yellow 5, white 2, green 3, blue 3, yellow 1
MOVE: 0 2 4 None None None
full plays yellow 1 successfully! Board is now green 0, yellow 1, white 0, blue 0, red 1
full now has yellow 5, white 2, green 3, blue 3, blue 3
MOVE: 1 3 1 1 None None
You discards yellow 1
trash is now yellow 1
You now has yellow 3, red 1, yellow 3, white 1, green 3
MOVE: 0 0 None 1 2 None
full hints You about all their white cards hints remaining: 5
You has yellow 3, red 1, yellow 3, white 1, green 3
MOVE: 1 2 1 1 None None
You plays red 1 and fails. Board was green 0, yellow 1, white 0, blue 0, red 1
You now has yellow 3, yellow 3, white 1, green 3, yellow 2
MOVE: 0 1 None 1 None 1
full hints You about all their 1 hints remaining: 4
You has yellow 3, yellow 3, white 1, green 3, yellow 2
MOVE: 1 2 2 1 None None
You plays white 1 successfully! Board is now green 0, yellow 1, white 1, blue 0, red 1
You now has yellow 3, yellow 3, green 3, yellow 2, red 1
MOVE: 0 1 None 1 None 2
full hints You about all their 2 hints remaining: 3
You has yellow 3, yellow 3, green 3, yellow 2, red 1
MOVE: 1 2 3 1 None None
You plays yellow 2 successfully! Board is now green 0, yellow 2, white 1, blue 0, red 1
You now has yellow 3, yellow 3, green 3, red 1, white 3
MOVE: 0 0 None 1 4 None
full hints You about all their red cards hints remaining: 2
You has yellow 3, yellow 3, green 3, red 1, white 3
MOVE: 1 2 3 1 None None
You plays red 1 and fails. Board was green 0, yellow 2, white 1, blue 0, red 1
You now has yellow 3, yellow 3, green 3, white 3, red 4
MOVE: 0 3 4 None None None
full discards blue 3
trash is now yellow 1, red 1, red 1, blue 3
full now has yellow 5, white 2, green 3, blue 3, blue 4
MOVE: 1 0 None 0 2 None
You hints full about all their white cards hints remaining: 2
full has yellow 5, white 2, green 3, blue 3, blue 4
MOVE: 0 2 1 None None None
full plays white 2 successfully! Board is now green 0, yellow 2, white 2, blue 0, red 1
full now has yellow 5, green 3, blue 3, blue 4, red 2
MOVE: 1 0 None 0 4 None
You hints full about all their red cards hints remaining: 1
full has yellow 5, green 3, blue 3, blue 4, red 2
MOVE: 0 2 4 None None None
full plays red 2 successfully! Board is now green 0, yellow 2, white 2, blue 0, red 2
full now has yellow 5, green 3, blue 3, blue 4, yellow 4
MOVE: 1 1 None 0 None 5
You hints full about all their 5 hints remaining: 0
full has yellow 5, green 3, blue 3, blue 4, yellow 4
MOVE: 0 3 4 None None None
full discards yellow 4
trash is now yellow 1, red 1, red 1, blue 3, yellow 4
full now has yellow 5, green 3, blue 3, blue 4, green 1
MOVE: 1 1 None 0 None 1
You hints full about all their 1 hints remaining: 0
full has yellow 5, green 3, blue 3, blue 4, green 1
MOVE: 0 2 4 None None None
full plays green 1 successfully! Board is now green 1, yellow 2, white 2, blue 0, red 2
full now has yellow 5, green 3, blue 3, blue 4, yellow 4
MOVE: 1 3 0 1 None None
You discards yellow 3
trash is now yellow 1, red 1, red 1, blue 3, yellow 4, yellow 3
You now has yellow 3, green 3, white 3, red 4, green 5
MOVE: 0 0 None 1 2 None
full hints You about all their white cards hints remaining: 0
You has yellow 3, green 3, white 3, red 4, green 5
MOVE: 1 2 2 1 None None
You plays white 3 successfully! Board is now green 1, yellow 2, white 3, blue 0, red 2
You now has yellow 3, green 3, red 4, green 5, blue 2
MOVE: 0 3 4 None None None
full discards yellow 4
trash is now yellow 1, red 1, red 1, blue 3, yellow 4, yellow 3, yellow 4
full now has yellow 5, green 3, blue 3, blue 4, red 4
MOVE: 1 2 0 1 None None
You plays yellow 3 successfully! Board is now green 1, yellow 3, white 3, blue 0, red 2
You now has green 3, red 4, green 5, blue 2, red 5
MOVE: 0 1 None 1 None 3
full hints You about all their 3 hints remaining: 0
You has green 3, red 4, green 5, blue 2, red 5
MOVE: 1 2 0 1 None None
You plays green 3 and fails. Board was green 1, yellow 3, white 3, blue 0, red 2
You now has red 4, green 5, blue 2, red 5, blue 4
Score 9
