Old GID: 4ac5ce1360057125
Treatment: ('outer', 4984)
[(3, 2), (1, 4), (2, 3), (3, 1), (3, 5), (2, 3), (3, 4), (2, 4), (0, 4), (1, 2), (3, 2), (4, 1), (2, 1), (0, 4), (2, 2), (0, 1), (2, 4), (2, 1), (3, 4), (4, 3), (4, 5), (4, 4), (1, 1), (1, 2), (2, 1), (0, 1), (1, 5), (4, 1), (3, 3), (3, 3), (0, 2), (3, 1), (0, 3), (4, 4), (0, 5), (0, 1), (2, 5), (1, 4), (2, 2), (1, 1)]
MOVE: 0 0 None 1 4 None
outer hints You about all their red cards hints remaining: 7
You has red 2, red 1, red 2, yellow 1, red 3
MOVE: 1 0 None 0 3 None
You hints outer about all their blue cards hints remaining: 6
outer has blue 1, yellow 3, green 3, yellow 3, green 2
MOVE: 0 1 None 1 None 1
outer hints You about all their 1 hints remaining: 5
You has red 2, red 1, red 2, yellow 1, red 3
MOVE: 1 1 None 0 None 3
You hints outer about all their 3 hints remaining: 4
outer has blue 1, yellow 3, green 3, yellow 3, green 2
MOVE: 0 0 None 1 1 None
outer hints You about all their yellow cards hints remaining: 3
You has red 2, red 1, red 2, yellow 1, red 3
MOVE: 1 2 3 1 None None
You plays yellow 1 successfully! Board is now green 0, yellow 1, white 0, blue 0, red 0
You now has red 2, red 1, red 2, red 3, blue 2
MOVE: 0 1 None 1 None 3
outer hints You about all their 3 hints remaining: 2
You has red 2, red 1, red 2, red 3, blue 2
MOVE: 1 2 1 1 None None
You plays red 1 successfully! Board is now green 0, yellow 1, white 0, blue 0, red 1
You now has red 2, red 2, red 3, blue 2, yellow 4
MOVE: 0 1 None 1 None 2
outer hints You about all their 2 hints remaining: 1
You has red 2, red 2, red 3, blue 2, yellow 4
MOVE: 1 1 None 0 None 1
You hints outer about all their 1 hints remaining: 0
outer has blue 1, yellow 3, green 3, yellow 3, green 2
MOVE: 0 2 0 None None None
outer plays blue 1 successfully! Board is now green 0, yellow 1, white 0, blue 1, red 1
outer now has yellow 3, green 3, yellow 3, green 2, white 3
MOVE: 1 2 1 1 None None
You plays red 2 successfully! Board is now green 0, yellow 1, white 0, blue 1, red 2
You now has red 2, red 3, blue 2, yellow 4, blue 1
MOVE: 0 3 1 None None None
outer discards green 3
trash is now green 3
outer now has yellow 3, yellow 3, green 2, white 3, blue 5
MOVE: 1 3 0 1 None None
You discards red 2
trash is now green 3, red 2
You now has red 3, blue 2, yellow 4, blue 1, white 3
MOVE: 0 0 None 1 4 None
outer hints You about all their red cards hints remaining: 1
You has red 3, blue 2, yellow 4, blue 1, white 3
MOVE: 1 2 0 1 None None
You plays red 3 successfully! Board is now green 0, yellow 1, white 0, blue 1, red 3
You now has blue 2, yellow 4, blue 1, white 3, blue 4
MOVE: 0 1 None 1 None 2
outer hints You about all their 2 hints remaining: 0
You has blue 2, yellow 4, blue 1, white 3, blue 4
MOVE: 1 2 0 1 None None
You plays blue 2 successfully! Board is now green 0, yellow 1, white 0, blue 2, red 3
You now has yellow 4, blue 1, white 3, blue 4, white 4
MOVE: 0 3 1 None None None
outer discards yellow 3
trash is now green 3, red 2, yellow 3
outer now has yellow 3, green 2, white 3, blue 5, green 4
MOVE: 1 3 0 1 None None
You discards yellow 4
trash is now green 3, red 2, yellow 3, yellow 4
You now has blue 1, white 3, blue 4, white 4, yellow 2
MOVE: 0 0 None 1 1 None
outer hints You about all their yellow cards hints remaining: 1
You has blue 1, white 3, blue 4, white 4, yellow 2
MOVE: 1 2 4 1 None None
You plays yellow 2 successfully! Board is now green 0, yellow 2, white 0, blue 2, red 3
You now has blue 1, white 3, blue 4, white 4, blue 2
MOVE: 0 1 None 1 None 4
outer hints You about all their 4 hints remaining: 0
You has blue 1, white 3, blue 4, white 4, blue 2
MOVE: 1 2 3 1 None None
You plays white 4 and fails. Board was green 0, yellow 2, white 0, blue 2, red 3
You now has blue 1, white 3, blue 4, blue 2, red 1
MOVE: 0 3 0 None None None
outer discards yellow 3
trash is now green 3, red 2, yellow 3, yellow 4, white 4, yellow 3
outer now has green 2, white 3, blue 5, green 4, white 1
MOVE: 1 2 2 1 None None
You plays blue 4 and fails. Board was green 0, yellow 2, white 0, blue 2, red 3
You now has blue 1, white 3, blue 2, red 1, green 4
MOVE: 0 1 None 1 None 3
outer hints You about all their 3 hints remaining: 0
You has blue 1, white 3, blue 2, red 1, green 4
MOVE: 1 2 1 1 None None
You plays white 3 and fails. Board was green 0, yellow 2, white 0, blue 2, red 3
You now has blue 1, blue 2, red 1, green 4, white 2
Score 7
