Old GID: fc215e281f711401
Treatment: ('outer', 2675)
[(3, 2), (1, 3), (0, 1), (0, 4), (0, 2), (3, 1), (3, 1), (0, 3), (0, 2), (1, 5), (0, 5), (2, 2), (4, 4), (3, 1), (1, 1), (3, 4), (2, 4), (3, 4), (2, 1), (0, 1), (4, 1), (4, 1), (4, 2), (2, 3), (1, 4), (4, 1), (1, 1), (3, 3), (2, 4), (4, 3), (4, 3), (2, 1), (3, 2), (2, 3), (4, 4), (3, 3), (0, 1), (0, 3), (2, 2), (2, 5)]
MOVE: 0 0 None 1 2 None
outer hints You about all their white cards hints remaining: 7
You has green 4, yellow 2, blue 5, white 1, red 2
MOVE: 1 1 None 0 None 1
You hints outer about all their 1 hints remaining: 6
outer has yellow 2, yellow 4, yellow 1, red 5, yellow 3
MOVE: 0 2 2 None None None
outer plays yellow 1 successfully! Board is now green 0, yellow 1, white 0, blue 0, red 0
outer now has yellow 2, yellow 4, red 5, yellow 3, blue 2
MOVE: 1 1 None 0 None 2
You hints outer about all their 2 hints remaining: 5
outer has yellow 2, yellow 4, red 5, yellow 3, blue 2
MOVE: 0 1 None 1 None 2
outer hints You about all their 2 hints remaining: 4
You has green 4, yellow 2, blue 5, white 1, red 2
MOVE: 1 0 None 0 1 None
You hints outer about all their yellow cards hints remaining: 3
outer has yellow 2, yellow 4, red 5, yellow 3, blue 2
MOVE: 0 2 0 None None None
outer plays yellow 2 successfully! Board is now green 0, yellow 2, white 0, blue 0, red 0
outer now has yellow 4, red 5, yellow 3, blue 2, yellow 3
MOVE: 1 1 None 0 None 3
You hints outer about all their 3 hints remaining: 2
outer has yellow 4, red 5, yellow 3, blue 2, yellow 3
MOVE: 0 2 2 None None None
outer plays yellow 3 successfully! Board is now green 0, yellow 3, white 0, blue 0, red 0
outer now has yellow 4, red 5, blue 2, yellow 3, green 1
MOVE: 1 1 None 0 None 4
You hints outer about all their 4 hints remaining: 1
outer has yellow 4, red 5, blue 2, yellow 3, green 1
MOVE: 0 2 0 None None None
outer plays yellow 4 successfully! Board is now green 0, yellow 4, white 0, blue 0, red 0
outer now has red 5, blue 2, yellow 3, green 1, green 4
MOVE: 1 2 3 1 None None
You plays white 1 successfully! Board is now green 0, yellow 4, white 1, blue 0, red 0
You now has green 4, yellow 2, blue 5, red 2, green 2
MOVE: 0 1 None 1 None 2
outer hints You about all their 2 hints remaining: 0
You has green 4, yellow 2, blue 5, red 2, green 2
MOVE: 1 2 4 1 None None
You plays green 2 and fails. Board was green 0, yellow 4, white 1, blue 0, red 0
You now has green 4, yellow 2, blue 5, red 2, blue 1
MOVE: 0 3 3 None None None
outer discards green 1
trash is now green 2, green 1
outer now has red 5, blue 2, yellow 3, green 4, blue 1
MOVE: 1 2 3 1 None None
You plays red 2 and fails. Board was green 0, yellow 4, white 1, blue 0, red 0
You now has green 4, yellow 2, blue 5, blue 1, green 3
MOVE: 0 0 None 1 3 None
outer hints You about all their blue cards hints remaining: 0
You has green 4, yellow 2, blue 5, blue 1, green 3
MOVE: 1 2 1 1 None None
You plays yellow 2 and fails. Board was green 0, yellow 4, white 1, blue 0, red 0
You now has green 4, blue 5, blue 1, green 3, green 2
Score 5
