Treatment: ('full', 5)
[(1, 2), (1, 3), (1, 1), (0, 1), (1, 1), (4, 5), (1, 4), (0, 3), (2, 3), (3, 3), (2, 1), (3, 1), (4, 3), (3, 2), (4, 1), (1, 3), (0, 2), (2, 5), (4, 4), (2, 1), (2, 4), (0, 4), (0, 4), (0, 1), (4, 1), (1, 5), (0, 5), (1, 4), (0, 2), (4, 4), (2, 3), (3, 5), (2, 1), (0, 1), (4, 1), (3, 2), (4, 2), (3, 4), (3, 3), (3, 1)]
MOVE: 0 1 None 1 None 1
full hints You about all their 1 hints remaining: 7
You has white 2, red 2, red 3, yellow 2, yellow 1
MOVE: 1 2 3 1 None None
You plays yellow 2 and fails. Board was green 0, yellow 0, white 0, blue 0, red 0
You now has white 2, red 2, red 3, yellow 1, yellow 2
MOVE: 0 3 0 None None None
full discards blue 1
trash is now yellow 2, blue 1
full now has white 4, white 2, green 3, blue 4, yellow 3
MOVE: 1 3 2 1 None None
You discards red 3
trash is now yellow 2, blue 1, red 3
You now has white 2, red 2, yellow 1, yellow 2, yellow 1
MOVE: 0 1 None 1 None 1
full hints You about all their 1 hints remaining: 7
You has white 2, red 2, yellow 1, yellow 2, yellow 1
MOVE: 1 2 1 1 None None
You plays red 2 and fails. Board was green 0, yellow 0, white 0, blue 0, red 0
You now has white 2, yellow 1, yellow 2, yellow 1, green 1
MOVE: 0 1 None 1 None 1
full hints You about all their 1 hints remaining: 6
You has white 2, yellow 1, yellow 2, yellow 1, green 1
MOVE: 1 2 0 1 None None
You plays white 2 and fails. Board was green 0, yellow 0, white 0, blue 0, red 0
You now has yellow 1, yellow 2, yellow 1, green 1, yellow 1
Score 0
