Old GID: 8b03720d8d0e62ba
Treatment: ('outer', 242)
[(4, 3), (1, 2), (4, 4), (1, 4), (3, 1), (2, 3), (0, 5), (2, 3), (2, 4), (2, 1), (3, 3), (2, 1), (2, 1), (4, 1), (0, 2), (3, 4), (0, 1), (0, 3), (0, 2), (0, 1), (4, 1), (3, 3), (1, 1), (4, 2), (0, 4), (3, 5), (1, 1), (3, 1), (3, 2), (1, 3), (4, 4), (0, 4), (1, 1), (0, 1), (3, 2), (2, 2), (2, 5), (4, 3), (2, 2), (1, 3)]
MOVE: 0 0 None 1 1 None
outer hints You about all their yellow cards hints remaining: 7
You has red 5, yellow 4, white 4, yellow 5, yellow 2
MOVE: 1 2 4 1 None None
You plays yellow 2 and fails. Board was green 0, yellow 0, white 0, blue 0, red 0
You now has red 5, yellow 4, white 4, yellow 5, red 3
MOVE: 0 1 None 1 None 4
outer hints You about all their 4 hints remaining: 6
You has red 5, yellow 4, white 4, yellow 5, red 3
MOVE: 1 2 3 1 None None
You plays yellow 5 and fails. Board was green 0, yellow 0, white 0, blue 0, red 0
You now has red 5, yellow 4, white 4, red 3, yellow 2
MOVE: 0 3 1 None None None
outer discards red 2
trash is now yellow 2, yellow 5, red 2
outer now has green 3, blue 1, red 1, blue 4, red 4
MOVE: 1 3 1 1 None None
You discards yellow 4
trash is now yellow 2, yellow 5, red 2, yellow 4
You now has red 5, white 4, red 3, yellow 2, yellow 4
MOVE: 0 1 None 1 None 3
outer hints You about all their 3 hints remaining: 7
You has red 5, white 4, red 3, yellow 2, yellow 4
MOVE: 1 3 1 1 None None
You discards white 4
trash is now yellow 2, yellow 5, red 2, yellow 4, white 4
You now has red 5, red 3, yellow 2, yellow 4, blue 1
MOVE: 0 1 None 1 None 1
outer hints You about all their 1 hints remaining: 7
You has red 5, red 3, yellow 2, yellow 4, blue 1
MOVE: 1 2 4 1 None None
You plays blue 1 successfully! Board is now green 0, yellow 0, white 0, blue 1, red 0
You now has red 5, red 3, yellow 2, yellow 4, white 3
MOVE: 0 0 None 1 4 None
outer hints You about all their red cards hints remaining: 6
You has red 5, red 3, yellow 2, yellow 4, white 3
MOVE: 1 2 0 1 None None
You plays red 5 and fails. Board was green 0, yellow 0, white 0, blue 1, red 0
You now has red 3, yellow 2, yellow 4, white 3, green 5
Score 1
