Old GID: 548ea21422109c9c
Treatment: ('outer', 2361)
[(4, 5), (3, 4), (4, 4), (2, 2), (4, 1), (2, 3), (4, 2), (4, 2), (3, 1), (1, 2), (2, 1), (2, 1), (1, 4), (1, 2), (1, 1), (0, 1), (0, 1), (1, 5), (0, 4), (3, 2), (0, 2), (2, 4), (1, 3), (0, 5), (3, 3), (3, 3), (1, 1), (3, 1), (2, 4), (2, 5), (4, 3), (0, 3), (4, 1), (1, 3), (2, 3), (2, 1), (0, 2), (4, 4), (0, 1), (3, 4)]
MOVE: 0 0 None 1 4 None
outer hints You about all their red cards hints remaining: 7
You has red 1, white 2, green 3, yellow 4, yellow 1
MOVE: 1 1 None 0 None 1
You hints outer about all their 1 hints remaining: 6
outer has blue 5, red 3, blue 2, green 4, blue 1
MOVE: 0 2 4 None None None
outer plays blue 1 successfully! Board is now green 0, yellow 0, white 0, blue 1, red 0
outer now has blue 5, red 3, blue 2, green 4, red 5
MOVE: 1 1 None 0 None 2
You hints outer about all their 2 hints remaining: 5
outer has blue 5, red 3, blue 2, green 4, red 5
MOVE: 0 1 None 1 None 1
outer hints You about all their 1 hints remaining: 4
You has red 1, white 2, green 3, yellow 4, yellow 1
MOVE: 1 0 None 0 3 None
You hints outer about all their blue cards hints remaining: 3
outer has blue 5, red 3, blue 2, green 4, red 5
MOVE: 0 2 2 None None None
outer plays blue 2 successfully! Board is now green 0, yellow 0, white 0, blue 2, red 0
outer now has blue 5, red 3, green 4, red 5, blue 4
MOVE: 1 2 0 1 None None
You plays red 1 successfully! Board is now green 0, yellow 0, white 0, blue 2, red 1
You now has white 2, green 3, yellow 4, yellow 1, red 4
MOVE: 0 1 None 1 None 1
outer hints You about all their 1 hints remaining: 2
You has white 2, green 3, yellow 4, yellow 1, red 4
MOVE: 1 2 3 1 None None
You plays yellow 1 successfully! Board is now green 0, yellow 1, white 0, blue 2, red 1
You now has white 2, green 3, yellow 4, red 4, white 2
MOVE: 0 0 None 1 0 None
outer hints You about all their green cards hints remaining: 1
You has white 2, green 3, yellow 4, red 4, white 2
MOVE: 1 3 0 1 None None
You discards white 2
trash is now white 2
You now has green 3, yellow 4, red 4, white 2, red 1
MOVE: 0 0 None 1 1 None
outer hints You about all their yellow cards hints remaining: 1
You has green 3, yellow 4, red 4, white 2, red 1
MOVE: 1 2 1 1 None None
You plays yellow 4 and fails. Board was green 0, yellow 1, white 0, blue 2, red 1
You now has green 3, red 4, white 2, red 1, white 3
MOVE: 0 0 None 1 2 None
outer hints You about all their white cards hints remaining: 0
You has green 3, red 4, white 2, red 1, white 3
MOVE: 1 2 4 1 None None
You plays white 3 and fails. Board was green 0, yellow 1, white 0, blue 2, red 1
You now has green 3, red 4, white 2, red 1, red 2
MOVE: 0 3 0 None None None
outer discards blue 5
trash is now white 2, yellow 4, white 3, blue 5
outer now has red 3, green 4, red 5, blue 4, red 2
MOVE: 1 2 4 1 None None
You plays red 2 successfully! Board is now green 0, yellow 1, white 0, blue 2, red 2
You now has green 3, red 4, white 2, red 1, blue 1
MOVE: 0 1 None 1 None 1
outer hints You about all their 1 hints remaining: 0
You has green 3, red 4, white 2, red 1, blue 1
MOVE: 1 2 4 1 None None
You plays blue 1 and fails. Board was green 0, yellow 1, white 0, blue 2, red 2
You now has green 3, red 4, white 2, red 1, yellow 2
Score 5
