Old GID: 177ed97cd3c34005
Treatment: ('full', 281)
[(0, 5), (4, 4), (4, 4), (0, 4), (3, 5), (3, 1), (4, 1), (3, 1), (3, 3), (4, 3), (4, 3), (1, 5), (4, 1), (3, 2), (2, 1), (3, 1), (3, 3), (0, 3), (1, 4), (2, 3), (1, 3), (1, 2), (1, 3), (3, 4), (1, 2), (2, 4), (0, 2), (2, 4), (4, 2), (0, 1), (0, 3), (1, 1), (2, 2), (0, 1), (3, 2), (3, 4), (4, 2), (2, 1), (1, 1), (0, 1)]
MOVE: 0 1 None 1 None 1
full hints You about all their 1 hints remaining: 7
You has green 2, white 1, green 4, red 1, yellow 1
MOVE: 1 2 1 1 None None
You plays white 1 successfully! Board is now green 0, yellow 0, white 1, blue 0, red 0
You now has green 2, green 4, red 1, yellow 1, green 5
MOVE: 0 0 None 1 1 None
full hints You about all their yellow cards hints remaining: 6
You has green 2, green 4, red 1, yellow 1, green 5
MOVE: 1 2 3 1 None None
You plays yellow 1 successfully! Board is now green 0, yellow 1, white 1, blue 0, red 0
You now has green 2, green 4, red 1, green 5, red 4
MOVE: 0 3 0 None None None
full discards white 5
trash is now white 5
full now has white 3, red 5, yellow 4, white 2, red 4
MOVE: 1 1 None 0 None 2
You hints full about all their 2 hints remaining: 6
full has white 3, red 5, yellow 4, white 2, red 4
MOVE: 0 2 3 None None None
full plays white 2 successfully! Board is now green 0, yellow 1, white 2, blue 0, red 0
full now has white 3, red 5, yellow 4, red 4, green 4
MOVE: 1 1 None 0 None 3
You hints full about all their 3 hints remaining: 5
full has white 3, red 5, yellow 4, red 4, green 4
MOVE: 0 2 0 None None None
full plays white 3 successfully! Board is now green 0, yellow 1, white 3, blue 0, red 0
full now has red 5, yellow 4, red 4, green 4, blue 5
MOVE: 1 1 None 0 None 5
You hints full about all their 5 hints remaining: 4
full has red 5, yellow 4, red 4, green 4, blue 5
MOVE: 0 1 None 1 None 2
full hints You about all their 2 hints remaining: 3
You has green 2, green 4, red 1, green 5, red 4
MOVE: 1 2 0 1 None None
You plays green 2 and fails. Board was green 0, yellow 1, white 3, blue 0, red 0
You now has green 4, red 1, green 5, red 4, blue 1
MOVE: 0 1 None 1 None 1
full hints You about all their 1 hints remaining: 2
You has green 4, red 1, green 5, red 4, blue 1
MOVE: 1 2 1 1 None None
You plays red 1 successfully! Board is now green 0, yellow 1, white 3, blue 0, red 1
You now has green 4, green 5, red 4, blue 1, red 1
MOVE: 0 0 None 1 3 None
full hints You about all their blue cards hints remaining: 1
You has green 4, green 5, red 4, blue 1, red 1
MOVE: 1 2 3 1 None None
You plays blue 1 successfully! Board is now green 0, yellow 1, white 3, blue 1, red 1
You now has green 4, green 5, red 4, red 1, blue 1
MOVE: 0 3 1 None None None
full discards yellow 4
trash is now white 5, green 2, yellow 4
full now has red 5, red 4, green 4, blue 5, blue 3
MOVE: 1 3 0 1 None None
You discards green 4
trash is now white 5, green 2, yellow 4, green 4
You now has green 5, red 4, red 1, blue 1, red 3
MOVE: 0 1 None 1 None 3
full hints You about all their 3 hints remaining: 2
You has green 5, red 4, red 1, blue 1, red 3
MOVE: 1 1 None 0 None 4
You hints full about all their 4 hints remaining: 1
full has red 5, red 4, green 4, blue 5, blue 3
MOVE: 0 2 1 None None None
full plays red 4 and fails. Board was green 0, yellow 1, white 3, blue 1, red 1
full now has red 5, green 4, blue 5, blue 3, red 3
MOVE: 1 3 0 1 None None
You discards green 5
trash is now white 5, green 2, yellow 4, green 4, red 4, green 5
You now has red 4, red 1, blue 1, red 3, yellow 5
MOVE: 0 3 3 None None None
full discards blue 3
trash is now white 5, green 2, yellow 4, green 4, red 4, green 5, blue 3
full now has red 5, green 4, blue 5, red 3, red 1
MOVE: 1 3 0 1 None None
You discards red 4
trash is now white 5, green 2, yellow 4, green 4, red 4, green 5, blue 3, red 4
You now has red 1, blue 1, red 3, yellow 5, blue 2
MOVE: 0 1 None 1 None 2
full hints You about all their 2 hints remaining: 3
You has red 1, blue 1, red 3, yellow 5, blue 2
MOVE: 1 2 4 1 None None
You plays blue 2 successfully! Board is now green 0, yellow 1, white 3, blue 2, red 1
You now has red 1, blue 1, red 3, yellow 5, white 1
MOVE: 0 0 None 1 3 None
full hints You about all their blue cards hints remaining: 2
You has red 1, blue 1, red 3, yellow 5, white 1
MOVE: 1 2 1 1 None None
You plays blue 1 and fails. Board was green 0, yellow 1, white 3, blue 2, red 1
You now has red 1, red 3, yellow 5, white 1, blue 1
Score 7
