Old GID: a2ae13970a5d05e4
Treatment: ('outer', 7740)
[(4, 3), (3, 1), (2, 4), (1, 4), (2, 3), (1, 1), (2, 2), (0, 3), (1, 1), (2, 3), (4, 2), (1, 5), (0, 1), (2, 2), (3, 3), (1, 3), (2, 1), (4, 2), (1, 3), (3, 1), (2, 1), (3, 4), (4, 3), (2, 5), (3, 3), (3, 5), (0, 5), (0, 4), (0, 2), (4, 1), (3, 4), (1, 2), (0, 2), (4, 1), (1, 2), (0, 1), (0, 4), (3, 2), (1, 4), (2, 1)]
MOVE: 0 0 None 1 3 None
outer hints You about all their blue cards hints remaining: 7
You has blue 1, red 1, red 4, green 1, white 4
MOVE: 1 1 None 0 None 1
You hints outer about all their 1 hints remaining: 6
outer has red 4, red 5, blue 2, yellow 1, green 3
MOVE: 0 2 3 None None None
outer plays yellow 1 successfully! Board is now green 0, yellow 1, white 0, blue 0, red 0
outer now has red 4, red 5, blue 2, green 3, red 3
MOVE: 1 2 0 1 None None
You plays blue 1 successfully! Board is now green 0, yellow 1, white 0, blue 1, red 0
You now has red 1, red 4, green 1, white 4, blue 1
MOVE: 0 0 None 1 4 None
outer hints You about all their red cards hints remaining: 5
You has red 1, red 4, green 1, white 4, blue 1
MOVE: 1 1 None 0 None 2
You hints outer about all their 2 hints remaining: 4
outer has red 4, red 5, blue 2, green 3, red 3
MOVE: 0 1 None 1 None 1
outer hints You about all their 1 hints remaining: 3
You has red 1, red 4, green 1, white 4, blue 1
MOVE: 1 0 None 0 3 None
You hints outer about all their blue cards hints remaining: 2
outer has red 4, red 5, blue 2, green 3, red 3
MOVE: 0 2 2 None None None
outer plays blue 2 successfully! Board is now green 0, yellow 1, white 0, blue 2, red 0
outer now has red 4, red 5, green 3, red 3, white 4
MOVE: 1 2 0 1 None None
You plays red 1 successfully! Board is now green 0, yellow 1, white 0, blue 2, red 1
You now has red 4, green 1, white 4, blue 1, yellow 4
MOVE: 0 1 None 1 None 1
outer hints You about all their 1 hints remaining: 1
You has red 4, green 1, white 4, blue 1, yellow 4
MOVE: 1 2 3 1 None None
You plays blue 1 and fails. Board was green 0, yellow 1, white 0, blue 2, red 1
You now has red 4, green 1, white 4, yellow 4, white 3
MOVE: 0 0 None 1 0 None
outer hints You about all their green cards hints remaining: 0
You has red 4, green 1, white 4, yellow 4, white 3
MOVE: 1 2 1 1 None None
You plays green 1 successfully! Board is now green 1, yellow 1, white 0, blue 2, red 1
You now has red 4, white 4, yellow 4, white 3, yellow 1
MOVE: 0 3 3 None None None
outer discards red 3
trash is now blue 1, red 3
outer now has red 4, red 5, green 3, white 4, white 2
MOVE: 1 2 0 1 None None
You plays red 4 and fails. Board was green 1, yellow 1, white 0, blue 2, red 1
You now has white 4, yellow 4, white 3, yellow 1, green 3
MOVE: 0 1 None 1 None 3
outer hints You about all their 3 hints remaining: 0
You has white 4, yellow 4, white 3, yellow 1, green 3
MOVE: 1 2 4 1 None None
You plays green 3 and fails. Board was green 1, yellow 1, white 0, blue 2, red 1
You now has white 4, yellow 4, white 3, yellow 1, yellow 1
Score 5
