Old GID: 138cc8864bc247fa
Treatment: ('outer', 5451)
[(1, 1), (4, 4), (3, 3), (4, 4), (4, 5), (1, 3), (3, 4), (4, 1), (4, 2), (0, 1), (2, 2), (0, 5), (1, 4), (0, 2), (0, 1), (3, 1), (4, 2), (2, 5), (0, 3), (3, 2), (1, 5), (3, 5), (4, 1), (1, 4), (4, 1), (3, 4), (0, 3), (4, 3), (0, 4), (2, 3), (4, 3), (2, 4), (2, 1), (1, 2), (2, 4), (3, 1), (1, 1), (1, 2), (2, 1), (2, 2)]
MOVE: 0 1 None 1 None 1
outer hints You about all their 1 hints remaining: 7
You has white 3, green 4, yellow 3, white 1, green 2
MOVE: 1 1 None 0 None 1
You hints outer about all their 1 hints remaining: 6
outer has blue 2, yellow 1, blue 1, green 1, blue 3
MOVE: 0 2 1 None None None
outer plays yellow 1 successfully! Board is now green 0, yellow 1, white 0, blue 0, red 0
outer now has blue 2, blue 1, green 1, blue 3, yellow 1
MOVE: 1 2 3 1 None None
You plays white 1 successfully! Board is now green 0, yellow 1, white 1, blue 0, red 0
You now has white 3, green 4, yellow 3, green 2, red 4
MOVE: 0 0 None 1 2 None
outer hints You about all their white cards hints remaining: 5
You has white 3, green 4, yellow 3, green 2, red 4
MOVE: 1 0 None 0 3 None
You hints outer about all their blue cards hints remaining: 4
outer has blue 2, blue 1, green 1, blue 3, yellow 1
MOVE: 0 2 1 None None None
outer plays blue 1 successfully! Board is now green 0, yellow 1, white 1, blue 1, red 0
outer now has blue 2, green 1, blue 3, yellow 1, blue 3
MOVE: 1 1 None 0 None 2
You hints outer about all their 2 hints remaining: 3
outer has blue 2, green 1, blue 3, yellow 1, blue 3
MOVE: 0 2 0 None None None
outer plays blue 2 successfully! Board is now green 0, yellow 1, white 1, blue 2, red 0
outer now has green 1, blue 3, yellow 1, blue 3, red 4
MOVE: 1 1 None 0 None 3
You hints outer about all their 3 hints remaining: 2
outer has green 1, blue 3, yellow 1, blue 3, red 4
MOVE: 0 2 1 None None None
outer plays blue 3 successfully! Board is now green 0, yellow 1, white 1, blue 3, red 0
outer now has green 1, yellow 1, blue 3, red 4, red 5
MOVE: 1 0 None 0 0 None
You hints outer about all their green cards hints remaining: 1
outer has green 1, yellow 1, blue 3, red 4, red 5
MOVE: 0 2 0 None None None
outer plays green 1 successfully! Board is now green 1, yellow 1, white 1, blue 3, red 0
outer now has yellow 1, blue 3, red 4, red 5, yellow 3
MOVE: 1 0 None 0 3 None
You hints outer about all their blue cards hints remaining: 0
outer has yellow 1, blue 3, red 4, red 5, yellow 3
MOVE: 0 3 1 None None None
outer discards blue 3
trash is now blue 3
outer now has yellow 1, red 4, red 5, yellow 3, blue 4
MOVE: 1 0 None 0 3 None
You hints outer about all their blue cards hints remaining: 0
outer has yellow 1, red 4, red 5, yellow 3, blue 4
MOVE: 0 3 4 None None None
outer discards blue 4
trash is now blue 3, blue 4
outer now has yellow 1, red 4, red 5, yellow 3, red 1
MOVE: 1 1 None 0 None 1
You hints outer about all their 1 hints remaining: 0
outer has yellow 1, red 4, red 5, yellow 3, red 1
MOVE: 0 3 2 None None None
outer discards red 5
trash is now blue 3, blue 4, red 5
outer now has yellow 1, red 4, yellow 3, red 1, red 2
MOVE: 1 0 None 0 4 None
You hints outer about all their red cards hints remaining: 0
outer has yellow 1, red 4, yellow 3, red 1, red 2
MOVE: 0 2 3 None None None
outer plays red 1 successfully! Board is now green 1, yellow 1, white 1, blue 3, red 1
outer now has yellow 1, red 4, yellow 3, red 2, green 1
MOVE: 1 2 0 1 None None
You plays white 3 and fails. Board was green 1, yellow 1, white 1, blue 3, red 1
You now has green 4, yellow 3, green 2, red 4, white 2
MOVE: 0 3 0 None None None
outer discards yellow 1
trash is now blue 3, blue 4, red 5, white 3, yellow 1
outer now has red 4, yellow 3, red 2, green 1, green 5
MOVE: 1 1 None 0 None 2
You hints outer about all their 2 hints remaining: 0
outer has red 4, yellow 3, red 2, green 1, green 5
MOVE: 0 2 2 None None None
outer plays red 2 successfully! Board is now green 1, yellow 1, white 1, blue 3, red 2
outer now has red 4, yellow 3, green 1, green 5, yellow 4
MOVE: 1 3 0 1 None None
You discards green 4
trash is now blue 3, blue 4, red 5, white 3, yellow 1, green 4
You now has yellow 3, green 2, red 4, white 2, green 2
MOVE: 0 1 None 1 None 2
outer hints You about all their 2 hints remaining: 0
You has yellow 3, green 2, red 4, white 2, green 2
MOVE: 1 2 4 1 None None
You plays green 2 successfully! Board is now green 2, yellow 1, white 1, blue 3, red 2
You now has yellow 3, green 2, red 4, white 2, green 1
MOVE: 0 3 2 None None None
outer discards green 1
trash is now blue 3, blue 4, red 5, white 3, yellow 1, green 4, green 1
outer now has red 4, yellow 3, green 5, yellow 4, blue 1
MOVE: 1 2 3 1 None None
You plays white 2 successfully! Board is now green 2, yellow 1, white 2, blue 3, red 2
You now has yellow 3, green 2, red 4, green 1, red 2
MOVE: 0 1 None 1 None 4
outer hints You about all their 4 hints remaining: 0
You has yellow 3, green 2, red 4, green 1, red 2
MOVE: 1 2 2 1 None None
You plays red 4 and fails. Board was green 2, yellow 1, white 2, blue 3, red 2
You now has yellow 3, green 2, green 1, red 2, white 5
MOVE: 0 3 4 None None None
outer discards blue 1
trash is now blue 3, blue 4, red 5, white 3, yellow 1, green 4, green 1, red 4, blue 1
outer now has red 4, yellow 3, green 5, yellow 4, green 3
MOVE: 1 2 1 1 None None
You plays green 2 and fails. Board was green 2, yellow 1, white 2, blue 3, red 2
You now has yellow 3, green 1, red 2, white 5, blue 2
Score 10
