Old GID: 33a8673a4b9ef8b9
Treatment: ('outer', 3914)
[(0, 2), (3, 1), (2, 1), (0, 1), (1, 1), (4, 2), (1, 3), (3, 3), (0, 4), (3, 5), (0, 3), (3, 2), (0, 4), (4, 1), (1, 3), (0, 1), (2, 3), (3, 1), (4, 4), (2, 1), (0, 5), (3, 1), (1, 2), (3, 2), (1, 4), (4, 3), (1, 1), (1, 2), (1, 5), (3, 4), (1, 4), (4, 1), (2, 1), (3, 4), (3, 3), (0, 1), (4, 5), (0, 3), (4, 3), (2, 4)]
MOVE: 0 0 None 1 1 None
outer hints You about all their yellow cards hints remaining: 7
You has red 4, white 4, red 2, yellow 1, red 1
MOVE: 1 2 3 1 None None
You plays yellow 1 successfully! Board is now green 0, yellow 1, white 0, blue 0, red 0
You now has red 4, white 4, red 2, red 1, green 2
MOVE: 0 1 None 1 None 1
outer hints You about all their 1 hints remaining: 6
You has red 4, white 4, red 2, red 1, green 2
MOVE: 1 2 3 1 None None
You plays red 1 successfully! Board is now green 0, yellow 1, white 0, blue 0, red 1
You now has red 4, white 4, red 2, green 2, blue 1
MOVE: 0 0 None 1 4 None
outer hints You about all their red cards hints remaining: 5
You has red 4, white 4, red 2, green 2, blue 1
MOVE: 1 2 0 1 None None
You plays red 4 and fails. Board was green 0, yellow 1, white 0, blue 0, red 1
You now has white 4, red 2, green 2, blue 1, white 1
MOVE: 0 1 None 1 None 2
outer hints You about all their 2 hints remaining: 4
You has white 4, red 2, green 2, blue 1, white 1
MOVE: 1 2 1 1 None None
You plays red 2 successfully! Board is now green 0, yellow 1, white 0, blue 0, red 2
You now has white 4, green 2, blue 1, white 1, green 1
MOVE: 0 1 None 1 None 1
outer hints You about all their 1 hints remaining: 3
You has white 4, green 2, blue 1, white 1, green 1
MOVE: 1 2 4 1 None None
You plays green 1 successfully! Board is now green 1, yellow 1, white 0, blue 0, red 2
You now has white 4, green 2, blue 1, white 1, yellow 1
MOVE: 0 0 None 1 0 None
outer hints You about all their green cards hints remaining: 2
You has white 4, green 2, blue 1, white 1, yellow 1
MOVE: 1 2 1 1 None None
You plays green 2 successfully! Board is now green 2, yellow 1, white 0, blue 0, red 2
You now has white 4, blue 1, white 1, yellow 1, red 2
MOVE: 0 0 None 1 3 None
outer hints You about all their blue cards hints remaining: 1
You has white 4, blue 1, white 1, yellow 1, red 2
MOVE: 1 2 1 1 None None
You plays blue 1 successfully! Board is now green 2, yellow 1, white 0, blue 1, red 2
You now has white 4, white 1, yellow 1, red 2, yellow 3
MOVE: 0 1 None 1 None 1
outer hints You about all their 1 hints remaining: 0
You has white 4, white 1, yellow 1, red 2, yellow 3
MOVE: 1 2 2 1 None None
You plays yellow 1 and fails. Board was green 2, yellow 1, white 0, blue 1, red 2
You now has white 4, white 1, red 2, yellow 3, blue 3
MOVE: 0 3 3 None None None
outer discards green 2
trash is now red 4, yellow 1, green 2
outer now has white 3, white 5, white 2, white 2, green 4
MOVE: 1 3 1 1 None None
You discards white 1
trash is now red 4, yellow 1, green 2, white 1
You now has white 4, red 2, yellow 3, blue 3, blue 5
MOVE: 0 1 None 1 None 2
outer hints You about all their 2 hints remaining: 1
You has white 4, red 2, yellow 3, blue 3, blue 5
MOVE: 1 2 1 1 None None
You plays red 2 and fails. Board was green 2, yellow 1, white 0, blue 1, red 2
You now has white 4, yellow 3, blue 3, blue 5, green 3
Score 6
