Old GID: 1b17ab93ed1184b4
Treatment: ('outer', 9540)
[(0, 4), (4, 1), (2, 4), (1, 4), (0, 1), (0, 2), (3, 3), (3, 4), (0, 3), (1, 2), (3, 2), (4, 4), (4, 2), (2, 1), (4, 1), (4, 1), (1, 1), (2, 5), (4, 5), (3, 4), (3, 2), (1, 5), (3, 1), (1, 1), (2, 4), (3, 1), (4, 3), (1, 2), (4, 2), (4, 3), (2, 3), (2, 1), (0, 1), (2, 3), (1, 3), (3, 1), (2, 2), (2, 1), (0, 1), (1, 3)]
MOVE: 0 1 None 1 None 1
outer hints You about all their 1 hints remaining: 7
You has yellow 4, yellow 1, white 2, green 2, green 3
MOVE: 1 1 None 0 None 5
You hints outer about all their 5 hints remaining: 6
outer has red 4, blue 3, blue 5, green 5, green 4
MOVE: 0 0 None 1 1 None
outer hints You about all their yellow cards hints remaining: 5
You has yellow 4, yellow 1, white 2, green 2, green 3
MOVE: 1 0 None 0 0 None
You hints outer about all their green cards hints remaining: 4
outer has red 4, blue 3, blue 5, green 5, green 4
MOVE: 0 0 None 1 0 None
outer hints You about all their green cards hints remaining: 3
You has yellow 4, yellow 1, white 2, green 2, green 3
MOVE: 1 2 1 1 None None
You plays yellow 1 successfully! Board is now green 0, yellow 1, white 0, blue 0, red 0
You now has yellow 4, white 2, green 2, green 3, green 4
MOVE: 0 1 None 1 None 2
outer hints You about all their 2 hints remaining: 2
You has yellow 4, white 2, green 2, green 3, green 4
MOVE: 1 3 4 1 None None
You discards green 4
trash is now green 4
You now has yellow 4, white 2, green 2, green 3, red 1
MOVE: 0 1 None 1 None 1
outer hints You about all their 1 hints remaining: 2
You has yellow 4, white 2, green 2, green 3, red 1
MOVE: 1 2 4 1 None None
You plays red 1 successfully! Board is now green 0, yellow 1, white 0, blue 0, red 1
You now has yellow 4, white 2, green 2, green 3, white 4
MOVE: 0 1 None 1 None 3
outer hints You about all their 3 hints remaining: 1
You has yellow 4, white 2, green 2, green 3, white 4
MOVE: 1 1 None 0 None 4
You hints outer about all their 4 hints remaining: 0
outer has red 4, blue 3, blue 5, green 5, green 4
MOVE: 0 3 1 None None None
outer discards blue 3
trash is now green 4, blue 3
outer now has red 4, blue 5, green 5, green 4, yellow 4
MOVE: 1 3 4 1 None None
You discards white 4
trash is now green 4, blue 3, white 4
You now has yellow 4, white 2, green 2, green 3, green 1
MOVE: 0 0 None 1 0 None
outer hints You about all their green cards hints remaining: 1
You has yellow 4, white 2, green 2, green 3, green 1
MOVE: 1 2 1 1 None None
You plays white 2 and fails. Board was green 0, yellow 1, white 0, blue 0, red 1
You now has yellow 4, green 2, green 3, green 1, green 2
MOVE: 0 1 None 1 None 1
outer hints You about all their 1 hints remaining: 0
You has yellow 4, green 2, green 3, green 1, green 2
MOVE: 1 2 3 1 None None
You plays green 1 successfully! Board is now green 1, yellow 1, white 0, blue 0, red 1
You now has yellow 4, green 2, green 3, green 2, blue 3
MOVE: 0 3 4 None None None
outer discards yellow 4
trash is now green 4, blue 3, white 4, white 2, yellow 4
outer now has red 4, blue 5, green 5, green 4, blue 4
MOVE: 1 2 1 1 None None
You plays green 2 successfully! Board is now green 2, yellow 1, white 0, blue 0, red 1
You now has yellow 4, green 3, green 2, blue 3, green 3
MOVE: 0 0 None 1 0 None
outer hints You about all their green cards hints remaining: 0
You has yellow 4, green 3, green 2, blue 3, green 3
MOVE: 1 2 1 1 None None
You plays green 3 successfully! Board is now green 3, yellow 1, white 0, blue 0, red 1
You now has yellow 4, green 2, blue 3, green 3, yellow 2
MOVE: 0 2 3 None None None
outer plays green 4 successfully! Board is now green 4, yellow 1, white 0, blue 0, red 1
outer now has red 4, blue 5, green 5, blue 4, blue 2
MOVE: 1 3 3 1 None None
You discards green 3
trash is now green 4, blue 3, white 4, white 2, yellow 4, green 3
You now has yellow 4, green 2, blue 3, yellow 2, red 4
MOVE: 0 2 2 None None None
outer plays green 5 successfully! Board is now green 5, yellow 1, white 0, blue 0, red 1
outer now has red 4, blue 5, blue 4, blue 2, red 2
MOVE: 1 0 None 0 4 None
You hints outer about all their red cards hints remaining: 1
outer has red 4, blue 5, blue 4, blue 2, red 2
MOVE: 0 1 None 1 None 2
outer hints You about all their 2 hints remaining: 0
You has yellow 4, green 2, blue 3, yellow 2, red 4
MOVE: 1 3 1 1 None None
You discards green 2
trash is now green 4, blue 3, white 4, white 2, yellow 4, green 3, green 2
You now has yellow 4, blue 3, yellow 2, red 4, white 1
MOVE: 0 0 None 1 1 None
outer hints You about all their yellow cards hints remaining: 0
You has yellow 4, blue 3, yellow 2, red 4, white 1
MOVE: 1 2 2 1 None None
You plays yellow 2 successfully! Board is now green 5, yellow 2, white 0, blue 0, red 1
You now has yellow 4, blue 3, red 4, white 1, red 1
MOVE: 0 3 1 None None None
outer discards blue 5
trash is now green 4, blue 3, white 4, white 2, yellow 4, green 3, green 2, blue 5
outer now has red 4, blue 4, blue 2, red 2, red 1
MOVE: 1 1 None 0 None 2
You hints outer about all their 2 hints remaining: 0
outer has red 4, blue 4, blue 2, red 2, red 1
MOVE: 0 2 3 None None None
outer plays red 2 successfully! Board is now green 5, yellow 2, white 0, blue 0, red 2
outer now has red 4, blue 4, blue 2, red 1, yellow 1
MOVE: 1 2 0 1 None None
You plays yellow 4 and fails. Board was green 5, yellow 2, white 0, blue 0, red 2
You now has blue 3, red 4, white 1, red 1, white 5
MOVE: 0 3 3 None None None
outer discards red 1
trash is now green 4, blue 3, white 4, white 2, yellow 4, green 3, green 2, blue 5, yellow 4, red 1
outer now has red 4, blue 4, blue 2, yellow 1, red 5
MOVE: 1 0 None 0 3 None
You hints outer about all their blue cards hints remaining: 0
outer has red 4, blue 4, blue 2, yellow 1, red 5
MOVE: 0 3 4 None None None
outer discards red 5
trash is now green 4, blue 3, white 4, white 2, yellow 4, green 3, green 2, blue 5, yellow 4, red 1, red 5
outer now has red 4, blue 4, blue 2, yellow 1, blue 4
MOVE: 1 3 4 1 None None
You discards white 5
trash is now green 4, blue 3, white 4, white 2, yellow 4, green 3, green 2, blue 5, yellow 4, red 1, red 5, white 5
You now has blue 3, red 4, white 1, red 1, blue 2
MOVE: 0 1 None 1 None 1
outer hints You about all their 1 hints remaining: 1
You has blue 3, red 4, white 1, red 1, blue 2
MOVE: 1 2 3 1 None None
You plays red 1 and fails. Board was green 5, yellow 2, white 0, blue 0, red 2
You now has blue 3, red 4, white 1, blue 2, yellow 5
Score 9
