Old GID: 206a8222428d1fc7
Treatment: ('outer', 6492)
[(4, 5), (0, 1), (3, 1), (3, 3), (2, 5), (3, 4), (3, 2), (1, 1), (3, 1), (3, 1), (2, 1), (0, 4), (3, 2), (3, 3), (1, 1), (2, 4), (2, 2), (4, 4), (4, 4), (0, 1), (3, 4), (1, 5), (1, 1), (2, 2), (4, 3), (0, 3), (0, 3), (2, 4), (1, 4), (4, 1), (2, 3), (1, 2), (0, 4), (1, 4), (4, 2), (1, 3), (1, 3), (2, 1), (0, 2), (0, 2)]
MOVE: 0 1 None 1 None 1
outer hints You about all their 1 hints remaining: 7
You has green 5, red 1, red 2, yellow 2, red 1
MOVE: 1 2 1 1 None None
You plays red 1 successfully! Board is now green 0, yellow 0, white 0, blue 0, red 1
You now has green 5, red 2, yellow 2, red 1, red 5
MOVE: 0 1 None 1 None 2
outer hints You about all their 2 hints remaining: 6
You has green 5, red 2, yellow 2, red 1, red 5
MOVE: 1 2 1 1 None None
You plays red 2 successfully! Board is now green 0, yellow 0, white 0, blue 0, red 2
You now has green 5, yellow 2, red 1, red 5, green 1
MOVE: 0 1 None 1 None 1
outer hints You about all their 1 hints remaining: 5
You has green 5, yellow 2, red 1, red 5, green 1
MOVE: 1 2 2 1 None None
You plays red 1 and fails. Board was green 0, yellow 0, white 0, blue 0, red 2
You now has green 5, yellow 2, red 5, green 1, blue 1
MOVE: 0 0 None 1 0 None
outer hints You about all their green cards hints remaining: 4
You has green 5, yellow 2, red 5, green 1, blue 1
MOVE: 1 2 3 1 None None
You plays green 1 successfully! Board is now green 1, yellow 0, white 0, blue 0, red 2
You now has green 5, yellow 2, red 5, blue 1, blue 3
MOVE: 0 0 None 1 3 None
outer hints You about all their blue cards hints remaining: 3
You has green 5, yellow 2, red 5, blue 1, blue 3
MOVE: 1 2 3 1 None None
You plays blue 1 successfully! Board is now green 1, yellow 0, white 0, blue 1, red 2
You now has green 5, yellow 2, red 5, blue 3, white 5
MOVE: 0 0 None 1 0 None
outer hints You about all their green cards hints remaining: 2
You has green 5, yellow 2, red 5, blue 3, white 5
MOVE: 1 2 0 1 None None
You plays green 5 and fails. Board was green 1, yellow 0, white 0, blue 1, red 2
You now has yellow 2, red 5, blue 3, white 5, blue 4
MOVE: 0 0 None 1 4 None
outer hints You about all their red cards hints remaining: 1
You has yellow 2, red 5, blue 3, white 5, blue 4
MOVE: 1 2 1 1 None None
You plays red 5 and fails. Board was green 1, yellow 0, white 0, blue 1, red 2
You now has yellow 2, blue 3, white 5, blue 4, blue 2
Score 4
