Old GID: 7393a486d2e0a4a4
Treatment: ('outer', 3337)
[(2, 2), (3, 1), (1, 3), (1, 2), (3, 3), (2, 1), (3, 2), (2, 3), (4, 5), (1, 1), (2, 1), (0, 1), (4, 1), (0, 2), (4, 2), (3, 1), (4, 1), (1, 1), (1, 3), (2, 3), (4, 1), (0, 4), (0, 1), (3, 4), (4, 4), (4, 2), (1, 1), (3, 3), (4, 3), (2, 1), (4, 3), (1, 5), (2, 2), (0, 3), (4, 4), (0, 4), (3, 4), (2, 5), (3, 2), (0, 5)]
MOVE: 0 0 None 1 0 None
outer hints You about all their green cards hints remaining: 7
You has green 2, yellow 4, white 4, green 3, green 1
MOVE: 1 1 None 0 None 1
You hints outer about all their 1 hints remaining: 6
outer has blue 1, blue 5, yellow 2, yellow 4, white 4
MOVE: 0 2 0 None None None
outer plays blue 1 successfully! Board is now green 0, yellow 0, white 0, blue 1, red 0
outer now has blue 5, yellow 2, yellow 4, white 4, white 2
MOVE: 1 1 None 0 None 4
You hints outer about all their 4 hints remaining: 5
outer has blue 5, yellow 2, yellow 4, white 4, white 2
MOVE: 0 1 None 1 None 1
outer hints You about all their 1 hints remaining: 4
You has green 2, yellow 4, white 4, green 3, green 1
MOVE: 1 2 4 1 None None
You plays green 1 successfully! Board is now green 1, yellow 0, white 0, blue 1, red 0
You now has green 2, yellow 4, white 4, green 3, blue 1
MOVE: 0 0 None 1 0 None
outer hints You about all their green cards hints remaining: 3
You has green 2, yellow 4, white 4, green 3, blue 1
MOVE: 1 2 0 1 None None
You plays green 2 successfully! Board is now green 2, yellow 0, white 0, blue 1, red 0
You now has yellow 4, white 4, green 3, blue 1, yellow 3
MOVE: 0 0 None 1 0 None
outer hints You about all their green cards hints remaining: 2
You has yellow 4, white 4, green 3, blue 1, yellow 3
MOVE: 1 2 2 1 None None
You plays green 3 successfully! Board is now green 3, yellow 0, white 0, blue 1, red 0
You now has yellow 4, white 4, blue 1, yellow 3, yellow 2
MOVE: 0 1 None 1 None 3
outer hints You about all their 3 hints remaining: 1
You has yellow 4, white 4, blue 1, yellow 3, yellow 2
MOVE: 1 3 3 1 None None
You discards yellow 3
trash is now yellow 3
You now has yellow 4, white 4, blue 1, yellow 2, blue 3
MOVE: 0 0 None 1 1 None
outer hints You about all their yellow cards hints remaining: 1
You has yellow 4, white 4, blue 1, yellow 2, blue 3
MOVE: 1 2 3 1 None None
You plays yellow 2 and fails. Board was green 3, yellow 0, white 0, blue 1, red 0
You now has yellow 4, white 4, blue 1, blue 3, white 1
MOVE: 0 1 None 1 None 1
outer hints You about all their 1 hints remaining: 0
You has yellow 4, white 4, blue 1, blue 3, white 1
MOVE: 1 2 2 1 None None
You plays blue 1 and fails. Board was green 3, yellow 0, white 0, blue 1, red 0
You now has yellow 4, white 4, blue 3, white 1, blue 2
MOVE: 0 3 2 None None None
outer discards yellow 4
trash is now yellow 3, yellow 2, blue 1, yellow 4
outer now has blue 5, yellow 2, white 4, white 2, white 3
MOVE: 1 2 0 1 None None
You plays yellow 4 and fails. Board was green 3, yellow 0, white 0, blue 1, red 0
You now has white 4, blue 3, white 1, blue 2, red 5
Score 4
