Old GID: 0dd953aa8e81e0be
Treatment: ('outer', 6038)
[(1, 2), (2, 5), (0, 5), (1, 5), (1, 4), (3, 1), (2, 1), (1, 3), (0, 4), (4, 1), (4, 5), (0, 1), (3, 3), (2, 4), (0, 2), (4, 1), (4, 1), (0, 1), (1, 1), (3, 5), (4, 2), (3, 3), (2, 1), (2, 4), (4, 3), (4, 4), (0, 3), (3, 4), (2, 3), (3, 4), (1, 2), (2, 1), (3, 2), (1, 1), (4, 4), (3, 2), (2, 2), (0, 1), (0, 2), (1, 1)]
MOVE: 0 0 None 1 3 None
outer hints You about all their blue cards hints remaining: 7
You has blue 1, green 4, yellow 3, red 3, blue 1
MOVE: 1 2 4 1 None None
You plays blue 1 successfully! Board is now green 0, yellow 0, white 0, blue 1, red 0
You now has blue 1, green 4, yellow 3, red 3, yellow 2
MOVE: 0 1 None 1 None 3
outer hints You about all their 3 hints remaining: 6
You has blue 1, green 4, yellow 3, red 3, yellow 2
MOVE: 1 3 1 1 None None
You discards green 4
trash is now green 4
You now has blue 1, yellow 3, red 3, yellow 2, white 5
MOVE: 0 1 None 1 None 3
outer hints You about all their 3 hints remaining: 6
You has blue 1, yellow 3, red 3, yellow 2, white 5
MOVE: 1 3 1 1 None None
You discards yellow 3
trash is now green 4, yellow 3
You now has blue 1, red 3, yellow 2, white 5, green 5
MOVE: 0 0 None 1 2 None
outer hints You about all their white cards hints remaining: 6
You has blue 1, red 3, yellow 2, white 5, green 5
MOVE: 1 2 3 1 None None
You plays white 5 and fails. Board was green 0, yellow 0, white 0, blue 1, red 0
You now has blue 1, red 3, yellow 2, green 5, yellow 5
MOVE: 0 0 None 1 1 None
outer hints You about all their yellow cards hints remaining: 5
You has blue 1, red 3, yellow 2, green 5, yellow 5
MOVE: 1 2 4 1 None None
You plays yellow 5 and fails. Board was green 0, yellow 0, white 0, blue 1, red 0
You now has blue 1, red 3, yellow 2, green 5, yellow 4
MOVE: 0 1 None 1 None 1
outer hints You about all their 1 hints remaining: 4
You has blue 1, red 3, yellow 2, green 5, yellow 4
MOVE: 1 3 0 1 None None
You discards blue 1
trash is now green 4, yellow 3, white 5, yellow 5, blue 1
You now has red 3, yellow 2, green 5, yellow 4, blue 1
MOVE: 0 1 None 1 None 5
outer hints You about all their 5 hints remaining: 4
You has red 3, yellow 2, green 5, yellow 4, blue 1
MOVE: 1 2 1 1 None None
You plays yellow 2 and fails. Board was green 0, yellow 0, white 0, blue 1, red 0
You now has red 3, green 5, yellow 4, blue 1, white 1
Score 1
