Old GID: 836ad2b9b26bbc3f
Treatment: ('outer', 3756)
[(0, 3), (4, 1), (1, 1), (4, 3), (4, 5), (4, 4), (1, 4), (0, 1), (2, 1), (2, 4), (2, 1), (2, 3), (1, 5), (1, 1), (4, 4), (0, 3), (0, 2), (0, 4), (1, 4), (1, 2), (0, 1), (2, 3), (1, 1), (4, 2), (1, 3), (4, 3), (0, 1), (3, 3), (2, 2), (3, 1), (0, 5), (3, 3), (3, 1), (2, 1), (3, 4), (4, 1), (3, 2), (1, 3), (2, 2), (3, 4)]
MOVE: 0 0 None 1 3 None
outer hints You about all their blue cards hints remaining: 7
You has yellow 2, blue 2, blue 1, blue 5, red 2
MOVE: 1 0 None 0 4 None
You hints outer about all their red cards hints remaining: 6
outer has red 1, green 2, white 4, green 4, white 5
MOVE: 0 1 None 1 None 1
outer hints You about all their 1 hints remaining: 5
You has yellow 2, blue 2, blue 1, blue 5, red 2
MOVE: 1 1 None 0 None 1
You hints outer about all their 1 hints remaining: 4
outer has red 1, green 2, white 4, green 4, white 5
MOVE: 0 2 0 None None None
outer plays red 1 successfully! Board is now green 0, yellow 0, white 0, blue 0, red 1
outer now has green 2, white 4, green 4, white 5, green 3
MOVE: 1 2 2 1 None None
You plays blue 1 successfully! Board is now green 0, yellow 0, white 0, blue 1, red 1
You now has yellow 2, blue 2, blue 5, red 2, red 1
MOVE: 0 0 None 1 3 None
outer hints You about all their blue cards hints remaining: 3
You has yellow 2, blue 2, blue 5, red 2, red 1
MOVE: 1 2 2 1 None None
You plays blue 5 and fails. Board was green 0, yellow 0, white 0, blue 1, red 1
You now has yellow 2, blue 2, red 2, red 1, yellow 1
MOVE: 0 1 None 1 None 2
outer hints You about all their 2 hints remaining: 2
You has yellow 2, blue 2, red 2, red 1, yellow 1
MOVE: 1 2 1 1 None None
You plays blue 2 successfully! Board is now green 0, yellow 0, white 0, blue 2, red 1
You now has yellow 2, red 2, red 1, yellow 1, red 3
MOVE: 0 0 None 1 4 None
outer hints You about all their red cards hints remaining: 1
You has yellow 2, red 2, red 1, yellow 1, red 3
MOVE: 1 2 1 1 None None
You plays red 2 successfully! Board is now green 0, yellow 0, white 0, blue 2, red 2
You now has yellow 2, red 1, yellow 1, red 3, red 5
MOVE: 0 1 None 1 None 3
outer hints You about all their 3 hints remaining: 0
You has yellow 2, red 1, yellow 1, red 3, red 5
MOVE: 1 2 3 1 None None
You plays red 3 successfully! Board is now green 0, yellow 0, white 0, blue 2, red 3
You now has yellow 2, red 1, yellow 1, red 5, red 4
MOVE: 0 3 4 None None None
outer discards green 3
trash is now blue 5, green 3
outer now has green 2, white 4, green 4, white 5, yellow 4
MOVE: 1 2 1 1 None None
You plays red 1 and fails. Board was green 0, yellow 0, white 0, blue 2, red 3
You now has yellow 2, yellow 1, red 5, red 4, green 1
MOVE: 0 0 None 1 4 None
outer hints You about all their red cards hints remaining: 0
You has yellow 2, yellow 1, red 5, red 4, green 1
MOVE: 1 2 2 1 None None
You plays red 5 and fails. Board was green 0, yellow 0, white 0, blue 2, red 3
You now has yellow 2, yellow 1, red 4, green 1, white 1
Score 5
