Old GID: 98ad476e04a454c0
Treatment: ('outer', 3692)
[(0, 3), (0, 4), (0, 4), (3, 2), (1, 5), (1, 1), (1, 2), (3, 4), (3, 2), (4, 1), (2, 2), (0, 1), (3, 3), (4, 3), (3, 4), (3, 1), (0, 2), (0, 3), (1, 3), (4, 1), (3, 1), (4, 2), (2, 1), (2, 1), (4, 2), (2, 1), (4, 1), (2, 2), (1, 1), (1, 1), (2, 4), (4, 4), (2, 4), (2, 3), (2, 5), (3, 1), (1, 2), (4, 5), (3, 5), (4, 3)]
MOVE: 0 1 None 1 None 4
outer hints You about all their 4 hints remaining: 7
You has yellow 4, red 4, yellow 3, yellow 4, white 3
MOVE: 1 3 2 1 None None
You discards yellow 3
trash is now yellow 3
You now has yellow 4, red 4, yellow 4, white 3, green 3
MOVE: 0 1 None 1 None 4
outer hints You about all their 4 hints remaining: 7
You has yellow 4, red 4, yellow 4, white 3, green 3
MOVE: 1 3 0 1 None None
You discards yellow 4
trash is now yellow 3, yellow 4
You now has red 4, yellow 4, white 3, green 3, green 4
MOVE: 0 0 None 1 0 None
outer hints You about all their green cards hints remaining: 7
You has red 4, yellow 4, white 3, green 3, green 4
MOVE: 1 2 4 1 None None
You plays green 4 and fails. Board was green 0, yellow 0, white 0, blue 0, red 0
You now has red 4, yellow 4, white 3, green 3, green 4
MOVE: 0 0 None 1 2 None
outer hints You about all their white cards hints remaining: 6
You has red 4, yellow 4, white 3, green 3, green 4
MOVE: 1 0 None 0 0 None
You hints outer about all their green cards hints remaining: 5
outer has green 1, green 5, green 2, blue 3, green 1
MOVE: 0 1 None 1 None 3
outer hints You about all their 3 hints remaining: 4
You has red 4, yellow 4, white 3, green 3, green 4
MOVE: 1 1 None 0 None 1
You hints outer about all their 1 hints remaining: 3
outer has green 1, green 5, green 2, blue 3, green 1
MOVE: 0 2 0 None None None
outer plays green 1 successfully! Board is now green 1, yellow 0, white 0, blue 0, red 0
outer now has green 5, green 2, blue 3, green 1, blue 2
MOVE: 1 1 None 0 None 2
You hints outer about all their 2 hints remaining: 2
outer has green 5, green 2, blue 3, green 1, blue 2
MOVE: 0 2 1 None None None
outer plays green 2 successfully! Board is now green 2, yellow 0, white 0, blue 0, red 0
outer now has green 5, blue 3, green 1, blue 2, yellow 5
MOVE: 1 1 None 0 None 5
You hints outer about all their 5 hints remaining: 1
outer has green 5, blue 3, green 1, blue 2, yellow 5
MOVE: 0 3 2 None None None
outer discards green 1
trash is now yellow 3, yellow 4, green 4, green 1
outer now has green 5, blue 3, blue 2, yellow 5, yellow 1
MOVE: 1 0 None 0 1 None
You hints outer about all their yellow cards hints remaining: 1
outer has green 5, blue 3, blue 2, yellow 5, yellow 1
MOVE: 0 3 4 None None None
outer discards yellow 1
trash is now yellow 3, yellow 4, green 4, green 1, yellow 1
outer now has green 5, blue 3, blue 2, yellow 5, yellow 2
MOVE: 1 1 None 0 None 2
You hints outer about all their 2 hints remaining: 1
outer has green 5, blue 3, blue 2, yellow 5, yellow 2
MOVE: 0 0 None 1 4 None
outer hints You about all their red cards hints remaining: 0
You has red 4, yellow 4, white 3, green 3, green 4
MOVE: 1 2 3 1 None None
You plays green 3 successfully! Board is now green 3, yellow 0, white 0, blue 0, red 0
You now has red 4, yellow 4, white 3, green 4, blue 4
MOVE: 0 3 0 None None None
outer discards green 5
trash is now yellow 3, yellow 4, green 4, green 1, yellow 1, green 5
outer now has blue 3, blue 2, yellow 5, yellow 2, blue 2
MOVE: 1 2 1 1 None None
You plays yellow 4 and fails. Board was green 3, yellow 0, white 0, blue 0, red 0
You now has red 4, white 3, green 4, blue 4, red 1
MOVE: 0 0 None 1 0 None
outer hints You about all their green cards hints remaining: 0
You has red 4, white 3, green 4, blue 4, red 1
MOVE: 1 2 2 1 None None
You plays green 4 successfully! Board is now green 4, yellow 0, white 0, blue 0, red 0
You now has red 4, white 3, blue 4, red 1, white 2
MOVE: 0 3 0 None None None
outer discards blue 3
trash is now yellow 3, yellow 4, green 4, green 1, yellow 1, green 5, yellow 4, blue 3
outer now has blue 2, yellow 5, yellow 2, blue 2, green 1
MOVE: 1 3 2 1 None None
You discards blue 4
trash is now yellow 3, yellow 4, green 4, green 1, yellow 1, green 5, yellow 4, blue 3, blue 4
You now has red 4, white 3, red 1, white 2, blue 3
MOVE: 0 0 None 1 4 None
outer hints You about all their red cards hints remaining: 1
You has red 4, white 3, red 1, white 2, blue 3
MOVE: 1 2 2 1 None None
You plays red 1 successfully! Board is now green 4, yellow 0, white 0, blue 0, red 1
You now has red 4, white 3, white 2, blue 3, red 3
MOVE: 0 1 None 1 None 3
outer hints You about all their 3 hints remaining: 0
You has red 4, white 3, white 2, blue 3, red 3
MOVE: 1 3 2 1 None None
You discards white 2
trash is now yellow 3, yellow 4, green 4, green 1, yellow 1, green 5, yellow 4, blue 3, blue 4, white 2
You now has red 4, white 3, blue 3, red 3, blue 4
MOVE: 0 0 None 1 3 None
outer hints You about all their blue cards hints remaining: 0
You has red 4, white 3, blue 3, red 3, blue 4
MOVE: 1 2 4 1 None None
You plays blue 4 and fails. Board was green 4, yellow 0, white 0, blue 0, red 1
You now has red 4, white 3, blue 3, red 3, blue 1
Score 5
