Old GID: f174975da2dd344e
Treatment: ('intentional', 2039)
[(0, 1), (3, 4), (3, 1), (0, 1), (0, 2), (0, 3), (0, 2), (0, 4), (1, 4), (4, 4), (0, 1), (1, 2), (2, 1), (4, 1), (4, 3), (2, 1), (3, 3), (0, 3), (1, 1), (3, 5), (2, 4), (1, 4), (0, 5), (1, 5), (1, 1), (4, 3), (3, 2), (3, 3), (2, 5), (2, 2), (2, 3), (4, 5), (1, 1), (2, 2), (3, 1), (3, 1), (4, 2), (2, 3), (3, 2), (4, 4)]
MOVE: 0 1 None 1 None 1
intentional hints You about all their 1 hints remaining: 7
You has yellow 2, white 1, red 1, blue 4, green 4
MOVE: 1 0 None 0 4 None
You hints intentional about all their red cards hints remaining: 6
intentional has red 1, yellow 3, red 2, yellow 3, white 4
MOVE: 0 0 None 1 2 None
intentional hints You about all their white cards hints remaining: 5
You has yellow 2, white 1, red 1, blue 4, green 4
MOVE: 1 1 None 0 None 1
You hints intentional about all their 1 hints remaining: 4
intentional has red 1, yellow 3, red 2, yellow 3, white 4
MOVE: 0 2 0 None None None
intentional plays red 1 successfully! Board is now green 0, yellow 0, white 0, blue 0, red 1
intentional now has yellow 3, red 2, yellow 3, white 4, green 1
MOVE: 1 2 1 1 None None
You plays white 1 successfully! Board is now green 0, yellow 0, white 1, blue 0, red 1
You now has yellow 2, red 1, blue 4, green 4, blue 4
MOVE: 0 0 None 1 4 None
intentional hints You about all their red cards hints remaining: 3
You has yellow 2, red 1, blue 4, green 4, blue 4
MOVE: 1 3 1 1 None None
You discards red 1
trash is now red 1
You now has yellow 2, blue 4, green 4, blue 4, blue 1
MOVE: 0 1 None 1 None 1
intentional hints You about all their 1 hints remaining: 3
You has yellow 2, blue 4, green 4, blue 4, blue 1
MOVE: 1 1 None 0 None 1
You hints intentional about all their 1 hints remaining: 2
intentional has yellow 3, red 2, yellow 3, white 4, green 1
MOVE: 0 0 None 1 3 None
intentional hints You about all their blue cards hints remaining: 1
You has yellow 2, blue 4, green 4, blue 4, blue 1
MOVE: 1 2 4 1 None None
You plays blue 1 successfully! Board is now green 0, yellow 0, white 1, blue 1, red 1
You now has yellow 2, blue 4, green 4, blue 4, green 1
MOVE: 0 0 None 1 0 None
intentional hints You about all their green cards hints remaining: 0
You has yellow 2, blue 4, green 4, blue 4, green 1
MOVE: 1 2 4 1 None None
You plays green 1 successfully! Board is now green 1, yellow 0, white 1, blue 1, red 1
You now has yellow 2, blue 4, green 4, blue 4, green 2
MOVE: 0 3 4 None None None
intentional discards green 1
trash is now red 1, green 1
intentional now has yellow 3, red 2, yellow 3, white 4, green 3
MOVE: 1 1 None 0 None 2
You hints intentional about all their 2 hints remaining: 0
intentional has yellow 3, red 2, yellow 3, white 4, green 3
MOVE: 0 2 1 None None None
intentional plays red 2 successfully! Board is now green 1, yellow 0, white 1, blue 1, red 2
intentional now has yellow 3, yellow 3, white 4, green 3, green 2
MOVE: 1 3 3 1 None None
You discards blue 4
trash is now red 1, green 1, blue 4
You now has yellow 2, blue 4, green 4, green 2, green 4
MOVE: 0 1 None 1 None 2
intentional hints You about all their 2 hints remaining: 0
You has yellow 2, blue 4, green 4, green 2, green 4
MOVE: 1 2 3 1 None None
You plays green 2 successfully! Board is now green 2, yellow 0, white 1, blue 1, red 2
You now has yellow 2, blue 4, green 4, green 4, yellow 4
MOVE: 0 3 4 None None None
intentional discards green 2
trash is now red 1, green 1, blue 4, green 2
intentional now has yellow 3, yellow 3, white 4, green 3, red 4
MOVE: 1 0 None 0 0 None
You hints intentional about all their green cards hints remaining: 0
intentional has yellow 3, yellow 3, white 4, green 3, red 4
MOVE: 0 3 4 None None None
intentional discards red 4
trash is now red 1, green 1, blue 4, green 2, red 4
intentional now has yellow 3, yellow 3, white 4, green 3, green 1
MOVE: 1 2 0 1 None None
You plays yellow 2 and fails. Board was green 2, yellow 0, white 1, blue 1, red 2
You now has blue 4, green 4, green 4, yellow 4, yellow 2
MOVE: 0 3 4 None None None
intentional discards green 1
trash is now red 1, green 1, blue 4, green 2, red 4, yellow 2, green 1
intentional now has yellow 3, yellow 3, white 4, green 3, white 1
MOVE: 1 3 1 1 None None
You discards green 4
trash is now red 1, green 1, blue 4, green 2, red 4, yellow 2, green 1, green 4
You now has blue 4, green 4, yellow 4, yellow 2, red 1
MOVE: 0 3 4 None None None
intentional discards white 1
trash is now red 1, green 1, blue 4, green 2, red 4, yellow 2, green 1, green 4, white 1
intentional now has yellow 3, yellow 3, white 4, green 3, red 3
MOVE: 1 1 None 0 None 3
You hints intentional about all their 3 hints remaining: 3
intentional has yellow 3, yellow 3, white 4, green 3, red 3
MOVE: 0 2 3 None None None
intentional plays green 3 successfully! Board is now green 3, yellow 0, white 1, blue 1, red 2
intentional now has yellow 3, yellow 3, white 4, red 3, white 1
MOVE: 1 0 None 0 4 None
You hints intentional about all their red cards hints remaining: 2
intentional has yellow 3, yellow 3, white 4, red 3, white 1
MOVE: 0 2 3 None None None
intentional plays red 3 successfully! Board is now green 3, yellow 0, white 1, blue 1, red 3
intentional now has yellow 3, yellow 3, white 4, white 1, blue 3
MOVE: 1 2 0 1 None None
You plays blue 4 and fails. Board was green 3, yellow 0, white 1, blue 1, red 3
You now has green 4, yellow 4, yellow 2, red 1, green 3
MOVE: 0 1 None 1 None 3
intentional hints You about all their 3 hints remaining: 1
You has green 4, yellow 4, yellow 2, red 1, green 3
MOVE: 1 2 0 1 None None
You plays green 4 successfully! Board is now green 4, yellow 0, white 1, blue 1, red 3
You now has yellow 4, yellow 2, red 1, green 3, yellow 1
MOVE: 0 0 None 1 0 None
intentional hints You about all their green cards hints remaining: 0
You has yellow 4, yellow 2, red 1, green 3, yellow 1
MOVE: 1 2 0 1 None None
You plays yellow 4 and fails. Board was green 4, yellow 0, white 1, blue 1, red 3
You now has yellow 2, red 1, green 3, yellow 1, blue 5
Score 9
