Old GID: d09751f74f809825
Treatment: ('intentional', 6571)
[(4, 4), (4, 2), (0, 4), (4, 1), (3, 1), (3, 3), (0, 5), (3, 3), (0, 1), (2, 2), (1, 4), (3, 5), (4, 5), (2, 3), (4, 3), (2, 3), (4, 2), (2, 4), (0, 4), (3, 4), (0, 3), (1, 1), (2, 1), (3, 1), (1, 5), (1, 1), (4, 1), (4, 3), (0, 1), (2, 1), (2, 5), (1, 3), (1, 2), (0, 1), (1, 3), (2, 2), (4, 4), (3, 1), (0, 3), (3, 4)]
MOVE: 0 3 0 None None None
intentional discards blue 2
trash is now blue 2
intentional now has yellow 1, green 2, red 1, white 1, red 4
MOVE: 1 1 None 0 None 1
You hints intentional about all their 1 hints remaining: 7
intentional has yellow 1, green 2, red 1, white 1, red 4
MOVE: 0 2 3 None None None
intentional plays white 1 successfully! Board is now green 0, yellow 0, white 1, blue 0, red 0
intentional now has yellow 1, green 2, red 1, red 4, red 2
MOVE: 1 0 None 0 1 None
You hints intentional about all their yellow cards hints remaining: 6
intentional has yellow 1, green 2, red 1, red 4, red 2
MOVE: 0 2 0 None None None
intentional plays yellow 1 successfully! Board is now green 0, yellow 1, white 1, blue 0, red 0
intentional now has green 2, red 1, red 4, red 2, green 4
MOVE: 1 0 None 0 4 None
You hints intentional about all their red cards hints remaining: 5
intentional has green 2, red 1, red 4, red 2, green 4
MOVE: 0 2 1 None None None
intentional plays red 1 successfully! Board is now green 0, yellow 1, white 1, blue 0, red 1
intentional now has green 2, red 4, red 2, green 4, red 1
MOVE: 1 1 None 0 None 2
You hints intentional about all their 2 hints remaining: 4
intentional has green 2, red 4, red 2, green 4, red 1
MOVE: 0 2 2 None None None
intentional plays red 2 successfully! Board is now green 0, yellow 1, white 1, blue 0, red 2
intentional now has green 2, red 4, green 4, red 1, blue 1
MOVE: 1 0 None 0 3 None
You hints intentional about all their blue cards hints remaining: 3
intentional has green 2, red 4, green 4, red 1, blue 1
MOVE: 0 3 3 None None None
intentional discards red 1
trash is now blue 2, red 1
intentional now has green 2, red 4, green 4, blue 1, blue 3
MOVE: 1 1 None 0 None 1
You hints intentional about all their 1 hints remaining: 3
intentional has green 2, red 4, green 4, blue 1, blue 3
MOVE: 0 2 3 None None None
intentional plays blue 1 successfully! Board is now green 0, yellow 1, white 1, blue 1, red 2
intentional now has green 2, red 4, green 4, blue 3, green 5
MOVE: 1 3 0 1 None None
You discards white 4
trash is now blue 2, red 1, white 4
You now has yellow 4, green 2, blue 2, yellow 2, blue 3
MOVE: 0 3 4 None None None
intentional discards green 5
trash is now blue 2, red 1, white 4, green 5
intentional now has green 2, red 4, green 4, blue 3, green 1
MOVE: 1 2 4 1 None None
You plays blue 3 and fails. Board was green 0, yellow 1, white 1, blue 1, red 2
You now has yellow 4, green 2, blue 2, yellow 2, white 2
MOVE: 0 0 None 1 2 None
intentional hints You about all their white cards hints remaining: 4
You has yellow 4, green 2, blue 2, yellow 2, white 2
MOVE: 1 2 4 1 None None
You plays white 2 successfully! Board is now green 0, yellow 1, white 2, blue 1, red 2
You now has yellow 4, green 2, blue 2, yellow 2, yellow 4
MOVE: 0 0 None 1 3 None
intentional hints You about all their blue cards hints remaining: 3
You has yellow 4, green 2, blue 2, yellow 2, yellow 4
MOVE: 1 2 4 1 None None
You plays yellow 4 and fails. Board was green 0, yellow 1, white 2, blue 1, red 2
You now has yellow 4, green 2, blue 2, yellow 2, blue 5
MOVE: 0 3 0 None None None
intentional discards green 2
trash is now blue 2, red 1, white 4, green 5, blue 3, yellow 4, green 2
intentional now has red 4, green 4, blue 3, green 1, red 5
MOVE: 1 2 4 1 None None
You plays blue 5 and fails. Board was green 0, yellow 1, white 2, blue 1, red 2
You now has yellow 4, green 2, blue 2, yellow 2, white 3
Score 6
