Old GID: 14c4dd6c821c84f4
Treatment: ('outer', 3102)
[(2, 3), (2, 3), (1, 5), (4, 1), (2, 5), (4, 2), (0, 5), (1, 1), (0, 3), (0, 3), (0, 1), (3, 5), (3, 1), (4, 3), (1, 1), (2, 4), (4, 4), (0, 1), (1, 2), (4, 1), (2, 1), (3, 2), (4, 1), (0, 2), (0, 4), (1, 3), (1, 4), (3, 3), (1, 4), (3, 4), (2, 2), (2, 1), (0, 1), (4, 2), (3, 1), (3, 2), (3, 4), (0, 4), (2, 4), (2, 1)]
MOVE: 0 0 None 1 1 None
outer hints You about all their yellow cards hints remaining: 7
You has white 2, yellow 1, blue 3, green 2, yellow 2
MOVE: 1 1 None 0 None 1
You hints outer about all their 1 hints remaining: 6
outer has blue 1, red 3, red 4, red 5, yellow 3
MOVE: 0 2 0 None None None
outer plays blue 1 successfully! Board is now green 0, yellow 0, white 0, blue 1, red 0
outer now has red 3, red 4, red 5, yellow 3, white 3
MOVE: 1 2 1 1 None None
You plays yellow 1 successfully! Board is now green 0, yellow 1, white 0, blue 1, red 0
You now has white 2, blue 3, green 2, yellow 2, white 3
MOVE: 0 1 None 1 None 2
outer hints You about all their 2 hints remaining: 5
You has white 2, blue 3, green 2, yellow 2, white 3
MOVE: 1 2 3 1 None None
You plays yellow 2 successfully! Board is now green 0, yellow 2, white 0, blue 1, red 0
You now has white 2, blue 3, green 2, white 3, yellow 5
MOVE: 0 1 None 1 None 2
outer hints You about all their 2 hints remaining: 4
You has white 2, blue 3, green 2, white 3, yellow 5
MOVE: 1 0 None 0 1 None
You hints outer about all their yellow cards hints remaining: 3
outer has red 3, red 4, red 5, yellow 3, white 3
MOVE: 0 0 None 1 1 None
outer hints You about all their yellow cards hints remaining: 2
You has white 2, blue 3, green 2, white 3, yellow 5
MOVE: 1 1 None 0 None 3
You hints outer about all their 3 hints remaining: 1
outer has red 3, red 4, red 5, yellow 3, white 3
MOVE: 0 2 3 None None None
outer plays yellow 3 successfully! Board is now green 0, yellow 3, white 0, blue 1, red 0
outer now has red 3, red 4, red 5, white 3, red 1
MOVE: 1 1 None 0 None 1
You hints outer about all their 1 hints remaining: 0
outer has red 3, red 4, red 5, white 3, red 1
MOVE: 0 3 2 None None None
outer discards red 5
trash is now red 5
outer now has red 3, red 4, white 3, red 1, white 5
MOVE: 1 0 None 0 4 None
You hints outer about all their red cards hints remaining: 0
outer has red 3, red 4, white 3, red 1, white 5
MOVE: 0 2 3 None None None
outer plays red 1 successfully! Board is now green 0, yellow 3, white 0, blue 1, red 1
outer now has red 3, red 4, white 3, white 5, red 2
MOVE: 1 2 4 1 None None
You plays yellow 5 and fails. Board was green 0, yellow 3, white 0, blue 1, red 1
You now has white 2, blue 3, green 2, white 3, green 5
MOVE: 0 3 1 None None None
outer discards red 4
trash is now red 5, yellow 5, red 4
outer now has red 3, white 3, white 5, red 2, yellow 1
MOVE: 1 1 None 0 None 2
You hints outer about all their 2 hints remaining: 0
outer has red 3, white 3, white 5, red 2, yellow 1
MOVE: 0 3 3 None None None
outer discards red 2
trash is now red 5, yellow 5, red 4, red 2
outer now has red 3, white 3, white 5, yellow 1, green 3
MOVE: 1 2 0 1 None None
You plays white 2 and fails. Board was green 0, yellow 3, white 0, blue 1, red 1
You now has blue 3, green 2, white 3, green 5, green 3
MOVE: 0 1 None 1 None 3
outer hints You about all their 3 hints remaining: 0
You has blue 3, green 2, white 3, green 5, green 3
MOVE: 1 2 3 1 None None
You plays green 5 and fails. Board was green 0, yellow 3, white 0, blue 1, red 1
You now has blue 3, green 2, white 3, green 3, green 1
Score 5
