Old GID: e1f55c1530623afb
Treatment: ('outer', 8341)
[(1, 3), (3, 4), (1, 4), (2, 3), (0, 4), (0, 2), (4, 1), (0, 1), (4, 1), (4, 4), (0, 1), (2, 3), (0, 1), (3, 1), (4, 3), (2, 1), (3, 1), (3, 1), (0, 4), (0, 5), (1, 4), (0, 2), (3, 2), (2, 2), (1, 2), (1, 3), (4, 2), (3, 3), (1, 1), (0, 3), (2, 4), (4, 2), (3, 2), (4, 1), (4, 3), (4, 5), (1, 1), (2, 5), (2, 1), (1, 5)]
MOVE: 0 1 None 1 None 1
outer hints You about all their 1 hints remaining: 7
You has yellow 2, green 3, red 4, white 1, blue 3
MOVE: 1 2 3 1 None None
You plays white 1 successfully! Board is now green 0, yellow 0, white 1, blue 0, red 0
You now has yellow 2, green 3, red 4, blue 3, yellow 3
MOVE: 0 0 None 1 4 None
outer hints You about all their red cards hints remaining: 6
You has yellow 2, green 3, red 4, blue 3, yellow 3
MOVE: 1 0 None 0 1 None
You hints outer about all their yellow cards hints remaining: 5
outer has white 4, blue 4, yellow 1, white 2, blue 5
MOVE: 0 0 None 1 0 None
outer hints You about all their green cards hints remaining: 4
You has yellow 2, green 3, red 4, blue 3, yellow 3
MOVE: 1 1 None 0 None 1
You hints outer about all their 1 hints remaining: 3
outer has white 4, blue 4, yellow 1, white 2, blue 5
MOVE: 0 2 2 None None None
outer plays yellow 1 successfully! Board is now green 0, yellow 1, white 1, blue 0, red 0
outer now has white 4, blue 4, white 2, blue 5, blue 4
MOVE: 1 2 4 1 None None
You plays yellow 3 and fails. Board was green 0, yellow 1, white 1, blue 0, red 0
You now has yellow 2, green 3, red 4, blue 3, yellow 4
MOVE: 0 1 None 1 None 2
outer hints You about all their 2 hints remaining: 2
You has yellow 2, green 3, red 4, blue 3, yellow 4
MOVE: 1 2 4 1 None None
You plays yellow 4 and fails. Board was green 0, yellow 1, white 1, blue 0, red 0
You now has yellow 2, green 3, red 4, blue 3, white 3
MOVE: 0 0 None 1 1 None
outer hints You about all their yellow cards hints remaining: 1
You has yellow 2, green 3, red 4, blue 3, white 3
MOVE: 1 2 4 1 None None
You plays white 3 and fails. Board was green 0, yellow 1, white 1, blue 0, red 0
You now has yellow 2, green 3, red 4, blue 3, green 4
Score 2
