Old GID: 8624ccd649236b37
Treatment: ('outer', 6047)
[(0, 1), (3, 5), (4, 1), (1, 1), (2, 3), (2, 2), (0, 2), (1, 5), (3, 1), (1, 3), (3, 4), (1, 1), (0, 5), (0, 4), (4, 1), (3, 2), (4, 2), (1, 4), (2, 1), (1, 2), (0, 2), (2, 2), (4, 2), (1, 2), (3, 4), (2, 4), (3, 3), (4, 3), (3, 1), (4, 4), (1, 1), (2, 3), (0, 1), (3, 3), (0, 4), (2, 4), (2, 1), (0, 1), (4, 1), (1, 4)]
MOVE: 0 1 None 1 None 3
outer hints You about all their 3 hints remaining: 7
You has red 5, yellow 3, green 3, green 3, red 3
MOVE: 1 1 None 0 None 1
You hints outer about all their 1 hints remaining: 6
outer has white 5, blue 2, white 1, red 4, blue 1
MOVE: 0 2 2 None None None
outer plays white 1 successfully! Board is now green 0, yellow 0, white 1, blue 0, red 0
outer now has white 5, blue 2, red 4, blue 1, green 1
MOVE: 1 1 None 0 None 1
You hints outer about all their 1 hints remaining: 5
outer has white 5, blue 2, red 4, blue 1, green 1
MOVE: 0 1 None 1 None 5
outer hints You about all their 5 hints remaining: 4
You has red 5, yellow 3, green 3, green 3, red 3
MOVE: 1 0 None 0 3 None
You hints outer about all their blue cards hints remaining: 3
outer has white 5, blue 2, red 4, blue 1, green 1
MOVE: 0 2 3 None None None
outer plays blue 1 successfully! Board is now green 0, yellow 0, white 1, blue 1, red 0
outer now has white 5, blue 2, red 4, green 1, blue 5
MOVE: 1 1 None 0 None 5
You hints outer about all their 5 hints remaining: 2
outer has white 5, blue 2, red 4, green 1, blue 5
MOVE: 0 0 None 1 4 None
outer hints You about all their red cards hints remaining: 1
You has red 5, yellow 3, green 3, green 3, red 3
MOVE: 1 3 1 1 None None
You discards yellow 3
trash is now yellow 3
You now has red 5, green 3, green 3, red 3, red 1
MOVE: 0 1 None 1 None 1
outer hints You about all their 1 hints remaining: 1
You has red 5, green 3, green 3, red 3, red 1
MOVE: 1 2 4 1 None None
You plays red 1 successfully! Board is now green 0, yellow 0, white 1, blue 1, red 1
You now has red 5, green 3, green 3, red 3, yellow 1
MOVE: 0 0 None 1 1 None
outer hints You about all their yellow cards hints remaining: 0
You has red 5, green 3, green 3, red 3, yellow 1
MOVE: 1 2 4 1 None None
You plays yellow 1 successfully! Board is now green 0, yellow 1, white 1, blue 1, red 1
You now has red 5, green 3, green 3, red 3, white 3
MOVE: 0 3 4 None None None
outer discards blue 5
trash is now yellow 3, blue 5
outer now has white 5, blue 2, red 4, green 1, white 2
MOVE: 1 1 None 0 None 2
You hints outer about all their 2 hints remaining: 0
outer has white 5, blue 2, red 4, green 1, white 2
MOVE: 0 2 1 None None None
outer plays blue 2 successfully! Board is now green 0, yellow 1, white 1, blue 2, red 1
outer now has white 5, red 4, green 1, white 2, green 2
MOVE: 1 3 4 1 None None
You discards white 3
trash is now yellow 3, blue 5, white 3
You now has red 5, green 3, green 3, red 3, yellow 5
MOVE: 0 0 None 1 1 None
outer hints You about all their yellow cards hints remaining: 0
You has red 5, green 3, green 3, red 3, yellow 5
MOVE: 1 2 4 1 None None
You plays yellow 5 and fails. Board was green 0, yellow 1, white 1, blue 2, red 1
You now has red 5, green 3, green 3, red 3, blue 1
MOVE: 0 3 3 None None None
outer discards white 2
trash is now yellow 3, blue 5, white 3, yellow 5, white 2
outer now has white 5, red 4, green 1, green 2, yellow 3
MOVE: 1 0 None 0 0 None
You hints outer about all their green cards hints remaining: 0
outer has white 5, red 4, green 1, green 2, yellow 3
MOVE: 0 2 2 None None None
outer plays green 1 successfully! Board is now green 1, yellow 1, white 1, blue 2, red 1
outer now has white 5, red 4, green 2, yellow 3, blue 4
MOVE: 1 3 4 1 None None
You discards blue 1
trash is now yellow 3, blue 5, white 3, yellow 5, white 2, blue 1
You now has red 5, green 3, green 3, red 3, yellow 1
MOVE: 0 1 None 1 None 1
outer hints You about all their 1 hints remaining: 0
You has red 5, green 3, green 3, red 3, yellow 1
MOVE: 1 3 4 1 None None
You discards yellow 1
trash is now yellow 3, blue 5, white 3, yellow 5, white 2, blue 1, yellow 1
You now has red 5, green 3, green 3, red 3, green 5
MOVE: 0 1 None 1 None 3
outer hints You about all their 3 hints remaining: 0
You has red 5, green 3, green 3, red 3, green 5
MOVE: 1 2 2 1 None None
You plays green 3 and fails. Board was green 1, yellow 1, white 1, blue 2, red 1
You now has red 5, green 3, red 3, green 5, green 4
MOVE: 0 3 3 None None None
outer discards yellow 3
trash is now yellow 3, blue 5, white 3, yellow 5, white 2, blue 1, yellow 1, green 3, yellow 3
outer now has white 5, red 4, green 2, blue 4, red 1
MOVE: 1 1 None 0 None 1
You hints outer about all their 1 hints remaining: 0
outer has white 5, red 4, green 2, blue 4, red 1
MOVE: 0 3 4 None None None
outer discards red 1
trash is now yellow 3, blue 5, white 3, yellow 5, white 2, blue 1, yellow 1, green 3, yellow 3, red 1
outer now has white 5, red 4, green 2, blue 4, blue 2
MOVE: 1 2 1 1 None None
You plays green 3 and fails. Board was green 1, yellow 1, white 1, blue 2, red 1
You now has red 5, red 3, green 5, green 4, red 2
Score 6
