Old GID: a0d790083e412853
Treatment: ('intentional', 851)
[(3, 1), (0, 4), (1, 2), (2, 2), (4, 3), (4, 1), (4, 2), (0, 3), (2, 4), (3, 1), (4, 3), (0, 1), (2, 2), (1, 1), (2, 1), (4, 5), (1, 1), (1, 3), (0, 2), (3, 5), (4, 1), (2, 3), (2, 1), (1, 3), (3, 2), (2, 3), (4, 2), (1, 4), (0, 1), (3, 4), (3, 1), (0, 1), (0, 4), (0, 5), (3, 4), (2, 5), (1, 5), (2, 1), (3, 2), (2, 4)]
MOVE: 0 1 None 1 None 1
intentional hints You about all their 1 hints remaining: 7
You has green 3, yellow 1, yellow 4, green 2, red 4
MOVE: 1 1 None 0 None 1
You hints intentional about all their 1 hints remaining: 6
intentional has yellow 2, red 4, blue 3, blue 3, red 1
MOVE: 0 2 4 None None None
intentional plays red 1 successfully! Board is now green 0, yellow 0, white 0, blue 0, red 1
intentional now has yellow 2, red 4, blue 3, blue 3, blue 1
MOVE: 1 2 1 1 None None
You plays yellow 1 successfully! Board is now green 0, yellow 1, white 0, blue 0, red 1
You now has green 3, yellow 4, green 2, red 4, green 4
MOVE: 0 3 4 None None None
intentional discards blue 1
trash is now blue 1
intentional now has yellow 2, red 4, blue 3, blue 3, yellow 2
MOVE: 1 1 None 0 None 2
You hints intentional about all their 2 hints remaining: 6
intentional has yellow 2, red 4, blue 3, blue 3, yellow 2
MOVE: 0 3 1 None None None
intentional discards red 4
trash is now blue 1, red 4
intentional now has yellow 2, blue 3, blue 3, yellow 2, white 2
MOVE: 1 0 None 0 1 None
You hints intentional about all their yellow cards hints remaining: 6
intentional has yellow 2, blue 3, blue 3, yellow 2, white 2
MOVE: 0 2 3 None None None
intentional plays yellow 2 successfully! Board is now green 0, yellow 2, white 0, blue 0, red 1
intentional now has yellow 2, blue 3, blue 3, white 2, red 3
MOVE: 1 2 4 1 None None
You plays green 4 and fails. Board was green 0, yellow 2, white 0, blue 0, red 1
You now has green 3, yellow 4, green 2, red 4, red 1
MOVE: 0 3 0 None None None
intentional discards yellow 2
trash is now blue 1, red 4, green 4, yellow 2
intentional now has blue 3, blue 3, white 2, red 3, red 2
MOVE: 1 2 4 1 None None
You plays red 1 and fails. Board was green 0, yellow 2, white 0, blue 0, red 1
You now has green 3, yellow 4, green 2, red 4, green 3
MOVE: 0 3 3 None None None
intentional discards red 3
trash is now blue 1, red 4, green 4, yellow 2, red 1, red 3
intentional now has blue 3, blue 3, white 2, red 2, white 4
MOVE: 1 2 4 1 None None
You plays green 3 and fails. Board was green 0, yellow 2, white 0, blue 0, red 1
You now has green 3, yellow 4, green 2, red 4, blue 1
Score 3
