Old GID: 47c40bef64151379
Treatment: ('outer', 5732)
[(1, 3), (2, 5), (4, 1), (0, 1), (4, 3), (4, 2), (2, 1), (1, 4), (4, 1), (2, 2), (3, 1), (3, 1), (3, 4), (2, 3), (1, 1), (3, 3), (2, 3), (1, 2), (2, 1), (4, 2), (3, 4), (1, 3), (3, 2), (1, 2), (0, 4), (1, 1), (3, 3), (0, 1), (0, 4), (1, 1), (2, 4), (0, 5), (4, 5), (0, 1), (1, 5), (4, 3), (2, 2), (0, 2), (0, 3), (0, 2)]
MOVE: 0 1 None 1 None 1
outer hints You about all their 1 hints remaining: 7
You has yellow 4, white 1, blue 1, white 4, red 4
MOVE: 1 2 1 1 None None
You plays white 1 successfully! Board is now green 0, yellow 0, white 1, blue 0, red 0
You now has yellow 4, blue 1, white 4, red 4, yellow 3
MOVE: 0 1 None 1 None 1
outer hints You about all their 1 hints remaining: 6
You has yellow 4, blue 1, white 4, red 4, yellow 3
MOVE: 1 2 1 1 None None
You plays blue 1 successfully! Board is now green 0, yellow 0, white 1, blue 1, red 0
You now has yellow 4, white 4, red 4, yellow 3, white 5
MOVE: 0 1 None 1 None 4
outer hints You about all their 4 hints remaining: 5
You has yellow 4, white 4, red 4, yellow 3, white 5
MOVE: 1 1 None 0 None 1
You hints outer about all their 1 hints remaining: 4
outer has green 3, blue 5, red 4, red 1, blue 2
MOVE: 0 1 None 1 None 4
outer hints You about all their 4 hints remaining: 3
You has yellow 4, white 4, red 4, yellow 3, white 5
MOVE: 1 0 None 0 4 None
You hints outer about all their red cards hints remaining: 2
outer has green 3, blue 5, red 4, red 1, blue 2
MOVE: 0 2 3 None None None
outer plays red 1 successfully! Board is now green 0, yellow 0, white 1, blue 1, red 1
outer now has green 3, blue 5, red 4, blue 2, red 1
MOVE: 1 0 None 0 3 None
You hints outer about all their blue cards hints remaining: 1
outer has green 3, blue 5, red 4, blue 2, red 1
MOVE: 0 0 None 1 2 None
outer hints You about all their white cards hints remaining: 0
You has yellow 4, white 4, red 4, yellow 3, white 5
MOVE: 1 3 2 1 None None
You discards red 4
trash is now red 4
You now has yellow 4, white 4, yellow 3, white 5, green 1
MOVE: 0 1 None 1 None 1
outer hints You about all their 1 hints remaining: 0
You has yellow 4, white 4, yellow 3, white 5, green 1
MOVE: 1 2 4 1 None None
You plays green 1 successfully! Board is now green 1, yellow 0, white 1, blue 1, red 1
You now has yellow 4, white 4, yellow 3, white 5, red 3
MOVE: 0 3 3 None None None
outer discards blue 2
trash is now red 4, blue 2
outer now has green 3, blue 5, red 4, red 1, red 2
MOVE: 1 2 3 1 None None
You plays white 5 and fails. Board was green 1, yellow 0, white 1, blue 1, red 1
You now has yellow 4, white 4, yellow 3, red 3, white 1
MOVE: 0 0 None 1 2 None
outer hints You about all their white cards hints remaining: 0
You has yellow 4, white 4, yellow 3, red 3, white 1
MOVE: 1 2 4 1 None None
You plays white 1 and fails. Board was green 1, yellow 0, white 1, blue 1, red 1
You now has yellow 4, white 4, yellow 3, red 3, yellow 4
MOVE: 0 3 1 None None None
outer discards blue 5
trash is now red 4, blue 2, white 5, white 1, blue 5
outer now has green 3, red 4, red 1, red 2, red 1
MOVE: 1 3 0 1 None None
You discards yellow 4
trash is now red 4, blue 2, white 5, white 1, blue 5, yellow 4
You now has white 4, yellow 3, red 3, yellow 4, white 2
MOVE: 0 0 None 1 2 None
outer hints You about all their white cards hints remaining: 1
You has white 4, yellow 3, red 3, yellow 4, white 2
MOVE: 1 2 4 1 None None
You plays white 2 successfully! Board is now green 1, yellow 0, white 2, blue 1, red 1
You now has white 4, yellow 3, red 3, yellow 4, blue 1
MOVE: 0 1 None 1 None 1
outer hints You about all their 1 hints remaining: 0
You has white 4, yellow 3, red 3, yellow 4, blue 1
MOVE: 1 2 4 1 None None
You plays blue 1 and fails. Board was green 1, yellow 0, white 2, blue 1, red 1
You now has white 4, yellow 3, red 3, yellow 4, blue 1
Score 5
