Old GID: e840999b9804a61f
Treatment: ('outer', 5365)
[(1, 4), (0, 3), (2, 5), (2, 1), (3, 4), (0, 2), (4, 1), (3, 4), (0, 4), (1, 2), (1, 5), (0, 4), (3, 2), (1, 1), (4, 2), (0, 2), (4, 3), (2, 4), (3, 1), (0, 5), (0, 1), (0, 1), (2, 4), (1, 1), (0, 3), (0, 1), (2, 3), (4, 3), (4, 4), (4, 5), (3, 5), (3, 3), (3, 2), (2, 1), (3, 3), (4, 2), (4, 4), (2, 2), (1, 1), (1, 2)]
MOVE: 0 1 None 1 None 1
outer hints You about all their 1 hints remaining: 7
You has red 1, white 2, white 3, yellow 3, blue 1
MOVE: 1 1 None 0 None 1
You hints outer about all their 1 hints remaining: 6
outer has yellow 3, blue 1, white 1, red 1, yellow 4
MOVE: 0 2 1 None None None
outer plays blue 1 successfully! Board is now green 0, yellow 0, white 0, blue 1, red 0
outer now has yellow 3, white 1, red 1, yellow 4, yellow 4
MOVE: 1 2 0 1 None None
You plays red 1 successfully! Board is now green 0, yellow 0, white 0, blue 1, red 1
You now has white 2, white 3, yellow 3, blue 1, green 3
MOVE: 0 0 None 1 3 None
outer hints You about all their blue cards hints remaining: 5
You has white 2, white 3, yellow 3, blue 1, green 3
MOVE: 1 0 None 0 2 None
You hints outer about all their white cards hints remaining: 4
outer has yellow 3, white 1, red 1, yellow 4, yellow 4
MOVE: 0 2 1 None None None
outer plays white 1 successfully! Board is now green 0, yellow 0, white 1, blue 1, red 1
outer now has yellow 3, red 1, yellow 4, yellow 4, white 5
MOVE: 1 3 3 1 None None
You discards blue 1
trash is now blue 1
You now has white 2, white 3, yellow 3, green 3, white 1
MOVE: 0 1 None 1 None 2
outer hints You about all their 2 hints remaining: 4
You has white 2, white 3, yellow 3, green 3, white 1
MOVE: 1 2 0 1 None None
You plays white 2 successfully! Board is now green 0, yellow 0, white 2, blue 1, red 1
You now has white 3, yellow 3, green 3, white 1, blue 4
MOVE: 0 1 None 1 None 3
outer hints You about all their 3 hints remaining: 3
You has white 3, yellow 3, green 3, white 1, blue 4
MOVE: 1 0 None 0 4 None
You hints outer about all their red cards hints remaining: 2
outer has yellow 3, red 1, yellow 4, yellow 4, white 5
MOVE: 0 3 1 None None None
outer discards red 1
trash is now blue 1, red 1
outer now has yellow 3, yellow 4, yellow 4, white 5, green 2
MOVE: 1 1 None 0 None 5
You hints outer about all their 5 hints remaining: 2
outer has yellow 3, yellow 4, yellow 4, white 5, green 2
MOVE: 0 0 None 1 2 None
outer hints You about all their white cards hints remaining: 1
You has white 3, yellow 3, green 3, white 1, blue 4
MOVE: 1 2 0 1 None None
You plays white 3 successfully! Board is now green 0, yellow 0, white 3, blue 1, red 1
You now has yellow 3, green 3, white 1, blue 4, red 1
MOVE: 0 0 None 1 0 None
outer hints You about all their green cards hints remaining: 0
You has yellow 3, green 3, white 1, blue 4, red 1
MOVE: 1 3 3 1 None None
You discards blue 4
trash is now blue 1, red 1, blue 4
You now has yellow 3, green 3, white 1, red 1, blue 4
MOVE: 0 1 None 1 None 1
outer hints You about all their 1 hints remaining: 0
You has yellow 3, green 3, white 1, red 1, blue 4
MOVE: 1 2 3 1 None None
You plays red 1 and fails. Board was green 0, yellow 0, white 3, blue 1, red 1
You now has yellow 3, green 3, white 1, blue 4, green 4
MOVE: 0 3 1 None None None
outer discards yellow 4
trash is now blue 1, red 1, blue 4, red 1, yellow 4
outer now has yellow 3, yellow 4, white 5, green 2, yellow 2
MOVE: 1 3 2 1 None None
You discards white 1
trash is now blue 1, red 1, blue 4, red 1, yellow 4, white 1
You now has yellow 3, green 3, blue 4, green 4, yellow 5
MOVE: 0 0 None 1 3 None
outer hints You about all their blue cards hints remaining: 1
You has yellow 3, green 3, blue 4, green 4, yellow 5
MOVE: 1 2 2 1 None None
You plays blue 4 and fails. Board was green 0, yellow 0, white 3, blue 1, red 1
You now has yellow 3, green 3, green 4, yellow 5, green 4
MOVE: 0 1 None 1 None 5
outer hints You about all their 5 hints remaining: 0
You has yellow 3, green 3, green 4, yellow 5, green 4
MOVE: 1 3 2 1 None None
You discards green 4
trash is now blue 1, red 1, blue 4, red 1, yellow 4, white 1, blue 4, green 4
You now has yellow 3, green 3, yellow 5, green 4, blue 2
MOVE: 0 0 None 1 3 None
outer hints You about all their blue cards hints remaining: 0
You has yellow 3, green 3, yellow 5, green 4, blue 2
MOVE: 1 2 4 1 None None
You plays blue 2 successfully! Board is now green 0, yellow 0, white 3, blue 2, red 1
You now has yellow 3, green 3, yellow 5, green 4, yellow 1
MOVE: 0 3 2 None None None
outer discards white 5
trash is now blue 1, red 1, blue 4, red 1, yellow 4, white 1, blue 4, green 4, white 5
outer now has yellow 3, yellow 4, green 2, yellow 2, red 2
MOVE: 1 3 2 1 None None
You discards yellow 5
trash is now blue 1, red 1, blue 4, red 1, yellow 4, white 1, blue 4, green 4, white 5, yellow 5
You now has yellow 3, green 3, green 4, yellow 1, green 2
MOVE: 0 0 None 1 1 None
outer hints You about all their yellow cards hints remaining: 1
You has yellow 3, green 3, green 4, yellow 1, green 2
MOVE: 1 2 4 1 None None
You plays green 2 and fails. Board was green 0, yellow 0, white 3, blue 2, red 1
You now has yellow 3, green 3, green 4, yellow 1, red 3
Score 6
