Old GID: ef247456dcb981d9
Treatment: ('outer', 1822)
[(2, 1), (1, 5), (0, 1), (4, 1), (2, 3), (0, 3), (3, 3), (3, 1), (3, 3), (4, 1), (1, 2), (2, 2), (0, 4), (2, 5), (2, 2), (2, 4), (2, 1), (3, 2), (4, 3), (4, 2), (0, 2), (3, 1), (4, 2), (3, 4), (4, 5), (1, 4), (3, 4), (4, 4), (0, 1), (4, 3), (2, 4), (0, 4), (0, 1), (1, 3), (1, 3), (0, 5), (0, 2), (1, 1), (1, 4), (3, 5)]
MOVE: 0 0 None 1 1 None
outer hints You about all their yellow cards hints remaining: 7
You has yellow 1, red 4, white 3, white 1, blue 1
MOVE: 1 1 None 0 None 1
You hints outer about all their 1 hints remaining: 6
outer has red 1, blue 2, yellow 2, yellow 1, green 3
MOVE: 0 2 0 None None None
outer plays red 1 successfully! Board is now green 0, yellow 0, white 0, blue 0, red 1
outer now has blue 2, yellow 2, yellow 1, green 3, white 1
MOVE: 1 2 0 1 None None
You plays yellow 1 successfully! Board is now green 0, yellow 1, white 0, blue 0, red 1
You now has red 4, white 3, white 1, blue 1, yellow 5
MOVE: 0 0 None 1 2 None
outer hints You about all their white cards hints remaining: 5
You has red 4, white 3, white 1, blue 1, yellow 5
MOVE: 1 0 None 0 2 None
You hints outer about all their white cards hints remaining: 4
outer has blue 2, yellow 2, yellow 1, green 3, white 1
MOVE: 0 1 None 1 None 1
outer hints You about all their 1 hints remaining: 3
You has red 4, white 3, white 1, blue 1, yellow 5
MOVE: 1 1 None 0 None 1
You hints outer about all their 1 hints remaining: 2
outer has blue 2, yellow 2, yellow 1, green 3, white 1
MOVE: 0 2 4 None None None
outer plays white 1 successfully! Board is now green 0, yellow 1, white 1, blue 0, red 1
outer now has blue 2, yellow 2, yellow 1, green 3, green 1
MOVE: 1 0 None 0 0 None
You hints outer about all their green cards hints remaining: 1
outer has blue 2, yellow 2, yellow 1, green 3, green 1
MOVE: 0 1 None 1 None 1
outer hints You about all their 1 hints remaining: 0
You has red 4, white 3, white 1, blue 1, yellow 5
MOVE: 1 3 2 1 None None
You discards white 1
trash is now white 1
You now has red 4, white 3, blue 1, yellow 5, red 1
MOVE: 0 0 None 1 3 None
outer hints You about all their blue cards hints remaining: 0
You has red 4, white 3, blue 1, yellow 5, red 1
MOVE: 1 2 2 1 None None
You plays blue 1 successfully! Board is now green 0, yellow 1, white 1, blue 1, red 1
You now has red 4, white 3, yellow 5, red 1, white 3
MOVE: 0 3 2 None None None
outer discards yellow 1
trash is now white 1, yellow 1
outer now has blue 2, yellow 2, green 3, green 1, green 3
MOVE: 1 1 None 0 None 1
You hints outer about all their 1 hints remaining: 0
outer has blue 2, yellow 2, green 3, green 1, green 3
MOVE: 0 2 3 None None None
outer plays green 1 successfully! Board is now green 1, yellow 1, white 1, blue 1, red 1
outer now has blue 2, yellow 2, green 3, green 3, blue 3
MOVE: 1 3 0 1 None None
You discards red 4
trash is now white 1, yellow 1, red 4
You now has white 3, yellow 5, red 1, white 3, blue 1
MOVE: 0 1 None 1 None 1
outer hints You about all their 1 hints remaining: 0
You has white 3, yellow 5, red 1, white 3, blue 1
MOVE: 1 3 2 1 None None
You discards red 1
trash is now white 1, yellow 1, red 4, red 1
You now has white 3, yellow 5, white 3, blue 1, blue 3
MOVE: 0 1 None 1 None 5
outer hints You about all their 5 hints remaining: 0
You has white 3, yellow 5, white 3, blue 1, blue 3
MOVE: 1 3 3 1 None None
You discards blue 1
trash is now white 1, yellow 1, red 4, red 1, blue 1
You now has white 3, yellow 5, white 3, blue 3, red 1
MOVE: 0 0 None 1 2 None
outer hints You about all their white cards hints remaining: 0
You has white 3, yellow 5, white 3, blue 3, red 1
MOVE: 1 3 0 1 None None
You discards white 3
trash is now white 1, yellow 1, red 4, red 1, blue 1, white 3
You now has yellow 5, white 3, blue 3, red 1, yellow 2
MOVE: 0 0 None 1 1 None
outer hints You about all their yellow cards hints remaining: 0
You has yellow 5, white 3, blue 3, red 1, yellow 2
MOVE: 1 2 4 1 None None
You plays yellow 2 successfully! Board is now green 1, yellow 2, white 1, blue 1, red 1
You now has yellow 5, white 3, blue 3, red 1, white 2
MOVE: 0 3 1 None None None
outer discards yellow 2
trash is now white 1, yellow 1, red 4, red 1, blue 1, white 3, yellow 2
outer now has blue 2, green 3, green 3, blue 3, green 4
MOVE: 1 0 None 0 3 None
You hints outer about all their blue cards hints remaining: 0
outer has blue 2, green 3, green 3, blue 3, green 4
MOVE: 0 3 2 None None None
outer discards green 3
trash is now white 1, yellow 1, red 4, red 1, blue 1, white 3, yellow 2, green 3
outer now has blue 2, green 3, blue 3, green 4, white 5
MOVE: 1 1 None 0 None 2
You hints outer about all their 2 hints remaining: 0
outer has blue 2, green 3, blue 3, green 4, white 5
MOVE: 0 2 0 None None None
outer plays blue 2 successfully! Board is now green 1, yellow 2, white 1, blue 2, red 1
outer now has green 3, blue 3, green 4, white 5, white 2
MOVE: 1 3 1 1 None None
You discards white 3
trash is now white 1, yellow 1, red 4, red 1, blue 1, white 3, yellow 2, green 3, white 3
You now has yellow 5, blue 3, red 1, white 2, white 4
MOVE: 0 1 None 1 None 3
outer hints You about all their 3 hints remaining: 0
You has yellow 5, blue 3, red 1, white 2, white 4
MOVE: 1 2 1 1 None None
You plays blue 3 successfully! Board is now green 1, yellow 2, white 1, blue 3, red 1
You now has yellow 5, red 1, white 2, white 4, white 1
MOVE: 0 3 1 None None None
outer discards blue 3
trash is now white 1, yellow 1, red 4, red 1, blue 1, white 3, yellow 2, green 3, white 3, blue 3
outer now has green 3, green 4, white 5, white 2, blue 2
MOVE: 1 2 4 1 None None
You plays white 1 and fails. Board was green 1, yellow 2, white 1, blue 3, red 1
You now has yellow 5, red 1, white 2, white 4, red 3
MOVE: 0 0 None 1 2 None
outer hints You about all their white cards hints remaining: 0
You has yellow 5, red 1, white 2, white 4, red 3
MOVE: 1 2 3 1 None None
You plays white 4 and fails. Board was green 1, yellow 2, white 1, blue 3, red 1
You now has yellow 5, red 1, white 2, red 3, red 2
MOVE: 0 3 2 None None None
outer discards white 5
trash is now white 1, yellow 1, red 4, red 1, blue 1, white 3, yellow 2, green 3, white 3, blue 3, white 1, white 4, white 5
outer now has green 3, green 4, white 2, blue 2, green 2
MOVE: 1 2 2 1 None None
You plays white 2 successfully! Board is now green 1, yellow 2, white 2, blue 3, red 1
You now has yellow 5, red 1, red 3, red 2, blue 1
MOVE: 0 0 None 1 4 None
outer hints You about all their red cards hints remaining: 0
You has yellow 5, red 1, red 3, red 2, blue 1
MOVE: 1 2 2 1 None None
You plays red 3 and fails. Board was green 1, yellow 2, white 2, blue 3, red 1
You now has yellow 5, red 1, red 2, blue 1, red 2
Score 9
