Old GID: fcb0678812970909
Treatment: ('outer', 312)
[(1, 5), (1, 1), (1, 3), (2, 5), (2, 1), (0, 1), (1, 1), (1, 2), (4, 1), (3, 4), (4, 4), (0, 5), (0, 4), (3, 2), (0, 2), (4, 3), (4, 2), (4, 1), (3, 2), (3, 3), (2, 2), (4, 3), (2, 2), (3, 4), (2, 3), (3, 3), (3, 1), (1, 1), (0, 3), (1, 2), (2, 4), (4, 1), (1, 4), (3, 1), (0, 4), (4, 2), (0, 3), (0, 1), (4, 5), (3, 1)]
MOVE: 0 0 None 1 2 None
outer hints You about all their white cards hints remaining: 7
You has red 4, blue 5, white 4, white 3, white 1
MOVE: 1 1 None 0 None 1
You hints outer about all their 1 hints remaining: 6
outer has green 1, green 2, white 1, yellow 3, yellow 4
MOVE: 0 2 0 None None None
outer plays green 1 successfully! Board is now green 1, yellow 0, white 0, blue 0, red 0
outer now has green 2, white 1, yellow 3, yellow 4, yellow 5
MOVE: 1 1 None 0 None 2
You hints outer about all their 2 hints remaining: 5
outer has green 2, white 1, yellow 3, yellow 4, yellow 5
MOVE: 0 1 None 1 None 1
outer hints You about all their 1 hints remaining: 4
You has red 4, blue 5, white 4, white 3, white 1
MOVE: 1 1 None 0 None 1
You hints outer about all their 1 hints remaining: 3
outer has green 2, white 1, yellow 3, yellow 4, yellow 5
MOVE: 0 0 None 1 2 None
outer hints You about all their white cards hints remaining: 2
You has red 4, blue 5, white 4, white 3, white 1
MOVE: 1 0 None 0 2 None
You hints outer about all their white cards hints remaining: 1
outer has green 2, white 1, yellow 3, yellow 4, yellow 5
MOVE: 0 2 1 None None None
outer plays white 1 successfully! Board is now green 1, yellow 0, white 1, blue 0, red 0
outer now has green 2, yellow 3, yellow 4, yellow 5, yellow 1
MOVE: 1 1 None 0 None 1
You hints outer about all their 1 hints remaining: 0
outer has green 2, yellow 3, yellow 4, yellow 5, yellow 1
MOVE: 0 3 0 None None None
outer discards green 2
trash is now green 2
outer now has yellow 3, yellow 4, yellow 5, yellow 1, yellow 3
MOVE: 1 0 None 0 1 None
You hints outer about all their yellow cards hints remaining: 0
outer has yellow 3, yellow 4, yellow 5, yellow 1, yellow 3
MOVE: 0 2 3 None None None
outer plays yellow 1 successfully! Board is now green 1, yellow 1, white 1, blue 0, red 0
outer now has yellow 3, yellow 4, yellow 5, yellow 3, white 5
MOVE: 1 3 4 1 None None
You discards white 1
trash is now green 2, white 1
You now has red 4, blue 5, white 4, white 3, white 1
MOVE: 0 1 None 1 None 4
outer hints You about all their 4 hints remaining: 0
You has red 4, blue 5, white 4, white 3, white 1
MOVE: 1 3 1 1 None None
You discards blue 5
trash is now green 2, white 1, blue 5
You now has red 4, white 4, white 3, white 1, green 1
MOVE: 0 1 None 1 None 1
outer hints You about all their 1 hints remaining: 0
You has red 4, white 4, white 3, white 1, green 1
MOVE: 1 2 3 1 None None
You plays white 1 and fails. Board was green 1, yellow 1, white 1, blue 0, red 0
You now has red 4, white 4, white 3, green 1, yellow 1
MOVE: 0 3 2 None None None
outer discards yellow 5
trash is now green 2, white 1, blue 5, white 1, yellow 5
outer now has yellow 3, yellow 4, yellow 3, white 5, yellow 2
MOVE: 1 1 None 0 None 2
You hints outer about all their 2 hints remaining: 0
outer has yellow 3, yellow 4, yellow 3, white 5, yellow 2
MOVE: 0 3 2 None None None
outer discards yellow 3
trash is now green 2, white 1, blue 5, white 1, yellow 5, yellow 3
outer now has yellow 3, yellow 4, white 5, yellow 2, red 1
MOVE: 1 0 None 0 1 None
You hints outer about all their yellow cards hints remaining: 0
outer has yellow 3, yellow 4, white 5, yellow 2, red 1
MOVE: 0 2 3 None None None
outer plays yellow 2 successfully! Board is now green 1, yellow 2, white 1, blue 0, red 0
outer now has yellow 3, yellow 4, white 5, red 1, blue 4
MOVE: 1 2 3 1 None None
You plays green 1 and fails. Board was green 1, yellow 2, white 1, blue 0, red 0
You now has red 4, white 4, white 3, yellow 1, red 4
MOVE: 0 3 0 None None None
outer discards yellow 3
trash is now green 2, white 1, blue 5, white 1, yellow 5, yellow 3, green 1, yellow 3
outer now has yellow 4, white 5, red 1, blue 4, green 5
MOVE: 1 1 None 0 None 1
You hints outer about all their 1 hints remaining: 0
outer has yellow 4, white 5, red 1, blue 4, green 5
MOVE: 0 3 0 None None None
outer discards yellow 4
trash is now green 2, white 1, blue 5, white 1, yellow 5, yellow 3, green 1, yellow 3, yellow 4
outer now has white 5, red 1, blue 4, green 5, green 4
MOVE: 1 0 None 0 4 None
You hints outer about all their red cards hints remaining: 0
outer has white 5, red 1, blue 4, green 5, green 4
MOVE: 0 2 1 None None None
outer plays red 1 successfully! Board is now green 1, yellow 2, white 1, blue 0, red 1
outer now has white 5, blue 4, green 5, green 4, blue 2
MOVE: 1 3 3 1 None None
You discards yellow 1
trash is now green 2, white 1, blue 5, white 1, yellow 5, yellow 3, green 1, yellow 3, yellow 4, yellow 1
You now has red 4, white 4, white 3, red 4, green 2
MOVE: 0 0 None 1 0 None
outer hints You about all their green cards hints remaining: 0
You has red 4, white 4, white 3, red 4, green 2
MOVE: 1 2 4 1 None None
You plays green 2 successfully! Board is now green 2, yellow 2, white 1, blue 0, red 1
You now has red 4, white 4, white 3, red 4, red 3
MOVE: 0 3 1 None None None
outer discards blue 4
trash is now green 2, white 1, blue 5, white 1, yellow 5, yellow 3, green 1, yellow 3, yellow 4, yellow 1, blue 4
outer now has white 5, green 5, green 4, blue 2, red 2
MOVE: 1 1 None 0 None 2
You hints outer about all their 2 hints remaining: 0
outer has white 5, green 5, green 4, blue 2, red 2
MOVE: 0 3 3 None None None
outer discards blue 2
trash is now green 2, white 1, blue 5, white 1, yellow 5, yellow 3, green 1, yellow 3, yellow 4, yellow 1, blue 4, blue 2
outer now has white 5, green 5, green 4, red 2, red 1
MOVE: 1 0 None 0 4 None
You hints outer about all their red cards hints remaining: 0
outer has white 5, green 5, green 4, red 2, red 1
MOVE: 0 2 3 None None None
outer plays red 2 successfully! Board is now green 2, yellow 2, white 1, blue 0, red 2
outer now has white 5, green 5, green 4, red 1, blue 2
MOVE: 1 2 2 1 None None
You plays white 3 and fails. Board was green 2, yellow 2, white 1, blue 0, red 2
You now has red 4, white 4, red 4, red 3, blue 3
Score 7
