Old GID: 02f3ba7d5c00dc61
Treatment: ('intentional', 8658)
[(2, 4), (2, 1), (1, 3), (3, 5), (2, 1), (0, 3), (3, 3), (0, 5), (1, 1), (4, 1), (4, 5), (3, 4), (0, 1), (4, 2), (4, 1), (0, 3), (2, 1), (2, 4), (4, 1), (4, 3), (3, 3), (3, 1), (2, 2), (3, 2), (4, 4), (2, 3), (4, 3), (0, 1), (1, 2), (3, 4), (1, 1), (1, 5), (0, 2), (1, 1), (3, 1), (1, 4), (4, 2), (0, 2), (1, 3), (0, 4)]
MOVE: 0 0 None 1 0 None
intentional hints You about all their green cards hints remaining: 7
You has white 3, red 4, yellow 4, green 1, blue 2
MOVE: 1 2 3 1 None None
You plays green 1 successfully! Board is now green 1, yellow 0, white 0, blue 0, red 0
You now has white 3, red 4, yellow 4, blue 2, white 4
MOVE: 0 3 0 None None None
intentional discards blue 1
trash is now blue 1
intentional now has white 2, green 4, white 5, yellow 2, white 1
MOVE: 1 1 None 0 None 1
You hints intentional about all their 1 hints remaining: 7
intentional has white 2, green 4, white 5, yellow 2, white 1
MOVE: 0 3 0 None None None
intentional discards white 2
trash is now blue 1, white 2
intentional now has green 4, white 5, yellow 2, white 1, yellow 3
MOVE: 1 0 None 0 2 None
You hints intentional about all their white cards hints remaining: 7
intentional has green 4, white 5, yellow 2, white 1, yellow 3
MOVE: 0 2 3 None None None
intentional plays white 1 successfully! Board is now green 1, yellow 0, white 1, blue 0, red 0
intentional now has green 4, white 5, yellow 2, yellow 3, blue 5
MOVE: 1 1 None 0 None 5
You hints intentional about all their 5 hints remaining: 6
intentional has green 4, white 5, yellow 2, yellow 3, blue 5
MOVE: 0 3 0 None None None
intentional discards green 4
trash is now blue 1, white 2, green 4
intentional now has white 5, yellow 2, yellow 3, blue 5, white 1
MOVE: 1 3 0 1 None None
You discards white 3
trash is now blue 1, white 2, green 4, white 3
You now has red 4, yellow 4, blue 2, white 4, green 3
MOVE: 0 3 1 None None None
intentional discards yellow 2
trash is now blue 1, white 2, green 4, white 3, yellow 2
intentional now has white 5, yellow 3, blue 5, white 1, blue 3
MOVE: 1 3 0 1 None None
You discards red 4
trash is now blue 1, white 2, green 4, white 3, yellow 2, red 4
You now has yellow 4, blue 2, white 4, green 3, green 5
MOVE: 0 3 1 None None None
intentional discards yellow 3
trash is now blue 1, white 2, green 4, white 3, yellow 2, red 4, yellow 3
intentional now has white 5, blue 5, white 1, blue 3, yellow 1
MOVE: 1 3 0 1 None None
You discards yellow 4
trash is now blue 1, white 2, green 4, white 3, yellow 2, red 4, yellow 3, yellow 4
You now has blue 2, white 4, green 3, green 5, red 1
MOVE: 0 0 None 1 4 None
intentional hints You about all their red cards hints remaining: 7
You has blue 2, white 4, green 3, green 5, red 1
MOVE: 1 2 0 1 None None
You plays blue 2 and fails. Board was green 1, yellow 0, white 1, blue 0, red 0
You now has white 4, green 3, green 5, red 1, red 5
MOVE: 0 1 None 1 None 1
intentional hints You about all their 1 hints remaining: 6
You has white 4, green 3, green 5, red 1, red 5
MOVE: 1 2 3 1 None None
You plays red 1 successfully! Board is now green 1, yellow 0, white 1, blue 0, red 1
You now has white 4, green 3, green 5, red 5, blue 4
MOVE: 0 3 2 None None None
intentional discards white 1
trash is now blue 1, white 2, green 4, white 3, yellow 2, red 4, yellow 3, yellow 4, blue 2, white 1
intentional now has white 5, blue 5, blue 3, yellow 1, green 1
MOVE: 1 2 4 1 None None
You plays blue 4 and fails. Board was green 1, yellow 0, white 1, blue 0, red 1
You now has white 4, green 3, green 5, red 5, red 2
MOVE: 0 1 None 1 None 2
intentional hints You about all their 2 hints remaining: 6
You has white 4, green 3, green 5, red 5, red 2
MOVE: 1 3 4 1 None None
You discards red 2
trash is now blue 1, white 2, green 4, white 3, yellow 2, red 4, yellow 3, yellow 4, blue 2, white 1, blue 4, red 2
You now has white 4, green 3, green 5, red 5, red 1
MOVE: 0 3 2 None None None
intentional discards blue 3
trash is now blue 1, white 2, green 4, white 3, yellow 2, red 4, yellow 3, yellow 4, blue 2, white 1, blue 4, red 2, blue 3
intentional now has white 5, blue 5, yellow 1, green 1, green 3
MOVE: 1 2 4 1 None None
You plays red 1 and fails. Board was green 1, yellow 0, white 1, blue 0, red 1
You now has white 4, green 3, green 5, red 5, white 1
Score 3
