Old GID: ed7810235919c95b
Treatment: ('outer', 4491)
[(2, 1), (0, 4), (1, 4), (1, 5), (0, 1), (3, 4), (2, 2), (2, 4), (1, 2), (0, 3), (0, 5), (0, 2), (4, 4), (4, 5), (1, 1), (4, 1), (4, 4), (2, 1), (2, 1), (3, 3), (2, 3), (3, 2), (3, 1), (1, 1), (2, 4), (1, 1), (2, 2), (2, 3), (3, 1), (4, 2), (3, 3), (4, 3), (4, 2), (3, 4), (0, 1), (4, 1), (1, 3), (1, 4), (2, 5), (1, 2)]
MOVE: 0 0 None 1 3 None
outer hints You about all their blue cards hints remaining: 7
You has green 2, green 4, blue 1, yellow 3, blue 5
MOVE: 1 1 None 0 None 1
You hints outer about all their 1 hints remaining: 6
outer has blue 2, green 3, red 3, red 1, green 1
MOVE: 0 2 3 None None None
outer plays red 1 successfully! Board is now green 0, yellow 0, white 0, blue 0, red 1
outer now has blue 2, green 3, red 3, green 1, white 1
MOVE: 1 1 None 0 None 1
You hints outer about all their 1 hints remaining: 5
outer has blue 2, green 3, red 3, green 1, white 1
MOVE: 0 1 None 1 None 1
outer hints You about all their 1 hints remaining: 4
You has green 2, green 4, blue 1, yellow 3, blue 5
MOVE: 1 2 2 1 None None
You plays blue 1 successfully! Board is now green 0, yellow 0, white 0, blue 1, red 1
You now has green 2, green 4, yellow 3, blue 5, green 4
MOVE: 0 1 None 1 None 5
outer hints You about all their 5 hints remaining: 3
You has green 2, green 4, yellow 3, blue 5, green 4
MOVE: 1 0 None 0 0 None
You hints outer about all their green cards hints remaining: 2
outer has blue 2, green 3, red 3, green 1, white 1
MOVE: 0 2 3 None None None
outer plays green 1 successfully! Board is now green 1, yellow 0, white 0, blue 1, red 1
outer now has blue 2, green 3, red 3, white 1, yellow 4
MOVE: 1 0 None 0 3 None
You hints outer about all their blue cards hints remaining: 1
outer has blue 2, green 3, red 3, white 1, yellow 4
MOVE: 0 0 None 1 0 None
outer hints You about all their green cards hints remaining: 0
You has green 2, green 4, yellow 3, blue 5, green 4
MOVE: 1 3 2 1 None None
You discards yellow 3
trash is now yellow 3
You now has green 2, green 4, blue 5, green 4, yellow 5
MOVE: 0 1 None 1 None 2
outer hints You about all their 2 hints remaining: 0
You has green 2, green 4, blue 5, green 4, yellow 5
MOVE: 1 2 0 1 None None
You plays green 2 successfully! Board is now green 2, yellow 0, white 0, blue 1, red 1
You now has green 4, blue 5, green 4, yellow 5, green 1
MOVE: 0 3 4 None None None
outer discards yellow 4
trash is now yellow 3, yellow 4
outer now has blue 2, green 3, red 3, white 1, blue 4
MOVE: 1 1 None 0 None 2
You hints outer about all their 2 hints remaining: 0
outer has blue 2, green 3, red 3, white 1, blue 4
MOVE: 0 2 0 None None None
outer plays blue 2 successfully! Board is now green 2, yellow 0, white 0, blue 2, red 1
outer now has green 3, red 3, white 1, blue 4, white 2
MOVE: 1 3 3 1 None None
You discards yellow 5
trash is now yellow 3, yellow 4, yellow 5
You now has green 4, blue 5, green 4, green 1, white 4
MOVE: 0 0 None 1 0 None
outer hints You about all their green cards hints remaining: 0
You has green 4, blue 5, green 4, green 1, white 4
MOVE: 1 2 3 1 None None
You plays green 1 and fails. Board was green 2, yellow 0, white 0, blue 2, red 1
You now has green 4, blue 5, green 4, white 4, yellow 2
MOVE: 0 3 3 None None None
outer discards blue 4
trash is now yellow 3, yellow 4, yellow 5, green 1, blue 4
outer now has green 3, red 3, white 1, white 2, green 3
MOVE: 1 0 None 0 2 None
You hints outer about all their white cards hints remaining: 0
outer has green 3, red 3, white 1, white 2, green 3
MOVE: 0 2 2 None None None
outer plays white 1 successfully! Board is now green 2, yellow 0, white 1, blue 2, red 1
outer now has green 3, red 3, white 2, green 3, green 5
MOVE: 1 3 3 1 None None
You discards white 4
trash is now yellow 3, yellow 4, yellow 5, green 1, blue 4, white 4
You now has green 4, blue 5, green 4, yellow 2, green 2
MOVE: 0 1 None 1 None 2
outer hints You about all their 2 hints remaining: 0
You has green 4, blue 5, green 4, yellow 2, green 2
MOVE: 1 2 3 1 None None
You plays yellow 2 and fails. Board was green 2, yellow 0, white 1, blue 2, red 1
You now has green 4, blue 5, green 4, green 2, red 4
MOVE: 0 3 4 None None None
outer discards green 5
trash is now yellow 3, yellow 4, yellow 5, green 1, blue 4, white 4, yellow 2, green 5
outer now has green 3, red 3, white 2, green 3, red 5
MOVE: 1 2 3 1 None None
You plays green 2 and fails. Board was green 2, yellow 0, white 1, blue 2, red 1
You now has green 4, blue 5, green 4, red 4, yellow 1
Score 6
