Old GID: 1c3dba51440cf7e9
Treatment: ('full', 5271)
[(1, 3), (1, 1), (3, 2), (4, 3), (0, 2), (2, 1), (4, 2), (2, 5), (4, 1), (0, 1), (4, 1), (2, 3), (2, 4), (3, 1), (3, 4), (3, 5), (4, 2), (3, 1), (2, 2), (1, 4), (4, 5), (0, 4), (2, 2), (0, 3), (3, 4), (4, 1), (1, 2), (3, 2), (0, 1), (2, 1), (0, 3), (4, 4), (0, 4), (1, 1), (0, 5), (1, 5), (2, 4), (3, 1), (1, 2), (0, 2)]
MOVE: 0 1 None 1 None 1
full hints You about all their 1 hints remaining: 7
You has green 1, red 3, blue 3, white 1, blue 3
MOVE: 1 2 3 1 None None
You plays white 1 successfully! Board is now green 0, yellow 0, white 1, blue 0, red 0
You now has green 1, red 3, blue 3, blue 3, yellow 3
MOVE: 0 0 None 1 0 None
full hints You about all their green cards hints remaining: 6
You has green 1, red 3, blue 3, blue 3, yellow 3
MOVE: 1 2 0 1 None None
You plays green 1 successfully! Board is now green 1, yellow 0, white 1, blue 0, red 0
You now has red 3, blue 3, blue 3, yellow 3, yellow 1
MOVE: 0 1 None 1 None 1
full hints You about all their 1 hints remaining: 5
You has red 3, blue 3, blue 3, yellow 3, yellow 1
MOVE: 1 2 4 1 None None
You plays yellow 1 successfully! Board is now green 1, yellow 1, white 1, blue 0, red 0
You now has red 3, blue 3, blue 3, yellow 3, blue 2
MOVE: 0 3 0 None None None
full discards yellow 3
trash is now yellow 3
full now has yellow 1, white 3, red 4, yellow 4, red 3
MOVE: 1 3 0 1 None None
You discards red 3
trash is now yellow 3, red 3
You now has blue 3, blue 3, yellow 3, blue 2, green 2
MOVE: 0 0 None 1 0 None
full hints You about all their green cards hints remaining: 6
You has blue 3, blue 3, yellow 3, blue 2, green 2
MOVE: 1 2 4 1 None None
You plays green 2 successfully! Board is now green 2, yellow 1, white 1, blue 0, red 0
You now has blue 3, blue 3, yellow 3, blue 2, white 1
MOVE: 0 3 0 None None None
full discards yellow 1
trash is now yellow 3, red 3, yellow 1
full now has white 3, red 4, yellow 4, red 3, red 2
MOVE: 1 3 0 1 None None
You discards blue 3
trash is now yellow 3, red 3, yellow 1, blue 3
You now has blue 3, yellow 3, blue 2, white 1, white 5
MOVE: 0 3 0 None None None
full discards white 3
trash is now yellow 3, red 3, yellow 1, blue 3, white 3
full now has red 4, yellow 4, red 3, red 2, red 1
MOVE: 1 0 None 0 4 None
You hints full about all their red cards hints remaining: 7
full has red 4, yellow 4, red 3, red 2, red 1
MOVE: 0 2 0 None None None
full plays red 4 and fails. Board was green 2, yellow 1, white 1, blue 0, red 0
full now has yellow 4, red 3, red 2, red 1, green 1
MOVE: 1 1 None 0 None 1
You hints full about all their 1 hints remaining: 6
full has yellow 4, red 3, red 2, red 1, green 1
MOVE: 0 2 3 None None None
full plays red 1 successfully! Board is now green 2, yellow 1, white 1, blue 0, red 1
full now has yellow 4, red 3, red 2, green 1, red 1
MOVE: 1 1 None 0 None 2
You hints full about all their 2 hints remaining: 5
full has yellow 4, red 3, red 2, green 1, red 1
MOVE: 0 2 2 None None None
full plays red 2 successfully! Board is now green 2, yellow 1, white 1, blue 0, red 2
full now has yellow 4, red 3, green 1, red 1, white 3
MOVE: 1 1 None 0 None 3
You hints full about all their 3 hints remaining: 4
full has yellow 4, red 3, green 1, red 1, white 3
MOVE: 0 2 1 None None None
full plays red 3 successfully! Board is now green 2, yellow 1, white 1, blue 0, red 3
full now has yellow 4, green 1, red 1, white 3, white 4
MOVE: 1 3 0 1 None None
You discards blue 3
trash is now yellow 3, red 3, yellow 1, blue 3, white 3, red 4, blue 3
You now has yellow 3, blue 2, white 1, white 5, blue 1
MOVE: 0 3 1 None None None
full discards green 1
trash is now yellow 3, red 3, yellow 1, blue 3, white 3, red 4, blue 3, green 1
full now has yellow 4, red 1, white 3, white 4, blue 4
MOVE: 1 3 0 1 None None
You discards yellow 3
trash is now yellow 3, red 3, yellow 1, blue 3, white 3, red 4, blue 3, green 1, yellow 3
You now has blue 2, white 1, white 5, blue 1, blue 5
MOVE: 0 3 3 None None None
full discards white 4
trash is now yellow 3, red 3, yellow 1, blue 3, white 3, red 4, blue 3, green 1, yellow 3, white 4
full now has yellow 4, red 1, white 3, blue 4, red 2
MOVE: 1 2 4 1 None None
You plays blue 5 and fails. Board was green 2, yellow 1, white 1, blue 0, red 3
You now has blue 2, white 1, white 5, blue 1, blue 1
MOVE: 0 3 3 None None None
full discards blue 4
trash is now yellow 3, red 3, yellow 1, blue 3, white 3, red 4, blue 3, green 1, yellow 3, white 4, blue 5, blue 4
full now has yellow 4, red 1, white 3, red 2, white 2
MOVE: 1 2 4 1 None None
You plays blue 1 successfully! Board is now green 2, yellow 1, white 1, blue 1, red 3
You now has blue 2, white 1, white 5, blue 1, yellow 4
MOVE: 0 1 None 1 None 1
full hints You about all their 1 hints remaining: 7
You has blue 2, white 1, white 5, blue 1, yellow 4
MOVE: 1 2 4 1 None None
You plays yellow 4 and fails. Board was green 2, yellow 1, white 1, blue 1, red 3
You now has blue 2, white 1, white 5, blue 1, red 5
Score 8
