Old GID: b555e3a8979bfb4d
Treatment: ('outer', 4203)
[(0, 3), (2, 3), (2, 2), (4, 1), (4, 1), (2, 4), (1, 2), (3, 2), (0, 2), (1, 4), (2, 4), (0, 1), (2, 5), (4, 4), (3, 1), (4, 5), (1, 1), (2, 1), (1, 2), (2, 1), (3, 3), (0, 2), (4, 3), (1, 1), (1, 5), (4, 3), (3, 1), (1, 3), (4, 4), (2, 3), (1, 4), (3, 2), (4, 1), (2, 1), (0, 3), (3, 1), (1, 1), (3, 5), (3, 4), (4, 2)]
MOVE: 0 1 None 1 None 1
outer hints You about all their 1 hints remaining: 7
You has white 2, green 4, red 2, green 4, green 1
MOVE: 1 2 4 1 None None
You plays green 1 successfully! Board is now green 1, yellow 0, white 0, blue 0, red 0
You now has white 2, green 4, red 2, green 4, green 3
MOVE: 0 1 None 1 None 2
outer hints You about all their 2 hints remaining: 6
You has white 2, green 4, red 2, green 4, green 3
MOVE: 1 2 2 1 None None
You plays red 2 and fails. Board was green 1, yellow 0, white 0, blue 0, red 0
You now has white 2, green 4, green 4, green 3, white 3
MOVE: 0 0 None 1 2 None
outer hints You about all their white cards hints remaining: 5
You has white 2, green 4, green 4, green 3, white 3
MOVE: 1 2 4 1 None None
You plays white 3 and fails. Board was green 1, yellow 0, white 0, blue 0, red 0
You now has white 2, green 4, green 4, green 3, white 2
MOVE: 0 0 None 1 0 None
outer hints You about all their green cards hints remaining: 4
You has white 2, green 4, green 4, green 3, white 2
MOVE: 1 2 3 1 None None
You plays green 3 and fails. Board was green 1, yellow 0, white 0, blue 0, red 0
You now has white 2, green 4, green 4, white 2, red 1
Score 1
