Old GID: 04e101e8fc083082
Treatment: ('full', 1156)
[(0, 5), (3, 1), (3, 4), (2, 3), (3, 2), (4, 3), (1, 2), (0, 1), (2, 5), (4, 1), (3, 2), (3, 3), (1, 2), (0, 2), (3, 1), (0, 3), (0, 4), (3, 4), (1, 3), (0, 1), (2, 4), (1, 1), (3, 3), (0, 4), (0, 3), (1, 4), (2, 3), (1, 1), (4, 1), (4, 4), (4, 4), (4, 2), (4, 2), (2, 2), (3, 5), (0, 2), (2, 1), (1, 4), (1, 5), (3, 1)]
MOVE: 0 1 None 1 None 1
full hints You about all their 1 hints remaining: 7
You has white 4, red 3, red 1, red 5, white 1
MOVE: 1 1 None 0 None 1
You hints full about all their 1 hints remaining: 6
full has yellow 3, white 1, yellow 1, green 1, white 2
MOVE: 0 2 1 None None None
full plays white 1 successfully! Board is now green 0, yellow 0, white 1, blue 0, red 0
full now has yellow 3, yellow 1, green 1, white 2, green 5
MOVE: 1 0 None 0 2 None
You hints full about all their white cards hints remaining: 5
full has yellow 3, yellow 1, green 1, white 2, green 5
MOVE: 0 2 3 None None None
full plays white 2 successfully! Board is now green 0, yellow 0, white 2, blue 0, red 0
full now has yellow 3, yellow 1, green 1, green 5, blue 1
MOVE: 1 2 2 1 None None
You plays red 1 successfully! Board is now green 0, yellow 0, white 2, blue 0, red 1
You now has white 4, red 3, red 5, white 1, blue 4
MOVE: 0 3 4 None None None
full discards blue 1
trash is now blue 1
full now has yellow 3, yellow 1, green 1, green 5, white 3
MOVE: 1 0 None 0 2 None
You hints full about all their white cards hints remaining: 5
full has yellow 3, yellow 1, green 1, green 5, white 3
MOVE: 0 2 4 None None None
full plays white 3 successfully! Board is now green 0, yellow 0, white 3, blue 0, red 1
full now has yellow 3, yellow 1, green 1, green 5, blue 2
MOVE: 1 2 3 1 None None
You plays white 1 and fails. Board was green 0, yellow 0, white 3, blue 0, red 1
You now has white 4, red 3, red 5, blue 4, red 3
MOVE: 0 0 None 1 2 None
full hints You about all their white cards hints remaining: 4
You has white 4, red 3, red 5, blue 4, red 3
MOVE: 1 0 None 0 0 None
You hints full about all their green cards hints remaining: 3
full has yellow 3, yellow 1, green 1, green 5, blue 2
MOVE: 0 2 2 None None None
full plays green 1 successfully! Board is now green 1, yellow 0, white 3, blue 0, red 1
full now has yellow 3, yellow 1, green 5, blue 2, yellow 2
MOVE: 1 0 None 0 1 None
You hints full about all their yellow cards hints remaining: 2
full has yellow 3, yellow 1, green 5, blue 2, yellow 2
MOVE: 0 2 1 None None None
full plays yellow 1 successfully! Board is now green 1, yellow 1, white 3, blue 0, red 1
full now has yellow 3, green 5, blue 2, yellow 2, green 1
MOVE: 1 1 None 0 None 2
You hints full about all their 2 hints remaining: 1
full has yellow 3, green 5, blue 2, yellow 2, green 1
MOVE: 0 2 2 None None None
full plays blue 2 and fails. Board was green 1, yellow 1, white 3, blue 0, red 1
full now has yellow 3, green 5, yellow 2, green 1, white 5
MOVE: 1 1 None 0 None 3
You hints full about all their 3 hints remaining: 0
full has yellow 3, green 5, yellow 2, green 1, white 5
MOVE: 0 2 2 None None None
full plays yellow 2 successfully! Board is now green 1, yellow 2, white 3, blue 0, red 1
full now has yellow 3, green 5, green 1, white 5, red 1
MOVE: 1 3 0 1 None None
You discards white 4
trash is now blue 1, white 1, blue 2, white 4
You now has red 3, red 5, blue 4, red 3, blue 2
MOVE: 0 2 0 None None None
full plays yellow 3 successfully! Board is now green 1, yellow 3, white 3, blue 0, red 1
full now has green 5, green 1, white 5, red 1, blue 3
MOVE: 1 3 0 1 None None
You discards red 3
trash is now blue 1, white 1, blue 2, white 4, red 3
You now has red 5, blue 4, red 3, blue 2, yellow 2
MOVE: 0 3 0 None None None
full discards green 5
trash is now blue 1, white 1, blue 2, white 4, red 3, green 5
full now has green 1, white 5, red 1, blue 3, green 2
MOVE: 1 1 None 0 None 2
You hints full about all their 2 hints remaining: 2
full has green 1, white 5, red 1, blue 3, green 2
MOVE: 0 2 4 None None None
full plays green 2 successfully! Board is now green 2, yellow 3, white 3, blue 0, red 1
full now has green 1, white 5, red 1, blue 3, blue 1
MOVE: 1 1 None 0 None 1
You hints full about all their 1 hints remaining: 1
full has green 1, white 5, red 1, blue 3, blue 1
MOVE: 0 2 0 None None None
full plays green 1 and fails. Board was green 2, yellow 3, white 3, blue 0, red 1
full now has white 5, red 1, blue 3, blue 1, green 3
Score 9
