Old GID: d237599d96643c7c
Treatment: ('outer', 8264)
[(0, 4), (4, 1), (1, 4), (0, 2), (3, 4), (1, 5), (0, 3), (4, 2), (0, 5), (3, 1), (3, 1), (1, 3), (3, 2), (4, 2), (0, 1), (3, 3), (2, 5), (2, 2), (2, 4), (2, 3), (0, 4), (4, 3), (2, 3), (0, 3), (1, 1), (3, 3), (4, 3), (1, 4), (3, 1), (1, 2), (3, 4), (2, 1), (2, 1), (1, 3), (0, 2), (1, 1), (0, 1), (2, 4), (2, 2), (4, 1)]
MOVE: 0 0 None 1 0 None
outer hints You about all their green cards hints remaining: 7
You has red 4, green 1, yellow 2, red 1, yellow 1
MOVE: 1 1 None 0 None 1
You hints outer about all their 1 hints remaining: 6
outer has red 5, blue 5, white 1, red 4, blue 2
MOVE: 0 2 2 None None None
outer plays white 1 successfully! Board is now green 0, yellow 0, white 1, blue 0, red 0
outer now has red 5, blue 5, red 4, blue 2, green 4
MOVE: 1 2 1 1 None None
You plays green 1 successfully! Board is now green 1, yellow 0, white 1, blue 0, red 0
You now has red 4, yellow 2, red 1, yellow 1, red 1
MOVE: 0 0 None 1 4 None
outer hints You about all their red cards hints remaining: 5
You has red 4, yellow 2, red 1, yellow 1, red 1
MOVE: 1 3 3 1 None None
You discards yellow 1
trash is now yellow 1
You now has red 4, yellow 2, red 1, red 1, yellow 4
MOVE: 0 1 None 1 None 1
outer hints You about all their 1 hints remaining: 5
You has red 4, yellow 2, red 1, red 1, yellow 4
MOVE: 1 2 2 1 None None
You plays red 1 successfully! Board is now green 1, yellow 0, white 1, blue 0, red 1
You now has red 4, yellow 2, red 1, yellow 4, green 2
MOVE: 0 0 None 1 0 None
outer hints You about all their green cards hints remaining: 4
You has red 4, yellow 2, red 1, yellow 4, green 2
MOVE: 1 2 4 1 None None
You plays green 2 successfully! Board is now green 2, yellow 0, white 1, blue 0, red 1
You now has red 4, yellow 2, red 1, yellow 4, blue 4
MOVE: 0 0 None 1 3 None
outer hints You about all their blue cards hints remaining: 3
You has red 4, yellow 2, red 1, yellow 4, blue 4
MOVE: 1 2 4 1 None None
You plays blue 4 and fails. Board was green 2, yellow 0, white 1, blue 0, red 1
You now has red 4, yellow 2, red 1, yellow 4, yellow 5
MOVE: 0 0 None 1 1 None
outer hints You about all their yellow cards hints remaining: 2
You has red 4, yellow 2, red 1, yellow 4, yellow 5
MOVE: 1 3 2 1 None None
You discards red 1
trash is now yellow 1, blue 4, red 1
You now has red 4, yellow 2, yellow 4, yellow 5, green 3
MOVE: 0 0 None 1 0 None
outer hints You about all their green cards hints remaining: 2
You has red 4, yellow 2, yellow 4, yellow 5, green 3
MOVE: 1 2 4 1 None None
You plays green 3 successfully! Board is now green 3, yellow 0, white 1, blue 0, red 1
You now has red 4, yellow 2, yellow 4, yellow 5, red 2
MOVE: 0 1 None 1 None 2
outer hints You about all their 2 hints remaining: 1
You has red 4, yellow 2, yellow 4, yellow 5, red 2
MOVE: 1 0 None 0 0 None
You hints outer about all their green cards hints remaining: 0
outer has red 5, blue 5, red 4, blue 2, green 4
MOVE: 0 3 1 None None None
outer discards blue 5
trash is now yellow 1, blue 4, red 1, blue 5
outer now has red 5, red 4, blue 2, green 4, green 5
MOVE: 1 1 None 0 None 4
You hints outer about all their 4 hints remaining: 0
outer has red 5, red 4, blue 2, green 4, green 5
MOVE: 0 2 3 None None None
outer plays green 4 successfully! Board is now green 4, yellow 0, white 1, blue 0, red 1
outer now has red 5, red 4, blue 2, green 5, blue 1
MOVE: 1 2 4 1 None None
You plays red 2 successfully! Board is now green 4, yellow 0, white 1, blue 0, red 2
You now has red 4, yellow 2, yellow 4, yellow 5, blue 1
MOVE: 0 3 3 None None None
outer discards green 5
trash is now yellow 1, blue 4, red 1, blue 5, green 5
outer now has red 5, red 4, blue 2, blue 1, yellow 3
MOVE: 1 1 None 0 None 1
You hints outer about all their 1 hints remaining: 0
outer has red 5, red 4, blue 2, blue 1, yellow 3
MOVE: 0 3 0 None None None
outer discards red 5
trash is now yellow 1, blue 4, red 1, blue 5, green 5, red 5
outer now has red 4, blue 2, blue 1, yellow 3, blue 2
MOVE: 1 0 None 0 3 None
You hints outer about all their blue cards hints remaining: 0
outer has red 4, blue 2, blue 1, yellow 3, blue 2
MOVE: 0 2 2 None None None
outer plays blue 1 successfully! Board is now green 4, yellow 0, white 1, blue 1, red 2
outer now has red 4, blue 2, yellow 3, blue 2, red 2
MOVE: 1 3 4 1 None None
You discards blue 1
trash is now yellow 1, blue 4, red 1, blue 5, green 5, red 5, blue 1
You now has red 4, yellow 2, yellow 4, yellow 5, green 1
MOVE: 0 1 None 1 None 2
outer hints You about all their 2 hints remaining: 0
You has red 4, yellow 2, yellow 4, yellow 5, green 1
MOVE: 1 2 2 1 None None
You plays yellow 4 and fails. Board was green 4, yellow 0, white 1, blue 1, red 2
You now has red 4, yellow 2, yellow 5, green 1, blue 3
MOVE: 0 3 1 None None None
outer discards blue 2
trash is now yellow 1, blue 4, red 1, blue 5, green 5, red 5, blue 1, yellow 4, blue 2
outer now has red 4, yellow 3, blue 2, red 2, white 5
MOVE: 1 1 None 0 None 2
You hints outer about all their 2 hints remaining: 0
outer has red 4, yellow 3, blue 2, red 2, white 5
MOVE: 0 2 2 None None None
outer plays blue 2 successfully! Board is now green 4, yellow 0, white 1, blue 2, red 2
outer now has red 4, yellow 3, red 2, white 5, white 2
MOVE: 1 2 2 1 None None
You plays yellow 5 and fails. Board was green 4, yellow 0, white 1, blue 2, red 2
You now has red 4, yellow 2, green 1, blue 3, white 4
Score 9
