Old GID: 3a7732b755604e79
Treatment: ('outer', 6335)
[(1, 1), (0, 5), (3, 1), (1, 2), (1, 2), (4, 2), (3, 1), (2, 3), (1, 5), (4, 4), (3, 3), (2, 1), (1, 3), (3, 1), (0, 3), (3, 2), (4, 1), (2, 1), (3, 5), (3, 4), (2, 4), (1, 1), (4, 1), (4, 5), (4, 3), (4, 2), (2, 1), (3, 3), (3, 2), (4, 3), (1, 4), (4, 1), (3, 4), (2, 5), (0, 2), (0, 4), (1, 1), (0, 1), (2, 3), (2, 2)]
MOVE: 0 1 None 1 None 1
outer hints You about all their 1 hints remaining: 7
You has green 2, yellow 4, green 1, green 3, white 2
MOVE: 1 1 None 0 None 1
You hints outer about all their 1 hints remaining: 6
outer has yellow 3, green 1, green 4, white 4, red 4
MOVE: 0 2 1 None None None
outer plays green 1 successfully! Board is now green 1, yellow 0, white 0, blue 0, red 0
outer now has yellow 3, green 4, white 4, red 4, yellow 1
MOVE: 1 1 None 0 None 1
You hints outer about all their 1 hints remaining: 5
outer has yellow 3, green 4, white 4, red 4, yellow 1
MOVE: 0 1 None 1 None 2
outer hints You about all their 2 hints remaining: 4
You has green 2, yellow 4, green 1, green 3, white 2
MOVE: 1 2 4 1 None None
You plays white 2 and fails. Board was green 1, yellow 0, white 0, blue 0, red 0
You now has green 2, yellow 4, green 1, green 3, green 5
MOVE: 0 0 None 1 0 None
outer hints You about all their green cards hints remaining: 3
You has green 2, yellow 4, green 1, green 3, green 5
MOVE: 1 2 4 1 None None
You plays green 5 and fails. Board was green 1, yellow 0, white 0, blue 0, red 0
You now has green 2, yellow 4, green 1, green 3, blue 1
MOVE: 0 1 None 1 None 1
outer hints You about all their 1 hints remaining: 2
You has green 2, yellow 4, green 1, green 3, blue 1
MOVE: 1 2 4 1 None None
You plays blue 1 successfully! Board is now green 1, yellow 0, white 0, blue 1, red 0
You now has green 2, yellow 4, green 1, green 3, yellow 2
MOVE: 0 3 1 None None None
outer discards green 4
trash is now white 2, green 5, green 4
outer now has yellow 3, white 4, red 4, yellow 1, yellow 2
MOVE: 1 2 4 1 None None
You plays yellow 2 and fails. Board was green 1, yellow 0, white 0, blue 1, red 0
You now has green 2, yellow 4, green 1, green 3, red 2
Score 2
