Old GID: db2925c73d3e0611
Treatment: ('outer', 5582)
[(3, 2), (2, 2), (2, 3), (1, 3), (2, 4), (0, 4), (0, 1), (2, 3), (3, 5), (2, 4), (3, 1), (0, 2), (1, 2), (1, 1), (3, 2), (1, 1), (2, 1), (3, 4), (2, 1), (1, 4), (3, 1), (4, 4), (4, 3), (2, 5), (0, 4), (4, 3), (0, 5), (4, 1), (3, 4), (4, 2), (3, 3), (4, 2), (2, 1), (4, 1), (0, 2), (1, 5), (1, 2), (0, 1), (4, 5), (4, 1)]
MOVE: 0 0 None 1 1 None
outer hints You about all their yellow cards hints remaining: 7
You has white 2, yellow 4, yellow 1, blue 1, blue 3
MOVE: 1 2 1 1 None None
You plays yellow 4 and fails. Board was green 0, yellow 0, white 0, blue 0, red 0
You now has white 2, yellow 1, blue 1, blue 3, blue 2
MOVE: 0 1 None 1 None 1
outer hints You about all their 1 hints remaining: 6
You has white 2, yellow 1, blue 1, blue 3, blue 2
MOVE: 1 2 1 1 None None
You plays yellow 1 successfully! Board is now green 0, yellow 1, white 0, blue 0, red 0
You now has white 2, blue 1, blue 3, blue 2, white 2
MOVE: 0 0 None 1 3 None
outer hints You about all their blue cards hints remaining: 5
You has white 2, blue 1, blue 3, blue 2, white 2
MOVE: 1 2 1 1 None None
You plays blue 1 successfully! Board is now green 0, yellow 1, white 0, blue 1, red 0
You now has white 2, blue 3, blue 2, white 2, white 3
MOVE: 0 0 None 1 3 None
outer hints You about all their blue cards hints remaining: 4
You has white 2, blue 3, blue 2, white 2, white 3
MOVE: 1 2 2 1 None None
You plays blue 2 successfully! Board is now green 0, yellow 1, white 0, blue 2, red 0
You now has white 2, blue 3, white 2, white 3, yellow 3
MOVE: 0 1 None 1 None 3
outer hints You about all their 3 hints remaining: 3
You has white 2, blue 3, white 2, white 3, yellow 3
MOVE: 1 2 1 1 None None
You plays blue 3 successfully! Board is now green 0, yellow 1, white 0, blue 3, red 0
You now has white 2, white 2, white 3, yellow 3, white 4
MOVE: 0 0 None 1 2 None
outer hints You about all their white cards hints remaining: 2
You has white 2, white 2, white 3, yellow 3, white 4
MOVE: 1 2 4 1 None None
You plays white 4 and fails. Board was green 0, yellow 1, white 0, blue 3, red 0
You now has white 2, white 2, white 3, yellow 3, green 4
MOVE: 0 1 None 1 None 2
outer hints You about all their 2 hints remaining: 1
You has white 2, white 2, white 3, yellow 3, green 4
MOVE: 1 2 4 1 None None
You plays green 4 and fails. Board was green 0, yellow 1, white 0, blue 3, red 0
You now has white 2, white 2, white 3, yellow 3, green 1
Score 4
