Old GID: 7bf176d2868f0594
Treatment: ('outer', 4006)
[(0, 5), (0, 1), (1, 2), (2, 2), (2, 1), (1, 1), (2, 2), (0, 4), (1, 1), (4, 3), (3, 1), (0, 1), (3, 1), (4, 1), (4, 5), (4, 4), (2, 4), (0, 1), (3, 2), (0, 3), (2, 3), (0, 2), (0, 4), (2, 1), (1, 5), (4, 2), (1, 3), (3, 2), (2, 5), (4, 1), (4, 2), (1, 2), (1, 4), (3, 4), (2, 4), (0, 2), (0, 3), (1, 3), (3, 5), (2, 3)]
MOVE: 0 1 None 1 None 4
outer hints You about all their 4 hints remaining: 7
You has red 4, blue 4, blue 3, blue 3, yellow 4
MOVE: 1 1 None 0 None 1
You hints outer about all their 1 hints remaining: 6
outer has yellow 1, red 1, blue 1, red 3, white 1
MOVE: 0 2 0 None None None
outer plays yellow 1 successfully! Board is now green 0, yellow 1, white 0, blue 0, red 0
outer now has red 1, blue 1, red 3, white 1, green 5
MOVE: 1 3 4 1 None None
You discards yellow 4
trash is now yellow 4
You now has red 4, blue 4, blue 3, blue 3, green 1
MOVE: 0 0 None 1 0 None
outer hints You about all their green cards hints remaining: 6
You has red 4, blue 4, blue 3, blue 3, green 1
MOVE: 1 2 4 1 None None
You plays green 1 successfully! Board is now green 1, yellow 1, white 0, blue 0, red 0
You now has red 4, blue 4, blue 3, blue 3, yellow 2
MOVE: 0 1 None 1 None 2
outer hints You about all their 2 hints remaining: 5
You has red 4, blue 4, blue 3, blue 3, yellow 2
MOVE: 1 2 4 1 None None
You plays yellow 2 successfully! Board is now green 1, yellow 2, white 0, blue 0, red 0
You now has red 4, blue 4, blue 3, blue 3, white 2
MOVE: 0 1 None 1 None 2
outer hints You about all their 2 hints remaining: 4
You has red 4, blue 4, blue 3, blue 3, white 2
MOVE: 1 2 4 1 None None
You plays white 2 and fails. Board was green 1, yellow 2, white 0, blue 0, red 0
You now has red 4, blue 4, blue 3, blue 3, white 1
MOVE: 0 0 None 1 2 None
outer hints You about all their white cards hints remaining: 3
You has red 4, blue 4, blue 3, blue 3, white 1
MOVE: 1 2 4 1 None None
You plays white 1 successfully! Board is now green 1, yellow 2, white 1, blue 0, red 0
You now has red 4, blue 4, blue 3, blue 3, yellow 1
MOVE: 0 0 None 1 3 None
outer hints You about all their blue cards hints remaining: 2
You has red 4, blue 4, blue 3, blue 3, yellow 1
MOVE: 1 0 None 0 4 None
You hints outer about all their red cards hints remaining: 1
outer has red 1, blue 1, red 3, white 1, green 5
MOVE: 0 2 0 None None None
outer plays red 1 successfully! Board is now green 1, yellow 2, white 1, blue 0, red 1
outer now has blue 1, red 3, white 1, green 5, white 2
MOVE: 1 0 None 0 2 None
You hints outer about all their white cards hints remaining: 0
outer has blue 1, red 3, white 1, green 5, white 2
MOVE: 0 3 2 None None None
outer discards white 1
trash is now yellow 4, white 2, white 1
outer now has blue 1, red 3, green 5, white 2, green 4
MOVE: 1 2 3 1 None None
You plays blue 3 and fails. Board was green 1, yellow 2, white 1, blue 0, red 1
You now has red 4, blue 4, blue 3, yellow 1, yellow 1
MOVE: 0 1 None 1 None 4
outer hints You about all their 4 hints remaining: 0
You has red 4, blue 4, blue 3, yellow 1, yellow 1
MOVE: 1 2 2 1 None None
You plays blue 3 and fails. Board was green 1, yellow 2, white 1, blue 0, red 1
You now has red 4, blue 4, yellow 1, yellow 1, red 3
Score 5
