Old GID: 04121bbf4f535778
Treatment: ('intentional', 3698)
[(3, 3), (4, 5), (2, 4), (1, 4), (4, 4), (2, 4), (2, 1), (4, 2), (0, 1), (4, 1), (2, 1), (3, 1), (0, 3), (3, 1), (4, 4), (0, 4), (4, 3), (4, 3), (0, 2), (0, 1), (3, 4), (2, 3), (0, 5), (0, 1), (1, 3), (0, 3), (2, 3), (0, 2), (1, 5), (1, 1), (1, 2), (2, 5), (1, 1), (1, 2), (3, 5), (3, 2), (3, 1), (2, 2), (1, 1), (3, 2)]
MOVE: 0 1 None 1 None 1
intentional hints You about all their 1 hints remaining: 7
You has blue 4, red 1, red 1, red 2, white 2
MOVE: 1 1 None 0 None 1
You hints intentional about all their 1 hints remaining: 6
intentional has white 1, yellow 3, yellow 4, blue 3, green 4
MOVE: 0 2 0 None None None
intentional plays white 1 successfully! Board is now green 0, yellow 0, white 1, blue 0, red 0
intentional now has yellow 3, yellow 4, blue 3, green 4, blue 3
MOVE: 1 2 2 1 None None
You plays red 1 successfully! Board is now green 0, yellow 0, white 1, blue 0, red 1
You now has blue 4, red 1, red 2, white 2, red 5
MOVE: 0 1 None 1 None 2
intentional hints You about all their 2 hints remaining: 5
You has blue 4, red 1, red 2, white 2, red 5
MOVE: 1 2 3 1 None None
You plays white 2 successfully! Board is now green 0, yellow 0, white 2, blue 0, red 1
You now has blue 4, red 1, red 2, red 5, white 4
MOVE: 0 3 4 None None None
intentional discards blue 3
trash is now blue 3
intentional now has yellow 3, yellow 4, blue 3, green 4, yellow 4
MOVE: 1 2 1 1 None None
You plays red 1 and fails. Board was green 0, yellow 0, white 2, blue 0, red 1
You now has blue 4, red 2, red 5, white 4, red 4
MOVE: 0 3 4 None None None
intentional discards yellow 4
trash is now blue 3, red 1, yellow 4
intentional now has yellow 3, yellow 4, blue 3, green 4, white 4
MOVE: 1 3 1 1 None None
You discards red 2
trash is now blue 3, red 1, yellow 4, red 2
You now has blue 4, red 5, white 4, red 4, white 1
MOVE: 0 3 4 None None None
intentional discards white 4
trash is now blue 3, red 1, yellow 4, red 2, white 4
intentional now has yellow 3, yellow 4, blue 3, green 4, red 2
MOVE: 1 1 None 0 None 2
You hints intentional about all their 2 hints remaining: 7
intentional has yellow 3, yellow 4, blue 3, green 4, red 2
MOVE: 0 3 4 None None None
intentional discards red 2
trash is now blue 3, red 1, yellow 4, red 2, white 4, red 2
intentional now has yellow 3, yellow 4, blue 3, green 4, green 1
MOVE: 1 0 None 0 0 None
You hints intentional about all their green cards hints remaining: 7
intentional has yellow 3, yellow 4, blue 3, green 4, green 1
MOVE: 0 3 3 None None None
intentional discards green 4
trash is now blue 3, red 1, yellow 4, red 2, white 4, red 2, green 4
intentional now has yellow 3, yellow 4, blue 3, green 1, red 1
MOVE: 1 1 None 0 None 1
You hints intentional about all their 1 hints remaining: 7
intentional has yellow 3, yellow 4, blue 3, green 1, red 1
MOVE: 0 2 3 None None None
intentional plays green 1 successfully! Board is now green 1, yellow 0, white 2, blue 0, red 1
intentional now has yellow 3, yellow 4, blue 3, red 1, white 1
MOVE: 1 1 None 0 None 1
You hints intentional about all their 1 hints remaining: 6
intentional has yellow 3, yellow 4, blue 3, red 1, white 1
MOVE: 0 3 3 None None None
intentional discards red 1
trash is now blue 3, red 1, yellow 4, red 2, white 4, red 2, green 4, red 1
intentional now has yellow 3, yellow 4, blue 3, white 1, blue 1
MOVE: 1 1 None 0 None 1
You hints intentional about all their 1 hints remaining: 6
intentional has yellow 3, yellow 4, blue 3, white 1, blue 1
MOVE: 0 3 3 None None None
intentional discards white 1
trash is now blue 3, red 1, yellow 4, red 2, white 4, red 2, green 4, red 1, white 1
intentional now has yellow 3, yellow 4, blue 3, blue 1, green 3
MOVE: 1 0 None 0 3 None
You hints intentional about all their blue cards hints remaining: 6
intentional has yellow 3, yellow 4, blue 3, blue 1, green 3
MOVE: 0 2 3 None None None
intentional plays blue 1 successfully! Board is now green 1, yellow 0, white 2, blue 1, red 1
intentional now has yellow 3, yellow 4, blue 3, green 3, blue 1
MOVE: 1 1 None 0 None 3
You hints intentional about all their 3 hints remaining: 5
intentional has yellow 3, yellow 4, blue 3, green 3, blue 1
MOVE: 0 3 3 None None None
intentional discards green 3
trash is now blue 3, red 1, yellow 4, red 2, white 4, red 2, green 4, red 1, white 1, green 3
intentional now has yellow 3, yellow 4, blue 3, blue 1, red 4
MOVE: 1 0 None 0 3 None
You hints intentional about all their blue cards hints remaining: 5
intentional has yellow 3, yellow 4, blue 3, blue 1, red 4
MOVE: 0 3 3 None None None
intentional discards blue 1
trash is now blue 3, red 1, yellow 4, red 2, white 4, red 2, green 4, red 1, white 1, green 3, blue 1
intentional now has yellow 3, yellow 4, blue 3, red 4, green 4
MOVE: 1 3 0 1 None None
You discards blue 4
trash is now blue 3, red 1, yellow 4, red 2, white 4, red 2, green 4, red 1, white 1, green 3, blue 1, blue 4
You now has red 5, white 4, red 4, white 1, red 3
MOVE: 0 3 0 None None None
intentional discards yellow 3
trash is now blue 3, red 1, yellow 4, red 2, white 4, red 2, green 4, red 1, white 1, green 3, blue 1, blue 4, yellow 3
intentional now has yellow 4, blue 3, red 4, green 4, red 3
MOVE: 1 2 3 1 None None
You plays white 1 and fails. Board was green 1, yellow 0, white 2, blue 1, red 1
You now has red 5, white 4, red 4, red 3, green 2
MOVE: 0 0 None 1 0 None
intentional hints You about all their green cards hints remaining: 7
You has red 5, white 4, red 4, red 3, green 2
MOVE: 1 2 1 1 None None
You plays white 4 and fails. Board was green 1, yellow 0, white 2, blue 1, red 1
You now has red 5, red 4, red 3, green 2, green 1
Score 5
