Old GID: ffd8a16ab95eee2f
Treatment: ('full', 7327)
[(2, 4), (1, 1), (4, 4), (3, 2), (3, 3), (3, 4), (2, 1), (3, 5), (2, 1), (3, 1), (1, 5), (4, 2), (3, 1), (3, 3), (1, 1), (4, 1), (3, 4), (4, 5), (0, 4), (1, 3), (0, 2), (2, 2), (4, 3), (1, 1), (4, 4), (1, 3), (2, 3), (2, 1), (4, 2), (0, 1), (1, 4), (2, 2), (0, 1), (0, 5), (0, 3), (2, 4), (4, 3), (3, 2), (2, 3), (4, 1)]
MOVE: 0 1 None 1 None 1
full hints You about all their 1 hints remaining: 7
You has yellow 2, blue 1, yellow 4, green 1, red 1
MOVE: 1 2 1 1 None None
You plays blue 1 successfully! Board is now green 0, yellow 0, white 0, blue 1, red 0
You now has yellow 2, yellow 4, green 1, red 1, white 4
MOVE: 0 0 None 1 0 None
full hints You about all their green cards hints remaining: 6
You has yellow 2, yellow 4, green 1, red 1, white 4
MOVE: 1 2 2 1 None None
You plays green 1 successfully! Board is now green 1, yellow 0, white 0, blue 1, red 0
You now has yellow 2, yellow 4, red 1, white 4, yellow 1
MOVE: 0 1 None 1 None 1
full hints You about all their 1 hints remaining: 5
You has yellow 2, yellow 4, red 1, white 4, yellow 1
MOVE: 1 2 2 1 None None
You plays red 1 successfully! Board is now green 1, yellow 0, white 0, blue 1, red 1
You now has yellow 2, yellow 4, white 4, yellow 1, red 4
MOVE: 0 0 None 1 1 None
full hints You about all their yellow cards hints remaining: 4
You has yellow 2, yellow 4, white 4, yellow 1, red 4
MOVE: 1 2 3 1 None None
You plays yellow 1 successfully! Board is now green 1, yellow 1, white 0, blue 1, red 1
You now has yellow 2, yellow 4, white 4, red 4, blue 2
MOVE: 0 1 None 1 None 2
full hints You about all their 2 hints remaining: 3
You has yellow 2, yellow 4, white 4, red 4, blue 2
MOVE: 1 1 None 0 None 2
You hints full about all their 2 hints remaining: 2
full has white 5, yellow 2, green 4, green 3, green 2
MOVE: 0 2 1 None None None
full plays yellow 2 successfully! Board is now green 1, yellow 2, white 0, blue 1, red 1
full now has white 5, green 4, green 3, green 2, blue 3
MOVE: 1 1 None 0 None 3
You hints full about all their 3 hints remaining: 1
full has white 5, green 4, green 3, green 2, blue 3
MOVE: 0 2 2 None None None
full plays green 3 and fails. Board was green 1, yellow 2, white 0, blue 1, red 1
full now has white 5, green 4, green 2, blue 3, blue 4
MOVE: 1 0 None 0 3 None
You hints full about all their blue cards hints remaining: 0
full has white 5, green 4, green 2, blue 3, blue 4
MOVE: 0 2 4 None None None
full plays blue 4 and fails. Board was green 1, yellow 2, white 0, blue 1, red 1
full now has white 5, green 4, green 2, blue 3, white 1
MOVE: 1 2 1 1 None None
You plays yellow 4 and fails. Board was green 1, yellow 2, white 0, blue 1, red 1
You now has yellow 2, white 4, red 4, blue 2, blue 5
Score 5
