Old GID: 1c5b3826fe822987
Treatment: ('outer', 6554)
[(2, 1), (0, 3), (3, 4), (1, 4), (4, 1), (3, 2), (4, 4), (0, 2), (1, 2), (2, 2), (1, 4), (0, 4), (1, 1), (4, 2), (4, 4), (2, 1), (3, 1), (3, 3), (0, 2), (4, 5), (0, 5), (4, 3), (1, 3), (3, 1), (2, 4), (3, 2), (1, 2), (0, 1), (4, 3), (2, 3), (2, 5), (4, 1), (1, 1), (3, 5), (2, 1), (0, 1), (0, 4), (1, 1), (3, 1), (0, 1)]
MOVE: 0 1 None 1 None 1
outer hints You about all their 1 hints remaining: 7
You has yellow 5, red 1, green 3, red 2, white 4
MOVE: 1 2 1 1 None None
You plays red 1 successfully! Board is now green 0, yellow 0, white 0, blue 0, red 1
You now has yellow 5, green 3, red 2, white 4, white 1
MOVE: 0 1 None 1 None 2
outer hints You about all their 2 hints remaining: 6
You has yellow 5, green 3, red 2, white 4, white 1
MOVE: 1 2 2 1 None None
You plays red 2 successfully! Board is now green 0, yellow 0, white 0, blue 0, red 2
You now has yellow 5, green 3, white 4, white 1, green 3
MOVE: 0 1 None 1 None 1
outer hints You about all their 1 hints remaining: 5
You has yellow 5, green 3, white 4, white 1, green 3
MOVE: 1 2 3 1 None None
You plays white 1 successfully! Board is now green 0, yellow 0, white 1, blue 0, red 2
You now has yellow 5, green 3, white 4, green 3, blue 4
MOVE: 0 1 None 1 None 4
outer hints You about all their 4 hints remaining: 4
You has yellow 5, green 3, white 4, green 3, blue 4
MOVE: 1 1 None 0 None 2
You hints outer about all their 2 hints remaining: 3
outer has white 2, yellow 3, white 3, blue 3, blue 4
MOVE: 0 1 None 1 None 4
outer hints You about all their 4 hints remaining: 2
You has yellow 5, green 3, white 4, green 3, blue 4
MOVE: 1 0 None 0 2 None
You hints outer about all their white cards hints remaining: 1
outer has white 2, yellow 3, white 3, blue 3, blue 4
MOVE: 0 2 0 None None None
outer plays white 2 successfully! Board is now green 0, yellow 0, white 2, blue 0, red 2
outer now has yellow 3, white 3, blue 3, blue 4, yellow 4
MOVE: 1 1 None 0 None 3
You hints outer about all their 3 hints remaining: 0
outer has yellow 3, white 3, blue 3, blue 4, yellow 4
MOVE: 0 2 1 None None None
outer plays white 3 successfully! Board is now green 0, yellow 0, white 3, blue 0, red 2
outer now has yellow 3, blue 3, blue 4, yellow 4, red 1
MOVE: 1 2 4 1 None None
You plays blue 4 and fails. Board was green 0, yellow 0, white 3, blue 0, red 2
You now has yellow 5, green 3, white 4, green 3, blue 2
MOVE: 0 3 2 None None None
outer discards blue 4
trash is now blue 4, blue 4
outer now has yellow 3, blue 3, yellow 4, red 1, red 4
MOVE: 1 2 2 1 None None
You plays white 4 successfully! Board is now green 0, yellow 0, white 4, blue 0, red 2
You now has yellow 5, green 3, green 3, blue 2, green 2
MOVE: 0 1 None 1 None 3
outer hints You about all their 3 hints remaining: 0
You has yellow 5, green 3, green 3, blue 2, green 2
MOVE: 1 2 2 1 None None
You plays green 3 and fails. Board was green 0, yellow 0, white 4, blue 0, red 2
You now has yellow 5, green 3, blue 2, green 2, yellow 2
MOVE: 0 3 2 None None None
outer discards yellow 4
trash is now blue 4, blue 4, green 3, yellow 4
outer now has yellow 3, blue 3, red 1, red 4, white 2
MOVE: 1 2 1 1 None None
You plays green 3 and fails. Board was green 0, yellow 0, white 4, blue 0, red 2
You now has yellow 5, blue 2, green 2, yellow 2, yellow 4
Score 6
