Old GID: 08d19bca9b79f82d
Treatment: ('outer', 2059)
[(0, 2), (1, 3), (0, 1), (0, 1), (3, 2), (2, 5), (0, 1), (3, 2), (4, 4), (4, 1), (4, 1), (4, 3), (0, 5), (2, 3), (1, 5), (3, 1), (2, 3), (2, 2), (1, 4), (3, 5), (3, 1), (1, 2), (3, 1), (0, 4), (0, 3), (3, 3), (1, 1), (0, 4), (2, 4), (4, 1), (4, 3), (2, 4), (4, 2), (4, 5), (3, 4), (0, 3), (2, 1), (1, 1), (2, 1), (2, 1)]
MOVE: 0 1 None 1 None 1
outer hints You about all their 1 hints remaining: 7
You has white 2, yellow 1, yellow 3, green 2, yellow 2
MOVE: 1 2 1 1 None None
You plays yellow 1 successfully! Board is now green 0, yellow 1, white 0, blue 0, red 0
You now has white 2, yellow 3, green 2, yellow 2, green 2
MOVE: 0 0 None 1 1 None
outer hints You about all their yellow cards hints remaining: 6
You has white 2, yellow 3, green 2, yellow 2, green 2
MOVE: 1 3 2 1 None None
You discards green 2
trash is now green 2
You now has white 2, yellow 3, yellow 2, green 2, yellow 3
MOVE: 0 1 None 1 None 2
outer hints You about all their 2 hints remaining: 6
You has white 2, yellow 3, yellow 2, green 2, yellow 3
MOVE: 1 2 2 1 None None
You plays yellow 2 successfully! Board is now green 0, yellow 2, white 0, blue 0, red 0
You now has white 2, yellow 3, green 2, yellow 3, green 1
MOVE: 0 0 None 1 1 None
outer hints You about all their yellow cards hints remaining: 5
You has white 2, yellow 3, green 2, yellow 3, green 1
MOVE: 1 3 4 1 None None
You discards green 1
trash is now green 2, green 1
You now has white 2, yellow 3, green 2, yellow 3, green 1
MOVE: 0 1 None 1 None 3
outer hints You about all their 3 hints remaining: 5
You has white 2, yellow 3, green 2, yellow 3, green 1
MOVE: 1 2 3 1 None None
You plays yellow 3 successfully! Board is now green 0, yellow 3, white 0, blue 0, red 0
You now has white 2, yellow 3, green 2, green 1, blue 2
MOVE: 0 1 None 1 None 1
outer hints You about all their 1 hints remaining: 4
You has white 2, yellow 3, green 2, green 1, blue 2
MOVE: 1 2 3 1 None None
You plays green 1 successfully! Board is now green 1, yellow 3, white 0, blue 0, red 0
You now has white 2, yellow 3, green 2, blue 2, white 5
MOVE: 0 1 None 1 None 2
outer hints You about all their 2 hints remaining: 3
You has white 2, yellow 3, green 2, blue 2, white 5
MOVE: 1 3 1 1 None None
You discards yellow 3
trash is now green 2, green 1, yellow 3
You now has white 2, green 2, blue 2, white 5, green 1
MOVE: 0 0 None 1 0 None
outer hints You about all their green cards hints remaining: 3
You has white 2, green 2, blue 2, white 5, green 1
MOVE: 1 2 1 1 None None
You plays green 2 successfully! Board is now green 2, yellow 3, white 0, blue 0, red 0
You now has white 2, blue 2, white 5, green 1, blue 2
MOVE: 0 0 None 1 0 None
outer hints You about all their green cards hints remaining: 2
You has white 2, blue 2, white 5, green 1, blue 2
MOVE: 1 2 3 1 None None
You plays green 1 and fails. Board was green 2, yellow 3, white 0, blue 0, red 0
You now has white 2, blue 2, white 5, blue 2, red 4
MOVE: 0 1 None 1 None 2
outer hints You about all their 2 hints remaining: 1
You has white 2, blue 2, white 5, blue 2, red 4
MOVE: 1 1 None 0 None 4
You hints outer about all their 4 hints remaining: 0
outer has red 2, red 4, yellow 4, blue 4, blue 3
MOVE: 0 3 4 None None None
outer discards blue 3
trash is now green 2, green 1, yellow 3, green 1, blue 3
outer now has red 2, red 4, yellow 4, blue 4, red 1
MOVE: 1 1 None 0 None 1
You hints outer about all their 1 hints remaining: 0
outer has red 2, red 4, yellow 4, blue 4, red 1
MOVE: 0 3 2 None None None
outer discards yellow 4
trash is now green 2, green 1, yellow 3, green 1, blue 3, yellow 4
outer now has red 2, red 4, blue 4, red 1, red 1
MOVE: 1 0 None 0 4 None
You hints outer about all their red cards hints remaining: 0
outer has red 2, red 4, blue 4, red 1, red 1
MOVE: 0 2 3 None None None
outer plays red 1 successfully! Board is now green 2, yellow 3, white 0, blue 0, red 1
outer now has red 2, red 4, blue 4, red 1, red 3
MOVE: 1 3 2 1 None None
You discards white 5
trash is now green 2, green 1, yellow 3, green 1, blue 3, yellow 4, white 5
You now has white 2, blue 2, blue 2, red 4, green 5
MOVE: 0 1 None 1 None 4
outer hints You about all their 4 hints remaining: 0
You has white 2, blue 2, blue 2, red 4, green 5
MOVE: 1 2 3 1 None None
You plays red 4 and fails. Board was green 2, yellow 3, white 0, blue 0, red 1
You now has white 2, blue 2, blue 2, green 5, white 3
MOVE: 0 3 3 None None None
outer discards red 1
trash is now green 2, green 1, yellow 3, green 1, blue 3, yellow 4, white 5, red 4, red 1
outer now has red 2, red 4, blue 4, red 3, yellow 5
MOVE: 1 1 None 0 None 2
You hints outer about all their 2 hints remaining: 0
outer has red 2, red 4, blue 4, red 3, yellow 5
MOVE: 0 2 0 None None None
outer plays red 2 successfully! Board is now green 2, yellow 3, white 0, blue 0, red 2
outer now has red 4, blue 4, red 3, yellow 5, blue 1
MOVE: 1 3 2 1 None None
You discards blue 2
trash is now green 2, green 1, yellow 3, green 1, blue 3, yellow 4, white 5, red 4, red 1, blue 2
You now has white 2, blue 2, green 5, white 3, white 3
MOVE: 0 0 None 1 2 None
outer hints You about all their white cards hints remaining: 0
You has white 2, blue 2, green 5, white 3, white 3
MOVE: 1 2 3 1 None None
You plays white 3 and fails. Board was green 2, yellow 3, white 0, blue 0, red 2
You now has white 2, blue 2, green 5, white 3, white 2
Score 7
