Old GID: 4d12a11c16eae4e1
Treatment: ('outer', 2818)
[(2, 3), (0, 1), (3, 4), (1, 1), (2, 4), (3, 1), (3, 4), (3, 2), (4, 3), (0, 4), (3, 3), (3, 1), (3, 3), (0, 5), (2, 2), (4, 4), (2, 2), (2, 5), (1, 3), (3, 1), (1, 4), (1, 2), (4, 4), (0, 2), (4, 2), (4, 1), (4, 1), (1, 3), (2, 4), (1, 5), (0, 1), (3, 5), (2, 1), (4, 5), (4, 2), (1, 1), (0, 4), (1, 4), (0, 3), (0, 2)]
MOVE: 0 1 None 1 None 1
outer hints You about all their 1 hints remaining: 7
You has yellow 2, red 3, green 1, blue 2, green 3
MOVE: 1 1 None 0 None 1
You hints outer about all their 1 hints remaining: 6
outer has white 1, yellow 1, red 1, white 3, white 1
MOVE: 0 2 0 None None None
outer plays white 1 successfully! Board is now green 0, yellow 0, white 1, blue 0, red 0
outer now has yellow 1, red 1, white 3, white 1, white 3
MOVE: 1 0 None 0 2 None
You hints outer about all their white cards hints remaining: 5
outer has yellow 1, red 1, white 3, white 1, white 3
MOVE: 0 2 0 None None None
outer plays yellow 1 successfully! Board is now green 0, yellow 1, white 1, blue 0, red 0
outer now has red 1, white 3, white 1, white 3, green 1
MOVE: 1 1 None 0 None 1
You hints outer about all their 1 hints remaining: 4
outer has red 1, white 3, white 1, white 3, green 1
MOVE: 0 3 2 None None None
outer discards white 1
trash is now white 1
outer now has red 1, white 3, white 3, green 1, blue 4
MOVE: 1 2 2 1 None None
You plays green 1 successfully! Board is now green 1, yellow 1, white 1, blue 0, red 0
You now has yellow 2, red 3, blue 2, green 3, yellow 1
MOVE: 0 0 None 1 1 None
outer hints You about all their yellow cards hints remaining: 4
You has yellow 2, red 3, blue 2, green 3, yellow 1
MOVE: 1 0 None 0 4 None
You hints outer about all their red cards hints remaining: 3
outer has red 1, white 3, white 3, green 1, blue 4
MOVE: 0 2 0 None None None
outer plays red 1 successfully! Board is now green 1, yellow 1, white 1, blue 0, red 1
outer now has white 3, white 3, green 1, blue 4, white 4
MOVE: 1 2 4 1 None None
You plays yellow 1 and fails. Board was green 1, yellow 1, white 1, blue 0, red 1
You now has yellow 2, red 3, blue 2, green 3, blue 1
MOVE: 0 1 None 1 None 2
outer hints You about all their 2 hints remaining: 2
You has yellow 2, red 3, blue 2, green 3, blue 1
MOVE: 1 2 0 1 None None
You plays yellow 2 successfully! Board is now green 1, yellow 2, white 1, blue 0, red 1
You now has red 3, blue 2, green 3, blue 1, blue 4
MOVE: 0 1 None 1 None 1
outer hints You about all their 1 hints remaining: 1
You has red 3, blue 2, green 3, blue 1, blue 4
MOVE: 1 2 3 1 None None
You plays blue 1 successfully! Board is now green 1, yellow 2, white 1, blue 1, red 1
You now has red 3, blue 2, green 3, blue 4, blue 2
MOVE: 0 3 2 None None None
outer discards green 1
trash is now white 1, yellow 1, green 1
outer now has white 3, white 3, blue 4, white 4, red 3
MOVE: 1 2 1 1 None None
You plays blue 2 successfully! Board is now green 1, yellow 2, white 1, blue 2, red 1
You now has red 3, green 3, blue 4, blue 2, green 4
MOVE: 0 1 None 1 None 3
outer hints You about all their 3 hints remaining: 1
You has red 3, green 3, blue 4, blue 2, green 4
MOVE: 1 2 1 1 None None
You plays green 3 and fails. Board was green 1, yellow 2, white 1, blue 2, red 1
You now has red 3, blue 4, blue 2, green 4, blue 3
MOVE: 0 1 None 1 None 3
outer hints You about all their 3 hints remaining: 0
You has red 3, blue 4, blue 2, green 4, blue 3
MOVE: 1 2 0 1 None None
You plays red 3 and fails. Board was green 1, yellow 2, white 1, blue 2, red 1
You now has blue 4, blue 2, green 4, blue 3, blue 1
Score 7
