Old GID: 876eb44aafbc1562
Treatment: ('full', 6453)
[(4, 1), (2, 3), (3, 4), (1, 2), (1, 1), (2, 3), (1, 3), (2, 4), (3, 5), (4, 2), (1, 1), (3, 4), (3, 3), (0, 4), (2, 1), (2, 2), (3, 1), (4, 1), (4, 4), (3, 1), (0, 3), (4, 3), (0, 2), (0, 1), (0, 4), (1, 5), (0, 1), (1, 2), (0, 2), (3, 2), (2, 1), (1, 1), (4, 3), (0, 1), (1, 4), (3, 1), (4, 2), (1, 4), (2, 1), (0, 3)]
MOVE: 0 1 None 1 None 1
full hints You about all their 1 hints remaining: 7
You has red 1, white 2, white 5, red 5, blue 2
MOVE: 1 2 0 1 None None
You plays red 1 successfully! Board is now green 0, yellow 0, white 0, blue 0, red 1
You now has white 2, white 5, red 5, blue 2, red 1
MOVE: 0 3 0 None None None
full discards red 4
trash is now red 4
full now has green 5, blue 3, yellow 3, white 4, white 3
MOVE: 1 3 0 1 None None
You discards white 2
trash is now red 4, white 2
You now has white 5, red 5, blue 2, red 1, blue 4
MOVE: 0 3 0 None None None
full discards green 5
trash is now red 4, white 2, green 5
full now has blue 3, yellow 3, white 4, white 3, yellow 2
MOVE: 1 3 0 1 None None
You discards white 5
trash is now red 4, white 2, green 5, white 5
You now has red 5, blue 2, red 1, blue 4, yellow 1
MOVE: 0 0 None 1 1 None
full hints You about all their yellow cards hints remaining: 7
You has red 5, blue 2, red 1, blue 4, yellow 1
MOVE: 1 2 4 1 None None
You plays yellow 1 successfully! Board is now green 0, yellow 1, white 0, blue 0, red 1
You now has red 5, blue 2, red 1, blue 4, white 3
MOVE: 0 3 0 None None None
full discards blue 3
trash is now red 4, white 2, green 5, white 5, blue 3
full now has yellow 3, white 4, white 3, yellow 2, yellow 3
MOVE: 1 0 None 0 1 None
You hints full about all their yellow cards hints remaining: 7
full has yellow 3, white 4, white 3, yellow 2, yellow 3
MOVE: 0 2 0 None None None
full plays yellow 3 and fails. Board was green 0, yellow 1, white 0, blue 0, red 1
full now has white 4, white 3, yellow 2, yellow 3, white 4
MOVE: 1 1 None 0 None 2
You hints full about all their 2 hints remaining: 6
full has white 4, white 3, yellow 2, yellow 3, white 4
MOVE: 0 2 2 None None None
full plays yellow 2 successfully! Board is now green 0, yellow 2, white 0, blue 0, red 1
full now has white 4, white 3, yellow 3, white 4, blue 5
MOVE: 1 1 None 0 None 3
You hints full about all their 3 hints remaining: 5
full has white 4, white 3, yellow 3, white 4, blue 5
MOVE: 0 2 2 None None None
full plays yellow 3 successfully! Board is now green 0, yellow 3, white 0, blue 0, red 1
full now has white 4, white 3, white 4, blue 5, red 2
MOVE: 1 1 None 0 None 2
You hints full about all their 2 hints remaining: 4
full has white 4, white 3, white 4, blue 5, red 2
MOVE: 0 2 4 None None None
full plays red 2 successfully! Board is now green 0, yellow 3, white 0, blue 0, red 2
full now has white 4, white 3, white 4, blue 5, yellow 1
MOVE: 1 3 0 1 None None
You discards red 5
trash is now red 4, white 2, green 5, white 5, blue 3, yellow 3, red 5
You now has blue 2, red 1, blue 4, white 3, blue 4
MOVE: 0 1 None 1 None 2
full hints You about all their 2 hints remaining: 4
You has blue 2, red 1, blue 4, white 3, blue 4
MOVE: 1 2 0 1 None None
You plays blue 2 and fails. Board was green 0, yellow 3, white 0, blue 0, red 2
You now has red 1, blue 4, white 3, blue 4, blue 3
MOVE: 0 3 2 None None None
full discards white 4
trash is now red 4, white 2, green 5, white 5, blue 3, yellow 3, red 5, blue 2, white 4
full now has white 4, white 3, blue 5, yellow 1, green 4
MOVE: 1 2 4 1 None None
You plays blue 3 and fails. Board was green 0, yellow 3, white 0, blue 0, red 2
You now has red 1, blue 4, white 3, blue 4, white 1
Score 5
