Treatment: ('outer', 3)
[(4, 2), (3, 4), (3, 1), (1, 1), (1, 5), (3, 3), (1, 2), (2, 3), (4, 1), (1, 2), (3, 4), (4, 4), (4, 1), (2, 5), (4, 2), (0, 4), (1, 3), (3, 2), (0, 1), (2, 1), (2, 1), (1, 3), (4, 3), (2, 1), (0, 3), (2, 2), (4, 4), (3, 1), (1, 4), (3, 5), (0, 5), (1, 1), (3, 3), (0, 1), (0, 1), (4, 3), (2, 4), (1, 4), (2, 3), (1, 1)]
MOVE: 0 0 None 1 3 None
outer hints You about all their blue cards hints remaining: 7
You has green 4, blue 1, blue 2, green 2, red 1
MOVE: 1 2 1 1 None None
You plays blue 1 successfully! Board is now green 0, yellow 0, white 0, blue 1, red 0
You now has green 4, blue 2, green 2, red 1, red 2
MOVE: 0 1 None 1 None 2
outer hints You about all their 2 hints remaining: 6
You has green 4, blue 2, green 2, red 1, red 2
MOVE: 1 2 1 1 None None
You plays blue 2 successfully! Board is now green 0, yellow 0, white 0, blue 2, red 0
You now has green 4, green 2, red 1, red 2, blue 4
MOVE: 0 0 None 1 4 None
outer hints You about all their red cards hints remaining: 5
You has green 4, green 2, red 1, red 2, blue 4
MOVE: 1 2 2 1 None None
You plays red 1 successfully! Board is now green 0, yellow 0, white 0, blue 2, red 1
You now has green 4, green 2, red 2, blue 4, blue 1
MOVE: 0 1 None 1 None 2
outer hints You about all their 2 hints remaining: 4
You has green 4, green 2, red 2, blue 4, blue 1
MOVE: 1 2 2 1 None None
You plays red 2 successfully! Board is now green 0, yellow 0, white 0, blue 2, red 2
You now has green 4, green 2, blue 4, blue 1, yellow 1
MOVE: 0 0 None 1 1 None
outer hints You about all their yellow cards hints remaining: 3
You has green 4, green 2, blue 4, blue 1, yellow 1
MOVE: 1 1 None 0 None 5
You hints outer about all their 5 hints remaining: 2
outer has white 2, green 3, white 4, green 2, red 5
MOVE: 0 1 None 1 None 1
outer hints You about all their 1 hints remaining: 1
You has green 4, green 2, blue 4, blue 1, yellow 1
MOVE: 1 2 4 1 None None
You plays yellow 1 successfully! Board is now green 0, yellow 1, white 0, blue 2, red 2
You now has green 4, green 2, blue 4, blue 1, yellow 5
MOVE: 0 0 None 1 0 None
outer hints You about all their green cards hints remaining: 0
You has green 4, green 2, blue 4, blue 1, yellow 5
MOVE: 1 2 3 1 None None
You plays blue 1 and fails. Board was green 0, yellow 1, white 0, blue 2, red 2
You now has green 4, green 2, blue 4, yellow 5, blue 3
MOVE: 0 3 2 None None None
outer discards white 4
trash is now blue 1, white 4
outer now has white 2, green 3, green 2, red 5, yellow 2
MOVE: 1 0 None 0 1 None
You hints outer about all their yellow cards hints remaining: 0
outer has white 2, green 3, green 2, red 5, yellow 2
MOVE: 0 3 0 None None None
outer discards white 2
trash is now blue 1, white 4, white 2
outer now has green 3, green 2, red 5, yellow 2, white 3
MOVE: 1 2 0 1 None None
You plays green 4 and fails. Board was green 0, yellow 1, white 0, blue 2, red 2
You now has green 2, blue 4, yellow 5, blue 3, red 1
MOVE: 0 0 None 1 3 None
outer hints You about all their blue cards hints remaining: 0
You has green 2, blue 4, yellow 5, blue 3, red 1
MOVE: 1 2 1 1 None None
You plays blue 4 and fails. Board was green 0, yellow 1, white 0, blue 2, red 2
You now has green 2, yellow 5, blue 3, red 1, yellow 2
Score 5
