Old GID: adfff49310528df7
Treatment: ('outer', 2815)
[(2, 1), (1, 1), (1, 1), (4, 2), (4, 3), (2, 5), (0, 2), (3, 4), (0, 5), (3, 3), (3, 4), (1, 4), (1, 5), (4, 1), (4, 2), (0, 2), (4, 4), (4, 4), (2, 4), (1, 3), (0, 1), (2, 1), (3, 1), (2, 1), (0, 3), (4, 1), (2, 4), (2, 3), (3, 3), (1, 2), (4, 3), (3, 2), (0, 1), (3, 1), (0, 3), (3, 2), (2, 3), (1, 4), (4, 1), (3, 5)]
MOVE: 0 0 None 1 1 None
outer hints You about all their yellow cards hints remaining: 7
You has yellow 3, green 4, white 2, white 2, yellow 1
MOVE: 1 1 None 0 None 1
You hints outer about all their 1 hints remaining: 6
outer has yellow 2, green 4, red 5, blue 1, green 1
MOVE: 0 2 3 None None None
outer plays blue 1 successfully! Board is now green 0, yellow 0, white 0, blue 1, red 0
outer now has yellow 2, green 4, red 5, green 1, white 1
MOVE: 1 2 0 1 None None
You plays yellow 3 and fails. Board was green 0, yellow 0, white 0, blue 1, red 0
You now has green 4, white 2, white 2, yellow 1, yellow 1
MOVE: 0 1 None 1 None 1
outer hints You about all their 1 hints remaining: 5
You has green 4, white 2, white 2, yellow 1, yellow 1
MOVE: 1 2 3 1 None None
You plays yellow 1 successfully! Board is now green 0, yellow 1, white 0, blue 1, red 0
You now has green 4, white 2, white 2, yellow 1, yellow 1
MOVE: 0 0 None 1 2 None
outer hints You about all their white cards hints remaining: 4
You has green 4, white 2, white 2, yellow 1, yellow 1
MOVE: 1 1 None 0 None 1
You hints outer about all their 1 hints remaining: 3
outer has yellow 2, green 4, red 5, green 1, white 1
MOVE: 0 1 None 1 None 2
outer hints You about all their 2 hints remaining: 2
You has green 4, white 2, white 2, yellow 1, yellow 1
MOVE: 1 0 None 0 1 None
You hints outer about all their yellow cards hints remaining: 1
outer has yellow 2, green 4, red 5, green 1, white 1
MOVE: 0 0 None 1 0 None
outer hints You about all their green cards hints remaining: 0
You has green 4, white 2, white 2, yellow 1, yellow 1
MOVE: 1 2 0 1 None None
You plays green 4 and fails. Board was green 0, yellow 1, white 0, blue 1, red 0
You now has white 2, white 2, yellow 1, yellow 1, red 2
MOVE: 0 3 3 None None None
outer discards green 1
trash is now yellow 3, green 4, green 1
outer now has yellow 2, green 4, red 5, white 1, red 3
MOVE: 1 2 2 1 None None
You plays yellow 1 and fails. Board was green 0, yellow 1, white 0, blue 1, red 0
You now has white 2, white 2, yellow 1, red 2, white 5
Score 2
