Old GID: 0c420b6bf684e79d
Treatment: ('outer', 2619)
[(4, 4), (2, 5), (4, 1), (1, 3), (0, 2), (1, 4), (2, 4), (0, 3), (1, 1), (2, 1), (3, 1), (0, 3), (1, 1), (2, 2), (2, 3), (3, 1), (4, 2), (4, 1), (4, 3), (1, 1), (1, 3), (3, 3), (1, 2), (2, 1), (4, 5), (3, 1), (3, 4), (0, 1), (1, 4), (2, 3), (4, 2), (0, 1), (3, 5), (2, 1), (3, 3), (0, 5), (3, 4), (3, 2), (2, 2), (4, 4)]
MOVE: 0 0 None 1 0 None
outer hints You about all their green cards hints remaining: 7
You has blue 2, green 2, green 1, yellow 5, yellow 2
MOVE: 1 1 None 0 None 1
You hints outer about all their 1 hints remaining: 6
outer has white 4, red 3, red 1, green 4, green 4
MOVE: 0 2 2 None None None
outer plays red 1 successfully! Board is now green 0, yellow 0, white 0, blue 0, red 1
outer now has white 4, red 3, green 4, green 4, red 4
MOVE: 1 1 None 0 None 4
You hints outer about all their 4 hints remaining: 5
outer has white 4, red 3, green 4, green 4, red 4
MOVE: 0 1 None 1 None 1
outer hints You about all their 1 hints remaining: 4
You has blue 2, green 2, green 1, yellow 5, yellow 2
MOVE: 1 2 2 1 None None
You plays green 1 successfully! Board is now green 1, yellow 0, white 0, blue 0, red 1
You now has blue 2, green 2, yellow 5, yellow 2, white 5
MOVE: 0 0 None 1 0 None
outer hints You about all their green cards hints remaining: 3
You has blue 2, green 2, yellow 5, yellow 2, white 5
MOVE: 1 2 1 1 None None
You plays green 2 successfully! Board is now green 2, yellow 0, white 0, blue 0, red 1
You now has blue 2, yellow 5, yellow 2, white 5, red 1
MOVE: 0 0 None 1 2 None
outer hints You about all their white cards hints remaining: 2
You has blue 2, yellow 5, yellow 2, white 5, red 1
MOVE: 1 2 3 1 None None
You plays white 5 and fails. Board was green 2, yellow 0, white 0, blue 0, red 1
You now has blue 2, yellow 5, yellow 2, red 1, yellow 3
MOVE: 0 1 None 1 None 5
outer hints You about all their 5 hints remaining: 1
You has blue 2, yellow 5, yellow 2, red 1, yellow 3
MOVE: 1 3 4 1 None None
You discards yellow 3
trash is now white 5, yellow 3
You now has blue 2, yellow 5, yellow 2, red 1, green 2
MOVE: 0 0 None 1 3 None
outer hints You about all their blue cards hints remaining: 1
You has blue 2, yellow 5, yellow 2, red 1, green 2
MOVE: 1 2 0 1 None None
You plays blue 2 and fails. Board was green 2, yellow 0, white 0, blue 0, red 1
You now has yellow 5, yellow 2, red 1, green 2, yellow 4
MOVE: 0 1 None 1 None 2
outer hints You about all their 2 hints remaining: 0
You has yellow 5, yellow 2, red 1, green 2, yellow 4
MOVE: 1 3 4 1 None None
You discards yellow 4
trash is now white 5, yellow 3, blue 2, yellow 4
You now has yellow 5, yellow 2, red 1, green 2, white 4
MOVE: 0 1 None 1 None 1
outer hints You about all their 1 hints remaining: 0
You has yellow 5, yellow 2, red 1, green 2, white 4
MOVE: 1 2 2 1 None None
You plays red 1 and fails. Board was green 2, yellow 0, white 0, blue 0, red 1
You now has yellow 5, yellow 2, green 2, white 4, green 3
Score 3
