Old GID: 450a8eaa2a53a459
Treatment: ('full', 3398)
[(2, 4), (3, 5), (3, 1), (3, 1), (4, 1), (0, 3), (3, 3), (4, 2), (3, 4), (2, 1), (2, 5), (1, 4), (0, 2), (1, 3), (0, 5), (0, 3), (0, 2), (1, 3), (1, 1), (2, 2), (1, 4), (1, 1), (2, 1), (0, 4), (0, 1), (4, 3), (2, 1), (4, 2), (0, 4), (3, 1), (2, 3), (0, 1), (4, 4), (2, 3), (4, 3), (1, 1), (3, 2), (2, 2), (1, 2), (3, 4)]
MOVE: 0 1 None 1 None 1
full hints You about all their 1 hints remaining: 7
You has white 4, yellow 5, red 1, red 4, blue 2
MOVE: 1 2 2 1 None None
You plays red 1 successfully! Board is now green 0, yellow 0, white 0, blue 0, red 1
You now has white 4, yellow 5, red 4, blue 2, white 4
MOVE: 0 3 0 None None None
full discards blue 3
trash is now blue 3
full now has red 5, red 1, yellow 2, green 1, blue 5
MOVE: 1 1 None 0 None 1
You hints full about all their 1 hints remaining: 7
full has red 5, red 1, yellow 2, green 1, blue 5
MOVE: 0 2 1 None None None
full plays red 1 and fails. Board was green 0, yellow 0, white 0, blue 0, red 1
full now has red 5, yellow 2, green 1, blue 5, blue 1
MOVE: 1 1 None 0 None 1
You hints full about all their 1 hints remaining: 6
full has red 5, yellow 2, green 1, blue 5, blue 1
MOVE: 0 2 2 None None None
full plays green 1 successfully! Board is now green 1, yellow 0, white 0, blue 0, red 1
full now has red 5, yellow 2, blue 5, blue 1, blue 1
MOVE: 1 0 None 0 3 None
You hints full about all their blue cards hints remaining: 5
full has red 5, yellow 2, blue 5, blue 1, blue 1
MOVE: 0 2 3 None None None
full plays blue 1 successfully! Board is now green 1, yellow 0, white 0, blue 1, red 1
full now has red 5, yellow 2, blue 5, blue 1, red 1
MOVE: 1 1 None 0 None 1
You hints full about all their 1 hints remaining: 4
full has red 5, yellow 2, blue 5, blue 1, red 1
MOVE: 0 2 4 None None None
full plays red 1 and fails. Board was green 1, yellow 0, white 0, blue 1, red 1
full now has red 5, yellow 2, blue 5, blue 1, green 3
MOVE: 1 1 None 0 None 5
You hints full about all their 5 hints remaining: 3
full has red 5, yellow 2, blue 5, blue 1, green 3
MOVE: 0 3 3 None None None
full discards blue 1
trash is now blue 3, red 1, red 1, blue 1
full now has red 5, yellow 2, blue 5, green 3, blue 3
MOVE: 1 3 0 1 None None
You discards white 4
trash is now blue 3, red 1, red 1, blue 1, white 4
You now has yellow 5, red 4, blue 2, white 4, red 2
MOVE: 0 1 None 1 None 2
full hints You about all their 2 hints remaining: 4
You has yellow 5, red 4, blue 2, white 4, red 2
MOVE: 1 2 2 1 None None
You plays blue 2 successfully! Board is now green 1, yellow 0, white 0, blue 2, red 1
You now has yellow 5, red 4, white 4, red 2, blue 4
MOVE: 0 0 None 1 4 None
full hints You about all their red cards hints remaining: 3
You has yellow 5, red 4, white 4, red 2, blue 4
MOVE: 1 2 3 1 None None
You plays red 2 successfully! Board is now green 1, yellow 0, white 0, blue 2, red 2
You now has yellow 5, red 4, white 4, blue 4, white 1
MOVE: 0 1 None 1 None 1
full hints You about all their 1 hints remaining: 2
You has yellow 5, red 4, white 4, blue 4, white 1
MOVE: 1 2 4 1 None None
You plays white 1 successfully! Board is now green 1, yellow 0, white 1, blue 2, red 2
You now has yellow 5, red 4, white 4, blue 4, white 5
MOVE: 0 3 3 None None None
full discards green 3
trash is now blue 3, red 1, red 1, blue 1, white 4, green 3
full now has red 5, yellow 2, blue 5, blue 3, yellow 4
MOVE: 1 3 0 1 None None
You discards yellow 5
trash is now blue 3, red 1, red 1, blue 1, white 4, green 3, yellow 5
You now has red 4, white 4, blue 4, white 5, green 2
MOVE: 0 0 None 1 0 None
full hints You about all their green cards hints remaining: 3
You has red 4, white 4, blue 4, white 5, green 2
MOVE: 1 2 4 1 None None
You plays green 2 successfully! Board is now green 2, yellow 0, white 1, blue 2, red 2
You now has red 4, white 4, blue 4, white 5, yellow 3
MOVE: 0 3 1 None None None
full discards yellow 2
trash is now blue 3, red 1, red 1, blue 1, white 4, green 3, yellow 5, yellow 2
full now has red 5, blue 5, blue 3, yellow 4, green 5
MOVE: 1 1 None 0 None 3
You hints full about all their 3 hints remaining: 3
full has red 5, blue 5, blue 3, yellow 4, green 5
MOVE: 0 2 2 None None None
full plays blue 3 successfully! Board is now green 2, yellow 0, white 1, blue 3, red 2
full now has red 5, blue 5, yellow 4, green 5, green 3
MOVE: 1 1 None 0 None 3
You hints full about all their 3 hints remaining: 2
full has red 5, blue 5, yellow 4, green 5, green 3
MOVE: 0 2 4 None None None
full plays green 3 successfully! Board is now green 3, yellow 0, white 1, blue 3, red 2
full now has red 5, blue 5, yellow 4, green 5, green 2
MOVE: 1 3 1 1 None None
You discards white 4
trash is now blue 3, red 1, red 1, blue 1, white 4, green 3, yellow 5, yellow 2, white 4
You now has red 4, blue 4, white 5, yellow 3, yellow 3
MOVE: 0 0 None 1 3 None
full hints You about all their blue cards hints remaining: 2
You has red 4, blue 4, white 5, yellow 3, yellow 3
MOVE: 1 2 1 1 None None
You plays blue 4 successfully! Board is now green 3, yellow 0, white 1, blue 4, red 2
You now has red 4, white 5, yellow 3, yellow 3, yellow 1
MOVE: 0 2 1 None None None
full plays blue 5 successfully! Board is now green 3, yellow 0, white 1, blue 5, red 2
full now has red 5, yellow 4, green 5, green 2, white 2
MOVE: 1 3 1 1 None None
You discards white 5
trash is now blue 3, red 1, red 1, blue 1, white 4, green 3, yellow 5, yellow 2, white 4, white 5
You now has red 4, yellow 3, yellow 3, yellow 1, yellow 4
MOVE: 0 1 None 1 None 1
full hints You about all their 1 hints remaining: 3
You has red 4, yellow 3, yellow 3, yellow 1, yellow 4
MOVE: 1 2 3 1 None None
You plays yellow 1 successfully! Board is now green 3, yellow 1, white 1, blue 5, red 2
You now has red 4, yellow 3, yellow 3, yellow 4, yellow 1
MOVE: 0 1 None 1 None 1
full hints You about all their 1 hints remaining: 2
You has red 4, yellow 3, yellow 3, yellow 4, yellow 1
MOVE: 1 0 None 0 2 None
You hints full about all their white cards hints remaining: 1
full has red 5, yellow 4, green 5, green 2, white 2
MOVE: 0 2 4 None None None
full plays white 2 successfully! Board is now green 3, yellow 1, white 2, blue 5, red 2
full now has red 5, yellow 4, green 5, green 2, white 1
MOVE: 1 1 None 0 None 1
You hints full about all their 1 hints remaining: 0
full has red 5, yellow 4, green 5, green 2, white 1
MOVE: 0 3 4 None None None
full discards white 1
trash is now blue 3, red 1, red 1, blue 1, white 4, green 3, yellow 5, yellow 2, white 4, white 5, white 1
full now has red 5, yellow 4, green 5, green 2, green 4
MOVE: 1 0 None 0 0 None
You hints full about all their green cards hints remaining: 0
full has red 5, yellow 4, green 5, green 2, green 4
MOVE: 0 2 2 None None None
full plays green 5 and fails. Board was green 3, yellow 1, white 2, blue 5, red 2
full now has red 5, yellow 4, green 2, green 4, green 1
Score 13
