Old GID: 0a0d4f1a81194dff
Treatment: ('full', 197)
[(3, 2), (0, 2), (3, 1), (0, 5), (2, 3), (3, 3), (3, 4), (1, 2), (2, 4), (3, 5), (1, 3), (4, 3), (2, 2), (1, 1), (4, 2), (0, 2), (4, 1), (2, 2), (3, 4), (0, 4), (2, 1), (1, 3), (1, 5), (1, 4), (3, 3), (1, 4), (2, 1), (4, 4), (4, 2), (3, 1), (3, 2), (4, 1), (4, 1), (2, 1), (4, 5), (0, 3), (0, 4), (0, 1), (0, 3), (2, 3)]
MOVE: 0 1 None 1 None 1
full hints You about all their 1 hints remaining: 7
You has yellow 1, white 4, white 5, yellow 2, blue 1
MOVE: 1 2 0 1 None None
You plays yellow 1 successfully! Board is now green 0, yellow 1, white 0, blue 0, red 0
You now has white 4, white 5, yellow 2, blue 1, blue 2
MOVE: 0 0 None 1 1 None
full hints You about all their yellow cards hints remaining: 6
You has white 4, white 5, yellow 2, blue 1, blue 2
MOVE: 1 2 2 1 None None
You plays yellow 2 successfully! Board is now green 0, yellow 2, white 0, blue 0, red 0
You now has white 4, white 5, blue 1, blue 2, green 2
MOVE: 0 1 None 1 None 2
full hints You about all their 2 hints remaining: 5
You has white 4, white 5, blue 1, blue 2, green 2
MOVE: 1 0 None 0 0 None
You hints full about all their green cards hints remaining: 4
full has green 1, red 4, green 1, yellow 1, red 3
MOVE: 0 2 0 None None None
full plays green 1 successfully! Board is now green 1, yellow 2, white 0, blue 0, red 0
full now has red 4, green 1, yellow 1, red 3, blue 1
MOVE: 1 1 None 0 None 1
You hints full about all their 1 hints remaining: 3
full has red 4, green 1, yellow 1, red 3, blue 1
MOVE: 0 2 2 None None None
full plays yellow 1 and fails. Board was green 1, yellow 2, white 0, blue 0, red 0
full now has red 4, green 1, red 3, blue 1, green 5
MOVE: 1 0 None 0 3 None
You hints full about all their blue cards hints remaining: 2
full has red 4, green 1, red 3, blue 1, green 5
MOVE: 0 2 3 None None None
full plays blue 1 successfully! Board is now green 1, yellow 2, white 0, blue 1, red 0
full now has red 4, green 1, red 3, green 5, white 3
MOVE: 1 3 0 1 None None
You discards white 4
trash is now yellow 1, white 4
You now has white 5, blue 1, blue 2, green 2, blue 3
MOVE: 0 3 1 None None None
full discards green 1
trash is now yellow 1, white 4, green 1
full now has red 4, red 3, green 5, white 3, blue 4
MOVE: 1 3 0 1 None None
You discards white 5
trash is now yellow 1, white 4, green 1, white 5
You now has blue 1, blue 2, green 2, blue 3, yellow 2
MOVE: 0 0 None 1 0 None
full hints You about all their green cards hints remaining: 4
You has blue 1, blue 2, green 2, blue 3, yellow 2
MOVE: 1 2 2 1 None None
You plays green 2 successfully! Board is now green 2, yellow 2, white 0, blue 1, red 0
You now has blue 1, blue 2, blue 3, yellow 2, white 4
MOVE: 0 3 3 None None None
full discards white 3
trash is now yellow 1, white 4, green 1, white 5, white 3
full now has red 4, red 3, green 5, blue 4, blue 5
MOVE: 1 1 None 0 None 5
You hints full about all their 5 hints remaining: 4
full has red 4, red 3, green 5, blue 4, blue 5
MOVE: 0 3 3 None None None
full discards blue 4
trash is now yellow 1, white 4, green 1, white 5, white 3, blue 4
full now has red 4, red 3, green 5, blue 5, yellow 3
MOVE: 1 0 None 0 1 None
You hints full about all their yellow cards hints remaining: 4
full has red 4, red 3, green 5, blue 5, yellow 3
MOVE: 0 2 4 None None None
full plays yellow 3 successfully! Board is now green 2, yellow 3, white 0, blue 1, red 0
full now has red 4, red 3, green 5, blue 5, red 3
MOVE: 1 2 0 1 None None
You plays blue 1 and fails. Board was green 2, yellow 3, white 0, blue 1, red 0
You now has blue 2, blue 3, yellow 2, white 4, white 2
MOVE: 0 1 None 1 None 3
full hints You about all their 3 hints remaining: 3
You has blue 2, blue 3, yellow 2, white 4, white 2
MOVE: 1 2 1 1 None None
You plays blue 3 and fails. Board was green 2, yellow 3, white 0, blue 1, red 0
You now has blue 2, yellow 2, white 4, white 2, yellow 1
Score 6
