Old GID: 3f28987d974a2b30
Treatment: ('intentional', 6964)
[(2, 3), (0, 1), (2, 2), (0, 3), (1, 2), (2, 3), (0, 3), (3, 1), (4, 3), (3, 2), (4, 3), (0, 4), (0, 5), (2, 1), (4, 4), (1, 3), (4, 5), (4, 1), (2, 4), (1, 4), (4, 2), (0, 2), (1, 1), (2, 1), (1, 4), (3, 3), (2, 1), (2, 4), (1, 1), (4, 4), (1, 2), (4, 2), (3, 4), (3, 2), (4, 1), (3, 5), (2, 2), (0, 2), (1, 3), (3, 1)]
MOVE: 0 1 None 1 None 1
intentional hints You about all their 1 hints remaining: 7
You has green 1, blue 4, green 4, green 1, yellow 5
MOVE: 1 2 0 1 None None
You plays green 1 successfully! Board is now green 1, yellow 0, white 0, blue 0, red 0
You now has blue 4, green 4, green 1, yellow 5, white 3
MOVE: 0 3 0 None None None
intentional discards red 1
trash is now red 1
intentional now has blue 3, blue 1, yellow 1, white 5, green 1
MOVE: 1 2 2 1 None None
You plays green 1 and fails. Board was green 1, yellow 0, white 0, blue 0, red 0
You now has blue 4, green 4, yellow 5, white 3, white 2
MOVE: 0 3 0 None None None
intentional discards blue 3
trash is now red 1, green 1, blue 3
intentional now has blue 1, yellow 1, white 5, green 1, green 3
MOVE: 1 0 None 0 3 None
You hints intentional about all their blue cards hints remaining: 7
intentional has blue 1, yellow 1, white 5, green 1, green 3
MOVE: 0 3 1 None None None
intentional discards yellow 1
trash is now red 1, green 1, blue 3, yellow 1
intentional now has blue 1, white 5, green 1, green 3, yellow 2
MOVE: 1 1 None 0 None 1
You hints intentional about all their 1 hints remaining: 7
intentional has blue 1, white 5, green 1, green 3, yellow 2
MOVE: 0 2 0 None None None
intentional plays blue 1 successfully! Board is now green 1, yellow 0, white 0, blue 1, red 0
intentional now has white 5, green 1, green 3, yellow 2, white 3
MOVE: 1 3 0 1 None None
You discards blue 4
trash is now red 1, green 1, blue 3, yellow 1, blue 4
You now has green 4, yellow 5, white 3, white 2, green 3
MOVE: 0 3 0 None None None
intentional discards white 5
trash is now red 1, green 1, blue 3, yellow 1, blue 4, white 5
intentional now has green 1, green 3, yellow 2, white 3, blue 1
MOVE: 1 2 0 1 None None
You plays green 4 and fails. Board was green 1, yellow 0, white 0, blue 1, red 0
You now has yellow 5, white 3, white 2, green 3, red 3
MOVE: 0 3 1 None None None
intentional discards green 3
trash is now red 1, green 1, blue 3, yellow 1, blue 4, white 5, green 4, green 3
intentional now has green 1, yellow 2, white 3, blue 1, blue 2
MOVE: 1 2 0 1 None None
You plays yellow 5 and fails. Board was green 1, yellow 0, white 0, blue 1, red 0
You now has white 3, white 2, green 3, red 3, red 3
Score 2
