Old GID: 154fb710c8542c7f
Treatment: ('outer', 7652)
[(0, 2), (2, 2), (3, 3), (4, 1), (4, 5), (3, 1), (1, 1), (3, 2), (2, 1), (3, 4), (0, 5), (0, 1), (3, 1), (4, 1), (2, 3), (0, 1), (3, 3), (1, 2), (2, 3), (0, 3), (0, 4), (3, 4), (3, 1), (4, 2), (1, 3), (4, 3), (2, 1), (2, 1), (1, 1), (4, 2), (2, 4), (1, 4), (3, 5), (2, 2), (0, 4), (0, 1), (1, 2), (0, 3), (4, 3), (0, 2)]
MOVE: 0 0 None 1 2 None
outer hints You about all their white cards hints remaining: 7
You has blue 2, yellow 5, white 4, yellow 4, red 4
MOVE: 1 1 None 0 None 1
You hints outer about all their 1 hints remaining: 6
outer has red 1, white 5, red 4, yellow 1, yellow 3
MOVE: 0 2 0 None None None
outer plays red 1 successfully! Board is now green 0, yellow 0, white 0, blue 0, red 1
outer now has white 5, red 4, yellow 1, yellow 3, green 2
MOVE: 1 2 2 1 None None
You plays white 4 and fails. Board was green 0, yellow 0, white 0, blue 0, red 1
You now has blue 2, yellow 5, yellow 4, red 4, white 2
MOVE: 0 0 None 1 4 None
outer hints You about all their red cards hints remaining: 5
You has blue 2, yellow 5, yellow 4, red 4, white 2
MOVE: 1 2 3 1 None None
You plays red 4 and fails. Board was green 0, yellow 0, white 0, blue 0, red 1
You now has blue 2, yellow 5, yellow 4, white 2, blue 3
MOVE: 0 0 None 1 2 None
outer hints You about all their white cards hints remaining: 4
You has blue 2, yellow 5, yellow 4, white 2, blue 3
MOVE: 1 2 3 1 None None
You plays white 2 and fails. Board was green 0, yellow 0, white 0, blue 0, red 1
You now has blue 2, yellow 5, yellow 4, blue 3, red 1
Score 1
