Old GID: c38eeeabcbff37fa
Treatment: ('outer', 6964)
[(2, 3), (0, 1), (2, 2), (0, 3), (1, 2), (2, 3), (0, 3), (3, 1), (4, 3), (3, 2), (4, 3), (0, 4), (0, 5), (2, 1), (4, 4), (1, 3), (4, 5), (4, 1), (2, 4), (1, 4), (4, 2), (0, 2), (1, 1), (2, 1), (1, 4), (3, 3), (2, 1), (2, 4), (1, 1), (4, 4), (1, 2), (4, 2), (3, 4), (3, 2), (4, 1), (3, 5), (2, 2), (0, 2), (1, 3), (3, 1)]
MOVE: 0 0 None 1 0 None
outer hints You about all their green cards hints remaining: 7
You has green 1, blue 4, green 4, green 1, yellow 5
MOVE: 1 1 None 0 None 1
You hints outer about all their 1 hints remaining: 6
outer has red 1, blue 3, blue 1, yellow 1, white 5
MOVE: 0 2 0 None None None
outer plays red 1 successfully! Board is now green 0, yellow 0, white 0, blue 0, red 1
outer now has blue 3, blue 1, yellow 1, white 5, white 3
MOVE: 1 1 None 0 None 3
You hints outer about all their 3 hints remaining: 5
outer has blue 3, blue 1, yellow 1, white 5, white 3
MOVE: 0 1 None 1 None 1
outer hints You about all their 1 hints remaining: 4
You has green 1, blue 4, green 4, green 1, yellow 5
MOVE: 1 2 3 1 None None
You plays green 1 successfully! Board is now green 1, yellow 0, white 0, blue 0, red 1
You now has green 1, blue 4, green 4, yellow 5, green 1
MOVE: 0 0 None 1 0 None
outer hints You about all their green cards hints remaining: 3
You has green 1, blue 4, green 4, yellow 5, green 1
MOVE: 1 3 0 1 None None
You discards green 1
trash is now green 1
You now has blue 4, green 4, yellow 5, green 1, white 2
MOVE: 0 1 None 1 None 4
outer hints You about all their 4 hints remaining: 3
You has blue 4, green 4, yellow 5, green 1, white 2
MOVE: 1 0 None 0 3 None
You hints outer about all their blue cards hints remaining: 2
outer has blue 3, blue 1, yellow 1, white 5, white 3
MOVE: 0 2 1 None None None
outer plays blue 1 successfully! Board is now green 1, yellow 0, white 0, blue 1, red 1
outer now has blue 3, yellow 1, white 5, white 3, green 3
MOVE: 1 2 3 1 None None
You plays green 1 and fails. Board was green 1, yellow 0, white 0, blue 1, red 1
You now has blue 4, green 4, yellow 5, white 2, yellow 2
MOVE: 0 0 None 1 1 None
outer hints You about all their yellow cards hints remaining: 1
You has blue 4, green 4, yellow 5, white 2, yellow 2
MOVE: 1 2 2 1 None None
You plays yellow 5 and fails. Board was green 1, yellow 0, white 0, blue 1, red 1
You now has blue 4, green 4, white 2, yellow 2, white 3
MOVE: 0 1 None 1 None 2
outer hints You about all their 2 hints remaining: 0
You has blue 4, green 4, white 2, yellow 2, white 3
MOVE: 1 2 2 1 None None
You plays white 2 and fails. Board was green 1, yellow 0, white 0, blue 1, red 1
You now has blue 4, green 4, yellow 2, white 3, green 3
Score 3
