Old GID: 940433ff621487a6
Treatment: ('full', 2180)
[(4, 2), (3, 4), (2, 2), (0, 4), (1, 2), (4, 1), (4, 3), (1, 1), (3, 5), (3, 1), (0, 3), (2, 3), (4, 3), (0, 1), (4, 1), (4, 5), (4, 4), (2, 1), (1, 1), (4, 1), (1, 1), (1, 3), (3, 1), (2, 1), (3, 1), (0, 5), (3, 3), (2, 3), (4, 2), (0, 2), (2, 4), (0, 2), (0, 1), (1, 2), (3, 4), (2, 1), (1, 4), (0, 1), (2, 4), (0, 4)]
MOVE: 0 3 0 None None None
full discards white 5
trash is now white 5
full now has blue 2, blue 2, yellow 4, yellow 3, red 2
MOVE: 1 2 4 1 None None
You plays green 3 and fails. Board was green 0, yellow 0, white 0, blue 0, red 0
You now has white 2, blue 3, yellow 5, red 4, blue 4
MOVE: 0 3 0 None None None
full discards blue 2
trash is now white 5, green 3, blue 2
full now has blue 2, yellow 4, yellow 3, red 2, white 2
MOVE: 1 2 4 1 None None
You plays blue 4 and fails. Board was green 0, yellow 0, white 0, blue 0, red 0
You now has white 2, blue 3, yellow 5, red 4, green 4
MOVE: 0 3 0 None None None
full discards blue 2
trash is now white 5, green 3, blue 2, blue 4, blue 2
full now has yellow 4, yellow 3, red 2, white 2, yellow 2
MOVE: 1 2 4 1 None None
You plays green 4 and fails. Board was green 0, yellow 0, white 0, blue 0, red 0
You now has white 2, blue 3, yellow 5, red 4, red 1
Score 0
