Old GID: ef92bb1bce0928d9
Treatment: ('intentional', 8486)
[(3, 3), (2, 3), (4, 2), (4, 3), (0, 3), (0, 1), (4, 5), (2, 5), (0, 1), (2, 3), (2, 1), (2, 1), (3, 5), (4, 4), (0, 4), (4, 4), (4, 3), (4, 1), (0, 1), (3, 2), (4, 1), (1, 3), (0, 5), (0, 4), (2, 4), (1, 5), (2, 4), (4, 2), (3, 1), (1, 1), (0, 3), (2, 2), (2, 1), (0, 2), (4, 1), (0, 2), (1, 2), (1, 1), (3, 4), (1, 4)]
MOVE: 0 1 None 1 None 1
intentional hints You about all their 1 hints remaining: 7
You has yellow 2, white 2, blue 1, blue 3, yellow 4
MOVE: 1 2 2 1 None None
You plays blue 1 successfully! Board is now green 0, yellow 0, white 0, blue 1, red 0
You now has yellow 2, white 2, blue 3, yellow 4, blue 3
MOVE: 0 3 0 None None None
intentional discards yellow 1
trash is now yellow 1
intentional now has blue 2, blue 4, blue 1, yellow 3, white 3
MOVE: 1 1 None 0 None 2
You hints intentional about all their 2 hints remaining: 7
intentional has blue 2, blue 4, blue 1, yellow 3, white 3
MOVE: 0 3 1 None None None
intentional discards blue 4
trash is now yellow 1, blue 4
intentional now has blue 2, blue 1, yellow 3, white 3, red 2
MOVE: 1 0 None 0 3 None
You hints intentional about all their blue cards hints remaining: 7
intentional has blue 2, blue 1, yellow 3, white 3, red 2
MOVE: 0 2 0 None None None
intentional plays blue 2 successfully! Board is now green 0, yellow 0, white 0, blue 2, red 0
intentional now has blue 1, yellow 3, white 3, red 2, red 3
MOVE: 1 3 0 1 None None
You discards yellow 2
trash is now yellow 1, blue 4, yellow 2
You now has white 2, blue 3, yellow 4, blue 3, green 3
MOVE: 0 0 None 1 3 None
intentional hints You about all their blue cards hints remaining: 7
You has white 2, blue 3, yellow 4, blue 3, green 3
MOVE: 1 2 1 1 None None
You plays blue 3 successfully! Board is now green 0, yellow 0, white 0, blue 3, red 0
You now has white 2, yellow 4, blue 3, green 3, green 1
MOVE: 0 1 None 1 None 1
intentional hints You about all their 1 hints remaining: 6
You has white 2, yellow 4, blue 3, green 3, green 1
MOVE: 1 2 4 1 None None
You plays green 1 successfully! Board is now green 1, yellow 0, white 0, blue 3, red 0
You now has white 2, yellow 4, blue 3, green 3, red 5
MOVE: 0 1 None 1 None 3
intentional hints You about all their 3 hints remaining: 5
You has white 2, yellow 4, blue 3, green 3, red 5
MOVE: 1 3 2 1 None None
You discards blue 3
trash is now yellow 1, blue 4, yellow 2, blue 3
You now has white 2, yellow 4, green 3, red 5, white 5
MOVE: 0 3 1 None None None
intentional discards yellow 3
trash is now yellow 1, blue 4, yellow 2, blue 3, yellow 3
intentional now has blue 1, white 3, red 2, red 3, green 1
MOVE: 1 0 None 0 0 None
You hints intentional about all their green cards hints remaining: 6
intentional has blue 1, white 3, red 2, red 3, green 1
MOVE: 0 3 4 None None None
intentional discards green 1
trash is now yellow 1, blue 4, yellow 2, blue 3, yellow 3, green 1
intentional now has blue 1, white 3, red 2, red 3, white 3
MOVE: 1 2 4 1 None None
You plays white 5 and fails. Board was green 1, yellow 0, white 0, blue 3, red 0
You now has white 2, yellow 4, green 3, red 5, white 1
MOVE: 0 0 None 1 2 None
intentional hints You about all their white cards hints remaining: 6
You has white 2, yellow 4, green 3, red 5, white 1
MOVE: 1 3 4 1 None None
You discards white 1
trash is now yellow 1, blue 4, yellow 2, blue 3, yellow 3, green 1, white 5, white 1
You now has white 2, yellow 4, green 3, red 5, white 1
MOVE: 0 0 None 1 2 None
intentional hints You about all their white cards hints remaining: 6
You has white 2, yellow 4, green 3, red 5, white 1
MOVE: 1 3 4 1 None None
You discards white 1
trash is now yellow 1, blue 4, yellow 2, blue 3, yellow 3, green 1, white 5, white 1, white 1
You now has white 2, yellow 4, green 3, red 5, blue 5
MOVE: 0 3 4 None None None
intentional discards white 3
trash is now yellow 1, blue 4, yellow 2, blue 3, yellow 3, green 1, white 5, white 1, white 1, white 3
intentional now has blue 1, white 3, red 2, red 3, red 4
MOVE: 1 2 4 1 None None
You plays blue 5 and fails. Board was green 1, yellow 0, white 0, blue 3, red 0
You now has white 2, yellow 4, green 3, red 5, green 4
MOVE: 0 3 0 None None None
intentional discards blue 1
trash is now yellow 1, blue 4, yellow 2, blue 3, yellow 3, green 1, white 5, white 1, white 1, white 3, blue 5, blue 1
intentional now has white 3, red 2, red 3, red 4, red 4
MOVE: 1 2 4 1 None None
You plays green 4 and fails. Board was green 1, yellow 0, white 0, blue 3, red 0
You now has white 2, yellow 4, green 3, red 5, red 3
Score 4
