Old GID: 7f158f9a47bce04d
Treatment: ('outer', 7236)
[(3, 3), (1, 4), (3, 1), (0, 2), (2, 4), (3, 5), (3, 4), (1, 2), (4, 1), (4, 4), (2, 3), (2, 1), (4, 2), (3, 2), (4, 4), (0, 4), (1, 3), (1, 1), (1, 5), (2, 1), (2, 2), (4, 1), (2, 3), (1, 2), (0, 1), (1, 4), (2, 1), (4, 3), (0, 5), (0, 4), (3, 3), (3, 1), (1, 3), (3, 2), (0, 2), (2, 4), (4, 2), (0, 1), (0, 3), (4, 1)]
MOVE: 0 0 None 1 3 None
outer hints You about all their blue cards hints remaining: 7
You has blue 4, blue 1, red 3, red 5, green 3
MOVE: 1 0 None 0 1 None
You hints outer about all their yellow cards hints remaining: 6
outer has yellow 1, white 2, yellow 1, green 1, white 5
MOVE: 0 1 None 1 None 1
outer hints You about all their 1 hints remaining: 5
You has blue 4, blue 1, red 3, red 5, green 3
MOVE: 1 1 None 0 None 1
You hints outer about all their 1 hints remaining: 4
outer has yellow 1, white 2, yellow 1, green 1, white 5
MOVE: 0 2 0 None None None
outer plays yellow 1 successfully! Board is now green 0, yellow 1, white 0, blue 0, red 0
outer now has white 2, yellow 1, green 1, white 5, blue 3
MOVE: 1 2 1 1 None None
You plays blue 1 successfully! Board is now green 0, yellow 1, white 0, blue 1, red 0
You now has blue 4, red 3, red 5, green 3, yellow 4
MOVE: 0 3 1 None None None
outer discards yellow 1
trash is now yellow 1
outer now has white 2, green 1, white 5, blue 3, blue 1
MOVE: 1 0 None 0 0 None
You hints outer about all their green cards hints remaining: 4
outer has white 2, green 1, white 5, blue 3, blue 1
MOVE: 0 2 1 None None None
outer plays green 1 successfully! Board is now green 1, yellow 1, white 0, blue 1, red 0
outer now has white 2, white 5, blue 3, blue 1, green 2
MOVE: 1 0 None 0 0 None
You hints outer about all their green cards hints remaining: 3
outer has white 2, white 5, blue 3, blue 1, green 2
MOVE: 0 0 None 1 4 None
outer hints You about all their red cards hints remaining: 2
You has blue 4, red 3, red 5, green 3, yellow 4
MOVE: 1 1 None 0 None 2
You hints outer about all their 2 hints remaining: 1
outer has white 2, white 5, blue 3, blue 1, green 2
MOVE: 0 2 4 None None None
outer plays green 2 successfully! Board is now green 2, yellow 1, white 0, blue 1, red 0
outer now has white 2, white 5, blue 3, blue 1, white 4
MOVE: 1 0 None 0 2 None
You hints outer about all their white cards hints remaining: 0
outer has white 2, white 5, blue 3, blue 1, white 4
MOVE: 0 3 0 None None None
outer discards white 2
trash is now yellow 1, white 2
outer now has white 5, blue 3, blue 1, white 4, blue 5
MOVE: 1 1 None 0 None 5
You hints outer about all their 5 hints remaining: 0
outer has white 5, blue 3, blue 1, white 4, blue 5
MOVE: 0 3 2 None None None
outer discards blue 1
trash is now yellow 1, white 2, blue 1
outer now has white 5, blue 3, white 4, blue 5, blue 4
MOVE: 1 2 0 1 None None
You plays blue 4 and fails. Board was green 2, yellow 1, white 0, blue 1, red 0
You now has red 3, red 5, green 3, yellow 4, yellow 2
MOVE: 0 0 None 1 0 None
outer hints You about all their green cards hints remaining: 0
You has red 3, red 5, green 3, yellow 4, yellow 2
MOVE: 1 2 2 1 None None
You plays green 3 successfully! Board is now green 3, yellow 1, white 0, blue 1, red 0
You now has red 3, red 5, yellow 4, yellow 2, red 1
MOVE: 0 3 1 None None None
outer discards blue 3
trash is now yellow 1, white 2, blue 1, blue 4, blue 3
outer now has white 5, white 4, blue 5, blue 4, red 4
MOVE: 1 2 0 1 None None
You plays red 3 and fails. Board was green 3, yellow 1, white 0, blue 1, red 0
You now has red 5, yellow 4, yellow 2, red 1, white 3
MOVE: 0 0 None 1 1 None
outer hints You about all their yellow cards hints remaining: 0
You has red 5, yellow 4, yellow 2, red 1, white 3
MOVE: 1 2 1 1 None None
You plays yellow 4 and fails. Board was green 3, yellow 1, white 0, blue 1, red 0
You now has red 5, yellow 2, red 1, white 3, white 1
Score 5
