Old GID: 6856f0f7ba7fb8dd
Treatment: ('outer', 13)
[(1, 3), (1, 2), (3, 2), (2, 1), (0, 1), (4, 1), (0, 4), (3, 3), (3, 4), (3, 4), (3, 3), (4, 2), (2, 3), (4, 2), (1, 5), (2, 5), (2, 1), (2, 4), (2, 2), (2, 2), (2, 4), (0, 2), (4, 1), (0, 1), (4, 3), (4, 1), (1, 3), (1, 1), (4, 3), (2, 1), (0, 3), (3, 1), (0, 5), (0, 3), (1, 1), (0, 4), (3, 5), (3, 1), (3, 2), (1, 1)]
MOVE: 0 0 None 1 0 None
outer hints You about all their green cards hints remaining: 7
You has green 1, blue 1, yellow 2, yellow 4, white 3
MOVE: 1 2 0 1 None None
You plays green 1 successfully! Board is now green 1, yellow 0, white 0, blue 0, red 0
You now has blue 1, yellow 2, yellow 4, white 3, yellow 3
MOVE: 0 0 None 1 3 None
outer hints You about all their blue cards hints remaining: 6
You has blue 1, yellow 2, yellow 4, white 3, yellow 3
MOVE: 1 0 None 0 0 None
You hints outer about all their green cards hints remaining: 5
outer has red 4, green 2, red 5, yellow 4, red 4
MOVE: 0 1 None 1 None 1
outer hints You about all their 1 hints remaining: 4
You has blue 1, yellow 2, yellow 4, white 3, yellow 3
MOVE: 1 1 None 0 None 2
You hints outer about all their 2 hints remaining: 3
outer has red 4, green 2, red 5, yellow 4, red 4
MOVE: 0 2 1 None None None
outer plays green 2 successfully! Board is now green 2, yellow 0, white 0, blue 0, red 0
outer now has red 4, red 5, yellow 4, red 4, yellow 2
MOVE: 1 2 0 1 None None
You plays blue 1 successfully! Board is now green 2, yellow 0, white 0, blue 1, red 0
You now has yellow 2, yellow 4, white 3, yellow 3, blue 2
MOVE: 0 1 None 1 None 2
outer hints You about all their 2 hints remaining: 2
You has yellow 2, yellow 4, white 3, yellow 3, blue 2
MOVE: 1 2 4 1 None None
You plays blue 2 successfully! Board is now green 2, yellow 0, white 0, blue 2, red 0
You now has yellow 2, yellow 4, white 3, yellow 3, white 1
MOVE: 0 1 None 1 None 1
outer hints You about all their 1 hints remaining: 1
You has yellow 2, yellow 4, white 3, yellow 3, white 1
MOVE: 1 2 4 1 None None
You plays white 1 successfully! Board is now green 2, yellow 0, white 1, blue 2, red 0
You now has yellow 2, yellow 4, white 3, yellow 3, green 1
MOVE: 0 0 None 1 1 None
outer hints You about all their yellow cards hints remaining: 0
You has yellow 2, yellow 4, white 3, yellow 3, green 1
MOVE: 1 3 2 1 None None
You discards white 3
trash is now white 3
You now has yellow 2, yellow 4, yellow 3, green 1, red 1
MOVE: 0 1 None 1 None 1
outer hints You about all their 1 hints remaining: 0
You has yellow 2, yellow 4, yellow 3, green 1, red 1
MOVE: 1 2 3 1 None None
You plays green 1 and fails. Board was green 2, yellow 0, white 1, blue 2, red 0
You now has yellow 2, yellow 4, yellow 3, red 1, green 4
MOVE: 0 3 4 None None None
outer discards yellow 2
trash is now white 3, green 1, yellow 2
outer now has red 4, red 5, yellow 4, red 4, blue 3
MOVE: 1 2 3 1 None None
You plays red 1 successfully! Board is now green 2, yellow 0, white 1, blue 2, red 1
You now has yellow 2, yellow 4, yellow 3, green 4, blue 4
MOVE: 0 1 None 1 None 4
outer hints You about all their 4 hints remaining: 0
You has yellow 2, yellow 4, yellow 3, green 4, blue 4
MOVE: 1 3 3 1 None None
You discards green 4
trash is now white 3, green 1, yellow 2, green 4
You now has yellow 2, yellow 4, yellow 3, blue 4, blue 4
MOVE: 0 1 None 1 None 3
outer hints You about all their 3 hints remaining: 0
You has yellow 2, yellow 4, yellow 3, blue 4, blue 4
MOVE: 1 3 3 1 None None
You discards blue 4
trash is now white 3, green 1, yellow 2, green 4, blue 4
You now has yellow 2, yellow 4, yellow 3, blue 4, blue 3
MOVE: 0 0 None 1 3 None
outer hints You about all their blue cards hints remaining: 0
You has yellow 2, yellow 4, yellow 3, blue 4, blue 3
MOVE: 1 2 3 1 None None
You plays blue 4 and fails. Board was green 2, yellow 0, white 1, blue 2, red 1
You now has yellow 2, yellow 4, yellow 3, blue 3, red 2
MOVE: 0 3 2 None None None
outer discards yellow 4
trash is now white 3, green 1, yellow 2, green 4, blue 4, blue 4, yellow 4
outer now has red 4, red 5, red 4, blue 3, white 3
MOVE: 1 2 3 1 None None
You plays blue 3 successfully! Board is now green 2, yellow 0, white 1, blue 3, red 1
You now has yellow 2, yellow 4, yellow 3, red 2, red 2
MOVE: 0 1 None 1 None 2
outer hints You about all their 2 hints remaining: 0
You has yellow 2, yellow 4, yellow 3, red 2, red 2
MOVE: 1 2 3 1 None None
You plays red 2 successfully! Board is now green 2, yellow 0, white 1, blue 3, red 2
You now has yellow 2, yellow 4, yellow 3, red 2, yellow 5
MOVE: 0 3 4 None None None
outer discards white 3
trash is now white 3, green 1, yellow 2, green 4, blue 4, blue 4, yellow 4, white 3
outer now has red 4, red 5, red 4, blue 3, white 5
MOVE: 1 3 4 1 None None
You discards yellow 5
trash is now white 3, green 1, yellow 2, green 4, blue 4, blue 4, yellow 4, white 3, yellow 5
You now has yellow 2, yellow 4, yellow 3, red 2, white 1
MOVE: 0 0 None 1 1 None
outer hints You about all their yellow cards hints remaining: 1
You has yellow 2, yellow 4, yellow 3, red 2, white 1
MOVE: 1 3 4 1 None None
You discards white 1
trash is now white 3, green 1, yellow 2, green 4, blue 4, blue 4, yellow 4, white 3, yellow 5, white 1
You now has yellow 2, yellow 4, yellow 3, red 2, white 4
MOVE: 0 1 None 1 None 2
outer hints You about all their 2 hints remaining: 1
You has yellow 2, yellow 4, yellow 3, red 2, white 4
MOVE: 1 2 3 1 None None
You plays red 2 and fails. Board was green 2, yellow 0, white 1, blue 3, red 2
You now has yellow 2, yellow 4, yellow 3, white 4, white 2
Score 8
