Old GID: 0723704fc42b7b02
Treatment: ('full', 8580)
[(2, 4), (0, 1), (3, 3), (2, 4), (3, 1), (4, 4), (1, 2), (2, 1), (1, 4), (0, 1), (3, 3), (2, 1), (1, 4), (0, 2), (4, 2), (4, 2), (1, 2), (4, 5), (1, 5), (0, 5), (1, 3), (2, 3), (2, 1), (2, 2), (2, 3), (0, 2), (3, 1), (4, 1), (4, 4), (3, 2), (0, 4), (2, 5), (0, 4), (1, 3), (1, 1), (2, 2), (4, 3), (1, 1), (0, 3), (1, 1)]
MOVE: 0 1 None 1 None 1
full hints You about all their 1 hints remaining: 7
You has red 3, blue 5, blue 4, red 1, green 3
MOVE: 1 1 None 0 None 1
You hints full about all their 1 hints remaining: 6
full has blue 1, green 1, blue 2, blue 4, red 1
MOVE: 0 2 0 None None None
full plays blue 1 successfully! Board is now green 0, yellow 0, white 0, blue 1, red 0
full now has green 1, blue 2, blue 4, red 1, white 4
MOVE: 1 1 None 0 None 4
You hints full about all their 4 hints remaining: 5
full has green 1, blue 2, blue 4, red 1, white 4
MOVE: 0 0 None 1 4 None
full hints You about all their red cards hints remaining: 4
You has red 3, blue 5, blue 4, red 1, green 3
MOVE: 1 0 None 0 3 None
You hints full about all their blue cards hints remaining: 3
full has green 1, blue 2, blue 4, red 1, white 4
MOVE: 0 2 1 None None None
full plays blue 2 successfully! Board is now green 0, yellow 0, white 0, blue 2, red 0
full now has green 1, blue 4, red 1, white 4, green 1
MOVE: 1 2 3 1 None None
You plays red 1 successfully! Board is now green 0, yellow 0, white 0, blue 2, red 1
You now has red 3, blue 5, blue 4, green 3, blue 3
MOVE: 0 3 3 None None None
full discards white 4
trash is now white 4
full now has green 1, blue 4, red 1, green 1, white 4
MOVE: 1 0 None 0 0 None
You hints full about all their green cards hints remaining: 3
full has green 1, blue 4, red 1, green 1, white 4
MOVE: 0 2 0 None None None
full plays green 1 successfully! Board is now green 1, yellow 0, white 0, blue 2, red 1
full now has blue 4, red 1, green 1, white 4, blue 1
MOVE: 1 1 None 0 None 4
You hints full about all their 4 hints remaining: 2
full has blue 4, red 1, green 1, white 4, blue 1
MOVE: 0 3 4 None None None
full discards blue 1
trash is now white 4, blue 1
full now has blue 4, red 1, green 1, white 4, red 4
MOVE: 1 1 None 0 None 1
You hints full about all their 1 hints remaining: 2
full has blue 4, red 1, green 1, white 4, red 4
MOVE: 0 2 1 None None None
full plays red 1 and fails. Board was green 1, yellow 0, white 0, blue 2, red 1
full now has blue 4, green 1, white 4, red 4, yellow 2
MOVE: 1 2 0 1 None None
You plays red 3 and fails. Board was green 1, yellow 0, white 0, blue 2, red 1
You now has blue 5, blue 4, green 3, blue 3, white 1
MOVE: 0 3 1 None None None
full discards green 1
trash is now white 4, blue 1, red 1, red 3, green 1
full now has blue 4, white 4, red 4, yellow 2, yellow 4
MOVE: 1 3 0 1 None None
You discards blue 5
trash is now white 4, blue 1, red 1, red 3, green 1, blue 5
You now has blue 4, green 3, blue 3, white 1, green 1
MOVE: 0 0 None 1 2 None
full hints You about all their white cards hints remaining: 3
You has blue 4, green 3, blue 3, white 1, green 1
MOVE: 1 2 3 1 None None
You plays white 1 successfully! Board is now green 1, yellow 0, white 1, blue 2, red 1
You now has blue 4, green 3, blue 3, green 1, blue 3
MOVE: 0 3 3 None None None
full discards yellow 2
trash is now white 4, blue 1, red 1, red 3, green 1, blue 5, yellow 2
full now has blue 4, white 4, red 4, yellow 4, white 1
MOVE: 1 3 0 1 None None
You discards blue 4
trash is now white 4, blue 1, red 1, red 3, green 1, blue 5, yellow 2, blue 4
You now has green 3, blue 3, green 1, blue 3, yellow 4
MOVE: 0 0 None 1 3 None
full hints You about all their blue cards hints remaining: 4
You has green 3, blue 3, green 1, blue 3, yellow 4
MOVE: 1 2 3 1 None None
You plays blue 3 successfully! Board is now green 1, yellow 0, white 1, blue 3, red 1
You now has green 3, blue 3, green 1, yellow 4, green 2
MOVE: 0 2 0 None None None
full plays blue 4 successfully! Board is now green 1, yellow 0, white 1, blue 4, red 1
full now has white 4, red 4, yellow 4, white 1, red 2
MOVE: 1 1 None 0 None 2
You hints full about all their 2 hints remaining: 3
full has white 4, red 4, yellow 4, white 1, red 2
MOVE: 0 2 4 None None None
full plays red 2 successfully! Board is now green 1, yellow 0, white 1, blue 4, red 2
full now has white 4, red 4, yellow 4, white 1, red 2
MOVE: 1 3 0 1 None None
You discards green 3
trash is now white 4, blue 1, red 1, red 3, green 1, blue 5, yellow 2, blue 4, green 3
You now has blue 3, green 1, yellow 4, green 2, yellow 2
MOVE: 0 1 None 1 None 3
full hints You about all their 3 hints remaining: 3
You has blue 3, green 1, yellow 4, green 2, yellow 2
MOVE: 1 3 0 1 None None
You discards blue 3
trash is now white 4, blue 1, red 1, red 3, green 1, blue 5, yellow 2, blue 4, green 3, blue 3
You now has green 1, yellow 4, green 2, yellow 2, red 5
MOVE: 0 3 0 None None None
full discards white 4
trash is now white 4, blue 1, red 1, red 3, green 1, blue 5, yellow 2, blue 4, green 3, blue 3, white 4
full now has red 4, yellow 4, white 1, red 2, yellow 5
MOVE: 1 1 None 0 None 5
You hints full about all their 5 hints remaining: 4
full has red 4, yellow 4, white 1, red 2, yellow 5
MOVE: 0 2 4 None None None
full plays yellow 5 and fails. Board was green 1, yellow 0, white 1, blue 4, red 2
full now has red 4, yellow 4, white 1, red 2, green 5
Score 8
