Old GID: 804d100dd15106c1
Treatment: ('full', 5828)
[(3, 2), (2, 2), (1, 1), (0, 3), (3, 3), (2, 2), (2, 3), (0, 2), (0, 5), (4, 5), (4, 3), (4, 1), (4, 1), (1, 2), (1, 3), (3, 1), (0, 1), (4, 3), (1, 1), (4, 4), (1, 4), (3, 2), (0, 2), (0, 4), (3, 3), (3, 4), (0, 1), (1, 3), (2, 4), (4, 4), (4, 1), (1, 1), (2, 1), (1, 4), (4, 2), (3, 1), (2, 3), (1, 2), (3, 4), (2, 1)]
MOVE: 0 3 0 None None None
full discards green 1
trash is now green 1
full now has white 1, white 4, blue 1, white 5, blue 2
MOVE: 1 1 None 0 None 1
You hints full about all their 1 hints remaining: 7
full has white 1, white 4, blue 1, white 5, blue 2
MOVE: 0 2 0 None None None
full plays white 1 successfully! Board is now green 0, yellow 0, white 1, blue 0, red 0
full now has white 4, blue 1, white 5, blue 2, white 2
MOVE: 1 0 None 0 3 None
You hints full about all their blue cards hints remaining: 6
full has white 4, blue 1, white 5, blue 2, white 2
MOVE: 0 2 1 None None None
full plays blue 1 successfully! Board is now green 0, yellow 0, white 1, blue 1, red 0
full now has white 4, white 5, blue 2, white 2, yellow 1
MOVE: 1 1 None 0 None 2
You hints full about all their 2 hints remaining: 5
full has white 4, white 5, blue 2, white 2, yellow 1
MOVE: 0 2 2 None None None
full plays blue 2 successfully! Board is now green 0, yellow 0, white 1, blue 2, red 0
full now has white 4, white 5, white 2, yellow 1, green 3
MOVE: 1 0 None 0 2 None
You hints full about all their white cards hints remaining: 4
full has white 4, white 5, white 2, yellow 1, green 3
MOVE: 0 2 2 None None None
full plays white 2 successfully! Board is now green 0, yellow 0, white 2, blue 2, red 0
full now has white 4, white 5, yellow 1, green 3, blue 3
MOVE: 1 1 None 0 None 1
You hints full about all their 1 hints remaining: 3
full has white 4, white 5, yellow 1, green 3, blue 3
MOVE: 0 2 2 None None None
full plays yellow 1 successfully! Board is now green 0, yellow 1, white 2, blue 2, red 0
full now has white 4, white 5, green 3, blue 3, white 2
MOVE: 1 0 None 0 3 None
You hints full about all their blue cards hints remaining: 2
full has white 4, white 5, green 3, blue 3, white 2
MOVE: 0 2 3 None None None
full plays blue 3 successfully! Board is now green 0, yellow 1, white 2, blue 3, red 0
full now has white 4, white 5, green 3, white 2, white 3
MOVE: 1 3 0 1 None None
You discards yellow 5
trash is now green 1, yellow 5
You now has green 4, blue 5, green 3, red 2, green 2
MOVE: 0 3 4 None None None
full discards white 3
trash is now green 1, yellow 5, white 3
full now has white 4, white 5, green 3, white 2, green 5
MOVE: 1 3 0 1 None None
You discards green 4
trash is now green 1, yellow 5, white 3, green 4
You now has blue 5, green 3, red 2, green 2, red 5
MOVE: 0 3 4 None None None
full discards green 5
trash is now green 1, yellow 5, white 3, green 4, green 5
full now has white 4, white 5, green 3, white 2, red 3
MOVE: 1 2 4 1 None None
You plays red 5 and fails. Board was green 0, yellow 1, white 2, blue 3, red 0
You now has blue 5, green 3, red 2, green 2, red 1
MOVE: 0 1 None 1 None 1
full hints You about all their 1 hints remaining: 5
You has blue 5, green 3, red 2, green 2, red 1
MOVE: 1 2 4 1 None None
You plays red 1 successfully! Board is now green 0, yellow 1, white 2, blue 3, red 1
You now has blue 5, green 3, red 2, green 2, red 1
MOVE: 0 3 4 None None None
full discards red 3
trash is now green 1, yellow 5, white 3, green 4, green 5, red 5, red 3
full now has white 4, white 5, green 3, white 2, yellow 2
MOVE: 1 2 4 1 None None
You plays red 1 and fails. Board was green 0, yellow 1, white 2, blue 3, red 1
You now has blue 5, green 3, red 2, green 2, yellow 3
MOVE: 0 0 None 1 4 None
full hints You about all their red cards hints remaining: 5
You has blue 5, green 3, red 2, green 2, yellow 3
MOVE: 1 2 4 1 None None
You plays yellow 3 and fails. Board was green 0, yellow 1, white 2, blue 3, red 1
You now has blue 5, green 3, red 2, green 2, blue 1
Score 7
