Old GID: 71e94cffb24c8e10
Treatment: ('intentional', 9216)
[(1, 2), (2, 1), (1, 3), (2, 3), (3, 1), (0, 1), (2, 1), (2, 3), (2, 2), (3, 2), (1, 1), (3, 2), (0, 1), (3, 5), (0, 2), (3, 3), (1, 4), (3, 3), (4, 4), (1, 4), (2, 4), (4, 1), (2, 1), (2, 5), (4, 3), (0, 3), (4, 3), (1, 1), (0, 4), (3, 4), (1, 3), (1, 1), (1, 2), (4, 1), (3, 1), (0, 2), (4, 5), (3, 1), (3, 4), (0, 3)]
MOVE: 0 1 None 1 None 1
intentional hints You about all their 1 hints remaining: 7
You has red 2, green 5, green 4, red 1, yellow 5
MOVE: 1 2 3 1 None None
You plays red 1 successfully! Board is now green 0, yellow 0, white 0, blue 0, red 1
You now has red 2, green 5, green 4, yellow 5, yellow 2
MOVE: 0 0 None 1 4 None
intentional hints You about all their red cards hints remaining: 6
You has red 2, green 5, green 4, yellow 5, yellow 2
MOVE: 1 1 None 0 None 1
You hints intentional about all their 1 hints remaining: 5
intentional has red 4, white 2, white 4, red 2, green 1
MOVE: 0 1 None 1 None 2
intentional hints You about all their 2 hints remaining: 4
You has red 2, green 5, green 4, yellow 5, yellow 2
MOVE: 1 0 None 0 0 None
You hints intentional about all their green cards hints remaining: 3
intentional has red 4, white 2, white 4, red 2, green 1
MOVE: 0 2 4 None None None
intentional plays green 1 successfully! Board is now green 1, yellow 0, white 0, blue 0, red 1
intentional now has red 4, white 2, white 4, red 2, white 1
MOVE: 1 1 None 0 None 2
You hints intentional about all their 2 hints remaining: 2
intentional has red 4, white 2, white 4, red 2, white 1
MOVE: 0 3 4 None None None
intentional discards white 1
trash is now white 1
intentional now has red 4, white 2, white 4, red 2, yellow 3
MOVE: 1 0 None 0 4 None
You hints intentional about all their red cards hints remaining: 2
intentional has red 4, white 2, white 4, red 2, yellow 3
MOVE: 0 2 3 None None None
intentional plays red 2 successfully! Board is now green 1, yellow 0, white 0, blue 0, red 2
intentional now has red 4, white 2, white 4, yellow 3, white 3
MOVE: 1 3 0 1 None None
You discards red 2
trash is now white 1, red 2
You now has green 5, green 4, yellow 5, yellow 2, blue 1
MOVE: 0 0 None 1 3 None
intentional hints You about all their blue cards hints remaining: 2
You has green 5, green 4, yellow 5, yellow 2, blue 1
MOVE: 1 2 4 1 None None
You plays blue 1 successfully! Board is now green 1, yellow 0, white 0, blue 1, red 2
You now has green 5, green 4, yellow 5, yellow 2, green 1
MOVE: 0 3 4 None None None
intentional discards white 3
trash is now white 1, red 2, white 3
intentional now has red 4, white 2, white 4, yellow 3, white 1
MOVE: 1 2 3 1 None None
You plays yellow 2 and fails. Board was green 1, yellow 0, white 0, blue 1, red 2
You now has green 5, green 4, yellow 5, green 1, white 3
MOVE: 0 3 4 None None None
intentional discards white 1
trash is now white 1, red 2, white 3, yellow 2, white 1
intentional now has red 4, white 2, white 4, yellow 3, white 2
MOVE: 1 2 4 1 None None
You plays white 3 and fails. Board was green 1, yellow 0, white 0, blue 1, red 2
You now has green 5, green 4, yellow 5, green 1, blue 2
MOVE: 0 0 None 1 3 None
intentional hints You about all their blue cards hints remaining: 3
You has green 5, green 4, yellow 5, green 1, blue 2
MOVE: 1 2 4 1 None None
You plays blue 2 successfully! Board is now green 1, yellow 0, white 0, blue 2, red 2
You now has green 5, green 4, yellow 5, green 1, yellow 1
MOVE: 0 0 None 1 1 None
intentional hints You about all their yellow cards hints remaining: 2
You has green 5, green 4, yellow 5, green 1, yellow 1
MOVE: 1 2 4 1 None None
You plays yellow 1 successfully! Board is now green 1, yellow 1, white 0, blue 2, red 2
You now has green 5, green 4, yellow 5, green 1, blue 2
MOVE: 0 3 4 None None None
intentional discards white 2
trash is now white 1, red 2, white 3, yellow 2, white 1, white 3, white 2
intentional now has red 4, white 2, white 4, yellow 3, green 1
MOVE: 1 2 2 1 None None
You plays yellow 5 and fails. Board was green 1, yellow 1, white 0, blue 2, red 2
You now has green 5, green 4, green 1, blue 2, blue 5
Score 6
