Old GID: 26b9ff9d887f7baf
Treatment: ('intentional', 3181)
[(1, 2), (4, 1), (0, 2), (1, 4), (1, 1), (0, 1), (0, 1), (0, 1), (4, 3), (2, 2), (2, 1), (3, 5), (4, 1), (3, 4), (1, 2), (0, 3), (4, 1), (2, 5), (3, 1), (1, 1), (0, 2), (3, 1), (2, 3), (2, 1), (4, 4), (1, 4), (3, 3), (0, 4), (3, 2), (0, 5), (4, 3), (4, 2), (1, 5), (3, 2), (3, 4), (1, 3), (3, 1), (0, 3), (0, 4), (2, 4)]
MOVE: 0 1 None 1 None 1
intentional hints You about all their 1 hints remaining: 7
You has white 4, white 3, white 2, yellow 1, white 1
MOVE: 1 2 3 1 None None
You plays yellow 1 successfully! Board is now green 0, yellow 1, white 0, blue 0, red 0
You now has white 4, white 3, white 2, white 1, yellow 2
MOVE: 0 0 None 1 1 None
intentional hints You about all their yellow cards hints remaining: 6
You has white 4, white 3, white 2, white 1, yellow 2
MOVE: 1 2 3 1 None None
You plays white 1 successfully! Board is now green 0, yellow 1, white 1, blue 0, red 0
You now has white 4, white 3, white 2, yellow 2, red 1
MOVE: 0 1 None 1 None 2
intentional hints You about all their 2 hints remaining: 5
You has white 4, white 3, white 2, yellow 2, red 1
MOVE: 1 2 3 1 None None
You plays yellow 2 successfully! Board is now green 0, yellow 2, white 1, blue 0, red 0
You now has white 4, white 3, white 2, red 1, green 2
MOVE: 0 0 None 1 2 None
intentional hints You about all their white cards hints remaining: 4
You has white 4, white 3, white 2, red 1, green 2
MOVE: 1 0 None 0 1 None
You hints intentional about all their yellow cards hints remaining: 3
intentional has blue 3, red 2, red 4, red 5, yellow 3
MOVE: 0 1 None 1 None 2
intentional hints You about all their 2 hints remaining: 2
You has white 4, white 3, white 2, red 1, green 2
MOVE: 1 1 None 0 None 3
You hints intentional about all their 3 hints remaining: 1
intentional has blue 3, red 2, red 4, red 5, yellow 3
MOVE: 0 2 4 None None None
intentional plays yellow 3 successfully! Board is now green 0, yellow 3, white 1, blue 0, red 0
intentional now has blue 3, red 2, red 4, red 5, yellow 4
MOVE: 1 0 None 0 1 None
You hints intentional about all their yellow cards hints remaining: 0
intentional has blue 3, red 2, red 4, red 5, yellow 4
MOVE: 0 3 4 None None None
intentional discards yellow 4
trash is now yellow 4
intentional now has blue 3, red 2, red 4, red 5, yellow 1
MOVE: 1 2 2 1 None None
You plays white 2 successfully! Board is now green 0, yellow 3, white 2, blue 0, red 0
You now has white 4, white 3, red 1, green 2, green 1
MOVE: 0 1 None 1 None 1
intentional hints You about all their 1 hints remaining: 0
You has white 4, white 3, red 1, green 2, green 1
MOVE: 1 2 4 1 None None
You plays green 1 successfully! Board is now green 1, yellow 3, white 2, blue 0, red 0
You now has white 4, white 3, red 1, green 2, green 1
MOVE: 0 3 4 None None None
intentional discards yellow 1
trash is now yellow 4, yellow 1
intentional now has blue 3, red 2, red 4, red 5, green 1
MOVE: 1 2 1 1 None None
You plays white 3 successfully! Board is now green 1, yellow 3, white 3, blue 0, red 0
You now has white 4, red 1, green 2, green 1, red 3
MOVE: 0 1 None 1 None 4
intentional hints You about all their 4 hints remaining: 0
You has white 4, red 1, green 2, green 1, red 3
MOVE: 1 2 0 1 None None
You plays white 4 successfully! Board is now green 1, yellow 3, white 4, blue 0, red 0
You now has red 1, green 2, green 1, red 3, white 2
MOVE: 0 3 0 None None None
intentional discards blue 3
trash is now yellow 4, yellow 1, blue 3
intentional now has red 2, red 4, red 5, green 1, white 1
MOVE: 1 3 0 1 None None
You discards red 1
trash is now yellow 4, yellow 1, blue 3, red 1
You now has green 2, green 1, red 3, white 2, blue 5
MOVE: 0 1 None 1 None 3
intentional hints You about all their 3 hints remaining: 1
You has green 2, green 1, red 3, white 2, blue 5
MOVE: 1 3 2 1 None None
You discards red 3
trash is now yellow 4, yellow 1, blue 3, red 1, red 3
You now has green 2, green 1, white 2, blue 5, red 1
MOVE: 0 0 None 1 4 None
intentional hints You about all their red cards hints remaining: 1
You has green 2, green 1, white 2, blue 5, red 1
MOVE: 1 2 4 1 None None
You plays red 1 successfully! Board is now green 1, yellow 3, white 4, blue 0, red 1
You now has green 2, green 1, white 2, blue 5, blue 4
MOVE: 0 3 0 None None None
intentional discards red 2
trash is now yellow 4, yellow 1, blue 3, red 1, red 3, red 2
intentional now has red 4, red 5, green 1, white 1, yellow 2
MOVE: 1 2 0 1 None None
You plays green 2 successfully! Board is now green 2, yellow 3, white 4, blue 0, red 1
You now has green 1, white 2, blue 5, blue 4, green 3
MOVE: 0 0 None 1 0 None
intentional hints You about all their green cards hints remaining: 1
You has green 1, white 2, blue 5, blue 4, green 3
MOVE: 1 2 4 1 None None
You plays green 3 successfully! Board is now green 3, yellow 3, white 4, blue 0, red 1
You now has green 1, white 2, blue 5, blue 4, red 1
MOVE: 0 1 None 1 None 2
intentional hints You about all their 2 hints remaining: 0
You has green 1, white 2, blue 5, blue 4, red 1
MOVE: 1 2 1 1 None None
You plays white 2 and fails. Board was green 3, yellow 3, white 4, blue 0, red 1
You now has green 1, blue 5, blue 4, red 1, white 5
MOVE: 0 3 0 None None None
intentional discards red 4
trash is now yellow 4, yellow 1, blue 3, red 1, red 3, red 2, white 2, red 4
intentional now has red 5, green 1, white 1, yellow 2, blue 1
MOVE: 1 2 0 1 None None
You plays green 1 and fails. Board was green 3, yellow 3, white 4, blue 0, red 1
You now has blue 5, blue 4, red 1, white 5, yellow 1
MOVE: 0 0 None 1 2 None
intentional hints You about all their white cards hints remaining: 0
You has blue 5, blue 4, red 1, white 5, yellow 1
MOVE: 1 2 3 1 None None
You plays white 5 successfully! Board is now green 3, yellow 3, white 5, blue 0, red 1
You now has blue 5, blue 4, red 1, yellow 1, green 2
MOVE: 0 0 None 1 4 None
intentional hints You about all their red cards hints remaining: 0
You has blue 5, blue 4, red 1, yellow 1, green 2
MOVE: 1 2 2 1 None None
You plays red 1 and fails. Board was green 3, yellow 3, white 5, blue 0, red 1
You now has blue 5, blue 4, yellow 1, green 2, blue 1
Score 12
