Old GID: 2393184832201585
Treatment: ('outer', 9147)
[(1, 5), (2, 3), (4, 1), (2, 2), (1, 1), (0, 4), (4, 4), (2, 1), (0, 1), (2, 2), (3, 5), (4, 3), (1, 4), (4, 4), (4, 1), (3, 1), (3, 1), (4, 3), (0, 3), (0, 3), (1, 1), (2, 4), (1, 2), (0, 1), (3, 2), (3, 1), (0, 2), (2, 1), (0, 5), (1, 1), (1, 2), (1, 3), (3, 3), (4, 5), (3, 4), (4, 1), (2, 5), (1, 4), (2, 1), (0, 1)]
MOVE: 0 0 None 1 3 None
outer hints You about all their blue cards hints remaining: 7
You has white 4, green 2, green 4, yellow 3, blue 4
MOVE: 1 2 4 1 None None
You plays blue 4 and fails. Board was green 0, yellow 0, white 0, blue 0, red 0
You now has white 4, green 2, green 4, yellow 3, yellow 5
MOVE: 0 1 None 1 None 5
outer hints You about all their 5 hints remaining: 6
You has white 4, green 2, green 4, yellow 3, yellow 5
MOVE: 1 3 0 1 None None
You discards white 4
trash is now blue 4, white 4
You now has green 2, green 4, yellow 3, yellow 5, white 3
MOVE: 0 0 None 1 1 None
outer hints You about all their yellow cards hints remaining: 6
You has green 2, green 4, yellow 3, yellow 5, white 3
MOVE: 1 3 0 1 None None
You discards green 2
trash is now blue 4, white 4, green 2
You now has green 4, yellow 3, yellow 5, white 3, red 1
MOVE: 0 1 None 1 None 1
outer hints You about all their 1 hints remaining: 6
You has green 4, yellow 3, yellow 5, white 3, red 1
MOVE: 1 2 4 1 None None
You plays red 1 successfully! Board is now green 0, yellow 0, white 0, blue 0, red 1
You now has green 4, yellow 3, yellow 5, white 3, white 2
MOVE: 0 0 None 1 2 None
outer hints You about all their white cards hints remaining: 5
You has green 4, yellow 3, yellow 5, white 3, white 2
MOVE: 1 0 None 0 4 None
You hints outer about all their red cards hints remaining: 4
outer has blue 3, white 3, red 2, red 2, blue 2
MOVE: 0 0 None 1 0 None
outer hints You about all their green cards hints remaining: 3
You has green 4, yellow 3, yellow 5, white 3, white 2
MOVE: 1 2 4 1 None None
You plays white 2 and fails. Board was green 0, yellow 0, white 0, blue 0, red 1
You now has green 4, yellow 3, yellow 5, white 3, yellow 1
MOVE: 0 1 None 1 None 1
outer hints You about all their 1 hints remaining: 2
You has green 4, yellow 3, yellow 5, white 3, yellow 1
MOVE: 1 2 4 1 None None
You plays yellow 1 successfully! Board is now green 0, yellow 1, white 0, blue 0, red 1
You now has green 4, yellow 3, yellow 5, white 3, green 4
MOVE: 0 1 None 1 None 4
outer hints You about all their 4 hints remaining: 1
You has green 4, yellow 3, yellow 5, white 3, green 4
MOVE: 1 1 None 0 None 2
You hints outer about all their 2 hints remaining: 0
outer has blue 3, white 3, red 2, red 2, blue 2
MOVE: 0 2 2 None None None
outer plays red 2 successfully! Board is now green 0, yellow 1, white 0, blue 0, red 2
outer now has blue 3, white 3, red 2, blue 2, red 4
MOVE: 1 3 1 1 None None
You discards yellow 3
trash is now blue 4, white 4, green 2, white 2, yellow 3
You now has green 4, yellow 5, white 3, green 4, white 1
MOVE: 0 3 2 None None None
outer discards red 2
trash is now blue 4, white 4, green 2, white 2, yellow 3, red 2
outer now has blue 3, white 3, blue 2, red 4, green 1
MOVE: 1 1 None 0 None 1
You hints outer about all their 1 hints remaining: 1
outer has blue 3, white 3, blue 2, red 4, green 1
MOVE: 0 1 None 1 None 1
outer hints You about all their 1 hints remaining: 0
You has green 4, yellow 5, white 3, green 4, white 1
MOVE: 1 2 4 1 None None
You plays white 1 successfully! Board is now green 0, yellow 1, white 1, blue 0, red 2
You now has green 4, yellow 5, white 3, green 4, white 2
MOVE: 0 3 2 None None None
outer discards blue 2
trash is now blue 4, white 4, green 2, white 2, yellow 3, red 2, blue 2
outer now has blue 3, white 3, red 4, green 1, blue 5
MOVE: 1 3 4 1 None None
You discards white 2
trash is now blue 4, white 4, green 2, white 2, yellow 3, red 2, blue 2, white 2
You now has green 4, yellow 5, white 3, green 4, red 3
MOVE: 0 1 None 1 None 3
outer hints You about all their 3 hints remaining: 1
You has green 4, yellow 5, white 3, green 4, red 3
MOVE: 1 2 4 1 None None
You plays red 3 successfully! Board is now green 0, yellow 1, white 1, blue 0, red 3
You now has green 4, yellow 5, white 3, green 4, yellow 4
MOVE: 0 0 None 1 1 None
outer hints You about all their yellow cards hints remaining: 0
You has green 4, yellow 5, white 3, green 4, yellow 4
MOVE: 1 2 4 1 None None
You plays yellow 4 and fails. Board was green 0, yellow 1, white 1, blue 0, red 3
You now has green 4, yellow 5, white 3, green 4, red 4
Score 5
