Old GID: 42d170d673391ef0
Treatment: ('full', 907)
[(4, 1), (4, 3), (3, 3), (3, 1), (0, 2), (2, 3), (1, 1), (0, 3), (2, 1), (1, 2), (3, 2), (2, 3), (0, 2), (3, 2), (2, 4), (4, 3), (1, 3), (2, 2), (1, 5), (3, 5), (3, 4), (4, 2), (1, 4), (4, 1), (4, 4), (1, 4), (4, 5), (1, 3), (0, 1), (0, 4), (2, 5), (0, 3), (2, 1), (4, 4), (3, 1), (2, 1), (1, 2), (0, 4), (0, 1), (3, 3)]
MOVE: 0 1 None 1 None 1
full hints You about all their 1 hints remaining: 7
You has green 1, yellow 1, white 2, blue 4, green 5
MOVE: 1 2 1 1 None None
You plays yellow 1 successfully! Board is now green 0, yellow 1, white 0, blue 0, red 0
You now has green 1, white 2, blue 4, green 5, red 1
MOVE: 0 1 None 1 None 1
full hints You about all their 1 hints remaining: 6
You has green 1, white 2, blue 4, green 5, red 1
MOVE: 1 2 0 1 None None
You plays green 1 successfully! Board is now green 1, yellow 1, white 0, blue 0, red 0
You now has white 2, blue 4, green 5, red 1, red 3
MOVE: 0 3 0 None None None
full discards red 1
trash is now red 1
full now has white 4, red 2, yellow 1, blue 1, blue 3
MOVE: 1 2 3 1 None None
You plays red 1 successfully! Board is now green 1, yellow 1, white 0, blue 0, red 1
You now has white 2, blue 4, green 5, red 3, blue 1
MOVE: 0 0 None 1 3 None
full hints You about all their blue cards hints remaining: 6
You has white 2, blue 4, green 5, red 3, blue 1
MOVE: 1 1 None 0 None 2
You hints full about all their 2 hints remaining: 5
full has white 4, red 2, yellow 1, blue 1, blue 3
MOVE: 0 2 1 None None None
full plays red 2 successfully! Board is now green 1, yellow 1, white 0, blue 0, red 2
full now has white 4, yellow 1, blue 1, blue 3, green 2
MOVE: 1 1 None 0 None 1
You hints full about all their 1 hints remaining: 4
full has white 4, yellow 1, blue 1, blue 3, green 2
MOVE: 0 2 1 None None None
full plays yellow 1 and fails. Board was green 1, yellow 1, white 0, blue 0, red 2
full now has white 4, blue 1, blue 3, green 2, white 3
MOVE: 1 0 None 0 3 None
You hints full about all their blue cards hints remaining: 3
full has white 4, blue 1, blue 3, green 2, white 3
MOVE: 0 2 1 None None None
full plays blue 1 successfully! Board is now green 1, yellow 1, white 0, blue 1, red 2
full now has white 4, blue 3, green 2, white 3, yellow 1
MOVE: 1 1 None 0 None 2
You hints full about all their 2 hints remaining: 2
full has white 4, blue 3, green 2, white 3, yellow 1
MOVE: 0 2 2 None None None
full plays green 2 successfully! Board is now green 2, yellow 1, white 0, blue 1, red 2
full now has white 4, blue 3, white 3, yellow 1, green 3
MOVE: 1 2 1 1 None None
You plays blue 4 and fails. Board was green 2, yellow 1, white 0, blue 1, red 2
You now has white 2, green 5, red 3, blue 1, white 1
MOVE: 0 1 None 1 None 1
full hints You about all their 1 hints remaining: 1
You has white 2, green 5, red 3, blue 1, white 1
MOVE: 1 3 3 1 None None
You discards blue 1
trash is now red 1, yellow 1, blue 4, blue 1
You now has white 2, green 5, red 3, white 1, yellow 2
MOVE: 0 0 None 1 1 None
full hints You about all their yellow cards hints remaining: 1
You has white 2, green 5, red 3, white 1, yellow 2
MOVE: 1 2 4 1 None None
You plays yellow 2 successfully! Board is now green 2, yellow 2, white 0, blue 1, red 2
You now has white 2, green 5, red 3, white 1, blue 2
MOVE: 0 1 None 1 None 2
full hints You about all their 2 hints remaining: 0
You has white 2, green 5, red 3, white 1, blue 2
MOVE: 1 2 0 1 None None
You plays white 2 and fails. Board was green 2, yellow 2, white 0, blue 1, red 2
You now has green 5, red 3, white 1, blue 2, white 3
Score 7
