Treatment: ('full', 3)
[(4, 2), (3, 4), (3, 1), (1, 1), (1, 5), (3, 3), (1, 2), (2, 3), (4, 1), (1, 2), (3, 4), (4, 4), (4, 1), (2, 5), (4, 2), (0, 4), (1, 3), (3, 2), (0, 1), (2, 1), (2, 1), (1, 3), (4, 3), (2, 1), (0, 3), (2, 2), (4, 4), (3, 1), (1, 4), (3, 5), (0, 5), (1, 1), (3, 3), (0, 1), (0, 1), (4, 3), (2, 4), (1, 4), (2, 3), (1, 1)]
MOVE: 0 1 None 1 None 1
full hints You about all their 1 hints remaining: 7
You has green 4, blue 1, blue 2, green 2, red 1
MOVE: 1 2 4 1 None None
You plays red 1 successfully! Board is now green 0, yellow 0, white 0, blue 0, red 1
You now has green 4, blue 1, blue 2, green 2, red 2
MOVE: 0 0 None 1 3 None
full hints You about all their blue cards hints remaining: 6
You has green 4, blue 1, blue 2, green 2, red 2
MOVE: 1 2 1 1 None None
You plays blue 1 successfully! Board is now green 0, yellow 0, white 0, blue 1, red 1
You now has green 4, blue 2, green 2, red 2, blue 4
MOVE: 0 0 None 1 4 None
full hints You about all their red cards hints remaining: 5
You has green 4, blue 2, green 2, red 2, blue 4
MOVE: 1 2 1 1 None None
You plays blue 2 successfully! Board is now green 0, yellow 0, white 0, blue 2, red 1
You now has green 4, green 2, red 2, blue 4, blue 1
MOVE: 0 1 None 1 None 2
full hints You about all their 2 hints remaining: 4
You has green 4, green 2, red 2, blue 4, blue 1
MOVE: 1 3 1 1 None None
You discards green 2
trash is now green 2
You now has green 4, red 2, blue 4, blue 1, yellow 1
MOVE: 0 0 None 1 1 None
full hints You about all their yellow cards hints remaining: 4
You has green 4, red 2, blue 4, blue 1, yellow 1
MOVE: 1 2 1 1 None None
You plays red 2 successfully! Board is now green 0, yellow 0, white 0, blue 2, red 2
You now has green 4, blue 4, blue 1, yellow 1, yellow 5
MOVE: 0 3 0 None None None
full discards white 2
trash is now green 2, white 2
full now has green 3, white 4, green 2, red 5, blue 3
MOVE: 1 0 None 0 3 None
You hints full about all their blue cards hints remaining: 4
full has green 3, white 4, green 2, red 5, blue 3
MOVE: 0 2 4 None None None
full plays blue 3 successfully! Board is now green 0, yellow 0, white 0, blue 3, red 2
full now has green 3, white 4, green 2, red 5, yellow 2
MOVE: 1 2 3 1 None None
You plays yellow 1 successfully! Board is now green 0, yellow 1, white 0, blue 3, red 2
You now has green 4, blue 4, blue 1, yellow 5, white 3
MOVE: 0 1 None 1 None 4
full hints You about all their 4 hints remaining: 3
You has green 4, blue 4, blue 1, yellow 5, white 3
MOVE: 1 0 None 0 1 None
You hints full about all their yellow cards hints remaining: 2
full has green 3, white 4, green 2, red 5, yellow 2
MOVE: 0 2 4 None None None
full plays yellow 2 successfully! Board is now green 0, yellow 2, white 0, blue 3, red 2
full now has green 3, white 4, green 2, red 5, red 1
MOVE: 1 2 1 1 None None
You plays blue 4 successfully! Board is now green 0, yellow 2, white 0, blue 4, red 2
You now has green 4, blue 1, yellow 5, white 3, yellow 2
MOVE: 0 1 None 1 None 2
full hints You about all their 2 hints remaining: 1
You has green 4, blue 1, yellow 5, white 3, yellow 2
MOVE: 1 2 0 1 None None
You plays green 4 and fails. Board was green 0, yellow 2, white 0, blue 4, red 2
You now has blue 1, yellow 5, white 3, yellow 2, blue 4
MOVE: 0 1 None 1 None 4
full hints You about all their 4 hints remaining: 0
You has blue 1, yellow 5, white 3, yellow 2, blue 4
MOVE: 1 3 3 1 None None
You discards yellow 2
trash is now green 2, white 2, green 4, yellow 2
You now has blue 1, yellow 5, white 3, blue 4, red 4
MOVE: 0 1 None 1 None 4
full hints You about all their 4 hints remaining: 0
You has blue 1, yellow 5, white 3, blue 4, red 4
MOVE: 1 3 3 1 None None
You discards blue 4
trash is now green 2, white 2, green 4, yellow 2, blue 4
You now has blue 1, yellow 5, white 3, red 4, red 1
MOVE: 0 3 4 None None None
full discards red 1
trash is now green 2, white 2, green 4, yellow 2, blue 4, red 1
full now has green 3, white 4, green 2, red 5, white 5
MOVE: 1 1 None 0 None 5
You hints full about all their 5 hints remaining: 1
full has green 3, white 4, green 2, red 5, white 5
MOVE: 0 2 4 None None None
full plays white 5 and fails. Board was green 0, yellow 2, white 0, blue 4, red 2
full now has green 3, white 4, green 2, red 5, red 2
MOVE: 1 3 3 1 None None
You discards red 4
trash is now green 2, white 2, green 4, yellow 2, blue 4, red 1, white 5, red 4
You now has blue 1, yellow 5, white 3, red 1, green 4
MOVE: 0 3 4 None None None
full discards red 2
trash is now green 2, white 2, green 4, yellow 2, blue 4, red 1, white 5, red 4, red 2
full now has green 3, white 4, green 2, red 5, yellow 3
MOVE: 1 3 0 1 None None
You discards blue 1
trash is now green 2, white 2, green 4, yellow 2, blue 4, red 1, white 5, red 4, red 2, blue 1
You now has yellow 5, white 3, red 1, green 4, blue 2
MOVE: 0 1 None 1 None 2
full hints You about all their 2 hints remaining: 3
You has yellow 5, white 3, red 1, green 4, blue 2
MOVE: 1 3 4 1 None None
You discards blue 2
trash is now green 2, white 2, green 4, yellow 2, blue 4, red 1, white 5, red 4, red 2, blue 1, blue 2
You now has yellow 5, white 3, red 1, green 4, green 1
MOVE: 0 3 4 None None None
full discards yellow 3
trash is now green 2, white 2, green 4, yellow 2, blue 4, red 1, white 5, red 4, red 2, blue 1, blue 2, yellow 3
full now has green 3, white 4, green 2, red 5, white 1
MOVE: 1 1 None 0 None 1
You hints full about all their 1 hints remaining: 4
full has green 3, white 4, green 2, red 5, white 1
MOVE: 0 2 4 None None None
full plays white 1 successfully! Board is now green 0, yellow 2, white 1, blue 4, red 2
full now has green 3, white 4, green 2, red 5, white 1
MOVE: 1 3 0 1 None None
You discards yellow 5
trash is now green 2, white 2, green 4, yellow 2, blue 4, red 1, white 5, red 4, red 2, blue 1, blue 2, yellow 3, yellow 5
You now has white 3, red 1, green 4, green 1, yellow 3
MOVE: 0 0 None 1 1 None
full hints You about all their yellow cards hints remaining: 4
You has white 3, red 1, green 4, green 1, yellow 3
MOVE: 1 2 4 1 None None
You plays yellow 3 successfully! Board is now green 0, yellow 3, white 1, blue 4, red 2
You now has white 3, red 1, green 4, green 1, red 3
MOVE: 0 0 None 1 2 None
full hints You about all their white cards hints remaining: 3
You has white 3, red 1, green 4, green 1, red 3
MOVE: 1 2 0 1 None None
You plays white 3 and fails. Board was green 0, yellow 3, white 1, blue 4, red 2
You now has red 1, green 4, green 1, red 3, white 1
Score 10
