Old GID: e3343c7416f9e32c
Treatment: ('outer', 2770)
[(4, 1), (3, 2), (1, 4), (3, 4), (0, 1), (2, 1), (2, 1), (2, 1), (4, 3), (1, 5), (3, 3), (4, 1), (3, 5), (1, 2), (3, 1), (4, 4), (1, 4), (4, 4), (0, 5), (1, 1), (3, 1), (2, 3), (4, 2), (1, 1), (3, 1), (4, 3), (3, 2), (0, 1), (3, 4), (0, 4), (0, 3), (2, 2), (0, 2), (1, 1), (1, 3), (1, 2), (2, 2), (4, 2), (4, 5), (0, 3)]
MOVE: 0 1 None 1 None 1
outer hints You about all their 1 hints remaining: 7
You has white 4, blue 3, white 5, green 1, yellow 3
MOVE: 1 2 3 1 None None
You plays green 1 successfully! Board is now green 1, yellow 0, white 0, blue 0, red 0
You now has white 4, blue 3, white 5, yellow 3, red 1
MOVE: 0 0 None 1 4 None
outer hints You about all their red cards hints remaining: 6
You has white 4, blue 3, white 5, yellow 3, red 1
MOVE: 1 2 4 1 None None
You plays red 1 successfully! Board is now green 1, yellow 0, white 0, blue 0, red 1
You now has white 4, blue 3, white 5, yellow 3, blue 2
MOVE: 0 0 None 1 2 None
outer hints You about all their white cards hints remaining: 5
You has white 4, blue 3, white 5, yellow 3, blue 2
MOVE: 1 1 None 0 None 2
You hints outer about all their 2 hints remaining: 4
outer has green 2, white 3, green 4, red 1, white 4
MOVE: 0 0 None 1 3 None
outer hints You about all their blue cards hints remaining: 3
You has white 4, blue 3, white 5, yellow 3, blue 2
MOVE: 1 0 None 0 0 None
You hints outer about all their green cards hints remaining: 2
outer has green 2, white 3, green 4, red 1, white 4
MOVE: 0 2 0 None None None
outer plays green 2 successfully! Board is now green 2, yellow 0, white 0, blue 0, red 1
outer now has white 3, green 4, red 1, white 4, yellow 4
MOVE: 1 2 4 1 None None
You plays blue 2 and fails. Board was green 2, yellow 0, white 0, blue 0, red 1
You now has white 4, blue 3, white 5, yellow 3, blue 4
MOVE: 0 1 None 1 None 4
outer hints You about all their 4 hints remaining: 1
You has white 4, blue 3, white 5, yellow 3, blue 4
MOVE: 1 2 4 1 None None
You plays blue 4 and fails. Board was green 2, yellow 0, white 0, blue 0, red 1
You now has white 4, blue 3, white 5, yellow 3, green 1
MOVE: 0 1 None 1 None 3
outer hints You about all their 3 hints remaining: 0
You has white 4, blue 3, white 5, yellow 3, green 1
MOVE: 1 2 4 1 None None
You plays green 1 and fails. Board was green 2, yellow 0, white 0, blue 0, red 1
You now has white 4, blue 3, white 5, yellow 3, white 1
Score 3
