Old GID: c0bd3838032954a6
Treatment: ('outer', 293)
[(1, 1), (2, 1), (0, 1), (3, 3), (4, 3), (0, 2), (0, 4), (1, 1), (0, 3), (3, 1), (3, 2), (2, 4), (4, 2), (1, 4), (1, 2), (0, 2), (3, 3), (3, 4), (4, 5), (1, 1), (3, 5), (1, 2), (4, 4), (2, 3), (0, 1), (1, 4), (2, 3), (4, 4), (4, 3), (4, 1), (4, 1), (0, 4), (3, 1), (3, 2), (2, 4), (2, 1), (1, 5), (2, 2), (0, 3), (2, 2)]
MOVE: 0 1 None 1 None 1
outer hints You about all their 1 hints remaining: 7
You has white 5, blue 4, red 1, blue 1, green 1
MOVE: 1 2 4 1 None None
You plays green 1 successfully! Board is now green 1, yellow 0, white 0, blue 0, red 0
You now has white 5, blue 4, red 1, blue 1, yellow 1
MOVE: 0 0 None 1 4 None
outer hints You about all their red cards hints remaining: 6
You has white 5, blue 4, red 1, blue 1, yellow 1
MOVE: 1 2 2 1 None None
You plays red 1 successfully! Board is now green 1, yellow 0, white 0, blue 0, red 1
You now has white 5, blue 4, blue 1, yellow 1, white 1
MOVE: 0 0 None 1 3 None
outer hints You about all their blue cards hints remaining: 5
You has white 5, blue 4, blue 1, yellow 1, white 1
MOVE: 1 2 2 1 None None
You plays blue 1 successfully! Board is now green 1, yellow 0, white 0, blue 1, red 1
You now has white 5, blue 4, yellow 1, white 1, green 1
MOVE: 0 1 None 1 None 1
outer hints You about all their 1 hints remaining: 4
You has white 5, blue 4, yellow 1, white 1, green 1
MOVE: 1 2 4 1 None None
You plays green 1 and fails. Board was green 1, yellow 0, white 0, blue 1, red 1
You now has white 5, blue 4, yellow 1, white 1, blue 3
MOVE: 0 0 None 1 1 None
outer hints You about all their yellow cards hints remaining: 3
You has white 5, blue 4, yellow 1, white 1, blue 3
MOVE: 1 2 2 1 None None
You plays yellow 1 successfully! Board is now green 1, yellow 1, white 0, blue 1, red 1
You now has white 5, blue 4, white 1, blue 3, red 3
MOVE: 0 1 None 1 None 1
outer hints You about all their 1 hints remaining: 2
You has white 5, blue 4, white 1, blue 3, red 3
MOVE: 1 2 2 1 None None
You plays white 1 successfully! Board is now green 1, yellow 1, white 1, blue 1, red 1
You now has white 5, blue 4, blue 3, red 3, green 2
MOVE: 0 1 None 1 None 2
outer hints You about all their 2 hints remaining: 1
You has white 5, blue 4, blue 3, red 3, green 2
MOVE: 1 2 4 1 None None
You plays green 2 successfully! Board is now green 2, yellow 1, white 1, blue 1, red 1
You now has white 5, blue 4, blue 3, red 3, green 4
MOVE: 0 0 None 1 3 None
outer hints You about all their blue cards hints remaining: 0
You has white 5, blue 4, blue 3, red 3, green 4
MOVE: 1 2 2 1 None None
You plays blue 3 and fails. Board was green 2, yellow 1, white 1, blue 1, red 1
You now has white 5, blue 4, red 3, green 4, yellow 1
MOVE: 0 3 2 None None None
outer discards yellow 3
trash is now green 1, blue 3, yellow 3
outer now has yellow 3, white 1, green 5, red 2, green 3
MOVE: 1 1 None 0 None 2
You hints outer about all their 2 hints remaining: 0
outer has yellow 3, white 1, green 5, red 2, green 3
MOVE: 0 3 0 None None None
outer discards yellow 3
trash is now green 1, blue 3, yellow 3, yellow 3
outer now has white 1, green 5, red 2, green 3, blue 1
MOVE: 1 1 None 0 None 3
You hints outer about all their 3 hints remaining: 0
outer has white 1, green 5, red 2, green 3, blue 1
MOVE: 0 3 0 None None None
outer discards white 1
trash is now green 1, blue 3, yellow 3, yellow 3, white 1
outer now has green 5, red 2, green 3, blue 1, blue 2
MOVE: 1 1 None 0 None 5
You hints outer about all their 5 hints remaining: 0
outer has green 5, red 2, green 3, blue 1, blue 2
MOVE: 0 3 2 None None None
outer discards green 3
trash is now green 1, blue 3, yellow 3, yellow 3, white 1, green 3
outer now has green 5, red 2, blue 1, blue 2, white 4
MOVE: 1 1 None 0 None 2
You hints outer about all their 2 hints remaining: 0
outer has green 5, red 2, blue 1, blue 2, white 4
MOVE: 0 3 0 None None None
outer discards green 5
trash is now green 1, blue 3, yellow 3, yellow 3, white 1, green 3, green 5
outer now has red 2, blue 1, blue 2, white 4, red 2
MOVE: 1 0 None 0 3 None
You hints outer about all their blue cards hints remaining: 0
outer has red 2, blue 1, blue 2, white 4, red 2
MOVE: 0 2 2 None None None
outer plays blue 2 successfully! Board is now green 2, yellow 1, white 1, blue 2, red 1
outer now has red 2, blue 1, white 4, red 2, yellow 4
MOVE: 1 2 1 1 None None
You plays blue 4 and fails. Board was green 2, yellow 1, white 1, blue 2, red 1
You now has white 5, red 3, green 4, yellow 1, yellow 2
Score 7
