Old GID: a0f3b02d26578ad1
Treatment: ('full', 3651)
[(3, 5), (0, 1), (3, 2), (2, 3), (4, 2), (3, 1), (0, 4), (0, 1), (1, 4), (4, 3), (0, 3), (3, 3), (2, 3), (4, 1), (0, 2), (0, 1), (0, 5), (4, 3), (3, 4), (1, 1), (1, 2), (0, 2), (1, 1), (2, 2), (3, 2), (1, 5), (3, 4), (2, 2), (4, 1), (1, 1), (4, 4), (3, 3), (4, 2), (4, 1), (2, 5), (4, 5), (1, 2), (1, 4), (0, 4), (3, 1)]
MOVE: 0 1 None 1 None 1
full hints You about all their 1 hints remaining: 7
You has yellow 3, white 4, blue 1, white 4, white 1
MOVE: 1 2 2 1 None None
You plays blue 1 successfully! Board is now green 0, yellow 0, white 0, blue 1, red 0
You now has yellow 3, white 4, white 4, white 1, blue 5
MOVE: 0 0 None 1 2 None
full hints You about all their white cards hints remaining: 6
You has yellow 3, white 4, white 4, white 1, blue 5
MOVE: 1 1 None 0 None 1
You hints full about all their 1 hints remaining: 5
full has white 1, red 4, green 3, yellow 3, white 1
MOVE: 0 2 0 None None None
full plays white 1 successfully! Board is now green 0, yellow 0, white 1, blue 1, red 0
full now has red 4, green 3, yellow 3, white 1, green 1
MOVE: 1 0 None 0 0 None
You hints full about all their green cards hints remaining: 4
full has red 4, green 3, yellow 3, white 1, green 1
MOVE: 0 2 4 None None None
full plays green 1 successfully! Board is now green 1, yellow 0, white 1, blue 1, red 0
full now has red 4, green 3, yellow 3, white 1, blue 2
MOVE: 1 0 None 0 3 None
You hints full about all their blue cards hints remaining: 3
full has red 4, green 3, yellow 3, white 1, blue 2
MOVE: 0 2 4 None None None
full plays blue 2 successfully! Board is now green 1, yellow 0, white 1, blue 2, red 0
full now has red 4, green 3, yellow 3, white 1, white 3
MOVE: 1 0 None 0 2 None
You hints full about all their white cards hints remaining: 2
full has red 4, green 3, yellow 3, white 1, white 3
MOVE: 0 2 4 None None None
full plays white 3 and fails. Board was green 1, yellow 0, white 1, blue 2, red 0
full now has red 4, green 3, yellow 3, white 1, red 2
MOVE: 1 3 3 1 None None
You discards white 1
trash is now white 3, white 1
You now has yellow 3, white 4, white 4, blue 5, blue 1
MOVE: 0 3 3 None None None
full discards white 1
trash is now white 3, white 1, white 1
full now has red 4, green 3, yellow 3, red 2, green 4
MOVE: 1 2 2 1 None None
You plays white 4 and fails. Board was green 1, yellow 0, white 1, blue 2, red 0
You now has yellow 3, white 4, blue 5, blue 1, green 1
MOVE: 0 3 0 None None None
full discards red 4
trash is now white 3, white 1, white 1, white 4, red 4
full now has green 3, yellow 3, red 2, green 4, yellow 4
MOVE: 1 2 1 1 None None
You plays white 4 and fails. Board was green 1, yellow 0, white 1, blue 2, red 0
You now has yellow 3, blue 5, blue 1, green 1, red 3
Score 4
