Old GID: 6ae919c67a8d8ef2
Treatment: ('outer', 5876)
[(3, 1), (0, 1), (2, 4), (2, 1), (1, 4), (2, 3), (2, 4), (1, 2), (4, 1), (0, 1), (4, 5), (4, 2), (4, 3), (4, 1), (4, 4), (3, 5), (1, 1), (3, 3), (4, 1), (0, 2), (1, 2), (0, 4), (0, 3), (2, 3), (1, 4), (2, 2), (1, 5), (4, 2), (3, 4), (4, 4), (0, 5), (1, 1), (1, 1), (2, 2), (0, 1), (2, 1), (3, 3), (3, 2), (0, 2), (0, 3)]
MOVE: 0 1 None 1 None 1
outer hints You about all their 1 hints remaining: 7
You has blue 1, green 4, red 3, blue 4, white 1
MOVE: 1 0 None 0 3 None
You hints outer about all their blue cards hints remaining: 6
outer has blue 1, white 5, yellow 3, blue 2, yellow 3
MOVE: 0 0 None 1 3 None
outer hints You about all their blue cards hints remaining: 5
You has blue 1, green 4, red 3, blue 4, white 1
MOVE: 1 3 0 1 None None
You discards blue 1
trash is now blue 1
You now has green 4, red 3, blue 4, white 1, blue 1
MOVE: 0 0 None 1 2 None
outer hints You about all their white cards hints remaining: 5
You has green 4, red 3, blue 4, white 1, blue 1
MOVE: 1 2 3 1 None None
You plays white 1 successfully! Board is now green 0, yellow 0, white 1, blue 0, red 0
You now has green 4, red 3, blue 4, blue 1, green 1
MOVE: 0 0 None 1 3 None
outer hints You about all their blue cards hints remaining: 4
You has green 4, red 3, blue 4, blue 1, green 1
MOVE: 1 2 3 1 None None
You plays blue 1 successfully! Board is now green 0, yellow 0, white 1, blue 1, red 0
You now has green 4, red 3, blue 4, green 1, white 4
MOVE: 0 1 None 1 None 1
outer hints You about all their 1 hints remaining: 3
You has green 4, red 3, blue 4, green 1, white 4
MOVE: 1 2 3 1 None None
You plays green 1 successfully! Board is now green 1, yellow 0, white 1, blue 1, red 0
You now has green 4, red 3, blue 4, white 4, white 1
MOVE: 0 0 None 1 3 None
outer hints You about all their blue cards hints remaining: 2
You has green 4, red 3, blue 4, white 4, white 1
MOVE: 1 1 None 0 None 2
You hints outer about all their 2 hints remaining: 1
outer has blue 1, white 5, yellow 3, blue 2, yellow 3
MOVE: 0 2 3 None None None
outer plays blue 2 successfully! Board is now green 1, yellow 0, white 1, blue 2, red 0
outer now has blue 1, white 5, yellow 3, yellow 3, yellow 4
MOVE: 1 2 2 1 None None
You plays blue 4 and fails. Board was green 1, yellow 0, white 1, blue 2, red 0
You now has green 4, red 3, white 4, white 1, white 3
MOVE: 0 1 None 1 None 3
outer hints You about all their 3 hints remaining: 0
You has green 4, red 3, white 4, white 1, white 3
MOVE: 1 2 4 1 None None
You plays white 3 and fails. Board was green 1, yellow 0, white 1, blue 2, red 0
You now has green 4, red 3, white 4, white 1, white 4
MOVE: 0 3 2 None None None
outer discards yellow 3
trash is now blue 1, blue 4, white 3, yellow 3
outer now has blue 1, white 5, yellow 3, yellow 4, yellow 2
MOVE: 1 1 None 0 None 5
You hints outer about all their 5 hints remaining: 0
outer has blue 1, white 5, yellow 3, yellow 4, yellow 2
MOVE: 0 3 1 None None None
outer discards white 5
trash is now blue 1, blue 4, white 3, yellow 3, white 5
outer now has blue 1, yellow 3, yellow 4, yellow 2, red 1
MOVE: 1 0 None 0 4 None
You hints outer about all their red cards hints remaining: 0
outer has blue 1, yellow 3, yellow 4, yellow 2, red 1
MOVE: 0 3 2 None None None
outer discards yellow 4
trash is now blue 1, blue 4, white 3, yellow 3, white 5, yellow 4
outer now has blue 1, yellow 3, yellow 2, red 1, green 1
MOVE: 1 2 1 1 None None
You plays red 3 and fails. Board was green 1, yellow 0, white 1, blue 2, red 0
You now has green 4, white 4, white 1, white 4, red 5
Score 4
