Old GID: 8a257cb8f3849316
Treatment: ('outer', 3373)
[(4, 4), (3, 4), (3, 3), (4, 1), (1, 4), (0, 4), (3, 1), (4, 3), (0, 2), (1, 1), (0, 3), (0, 1), (1, 3), (4, 2), (3, 1), (4, 1), (2, 1), (0, 2), (1, 2), (3, 2), (3, 3), (2, 5), (4, 3), (2, 4), (2, 1), (4, 1), (4, 4), (1, 1), (0, 5), (2, 2), (1, 5), (2, 3), (0, 4), (2, 3), (0, 1), (1, 1), (3, 2), (0, 3), (1, 3), (3, 1)]
MOVE: 0 0 None 1 1 None
outer hints You about all their yellow cards hints remaining: 7
You has white 2, red 5, white 4, yellow 4, yellow 2
MOVE: 1 1 None 0 None 1
You hints outer about all their 1 hints remaining: 6
outer has blue 4, blue 5, red 2, white 1, green 1
MOVE: 0 2 3 None None None
outer plays white 1 successfully! Board is now green 0, yellow 0, white 1, blue 0, red 0
outer now has blue 4, blue 5, red 2, green 1, red 4
MOVE: 1 2 4 1 None None
You plays yellow 2 and fails. Board was green 0, yellow 0, white 1, blue 0, red 0
You now has white 2, red 5, white 4, yellow 4, blue 4
MOVE: 0 0 None 1 2 None
outer hints You about all their white cards hints remaining: 5
You has white 2, red 5, white 4, yellow 4, blue 4
MOVE: 1 2 3 1 None None
You plays yellow 4 and fails. Board was green 0, yellow 0, white 1, blue 0, red 0
You now has white 2, red 5, white 4, blue 4, blue 3
MOVE: 0 1 None 1 None 2
outer hints You about all their 2 hints remaining: 4
You has white 2, red 5, white 4, blue 4, blue 3
MOVE: 1 2 2 1 None None
You plays white 4 and fails. Board was green 0, yellow 0, white 1, blue 0, red 0
You now has white 2, red 5, blue 4, blue 3, red 1
Score 1
