Old GID: b42f6b3c826e14ff
Treatment: ('outer', 7793)
[(0, 1), (0, 4), (4, 3), (3, 3), (2, 2), (3, 1), (4, 1), (4, 4), (3, 3), (1, 4), (0, 3), (2, 1), (1, 2), (2, 5), (0, 1), (2, 4), (1, 1), (3, 5), (2, 3), (1, 3), (1, 1), (4, 3), (4, 1), (1, 1), (3, 1), (0, 1), (0, 2), (3, 2), (0, 2), (1, 3), (1, 4), (4, 2), (1, 5), (2, 3), (0, 4), (0, 3), (2, 2), (3, 4), (1, 2), (4, 2)]
MOVE: 0 0 None 1 2 None
outer hints You about all their white cards hints remaining: 7
You has red 4, white 4, white 1, white 1, blue 2
MOVE: 1 1 None 0 None 1
You hints outer about all their 1 hints remaining: 6
outer has blue 4, blue 1, green 5, red 1, red 5
MOVE: 0 2 1 None None None
outer plays blue 1 successfully! Board is now green 0, yellow 0, white 0, blue 1, red 0
outer now has blue 4, green 5, red 1, red 5, green 1
MOVE: 1 0 None 0 0 None
You hints outer about all their green cards hints remaining: 5
outer has blue 4, green 5, red 1, red 5, green 1
MOVE: 0 1 None 1 None 2
outer hints You about all their 2 hints remaining: 4
You has red 4, white 4, white 1, white 1, blue 2
MOVE: 1 2 4 1 None None
You plays blue 2 successfully! Board is now green 0, yellow 0, white 0, blue 2, red 0
You now has red 4, white 4, white 1, white 1, green 4
MOVE: 0 1 None 1 None 1
outer hints You about all their 1 hints remaining: 3
You has red 4, white 4, white 1, white 1, green 4
MOVE: 1 2 2 1 None None
You plays white 1 successfully! Board is now green 0, yellow 0, white 1, blue 2, red 0
You now has red 4, white 4, white 1, green 4, red 3
MOVE: 0 0 None 1 0 None
outer hints You about all their green cards hints remaining: 2
You has red 4, white 4, white 1, green 4, red 3
MOVE: 1 3 2 1 None None
You discards white 1
trash is now white 1
You now has red 4, white 4, green 4, red 3, blue 3
MOVE: 0 0 None 1 3 None
outer hints You about all their blue cards hints remaining: 2
You has red 4, white 4, green 4, red 3, blue 3
MOVE: 1 2 4 1 None None
You plays blue 3 successfully! Board is now green 0, yellow 0, white 1, blue 3, red 0
You now has red 4, white 4, green 4, red 3, white 2
MOVE: 0 0 None 1 2 None
outer hints You about all their white cards hints remaining: 1
You has red 4, white 4, green 4, red 3, white 2
MOVE: 1 1 None 0 None 4
You hints outer about all their 4 hints remaining: 0
outer has blue 4, green 5, red 1, red 5, green 1
MOVE: 0 3 0 None None None
outer discards blue 4
trash is now white 1, blue 4
outer now has green 5, red 1, red 5, green 1, blue 1
MOVE: 1 2 1 1 None None
You plays white 4 and fails. Board was green 0, yellow 0, white 1, blue 3, red 0
You now has red 4, green 4, red 3, white 2, red 1
MOVE: 0 1 None 1 None 2
outer hints You about all their 2 hints remaining: 0
You has red 4, green 4, red 3, white 2, red 1
MOVE: 1 2 3 1 None None
You plays white 2 successfully! Board is now green 0, yellow 0, white 2, blue 3, red 0
You now has red 4, green 4, red 3, red 1, red 4
MOVE: 0 3 2 None None None
outer discards red 5
trash is now white 1, blue 4, white 4, red 5
outer now has green 5, red 1, green 1, blue 1, blue 3
MOVE: 1 3 4 1 None None
You discards red 4
trash is now white 1, blue 4, white 4, red 5, red 4
You now has red 4, green 4, red 3, red 1, yellow 4
MOVE: 0 1 None 1 None 1
outer hints You about all their 1 hints remaining: 1
You has red 4, green 4, red 3, red 1, yellow 4
MOVE: 1 2 3 1 None None
You plays red 1 successfully! Board is now green 0, yellow 0, white 2, blue 3, red 1
You now has red 4, green 4, red 3, yellow 4, green 3
MOVE: 0 1 None 1 None 4
outer hints You about all their 4 hints remaining: 0
You has red 4, green 4, red 3, yellow 4, green 3
MOVE: 1 2 0 1 None None
You plays red 4 and fails. Board was green 0, yellow 0, white 2, blue 3, red 1
You now has green 4, red 3, yellow 4, green 3, white 1
MOVE: 0 3 0 None None None
outer discards green 5
trash is now white 1, blue 4, white 4, red 5, red 4, red 4, green 5
outer now has red 1, green 1, blue 1, blue 3, yellow 2
MOVE: 1 2 2 1 None None
You plays yellow 4 and fails. Board was green 0, yellow 0, white 2, blue 3, red 1
You now has green 4, red 3, green 3, white 1, white 5
Score 6
