Old GID: 7d5461ab7d7250a3
Treatment: ('outer', 647)
[(0, 3), (3, 5), (3, 1), (0, 1), (2, 1), (2, 5), (4, 1), (0, 5), (2, 3), (3, 4), (2, 2), (4, 3), (4, 5), (1, 3), (2, 4), (1, 5), (0, 3), (1, 2), (4, 1), (2, 4), (3, 1), (4, 2), (1, 1), (0, 4), (0, 1), (3, 1), (3, 3), (4, 2), (1, 2), (1, 1), (3, 2), (1, 1), (2, 1), (0, 2), (3, 2), (1, 4), (0, 2), (1, 3), (4, 4), (4, 3)]
MOVE: 0 1 None 1 None 1
outer hints You about all their 1 hints remaining: 7
You has white 1, white 3, red 4, blue 4, green 1
MOVE: 1 2 0 1 None None
You plays white 1 successfully! Board is now green 0, yellow 0, white 1, blue 0, red 0
You now has white 3, red 4, blue 4, green 1, green 3
MOVE: 0 1 None 1 None 1
outer hints You about all their 1 hints remaining: 6
You has white 3, red 4, blue 4, green 1, green 3
MOVE: 1 2 3 1 None None
You plays green 1 successfully! Board is now green 1, yellow 0, white 1, blue 0, red 0
You now has white 3, red 4, blue 4, green 3, blue 5
MOVE: 0 0 None 1 3 None
outer hints You about all their blue cards hints remaining: 5
You has white 3, red 4, blue 4, green 3, blue 5
MOVE: 1 1 None 0 None 4
You hints outer about all their 4 hints remaining: 4
outer has red 1, yellow 4, blue 3, white 2, green 4
MOVE: 0 1 None 1 None 3
outer hints You about all their 3 hints remaining: 3
You has white 3, red 4, blue 4, green 3, blue 5
MOVE: 1 1 None 0 None 1
You hints outer about all their 1 hints remaining: 2
outer has red 1, yellow 4, blue 3, white 2, green 4
MOVE: 0 1 None 1 None 5
outer hints You about all their 5 hints remaining: 1
You has white 3, red 4, blue 4, green 3, blue 5
MOVE: 1 0 None 0 4 None
You hints outer about all their red cards hints remaining: 0
outer has red 1, yellow 4, blue 3, white 2, green 4
MOVE: 0 2 0 None None None
outer plays red 1 successfully! Board is now green 1, yellow 0, white 1, blue 0, red 1
outer now has yellow 4, blue 3, white 2, green 4, blue 1
MOVE: 1 3 1 1 None None
You discards red 4
trash is now red 4
You now has white 3, blue 4, green 3, blue 5, green 1
MOVE: 0 1 None 1 None 4
outer hints You about all their 4 hints remaining: 0
You has white 3, blue 4, green 3, blue 5, green 1
MOVE: 1 2 4 1 None None
You plays green 1 and fails. Board was green 1, yellow 0, white 1, blue 0, red 1
You now has white 3, blue 4, green 3, blue 5, white 1
MOVE: 0 3 1 None None None
outer discards blue 3
trash is now red 4, green 1, blue 3
outer now has yellow 4, white 2, green 4, blue 1, white 5
MOVE: 1 0 None 0 3 None
You hints outer about all their blue cards hints remaining: 0
outer has yellow 4, white 2, green 4, blue 1, white 5
MOVE: 0 3 3 None None None
outer discards blue 1
trash is now red 4, green 1, blue 3, blue 1
outer now has yellow 4, white 2, green 4, white 5, red 1
MOVE: 1 2 1 1 None None
You plays blue 4 and fails. Board was green 1, yellow 0, white 1, blue 0, red 1
You now has white 3, green 3, blue 5, white 1, green 5
MOVE: 0 0 None 1 2 None
outer hints You about all their white cards hints remaining: 0
You has white 3, green 3, blue 5, white 1, green 5
MOVE: 1 2 1 1 None None
You plays green 3 and fails. Board was green 1, yellow 0, white 1, blue 0, red 1
You now has white 3, blue 5, white 1, green 5, white 3
Score 3
