Old GID: da6ee7d1960cf9b6
Treatment: ('intentional', 6043)
[(1, 2), (4, 4), (2, 2), (3, 1), (0, 3), (1, 1), (3, 1), (1, 1), (0, 3), (1, 4), (4, 2), (0, 4), (4, 3), (2, 3), (4, 5), (0, 4), (3, 3), (4, 3), (2, 4), (0, 1), (2, 4), (1, 4), (2, 1), (2, 3), (2, 1), (1, 3), (3, 2), (2, 1), (1, 5), (4, 1), (4, 2), (3, 1), (2, 5), (3, 3), (0, 5), (0, 2), (0, 2), (3, 5), (0, 1), (0, 1)]
MOVE: 0 1 None 1 None 1
intentional hints You about all their 1 hints remaining: 7
You has yellow 1, red 1, blue 2, blue 4, red 4
MOVE: 1 2 1 1 None None
You plays red 1 successfully! Board is now green 0, yellow 0, white 0, blue 0, red 1
You now has yellow 1, blue 2, blue 4, red 4, yellow 2
MOVE: 0 3 0 None None None
intentional discards white 2
trash is now white 2
intentional now has yellow 3, red 1, blue 4, yellow 2, red 4
MOVE: 1 2 0 1 None None
You plays yellow 1 successfully! Board is now green 0, yellow 1, white 0, blue 0, red 1
You now has blue 2, blue 4, red 4, yellow 2, white 2
MOVE: 0 0 None 1 1 None
intentional hints You about all their yellow cards hints remaining: 7
You has blue 2, blue 4, red 4, yellow 2, white 2
MOVE: 1 2 3 1 None None
You plays yellow 2 successfully! Board is now green 0, yellow 2, white 0, blue 0, red 1
You now has blue 2, blue 4, red 4, white 2, blue 1
MOVE: 0 0 None 1 3 None
intentional hints You about all their blue cards hints remaining: 6
You has blue 2, blue 4, red 4, white 2, blue 1
MOVE: 1 0 None 0 1 None
You hints intentional about all their yellow cards hints remaining: 5
intentional has yellow 3, red 1, blue 4, yellow 2, red 4
MOVE: 0 1 None 1 None 1
intentional hints You about all their 1 hints remaining: 4
You has blue 2, blue 4, red 4, white 2, blue 1
MOVE: 1 1 None 0 None 3
You hints intentional about all their 3 hints remaining: 3
intentional has yellow 3, red 1, blue 4, yellow 2, red 4
MOVE: 0 2 0 None None None
intentional plays yellow 3 successfully! Board is now green 0, yellow 3, white 0, blue 0, red 1
intentional now has red 1, blue 4, yellow 2, red 4, green 3
MOVE: 1 2 4 1 None None
You plays blue 1 successfully! Board is now green 0, yellow 3, white 0, blue 1, red 1
You now has blue 2, blue 4, red 4, white 2, yellow 1
MOVE: 0 3 2 None None None
intentional discards yellow 2
trash is now white 2, yellow 2
intentional now has red 1, blue 4, red 4, green 3, blue 1
MOVE: 1 3 0 1 None None
You discards blue 2
trash is now white 2, yellow 2, blue 2
You now has blue 4, red 4, white 2, yellow 1, yellow 1
MOVE: 0 3 3 None None None
intentional discards green 3
trash is now white 2, yellow 2, blue 2, green 3
intentional now has red 1, blue 4, red 4, blue 1, green 3
MOVE: 1 1 None 0 None 1
You hints intentional about all their 1 hints remaining: 5
intentional has red 1, blue 4, red 4, blue 1, green 3
MOVE: 0 3 3 None None None
intentional discards blue 1
trash is now white 2, yellow 2, blue 2, green 3, blue 1
intentional now has red 1, blue 4, red 4, green 3, yellow 4
MOVE: 1 0 None 0 4 None
You hints intentional about all their red cards hints remaining: 5
intentional has red 1, blue 4, red 4, green 3, yellow 4
MOVE: 0 3 0 None None None
intentional discards red 1
trash is now white 2, yellow 2, blue 2, green 3, blue 1, red 1
intentional now has blue 4, red 4, green 3, yellow 4, red 2
MOVE: 1 0 None 0 4 None
You hints intentional about all their red cards hints remaining: 5
intentional has blue 4, red 4, green 3, yellow 4, red 2
MOVE: 0 3 4 None None None
intentional discards red 2
trash is now white 2, yellow 2, blue 2, green 3, blue 1, red 1, red 2
intentional now has blue 4, red 4, green 3, yellow 4, green 4
MOVE: 1 1 None 0 None 4
You hints intentional about all their 4 hints remaining: 5
intentional has blue 4, red 4, green 3, yellow 4, green 4
MOVE: 0 3 0 None None None
intentional discards blue 4
trash is now white 2, yellow 2, blue 2, green 3, blue 1, red 1, red 2, blue 4
intentional now has red 4, green 3, yellow 4, green 4, red 3
MOVE: 1 0 None 0 1 None
You hints intentional about all their yellow cards hints remaining: 5
intentional has red 4, green 3, yellow 4, green 4, red 3
MOVE: 0 2 2 None None None
intentional plays yellow 4 successfully! Board is now green 0, yellow 4, white 0, blue 1, red 1
intentional now has red 4, green 3, green 4, red 3, white 3
MOVE: 1 3 1 1 None None
You discards red 4
trash is now white 2, yellow 2, blue 2, green 3, blue 1, red 1, red 2, blue 4, red 4
You now has blue 4, white 2, yellow 1, yellow 1, red 5
MOVE: 0 3 2 None None None
intentional discards green 4
trash is now white 2, yellow 2, blue 2, green 3, blue 1, red 1, red 2, blue 4, red 4, green 4
intentional now has red 4, green 3, red 3, white 3, green 4
MOVE: 1 1 None 0 None 3
You hints intentional about all their 3 hints remaining: 6
intentional has red 4, green 3, red 3, white 3, green 4
MOVE: 0 3 3 None None None
intentional discards white 3
trash is now white 2, yellow 2, blue 2, green 3, blue 1, red 1, red 2, blue 4, red 4, green 4, white 3
intentional now has red 4, green 3, red 3, green 4, blue 3
MOVE: 1 3 1 1 None None
You discards white 2
trash is now white 2, yellow 2, blue 2, green 3, blue 1, red 1, red 2, blue 4, red 4, green 4, white 3, white 2
You now has blue 4, yellow 1, yellow 1, red 5, red 3
MOVE: 0 1 None 1 None 3
intentional hints You about all their 3 hints remaining: 7
You has blue 4, yellow 1, yellow 1, red 5, red 3
MOVE: 1 3 4 1 None None
You discards red 3
trash is now white 2, yellow 2, blue 2, green 3, blue 1, red 1, red 2, blue 4, red 4, green 4, white 3, white 2, red 3
You now has blue 4, yellow 1, yellow 1, red 5, white 4
MOVE: 0 1 None 1 None 4
intentional hints You about all their 4 hints remaining: 7
You has blue 4, yellow 1, yellow 1, red 5, white 4
MOVE: 1 3 4 1 None None
You discards white 4
trash is now white 2, yellow 2, blue 2, green 3, blue 1, red 1, red 2, blue 4, red 4, green 4, white 3, white 2, red 3, white 4
You now has blue 4, yellow 1, yellow 1, red 5, green 1
MOVE: 0 0 None 1 0 None
intentional hints You about all their green cards hints remaining: 7
You has blue 4, yellow 1, yellow 1, red 5, green 1
MOVE: 1 2 4 1 None None
You plays green 1 successfully! Board is now green 1, yellow 4, white 0, blue 1, red 1
You now has blue 4, yellow 1, yellow 1, red 5, white 4
MOVE: 0 3 3 None None None
intentional discards green 4
trash is now white 2, yellow 2, blue 2, green 3, blue 1, red 1, red 2, blue 4, red 4, green 4, white 3, white 2, red 3, white 4, green 4
intentional now has red 4, green 3, red 3, blue 3, yellow 4
MOVE: 1 0 None 0 0 None
You hints intentional about all their green cards hints remaining: 7
intentional has red 4, green 3, red 3, blue 3, yellow 4
MOVE: 0 3 3 None None None
intentional discards blue 3
trash is now white 2, yellow 2, blue 2, green 3, blue 1, red 1, red 2, blue 4, red 4, green 4, white 3, white 2, red 3, white 4, green 4, blue 3
intentional now has red 4, green 3, red 3, yellow 4, white 1
MOVE: 1 0 None 0 4 None
You hints intentional about all their red cards hints remaining: 7
intentional has red 4, green 3, red 3, yellow 4, white 1
MOVE: 0 3 4 None None None
intentional discards white 1
trash is now white 2, yellow 2, blue 2, green 3, blue 1, red 1, red 2, blue 4, red 4, green 4, white 3, white 2, red 3, white 4, green 4, blue 3, white 1
intentional now has red 4, green 3, red 3, yellow 4, white 3
MOVE: 1 1 None 0 None 4
You hints intentional about all their 4 hints remaining: 7
intentional has red 4, green 3, red 3, yellow 4, white 3
MOVE: 0 3 4 None None None
intentional discards white 3
trash is now white 2, yellow 2, blue 2, green 3, blue 1, red 1, red 2, blue 4, red 4, green 4, white 3, white 2, red 3, white 4, green 4, blue 3, white 1, white 3
intentional now has red 4, green 3, red 3, yellow 4, white 1
MOVE: 1 0 None 0 1 None
You hints intentional about all their yellow cards hints remaining: 7
intentional has red 4, green 3, red 3, yellow 4, white 1
MOVE: 0 3 3 None None None
intentional discards yellow 4
trash is now white 2, yellow 2, blue 2, green 3, blue 1, red 1, red 2, blue 4, red 4, green 4, white 3, white 2, red 3, white 4, green 4, blue 3, white 1, white 3, yellow 4
intentional now has red 4, green 3, red 3, white 1, yellow 3
MOVE: 1 0 None 0 2 None
You hints intentional about all their white cards hints remaining: 7
intentional has red 4, green 3, red 3, white 1, yellow 3
MOVE: 0 3 4 None None None
intentional discards yellow 3
trash is now white 2, yellow 2, blue 2, green 3, blue 1, red 1, red 2, blue 4, red 4, green 4, white 3, white 2, red 3, white 4, green 4, blue 3, white 1, white 3, yellow 4, yellow 3
intentional now has red 4, green 3, red 3, white 1, blue 2
MOVE: 1 1 None 0 None 1
You hints intentional about all their 1 hints remaining: 7
intentional has red 4, green 3, red 3, white 1, blue 2
MOVE: 0 2 3 None None None
intentional plays white 1 successfully! Board is now green 1, yellow 4, white 1, blue 1, red 1
intentional now has red 4, green 3, red 3, blue 2, white 1
MOVE: 1 0 None 0 3 None
You hints intentional about all their blue cards hints remaining: 6
intentional has red 4, green 3, red 3, blue 2, white 1
MOVE: 0 1 None 1 None 1
intentional hints You about all their 1 hints remaining: 5
You has blue 4, yellow 1, yellow 1, red 5, white 4
MOVE: 1 1 None 0 None 2
You hints intentional about all their 2 hints remaining: 4
intentional has red 4, green 3, red 3, blue 2, white 1
MOVE: 0 2 3 None None None
intentional plays blue 2 successfully! Board is now green 1, yellow 4, white 1, blue 2, red 1
intentional now has red 4, green 3, red 3, white 1, yellow 5
MOVE: 1 0 None 0 1 None
You hints intentional about all their yellow cards hints remaining: 3
intentional has red 4, green 3, red 3, white 1, yellow 5
MOVE: 0 0 None 1 1 None
intentional hints You about all their yellow cards hints remaining: 2
You has blue 4, yellow 1, yellow 1, red 5, white 4
MOVE: 1 1 None 0 None 5
You hints intentional about all their 5 hints remaining: 1
intentional has red 4, green 3, red 3, white 1, yellow 5
MOVE: 0 2 4 None None None
intentional plays yellow 5 successfully! Board is now green 1, yellow 5, white 1, blue 2, red 1
intentional now has red 4, green 3, red 3, white 1, red 1
MOVE: 1 1 None 0 None 1
You hints intentional about all their 1 hints remaining: 1
intentional has red 4, green 3, red 3, white 1, red 1
MOVE: 0 3 4 None None None
intentional discards red 1
trash is now white 2, yellow 2, blue 2, green 3, blue 1, red 1, red 2, blue 4, red 4, green 4, white 3, white 2, red 3, white 4, green 4, blue 3, white 1, white 3, yellow 4, yellow 3, red 1
intentional now has red 4, green 3, red 3, white 1, red 2
MOVE: 1 0 None 0 4 None
You hints intentional about all their red cards hints remaining: 1
intentional has red 4, green 3, red 3, white 1, red 2
MOVE: 0 3 3 None None None
intentional discards white 1
trash is now white 2, yellow 2, blue 2, green 3, blue 1, red 1, red 2, blue 4, red 4, green 4, white 3, white 2, red 3, white 4, green 4, blue 3, white 1, white 3, yellow 4, yellow 3, red 1, white 1
intentional now has red 4, green 3, red 3, red 2, blue 1
MOVE: 1 1 None 0 None 2
You hints intentional about all their 2 hints remaining: 1
intentional has red 4, green 3, red 3, red 2, blue 1
MOVE: 0 2 3 None None None
intentional plays red 2 successfully! Board is now green 1, yellow 5, white 1, blue 2, red 2
intentional now has red 4, green 3, red 3, blue 1, white 5
MOVE: 1 3 2 1 None None
You discards yellow 1
trash is now white 2, yellow 2, blue 2, green 3, blue 1, red 1, red 2, blue 4, red 4, green 4, white 3, white 2, red 3, white 4, green 4, blue 3, white 1, white 3, yellow 4, yellow 3, red 1, white 1, yellow 1
You now has blue 4, yellow 1, red 5, white 4, blue 3
MOVE: 0 2 2 None None None
intentional plays red 3 successfully! Board is now green 1, yellow 5, white 1, blue 2, red 3
intentional now has red 4, green 3, blue 1, white 5, green 5
MOVE: 1 3 1 1 None None
You discards yellow 1
trash is now white 2, yellow 2, blue 2, green 3, blue 1, red 1, red 2, blue 4, red 4, green 4, white 3, white 2, red 3, white 4, green 4, blue 3, white 1, white 3, yellow 4, yellow 3, red 1, white 1, yellow 1, yellow 1
You now has blue 4, red 5, white 4, blue 3, green 2
MOVE: 0 2 0 None None None
intentional plays red 4 successfully! Board is now green 1, yellow 5, white 1, blue 2, red 4
intentional now has green 3, blue 1, white 5, green 5, green 2
MOVE: 1 0 None 0 0 None
You hints intentional about all their green cards hints remaining: 2
intentional has green 3, blue 1, white 5, green 5, green 2
MOVE: 0 0 None 1 0 None
intentional hints You about all their green cards hints remaining: 1
You has blue 4, red 5, white 4, blue 3, green 2
MOVE: 1 1 None 0 None 2
You hints intentional about all their 2 hints remaining: 0
intentional has green 3, blue 1, white 5, green 5, green 2
MOVE: 0 2 4 None None None
intentional plays green 2 successfully! Board is now green 2, yellow 5, white 1, blue 2, red 4
intentional now has green 3, blue 1, white 5, green 5, blue 5
MOVE: 1 3 1 1 None None
You discards red 5
trash is now white 2, yellow 2, blue 2, green 3, blue 1, red 1, red 2, blue 4, red 4, green 4, white 3, white 2, red 3, white 4, green 4, blue 3, white 1, white 3, yellow 4, yellow 3, red 1, white 1, yellow 1, yellow 1, red 5
You now has blue 4, white 4, blue 3, green 2, green 1
MOVE: 0 2 0 None None None
intentional plays green 3 successfully! Board is now green 3, yellow 5, white 1, blue 2, red 4
intentional now has blue 1, white 5, green 5, blue 5, green 1
MOVE: 1 3 3 1 None None
You discards green 2
trash is now white 2, yellow 2, blue 2, green 3, blue 1, red 1, red 2, blue 4, red 4, green 4, white 3, white 2, red 3, white 4, green 4, blue 3, white 1, white 3, yellow 4, yellow 3, red 1, white 1, yellow 1, yellow 1, red 5, green 2
You now has blue 4, white 4, blue 3, green 1
MOVE: 0 0 None 1 3 None
intentional hints You about all their blue cards hints remaining: 1
You has blue 4, white 4, blue 3, green 1
Score 15
