Old GID: 43f0ca0296ec6345
Treatment: ('full', 5981)
[(2, 3), (4, 2), (2, 4), (3, 2), (3, 1), (4, 4), (4, 2), (2, 4), (0, 5), (4, 4), (2, 3), (1, 3), (4, 3), (1, 4), (1, 4), (1, 1), (3, 3), (1, 2), (3, 4), (2, 5), (3, 3), (1, 2), (0, 1), (0, 4), (0, 3), (2, 2), (1, 3), (2, 1), (3, 1), (0, 2), (4, 1), (4, 1), (4, 1), (4, 3), (2, 2), (1, 1), (2, 1), (1, 5), (2, 1), (4, 5)]
MOVE: 0 1 None 1 None 1
full hints You about all their 1 hints remaining: 7
You has green 2, green 1, blue 1, green 3, blue 2
MOVE: 1 1 None 0 None 1
You hints full about all their 1 hints remaining: 6
full has blue 4, yellow 1, green 4, green 1, blue 5
MOVE: 0 2 1 None None None
full plays yellow 1 successfully! Board is now green 0, yellow 1, white 0, blue 0, red 0
full now has blue 4, green 4, green 1, blue 5, white 3
MOVE: 1 2 2 1 None None
You plays blue 1 successfully! Board is now green 0, yellow 1, white 0, blue 1, red 0
You now has green 2, green 1, green 3, blue 2, red 2
MOVE: 0 0 None 1 0 None
full hints You about all their green cards hints remaining: 5
You has green 2, green 1, green 3, blue 2, red 2
MOVE: 1 2 1 1 None None
You plays green 1 successfully! Board is now green 1, yellow 1, white 0, blue 1, red 0
You now has green 2, green 3, blue 2, red 2, white 4
MOVE: 0 0 None 1 3 None
full hints You about all their blue cards hints remaining: 4
You has green 2, green 3, blue 2, red 2, white 4
MOVE: 1 3 3 1 None None
You discards red 2
trash is now red 2
You now has green 2, green 3, blue 2, white 4, blue 2
MOVE: 0 1 None 1 None 2
full hints You about all their 2 hints remaining: 4
You has green 2, green 3, blue 2, white 4, blue 2
MOVE: 1 2 2 1 None None
You plays blue 2 successfully! Board is now green 1, yellow 1, white 0, blue 2, red 0
You now has green 2, green 3, white 4, blue 2, blue 1
MOVE: 0 3 4 None None None
full discards white 3
trash is now red 2, white 3
full now has blue 4, green 4, green 1, blue 5, red 4
MOVE: 1 2 0 1 None None
You plays green 2 successfully! Board is now green 2, yellow 1, white 0, blue 2, red 0
You now has green 3, white 4, blue 2, blue 1, red 2
MOVE: 0 1 None 1 None 3
full hints You about all their 3 hints remaining: 4
You has green 3, white 4, blue 2, blue 1, red 2
MOVE: 1 2 0 1 None None
You plays green 3 successfully! Board is now green 3, yellow 1, white 0, blue 2, red 0
You now has white 4, blue 2, blue 1, red 2, white 4
MOVE: 0 0 None 1 3 None
full hints You about all their blue cards hints remaining: 3
You has white 4, blue 2, blue 1, red 2, white 4
MOVE: 1 0 None 0 0 None
You hints full about all their green cards hints remaining: 2
full has blue 4, green 4, green 1, blue 5, red 4
MOVE: 0 2 1 None None None
full plays green 4 successfully! Board is now green 4, yellow 1, white 0, blue 2, red 0
full now has blue 4, green 1, blue 5, red 4, green 5
MOVE: 1 0 None 0 0 None
You hints full about all their green cards hints remaining: 1
full has blue 4, green 1, blue 5, red 4, green 5
MOVE: 0 2 4 None None None
full plays green 5 successfully! Board is now green 5, yellow 1, white 0, blue 2, red 0
full now has blue 4, green 1, blue 5, red 4, red 4
MOVE: 1 3 1 1 None None
You discards blue 2
trash is now red 2, white 3, blue 2
You now has white 4, blue 1, red 2, white 4, white 3
MOVE: 0 3 1 None None None
full discards green 1
trash is now red 2, white 3, blue 2, green 1
full now has blue 4, blue 5, red 4, red 4, yellow 3
MOVE: 1 2 1 1 None None
You plays blue 1 and fails. Board was green 5, yellow 1, white 0, blue 2, red 0
You now has white 4, red 2, white 4, white 3, red 3
MOVE: 0 1 None 1 None 4
full hints You about all their 4 hints remaining: 3
You has white 4, red 2, white 4, white 3, red 3
MOVE: 1 2 4 1 None None
You plays red 3 and fails. Board was green 5, yellow 1, white 0, blue 2, red 0
You now has white 4, red 2, white 4, white 3, yellow 4
MOVE: 0 1 None 1 None 4
full hints You about all their 4 hints remaining: 2
You has white 4, red 2, white 4, white 3, yellow 4
MOVE: 1 3 4 1 None None
You discards yellow 4
trash is now red 2, white 3, blue 2, green 1, blue 1, red 3, yellow 4
You now has white 4, red 2, white 4, white 3, yellow 4
MOVE: 0 3 3 None None None
full discards red 4
trash is now red 2, white 3, blue 2, green 1, blue 1, red 3, yellow 4, red 4
full now has blue 4, blue 5, red 4, yellow 3, yellow 1
MOVE: 1 2 4 1 None None
You plays yellow 4 and fails. Board was green 5, yellow 1, white 0, blue 2, red 0
You now has white 4, red 2, white 4, white 3, blue 3
Score 8
