Old GID: 0177cb21423c3efb
Treatment: ('full', 514)
[(0, 1), (3, 1), (1, 3), (1, 1), (4, 4), (4, 2), (0, 4), (2, 4), (2, 2), (4, 5), (0, 1), (4, 2), (2, 1), (1, 1), (3, 2), (3, 4), (2, 2), (1, 2), (2, 1), (4, 3), (2, 4), (1, 1), (3, 2), (0, 3), (4, 1), (4, 1), (4, 4), (0, 2), (2, 3), (0, 1), (3, 3), (4, 1), (1, 2), (2, 3), (4, 3), (2, 5), (1, 5), (0, 5), (3, 1), (1, 4)]
MOVE: 0 0 None 1 2 None
full hints You about all their white cards hints remaining: 7
You has yellow 3, blue 4, yellow 4, blue 5, white 1
MOVE: 1 1 None 0 None 1
You hints full about all their 1 hints remaining: 6
full has green 4, blue 3, green 2, green 3, blue 1
MOVE: 0 2 4 None None None
full plays blue 1 successfully! Board is now green 0, yellow 0, white 0, blue 1, red 0
full now has green 4, blue 3, green 2, green 3, green 1
MOVE: 1 1 None 0 None 1
You hints full about all their 1 hints remaining: 5
full has green 4, blue 3, green 2, green 3, green 1
MOVE: 0 2 4 None None None
full plays green 1 successfully! Board is now green 1, yellow 0, white 0, blue 1, red 0
full now has green 4, blue 3, green 2, green 3, blue 1
MOVE: 1 1 None 0 None 2
You hints full about all their 2 hints remaining: 4
full has green 4, blue 3, green 2, green 3, blue 1
MOVE: 0 2 2 None None None
full plays green 2 successfully! Board is now green 2, yellow 0, white 0, blue 1, red 0
full now has green 4, blue 3, green 3, blue 1, yellow 3
MOVE: 1 2 4 1 None None
You plays white 1 successfully! Board is now green 2, yellow 0, white 1, blue 1, red 0
You now has yellow 3, blue 4, yellow 4, blue 5, yellow 1
MOVE: 0 1 None 1 None 1
full hints You about all their 1 hints remaining: 3
You has yellow 3, blue 4, yellow 4, blue 5, yellow 1
MOVE: 1 2 4 1 None None
You plays yellow 1 successfully! Board is now green 2, yellow 1, white 1, blue 1, red 0
You now has yellow 3, blue 4, yellow 4, blue 5, red 4
MOVE: 0 3 4 None None None
full discards yellow 3
trash is now yellow 3
full now has green 4, blue 3, green 3, blue 1, red 2
MOVE: 1 3 3 1 None None
You discards blue 5
trash is now yellow 3, blue 5
You now has yellow 3, blue 4, yellow 4, red 4, green 4
MOVE: 0 3 4 None None None
full discards red 2
trash is now yellow 3, blue 5, red 2
full now has green 4, blue 3, green 3, blue 1, white 4
MOVE: 1 3 4 1 None None
You discards green 4
trash is now yellow 3, blue 5, red 2, green 4
You now has yellow 3, blue 4, yellow 4, red 4, white 2
MOVE: 0 0 None 1 2 None
full hints You about all their white cards hints remaining: 6
You has yellow 3, blue 4, yellow 4, red 4, white 2
MOVE: 1 2 4 1 None None
You plays white 2 successfully! Board is now green 2, yellow 1, white 2, blue 1, red 0
You now has yellow 3, blue 4, yellow 4, red 4, red 5
MOVE: 0 3 3 None None None
full discards blue 1
trash is now yellow 3, blue 5, red 2, green 4, blue 1
full now has green 4, blue 3, green 3, white 4, green 1
MOVE: 1 1 None 0 None 3
You hints full about all their 3 hints remaining: 6
full has green 4, blue 3, green 3, white 4, green 1
MOVE: 0 2 1 None None None
full plays blue 3 and fails. Board was green 2, yellow 1, white 2, blue 1, red 0
full now has green 4, green 3, white 4, green 1, red 2
MOVE: 1 0 None 0 0 None
You hints full about all their green cards hints remaining: 5
full has green 4, green 3, white 4, green 1, red 2
MOVE: 0 2 1 None None None
full plays green 3 successfully! Board is now green 3, yellow 1, white 2, blue 1, red 0
full now has green 4, white 4, green 1, red 2, white 1
MOVE: 1 1 None 0 None 4
You hints full about all their 4 hints remaining: 4
full has green 4, white 4, green 1, red 2, white 1
MOVE: 0 2 0 None None None
full plays green 4 successfully! Board is now green 4, yellow 1, white 2, blue 1, red 0
full now has white 4, green 1, red 2, white 1, yellow 1
MOVE: 1 0 None 0 2 None
You hints full about all their white cards hints remaining: 3
full has white 4, green 1, red 2, white 1, yellow 1
MOVE: 0 2 3 None None None
full plays white 1 and fails. Board was green 4, yellow 1, white 2, blue 1, red 0
full now has white 4, green 1, red 2, yellow 1, blue 2
MOVE: 1 3 2 1 None None
You discards yellow 4
trash is now yellow 3, blue 5, red 2, green 4, blue 1, blue 3, white 1, yellow 4
You now has yellow 3, blue 4, red 4, red 5, blue 4
MOVE: 0 1 None 1 None 4
full hints You about all their 4 hints remaining: 3
You has yellow 3, blue 4, red 4, red 5, blue 4
MOVE: 1 3 2 1 None None
You discards red 4
trash is now yellow 3, blue 5, red 2, green 4, blue 1, blue 3, white 1, yellow 4, red 4
You now has yellow 3, blue 4, red 5, blue 4, white 2
MOVE: 0 3 1 None None None
full discards green 1
trash is now yellow 3, blue 5, red 2, green 4, blue 1, blue 3, white 1, yellow 4, red 4, green 1
full now has white 4, red 2, yellow 1, blue 2, yellow 2
MOVE: 1 0 None 0 3 None
You hints full about all their blue cards hints remaining: 4
full has white 4, red 2, yellow 1, blue 2, yellow 2
MOVE: 0 2 3 None None None
full plays blue 2 successfully! Board is now green 4, yellow 1, white 2, blue 2, red 0
full now has white 4, red 2, yellow 1, yellow 2, white 1
MOVE: 1 1 None 0 None 2
You hints full about all their 2 hints remaining: 3
full has white 4, red 2, yellow 1, yellow 2, white 1
MOVE: 0 2 1 None None None
full plays red 2 and fails. Board was green 4, yellow 1, white 2, blue 2, red 0
full now has white 4, yellow 1, yellow 2, white 1, red 3
Score 9
