Old GID: e467658d83395693
Treatment: ('outer', 6032)
[(0, 3), (1, 4), (1, 4), (0, 1), (1, 2), (4, 4), (3, 2), (4, 1), (4, 4), (0, 4), (1, 2), (4, 2), (4, 3), (2, 3), (0, 4), (1, 1), (3, 1), (1, 1), (0, 2), (3, 3), (3, 2), (0, 1), (2, 3), (2, 2), (3, 4), (4, 2), (4, 5), (2, 5), (2, 4), (1, 1), (2, 1), (3, 4), (4, 1), (3, 3), (0, 2), (1, 3), (4, 1), (2, 2), (1, 3), (4, 3)]
MOVE: 0 1 None 1 None 1
outer hints You about all their 1 hints remaining: 7
You has blue 1, yellow 5, blue 5, blue 1, green 3
MOVE: 1 1 None 0 None 1
You hints outer about all their 1 hints remaining: 6
outer has green 5, white 1, green 1, white 1, white 4
MOVE: 0 2 1 None None None
outer plays white 1 successfully! Board is now green 0, yellow 0, white 1, blue 0, red 0
outer now has green 5, green 1, white 1, white 4, green 3
MOVE: 1 2 0 1 None None
You plays blue 1 successfully! Board is now green 0, yellow 0, white 1, blue 1, red 0
You now has yellow 5, blue 5, blue 1, green 3, yellow 4
MOVE: 0 0 None 1 3 None
outer hints You about all their blue cards hints remaining: 5
You has yellow 5, blue 5, blue 1, green 3, yellow 4
MOVE: 1 3 2 1 None None
You discards blue 1
trash is now blue 1
You now has yellow 5, blue 5, green 3, yellow 4, yellow 4
MOVE: 0 1 None 1 None 5
outer hints You about all their 5 hints remaining: 5
You has yellow 5, blue 5, green 3, yellow 4, yellow 4
MOVE: 1 0 None 0 0 None
You hints outer about all their green cards hints remaining: 4
outer has green 5, green 1, white 1, white 4, green 3
MOVE: 0 2 1 None None None
outer plays green 1 successfully! Board is now green 1, yellow 0, white 1, blue 1, red 0
outer now has green 5, white 1, white 4, green 3, green 1
MOVE: 1 3 2 1 None None
You discards green 3
trash is now blue 1, green 3
You now has yellow 5, blue 5, yellow 4, yellow 4, yellow 2
MOVE: 0 0 None 1 1 None
outer hints You about all their yellow cards hints remaining: 4
You has yellow 5, blue 5, yellow 4, yellow 4, yellow 2
MOVE: 1 2 4 1 None None
You plays yellow 2 and fails. Board was green 1, yellow 0, white 1, blue 1, red 0
You now has yellow 5, blue 5, yellow 4, yellow 4, red 4
MOVE: 0 0 None 1 1 None
outer hints You about all their yellow cards hints remaining: 3
You has yellow 5, blue 5, yellow 4, yellow 4, red 4
MOVE: 1 2 3 1 None None
You plays yellow 4 and fails. Board was green 1, yellow 0, white 1, blue 1, red 0
You now has yellow 5, blue 5, yellow 4, red 4, blue 2
MOVE: 0 1 None 1 None 2
outer hints You about all their 2 hints remaining: 2
You has yellow 5, blue 5, yellow 4, red 4, blue 2
MOVE: 1 2 2 1 None None
You plays yellow 4 and fails. Board was green 1, yellow 0, white 1, blue 1, red 0
You now has yellow 5, blue 5, red 4, blue 2, red 1
Score 3
