Old GID: 0d2e7796d640a95b
Treatment: ('intentional', 4205)
[(1, 3), (4, 4), (3, 1), (2, 4), (4, 2), (2, 5), (1, 5), (3, 4), (4, 1), (0, 1), (3, 5), (0, 1), (1, 2), (0, 1), (3, 2), (1, 1), (2, 4), (2, 2), (1, 3), (4, 1), (0, 5), (4, 3), (2, 3), (3, 1), (1, 1), (2, 2), (4, 3), (4, 1), (3, 2), (3, 3), (2, 1), (3, 1), (4, 4), (3, 3), (4, 5), (0, 2), (2, 1), (1, 4), (0, 4), (3, 4)]
MOVE: 0 3 0 None None None
intentional discards white 1
trash is now white 1
intentional now has green 2, green 3, yellow 1, green 4, yellow 3
MOVE: 1 1 None 0 None 1
You hints intentional about all their 1 hints remaining: 7
intentional has green 2, green 3, yellow 1, green 4, yellow 3
MOVE: 0 2 2 None None None
intentional plays yellow 1 successfully! Board is now green 0, yellow 1, white 0, blue 0, red 0
intentional now has green 2, green 3, green 4, yellow 3, red 4
MOVE: 1 3 0 1 None None
You discards green 3
trash is now white 1, green 3
You now has white 3, red 2, yellow 4, yellow 2, blue 1
MOVE: 0 0 None 1 3 None
intentional hints You about all their blue cards hints remaining: 7
You has white 3, red 2, yellow 4, yellow 2, blue 1
MOVE: 1 2 4 1 None None
You plays blue 1 successfully! Board is now green 0, yellow 1, white 0, blue 1, red 0
You now has white 3, red 2, yellow 4, yellow 2, white 4
MOVE: 0 3 4 None None None
intentional discards red 4
trash is now white 1, green 3, red 4
intentional now has green 2, green 3, green 4, yellow 3, red 2
MOVE: 1 3 0 1 None None
You discards white 3
trash is now white 1, green 3, red 4, white 3
You now has red 2, yellow 4, yellow 2, white 4, white 5
MOVE: 0 3 4 None None None
intentional discards red 2
trash is now white 1, green 3, red 4, white 3, red 2
intentional now has green 2, green 3, green 4, yellow 3, yellow 5
MOVE: 1 3 0 1 None None
You discards red 2
trash is now white 1, green 3, red 4, white 3, red 2, red 2
You now has yellow 4, yellow 2, white 4, white 5, blue 4
MOVE: 0 1 None 1 None 2
intentional hints You about all their 2 hints remaining: 7
You has yellow 4, yellow 2, white 4, white 5, blue 4
MOVE: 1 2 1 1 None None
You plays yellow 2 successfully! Board is now green 0, yellow 2, white 0, blue 1, red 0
You now has yellow 4, white 4, white 5, blue 4, red 1
MOVE: 0 0 None 1 4 None
intentional hints You about all their red cards hints remaining: 6
You has yellow 4, white 4, white 5, blue 4, red 1
MOVE: 1 2 1 1 None None
You plays white 4 and fails. Board was green 0, yellow 2, white 0, blue 1, red 0
You now has yellow 4, white 5, blue 4, red 1, green 1
MOVE: 0 1 None 1 None 1
intentional hints You about all their 1 hints remaining: 5
You has yellow 4, white 5, blue 4, red 1, green 1
MOVE: 1 2 1 1 None None
You plays white 5 and fails. Board was green 0, yellow 2, white 0, blue 1, red 0
You now has yellow 4, blue 4, red 1, green 1, blue 5
MOVE: 0 0 None 1 0 None
intentional hints You about all their green cards hints remaining: 4
You has yellow 4, blue 4, red 1, green 1, blue 5
MOVE: 1 2 1 1 None None
You plays blue 4 and fails. Board was green 0, yellow 2, white 0, blue 1, red 0
You now has yellow 4, red 1, green 1, blue 5, green 1
Score 3
