Old GID: 768862e11a280fd0
Treatment: ('full', 7365)
[(2, 3), (4, 4), (0, 1), (2, 1), (0, 2), (3, 1), (0, 4), (0, 1), (3, 2), (3, 4), (3, 1), (1, 3), (1, 4), (1, 1), (0, 5), (2, 5), (0, 1), (3, 2), (1, 1), (1, 2), (0, 3), (4, 4), (1, 1), (3, 3), (0, 4), (2, 2), (4, 2), (3, 1), (4, 3), (1, 2), (4, 1), (0, 3), (4, 3), (2, 4), (4, 1), (2, 1), (3, 4), (0, 2), (1, 5), (1, 4)]
MOVE: 0 3 0 None None None
full discards white 3
trash is now white 3
full now has white 4, red 1, blue 5, white 1, white 3
MOVE: 1 1 None 0 None 1
You hints full about all their 1 hints remaining: 7
full has white 4, red 1, blue 5, white 1, white 3
MOVE: 0 2 1 None None None
full plays red 1 successfully! Board is now green 0, yellow 0, white 0, blue 0, red 1
full now has white 4, blue 5, white 1, white 3, red 4
MOVE: 1 0 None 0 2 None
You hints full about all their white cards hints remaining: 6
full has white 4, blue 5, white 1, white 3, red 4
MOVE: 0 2 2 None None None
full plays white 1 successfully! Board is now green 0, yellow 0, white 1, blue 0, red 1
full now has white 4, blue 5, white 3, red 4, green 1
MOVE: 1 1 None 0 None 1
You hints full about all their 1 hints remaining: 5
full has white 4, blue 5, white 3, red 4, green 1
MOVE: 0 2 4 None None None
full plays green 1 successfully! Board is now green 1, yellow 0, white 1, blue 0, red 1
full now has white 4, blue 5, white 3, red 4, white 1
MOVE: 1 1 None 0 None 5
You hints full about all their 5 hints remaining: 4
full has white 4, blue 5, white 3, red 4, white 1
MOVE: 0 1 None 1 None 2
full hints You about all their 2 hints remaining: 3
You has red 5, red 2, blue 3, yellow 3, white 2
MOVE: 1 2 1 1 None None
You plays red 2 successfully! Board is now green 1, yellow 0, white 1, blue 0, red 2
You now has red 5, blue 3, yellow 3, white 2, green 2
MOVE: 0 1 None 1 None 2
full hints You about all their 2 hints remaining: 2
You has red 5, blue 3, yellow 3, white 2, green 2
MOVE: 1 2 4 1 None None
You plays green 2 successfully! Board is now green 2, yellow 0, white 1, blue 0, red 2
You now has red 5, blue 3, yellow 3, white 2, blue 1
MOVE: 0 0 None 1 2 None
full hints You about all their white cards hints remaining: 1
You has red 5, blue 3, yellow 3, white 2, blue 1
MOVE: 1 2 3 1 None None
You plays white 2 successfully! Board is now green 2, yellow 0, white 2, blue 0, red 2
You now has red 5, blue 3, yellow 3, blue 1, green 4
MOVE: 0 1 None 1 None 1
full hints You about all their 1 hints remaining: 0
You has red 5, blue 3, yellow 3, blue 1, green 4
MOVE: 1 2 3 1 None None
You plays blue 1 successfully! Board is now green 2, yellow 0, white 2, blue 1, red 2
You now has red 5, blue 3, yellow 3, green 4, green 1
MOVE: 0 3 4 None None None
full discards white 1
trash is now white 3, white 1
full now has white 4, blue 5, white 3, red 4, blue 2
MOVE: 1 0 None 0 3 None
You hints full about all their blue cards hints remaining: 0
full has white 4, blue 5, white 3, red 4, blue 2
MOVE: 0 2 4 None None None
full plays blue 2 successfully! Board is now green 2, yellow 0, white 2, blue 2, red 2
full now has white 4, blue 5, white 3, red 4, blue 4
MOVE: 1 3 0 1 None None
You discards red 5
trash is now white 3, white 1, red 5
You now has blue 3, yellow 3, green 4, green 1, blue 1
MOVE: 0 3 3 None None None
full discards red 4
trash is now white 3, white 1, red 5, red 4
full now has white 4, blue 5, white 3, blue 4, yellow 3
MOVE: 1 3 0 1 None None
You discards blue 3
trash is now white 3, white 1, red 5, red 4, blue 3
You now has yellow 3, green 4, green 1, blue 1, yellow 4
MOVE: 0 3 3 None None None
full discards blue 4
trash is now white 3, white 1, red 5, red 4, blue 3, blue 4
full now has white 4, blue 5, white 3, yellow 3, yellow 1
MOVE: 1 1 None 0 None 1
You hints full about all their 1 hints remaining: 3
full has white 4, blue 5, white 3, yellow 3, yellow 1
MOVE: 0 2 4 None None None
full plays yellow 1 successfully! Board is now green 2, yellow 1, white 2, blue 2, red 2
full now has white 4, blue 5, white 3, yellow 3, green 5
MOVE: 1 1 None 0 None 5
You hints full about all their 5 hints remaining: 2
full has white 4, blue 5, white 3, yellow 3, green 5
MOVE: 0 1 None 1 None 1
full hints You about all their 1 hints remaining: 1
You has yellow 3, green 4, green 1, blue 1, yellow 4
MOVE: 1 3 2 1 None None
You discards green 1
trash is now white 3, white 1, red 5, red 4, blue 3, blue 4, green 1
You now has yellow 3, green 4, blue 1, yellow 4, white 5
MOVE: 0 0 None 1 3 None
full hints You about all their blue cards hints remaining: 1
You has yellow 3, green 4, blue 1, yellow 4, white 5
MOVE: 1 3 2 1 None None
You discards blue 1
trash is now white 3, white 1, red 5, red 4, blue 3, blue 4, green 1, blue 1
You now has yellow 3, green 4, yellow 4, white 5, green 1
MOVE: 0 1 None 1 None 1
full hints You about all their 1 hints remaining: 1
You has yellow 3, green 4, yellow 4, white 5, green 1
MOVE: 1 3 4 1 None None
You discards green 1
trash is now white 3, white 1, red 5, red 4, blue 3, blue 4, green 1, blue 1, green 1
You now has yellow 3, green 4, yellow 4, white 5, blue 2
MOVE: 0 3 3 None None None
full discards yellow 3
trash is now white 3, white 1, red 5, red 4, blue 3, blue 4, green 1, blue 1, green 1, yellow 3
full now has white 4, blue 5, white 3, green 5, yellow 1
MOVE: 1 1 None 0 None 3
You hints full about all their 3 hints remaining: 2
full has white 4, blue 5, white 3, green 5, yellow 1
MOVE: 0 2 2 None None None
full plays white 3 successfully! Board is now green 2, yellow 1, white 3, blue 2, red 2
full now has white 4, blue 5, green 5, yellow 1, yellow 2
MOVE: 1 1 None 0 None 4
You hints full about all their 4 hints remaining: 1
full has white 4, blue 5, green 5, yellow 1, yellow 2
MOVE: 0 2 0 None None None
full plays white 4 successfully! Board is now green 2, yellow 1, white 4, blue 2, red 2
full now has blue 5, green 5, yellow 1, yellow 2, green 3
MOVE: 1 1 None 0 None 2
You hints full about all their 2 hints remaining: 0
full has blue 5, green 5, yellow 1, yellow 2, green 3
MOVE: 0 2 3 None None None
full plays yellow 2 successfully! Board is now green 2, yellow 2, white 4, blue 2, red 2
full now has blue 5, green 5, yellow 1, green 3, red 4
MOVE: 1 3 0 1 None None
You discards yellow 3
trash is now white 3, white 1, red 5, red 4, blue 3, blue 4, green 1, blue 1, green 1, yellow 3, yellow 3
You now has green 4, yellow 4, white 5, blue 2, yellow 1
MOVE: 0 0 None 1 2 None
full hints You about all their white cards hints remaining: 0
You has green 4, yellow 4, white 5, blue 2, yellow 1
MOVE: 1 2 2 1 None None
You plays white 5 successfully! Board is now green 2, yellow 2, white 5, blue 2, red 2
You now has green 4, yellow 4, blue 2, yellow 1, blue 3
MOVE: 0 1 None 1 None 3
full hints You about all their 3 hints remaining: 0
You has green 4, yellow 4, blue 2, yellow 1, blue 3
MOVE: 1 2 4 1 None None
You plays blue 3 successfully! Board is now green 2, yellow 2, white 5, blue 3, red 2
You now has green 4, yellow 4, blue 2, yellow 1, green 4
MOVE: 0 3 4 None None None
full discards red 4
trash is now white 3, white 1, red 5, red 4, blue 3, blue 4, green 1, blue 1, green 1, yellow 3, yellow 3, red 4
full now has blue 5, green 5, yellow 1, green 3, white 2
MOVE: 1 1 None 0 None 3
You hints full about all their 3 hints remaining: 0
full has blue 5, green 5, yellow 1, green 3, white 2
MOVE: 0 2 3 None None None
full plays green 3 successfully! Board is now green 3, yellow 2, white 5, blue 3, red 2
full now has blue 5, green 5, yellow 1, white 2, red 2
MOVE: 1 3 0 1 None None
You discards green 4
trash is now white 3, white 1, red 5, red 4, blue 3, blue 4, green 1, blue 1, green 1, yellow 3, yellow 3, red 4, green 4
You now has yellow 4, blue 2, yellow 1, green 4, blue 1
MOVE: 0 1 None 1 None 1
full hints You about all their 1 hints remaining: 0
You has yellow 4, blue 2, yellow 1, green 4, blue 1
MOVE: 1 3 2 1 None None
You discards yellow 1
trash is now white 3, white 1, red 5, red 4, blue 3, blue 4, green 1, blue 1, green 1, yellow 3, yellow 3, red 4, green 4, yellow 1
You now has yellow 4, blue 2, green 4, blue 1, red 3
MOVE: 0 0 None 1 0 None
full hints You about all their green cards hints remaining: 0
You has yellow 4, blue 2, green 4, blue 1, red 3
MOVE: 1 2 2 1 None None
You plays green 4 successfully! Board is now green 4, yellow 2, white 5, blue 3, red 2
You now has yellow 4, blue 2, blue 1, red 3, yellow 2
MOVE: 0 3 4 None None None
full discards red 2
trash is now white 3, white 1, red 5, red 4, blue 3, blue 4, green 1, blue 1, green 1, yellow 3, yellow 3, red 4, green 4, yellow 1, red 2
full now has blue 5, green 5, yellow 1, white 2, red 1
MOVE: 1 0 None 0 0 None
You hints full about all their green cards hints remaining: 0
full has blue 5, green 5, yellow 1, white 2, red 1
MOVE: 0 2 1 None None None
full plays green 5 successfully! Board is now green 5, yellow 2, white 5, blue 3, red 2
full now has blue 5, yellow 1, white 2, red 1, green 3
MOVE: 1 3 2 1 None None
You discards blue 1
trash is now white 3, white 1, red 5, red 4, blue 3, blue 4, green 1, blue 1, green 1, yellow 3, yellow 3, red 4, green 4, yellow 1, red 2, blue 1
You now has yellow 4, blue 2, red 3, yellow 2, red 3
MOVE: 0 0 None 1 4 None
full hints You about all their red cards hints remaining: 1
You has yellow 4, blue 2, red 3, yellow 2, red 3
MOVE: 1 1 None 0 None 1
You hints full about all their 1 hints remaining: 0
full has blue 5, yellow 1, white 2, red 1, green 3
MOVE: 0 3 1 None None None
full discards yellow 1
trash is now white 3, white 1, red 5, red 4, blue 3, blue 4, green 1, blue 1, green 1, yellow 3, yellow 3, red 4, green 4, yellow 1, red 2, blue 1, yellow 1
full now has blue 5, white 2, red 1, green 3, white 4
MOVE: 1 0 None 0 2 None
You hints full about all their white cards hints remaining: 0
full has blue 5, white 2, red 1, green 3, white 4
MOVE: 0 3 1 None None None
full discards white 2
trash is now white 3, white 1, red 5, red 4, blue 3, blue 4, green 1, blue 1, green 1, yellow 3, yellow 3, red 4, green 4, yellow 1, red 2, blue 1, yellow 1, white 2
full now has blue 5, red 1, green 3, white 4, red 1
MOVE: 1 2 2 1 None None
You plays red 3 successfully! Board is now green 5, yellow 2, white 5, blue 3, red 3
You now has yellow 4, blue 2, yellow 2, red 3, white 1
MOVE: 0 3 3 None None None
full discards white 4
trash is now white 3, white 1, red 5, red 4, blue 3, blue 4, green 1, blue 1, green 1, yellow 3, yellow 3, red 4, green 4, yellow 1, red 2, blue 1, yellow 1, white 2, white 4
full now has blue 5, red 1, green 3, red 1, blue 4
MOVE: 1 0 None 0 3 None
You hints full about all their blue cards hints remaining: 1
full has blue 5, red 1, green 3, red 1, blue 4
MOVE: 0 2 4 None None None
full plays blue 4 successfully! Board is now green 5, yellow 2, white 5, blue 4, red 3
full now has blue 5, red 1, green 3, red 1, green 2
MOVE: 1 3 3 1 None None
You discards red 3
trash is now white 3, white 1, red 5, red 4, blue 3, blue 4, green 1, blue 1, green 1, yellow 3, yellow 3, red 4, green 4, yellow 1, red 2, blue 1, yellow 1, white 2, white 4, red 3
You now has yellow 4, blue 2, yellow 2, white 1, yellow 5
MOVE: 0 2 0 None None None
full plays blue 5 successfully! Board is now green 5, yellow 2, white 5, blue 5, red 3
full now has red 1, green 3, red 1, green 2, yellow 4
MOVE: 1 3 0 1 None None
You discards yellow 4
trash is now white 3, white 1, red 5, red 4, blue 3, blue 4, green 1, blue 1, green 1, yellow 3, yellow 3, red 4, green 4, yellow 1, red 2, blue 1, yellow 1, white 2, white 4, red 3, yellow 4
You now has blue 2, yellow 2, white 1, yellow 5
MOVE: 0 3 0 None None None
full discards red 1
trash is now white 3, white 1, red 5, red 4, blue 3, blue 4, green 1, blue 1, green 1, yellow 3, yellow 3, red 4, green 4, yellow 1, red 2, blue 1, yellow 1, white 2, white 4, red 3, yellow 4, red 1
full now has green 3, red 1, green 2, yellow 4
Score 20
