Old GID: 4577181863ac4219
Treatment: ('outer', 9949)
[(2, 2), (3, 1), (3, 1), (4, 1), (3, 3), (0, 4), (2, 2), (4, 3), (3, 1), (4, 2), (1, 2), (2, 1), (0, 1), (1, 4), (4, 1), (4, 2), (3, 3), (2, 3), (4, 4), (1, 3), (0, 5), (3, 4), (3, 4), (3, 2), (1, 4), (1, 1), (1, 1), (0, 3), (0, 3), (2, 1), (0, 2), (1, 3), (2, 3), (0, 1), (1, 1), (2, 4), (4, 1), (4, 5), (2, 1), (2, 4)]
MOVE: 0 1 None 1 None 1
outer hints You about all their 1 hints remaining: 7
You has blue 2, green 1, yellow 5, green 4, green 2
MOVE: 1 2 1 1 None None
You plays green 1 successfully! Board is now green 1, yellow 0, white 0, blue 0, red 0
You now has blue 2, yellow 5, green 4, green 2, white 2
MOVE: 0 0 None 1 0 None
outer hints You about all their green cards hints remaining: 6
You has blue 2, yellow 5, green 4, green 2, white 2
MOVE: 1 2 3 1 None None
You plays green 2 successfully! Board is now green 2, yellow 0, white 0, blue 0, red 0
You now has blue 2, yellow 5, green 4, white 2, blue 1
MOVE: 0 1 None 1 None 1
outer hints You about all their 1 hints remaining: 5
You has blue 2, yellow 5, green 4, white 2, blue 1
MOVE: 1 2 4 1 None None
You plays blue 1 successfully! Board is now green 2, yellow 0, white 0, blue 1, red 0
You now has blue 2, yellow 5, green 4, white 2, blue 1
MOVE: 0 0 None 1 3 None
outer hints You about all their blue cards hints remaining: 4
You has blue 2, yellow 5, green 4, white 2, blue 1
MOVE: 1 2 4 1 None None
You plays blue 1 and fails. Board was green 2, yellow 0, white 0, blue 1, red 0
You now has blue 2, yellow 5, green 4, white 2, red 1
MOVE: 0 1 None 1 None 2
outer hints You about all their 2 hints remaining: 3
You has blue 2, yellow 5, green 4, white 2, red 1
MOVE: 1 2 0 1 None None
You plays blue 2 successfully! Board is now green 2, yellow 0, white 0, blue 2, red 0
You now has yellow 5, green 4, white 2, red 1, blue 3
MOVE: 0 0 None 1 3 None
outer hints You about all their blue cards hints remaining: 2
You has yellow 5, green 4, white 2, red 1, blue 3
MOVE: 1 2 4 1 None None
You plays blue 3 successfully! Board is now green 2, yellow 0, white 0, blue 3, red 0
You now has yellow 5, green 4, white 2, red 1, green 4
MOVE: 0 1 None 1 None 1
outer hints You about all their 1 hints remaining: 1
You has yellow 5, green 4, white 2, red 1, green 4
MOVE: 1 2 3 1 None None
You plays red 1 successfully! Board is now green 2, yellow 0, white 0, blue 3, red 1
You now has yellow 5, green 4, white 2, green 4, white 2
MOVE: 0 0 None 1 0 None
outer hints You about all their green cards hints remaining: 0
You has yellow 5, green 4, white 2, green 4, white 2
MOVE: 1 2 3 1 None None
You plays green 4 and fails. Board was green 2, yellow 0, white 0, blue 3, red 1
You now has yellow 5, green 4, white 2, white 2, red 3
MOVE: 0 3 0 None None None
outer discards blue 5
trash is now blue 1, green 4, blue 5
outer now has red 3, white 5, yellow 2, red 4, blue 1
MOVE: 1 2 1 1 None None
You plays green 4 and fails. Board was green 2, yellow 0, white 0, blue 3, red 1
You now has yellow 5, white 2, white 2, red 3, red 2
Score 6
