Old GID: fc76d063fec0a7d6
Treatment: ('full', 110)
[(2, 5), (0, 5), (4, 4), (0, 1), (3, 4), (0, 4), (2, 4), (4, 2), (2, 3), (3, 1), (0, 2), (3, 1), (3, 3), (3, 4), (4, 5), (2, 1), (2, 3), (2, 4), (3, 2), (1, 1), (0, 4), (2, 1), (4, 4), (1, 2), (1, 4), (4, 3), (0, 3), (3, 2), (3, 1), (0, 1), (4, 2), (1, 4), (0, 2), (2, 2), (1, 1), (2, 1), (1, 1), (3, 5), (1, 5), (4, 3)]
MOVE: 0 1 None 1 None 1
full hints You about all their 1 hints remaining: 7
You has yellow 3, white 2, yellow 2, green 1, red 1
MOVE: 1 2 3 1 None None
You plays green 1 successfully! Board is now green 1, yellow 0, white 0, blue 0, red 0
You now has yellow 3, white 2, yellow 2, red 1, white 5
MOVE: 0 0 None 1 4 None
full hints You about all their red cards hints remaining: 6
You has yellow 3, white 2, yellow 2, red 1, white 5
MOVE: 1 2 3 1 None None
You plays red 1 successfully! Board is now green 1, yellow 0, white 0, blue 0, red 1
You now has yellow 3, white 2, yellow 2, white 5, green 5
MOVE: 0 3 0 None None None
full discards green 3
trash is now green 3
full now has blue 3, red 1, yellow 3, red 1, red 4
MOVE: 1 0 None 0 4 None
You hints full about all their red cards hints remaining: 6
full has blue 3, red 1, yellow 3, red 1, red 4
MOVE: 0 2 1 None None None
full plays red 1 and fails. Board was green 1, yellow 0, white 0, blue 0, red 1
full now has blue 3, yellow 3, red 1, red 4, green 1
MOVE: 1 0 None 0 1 None
You hints full about all their yellow cards hints remaining: 5
full has blue 3, yellow 3, red 1, red 4, green 1
MOVE: 0 2 1 None None None
full plays yellow 3 and fails. Board was green 1, yellow 0, white 0, blue 0, red 1
full now has blue 3, red 1, red 4, green 1, blue 4
MOVE: 1 1 None 0 None 4
You hints full about all their 4 hints remaining: 4
full has blue 3, red 1, red 4, green 1, blue 4
MOVE: 0 3 4 None None None
full discards blue 4
trash is now green 3, red 1, yellow 3, blue 4
full now has blue 3, red 1, red 4, green 1, green 4
MOVE: 1 0 None 0 0 None
You hints full about all their green cards hints remaining: 4
full has blue 3, red 1, red 4, green 1, green 4
MOVE: 0 2 3 None None None
full plays green 1 and fails. Board was green 1, yellow 0, white 0, blue 0, red 1
full now has blue 3, red 1, red 4, green 4, white 4
Score 2
