Old GID: e6f885b3727915d4
Treatment: ('outer', 6085)
[(3, 4), (1, 1), (4, 4), (0, 4), (4, 1), (4, 4), (2, 2), (1, 3), (0, 1), (4, 1), (3, 1), (0, 1), (2, 5), (0, 3), (4, 3), (0, 3), (3, 3), (1, 1), (0, 5), (2, 4), (1, 2), (0, 2), (1, 3), (4, 5), (4, 2), (2, 1), (1, 5), (2, 2), (1, 1), (3, 4), (3, 2), (0, 1), (4, 1), (3, 1), (2, 1), (2, 4), (3, 3), (2, 1), (4, 2), (3, 5)]
MOVE: 0 0 None 1 1 None
outer hints You about all their yellow cards hints remaining: 7
You has green 2, green 4, yellow 2, yellow 4, blue 2
MOVE: 1 1 None 0 None 1
You hints outer about all their 1 hints remaining: 6
outer has red 3, white 3, blue 1, white 3, yellow 4
MOVE: 0 2 2 None None None
outer plays blue 1 successfully! Board is now green 0, yellow 0, white 0, blue 1, red 0
outer now has red 3, white 3, white 3, yellow 4, blue 4
MOVE: 1 1 None 0 None 3
You hints outer about all their 3 hints remaining: 5
outer has red 3, white 3, white 3, yellow 4, blue 4
MOVE: 0 0 None 1 3 None
outer hints You about all their blue cards hints remaining: 4
You has green 2, green 4, yellow 2, yellow 4, blue 2
MOVE: 1 0 None 0 2 None
You hints outer about all their white cards hints remaining: 3
outer has red 3, white 3, white 3, yellow 4, blue 4
MOVE: 0 1 None 1 None 2
outer hints You about all their 2 hints remaining: 2
You has green 2, green 4, yellow 2, yellow 4, blue 2
MOVE: 1 2 4 1 None None
You plays blue 2 successfully! Board is now green 0, yellow 0, white 0, blue 2, red 0
You now has green 2, green 4, yellow 2, yellow 4, yellow 1
MOVE: 0 0 None 1 1 None
outer hints You about all their yellow cards hints remaining: 1
You has green 2, green 4, yellow 2, yellow 4, yellow 1
MOVE: 1 2 3 1 None None
You plays yellow 4 and fails. Board was green 0, yellow 0, white 0, blue 2, red 0
You now has green 2, green 4, yellow 2, yellow 1, red 4
MOVE: 0 1 None 1 None 1
outer hints You about all their 1 hints remaining: 0
You has green 2, green 4, yellow 2, yellow 1, red 4
MOVE: 1 2 3 1 None None
You plays yellow 1 successfully! Board is now green 0, yellow 1, white 0, blue 2, red 0
You now has green 2, green 4, yellow 2, red 4, green 4
MOVE: 0 3 4 None None None
outer discards blue 4
trash is now yellow 4, blue 4
outer now has red 3, white 3, white 3, yellow 4, red 1
MOVE: 1 2 2 1 None None
You plays yellow 2 successfully! Board is now green 0, yellow 2, white 0, blue 2, red 0
You now has green 2, green 4, red 4, green 4, red 4
MOVE: 0 1 None 1 None 4
outer hints You about all their 4 hints remaining: 0
You has green 2, green 4, red 4, green 4, red 4
MOVE: 1 3 0 1 None None
You discards green 2
trash is now yellow 4, blue 4, green 2
You now has green 4, red 4, green 4, red 4, white 2
MOVE: 0 0 None 1 4 None
outer hints You about all their red cards hints remaining: 0
You has green 4, red 4, green 4, red 4, white 2
MOVE: 1 3 1 1 None None
You discards red 4
trash is now yellow 4, blue 4, green 2, red 4
You now has green 4, green 4, red 4, white 2, yellow 3
MOVE: 0 1 None 1 None 3
outer hints You about all their 3 hints remaining: 0
You has green 4, green 4, red 4, white 2, yellow 3
MOVE: 1 2 4 1 None None
You plays yellow 3 successfully! Board is now green 0, yellow 3, white 0, blue 2, red 0
You now has green 4, green 4, red 4, white 2, green 1
MOVE: 0 3 0 None None None
outer discards red 3
trash is now yellow 4, blue 4, green 2, red 4, red 3
outer now has white 3, white 3, yellow 4, red 1, red 1
MOVE: 1 1 None 0 None 1
You hints outer about all their 1 hints remaining: 0
outer has white 3, white 3, yellow 4, red 1, red 1
MOVE: 0 3 1 None None None
outer discards white 3
trash is now yellow 4, blue 4, green 2, red 4, red 3, white 3
outer now has white 3, yellow 4, red 1, red 1, blue 1
MOVE: 1 0 None 0 4 None
You hints outer about all their red cards hints remaining: 0
outer has white 3, yellow 4, red 1, red 1, blue 1
MOVE: 0 2 2 None None None
outer plays red 1 successfully! Board is now green 0, yellow 3, white 0, blue 2, red 1
outer now has white 3, yellow 4, red 1, blue 1, green 1
MOVE: 1 3 4 1 None None
You discards green 1
trash is now yellow 4, blue 4, green 2, red 4, red 3, white 3, green 1
You now has green 4, green 4, red 4, white 2, white 5
MOVE: 0 3 2 None None None
outer discards red 1
trash is now yellow 4, blue 4, green 2, red 4, red 3, white 3, green 1, red 1
outer now has white 3, yellow 4, blue 1, green 1, green 3
MOVE: 1 1 None 0 None 1
You hints outer about all their 1 hints remaining: 1
outer has white 3, yellow 4, blue 1, green 1, green 3
MOVE: 0 1 None 1 None 4
outer hints You about all their 4 hints remaining: 0
You has green 4, green 4, red 4, white 2, white 5
MOVE: 1 3 1 1 None None
You discards green 4
trash is now yellow 4, blue 4, green 2, red 4, red 3, white 3, green 1, red 1, green 4
You now has green 4, red 4, white 2, white 5, red 3
MOVE: 0 1 None 1 None 3
outer hints You about all their 3 hints remaining: 0
You has green 4, red 4, white 2, white 5, red 3
MOVE: 1 2 4 1 None None
You plays red 3 and fails. Board was green 0, yellow 3, white 0, blue 2, red 1
You now has green 4, red 4, white 2, white 5, green 3
MOVE: 0 3 4 None None None
outer discards green 3
trash is now yellow 4, blue 4, green 2, red 4, red 3, white 3, green 1, red 1, green 4, red 3, green 3
outer now has white 3, yellow 4, blue 1, green 1, blue 3
MOVE: 1 0 None 0 0 None
You hints outer about all their green cards hints remaining: 0
outer has white 3, yellow 4, blue 1, green 1, blue 3
MOVE: 0 2 3 None None None
outer plays green 1 successfully! Board is now green 1, yellow 3, white 0, blue 2, red 1
outer now has white 3, yellow 4, blue 1, blue 3, yellow 1
MOVE: 1 3 1 1 None None
You discards red 4
trash is now yellow 4, blue 4, green 2, red 4, red 3, white 3, green 1, red 1, green 4, red 3, green 3, red 4
You now has green 4, white 2, white 5, green 3, green 5
MOVE: 0 0 None 1 0 None
outer hints You about all their green cards hints remaining: 0
You has green 4, white 2, white 5, green 3, green 5
MOVE: 1 3 1 1 None None
You discards white 2
trash is now yellow 4, blue 4, green 2, red 4, red 3, white 3, green 1, red 1, green 4, red 3, green 3, red 4, white 2
You now has green 4, white 5, green 3, green 5, white 4
MOVE: 0 1 None 1 None 5
outer hints You about all their 5 hints remaining: 0
You has green 4, white 5, green 3, green 5, white 4
MOVE: 1 3 4 1 None None
You discards white 4
trash is now yellow 4, blue 4, green 2, red 4, red 3, white 3, green 1, red 1, green 4, red 3, green 3, red 4, white 2, white 4
You now has green 4, white 5, green 3, green 5, yellow 2
MOVE: 0 3 2 None None None
outer discards blue 1
trash is now yellow 4, blue 4, green 2, red 4, red 3, white 3, green 1, red 1, green 4, red 3, green 3, red 4, white 2, white 4, blue 1
outer now has white 3, yellow 4, blue 3, yellow 1, green 2
MOVE: 1 1 None 0 None 2
You hints outer about all their 2 hints remaining: 1
outer has white 3, yellow 4, blue 3, yellow 1, green 2
MOVE: 0 1 None 1 None 5
outer hints You about all their 5 hints remaining: 0
You has green 4, white 5, green 3, green 5, yellow 2
MOVE: 1 3 1 1 None None
You discards white 5
trash is now yellow 4, blue 4, green 2, red 4, red 3, white 3, green 1, red 1, green 4, red 3, green 3, red 4, white 2, white 4, blue 1, white 5
You now has green 4, green 3, green 5, yellow 2, yellow 3
MOVE: 0 0 None 1 0 None
outer hints You about all their green cards hints remaining: 0
You has green 4, green 3, green 5, yellow 2, yellow 3
MOVE: 1 2 1 1 None None
You plays green 3 and fails. Board was green 1, yellow 3, white 0, blue 2, red 1
You now has green 4, green 5, yellow 2, yellow 3, red 5
Score 7
