Old GID: f18753f39552685e
Treatment: ('full', 4250)
[(0, 1), (2, 4), (4, 1), (2, 5), (2, 3), (4, 3), (3, 4), (3, 1), (0, 1), (3, 5), (1, 2), (4, 4), (2, 1), (0, 3), (0, 1), (1, 1), (0, 5), (3, 1), (0, 4), (3, 1), (1, 3), (1, 4), (3, 3), (0, 3), (4, 4), (1, 5), (1, 3), (1, 4), (1, 1), (2, 2), (1, 1), (2, 1), (4, 5), (4, 1), (0, 2), (1, 2), (2, 3), (2, 1), (2, 2), (3, 2)]
MOVE: 0 1 None 1 None 1
full hints You about all their 1 hints remaining: 7
You has red 2, white 4, green 4, red 3, red 1
MOVE: 1 2 4 1 None None
You plays red 1 successfully! Board is now green 0, yellow 0, white 0, blue 0, red 1
You now has red 2, white 4, green 4, red 3, green 1
MOVE: 0 0 None 1 0 None
full hints You about all their green cards hints remaining: 6
You has red 2, white 4, green 4, red 3, green 1
MOVE: 1 1 None 0 None 2
You hints full about all their 2 hints remaining: 5
full has red 2, blue 4, blue 3, green 2, blue 2
MOVE: 0 2 0 None None None
full plays red 2 successfully! Board is now green 0, yellow 0, white 0, blue 0, red 2
full now has blue 4, blue 3, green 2, blue 2, white 4
MOVE: 1 3 3 1 None None
You discards red 3
trash is now red 3
You now has red 2, white 4, green 4, green 1, red 1
MOVE: 0 1 None 1 None 2
full hints You about all their 2 hints remaining: 5
You has red 2, white 4, green 4, green 1, red 1
MOVE: 1 0 None 0 3 None
You hints full about all their blue cards hints remaining: 4
full has blue 4, blue 3, green 2, blue 2, white 4
MOVE: 0 2 0 None None None
full plays blue 4 and fails. Board was green 0, yellow 0, white 0, blue 0, red 2
full now has blue 3, green 2, blue 2, white 4, white 5
MOVE: 1 1 None 0 None 5
You hints full about all their 5 hints remaining: 3
full has blue 3, green 2, blue 2, white 4, white 5
MOVE: 0 3 1 None None None
full discards green 2
trash is now red 3, blue 4, green 2
full now has blue 3, blue 2, white 4, white 5, white 3
MOVE: 1 0 None 0 2 None
You hints full about all their white cards hints remaining: 3
full has blue 3, blue 2, white 4, white 5, white 3
MOVE: 0 2 2 None None None
full plays white 4 and fails. Board was green 0, yellow 0, white 0, blue 0, red 2
full now has blue 3, blue 2, white 5, white 3, red 3
MOVE: 1 1 None 0 None 3
You hints full about all their 3 hints remaining: 2
full has blue 3, blue 2, white 5, white 3, red 3
MOVE: 0 2 4 None None None
full plays red 3 successfully! Board is now green 0, yellow 0, white 0, blue 0, red 3
full now has blue 3, blue 2, white 5, white 3, blue 4
MOVE: 1 3 1 1 None None
You discards white 4
trash is now red 3, blue 4, green 2, white 4, white 4
You now has red 2, green 4, green 1, red 1, blue 1
MOVE: 0 0 None 1 3 None
full hints You about all their blue cards hints remaining: 2
You has red 2, green 4, green 1, red 1, blue 1
MOVE: 1 2 4 1 None None
You plays blue 1 successfully! Board is now green 0, yellow 0, white 0, blue 1, red 3
You now has red 2, green 4, green 1, red 1, green 1
MOVE: 0 2 1 None None None
full plays blue 2 successfully! Board is now green 0, yellow 0, white 0, blue 2, red 3
full now has blue 3, white 5, white 3, blue 4, blue 5
MOVE: 1 0 None 0 3 None
You hints full about all their blue cards hints remaining: 1
full has blue 3, white 5, white 3, blue 4, blue 5
MOVE: 0 2 0 None None None
full plays blue 3 successfully! Board is now green 0, yellow 0, white 0, blue 3, red 3
full now has white 5, white 3, blue 4, blue 5, yellow 2
MOVE: 1 1 None 0 None 4
You hints full about all their 4 hints remaining: 0
full has white 5, white 3, blue 4, blue 5, yellow 2
MOVE: 0 2 2 None None None
full plays blue 4 successfully! Board is now green 0, yellow 0, white 0, blue 4, red 3
full now has white 5, white 3, blue 5, yellow 2, red 4
MOVE: 1 3 2 1 None None
You discards green 1
trash is now red 3, blue 4, green 2, white 4, white 4, green 1
You now has red 2, green 4, red 1, green 1, white 1
MOVE: 0 0 None 1 0 None
full hints You about all their green cards hints remaining: 0
You has red 2, green 4, red 1, green 1, white 1
MOVE: 1 3 1 1 None None
You discards green 4
trash is now red 3, blue 4, green 2, white 4, white 4, green 1, green 4
You now has red 2, red 1, green 1, white 1, green 3
MOVE: 0 0 None 1 2 None
full hints You about all their white cards hints remaining: 0
You has red 2, red 1, green 1, white 1, green 3
MOVE: 1 3 3 1 None None
You discards white 1
trash is now red 3, blue 4, green 2, white 4, white 4, green 1, green 4, white 1
You now has red 2, red 1, green 1, green 3, green 1
MOVE: 0 1 None 1 None 3
full hints You about all their 3 hints remaining: 0
You has red 2, red 1, green 1, green 3, green 1
MOVE: 1 3 3 1 None None
You discards green 3
trash is now red 3, blue 4, green 2, white 4, white 4, green 1, green 4, white 1, green 3
You now has red 2, red 1, green 1, green 1, yellow 1
MOVE: 0 0 None 1 0 None
full hints You about all their green cards hints remaining: 0
You has red 2, red 1, green 1, green 1, yellow 1
MOVE: 1 2 2 1 None None
You plays green 1 successfully! Board is now green 1, yellow 0, white 0, blue 4, red 3
You now has red 2, red 1, green 1, yellow 1, green 5
MOVE: 0 3 2 None None None
full discards blue 5
trash is now red 3, blue 4, green 2, white 4, white 4, green 1, green 4, white 1, green 3, blue 5
full now has white 5, white 3, yellow 2, red 4, blue 1
MOVE: 1 2 2 1 None None
You plays green 1 and fails. Board was green 1, yellow 0, white 0, blue 4, red 3
You now has red 2, red 1, yellow 1, green 5, green 4
Score 8
