Old GID: 6e96fb091345b2a7
Treatment: ('outer', 5453)
[(3, 4), (0, 1), (4, 3), (0, 1), (0, 2), (1, 1), (0, 4), (4, 1), (4, 4), (3, 5), (3, 3), (2, 2), (3, 1), (4, 5), (3, 2), (0, 1), (1, 2), (2, 3), (2, 4), (3, 3), (2, 5), (1, 1), (3, 1), (0, 5), (2, 1), (2, 2), (1, 1), (3, 1), (0, 2), (1, 4), (2, 4), (2, 1), (0, 3), (2, 1), (1, 4), (4, 4), (1, 3), (4, 1), (4, 2), (3, 2)]
MOVE: 0 0 None 1 3 None
outer hints You about all their blue cards hints remaining: 7
You has red 3, yellow 3, yellow 5, white 3, blue 4
MOVE: 1 2 4 1 None None
You plays blue 4 and fails. Board was green 0, yellow 0, white 0, blue 0, red 0
You now has red 3, yellow 3, yellow 5, white 3, blue 4
MOVE: 0 1 None 1 None 4
outer hints You about all their 4 hints remaining: 6
You has red 3, yellow 3, yellow 5, white 3, blue 4
MOVE: 1 2 4 1 None None
You plays blue 4 and fails. Board was green 0, yellow 0, white 0, blue 0, red 0
You now has red 3, yellow 3, yellow 5, white 3, green 1
MOVE: 0 0 None 1 0 None
outer hints You about all their green cards hints remaining: 5
You has red 3, yellow 3, yellow 5, white 3, green 1
MOVE: 1 2 4 1 None None
You plays green 1 successfully! Board is now green 1, yellow 0, white 0, blue 0, red 0
You now has red 3, yellow 3, yellow 5, white 3, red 3
MOVE: 0 1 None 1 None 3
outer hints You about all their 3 hints remaining: 4
You has red 3, yellow 3, yellow 5, white 3, red 3
MOVE: 1 2 4 1 None None
You plays red 3 and fails. Board was green 1, yellow 0, white 0, blue 0, red 0
You now has red 3, yellow 3, yellow 5, white 3, green 1
Score 1
