Old GID: 4ddaa526634c97b7
Treatment: ('outer', 8426)
[(4, 4), (1, 1), (1, 4), (2, 2), (4, 1), (3, 2), (4, 1), (1, 3), (1, 1), (3, 1), (3, 1), (3, 1), (4, 2), (0, 2), (1, 5), (0, 4), (3, 4), (0, 1), (0, 3), (0, 3), (2, 2), (1, 1), (0, 1), (0, 1), (0, 4), (1, 2), (1, 3), (2, 5), (0, 5), (3, 3), (3, 3), (4, 3), (4, 3), (3, 2), (1, 2), (2, 4), (2, 1), (4, 1), (1, 4), (4, 2)]
MOVE: 0 0 None 1 2 None
outer hints You about all their white cards hints remaining: 7
You has green 2, white 4, white 1, white 3, white 3
MOVE: 1 1 None 0 None 1
You hints outer about all their 1 hints remaining: 6
outer has blue 4, red 5, red 4, blue 5, white 1
MOVE: 0 2 4 None None None
outer plays white 1 successfully! Board is now green 0, yellow 0, white 1, blue 0, red 0
outer now has blue 4, red 5, red 4, blue 5, red 4
MOVE: 1 1 None 0 None 5
You hints outer about all their 5 hints remaining: 5
outer has blue 4, red 5, red 4, blue 5, red 4
MOVE: 0 0 None 1 2 None
outer hints You about all their white cards hints remaining: 4
You has green 2, white 4, white 1, white 3, white 3
MOVE: 1 1 None 0 None 4
You hints outer about all their 4 hints remaining: 3
outer has blue 4, red 5, red 4, blue 5, red 4
MOVE: 0 1 None 1 None 3
outer hints You about all their 3 hints remaining: 2
You has green 2, white 4, white 1, white 3, white 3
MOVE: 1 0 None 0 4 None
You hints outer about all their red cards hints remaining: 1
outer has blue 4, red 5, red 4, blue 5, red 4
MOVE: 0 1 None 1 None 4
outer hints You about all their 4 hints remaining: 0
You has green 2, white 4, white 1, white 3, white 3
MOVE: 1 2 2 1 None None
You plays white 1 and fails. Board was green 0, yellow 0, white 1, blue 0, red 0
You now has green 2, white 4, white 3, white 3, yellow 1
MOVE: 0 3 2 None None None
outer discards red 4
trash is now white 1, red 4
outer now has blue 4, red 5, blue 5, red 4, yellow 4
MOVE: 1 3 2 1 None None
You discards white 3
trash is now white 1, red 4, white 3
You now has green 2, white 4, white 3, yellow 1, white 2
MOVE: 0 0 None 1 2 None
outer hints You about all their white cards hints remaining: 1
You has green 2, white 4, white 3, yellow 1, white 2
MOVE: 1 2 4 1 None None
You plays white 2 successfully! Board is now green 0, yellow 0, white 2, blue 0, red 0
You now has green 2, white 4, white 3, yellow 1, red 1
MOVE: 0 1 None 1 None 3
outer hints You about all their 3 hints remaining: 0
You has green 2, white 4, white 3, yellow 1, red 1
MOVE: 1 2 2 1 None None
You plays white 3 successfully! Board is now green 0, yellow 0, white 3, blue 0, red 0
You now has green 2, white 4, yellow 1, red 1, blue 2
MOVE: 0 3 2 None None None
outer discards blue 5
trash is now white 1, red 4, white 3, blue 5
outer now has blue 4, red 5, red 4, yellow 4, red 1
MOVE: 1 2 1 1 None None
You plays white 4 successfully! Board is now green 0, yellow 0, white 4, blue 0, red 0
You now has green 2, yellow 1, red 1, blue 2, yellow 3
MOVE: 0 1 None 1 None 1
outer hints You about all their 1 hints remaining: 0
You has green 2, yellow 1, red 1, blue 2, yellow 3
MOVE: 1 2 2 1 None None
You plays red 1 successfully! Board is now green 0, yellow 0, white 4, blue 0, red 1
You now has green 2, yellow 1, blue 2, yellow 3, yellow 1
MOVE: 0 3 0 None None None
outer discards blue 4
trash is now white 1, red 4, white 3, blue 5, blue 4
outer now has red 5, red 4, yellow 4, red 1, blue 1
MOVE: 1 2 1 1 None None
You plays yellow 1 successfully! Board is now green 0, yellow 1, white 4, blue 0, red 1
You now has green 2, blue 2, yellow 3, yellow 1, blue 1
MOVE: 0 0 None 1 3 None
outer hints You about all their blue cards hints remaining: 0
You has green 2, blue 2, yellow 3, yellow 1, blue 1
MOVE: 1 2 4 1 None None
You plays blue 1 successfully! Board is now green 0, yellow 1, white 4, blue 1, red 1
You now has green 2, blue 2, yellow 3, yellow 1, blue 1
MOVE: 0 3 2 None None None
outer discards yellow 4
trash is now white 1, red 4, white 3, blue 5, blue 4, yellow 4
outer now has red 5, red 4, red 1, blue 1, red 2
MOVE: 1 1 None 0 None 2
You hints outer about all their 2 hints remaining: 0
outer has red 5, red 4, red 1, blue 1, red 2
MOVE: 0 3 2 None None None
outer discards red 1
trash is now white 1, red 4, white 3, blue 5, blue 4, yellow 4, red 1
outer now has red 5, red 4, blue 1, red 2, green 2
MOVE: 1 0 None 0 4 None
You hints outer about all their red cards hints remaining: 0
outer has red 5, red 4, blue 1, red 2, green 2
MOVE: 0 2 3 None None None
outer plays red 2 successfully! Board is now green 0, yellow 1, white 4, blue 1, red 2
outer now has red 5, red 4, blue 1, green 2, yellow 5
MOVE: 1 2 1 1 None None
You plays blue 2 successfully! Board is now green 0, yellow 1, white 4, blue 2, red 2
You now has green 2, yellow 3, yellow 1, blue 1, green 4
MOVE: 0 3 2 None None None
outer discards blue 1
trash is now white 1, red 4, white 3, blue 5, blue 4, yellow 4, red 1, blue 1
outer now has red 5, red 4, green 2, yellow 5, blue 4
MOVE: 1 3 0 1 None None
You discards green 2
trash is now white 1, red 4, white 3, blue 5, blue 4, yellow 4, red 1, blue 1, green 2
You now has yellow 3, yellow 1, blue 1, green 4, green 1
MOVE: 0 1 None 1 None 1
outer hints You about all their 1 hints remaining: 1
You has yellow 3, yellow 1, blue 1, green 4, green 1
MOVE: 1 2 1 1 None None
You plays yellow 1 and fails. Board was green 0, yellow 1, white 4, blue 2, red 2
You now has yellow 3, blue 1, green 4, green 1, green 3
MOVE: 0 0 None 1 0 None
outer hints You about all their green cards hints remaining: 0
You has yellow 3, blue 1, green 4, green 1, green 3
MOVE: 1 2 3 1 None None
You plays green 1 successfully! Board is now green 1, yellow 1, white 4, blue 2, red 2
You now has yellow 3, blue 1, green 4, green 3, green 3
MOVE: 0 3 4 None None None
outer discards blue 4
trash is now white 1, red 4, white 3, blue 5, blue 4, yellow 4, red 1, blue 1, green 2, yellow 1, blue 4
outer now has red 5, red 4, green 2, yellow 5, white 2
MOVE: 1 2 3 1 None None
You plays green 3 and fails. Board was green 1, yellow 1, white 4, blue 2, red 2
You now has yellow 3, blue 1, green 4, green 3, yellow 1
Score 10
