Old GID: 13d6ce782be3856e
Treatment: ('outer', 6351)
[(4, 4), (3, 2), (0, 1), (2, 5), (1, 2), (3, 3), (0, 2), (1, 2), (2, 4), (2, 2), (4, 5), (1, 4), (1, 3), (3, 1), (3, 4), (4, 2), (0, 3), (4, 1), (3, 4), (4, 4), (2, 1), (2, 4), (0, 5), (1, 1), (2, 2), (4, 3), (3, 5), (0, 3), (4, 1), (1, 1), (3, 1), (3, 3), (1, 3), (2, 3), (3, 2), (0, 4), (2, 3), (2, 1), (3, 1), (4, 3)]
MOVE: 0 1 None 1 None 1
outer hints You about all their 1 hints remaining: 7
You has yellow 1, green 4, red 2, red 1, green 1
MOVE: 1 1 None 0 None 1
You hints outer about all their 1 hints remaining: 6
outer has green 2, white 1, yellow 4, green 1, yellow 5
MOVE: 0 2 1 None None None
outer plays white 1 successfully! Board is now green 0, yellow 0, white 1, blue 0, red 0
outer now has green 2, yellow 4, green 1, yellow 5, red 4
MOVE: 1 2 3 1 None None
You plays red 1 successfully! Board is now green 0, yellow 0, white 1, blue 0, red 1
You now has yellow 1, green 4, red 2, green 1, blue 2
MOVE: 0 1 None 1 None 2
outer hints You about all their 2 hints remaining: 5
You has yellow 1, green 4, red 2, green 1, blue 2
MOVE: 1 2 3 1 None None
You plays green 1 successfully! Board is now green 1, yellow 0, white 1, blue 0, red 1
You now has yellow 1, green 4, red 2, blue 2, green 1
MOVE: 0 0 None 1 4 None
outer hints You about all their red cards hints remaining: 4
You has yellow 1, green 4, red 2, blue 2, green 1
MOVE: 1 2 2 1 None None
You plays red 2 successfully! Board is now green 1, yellow 0, white 1, blue 0, red 2
You now has yellow 1, green 4, blue 2, green 1, white 5
MOVE: 0 0 None 1 1 None
outer hints You about all their yellow cards hints remaining: 3
You has yellow 1, green 4, blue 2, green 1, white 5
MOVE: 1 2 0 1 None None
You plays yellow 1 successfully! Board is now green 1, yellow 1, white 1, blue 0, red 2
You now has green 4, blue 2, green 1, white 5, yellow 2
MOVE: 0 0 None 1 1 None
outer hints You about all their yellow cards hints remaining: 2
You has green 4, blue 2, green 1, white 5, yellow 2
MOVE: 1 2 4 1 None None
You plays yellow 2 successfully! Board is now green 1, yellow 2, white 1, blue 0, red 2
You now has green 4, blue 2, green 1, white 5, blue 3
MOVE: 0 0 None 1 3 None
outer hints You about all their blue cards hints remaining: 1
You has green 4, blue 2, green 1, white 5, blue 3
MOVE: 1 2 1 1 None None
You plays blue 2 and fails. Board was green 1, yellow 2, white 1, blue 0, red 2
You now has green 4, green 1, white 5, blue 3, green 2
MOVE: 0 1 None 1 None 2
outer hints You about all their 2 hints remaining: 0
You has green 4, green 1, white 5, blue 3, green 2
MOVE: 1 2 4 1 None None
You plays green 2 successfully! Board is now green 2, yellow 2, white 1, blue 0, red 2
You now has green 4, green 1, white 5, blue 3, yellow 2
MOVE: 0 3 0 None None None
outer discards green 2
trash is now blue 2, green 2
outer now has yellow 4, green 1, yellow 5, red 4, white 4
MOVE: 1 3 3 1 None None
You discards blue 3
trash is now blue 2, green 2, blue 3
You now has green 4, green 1, white 5, yellow 2, white 2
MOVE: 0 1 None 1 None 2
outer hints You about all their 2 hints remaining: 1
You has green 4, green 1, white 5, yellow 2, white 2
MOVE: 1 2 4 1 None None
You plays white 2 successfully! Board is now green 2, yellow 2, white 2, blue 0, red 2
You now has green 4, green 1, white 5, yellow 2, red 5
MOVE: 0 0 None 1 0 None
outer hints You about all their green cards hints remaining: 0
You has green 4, green 1, white 5, yellow 2, red 5
MOVE: 1 2 1 1 None None
You plays green 1 and fails. Board was green 2, yellow 2, white 2, blue 0, red 2
You now has green 4, white 5, yellow 2, red 5, yellow 4
MOVE: 0 3 3 None None None
outer discards red 4
trash is now blue 2, green 2, blue 3, green 1, red 4
outer now has yellow 4, green 1, yellow 5, white 4, yellow 3
MOVE: 1 2 0 1 None None
You plays green 4 and fails. Board was green 2, yellow 2, white 2, blue 0, red 2
You now has white 5, yellow 2, red 5, yellow 4, blue 1
Score 8
