Old GID: 2e73697030ca76a9
Treatment: ('full', 1909)
[(2, 3), (4, 1), (2, 1), (0, 2), (0, 3), (4, 2), (0, 5), (2, 4), (0, 1), (0, 1), (1, 3), (3, 4), (1, 3), (1, 5), (1, 2), (3, 1), (2, 4), (3, 2), (4, 3), (4, 3), (3, 3), (1, 1), (2, 1), (4, 2), (2, 5), (3, 4), (1, 1), (2, 1), (4, 4), (2, 2), (4, 1), (4, 4), (0, 1), (1, 4), (2, 3), (3, 5), (4, 5), (0, 4), (3, 1), (1, 2)]
MOVE: 0 1 None 1 None 1
full hints You about all their 1 hints remaining: 7
You has green 2, yellow 1, blue 2, blue 3, red 1
MOVE: 1 2 1 1 None None
You plays yellow 1 successfully! Board is now green 0, yellow 1, white 0, blue 0, red 0
You now has green 2, blue 2, blue 3, red 1, white 3
MOVE: 0 0 None 1 4 None
full hints You about all their red cards hints remaining: 6
You has green 2, blue 2, blue 3, red 1, white 3
MOVE: 1 2 3 1 None None
You plays red 1 successfully! Board is now green 0, yellow 1, white 0, blue 0, red 1
You now has green 2, blue 2, blue 3, white 3, red 1
MOVE: 0 3 0 None None None
full discards white 2
trash is now white 2
full now has green 3, blue 1, yellow 4, green 4, white 1
MOVE: 1 0 None 0 3 None
You hints full about all their blue cards hints remaining: 6
full has green 3, blue 1, yellow 4, green 4, white 1
MOVE: 0 2 1 None None None
full plays blue 1 successfully! Board is now green 0, yellow 1, white 0, blue 1, red 1
full now has green 3, yellow 4, green 4, white 1, green 2
MOVE: 1 0 None 0 2 None
You hints full about all their white cards hints remaining: 5
full has green 3, yellow 4, green 4, white 1, green 2
MOVE: 0 2 3 None None None
full plays white 1 successfully! Board is now green 0, yellow 1, white 1, blue 1, red 1
full now has green 3, yellow 4, green 4, green 2, green 3
MOVE: 1 1 None 0 None 4
You hints full about all their 4 hints remaining: 4
full has green 3, yellow 4, green 4, green 2, green 3
MOVE: 0 3 1 None None None
full discards yellow 4
trash is now white 2, yellow 4
full now has green 3, green 4, green 2, green 3, red 2
MOVE: 1 0 None 0 4 None
You hints full about all their red cards hints remaining: 4
full has green 3, green 4, green 2, green 3, red 2
MOVE: 0 2 4 None None None
full plays red 2 successfully! Board is now green 0, yellow 1, white 1, blue 1, red 2
full now has green 3, green 4, green 2, green 3, green 5
MOVE: 1 1 None 0 None 5
You hints full about all their 5 hints remaining: 3
full has green 3, green 4, green 2, green 3, green 5
MOVE: 0 3 2 None None None
full discards green 2
trash is now white 2, yellow 4, green 2
full now has green 3, green 4, green 3, green 5, white 4
MOVE: 1 0 None 0 0 None
You hints full about all their green cards hints remaining: 3
full has green 3, green 4, green 3, green 5, white 4
MOVE: 0 2 0 None None None
full plays green 3 and fails. Board was green 0, yellow 1, white 1, blue 1, red 2
full now has green 4, green 3, green 5, white 4, green 1
MOVE: 1 1 None 0 None 1
You hints full about all their 1 hints remaining: 2
full has green 4, green 3, green 5, white 4, green 1
MOVE: 0 2 4 None None None
full plays green 1 successfully! Board is now green 1, yellow 1, white 1, blue 1, red 2
full now has green 4, green 3, green 5, white 4, green 1
MOVE: 1 1 None 0 None 1
You hints full about all their 1 hints remaining: 1
full has green 4, green 3, green 5, white 4, green 1
MOVE: 0 3 4 None None None
full discards green 1
trash is now white 2, yellow 4, green 2, green 3, green 1
full now has green 4, green 3, green 5, white 4, yellow 3
MOVE: 1 3 0 1 None None
You discards green 2
trash is now white 2, yellow 4, green 2, green 3, green 1, green 2
You now has blue 2, blue 3, white 3, red 1, blue 4
MOVE: 0 1 None 1 None 2
full hints You about all their 2 hints remaining: 2
You has blue 2, blue 3, white 3, red 1, blue 4
MOVE: 1 2 0 1 None None
You plays blue 2 successfully! Board is now green 1, yellow 1, white 1, blue 2, red 2
You now has blue 3, white 3, red 1, blue 4, yellow 3
MOVE: 0 1 None 1 None 1
full hints You about all their 1 hints remaining: 1
You has blue 3, white 3, red 1, blue 4, yellow 3
MOVE: 1 2 2 1 None None
You plays red 1 and fails. Board was green 1, yellow 1, white 1, blue 2, red 2
You now has blue 3, white 3, blue 4, yellow 3, yellow 5
MOVE: 0 3 0 None None None
full discards green 4
trash is now white 2, yellow 4, green 2, green 3, green 1, green 2, red 1, green 4
full now has green 3, green 5, white 4, yellow 3, yellow 2
MOVE: 1 1 None 0 None 2
You hints full about all their 2 hints remaining: 1
full has green 3, green 5, white 4, yellow 3, yellow 2
MOVE: 0 2 4 None None None
full plays yellow 2 successfully! Board is now green 1, yellow 2, white 1, blue 2, red 2
full now has green 3, green 5, white 4, yellow 3, blue 1
MOVE: 1 1 None 0 None 3
You hints full about all their 3 hints remaining: 0
full has green 3, green 5, white 4, yellow 3, blue 1
MOVE: 0 2 3 None None None
full plays yellow 3 successfully! Board is now green 1, yellow 3, white 1, blue 2, red 2
full now has green 3, green 5, white 4, blue 1, white 4
MOVE: 1 3 0 1 None None
You discards blue 3
trash is now white 2, yellow 4, green 2, green 3, green 1, green 2, red 1, green 4, blue 3
You now has white 3, blue 4, yellow 3, yellow 5, blue 2
MOVE: 0 3 3 None None None
full discards blue 1
trash is now white 2, yellow 4, green 2, green 3, green 1, green 2, red 1, green 4, blue 3, blue 1
full now has green 3, green 5, white 4, white 4, red 3
MOVE: 1 0 None 0 4 None
You hints full about all their red cards hints remaining: 1
full has green 3, green 5, white 4, white 4, red 3
MOVE: 0 2 4 None None None
full plays red 3 successfully! Board is now green 1, yellow 3, white 1, blue 2, red 3
full now has green 3, green 5, white 4, white 4, red 3
MOVE: 1 3 0 1 None None
You discards white 3
trash is now white 2, yellow 4, green 2, green 3, green 1, green 2, red 1, green 4, blue 3, blue 1, white 3
You now has blue 4, yellow 3, yellow 5, blue 2, blue 3
MOVE: 0 3 4 None None None
full discards red 3
trash is now white 2, yellow 4, green 2, green 3, green 1, green 2, red 1, green 4, blue 3, blue 1, white 3, red 3
full now has green 3, green 5, white 4, white 4, yellow 1
MOVE: 1 1 None 0 None 1
You hints full about all their 1 hints remaining: 2
full has green 3, green 5, white 4, white 4, yellow 1
MOVE: 0 3 4 None None None
full discards yellow 1
trash is now white 2, yellow 4, green 2, green 3, green 1, green 2, red 1, green 4, blue 3, blue 1, white 3, red 3, yellow 1
full now has green 3, green 5, white 4, white 4, white 1
MOVE: 1 1 None 0 None 1
You hints full about all their 1 hints remaining: 2
full has green 3, green 5, white 4, white 4, white 1
MOVE: 0 3 4 None None None
full discards white 1
trash is now white 2, yellow 4, green 2, green 3, green 1, green 2, red 1, green 4, blue 3, blue 1, white 3, red 3, yellow 1, white 1
full now has green 3, green 5, white 4, white 4, red 2
MOVE: 1 1 None 0 None 4
You hints full about all their 4 hints remaining: 2
full has green 3, green 5, white 4, white 4, red 2
MOVE: 0 2 2 None None None
full plays white 4 and fails. Board was green 1, yellow 3, white 1, blue 2, red 3
full now has green 3, green 5, white 4, red 2, white 5
Score 10
