Old GID: c1aef23a4f5c8071
Treatment: ('intentional', 4982)
[(3, 1), (0, 3), (4, 5), (1, 3), (2, 2), (0, 3), (1, 1), (3, 2), (1, 4), (1, 1), (3, 5), (1, 3), (1, 4), (4, 4), (2, 1), (4, 1), (0, 1), (0, 1), (3, 4), (4, 1), (0, 4), (0, 5), (0, 2), (3, 3), (0, 4), (4, 3), (2, 1), (3, 1), (4, 1), (3, 3), (2, 3), (2, 1), (0, 2), (2, 5), (1, 2), (3, 2), (3, 4), (4, 2), (3, 1), (4, 2)]
MOVE: 0 1 None 1 None 1
intentional hints You about all their 1 hints remaining: 7
You has yellow 1, red 4, white 3, yellow 2, yellow 5
MOVE: 1 1 None 0 None 1
You hints intentional about all their 1 hints remaining: 6
intentional has white 2, red 3, white 4, white 4, green 1
MOVE: 0 2 4 None None None
intentional plays green 1 successfully! Board is now green 1, yellow 0, white 0, blue 0, red 0
intentional now has white 2, red 3, white 4, white 4, blue 1
MOVE: 1 2 0 1 None None
You plays yellow 1 successfully! Board is now green 1, yellow 1, white 0, blue 0, red 0
You now has red 4, white 3, yellow 2, yellow 5, green 3
MOVE: 0 1 None 1 None 2
intentional hints You about all their 2 hints remaining: 5
You has red 4, white 3, yellow 2, yellow 5, green 3
MOVE: 1 1 None 0 None 1
You hints intentional about all their 1 hints remaining: 4
intentional has white 2, red 3, white 4, white 4, blue 1
MOVE: 0 0 None 1 1 None
intentional hints You about all their yellow cards hints remaining: 3
You has red 4, white 3, yellow 2, yellow 5, green 3
MOVE: 1 2 2 1 None None
You plays yellow 2 successfully! Board is now green 1, yellow 2, white 0, blue 0, red 0
You now has red 4, white 3, yellow 5, green 3, red 5
MOVE: 0 0 None 1 0 None
intentional hints You about all their green cards hints remaining: 2
You has red 4, white 3, yellow 5, green 3, red 5
MOVE: 1 2 3 1 None None
You plays green 3 and fails. Board was green 1, yellow 2, white 0, blue 0, red 0
You now has red 4, white 3, yellow 5, red 5, yellow 3
MOVE: 0 1 None 1 None 3
intentional hints You about all their 3 hints remaining: 1
You has red 4, white 3, yellow 5, red 5, yellow 3
MOVE: 1 2 4 1 None None
You plays yellow 3 successfully! Board is now green 1, yellow 3, white 0, blue 0, red 0
You now has red 4, white 3, yellow 5, red 5, white 2
MOVE: 0 3 0 None None None
intentional discards white 2
trash is now green 3, white 2
intentional now has red 3, white 4, white 4, blue 1, green 3
MOVE: 1 2 4 1 None None
You plays white 2 and fails. Board was green 1, yellow 3, white 0, blue 0, red 0
You now has red 4, white 3, yellow 5, red 5, yellow 1
MOVE: 0 3 4 None None None
intentional discards green 3
trash is now green 3, white 2, white 2, green 3
intentional now has red 3, white 4, white 4, blue 1, blue 2
MOVE: 1 2 4 1 None None
You plays yellow 1 and fails. Board was green 1, yellow 3, white 0, blue 0, red 0
You now has red 4, white 3, yellow 5, red 5, yellow 4
Score 4
