Old GID: c6143c3e6290189f
Treatment: ('full', 3462)
[(1, 4), (1, 3), (4, 1), (0, 2), (1, 1), (2, 2), (4, 2), (0, 5), (0, 2), (4, 3), (3, 2), (3, 4), (4, 5), (1, 3), (4, 4), (3, 1), (3, 4), (2, 1), (2, 1), (0, 4), (0, 1), (2, 3), (4, 2), (2, 5), (4, 4), (0, 3), (4, 3), (1, 1), (1, 1), (0, 1), (0, 1), (3, 1), (1, 2), (0, 4), (1, 2), (3, 1), (1, 4), (2, 4), (2, 2), (3, 3)]
MOVE: 0 1 None 1 None 1
full hints You about all their 1 hints remaining: 7
You has blue 2, white 3, red 1, blue 5, white 1
MOVE: 1 2 2 1 None None
You plays red 1 successfully! Board is now green 0, yellow 0, white 0, blue 0, red 1
You now has blue 2, white 3, blue 5, white 1, yellow 4
MOVE: 0 0 None 1 2 None
full hints You about all their white cards hints remaining: 6
You has blue 2, white 3, blue 5, white 1, yellow 4
MOVE: 1 2 3 1 None None
You plays white 1 successfully! Board is now green 0, yellow 0, white 1, blue 0, red 1
You now has blue 2, white 3, blue 5, yellow 4, yellow 3
MOVE: 0 3 0 None None None
full discards blue 3
trash is now blue 3
full now has yellow 5, red 1, white 4, green 3, red 1
MOVE: 1 0 None 0 4 None
You hints full about all their red cards hints remaining: 6
full has yellow 5, red 1, white 4, green 3, red 1
MOVE: 0 2 1 None None None
full plays red 1 and fails. Board was green 0, yellow 0, white 1, blue 0, red 1
full now has yellow 5, white 4, green 3, red 1, green 2
MOVE: 1 1 None 0 None 1
You hints full about all their 1 hints remaining: 5
full has yellow 5, white 4, green 3, red 1, green 2
MOVE: 0 3 3 None None None
full discards red 1
trash is now blue 3, red 1, red 1
full now has yellow 5, white 4, green 3, green 2, yellow 1
MOVE: 1 1 None 0 None 1
You hints full about all their 1 hints remaining: 5
full has yellow 5, white 4, green 3, green 2, yellow 1
MOVE: 0 2 4 None None None
full plays yellow 1 successfully! Board is now green 0, yellow 1, white 1, blue 0, red 1
full now has yellow 5, white 4, green 3, green 2, white 2
MOVE: 1 2 1 1 None None
You plays white 3 and fails. Board was green 0, yellow 1, white 1, blue 0, red 1
You now has blue 2, blue 5, yellow 4, yellow 3, red 2
MOVE: 0 0 None 1 4 None
full hints You about all their red cards hints remaining: 4
You has blue 2, blue 5, yellow 4, yellow 3, red 2
MOVE: 1 2 4 1 None None
You plays red 2 successfully! Board is now green 0, yellow 1, white 1, blue 0, red 2
You now has blue 2, blue 5, yellow 4, yellow 3, green 5
MOVE: 0 3 4 None None None
full discards white 2
trash is now blue 3, red 1, red 1, white 3, white 2
full now has yellow 5, white 4, green 3, green 2, green 2
MOVE: 1 0 None 0 0 None
You hints full about all their green cards hints remaining: 4
full has yellow 5, white 4, green 3, green 2, green 2
MOVE: 0 2 4 None None None
full plays green 2 and fails. Board was green 0, yellow 1, white 1, blue 0, red 2
full now has yellow 5, white 4, green 3, green 2, red 3
Score 4
