Old GID: ab53b6b970ba1591
Treatment: ('outer', 4986)
[(4, 5), (2, 4), (0, 2), (1, 3), (1, 3), (0, 1), (3, 1), (0, 4), (0, 3), (4, 3), (4, 3), (2, 1), (2, 5), (3, 3), (2, 2), (3, 2), (4, 1), (1, 1), (4, 2), (2, 3), (0, 1), (1, 1), (4, 2), (0, 1), (3, 3), (1, 5), (3, 5), (0, 3), (3, 1), (1, 2), (2, 4), (3, 4), (1, 1), (1, 4), (4, 4), (4, 1), (2, 2), (3, 2), (2, 1), (4, 4)]
MOVE: 0 1 None 1 None 1
outer hints You about all their 1 hints remaining: 7
You has yellow 2, red 1, white 1, white 3, green 5
MOVE: 1 2 2 1 None None
You plays white 1 successfully! Board is now green 0, yellow 0, white 1, blue 0, red 0
You now has yellow 2, red 1, white 3, green 5, red 5
MOVE: 0 0 None 1 4 None
outer hints You about all their red cards hints remaining: 6
You has yellow 2, red 1, white 3, green 5, red 5
MOVE: 1 2 1 1 None None
You plays red 1 successfully! Board is now green 0, yellow 0, white 1, blue 0, red 1
You now has yellow 2, white 3, green 5, red 5, white 4
MOVE: 0 1 None 1 None 5
outer hints You about all their 5 hints remaining: 5
You has yellow 2, white 3, green 5, red 5, white 4
MOVE: 1 1 None 0 None 1
You hints outer about all their 1 hints remaining: 4
outer has green 4, yellow 4, blue 4, blue 1, green 2
MOVE: 0 0 None 1 2 None
outer hints You about all their white cards hints remaining: 3
You has yellow 2, white 3, green 5, red 5, white 4
MOVE: 1 0 None 0 3 None
You hints outer about all their blue cards hints remaining: 2
outer has green 4, yellow 4, blue 4, blue 1, green 2
MOVE: 0 2 3 None None None
outer plays blue 1 successfully! Board is now green 0, yellow 0, white 1, blue 1, red 1
outer now has green 4, yellow 4, blue 4, green 2, green 2
MOVE: 1 1 None 0 None 4
You hints outer about all their 4 hints remaining: 1
outer has green 4, yellow 4, blue 4, green 2, green 2
MOVE: 0 1 None 1 None 2
outer hints You about all their 2 hints remaining: 0
You has yellow 2, white 3, green 5, red 5, white 4
MOVE: 1 2 0 1 None None
You plays yellow 2 and fails. Board was green 0, yellow 0, white 1, blue 1, red 1
You now has white 3, green 5, red 5, white 4, yellow 3
MOVE: 0 3 2 None None None
outer discards blue 4
trash is now yellow 2, blue 4
outer now has green 4, yellow 4, green 2, green 2, yellow 3
MOVE: 1 3 4 1 None None
You discards yellow 3
trash is now yellow 2, blue 4, yellow 3
You now has white 3, green 5, red 5, white 4, green 1
MOVE: 0 1 None 1 None 1
outer hints You about all their 1 hints remaining: 1
You has white 3, green 5, red 5, white 4, green 1
MOVE: 1 2 4 1 None None
You plays green 1 successfully! Board is now green 1, yellow 0, white 1, blue 1, red 1
You now has white 3, green 5, red 5, white 4, blue 1
MOVE: 0 1 None 1 None 4
outer hints You about all their 4 hints remaining: 0
You has white 3, green 5, red 5, white 4, blue 1
MOVE: 1 2 0 1 None None
You plays white 3 and fails. Board was green 1, yellow 0, white 1, blue 1, red 1
You now has green 5, red 5, white 4, blue 1, green 4
MOVE: 0 3 3 None None None
outer discards green 2
trash is now yellow 2, blue 4, yellow 3, white 3, green 2
outer now has green 4, yellow 4, green 2, yellow 3, green 3
MOVE: 1 1 None 0 None 2
You hints outer about all their 2 hints remaining: 0
outer has green 4, yellow 4, green 2, yellow 3, green 3
MOVE: 0 3 0 None None None
outer discards green 4
trash is now yellow 2, blue 4, yellow 3, white 3, green 2, green 4
outer now has yellow 4, green 2, yellow 3, green 3, red 3
MOVE: 1 0 None 0 0 None
You hints outer about all their green cards hints remaining: 0
outer has yellow 4, green 2, yellow 3, green 3, red 3
MOVE: 0 2 1 None None None
outer plays green 2 successfully! Board is now green 2, yellow 0, white 1, blue 1, red 1
outer now has yellow 4, yellow 3, green 3, red 3, red 3
MOVE: 1 2 0 1 None None
You plays green 5 and fails. Board was green 2, yellow 0, white 1, blue 1, red 1
You now has red 5, white 4, blue 1, green 4, white 1
Score 5
