Old GID: a3bc2020c9092abd
Treatment: ('full', 1932)
[(2, 1), (2, 4), (0, 5), (1, 2), (2, 4), (0, 3), (1, 5), (3, 1), (3, 5), (3, 4), (0, 1), (3, 4), (0, 1), (2, 2), (0, 4), (4, 1), (2, 1), (3, 3), (4, 2), (4, 3), (3, 2), (1, 1), (4, 1), (4, 4), (0, 1), (3, 2), (4, 4), (3, 1), (1, 4), (1, 3), (4, 2), (1, 1), (1, 1), (0, 3), (3, 1), (1, 4), (2, 3), (4, 1), (2, 5), (1, 3)]
MOVE: 0 1 None 1 None 1
full hints You about all their 1 hints remaining: 7
You has white 2, green 2, white 1, white 3, green 4
MOVE: 1 2 2 1 None None
You plays white 1 successfully! Board is now green 0, yellow 0, white 1, blue 0, red 0
You now has white 2, green 2, white 3, green 4, white 1
MOVE: 0 3 0 None None None
full discards blue 3
trash is now blue 3
full now has green 2, red 5, yellow 2, red 3, white 4
MOVE: 1 1 None 0 None 5
You hints full about all their 5 hints remaining: 7
full has green 2, red 5, yellow 2, red 3, white 4
MOVE: 0 3 0 None None None
full discards green 2
trash is now blue 3, green 2
full now has red 5, yellow 2, red 3, white 4, green 5
MOVE: 1 3 2 1 None None
You discards white 3
trash is now blue 3, green 2, white 3
You now has white 2, green 2, green 4, white 1, yellow 2
MOVE: 0 3 1 None None None
full discards yellow 2
trash is now blue 3, green 2, white 3, yellow 2
full now has red 5, red 3, white 4, green 5, white 4
MOVE: 1 1 None 0 None 4
You hints full about all their 4 hints remaining: 7
full has red 5, red 3, white 4, green 5, white 4
MOVE: 0 3 2 None None None
full discards white 4
trash is now blue 3, green 2, white 3, yellow 2, white 4
full now has red 5, red 3, green 5, white 4, green 3
MOVE: 1 3 0 1 None None
You discards white 2
trash is now blue 3, green 2, white 3, yellow 2, white 4, white 2
You now has green 2, green 4, white 1, yellow 2, yellow 5
MOVE: 0 3 3 None None None
full discards white 4
trash is now blue 3, green 2, white 3, yellow 2, white 4, white 2, white 4
full now has red 5, red 3, green 5, green 3, blue 1
MOVE: 1 1 None 0 None 1
You hints full about all their 1 hints remaining: 7
full has red 5, red 3, green 5, green 3, blue 1
MOVE: 0 2 4 None None None
full plays blue 1 successfully! Board is now green 0, yellow 0, white 1, blue 1, red 0
full now has red 5, red 3, green 5, green 3, blue 5
MOVE: 1 3 3 1 None None
You discards yellow 2
trash is now blue 3, green 2, white 3, yellow 2, white 4, white 2, white 4, yellow 2
You now has green 2, green 4, white 1, yellow 5, blue 4
MOVE: 0 3 4 None None None
full discards blue 5
trash is now blue 3, green 2, white 3, yellow 2, white 4, white 2, white 4, yellow 2, blue 5
full now has red 5, red 3, green 5, green 3, green 1
MOVE: 1 1 None 0 None 1
You hints full about all their 1 hints remaining: 7
full has red 5, red 3, green 5, green 3, green 1
MOVE: 0 2 4 None None None
full plays green 1 successfully! Board is now green 1, yellow 0, white 1, blue 1, red 0
full now has red 5, red 3, green 5, green 3, blue 4
MOVE: 1 3 4 1 None None
You discards blue 4
trash is now blue 3, green 2, white 3, yellow 2, white 4, white 2, white 4, yellow 2, blue 5, blue 4
You now has green 2, green 4, white 1, yellow 5, green 1
MOVE: 0 1 None 1 None 2
full hints You about all their 2 hints remaining: 7
You has green 2, green 4, white 1, yellow 5, green 1
MOVE: 1 2 0 1 None None
You plays green 2 successfully! Board is now green 2, yellow 0, white 1, blue 1, red 0
You now has green 4, white 1, yellow 5, green 1, white 2
MOVE: 0 0 None 1 2 None
full hints You about all their white cards hints remaining: 6
You has green 4, white 1, yellow 5, green 1, white 2
MOVE: 1 1 None 0 None 3
You hints full about all their 3 hints remaining: 5
full has red 5, red 3, green 5, green 3, blue 4
MOVE: 0 2 1 None None None
full plays red 3 and fails. Board was green 2, yellow 0, white 1, blue 1, red 0
full now has red 5, green 5, green 3, blue 4, green 4
MOVE: 1 0 None 0 0 None
You hints full about all their green cards hints remaining: 4
full has red 5, green 5, green 3, blue 4, green 4
MOVE: 0 2 2 None None None
full plays green 3 successfully! Board is now green 3, yellow 0, white 1, blue 1, red 0
full now has red 5, green 5, blue 4, green 4, red 1
MOVE: 1 1 None 0 None 4
You hints full about all their 4 hints remaining: 3
full has red 5, green 5, blue 4, green 4, red 1
MOVE: 0 2 3 None None None
full plays green 4 successfully! Board is now green 4, yellow 0, white 1, blue 1, red 0
full now has red 5, green 5, blue 4, red 1, white 1
MOVE: 1 1 None 0 None 5
You hints full about all their 5 hints remaining: 2
full has red 5, green 5, blue 4, red 1, white 1
MOVE: 0 2 1 None None None
full plays green 5 successfully! Board is now green 5, yellow 0, white 1, blue 1, red 0
full now has red 5, blue 4, red 1, white 1, blue 3
MOVE: 1 1 None 0 None 1
You hints full about all their 1 hints remaining: 2
full has red 5, blue 4, red 1, white 1, blue 3
MOVE: 0 2 2 None None None
full plays red 1 successfully! Board is now green 5, yellow 0, white 1, blue 1, red 1
full now has red 5, blue 4, white 1, blue 3, red 2
MOVE: 1 1 None 0 None 2
You hints full about all their 2 hints remaining: 1
full has red 5, blue 4, white 1, blue 3, red 2
MOVE: 0 2 4 None None None
full plays red 2 successfully! Board is now green 5, yellow 0, white 1, blue 1, red 2
full now has red 5, blue 4, white 1, blue 3, red 3
MOVE: 1 0 None 0 2 None
You hints full about all their white cards hints remaining: 0
full has red 5, blue 4, white 1, blue 3, red 3
MOVE: 0 3 2 None None None
full discards white 1
trash is now blue 3, green 2, white 3, yellow 2, white 4, white 2, white 4, yellow 2, blue 5, blue 4, red 3, white 1
full now has red 5, blue 4, blue 3, red 3, blue 2
MOVE: 1 0 None 0 4 None
You hints full about all their red cards hints remaining: 0
full has red 5, blue 4, blue 3, red 3, blue 2
MOVE: 0 2 3 None None None
full plays red 3 successfully! Board is now green 5, yellow 0, white 1, blue 1, red 3
full now has red 5, blue 4, blue 3, blue 2, yellow 1
MOVE: 1 2 1 1 None None
You plays white 1 and fails. Board was green 5, yellow 0, white 1, blue 1, red 3
You now has green 4, yellow 5, green 1, white 2, red 1
MOVE: 0 3 4 None None None
full discards yellow 1
trash is now blue 3, green 2, white 3, yellow 2, white 4, white 2, white 4, yellow 2, blue 5, blue 4, red 3, white 1, white 1, yellow 1
full now has red 5, blue 4, blue 3, blue 2, red 4
MOVE: 1 1 None 0 None 2
You hints full about all their 2 hints remaining: 0
full has red 5, blue 4, blue 3, blue 2, red 4
MOVE: 0 2 3 None None None
full plays blue 2 successfully! Board is now green 5, yellow 0, white 1, blue 2, red 3
full now has red 5, blue 4, blue 3, red 4, green 1
MOVE: 1 2 3 1 None None
You plays white 2 successfully! Board is now green 5, yellow 0, white 2, blue 2, red 3
You now has green 4, yellow 5, green 1, red 1, blue 2
MOVE: 0 3 4 None None None
full discards green 1
trash is now blue 3, green 2, white 3, yellow 2, white 4, white 2, white 4, yellow 2, blue 5, blue 4, red 3, white 1, white 1, yellow 1, green 1
full now has red 5, blue 4, blue 3, red 4, red 4
MOVE: 1 0 None 0 3 None
You hints full about all their blue cards hints remaining: 0
full has red 5, blue 4, blue 3, red 4, red 4
MOVE: 0 2 2 None None None
full plays blue 3 successfully! Board is now green 5, yellow 0, white 2, blue 3, red 3
full now has red 5, blue 4, red 4, red 4, blue 1
MOVE: 1 3 3 1 None None
You discards red 1
trash is now blue 3, green 2, white 3, yellow 2, white 4, white 2, white 4, yellow 2, blue 5, blue 4, red 3, white 1, white 1, yellow 1, green 1, red 1
You now has green 4, yellow 5, green 1, blue 2, yellow 4
MOVE: 0 2 1 None None None
full plays blue 4 successfully! Board is now green 5, yellow 0, white 2, blue 4, red 3
full now has red 5, red 4, red 4, blue 1, yellow 3
MOVE: 1 1 None 0 None 4
You hints full about all their 4 hints remaining: 0
full has red 5, red 4, red 4, blue 1, yellow 3
MOVE: 0 2 1 None None None
full plays red 4 successfully! Board is now green 5, yellow 0, white 2, blue 4, red 4
full now has red 5, red 4, blue 1, yellow 3, red 2
MOVE: 1 3 4 1 None None
You discards yellow 4
trash is now blue 3, green 2, white 3, yellow 2, white 4, white 2, white 4, yellow 2, blue 5, blue 4, red 3, white 1, white 1, yellow 1, green 1, red 1, yellow 4
You now has green 4, yellow 5, green 1, blue 2, yellow 1
MOVE: 0 2 0 None None None
full plays red 5 successfully! Board is now green 5, yellow 0, white 2, blue 4, red 5
full now has red 4, blue 1, yellow 3, red 2, yellow 1
MOVE: 1 1 None 0 None 1
You hints full about all their 1 hints remaining: 1
full has red 4, blue 1, yellow 3, red 2, yellow 1
MOVE: 0 2 1 None None None
full plays blue 1 and fails. Board was green 5, yellow 0, white 2, blue 4, red 5
full now has red 4, yellow 3, red 2, yellow 1, green 3
Score 16
