Old GID: ae38f3e17e4fce44
Treatment: ('full', 5311)
[(3, 2), (1, 1), (0, 1), (4, 2), (1, 4), (4, 4), (0, 2), (1, 1), (0, 4), (2, 2), (4, 4), (2, 3), (4, 2), (4, 1), (1, 3), (1, 2), (2, 3), (2, 4), (4, 5), (3, 4), (0, 1), (4, 1), (1, 2), (1, 3), (1, 4), (2, 1), (3, 1), (0, 3), (0, 4), (0, 1), (3, 4), (2, 5), (4, 3), (2, 4), (0, 5), (3, 5), (3, 3), (2, 1), (3, 1), (3, 1)]
MOVE: 0 1 None 1 None 1
full hints You about all their 1 hints remaining: 7
You has red 1, white 2, white 1, yellow 5, blue 3
MOVE: 1 2 2 1 None None
You plays white 1 successfully! Board is now green 0, yellow 0, white 1, blue 0, red 0
You now has red 1, white 2, yellow 5, blue 3, blue 2
MOVE: 0 0 None 1 2 None
full hints You about all their white cards hints remaining: 6
You has red 1, white 2, yellow 5, blue 3, blue 2
MOVE: 1 2 0 1 None None
You plays red 1 successfully! Board is now green 0, yellow 0, white 1, blue 0, red 1
You now has white 2, yellow 5, blue 3, blue 2, yellow 1
MOVE: 0 0 None 1 1 None
full hints You about all their yellow cards hints remaining: 5
You has white 2, yellow 5, blue 3, blue 2, yellow 1
MOVE: 1 1 None 0 None 1
You hints full about all their 1 hints remaining: 4
full has green 3, red 3, yellow 1, green 2, blue 2
MOVE: 0 2 2 None None None
full plays yellow 1 successfully! Board is now green 0, yellow 1, white 1, blue 0, red 1
full now has green 3, red 3, green 2, blue 2, green 1
MOVE: 1 1 None 0 None 1
You hints full about all their 1 hints remaining: 3
full has green 3, red 3, green 2, blue 2, green 1
MOVE: 0 2 4 None None None
full plays green 1 successfully! Board is now green 1, yellow 1, white 1, blue 0, red 1
full now has green 3, red 3, green 2, blue 2, red 2
MOVE: 1 1 None 0 None 2
You hints full about all their 2 hints remaining: 2
full has green 3, red 3, green 2, blue 2, red 2
MOVE: 0 2 2 None None None
full plays green 2 successfully! Board is now green 2, yellow 1, white 1, blue 0, red 1
full now has green 3, red 3, blue 2, red 2, yellow 4
MOVE: 1 0 None 0 4 None
You hints full about all their red cards hints remaining: 1
full has green 3, red 3, blue 2, red 2, yellow 4
MOVE: 0 2 3 None None None
full plays red 2 successfully! Board is now green 2, yellow 1, white 1, blue 0, red 2
full now has green 3, red 3, blue 2, yellow 4, red 4
MOVE: 1 1 None 0 None 3
You hints full about all their 3 hints remaining: 0
full has green 3, red 3, blue 2, yellow 4, red 4
MOVE: 0 2 0 None None None
full plays green 3 successfully! Board is now green 3, yellow 1, white 1, blue 0, red 2
full now has red 3, blue 2, yellow 4, red 4, green 2
MOVE: 1 3 0 1 None None
You discards white 2
trash is now white 2
You now has yellow 5, blue 3, blue 2, yellow 1, yellow 1
MOVE: 0 2 0 None None None
full plays red 3 successfully! Board is now green 3, yellow 1, white 1, blue 0, red 3
full now has blue 2, yellow 4, red 4, green 2, green 4
MOVE: 1 0 None 0 4 None
You hints full about all their red cards hints remaining: 0
full has blue 2, yellow 4, red 4, green 2, green 4
MOVE: 0 2 2 None None None
full plays red 4 successfully! Board is now green 3, yellow 1, white 1, blue 0, red 4
full now has blue 2, yellow 4, green 2, green 4, white 2
MOVE: 1 3 0 1 None None
You discards yellow 5
trash is now white 2, yellow 5
You now has blue 3, blue 2, yellow 1, yellow 1, red 4
MOVE: 0 1 None 1 None 2
full hints You about all their 2 hints remaining: 0
You has blue 3, blue 2, yellow 1, yellow 1, red 4
MOVE: 1 2 1 1 None None
You plays blue 2 and fails. Board was green 3, yellow 1, white 1, blue 0, red 4
You now has blue 3, yellow 1, yellow 1, red 4, white 3
MOVE: 0 3 4 None None None
full discards white 2
trash is now white 2, yellow 5, blue 2, white 2
full now has blue 2, yellow 4, green 2, green 4, red 2
MOVE: 1 2 1 1 None None
You plays yellow 1 and fails. Board was green 3, yellow 1, white 1, blue 0, red 4
You now has blue 3, yellow 1, red 4, white 3, red 1
MOVE: 0 0 None 1 1 None
full hints You about all their yellow cards hints remaining: 0
You has blue 3, yellow 1, red 4, white 3, red 1
MOVE: 1 2 1 1 None None
You plays yellow 1 and fails. Board was green 3, yellow 1, white 1, blue 0, red 4
You now has blue 3, red 4, white 3, red 1, yellow 3
Score 9
