Old GID: 4cd7188d2c84531c
Treatment: ('outer', 1981)
[(3, 2), (3, 1), (1, 1), (0, 2), (1, 1), (1, 3), (0, 1), (2, 1), (4, 1), (2, 5), (1, 2), (3, 4), (2, 2), (1, 1), (2, 1), (4, 1), (2, 4), (2, 4), (3, 3), (1, 5), (3, 2), (2, 1), (1, 4), (4, 2), (0, 2), (4, 1), (1, 2), (3, 1), (3, 1), (2, 3), (4, 4), (0, 4), (3, 3), (0, 3), (4, 3), (0, 3), (4, 4), (4, 2), (2, 3), (0, 4)]
MOVE: 0 0 None 1 0 None
outer hints You about all their green cards hints remaining: 7
You has red 3, yellow 3, yellow 4, green 1, blue 5
MOVE: 1 2 3 1 None None
You plays green 1 successfully! Board is now green 1, yellow 0, white 0, blue 0, red 0
You now has red 3, yellow 3, yellow 4, blue 5, blue 2
MOVE: 0 1 None 1 None 4
outer hints You about all their 4 hints remaining: 6
You has red 3, yellow 3, yellow 4, blue 5, blue 2
MOVE: 1 1 None 0 None 5
You hints outer about all their 5 hints remaining: 5
outer has blue 4, white 2, red 5, green 1, green 5
MOVE: 0 1 None 1 None 5
outer hints You about all their 5 hints remaining: 4
You has red 3, yellow 3, yellow 4, blue 5, blue 2
MOVE: 1 3 0 1 None None
You discards red 3
trash is now red 3
You now has yellow 3, yellow 4, blue 5, blue 2, blue 1
MOVE: 0 0 None 1 3 None
outer hints You about all their blue cards hints remaining: 4
You has yellow 3, yellow 4, blue 5, blue 2, blue 1
MOVE: 1 2 4 1 None None
You plays blue 1 successfully! Board is now green 1, yellow 0, white 0, blue 1, red 0
You now has yellow 3, yellow 4, blue 5, blue 2, yellow 1
MOVE: 0 0 None 1 3 None
outer hints You about all their blue cards hints remaining: 3
You has yellow 3, yellow 4, blue 5, blue 2, yellow 1
MOVE: 1 2 3 1 None None
You plays blue 2 successfully! Board is now green 1, yellow 0, white 0, blue 2, red 0
You now has yellow 3, yellow 4, blue 5, yellow 1, green 2
MOVE: 0 0 None 1 0 None
outer hints You about all their green cards hints remaining: 2
You has yellow 3, yellow 4, blue 5, yellow 1, green 2
MOVE: 1 2 4 1 None None
You plays green 2 successfully! Board is now green 2, yellow 0, white 0, blue 2, red 0
You now has yellow 3, yellow 4, blue 5, yellow 1, yellow 1
MOVE: 0 0 None 1 1 None
outer hints You about all their yellow cards hints remaining: 1
You has yellow 3, yellow 4, blue 5, yellow 1, yellow 1
MOVE: 1 2 4 1 None None
You plays yellow 1 successfully! Board is now green 2, yellow 1, white 0, blue 2, red 0
You now has yellow 3, yellow 4, blue 5, yellow 1, yellow 3
MOVE: 0 0 None 1 1 None
outer hints You about all their yellow cards hints remaining: 0
You has yellow 3, yellow 4, blue 5, yellow 1, yellow 3
MOVE: 1 2 4 1 None None
You plays yellow 3 and fails. Board was green 2, yellow 1, white 0, blue 2, red 0
You now has yellow 3, yellow 4, blue 5, yellow 1, green 1
MOVE: 0 3 1 None None None
outer discards white 2
trash is now red 3, yellow 3, white 2
outer now has blue 4, red 5, green 1, green 5, white 1
MOVE: 1 0 None 0 2 None
You hints outer about all their white cards hints remaining: 0
outer has blue 4, red 5, green 1, green 5, white 1
MOVE: 0 3 4 None None None
outer discards white 1
trash is now red 3, yellow 3, white 2, white 1
outer now has blue 4, red 5, green 1, green 5, red 1
MOVE: 1 0 None 0 4 None
You hints outer about all their red cards hints remaining: 0
outer has blue 4, red 5, green 1, green 5, red 1
MOVE: 0 3 3 None None None
outer discards green 5
trash is now red 3, yellow 3, white 2, white 1, green 5
outer now has blue 4, red 5, green 1, red 1, white 5
MOVE: 1 2 4 1 None None
You plays green 1 and fails. Board was green 2, yellow 1, white 0, blue 2, red 0
You now has yellow 3, yellow 4, blue 5, yellow 1, yellow 2
MOVE: 0 1 None 1 None 2
outer hints You about all their 2 hints remaining: 0
You has yellow 3, yellow 4, blue 5, yellow 1, yellow 2
MOVE: 1 2 4 1 None None
You plays yellow 2 successfully! Board is now green 2, yellow 2, white 0, blue 2, red 0
You now has yellow 3, yellow 4, blue 5, yellow 1, blue 4
MOVE: 0 3 1 None None None
outer discards red 5
trash is now red 3, yellow 3, white 2, white 1, green 5, green 1, red 5
outer now has blue 4, green 1, red 1, white 5, white 2
MOVE: 1 2 4 1 None None
You plays blue 4 and fails. Board was green 2, yellow 2, white 0, blue 2, red 0
You now has yellow 3, yellow 4, blue 5, yellow 1, yellow 1
Score 6
