Old GID: d6624ee0087cdcca
Treatment: ('outer', 6555)
[(3, 3), (2, 4), (3, 4), (1, 5), (4, 2), (0, 2), (3, 2), (4, 5), (0, 1), (1, 1), (0, 4), (4, 3), (2, 4), (3, 5), (1, 4), (2, 3), (0, 1), (0, 5), (1, 3), (1, 1), (0, 3), (0, 2), (1, 2), (4, 4), (3, 4), (0, 1), (4, 4), (3, 1), (4, 1), (3, 1), (3, 1), (1, 4), (4, 2), (1, 1), (2, 1), (0, 3), (2, 2), (2, 2), (2, 1), (2, 3)]
MOVE: 0 1 None 1 None 1
outer hints You about all their 1 hints remaining: 7
You has yellow 2, red 1, blue 3, red 3, yellow 3
MOVE: 1 1 None 0 None 1
You hints outer about all their 1 hints remaining: 6
outer has green 4, red 1, white 5, white 1, blue 2
MOVE: 0 2 1 None None None
outer plays red 1 successfully! Board is now green 0, yellow 0, white 0, blue 0, red 1
outer now has green 4, white 5, white 1, blue 2, blue 3
MOVE: 1 2 1 1 None None
You plays red 1 and fails. Board was green 0, yellow 0, white 0, blue 0, red 1
You now has yellow 2, blue 3, red 3, yellow 3, white 4
MOVE: 0 1 None 1 None 3
outer hints You about all their 3 hints remaining: 5
You has yellow 2, blue 3, red 3, yellow 3, white 4
MOVE: 1 0 None 0 2 None
You hints outer about all their white cards hints remaining: 4
outer has green 4, white 5, white 1, blue 2, blue 3
MOVE: 0 2 2 None None None
outer plays white 1 successfully! Board is now green 0, yellow 0, white 1, blue 0, red 1
outer now has green 4, white 5, blue 2, blue 3, blue 4
MOVE: 1 1 None 0 None 4
You hints outer about all their 4 hints remaining: 3
outer has green 4, white 5, blue 2, blue 3, blue 4
MOVE: 0 1 None 1 None 4
outer hints You about all their 4 hints remaining: 2
You has yellow 2, blue 3, red 3, yellow 3, white 4
MOVE: 1 0 None 0 3 None
You hints outer about all their blue cards hints remaining: 1
outer has green 4, white 5, blue 2, blue 3, blue 4
MOVE: 0 0 None 1 3 None
outer hints You about all their blue cards hints remaining: 0
You has yellow 2, blue 3, red 3, yellow 3, white 4
MOVE: 1 3 1 1 None None
You discards blue 3
trash is now red 1, blue 3
You now has yellow 2, red 3, yellow 3, white 4, yellow 5
MOVE: 0 0 None 1 4 None
outer hints You about all their red cards hints remaining: 0
You has yellow 2, red 3, yellow 3, white 4, yellow 5
MOVE: 1 3 2 1 None None
You discards yellow 3
trash is now red 1, blue 3, yellow 3
You now has yellow 2, red 3, white 4, yellow 5, red 2
MOVE: 0 0 None 1 4 None
outer hints You about all their red cards hints remaining: 0
You has yellow 2, red 3, white 4, yellow 5, red 2
MOVE: 1 2 4 1 None None
You plays red 2 successfully! Board is now green 0, yellow 0, white 1, blue 0, red 2
You now has yellow 2, red 3, white 4, yellow 5, green 2
MOVE: 0 3 4 None None None
outer discards blue 4
trash is now red 1, blue 3, yellow 3, blue 4
outer now has green 4, white 5, blue 2, blue 3, blue 2
MOVE: 1 2 1 1 None None
You plays red 3 successfully! Board is now green 0, yellow 0, white 1, blue 0, red 3
You now has yellow 2, white 4, yellow 5, green 2, red 5
MOVE: 0 0 None 1 0 None
outer hints You about all their green cards hints remaining: 0
You has yellow 2, white 4, yellow 5, green 2, red 5
MOVE: 1 2 3 1 None None
You plays green 2 and fails. Board was green 0, yellow 0, white 1, blue 0, red 3
You now has yellow 2, white 4, yellow 5, red 5, green 1
MOVE: 0 3 2 None None None
outer discards blue 2
trash is now red 1, blue 3, yellow 3, blue 4, green 2, blue 2
outer now has green 4, white 5, blue 3, blue 2, yellow 1
MOVE: 1 1 None 0 None 1
You hints outer about all their 1 hints remaining: 0
outer has green 4, white 5, blue 3, blue 2, yellow 1
MOVE: 0 3 1 None None None
outer discards white 5
trash is now red 1, blue 3, yellow 3, blue 4, green 2, blue 2, white 5
outer now has green 4, blue 3, blue 2, yellow 1, green 4
MOVE: 1 0 None 0 1 None
You hints outer about all their yellow cards hints remaining: 0
outer has green 4, blue 3, blue 2, yellow 1, green 4
MOVE: 0 2 3 None None None
outer plays yellow 1 successfully! Board is now green 0, yellow 1, white 1, blue 0, red 3
outer now has green 4, blue 3, blue 2, green 4, red 3
MOVE: 1 2 1 1 None None
You plays white 4 and fails. Board was green 0, yellow 1, white 1, blue 0, red 3
You now has yellow 2, yellow 5, red 5, green 1, white 4
Score 5
