Old GID: 6023295f02873474
Treatment: ('outer', 3353)
[(4, 3), (4, 2), (4, 1), (3, 4), (3, 2), (1, 3), (1, 1), (0, 1), (1, 1), (3, 5), (2, 3), (0, 2), (2, 2), (4, 4), (2, 1), (0, 1), (4, 1), (2, 1), (3, 3), (0, 4), (1, 2), (1, 4), (2, 3), (3, 1), (0, 3), (0, 1), (2, 4), (3, 2), (3, 1), (1, 5), (3, 4), (0, 2), (2, 1), (2, 4), (4, 5), (0, 5), (1, 3), (1, 1), (4, 2), (0, 3)]
MOVE: 0 0 None 1 3 None
outer hints You about all their blue cards hints remaining: 7
You has blue 1, white 2, white 5, yellow 4, blue 3
MOVE: 1 2 4 1 None None
You plays blue 3 and fails. Board was green 0, yellow 0, white 0, blue 0, red 0
You now has blue 1, white 2, white 5, yellow 4, red 3
MOVE: 0 1 None 1 None 1
outer hints You about all their 1 hints remaining: 6
You has blue 1, white 2, white 5, yellow 4, red 3
MOVE: 1 2 4 1 None None
You plays red 3 and fails. Board was green 0, yellow 0, white 0, blue 0, red 0
You now has blue 1, white 2, white 5, yellow 4, red 2
MOVE: 0 1 None 1 None 2
outer hints You about all their 2 hints remaining: 5
You has blue 1, white 2, white 5, yellow 4, red 2
MOVE: 1 2 4 1 None None
You plays red 2 and fails. Board was green 0, yellow 0, white 0, blue 0, red 0
You now has blue 1, white 2, white 5, yellow 4, red 1
Score 0
