Old GID: 1e3b4cf661e5172e
Treatment: ('full', 8244)
[(2, 2), (3, 2), (2, 3), (3, 1), (4, 2), (2, 4), (4, 1), (0, 3), (2, 4), (2, 1), (1, 2), (0, 4), (4, 1), (4, 3), (3, 2), (1, 1), (0, 2), (1, 3), (1, 4), (3, 4), (3, 1), (2, 1), (0, 1), (3, 3), (0, 2), (3, 1), (4, 1), (0, 1), (0, 5), (0, 1), (2, 3), (1, 3), (2, 1), (1, 5), (3, 4), (3, 5), (4, 4), (3, 3), (2, 2), (1, 1)]
MOVE: 0 0 None 1 1 None
full hints You about all their yellow cards hints remaining: 7
You has red 5, red 2, white 5, yellow 1, red 4
MOVE: 1 2 3 1 None None
You plays yellow 1 successfully! Board is now green 0, yellow 1, white 0, blue 0, red 0
You now has red 5, red 2, white 5, red 4, white 2
MOVE: 0 3 0 None None None
full discards yellow 2
trash is now yellow 2
full now has green 3, red 3, green 4, yellow 4, blue 2
MOVE: 1 2 3 1 None None
You plays red 4 and fails. Board was green 0, yellow 1, white 0, blue 0, red 0
You now has red 5, red 2, white 5, white 2, white 3
MOVE: 0 3 0 None None None
full discards green 3
trash is now yellow 2, red 4, green 3
full now has red 3, green 4, yellow 4, blue 2, blue 1
MOVE: 1 2 3 1 None None
You plays white 2 and fails. Board was green 0, yellow 1, white 0, blue 0, red 0
You now has red 5, red 2, white 5, white 3, red 2
MOVE: 0 3 0 None None None
full discards red 3
trash is now yellow 2, red 4, green 3, white 2, red 3
full now has green 4, yellow 4, blue 2, blue 1, white 4
MOVE: 1 2 3 1 None None
You plays white 3 and fails. Board was green 0, yellow 1, white 0, blue 0, red 0
You now has red 5, red 2, white 5, red 2, red 1
Score 1
