Old GID: f6babf7faaea926b
Treatment: ('outer', 9757)
[(3, 2), (0, 5), (2, 1), (3, 1), (3, 1), (0, 3), (2, 2), (4, 3), (0, 2), (1, 1), (2, 4), (4, 3), (4, 2), (2, 3), (2, 2), (4, 4), (1, 5), (0, 1), (2, 5), (4, 4), (2, 3), (1, 4), (2, 1), (3, 5), (4, 1), (3, 4), (4, 1), (4, 1), (0, 2), (1, 2), (1, 3), (0, 1), (3, 3), (1, 4), (0, 3), (2, 4), (3, 4), (4, 2), (1, 3), (0, 1)]
MOVE: 0 1 None 1 None 1
outer hints You about all their 1 hints remaining: 7
You has yellow 2, white 1, yellow 1, green 4, blue 1
MOVE: 1 2 4 1 None None
You plays blue 1 successfully! Board is now green 0, yellow 0, white 0, blue 1, red 0
You now has yellow 2, white 1, yellow 1, green 4, blue 2
MOVE: 0 0 None 1 3 None
outer hints You about all their blue cards hints remaining: 6
You has yellow 2, white 1, yellow 1, green 4, blue 2
MOVE: 1 2 4 1 None None
You plays blue 2 successfully! Board is now green 0, yellow 0, white 0, blue 2, red 0
You now has yellow 2, white 1, yellow 1, green 4, green 5
MOVE: 0 0 None 1 2 None
outer hints You about all their white cards hints remaining: 5
You has yellow 2, white 1, yellow 1, green 4, green 5
MOVE: 1 2 1 1 None None
You plays white 1 successfully! Board is now green 0, yellow 0, white 1, blue 2, red 0
You now has yellow 2, yellow 1, green 4, green 5, white 1
MOVE: 0 0 None 1 1 None
outer hints You about all their yellow cards hints remaining: 4
You has yellow 2, yellow 1, green 4, green 5, white 1
MOVE: 1 2 1 1 None None
You plays yellow 1 successfully! Board is now green 0, yellow 1, white 1, blue 2, red 0
You now has yellow 2, green 4, green 5, white 1, blue 1
MOVE: 0 0 None 1 1 None
outer hints You about all their yellow cards hints remaining: 3
You has yellow 2, green 4, green 5, white 1, blue 1
MOVE: 1 1 None 0 None 3
You hints outer about all their 3 hints remaining: 2
outer has green 4, yellow 1, blue 2, blue 3, red 5
MOVE: 0 1 None 1 None 2
outer hints You about all their 2 hints remaining: 1
You has yellow 2, green 4, green 5, white 1, blue 1
MOVE: 1 0 None 0 3 None
You hints outer about all their blue cards hints remaining: 0
outer has green 4, yellow 1, blue 2, blue 3, red 5
MOVE: 0 2 3 None None None
outer plays blue 3 successfully! Board is now green 0, yellow 1, white 1, blue 3, red 0
outer now has green 4, yellow 1, blue 2, red 5, blue 1
MOVE: 1 2 0 1 None None
You plays yellow 2 successfully! Board is now green 0, yellow 2, white 1, blue 3, red 0
You now has green 4, green 5, white 1, blue 1, green 3
MOVE: 0 3 0 None None None
outer discards green 4
trash is now green 4
outer now has yellow 1, blue 2, red 5, blue 1, white 2
MOVE: 1 1 None 0 None 2
You hints outer about all their 2 hints remaining: 0
outer has yellow 1, blue 2, red 5, blue 1, white 2
MOVE: 0 3 1 None None None
outer discards blue 2
trash is now green 4, blue 2
outer now has yellow 1, red 5, blue 1, white 2, red 3
MOVE: 1 0 None 0 2 None
You hints outer about all their white cards hints remaining: 0
outer has yellow 1, red 5, blue 1, white 2, red 3
MOVE: 0 2 3 None None None
outer plays white 2 successfully! Board is now green 0, yellow 2, white 2, blue 3, red 0
outer now has yellow 1, red 5, blue 1, red 3, green 2
MOVE: 1 3 0 1 None None
You discards green 4
trash is now green 4, blue 2, green 4
You now has green 5, white 1, blue 1, green 3, yellow 1
MOVE: 0 1 None 1 None 1
outer hints You about all their 1 hints remaining: 0
You has green 5, white 1, blue 1, green 3, yellow 1
MOVE: 1 2 1 1 None None
You plays white 1 and fails. Board was green 0, yellow 2, white 2, blue 3, red 0
You now has green 5, blue 1, green 3, yellow 1, white 4
MOVE: 0 3 3 None None None
outer discards red 3
trash is now green 4, blue 2, green 4, white 1, red 3
outer now has yellow 1, red 5, blue 1, green 2, red 3
MOVE: 1 2 1 1 None None
You plays blue 1 and fails. Board was green 0, yellow 2, white 2, blue 3, red 0
You now has green 5, green 3, yellow 1, white 4, red 2
MOVE: 0 1 None 1 None 2
outer hints You about all their 2 hints remaining: 0
You has green 5, green 3, yellow 1, white 4, red 2
MOVE: 1 2 4 1 None None
You plays red 2 and fails. Board was green 0, yellow 2, white 2, blue 3, red 0
You now has green 5, green 3, yellow 1, white 4, white 3
Score 7
