Old GID: 3de27ec44e2dd8a8
Treatment: ('outer', 9674)
[(4, 1), (1, 4), (2, 4), (3, 3), (4, 1), (2, 3), (3, 5), (4, 1), (3, 4), (4, 2), (1, 2), (3, 4), (1, 3), (3, 1), (0, 5), (1, 5), (2, 4), (1, 2), (2, 5), (3, 1), (3, 3), (2, 1), (3, 2), (2, 1), (0, 1), (3, 2), (2, 3), (4, 5), (0, 4), (1, 3), (4, 4), (2, 1), (2, 2), (4, 3), (0, 1), (1, 1), (0, 3), (2, 2), (3, 1), (4, 4)]
MOVE: 0 0 None 1 0 None
outer hints You about all their green cards hints remaining: 7
You has red 3, green 2, green 3, green 1, yellow 4
MOVE: 1 1 None 0 None 1
You hints outer about all their 1 hints remaining: 6
outer has green 4, red 2, yellow 1, yellow 1, green 2
MOVE: 0 2 2 None None None
outer plays yellow 1 successfully! Board is now green 0, yellow 1, white 0, blue 0, red 0
outer now has green 4, red 2, yellow 1, green 2, red 1
MOVE: 1 0 None 0 4 None
You hints outer about all their red cards hints remaining: 5
outer has green 4, red 2, yellow 1, green 2, red 1
MOVE: 0 1 None 1 None 1
outer hints You about all their 1 hints remaining: 4
You has red 3, green 2, green 3, green 1, yellow 4
MOVE: 1 1 None 0 None 1
You hints outer about all their 1 hints remaining: 3
outer has green 4, red 2, yellow 1, green 2, red 1
MOVE: 0 2 4 None None None
outer plays red 1 successfully! Board is now green 0, yellow 1, white 0, blue 0, red 1
outer now has green 4, red 2, yellow 1, green 2, yellow 4
MOVE: 1 1 None 0 None 2
You hints outer about all their 2 hints remaining: 2
outer has green 4, red 2, yellow 1, green 2, yellow 4
MOVE: 0 2 1 None None None
outer plays red 2 successfully! Board is now green 0, yellow 1, white 0, blue 0, red 2
outer now has green 4, yellow 1, green 2, yellow 4, white 4
MOVE: 1 2 3 1 None None
You plays green 1 successfully! Board is now green 1, yellow 1, white 0, blue 0, red 2
You now has red 3, green 2, green 3, yellow 4, blue 3
MOVE: 0 1 None 1 None 3
outer hints You about all their 3 hints remaining: 1
You has red 3, green 2, green 3, yellow 4, blue 3
MOVE: 1 0 None 0 0 None
You hints outer about all their green cards hints remaining: 0
outer has green 4, yellow 1, green 2, yellow 4, white 4
MOVE: 0 2 2 None None None
outer plays green 2 successfully! Board is now green 2, yellow 1, white 0, blue 0, red 2
outer now has green 4, yellow 1, yellow 4, white 4, red 1
MOVE: 1 2 2 1 None None
You plays green 3 successfully! Board is now green 3, yellow 1, white 0, blue 0, red 2
You now has red 3, green 2, yellow 4, blue 3, white 3
MOVE: 0 3 0 None None None
outer discards green 4
trash is now green 4
outer now has yellow 1, yellow 4, white 4, red 1, blue 5
MOVE: 1 2 1 1 None None
You plays green 2 and fails. Board was green 3, yellow 1, white 0, blue 0, red 2
You now has red 3, yellow 4, blue 3, white 3, red 1
MOVE: 0 0 None 1 4 None
outer hints You about all their red cards hints remaining: 0
You has red 3, yellow 4, blue 3, white 3, red 1
MOVE: 1 2 4 1 None None
You plays red 1 and fails. Board was green 3, yellow 1, white 0, blue 0, red 2
You now has red 3, yellow 4, blue 3, white 3, blue 4
MOVE: 0 3 4 None None None
outer discards blue 5
trash is now green 4, green 2, red 1, blue 5
outer now has yellow 1, yellow 4, white 4, red 1, red 2
MOVE: 1 2 0 1 None None
You plays red 3 successfully! Board is now green 3, yellow 1, white 0, blue 0, red 3
You now has yellow 4, blue 3, white 3, blue 4, yellow 2
MOVE: 0 0 None 1 1 None
outer hints You about all their yellow cards hints remaining: 0
You has yellow 4, blue 3, white 3, blue 4, yellow 2
MOVE: 1 2 4 1 None None
You plays yellow 2 successfully! Board is now green 3, yellow 2, white 0, blue 0, red 3
You now has yellow 4, blue 3, white 3, blue 4, blue 4
MOVE: 0 3 0 None None None
outer discards yellow 1
trash is now green 4, green 2, red 1, blue 5, yellow 1
outer now has yellow 4, white 4, red 1, red 2, yellow 3
MOVE: 1 2 0 1 None None
You plays yellow 4 and fails. Board was green 3, yellow 2, white 0, blue 0, red 3
You now has blue 3, white 3, blue 4, blue 4, blue 1
Score 8
