Old GID: 6d32d04fd412a8d3
Treatment: ('outer', 1771)
[(2, 3), (3, 2), (3, 4), (3, 1), (3, 5), (4, 2), (4, 1), (1, 3), (4, 1), (0, 3), (4, 2), (0, 1), (2, 3), (1, 1), (1, 1), (0, 3), (1, 5), (2, 1), (0, 4), (3, 1), (0, 1), (0, 2), (1, 2), (2, 2), (2, 1), (1, 1), (3, 3), (2, 4), (4, 1), (4, 5), (1, 4), (2, 1), (2, 5), (0, 1), (4, 3), (3, 3), (4, 4), (1, 2), (4, 4), (0, 4)]
MOVE: 0 0 None 1 0 None
outer hints You about all their green cards hints remaining: 7
You has blue 2, white 4, red 3, green 2, green 5
MOVE: 1 1 None 0 None 1
You hints outer about all their 1 hints remaining: 6
outer has yellow 3, yellow 4, white 2, blue 4, blue 1
MOVE: 0 2 4 None None None
outer plays blue 1 successfully! Board is now green 0, yellow 0, white 0, blue 1, red 0
outer now has yellow 3, yellow 4, white 2, blue 4, white 3
MOVE: 1 3 3 1 None None
You discards green 2
trash is now green 2
You now has blue 2, white 4, red 3, green 5, blue 2
MOVE: 0 1 None 1 None 2
outer hints You about all their 2 hints remaining: 6
You has blue 2, white 4, red 3, green 5, blue 2
MOVE: 1 2 3 1 None None
You plays green 5 and fails. Board was green 0, yellow 0, white 0, blue 1, red 0
You now has blue 2, white 4, red 3, blue 2, blue 4
MOVE: 0 0 None 1 3 None
outer hints You about all their blue cards hints remaining: 5
You has blue 2, white 4, red 3, blue 2, blue 4
MOVE: 1 2 4 1 None None
You plays blue 4 and fails. Board was green 0, yellow 0, white 0, blue 1, red 0
You now has blue 2, white 4, red 3, blue 2, blue 1
MOVE: 0 1 None 1 None 2
outer hints You about all their 2 hints remaining: 4
You has blue 2, white 4, red 3, blue 2, blue 1
MOVE: 1 2 3 1 None None
You plays blue 2 successfully! Board is now green 0, yellow 0, white 0, blue 2, red 0
You now has blue 2, white 4, red 3, blue 1, blue 5
MOVE: 0 1 None 1 None 1
outer hints You about all their 1 hints remaining: 3
You has blue 2, white 4, red 3, blue 1, blue 5
MOVE: 1 2 0 1 None None
You plays blue 2 and fails. Board was green 0, yellow 0, white 0, blue 2, red 0
You now has white 4, red 3, blue 1, blue 5, red 2
Score 2
