Old GID: 13f48559b2cfa47a
Treatment: ('full', 7714)
[(1, 4), (2, 2), (3, 4), (1, 2), (0, 1), (4, 2), (1, 1), (4, 3), (4, 4), (4, 4), (2, 1), (2, 1), (0, 3), (0, 4), (3, 4), (3, 1), (3, 5), (2, 3), (1, 1), (0, 2), (2, 4), (0, 1), (3, 3), (4, 1), (0, 2), (3, 1), (2, 2), (0, 1), (2, 4), (4, 1), (1, 1), (1, 3), (4, 5), (2, 1), (0, 5), (1, 5), (2, 5), (0, 4), (3, 2), (3, 2)]
MOVE: 0 0 None 1 3 None
full hints You about all their blue cards hints remaining: 7
You has yellow 2, yellow 3, red 2, white 3, blue 1
MOVE: 1 2 4 1 None None
You plays blue 1 successfully! Board is now green 0, yellow 0, white 0, blue 1, red 0
You now has yellow 2, yellow 3, red 2, white 3, yellow 4
MOVE: 0 3 0 None None None
full discards red 1
trash is now red 1
full now has yellow 4, green 3, red 3, blue 3, white 2
MOVE: 1 2 3 1 None None
You plays white 3 and fails. Board was green 0, yellow 0, white 0, blue 1, red 0
You now has yellow 2, yellow 3, red 2, yellow 4, blue 4
MOVE: 0 3 0 None None None
full discards yellow 4
trash is now red 1, white 3, yellow 4
full now has green 3, red 3, blue 3, white 2, yellow 2
MOVE: 1 2 4 1 None None
You plays blue 4 and fails. Board was green 0, yellow 0, white 0, blue 1, red 0
You now has yellow 2, yellow 3, red 2, yellow 4, green 1
MOVE: 0 0 None 1 0 None
full hints You about all their green cards hints remaining: 7
You has yellow 2, yellow 3, red 2, yellow 4, green 1
MOVE: 1 2 4 1 None None
You plays green 1 successfully! Board is now green 1, yellow 0, white 0, blue 1, red 0
You now has yellow 2, yellow 3, red 2, yellow 4, red 2
MOVE: 0 3 0 None None None
full discards green 3
trash is now red 1, white 3, yellow 4, blue 4, green 3
full now has red 3, blue 3, white 2, yellow 2, yellow 1
MOVE: 1 2 4 1 None None
You plays red 2 and fails. Board was green 1, yellow 0, white 0, blue 1, red 0
You now has yellow 2, yellow 3, red 2, yellow 4, red 3
Score 2
