Old GID: 3fc0b24fbf6cd83d
Treatment: ('outer', 9512)
[(2, 3), (4, 4), (0, 4), (0, 1), (3, 1), (3, 1), (2, 1), (1, 2), (0, 1), (3, 5), (4, 1), (1, 4), (1, 5), (1, 3), (1, 4), (2, 2), (3, 2), (3, 3), (4, 2), (1, 1), (4, 1), (0, 3), (2, 4), (4, 4), (1, 2), (0, 3), (2, 2), (0, 2), (4, 2), (4, 5), (2, 1), (2, 5), (2, 3), (2, 1), (3, 1), (3, 4), (3, 3), (0, 5), (4, 1), (1, 1)]
MOVE: 0 0 None 1 0 None
outer hints You about all their green cards hints remaining: 7
You has white 4, blue 4, green 2, blue 2, green 4
MOVE: 1 1 None 0 None 1
You hints outer about all their 1 hints remaining: 6
outer has yellow 1, green 1, red 3, red 3, yellow 3
MOVE: 0 2 0 None None None
outer plays yellow 1 successfully! Board is now green 0, yellow 1, white 0, blue 0, red 0
outer now has green 1, red 3, red 3, yellow 3, white 3
MOVE: 1 0 None 0 0 None
You hints outer about all their green cards hints remaining: 5
outer has green 1, red 3, red 3, yellow 3, white 3
MOVE: 0 2 0 None None None
outer plays green 1 successfully! Board is now green 1, yellow 1, white 0, blue 0, red 0
outer now has red 3, red 3, yellow 3, white 3, red 4
MOVE: 1 3 2 1 None None
You discards green 2
trash is now green 2
You now has white 4, blue 4, blue 2, green 4, green 4
MOVE: 0 0 None 1 3 None
outer hints You about all their blue cards hints remaining: 5
You has white 4, blue 4, blue 2, green 4, green 4
MOVE: 1 2 1 1 None None
You plays blue 4 and fails. Board was green 1, yellow 1, white 0, blue 0, red 0
You now has white 4, blue 2, green 4, green 4, green 1
MOVE: 0 1 None 1 None 1
outer hints You about all their 1 hints remaining: 4
You has white 4, blue 2, green 4, green 4, green 1
MOVE: 1 2 1 1 None None
You plays blue 2 and fails. Board was green 1, yellow 1, white 0, blue 0, red 0
You now has white 4, green 4, green 4, green 1, blue 1
MOVE: 0 0 None 1 3 None
outer hints You about all their blue cards hints remaining: 3
You has white 4, green 4, green 4, green 1, blue 1
MOVE: 1 2 3 1 None None
You plays green 1 and fails. Board was green 1, yellow 1, white 0, blue 0, red 0
You now has white 4, green 4, green 4, blue 1, blue 1
Score 2
