Old GID: dd0fcffd13d718ea
Treatment: ('outer', 9517)
[(0, 4), (0, 4), (3, 3), (1, 4), (2, 1), (4, 5), (4, 1), (4, 4), (3, 5), (0, 5), (0, 3), (2, 1), (3, 2), (1, 1), (2, 3), (4, 2), (2, 4), (4, 2), (4, 4), (1, 5), (0, 2), (3, 1), (4, 3), (1, 1), (4, 3), (1, 3), (2, 5), (3, 4), (1, 1), (3, 4), (2, 1), (3, 1), (1, 2), (2, 2), (0, 2), (3, 1), (3, 2), (1, 4), (4, 1), (0, 1)]
MOVE: 0 0 None 1 4 None
outer hints You about all their red cards hints remaining: 7
You has white 4, yellow 2, green 3, red 1, white 2
MOVE: 1 1 None 0 None 1
You hints outer about all their 1 hints remaining: 6
outer has white 3, green 1, blue 3, yellow 3, green 1
MOVE: 0 2 1 None None None
outer plays green 1 successfully! Board is now green 1, yellow 0, white 0, blue 0, red 0
outer now has white 3, blue 3, yellow 3, green 1, green 4
MOVE: 1 2 3 1 None None
You plays red 1 successfully! Board is now green 1, yellow 0, white 0, blue 0, red 1
You now has white 4, yellow 2, green 3, white 2, green 4
MOVE: 0 0 None 1 0 None
outer hints You about all their green cards hints remaining: 5
You has white 4, yellow 2, green 3, white 2, green 4
MOVE: 1 2 4 1 None None
You plays green 4 and fails. Board was green 1, yellow 0, white 0, blue 0, red 1
You now has white 4, yellow 2, green 3, white 2, blue 3
MOVE: 0 1 None 1 None 3
outer hints You about all their 3 hints remaining: 4
You has white 4, yellow 2, green 3, white 2, blue 3
MOVE: 1 0 None 0 0 None
You hints outer about all their green cards hints remaining: 3
outer has white 3, blue 3, yellow 3, green 1, green 4
MOVE: 0 3 3 None None None
outer discards green 1
trash is now green 4, green 1
outer now has white 3, blue 3, yellow 3, green 4, yellow 4
MOVE: 1 1 None 0 None 3
You hints outer about all their 3 hints remaining: 3
outer has white 3, blue 3, yellow 3, green 4, yellow 4
MOVE: 0 1 None 1 None 3
outer hints You about all their 3 hints remaining: 2
You has white 4, yellow 2, green 3, white 2, blue 3
MOVE: 1 1 None 0 None 4
You hints outer about all their 4 hints remaining: 1
outer has white 3, blue 3, yellow 3, green 4, yellow 4
MOVE: 0 3 4 None None None
outer discards yellow 4
trash is now green 4, green 1, yellow 4
outer now has white 3, blue 3, yellow 3, green 4, white 1
MOVE: 1 0 None 0 2 None
You hints outer about all their white cards hints remaining: 1
outer has white 3, blue 3, yellow 3, green 4, white 1
MOVE: 0 0 None 1 2 None
outer hints You about all their white cards hints remaining: 0
You has white 4, yellow 2, green 3, white 2, blue 3
MOVE: 1 2 3 1 None None
You plays white 2 and fails. Board was green 1, yellow 0, white 0, blue 0, red 1
You now has white 4, yellow 2, green 3, blue 3, red 5
MOVE: 0 3 1 None None None
outer discards blue 3
trash is now green 4, green 1, yellow 4, white 2, blue 3
outer now has white 3, yellow 3, green 4, white 1, red 1
MOVE: 1 2 3 1 None None
You plays blue 3 and fails. Board was green 1, yellow 0, white 0, blue 0, red 1
You now has white 4, yellow 2, green 3, red 5, red 4
Score 2
