Old GID: 5b8edd428f2e0f44
Treatment: ('outer', 2822)
[(2, 4), (1, 2), (0, 5), (2, 3), (2, 4), (2, 3), (4, 1), (1, 1), (1, 2), (3, 3), (0, 1), (1, 1), (1, 4), (2, 1), (2, 1), (0, 3), (1, 4), (1, 3), (4, 2), (4, 4), (4, 3), (3, 5), (4, 3), (1, 1), (4, 4), (4, 1), (4, 1), (2, 1), (3, 2), (3, 3), (0, 4), (4, 2), (2, 5), (3, 4), (0, 2), (0, 2), (4, 5), (0, 1), (2, 2), (1, 5)]
MOVE: 0 0 None 1 3 None
outer hints You about all their blue cards hints remaining: 7
You has blue 1, yellow 3, blue 1, green 3, blue 2
MOVE: 1 1 None 0 None 1
You hints outer about all their 1 hints remaining: 6
outer has green 1, blue 4, blue 1, white 2, green 4
MOVE: 0 2 0 None None None
outer plays green 1 successfully! Board is now green 1, yellow 0, white 0, blue 0, red 0
outer now has blue 4, blue 1, white 2, green 4, white 4
MOVE: 1 3 2 1 None None
You discards blue 1
trash is now blue 1
You now has blue 1, yellow 3, green 3, blue 2, yellow 2
MOVE: 0 1 None 1 None 1
outer hints You about all their 1 hints remaining: 6
You has blue 1, yellow 3, green 3, blue 2, yellow 2
MOVE: 1 0 None 0 3 None
You hints outer about all their blue cards hints remaining: 5
outer has blue 4, blue 1, white 2, green 4, white 4
MOVE: 0 2 1 None None None
outer plays blue 1 successfully! Board is now green 1, yellow 0, white 0, blue 1, red 0
outer now has blue 4, white 2, green 4, white 4, green 5
MOVE: 1 3 0 1 None None
You discards blue 1
trash is now blue 1, blue 1
You now has yellow 3, green 3, blue 2, yellow 2, white 3
MOVE: 0 0 None 1 3 None
outer hints You about all their blue cards hints remaining: 5
You has yellow 3, green 3, blue 2, yellow 2, white 3
MOVE: 1 2 2 1 None None
You plays blue 2 successfully! Board is now green 1, yellow 0, white 0, blue 2, red 0
You now has yellow 3, green 3, yellow 2, white 3, white 4
MOVE: 0 1 None 1 None 3
outer hints You about all their 3 hints remaining: 4
You has yellow 3, green 3, yellow 2, white 3, white 4
MOVE: 1 1 None 0 None 4
You hints outer about all their 4 hints remaining: 3
outer has blue 4, white 2, green 4, white 4, green 5
MOVE: 0 1 None 1 None 3
outer hints You about all their 3 hints remaining: 2
You has yellow 3, green 3, yellow 2, white 3, white 4
MOVE: 1 2 1 1 None None
You plays green 3 and fails. Board was green 1, yellow 0, white 0, blue 2, red 0
You now has yellow 3, yellow 2, white 3, white 4, white 3
MOVE: 0 1 None 1 None 3
outer hints You about all their 3 hints remaining: 1
You has yellow 3, yellow 2, white 3, white 4, white 3
MOVE: 1 2 0 1 None None
You plays yellow 3 and fails. Board was green 1, yellow 0, white 0, blue 2, red 0
You now has yellow 2, white 3, white 4, white 3, red 1
MOVE: 0 1 None 1 None 1
outer hints You about all their 1 hints remaining: 0
You has yellow 2, white 3, white 4, white 3, red 1
MOVE: 1 2 4 1 None None
You plays red 1 successfully! Board is now green 1, yellow 0, white 0, blue 2, red 1
You now has yellow 2, white 3, white 4, white 3, yellow 1
MOVE: 0 3 2 None None None
outer discards green 4
trash is now blue 1, blue 1, green 3, yellow 3, green 4
outer now has blue 4, white 2, white 4, green 5, yellow 2
MOVE: 1 2 3 1 None None
You plays white 3 and fails. Board was green 1, yellow 0, white 0, blue 2, red 1
You now has yellow 2, white 3, white 4, yellow 1, blue 3
Score 4
