Old GID: 37842a268ae177bb
Treatment: ('full', 3816)
[(2, 2), (3, 1), (2, 1), (2, 1), (1, 1), (4, 1), (4, 1), (3, 1), (3, 5), (4, 2), (4, 4), (1, 1), (0, 5), (0, 1), (0, 3), (4, 5), (4, 2), (4, 3), (4, 3), (0, 2), (1, 2), (0, 1), (0, 3), (3, 2), (2, 2), (1, 3), (1, 4), (1, 5), (3, 4), (2, 5), (2, 3), (0, 1), (0, 4), (2, 3), (1, 4), (3, 3), (3, 2), (3, 3), (3, 1), (1, 1)]
MOVE: 0 1 None 1 None 1
full hints You about all their 1 hints remaining: 7
You has green 2, red 1, red 4, yellow 2, yellow 3
MOVE: 1 2 1 1 None None
You plays red 1 successfully! Board is now green 0, yellow 0, white 0, blue 0, red 1
You now has green 2, red 4, yellow 2, yellow 3, white 2
MOVE: 0 3 0 None None None
full discards white 1
trash is now white 1
full now has white 4, green 4, white 4, blue 4, blue 1
MOVE: 1 1 None 0 None 1
You hints full about all their 1 hints remaining: 7
full has white 4, green 4, white 4, blue 4, blue 1
MOVE: 0 2 4 None None None
full plays blue 1 successfully! Board is now green 0, yellow 0, white 0, blue 1, red 1
full now has white 4, green 4, white 4, blue 4, white 1
MOVE: 1 0 None 0 2 None
You hints full about all their white cards hints remaining: 6
full has white 4, green 4, white 4, blue 4, white 1
MOVE: 0 2 4 None None None
full plays white 1 successfully! Board is now green 0, yellow 0, white 1, blue 1, red 1
full now has white 4, green 4, white 4, blue 4, white 1
MOVE: 1 3 0 1 None None
You discards green 2
trash is now white 1, green 2
You now has red 4, yellow 2, yellow 3, white 2, yellow 1
MOVE: 0 0 None 1 1 None
full hints You about all their yellow cards hints remaining: 6
You has red 4, yellow 2, yellow 3, white 2, yellow 1
MOVE: 1 2 4 1 None None
You plays yellow 1 successfully! Board is now green 0, yellow 1, white 1, blue 1, red 1
You now has red 4, yellow 2, yellow 3, white 2, red 1
MOVE: 0 1 None 1 None 2
full hints You about all their 2 hints remaining: 5
You has red 4, yellow 2, yellow 3, white 2, red 1
MOVE: 1 2 1 1 None None
You plays yellow 2 successfully! Board is now green 0, yellow 2, white 1, blue 1, red 1
You now has red 4, yellow 3, white 2, red 1, red 1
MOVE: 0 0 None 1 2 None
full hints You about all their white cards hints remaining: 4
You has red 4, yellow 3, white 2, red 1, red 1
MOVE: 1 2 2 1 None None
You plays white 2 successfully! Board is now green 0, yellow 2, white 2, blue 1, red 1
You now has red 4, yellow 3, red 1, red 1, blue 1
MOVE: 0 1 None 1 None 3
full hints You about all their 3 hints remaining: 3
You has red 4, yellow 3, red 1, red 1, blue 1
MOVE: 1 2 1 1 None None
You plays yellow 3 successfully! Board is now green 0, yellow 3, white 2, blue 1, red 1
You now has red 4, red 1, red 1, blue 1, blue 5
MOVE: 0 3 4 None None None
full discards white 1
trash is now white 1, green 2, white 1
full now has white 4, green 4, white 4, blue 4, red 2
MOVE: 1 1 None 0 None 2
You hints full about all their 2 hints remaining: 3
full has white 4, green 4, white 4, blue 4, red 2
MOVE: 0 2 4 None None None
full plays red 2 successfully! Board is now green 0, yellow 3, white 2, blue 1, red 2
full now has white 4, green 4, white 4, blue 4, red 4
MOVE: 1 3 0 1 None None
You discards red 4
trash is now white 1, green 2, white 1, red 4
You now has red 1, red 1, blue 1, blue 5, yellow 1
MOVE: 0 0 None 1 4 None
full hints You about all their red cards hints remaining: 3
You has red 1, red 1, blue 1, blue 5, yellow 1
MOVE: 1 2 1 1 None None
You plays red 1 and fails. Board was green 0, yellow 3, white 2, blue 1, red 2
You now has red 1, blue 1, blue 5, yellow 1, green 5
MOVE: 0 3 4 None None None
full discards red 4
trash is now white 1, green 2, white 1, red 4, red 1, red 4
full now has white 4, green 4, white 4, blue 4, green 1
MOVE: 1 2 0 1 None None
You plays red 1 and fails. Board was green 0, yellow 3, white 2, blue 1, red 2
You now has blue 1, blue 5, yellow 1, green 5, green 3
MOVE: 0 3 4 None None None
full discards green 1
trash is now white 1, green 2, white 1, red 4, red 1, red 4, red 1, green 1
full now has white 4, green 4, white 4, blue 4, red 5
MOVE: 1 3 0 1 None None
You discards blue 1
trash is now white 1, green 2, white 1, red 4, red 1, red 4, red 1, green 1, blue 1
You now has blue 5, yellow 1, green 5, green 3, red 2
MOVE: 0 3 4 None None None
full discards red 5
trash is now white 1, green 2, white 1, red 4, red 1, red 4, red 1, green 1, blue 1, red 5
full now has white 4, green 4, white 4, blue 4, red 3
MOVE: 1 1 None 0 None 3
You hints full about all their 3 hints remaining: 6
full has white 4, green 4, white 4, blue 4, red 3
MOVE: 0 2 4 None None None
full plays red 3 successfully! Board is now green 0, yellow 3, white 2, blue 1, red 3
full now has white 4, green 4, white 4, blue 4, red 3
MOVE: 1 0 None 0 4 None
You hints full about all their red cards hints remaining: 5
full has white 4, green 4, white 4, blue 4, red 3
MOVE: 0 2 4 None None None
full plays red 3 and fails. Board was green 0, yellow 3, white 2, blue 1, red 3
full now has white 4, green 4, white 4, blue 4, green 2
Score 9
