Old GID: 30d0946f5d93c885
Treatment: ('intentional', 1308)
[(0, 1), (4, 5), (4, 2), (0, 3), (3, 1), (1, 1), (0, 1), (4, 3), (4, 1), (2, 1), (3, 4), (4, 1), (3, 3), (4, 2), (1, 1), (2, 4), (3, 1), (0, 1), (1, 4), (0, 2), (4, 4), (3, 2), (3, 2), (4, 3), (4, 1), (1, 1), (1, 4), (4, 4), (1, 5), (0, 5), (3, 3), (2, 2), (0, 4), (2, 1), (3, 5), (3, 1), (3, 4), (0, 3), (0, 4), (2, 2)]
MOVE: 0 1 None 1 None 1
intentional hints You about all their 1 hints remaining: 7
You has yellow 2, white 1, white 3, yellow 3, yellow 2
MOVE: 1 2 1 1 None None
You plays white 1 successfully! Board is now green 0, yellow 0, white 1, blue 0, red 0
You now has yellow 2, white 3, yellow 3, yellow 2, green 1
MOVE: 0 0 None 1 0 None
intentional hints You about all their green cards hints remaining: 6
You has yellow 2, white 3, yellow 3, yellow 2, green 1
MOVE: 1 2 4 1 None None
You plays green 1 successfully! Board is now green 1, yellow 0, white 1, blue 0, red 0
You now has yellow 2, white 3, yellow 3, yellow 2, red 5
MOVE: 0 3 0 None None None
intentional discards white 4
trash is now white 4
intentional now has green 2, white 5, yellow 3, white 3, red 2
MOVE: 1 0 None 0 0 None
You hints intentional about all their green cards hints remaining: 6
intentional has green 2, white 5, yellow 3, white 3, red 2
MOVE: 0 3 0 None None None
intentional discards green 2
trash is now white 4, green 2
intentional now has white 5, yellow 3, white 3, red 2, green 3
MOVE: 1 2 4 1 None None
You plays red 5 and fails. Board was green 1, yellow 0, white 1, blue 0, red 0
You now has yellow 2, white 3, yellow 3, yellow 2, blue 1
MOVE: 0 0 None 1 3 None
intentional hints You about all their blue cards hints remaining: 6
You has yellow 2, white 3, yellow 3, yellow 2, blue 1
MOVE: 1 3 4 1 None None
You discards blue 1
trash is now white 4, green 2, red 5, blue 1
You now has yellow 2, white 3, yellow 3, yellow 2, yellow 1
MOVE: 0 0 None 1 1 None
intentional hints You about all their yellow cards hints remaining: 6
You has yellow 2, white 3, yellow 3, yellow 2, yellow 1
MOVE: 1 2 4 1 None None
You plays yellow 1 successfully! Board is now green 1, yellow 1, white 1, blue 0, red 0
You now has yellow 2, white 3, yellow 3, yellow 2, green 1
MOVE: 0 1 None 1 None 2
intentional hints You about all their 2 hints remaining: 5
You has yellow 2, white 3, yellow 3, yellow 2, green 1
MOVE: 1 2 4 1 None None
You plays green 1 and fails. Board was green 1, yellow 1, white 1, blue 0, red 0
You now has yellow 2, white 3, yellow 3, yellow 2, red 3
MOVE: 0 3 0 None None None
intentional discards white 5
trash is now white 4, green 2, red 5, blue 1, green 1, white 5
intentional now has yellow 3, white 3, red 2, green 3, red 1
MOVE: 1 2 4 1 None None
You plays red 3 and fails. Board was green 1, yellow 1, white 1, blue 0, red 0
You now has yellow 2, white 3, yellow 3, yellow 2, white 1
Score 3
