Old GID: 88d5d83f411325c8
Treatment: ('outer', 2136)
[(4, 1), (1, 4), (2, 2), (3, 1), (2, 1), (0, 4), (4, 3), (0, 1), (0, 2), (1, 2), (3, 4), (4, 5), (2, 2), (3, 5), (3, 3), (3, 2), (2, 4), (4, 3), (2, 3), (3, 1), (4, 1), (3, 1), (3, 2), (3, 4), (4, 2), (1, 2), (4, 4), (2, 4), (1, 3), (2, 1), (1, 5), (1, 1), (1, 1), (0, 3), (2, 3), (2, 5), (4, 1), (2, 1), (0, 1), (0, 4)]
MOVE: 0 0 None 1 0 None
outer hints You about all their green cards hints remaining: 7
You has red 2, green 3, yellow 4, green 2, red 4
MOVE: 1 2 1 1 None None
You plays green 3 and fails. Board was green 0, yellow 0, white 0, blue 0, red 0
You now has red 2, yellow 4, green 2, red 4, red 1
MOVE: 0 1 None 1 None 1
outer hints You about all their 1 hints remaining: 6
You has red 2, yellow 4, green 2, red 4, red 1
MOVE: 1 2 2 1 None None
You plays green 2 and fails. Board was green 0, yellow 0, white 0, blue 0, red 0
You now has red 2, yellow 4, red 4, red 1, yellow 4
MOVE: 0 0 None 1 4 None
outer hints You about all their red cards hints remaining: 5
You has red 2, yellow 4, red 4, red 1, yellow 4
MOVE: 1 2 3 1 None None
You plays red 1 successfully! Board is now green 0, yellow 0, white 0, blue 0, red 1
You now has red 2, yellow 4, red 4, yellow 4, white 2
MOVE: 0 0 None 1 4 None
outer hints You about all their red cards hints remaining: 4
You has red 2, yellow 4, red 4, yellow 4, white 2
MOVE: 1 1 None 0 None 1
You hints outer about all their 1 hints remaining: 3
outer has green 1, blue 3, yellow 1, green 5, yellow 3
MOVE: 0 1 None 1 None 2
outer hints You about all their 2 hints remaining: 2
You has red 2, yellow 4, red 4, yellow 4, white 2
MOVE: 1 2 4 1 None None
You plays white 2 and fails. Board was green 0, yellow 0, white 0, blue 0, red 1
You now has red 2, yellow 4, red 4, yellow 4, blue 1
Score 1
