Old GID: 0f9071c5279cb251
Treatment: ('outer', 274)
[(0, 4), (2, 5), (3, 1), (1, 3), (2, 2), (0, 1), (4, 2), (2, 3), (3, 3), (3, 5), (2, 4), (2, 1), (4, 2), (3, 4), (3, 2), (1, 3), (4, 5), (1, 1), (0, 2), (1, 1), (2, 2), (2, 1), (2, 3), (4, 3), (4, 1), (2, 1), (1, 2), (1, 2), (4, 1), (4, 4), (3, 3), (0, 1), (3, 1), (3, 2), (4, 3), (3, 1), (0, 5), (0, 1), (1, 4), (0, 4)]
MOVE: 0 0 None 1 4 None
outer hints You about all their red cards hints remaining: 7
You has green 3, green 3, yellow 4, green 2, red 1
MOVE: 1 1 None 0 None 1
You hints outer about all their 1 hints remaining: 6
outer has yellow 1, white 4, red 4, blue 4, yellow 5
MOVE: 0 2 0 None None None
outer plays yellow 1 successfully! Board is now green 0, yellow 1, white 0, blue 0, red 0
outer now has white 4, red 4, blue 4, yellow 5, green 4
MOVE: 1 2 4 1 None None
You plays red 1 successfully! Board is now green 0, yellow 1, white 0, blue 0, red 1
You now has green 3, green 3, yellow 4, green 2, white 5
MOVE: 0 0 None 1 2 None
outer hints You about all their white cards hints remaining: 5
You has green 3, green 3, yellow 4, green 2, white 5
MOVE: 1 2 4 1 None None
You plays white 5 and fails. Board was green 0, yellow 1, white 0, blue 0, red 1
You now has green 3, green 3, yellow 4, green 2, blue 1
MOVE: 0 0 None 1 3 None
outer hints You about all their blue cards hints remaining: 4
You has green 3, green 3, yellow 4, green 2, blue 1
MOVE: 1 2 4 1 None None
You plays blue 1 successfully! Board is now green 0, yellow 1, white 0, blue 1, red 1
You now has green 3, green 3, yellow 4, green 2, yellow 3
MOVE: 0 1 None 1 None 3
outer hints You about all their 3 hints remaining: 3
You has green 3, green 3, yellow 4, green 2, yellow 3
MOVE: 1 2 4 1 None None
You plays yellow 3 and fails. Board was green 0, yellow 1, white 0, blue 1, red 1
You now has green 3, green 3, yellow 4, green 2, white 2
MOVE: 0 1 None 1 None 3
outer hints You about all their 3 hints remaining: 2
You has green 3, green 3, yellow 4, green 2, white 2
MOVE: 1 2 4 1 None None
You plays white 2 and fails. Board was green 0, yellow 1, white 0, blue 1, red 1
You now has green 3, green 3, yellow 4, green 2, green 1
Score 3
