Old GID: 19c924cf7f8d1d36
Treatment: ('full', 9029)
[(4, 2), (0, 3), (1, 3), (4, 1), (4, 3), (4, 1), (4, 5), (3, 1), (0, 1), (3, 2), (1, 4), (2, 1), (1, 2), (4, 1), (2, 1), (1, 4), (1, 1), (3, 1), (4, 2), (3, 5), (3, 4), (3, 1), (0, 2), (2, 3), (0, 2), (0, 1), (3, 4), (0, 3), (4, 4), (0, 1), (2, 2), (0, 5), (3, 3), (0, 4), (1, 5), (1, 3), (2, 4), (1, 1), (3, 3), (2, 1)]
MOVE: 0 3 0 None None None
full discards blue 2
trash is now blue 2
full now has yellow 1, white 3, green 4, red 4, red 2
MOVE: 1 1 None 0 None 1
You hints full about all their 1 hints remaining: 7
full has yellow 1, white 3, green 4, red 4, red 2
MOVE: 0 2 0 None None None
full plays yellow 1 successfully! Board is now green 0, yellow 1, white 0, blue 0, red 0
full now has white 3, green 4, red 4, red 2, green 3
MOVE: 1 1 None 0 None 2
You hints full about all their 2 hints remaining: 6
full has white 3, green 4, red 4, red 2, green 3
MOVE: 0 2 3 None None None
full plays red 2 and fails. Board was green 0, yellow 1, white 0, blue 0, red 0
full now has white 3, green 4, red 4, green 3, yellow 3
MOVE: 1 0 None 0 0 None
You hints full about all their green cards hints remaining: 5
full has white 3, green 4, red 4, green 3, yellow 3
MOVE: 0 2 3 None None None
full plays green 3 and fails. Board was green 0, yellow 1, white 0, blue 0, red 0
full now has white 3, green 4, red 4, yellow 3, red 1
MOVE: 1 1 None 0 None 1
You hints full about all their 1 hints remaining: 4
full has white 3, green 4, red 4, yellow 3, red 1
MOVE: 0 2 4 None None None
full plays red 1 successfully! Board is now green 0, yellow 1, white 0, blue 0, red 1
full now has white 3, green 4, red 4, yellow 3, red 3
MOVE: 1 1 None 0 None 3
You hints full about all their 3 hints remaining: 3
full has white 3, green 4, red 4, yellow 3, red 3
MOVE: 0 0 None 1 1 None
full hints You about all their yellow cards hints remaining: 2
You has white 5, yellow 2, white 4, white 2, red 3
MOVE: 1 2 1 1 None None
You plays yellow 2 successfully! Board is now green 0, yellow 2, white 0, blue 0, red 1
You now has white 5, white 4, white 2, red 3, red 1
MOVE: 0 3 0 None None None
full discards white 3
trash is now blue 2, red 2, green 3, white 3
full now has green 4, red 4, yellow 3, red 3, red 5
MOVE: 1 0 None 0 1 None
You hints full about all their yellow cards hints remaining: 2
full has green 4, red 4, yellow 3, red 3, red 5
MOVE: 0 2 2 None None None
full plays yellow 3 successfully! Board is now green 0, yellow 3, white 0, blue 0, red 1
full now has green 4, red 4, red 3, red 5, blue 1
MOVE: 1 1 None 0 None 1
You hints full about all their 1 hints remaining: 1
full has green 4, red 4, red 3, red 5, blue 1
MOVE: 0 2 4 None None None
full plays blue 1 successfully! Board is now green 0, yellow 3, white 0, blue 1, red 1
full now has green 4, red 4, red 3, red 5, green 1
MOVE: 1 1 None 0 None 1
You hints full about all their 1 hints remaining: 0
full has green 4, red 4, red 3, red 5, green 1
MOVE: 0 2 4 None None None
full plays green 1 successfully! Board is now green 1, yellow 3, white 0, blue 1, red 1
full now has green 4, red 4, red 3, red 5, blue 2
MOVE: 1 3 3 1 None None
You discards red 3
trash is now blue 2, red 2, green 3, white 3, red 3
You now has white 5, white 4, white 2, red 1, yellow 4
MOVE: 0 0 None 1 1 None
full hints You about all their yellow cards hints remaining: 0
You has white 5, white 4, white 2, red 1, yellow 4
MOVE: 1 2 4 1 None None
You plays yellow 4 successfully! Board is now green 1, yellow 4, white 0, blue 1, red 1
You now has white 5, white 4, white 2, red 1, white 1
MOVE: 0 3 1 None None None
full discards red 4
trash is now blue 2, red 2, green 3, white 3, red 3, red 4
full now has green 4, red 3, red 5, blue 2, yellow 2
MOVE: 1 1 None 0 None 2
You hints full about all their 2 hints remaining: 0
full has green 4, red 3, red 5, blue 2, yellow 2
MOVE: 0 2 3 None None None
full plays blue 2 successfully! Board is now green 1, yellow 4, white 0, blue 2, red 1
full now has green 4, red 3, red 5, yellow 2, red 1
MOVE: 1 3 4 1 None None
You discards white 1
trash is now blue 2, red 2, green 3, white 3, red 3, red 4, white 1
You now has white 5, white 4, white 2, red 1, white 1
MOVE: 0 3 4 None None None
full discards red 1
trash is now blue 2, red 2, green 3, white 3, red 3, red 4, white 1, red 1
full now has green 4, red 3, red 5, yellow 2, yellow 4
MOVE: 1 3 3 1 None None
You discards red 1
trash is now blue 2, red 2, green 3, white 3, red 3, red 4, white 1, red 1, red 1
You now has white 5, white 4, white 2, white 1, yellow 1
MOVE: 0 3 4 None None None
full discards yellow 4
trash is now blue 2, red 2, green 3, white 3, red 3, red 4, white 1, red 1, red 1, yellow 4
full now has green 4, red 3, red 5, yellow 2, blue 1
MOVE: 1 3 3 1 None None
You discards white 1
trash is now blue 2, red 2, green 3, white 3, red 3, red 4, white 1, red 1, red 1, yellow 4, white 1
You now has white 5, white 4, white 2, yellow 1, red 2
MOVE: 0 0 None 1 4 None
full hints You about all their red cards hints remaining: 4
You has white 5, white 4, white 2, yellow 1, red 2
MOVE: 1 2 4 1 None None
You plays red 2 successfully! Board is now green 1, yellow 4, white 0, blue 2, red 2
You now has white 5, white 4, white 2, yellow 1, blue 5
MOVE: 0 3 0 None None None
full discards green 4
trash is now blue 2, red 2, green 3, white 3, red 3, red 4, white 1, red 1, red 1, yellow 4, white 1, green 4
full now has red 3, red 5, yellow 2, blue 1, blue 4
MOVE: 1 0 None 0 4 None
You hints full about all their red cards hints remaining: 4
full has red 3, red 5, yellow 2, blue 1, blue 4
MOVE: 0 2 0 None None None
full plays red 3 successfully! Board is now green 1, yellow 4, white 0, blue 2, red 3
full now has red 5, yellow 2, blue 1, blue 4, blue 1
MOVE: 1 0 None 0 3 None
You hints full about all their blue cards hints remaining: 3
full has red 5, yellow 2, blue 1, blue 4, blue 1
MOVE: 0 2 2 None None None
full plays blue 1 and fails. Board was green 1, yellow 4, white 0, blue 2, red 3
full now has red 5, yellow 2, blue 4, blue 1, green 2
Score 10
