Old GID: e460144d40e0997e
Treatment: ('intentional', 6555)
[(3, 3), (2, 4), (3, 4), (1, 5), (4, 2), (0, 2), (3, 2), (4, 5), (0, 1), (1, 1), (0, 4), (4, 3), (2, 4), (3, 5), (1, 4), (2, 3), (0, 1), (0, 5), (1, 3), (1, 1), (0, 3), (0, 2), (1, 2), (4, 4), (3, 4), (0, 1), (4, 4), (3, 1), (4, 1), (3, 1), (3, 1), (1, 4), (4, 2), (1, 1), (2, 1), (0, 3), (2, 2), (2, 2), (2, 1), (2, 3)]
MOVE: 0 1 None 1 None 1
intentional hints You about all their 1 hints remaining: 7
You has yellow 2, red 1, blue 3, red 3, yellow 3
MOVE: 1 2 1 1 None None
You plays red 1 successfully! Board is now green 0, yellow 0, white 0, blue 0, red 1
You now has yellow 2, blue 3, red 3, yellow 3, blue 3
MOVE: 0 3 0 None None None
intentional discards green 4
trash is now green 4
intentional now has red 1, white 5, white 1, blue 2, white 4
MOVE: 1 1 None 0 None 5
You hints intentional about all their 5 hints remaining: 7
intentional has red 1, white 5, white 1, blue 2, white 4
MOVE: 0 3 0 None None None
intentional discards red 1
trash is now green 4, red 1
intentional now has white 5, white 1, blue 2, white 4, blue 4
MOVE: 1 1 None 0 None 1
You hints intentional about all their 1 hints remaining: 7
intentional has white 5, white 1, blue 2, white 4, blue 4
MOVE: 0 3 2 None None None
intentional discards blue 2
trash is now green 4, red 1, blue 2
intentional now has white 5, white 1, white 4, blue 4, yellow 5
MOVE: 1 0 None 0 2 None
You hints intentional about all their white cards hints remaining: 7
intentional has white 5, white 1, white 4, blue 4, yellow 5
MOVE: 0 2 1 None None None
intentional plays white 1 successfully! Board is now green 0, yellow 0, white 1, blue 0, red 1
intentional now has white 5, white 4, blue 4, yellow 5, red 2
MOVE: 1 0 None 0 4 None
You hints intentional about all their red cards hints remaining: 6
intentional has white 5, white 4, blue 4, yellow 5, red 2
MOVE: 0 3 4 None None None
intentional discards red 2
trash is now green 4, red 1, blue 2, red 2
intentional now has white 5, white 4, blue 4, yellow 5, green 2
MOVE: 1 1 None 0 None 5
You hints intentional about all their 5 hints remaining: 6
intentional has white 5, white 4, blue 4, yellow 5, green 2
MOVE: 0 3 4 None None None
intentional discards green 2
trash is now green 4, red 1, blue 2, red 2, green 2
intentional now has white 5, white 4, blue 4, yellow 5, blue 2
MOVE: 1 3 0 1 None None
You discards yellow 2
trash is now green 4, red 1, blue 2, red 2, green 2, yellow 2
You now has blue 3, red 3, yellow 3, blue 3, red 5
MOVE: 0 3 1 None None None
intentional discards white 4
trash is now green 4, red 1, blue 2, red 2, green 2, yellow 2, white 4
intentional now has white 5, blue 4, yellow 5, blue 2, green 1
MOVE: 1 0 None 0 0 None
You hints intentional about all their green cards hints remaining: 7
intentional has white 5, blue 4, yellow 5, blue 2, green 1
MOVE: 0 3 3 None None None
intentional discards blue 2
trash is now green 4, red 1, blue 2, red 2, green 2, yellow 2, white 4, blue 2
intentional now has white 5, blue 4, yellow 5, green 1, yellow 1
MOVE: 1 1 None 0 None 1
You hints intentional about all their 1 hints remaining: 7
intentional has white 5, blue 4, yellow 5, green 1, yellow 1
MOVE: 0 2 3 None None None
intentional plays green 1 successfully! Board is now green 1, yellow 0, white 1, blue 0, red 1
intentional now has white 5, blue 4, yellow 5, yellow 1, green 4
MOVE: 1 2 4 1 None None
You plays red 5 and fails. Board was green 1, yellow 0, white 1, blue 0, red 1
You now has blue 3, red 3, yellow 3, blue 3, red 3
MOVE: 0 3 1 None None None
intentional discards blue 4
trash is now green 4, red 1, blue 2, red 2, green 2, yellow 2, white 4, blue 2, red 5, blue 4
intentional now has white 5, yellow 5, yellow 1, green 4, white 4
MOVE: 1 2 4 1 None None
You plays red 3 and fails. Board was green 1, yellow 0, white 1, blue 0, red 1
You now has blue 3, red 3, yellow 3, blue 3, blue 5
MOVE: 0 3 2 None None None
intentional discards yellow 1
trash is now green 4, red 1, blue 2, red 2, green 2, yellow 2, white 4, blue 2, red 5, blue 4, red 3, yellow 1
intentional now has white 5, yellow 5, green 4, white 4, yellow 4
MOVE: 1 2 4 1 None None
You plays blue 5 and fails. Board was green 1, yellow 0, white 1, blue 0, red 1
You now has blue 3, red 3, yellow 3, blue 3, white 3
Score 3
