Old GID: 6d3eaccc8970fe5a
Treatment: ('outer', 19)
[(0, 1), (3, 4), (3, 5), (4, 4), (0, 4), (0, 2), (3, 1), (2, 4), (1, 3), (2, 2), (3, 1), (1, 2), (0, 5), (4, 3), (4, 3), (3, 1), (2, 5), (2, 1), (2, 1), (3, 3), (1, 3), (4, 5), (0, 1), (4, 1), (1, 5), (1, 1), (4, 2), (0, 2), (4, 1), (1, 2), (4, 1), (1, 1), (0, 3), (1, 1), (4, 2), (1, 4), (4, 4), (2, 2), (3, 4), (3, 2)]
MOVE: 0 1 None 1 None 1
outer hints You about all their 1 hints remaining: 7
You has white 3, yellow 4, green 3, green 1, white 1
MOVE: 1 2 3 1 None None
You plays green 1 successfully! Board is now green 1, yellow 0, white 0, blue 0, red 0
You now has white 3, yellow 4, green 3, white 1, green 1
MOVE: 0 0 None 1 2 None
outer hints You about all their white cards hints remaining: 6
You has white 3, yellow 4, green 3, white 1, green 1
MOVE: 1 2 3 1 None None
You plays white 1 successfully! Board is now green 1, yellow 0, white 1, blue 0, red 0
You now has white 3, yellow 4, green 3, green 1, blue 4
MOVE: 0 1 None 1 None 3
outer hints You about all their 3 hints remaining: 5
You has white 3, yellow 4, green 3, green 1, blue 4
MOVE: 1 3 1 1 None None
You discards yellow 4
trash is now yellow 4
You now has white 3, green 3, green 1, blue 4, blue 5
MOVE: 0 1 None 1 None 1
outer hints You about all their 1 hints remaining: 5
You has white 3, green 3, green 1, blue 4, blue 5
MOVE: 1 2 2 1 None None
You plays green 1 and fails. Board was green 1, yellow 0, white 1, blue 0, red 0
You now has white 3, green 3, blue 4, blue 5, red 4
MOVE: 0 0 None 1 4 None
outer hints You about all their red cards hints remaining: 4
You has white 3, green 3, blue 4, blue 5, red 4
MOVE: 1 2 4 1 None None
You plays red 4 and fails. Board was green 1, yellow 0, white 1, blue 0, red 0
You now has white 3, green 3, blue 4, blue 5, green 4
MOVE: 0 1 None 1 None 3
outer hints You about all their 3 hints remaining: 3
You has white 3, green 3, blue 4, blue 5, green 4
MOVE: 1 2 4 1 None None
You plays green 4 and fails. Board was green 1, yellow 0, white 1, blue 0, red 0
You now has white 3, green 3, blue 4, blue 5, green 2
Score 2
