Treatment: ('full', 4)
[(4, 4), (3, 4), (3, 3), (1, 1), (0, 2), (0, 4), (4, 1), (1, 3), (0, 1), (2, 5), (3, 3), (4, 5), (1, 3), (1, 2), (0, 1), (2, 1), (2, 2), (2, 1), (4, 2), (4, 2), (4, 4), (2, 3), (2, 3), (2, 4), (4, 1), (4, 3), (4, 3), (0, 3), (1, 1), (2, 1), (0, 5), (3, 1), (3, 2), (4, 1), (1, 4), (0, 2), (0, 4), (1, 5), (0, 3), (1, 1)]
MOVE: 0 1 None 1 None 1
full hints You about all their 1 hints remaining: 7
You has green 1, blue 1, yellow 4, white 4, blue 1
MOVE: 1 2 0 1 None None
You plays green 1 successfully! Board is now green 1, yellow 0, white 0, blue 0, red 0
You now has blue 1, yellow 4, white 4, blue 1, red 4
MOVE: 0 0 None 1 3 None
full hints You about all their blue cards hints remaining: 6
You has blue 1, yellow 4, white 4, blue 1, red 4
MOVE: 1 2 3 1 None None
You plays blue 1 successfully! Board is now green 1, yellow 0, white 0, blue 1, red 0
You now has blue 1, yellow 4, white 4, red 4, blue 4
MOVE: 0 3 0 None None None
full discards yellow 2
trash is now yellow 2
full now has white 2, blue 5, blue 4, blue 2, blue 3
MOVE: 1 1 None 0 None 2
You hints full about all their 2 hints remaining: 6
full has white 2, blue 5, blue 4, blue 2, blue 3
MOVE: 0 2 0 None None None
full plays white 2 and fails. Board was green 1, yellow 0, white 0, blue 1, red 0
full now has blue 5, blue 4, blue 2, blue 3, yellow 1
MOVE: 1 0 None 0 3 None
You hints full about all their blue cards hints remaining: 5
full has blue 5, blue 4, blue 2, blue 3, yellow 1
MOVE: 0 2 2 None None None
full plays blue 2 successfully! Board is now green 1, yellow 0, white 0, blue 2, red 0
full now has blue 5, blue 4, blue 3, yellow 1, green 2
MOVE: 1 1 None 0 None 3
You hints full about all their 3 hints remaining: 4
full has blue 5, blue 4, blue 3, yellow 1, green 2
MOVE: 0 2 2 None None None
full plays blue 3 successfully! Board is now green 1, yellow 0, white 0, blue 3, red 0
full now has blue 5, blue 4, yellow 1, green 2, green 4
MOVE: 1 1 None 0 None 4
You hints full about all their 4 hints remaining: 3
full has blue 5, blue 4, yellow 1, green 2, green 4
MOVE: 0 2 1 None None None
full plays blue 4 successfully! Board is now green 1, yellow 0, white 0, blue 4, red 0
full now has blue 5, yellow 1, green 2, green 4, red 1
MOVE: 1 1 None 0 None 1
You hints full about all their 1 hints remaining: 2
full has blue 5, yellow 1, green 2, green 4, red 1
MOVE: 0 2 1 None None None
full plays yellow 1 successfully! Board is now green 1, yellow 1, white 0, blue 4, red 0
full now has blue 5, green 2, green 4, red 1, yellow 3
MOVE: 1 1 None 0 None 5
You hints full about all their 5 hints remaining: 1
full has blue 5, green 2, green 4, red 1, yellow 3
MOVE: 0 2 0 None None None
full plays blue 5 successfully! Board is now green 1, yellow 1, white 0, blue 5, red 0
full now has green 2, green 4, red 1, yellow 3, green 1
MOVE: 1 3 0 1 None None
You discards blue 1
trash is now yellow 2, white 2, blue 1
You now has yellow 4, white 4, red 4, blue 4, white 5
MOVE: 0 0 None 1 3 None
full hints You about all their blue cards hints remaining: 2
You has yellow 4, white 4, red 4, blue 4, white 5
MOVE: 1 3 3 1 None None
You discards blue 4
trash is now yellow 2, white 2, blue 1, blue 4
You now has yellow 4, white 4, red 4, white 5, blue 3
MOVE: 0 0 None 1 3 None
full hints You about all their blue cards hints remaining: 2
You has yellow 4, white 4, red 4, white 5, blue 3
MOVE: 1 1 None 0 None 2
You hints full about all their 2 hints remaining: 1
full has green 2, green 4, red 1, yellow 3, green 1
MOVE: 0 2 0 None None None
full plays green 2 successfully! Board is now green 2, yellow 1, white 0, blue 5, red 0
full now has green 4, red 1, yellow 3, green 1, red 5
MOVE: 1 3 4 1 None None
You discards blue 3
trash is now yellow 2, white 2, blue 1, blue 4, blue 3
You now has yellow 4, white 4, red 4, white 5, yellow 3
MOVE: 0 3 2 None None None
full discards yellow 3
trash is now yellow 2, white 2, blue 1, blue 4, blue 3, yellow 3
full now has green 4, red 1, green 1, red 5, yellow 2
MOVE: 1 1 None 0 None 5
You hints full about all their 5 hints remaining: 2
full has green 4, red 1, green 1, red 5, yellow 2
MOVE: 0 3 3 None None None
full discards red 5
trash is now yellow 2, white 2, blue 1, blue 4, blue 3, yellow 3, red 5
full now has green 4, red 1, green 1, yellow 2, green 1
MOVE: 1 1 None 0 None 2
You hints full about all their 2 hints remaining: 2
full has green 4, red 1, green 1, yellow 2, green 1
MOVE: 0 2 3 None None None
full plays yellow 2 successfully! Board is now green 2, yellow 2, white 0, blue 5, red 0
full now has green 4, red 1, green 1, green 1, white 1
MOVE: 1 0 None 0 0 None
You hints full about all their green cards hints remaining: 1
full has green 4, red 1, green 1, green 1, white 1
MOVE: 0 2 2 None None None
full plays green 1 and fails. Board was green 2, yellow 2, white 0, blue 5, red 0
full now has green 4, red 1, green 1, white 1, white 2
MOVE: 1 1 None 0 None 1
You hints full about all their 1 hints remaining: 0
full has green 4, red 1, green 1, white 1, white 2
MOVE: 0 2 1 None None None
full plays red 1 successfully! Board is now green 2, yellow 2, white 0, blue 5, red 1
full now has green 4, green 1, white 1, white 2, white 1
MOVE: 1 3 4 1 None None
You discards yellow 3
trash is now yellow 2, white 2, blue 1, blue 4, blue 3, yellow 3, red 5, green 1, yellow 3
You now has yellow 4, white 4, red 4, white 5, red 2
MOVE: 0 3 1 None None None
full discards green 1
trash is now yellow 2, white 2, blue 1, blue 4, blue 3, yellow 3, red 5, green 1, yellow 3, green 1
full now has green 4, white 1, white 2, white 1, red 2
MOVE: 1 1 None 0 None 2
You hints full about all their 2 hints remaining: 1
full has green 4, white 1, white 2, white 1, red 2
MOVE: 0 2 2 None None None
full plays white 2 and fails. Board was green 2, yellow 2, white 0, blue 5, red 1
full now has green 4, white 1, white 1, red 2, red 4
Score 10
