Old GID: fa43ac17f8882f22
Treatment: ('outer', 4632)
[(0, 5), (2, 3), (1, 4), (4, 5), (4, 1), (0, 3), (4, 3), (3, 1), (3, 3), (0, 4), (2, 1), (0, 1), (3, 4), (3, 2), (2, 3), (4, 1), (2, 5), (2, 2), (1, 1), (2, 1), (3, 5), (4, 1), (3, 2), (3, 1), (4, 2), (4, 4), (1, 3), (3, 1), (1, 5), (4, 3), (1, 3), (0, 2), (1, 2), (1, 4), (3, 3), (4, 4), (0, 3), (0, 1), (2, 1), (2, 4)]
MOVE: 0 0 None 1 1 None
outer hints You about all their yellow cards hints remaining: 7
You has yellow 1, green 2, yellow 2, red 2, white 2
MOVE: 1 1 None 0 None 1
You hints outer about all their 1 hints remaining: 6
outer has yellow 1, green 1, blue 4, green 4, white 4
MOVE: 0 2 0 None None None
outer plays yellow 1 successfully! Board is now green 0, yellow 1, white 0, blue 0, red 0
outer now has green 1, blue 4, green 4, white 4, green 5
MOVE: 1 0 None 0 0 None
You hints outer about all their green cards hints remaining: 5
outer has green 1, blue 4, green 4, white 4, green 5
MOVE: 0 2 0 None None None
outer plays green 1 successfully! Board is now green 1, yellow 1, white 0, blue 0, red 0
outer now has blue 4, green 4, white 4, green 5, white 3
MOVE: 1 3 1 1 None None
You discards green 2
trash is now green 2
You now has yellow 1, yellow 2, red 2, white 2, yellow 4
MOVE: 0 1 None 1 None 2
outer hints You about all their 2 hints remaining: 5
You has yellow 1, yellow 2, red 2, white 2, yellow 4
MOVE: 1 2 1 1 None None
You plays yellow 2 successfully! Board is now green 1, yellow 2, white 0, blue 0, red 0
You now has yellow 1, red 2, white 2, yellow 4, red 5
MOVE: 0 1 None 1 None 1
outer hints You about all their 1 hints remaining: 4
You has yellow 1, red 2, white 2, yellow 4, red 5
MOVE: 1 3 0 1 None None
You discards yellow 1
trash is now green 2, yellow 1
You now has red 2, white 2, yellow 4, red 5, red 1
MOVE: 0 1 None 1 None 1
outer hints You about all their 1 hints remaining: 4
You has red 2, white 2, yellow 4, red 5, red 1
MOVE: 1 2 4 1 None None
You plays red 1 successfully! Board is now green 1, yellow 2, white 0, blue 0, red 1
You now has red 2, white 2, yellow 4, red 5, green 3
MOVE: 0 0 None 1 4 None
outer hints You about all their red cards hints remaining: 3
You has red 2, white 2, yellow 4, red 5, green 3
MOVE: 1 2 0 1 None None
You plays red 2 successfully! Board is now green 1, yellow 2, white 0, blue 0, red 2
You now has white 2, yellow 4, red 5, green 3, red 3
MOVE: 0 1 None 1 None 3
outer hints You about all their 3 hints remaining: 2
You has white 2, yellow 4, red 5, green 3, red 3
MOVE: 1 2 4 1 None None
You plays red 3 successfully! Board is now green 1, yellow 2, white 0, blue 0, red 3
You now has white 2, yellow 4, red 5, green 3, blue 1
MOVE: 0 1 None 1 None 1
outer hints You about all their 1 hints remaining: 1
You has white 2, yellow 4, red 5, green 3, blue 1
MOVE: 1 2 4 1 None None
You plays blue 1 successfully! Board is now green 1, yellow 2, white 0, blue 1, red 3
You now has white 2, yellow 4, red 5, green 3, blue 3
MOVE: 0 1 None 1 None 3
outer hints You about all their 3 hints remaining: 0
You has white 2, yellow 4, red 5, green 3, blue 3
MOVE: 1 2 4 1 None None
You plays blue 3 and fails. Board was green 1, yellow 2, white 0, blue 1, red 3
You now has white 2, yellow 4, red 5, green 3, green 4
MOVE: 0 3 1 None None None
outer discards green 4
trash is now green 2, yellow 1, blue 3, green 4
outer now has blue 4, white 4, green 5, white 3, white 1
MOVE: 1 2 3 1 None None
You plays green 3 and fails. Board was green 1, yellow 2, white 0, blue 1, red 3
You now has white 2, yellow 4, red 5, green 4, green 1
MOVE: 0 1 None 1 None 4
outer hints You about all their 4 hints remaining: 0
You has white 2, yellow 4, red 5, green 4, green 1
MOVE: 1 2 3 1 None None
You plays green 4 and fails. Board was green 1, yellow 2, white 0, blue 1, red 3
You now has white 2, yellow 4, red 5, green 1, blue 4
Score 7
