Old GID: 706a7a8123a38ceb
Treatment: ('full', 1363)
[(2, 1), (4, 4), (1, 5), (1, 4), (1, 1), (1, 2), (4, 1), (3, 2), (4, 2), (4, 5), (2, 5), (2, 3), (4, 4), (4, 1), (2, 2), (4, 2), (3, 5), (3, 4), (2, 4), (3, 2), (3, 4), (0, 3), (2, 2), (2, 4), (0, 2), (4, 1), (0, 4), (0, 4), (1, 1), (4, 3), (0, 1), (0, 1), (1, 1), (1, 4), (3, 1), (2, 1), (0, 1), (3, 3), (0, 2), (0, 5)]
MOVE: 0 1 None 1 None 1
full hints You about all their 1 hints remaining: 7
You has white 3, green 3, yellow 3, white 1, yellow 3
MOVE: 1 2 3 1 None None
You plays white 1 successfully! Board is now green 0, yellow 0, white 1, blue 0, red 0
You now has white 3, green 3, yellow 3, yellow 3, white 1
MOVE: 0 3 0 None None None
full discards red 3
trash is now red 3
full now has blue 1, blue 1, blue 3, yellow 2, red 4
MOVE: 1 1 None 0 None 1
You hints full about all their 1 hints remaining: 7
full has blue 1, blue 1, blue 3, yellow 2, red 4
MOVE: 0 2 0 None None None
full plays blue 1 successfully! Board is now green 0, yellow 0, white 1, blue 1, red 0
full now has blue 1, blue 3, yellow 2, red 4, yellow 5
MOVE: 1 0 None 0 3 None
You hints full about all their blue cards hints remaining: 6
full has blue 1, blue 3, yellow 2, red 4, yellow 5
MOVE: 0 2 1 None None None
full plays blue 3 and fails. Board was green 0, yellow 0, white 1, blue 1, red 0
full now has blue 1, yellow 2, red 4, yellow 5, yellow 4
MOVE: 1 3 1 1 None None
You discards green 3
trash is now red 3, blue 3, green 3
You now has white 3, yellow 3, yellow 3, white 1, yellow 1
MOVE: 0 3 0 None None None
full discards blue 1
trash is now red 3, blue 3, green 3, blue 1
full now has yellow 2, red 4, yellow 5, yellow 4, yellow 2
MOVE: 1 3 0 1 None None
You discards white 3
trash is now red 3, blue 3, green 3, blue 1, white 3
You now has yellow 3, yellow 3, white 1, yellow 1, red 1
MOVE: 0 0 None 1 1 None
full hints You about all their yellow cards hints remaining: 7
You has yellow 3, yellow 3, white 1, yellow 1, red 1
MOVE: 1 3 2 1 None None
You discards white 1
trash is now red 3, blue 3, green 3, blue 1, white 3, white 1
You now has yellow 3, yellow 3, yellow 1, red 1, blue 2
MOVE: 0 1 None 1 None 1
full hints You about all their 1 hints remaining: 7
You has yellow 3, yellow 3, yellow 1, red 1, blue 2
MOVE: 1 2 2 1 None None
You plays yellow 1 successfully! Board is now green 0, yellow 1, white 1, blue 1, red 0
You now has yellow 3, yellow 3, red 1, blue 2, red 2
MOVE: 0 0 None 1 3 None
full hints You about all their blue cards hints remaining: 6
You has yellow 3, yellow 3, red 1, blue 2, red 2
MOVE: 1 1 None 0 None 2
You hints full about all their 2 hints remaining: 5
full has yellow 2, red 4, yellow 5, yellow 4, yellow 2
MOVE: 0 2 0 None None None
full plays yellow 2 successfully! Board is now green 0, yellow 2, white 1, blue 1, red 0
full now has red 4, yellow 5, yellow 4, yellow 2, red 5
MOVE: 1 0 None 0 1 None
You hints full about all their yellow cards hints remaining: 4
full has red 4, yellow 5, yellow 4, yellow 2, red 5
MOVE: 0 2 1 None None None
full plays yellow 5 and fails. Board was green 0, yellow 2, white 1, blue 1, red 0
full now has red 4, yellow 4, yellow 2, red 5, white 5
MOVE: 1 2 1 1 None None
You plays yellow 3 successfully! Board is now green 0, yellow 3, white 1, blue 1, red 0
You now has yellow 3, red 1, blue 2, red 2, white 3
MOVE: 0 3 2 None None None
full discards yellow 2
trash is now red 3, blue 3, green 3, blue 1, white 3, white 1, yellow 5, yellow 2
full now has red 4, yellow 4, red 5, white 5, red 4
MOVE: 1 2 1 1 None None
You plays red 1 successfully! Board is now green 0, yellow 3, white 1, blue 1, red 1
You now has yellow 3, blue 2, red 2, white 3, red 1
MOVE: 0 1 None 1 None 2
full hints You about all their 2 hints remaining: 4
You has yellow 3, blue 2, red 2, white 3, red 1
MOVE: 1 2 1 1 None None
You plays blue 2 successfully! Board is now green 0, yellow 3, white 1, blue 2, red 1
You now has yellow 3, red 2, white 3, red 1, white 2
MOVE: 0 1 None 1 None 2
full hints You about all their 2 hints remaining: 3
You has yellow 3, red 2, white 3, red 1, white 2
MOVE: 1 2 1 1 None None
You plays red 2 successfully! Board is now green 0, yellow 3, white 1, blue 2, red 2
You now has yellow 3, white 3, red 1, white 2, red 2
MOVE: 0 3 1 None None None
full discards yellow 4
trash is now red 3, blue 3, green 3, blue 1, white 3, white 1, yellow 5, yellow 2, yellow 4
full now has red 4, red 5, white 5, red 4, blue 5
MOVE: 1 2 0 1 None None
You plays yellow 3 and fails. Board was green 0, yellow 3, white 1, blue 2, red 2
You now has white 3, red 1, white 2, red 2, blue 4
Score 8
