Old GID: e634885b8fbe29ef
Treatment: ('outer', 1071)
[(0, 2), (1, 4), (4, 4), (3, 3), (1, 2), (3, 1), (3, 1), (1, 4), (0, 3), (2, 4), (2, 1), (0, 1), (4, 4), (4, 1), (2, 1), (2, 3), (4, 5), (4, 2), (0, 4), (3, 4), (2, 5), (1, 3), (1, 5), (2, 4), (1, 1), (4, 3), (2, 2), (0, 5), (1, 1), (3, 2), (2, 2), (2, 1), (1, 3), (0, 2), (0, 1), (3, 1), (0, 1), (3, 4), (3, 5), (0, 3)]
MOVE: 0 1 None 1 None 1
outer hints You about all their 1 hints remaining: 7
You has red 1, red 3, blue 2, green 4, blue 3
MOVE: 1 1 None 0 None 1
You hints outer about all their 1 hints remaining: 6
outer has yellow 1, yellow 2, white 3, red 2, red 1
MOVE: 0 2 0 None None None
outer plays yellow 1 successfully! Board is now green 0, yellow 1, white 0, blue 0, red 0
outer now has yellow 2, white 3, red 2, red 1, green 2
MOVE: 1 0 None 0 1 None
You hints outer about all their yellow cards hints remaining: 5
outer has yellow 2, white 3, red 2, red 1, green 2
MOVE: 0 2 3 None None None
outer plays red 1 successfully! Board is now green 0, yellow 1, white 0, blue 0, red 1
outer now has yellow 2, white 3, red 2, green 2, yellow 4
MOVE: 1 2 0 1 None None
You plays red 1 and fails. Board was green 0, yellow 1, white 0, blue 0, red 1
You now has red 3, blue 2, green 4, blue 3, red 4
MOVE: 0 1 None 1 None 4
outer hints You about all their 4 hints remaining: 4
You has red 3, blue 2, green 4, blue 3, red 4
MOVE: 1 1 None 0 None 2
You hints outer about all their 2 hints remaining: 3
outer has yellow 2, white 3, red 2, green 2, yellow 4
MOVE: 0 2 0 None None None
outer plays yellow 2 successfully! Board is now green 0, yellow 2, white 0, blue 0, red 1
outer now has white 3, red 2, green 2, yellow 4, blue 3
MOVE: 1 0 None 0 4 None
You hints outer about all their red cards hints remaining: 2
outer has white 3, red 2, green 2, yellow 4, blue 3
MOVE: 0 2 1 None None None
outer plays red 2 successfully! Board is now green 0, yellow 2, white 0, blue 0, red 2
outer now has white 3, green 2, yellow 4, blue 3, yellow 2
MOVE: 1 1 None 0 None 2
You hints outer about all their 2 hints remaining: 1
outer has white 3, green 2, yellow 4, blue 3, yellow 2
MOVE: 0 1 None 1 None 3
outer hints You about all their 3 hints remaining: 0
You has red 3, blue 2, green 4, blue 3, red 4
MOVE: 1 2 0 1 None None
You plays red 3 successfully! Board is now green 0, yellow 2, white 0, blue 0, red 3
You now has blue 2, green 4, blue 3, red 4, blue 1
MOVE: 0 3 1 None None None
outer discards green 2
trash is now red 1, green 2
outer now has white 3, yellow 4, blue 3, yellow 2, blue 1
MOVE: 1 2 2 1 None None
You plays blue 3 and fails. Board was green 0, yellow 2, white 0, blue 0, red 3
You now has blue 2, green 4, red 4, blue 1, yellow 4
MOVE: 0 0 None 1 4 None
outer hints You about all their red cards hints remaining: 0
You has blue 2, green 4, red 4, blue 1, yellow 4
MOVE: 1 2 2 1 None None
You plays red 4 successfully! Board is now green 0, yellow 2, white 0, blue 0, red 4
You now has blue 2, green 4, blue 1, yellow 4, green 3
MOVE: 0 3 1 None None None
outer discards yellow 4
trash is now red 1, green 2, blue 3, yellow 4
outer now has white 3, blue 3, yellow 2, blue 1, white 4
MOVE: 1 1 None 0 None 1
You hints outer about all their 1 hints remaining: 0
outer has white 3, blue 3, yellow 2, blue 1, white 4
MOVE: 0 3 2 None None None
outer discards yellow 2
trash is now red 1, green 2, blue 3, yellow 4, yellow 2
outer now has white 3, blue 3, blue 1, white 4, white 1
MOVE: 1 0 None 0 3 None
You hints outer about all their blue cards hints remaining: 0
outer has white 3, blue 3, blue 1, white 4, white 1
MOVE: 0 2 2 None None None
outer plays blue 1 successfully! Board is now green 0, yellow 2, white 0, blue 1, red 4
outer now has white 3, blue 3, white 4, white 1, green 1
MOVE: 1 3 1 1 None None
You discards green 4
trash is now red 1, green 2, blue 3, yellow 4, yellow 2, green 4
You now has blue 2, blue 1, yellow 4, green 3, red 4
MOVE: 0 0 None 1 3 None
outer hints You about all their blue cards hints remaining: 0
You has blue 2, blue 1, yellow 4, green 3, red 4
MOVE: 1 3 0 1 None None
You discards blue 2
trash is now red 1, green 2, blue 3, yellow 4, yellow 2, green 4, blue 2
You now has blue 1, yellow 4, green 3, red 4, red 1
MOVE: 0 0 None 1 4 None
outer hints You about all their red cards hints remaining: 0
You has blue 1, yellow 4, green 3, red 4, red 1
MOVE: 1 3 3 1 None None
You discards red 4
trash is now red 1, green 2, blue 3, yellow 4, yellow 2, green 4, blue 2, red 4
You now has blue 1, yellow 4, green 3, red 1, white 1
MOVE: 0 0 None 1 2 None
outer hints You about all their white cards hints remaining: 0
You has blue 1, yellow 4, green 3, red 1, white 1
MOVE: 1 3 3 1 None None
You discards red 1
trash is now red 1, green 2, blue 3, yellow 4, yellow 2, green 4, blue 2, red 4, red 1
You now has blue 1, yellow 4, green 3, white 1, white 3
MOVE: 0 1 None 1 None 1
outer hints You about all their 1 hints remaining: 0
You has blue 1, yellow 4, green 3, white 1, white 3
MOVE: 1 3 0 1 None None
You discards blue 1
trash is now red 1, green 2, blue 3, yellow 4, yellow 2, green 4, blue 2, red 4, red 1, blue 1
You now has yellow 4, green 3, white 1, white 3, red 5
MOVE: 0 0 None 1 4 None
outer hints You about all their red cards hints remaining: 0
You has yellow 4, green 3, white 1, white 3, red 5
MOVE: 1 3 4 1 None None
You discards red 5
trash is now red 1, green 2, blue 3, yellow 4, yellow 2, green 4, blue 2, red 4, red 1, blue 1, red 5
You now has yellow 4, green 3, white 1, white 3, red 2
MOVE: 0 1 None 1 None 3
outer hints You about all their 3 hints remaining: 0
You has yellow 4, green 3, white 1, white 3, red 2
MOVE: 1 3 2 1 None None
You discards white 1
trash is now red 1, green 2, blue 3, yellow 4, yellow 2, green 4, blue 2, red 4, red 1, blue 1, red 5, white 1
You now has yellow 4, green 3, white 3, red 2, green 4
MOVE: 0 1 None 1 None 4
outer hints You about all their 4 hints remaining: 0
You has yellow 4, green 3, white 3, red 2, green 4
MOVE: 1 3 0 1 None None
You discards yellow 4
trash is now red 1, green 2, blue 3, yellow 4, yellow 2, green 4, blue 2, red 4, red 1, blue 1, red 5, white 1, yellow 4
You now has green 3, white 3, red 2, green 4, blue 4
MOVE: 0 0 None 1 2 None
outer hints You about all their white cards hints remaining: 0
You has green 3, white 3, red 2, green 4, blue 4
MOVE: 1 3 3 1 None None
You discards green 4
trash is now red 1, green 2, blue 3, yellow 4, yellow 2, green 4, blue 2, red 4, red 1, blue 1, red 5, white 1, yellow 4, green 4
You now has green 3, white 3, red 2, blue 4, white 5
MOVE: 0 0 None 1 0 None
outer hints You about all their green cards hints remaining: 0
You has green 3, white 3, red 2, blue 4, white 5
MOVE: 1 2 0 1 None None
You plays green 3 and fails. Board was green 0, yellow 2, white 0, blue 1, red 4
You now has white 3, red 2, blue 4, white 5, yellow 3
Score 7
