Old GID: 4ce3e51d5f6c2428
Treatment: ('outer', 8087)
[(2, 1), (4, 2), (2, 2), (4, 4), (1, 1), (2, 1), (0, 4), (3, 1), (3, 2), (3, 3), (1, 2), (4, 1), (3, 1), (2, 4), (2, 2), (3, 4), (4, 1), (0, 2), (4, 3), (0, 3), (0, 1), (3, 2), (4, 2), (3, 4), (1, 1), (1, 3), (2, 3), (4, 1), (0, 5), (2, 3), (0, 1), (3, 5), (0, 1), (3, 3), (0, 4), (4, 4), (4, 3), (1, 3), (2, 1), (0, 3)]
MOVE: 0 1 None 1 None 1
outer hints You about all their 1 hints remaining: 7
You has yellow 5, blue 1, white 5, yellow 1, red 5
MOVE: 1 2 3 1 None None
You plays yellow 1 successfully! Board is now green 0, yellow 1, white 0, blue 0, red 0
You now has yellow 5, blue 1, white 5, red 5, white 1
MOVE: 0 0 None 1 3 None
outer hints You about all their blue cards hints remaining: 6
You has yellow 5, blue 1, white 5, red 5, white 1
MOVE: 1 2 1 1 None None
You plays blue 1 successfully! Board is now green 0, yellow 1, white 0, blue 1, red 0
You now has yellow 5, white 5, red 5, white 1, red 2
MOVE: 0 0 None 1 2 None
outer hints You about all their white cards hints remaining: 5
You has yellow 5, white 5, red 5, white 1, red 2
MOVE: 1 1 None 0 None 2
You hints outer about all their 2 hints remaining: 4
outer has green 2, yellow 4, yellow 2, yellow 4, white 4
MOVE: 0 1 None 1 None 1
outer hints You about all their 1 hints remaining: 3
You has yellow 5, white 5, red 5, white 1, red 2
MOVE: 1 0 None 0 1 None
You hints outer about all their yellow cards hints remaining: 2
outer has green 2, yellow 4, yellow 2, yellow 4, white 4
MOVE: 0 2 2 None None None
outer plays yellow 2 successfully! Board is now green 0, yellow 2, white 0, blue 1, red 0
outer now has green 2, yellow 4, yellow 4, white 4, white 2
MOVE: 1 1 None 0 None 4
You hints outer about all their 4 hints remaining: 1
outer has green 2, yellow 4, yellow 4, white 4, white 2
MOVE: 0 0 None 1 4 None
outer hints You about all their red cards hints remaining: 0
You has yellow 5, white 5, red 5, white 1, red 2
MOVE: 1 2 3 1 None None
You plays white 1 successfully! Board is now green 0, yellow 2, white 1, blue 1, red 0
You now has yellow 5, white 5, red 5, red 2, red 4
MOVE: 0 3 0 None None None
outer discards green 2
trash is now green 2
outer now has yellow 4, yellow 4, white 4, white 2, yellow 1
MOVE: 1 1 None 0 None 2
You hints outer about all their 2 hints remaining: 0
outer has yellow 4, yellow 4, white 4, white 2, yellow 1
MOVE: 0 3 0 None None None
outer discards yellow 4
trash is now green 2, yellow 4
outer now has yellow 4, white 4, white 2, yellow 1, white 1
MOVE: 1 2 2 1 None None
You plays red 5 and fails. Board was green 0, yellow 2, white 1, blue 1, red 0
You now has yellow 5, white 5, red 2, red 4, green 4
MOVE: 0 0 None 1 2 None
outer hints You about all their white cards hints remaining: 0
You has yellow 5, white 5, red 2, red 4, green 4
MOVE: 1 2 2 1 None None
You plays red 2 and fails. Board was green 0, yellow 2, white 1, blue 1, red 0
You now has yellow 5, white 5, red 4, green 4, blue 1
MOVE: 0 3 4 None None None
outer discards white 1
trash is now green 2, yellow 4, red 5, red 2, white 1
outer now has yellow 4, white 4, white 2, yellow 1, blue 2
MOVE: 1 0 None 0 2 None
You hints outer about all their white cards hints remaining: 0
outer has yellow 4, white 4, white 2, yellow 1, blue 2
MOVE: 0 2 2 None None None
outer plays white 2 successfully! Board is now green 0, yellow 2, white 2, blue 1, red 0
outer now has yellow 4, white 4, yellow 1, blue 2, blue 3
MOVE: 1 3 1 1 None None
You discards white 5
trash is now green 2, yellow 4, red 5, red 2, white 1, white 5
You now has yellow 5, red 4, green 4, blue 1, yellow 2
MOVE: 0 0 None 1 4 None
outer hints You about all their red cards hints remaining: 0
You has yellow 5, red 4, green 4, blue 1, yellow 2
MOVE: 1 2 1 1 None None
You plays red 4 and fails. Board was green 0, yellow 2, white 2, blue 1, red 0
You now has yellow 5, green 4, blue 1, yellow 2, red 1
Score 5
