Old GID: 1eb2c9008de87e95
Treatment: ('intentional', 5669)
[(1, 3), (2, 3), (4, 5), (0, 5), (3, 2), (2, 1), (1, 2), (1, 2), (3, 1), (4, 3), (1, 1), (4, 3), (1, 1), (1, 3), (4, 2), (3, 3), (0, 3), (2, 4), (4, 4), (4, 1), (1, 1), (2, 2), (2, 1), (2, 2), (3, 3), (1, 5), (3, 4), (0, 4), (3, 1), (0, 1), (4, 4), (0, 2), (2, 1), (4, 1), (0, 1), (1, 4), (0, 3), (2, 5), (0, 2), (2, 3)]
MOVE: 0 1 None 1 None 1
intentional hints You about all their 1 hints remaining: 7
You has red 2, yellow 4, red 1, blue 2, green 4
MOVE: 1 1 None 0 None 1
You hints intentional about all their 1 hints remaining: 6
intentional has blue 4, blue 1, blue 5, white 4, green 1
MOVE: 0 2 4 None None None
intentional plays green 1 successfully! Board is now green 1, yellow 0, white 0, blue 0, red 0
intentional now has blue 4, blue 1, blue 5, white 4, yellow 3
MOVE: 1 0 None 0 3 None
You hints intentional about all their blue cards hints remaining: 5
intentional has blue 4, blue 1, blue 5, white 4, yellow 3
MOVE: 0 2 1 None None None
intentional plays blue 1 successfully! Board is now green 1, yellow 0, white 0, blue 1, red 0
intentional now has blue 4, blue 5, white 4, yellow 3, white 3
MOVE: 1 2 2 1 None None
You plays red 1 successfully! Board is now green 1, yellow 0, white 0, blue 1, red 1
You now has red 2, yellow 4, blue 2, green 4, red 5
MOVE: 0 1 None 1 None 2
intentional hints You about all their 2 hints remaining: 4
You has red 2, yellow 4, blue 2, green 4, red 5
MOVE: 1 2 2 1 None None
You plays blue 2 successfully! Board is now green 1, yellow 0, white 0, blue 2, red 1
You now has red 2, yellow 4, green 4, red 5, green 5
MOVE: 0 3 4 None None None
intentional discards white 3
trash is now white 3
intentional now has blue 4, blue 5, white 4, yellow 3, blue 2
MOVE: 1 3 0 1 None None
You discards red 2
trash is now white 3, red 2
You now has yellow 4, green 4, red 5, green 5, white 1
MOVE: 0 0 None 1 2 None
intentional hints You about all their white cards hints remaining: 5
You has yellow 4, green 4, red 5, green 5, white 1
MOVE: 1 2 4 1 None None
You plays white 1 successfully! Board is now green 1, yellow 0, white 1, blue 2, red 1
You now has yellow 4, green 4, red 5, green 5, yellow 2
MOVE: 0 3 4 None None None
intentional discards blue 2
trash is now white 3, red 2, blue 2
intentional now has blue 4, blue 5, white 4, yellow 3, yellow 2
MOVE: 1 3 0 1 None None
You discards yellow 4
trash is now white 3, red 2, blue 2, yellow 4
You now has green 4, red 5, green 5, yellow 2, blue 1
MOVE: 0 3 4 None None None
intentional discards yellow 2
trash is now white 3, red 2, blue 2, yellow 4, yellow 2
intentional now has blue 4, blue 5, white 4, yellow 3, red 3
MOVE: 1 3 0 1 None None
You discards green 4
trash is now white 3, red 2, blue 2, yellow 4, yellow 2, green 4
You now has red 5, green 5, yellow 2, blue 1, yellow 1
MOVE: 0 3 4 None None None
intentional discards red 3
trash is now white 3, red 2, blue 2, yellow 4, yellow 2, green 4, red 3
intentional now has blue 4, blue 5, white 4, yellow 3, red 3
MOVE: 1 3 0 1 None None
You discards red 5
trash is now white 3, red 2, blue 2, yellow 4, yellow 2, green 4, red 3, red 5
You now has green 5, yellow 2, blue 1, yellow 1, yellow 1
MOVE: 0 3 4 None None None
intentional discards red 3
trash is now white 3, red 2, blue 2, yellow 4, yellow 2, green 4, red 3, red 5, red 3
intentional now has blue 4, blue 5, white 4, yellow 3, yellow 3
MOVE: 1 2 4 1 None None
You plays yellow 1 successfully! Board is now green 1, yellow 1, white 1, blue 2, red 1
You now has green 5, yellow 2, blue 1, yellow 1, red 2
MOVE: 0 1 None 1 None 2
intentional hints You about all their 2 hints remaining: 7
You has green 5, yellow 2, blue 1, yellow 1, red 2
MOVE: 1 2 4 1 None None
You plays red 2 successfully! Board is now green 1, yellow 1, white 1, blue 2, red 2
You now has green 5, yellow 2, blue 1, yellow 1, blue 3
MOVE: 0 0 None 1 1 None
intentional hints You about all their yellow cards hints remaining: 6
You has green 5, yellow 2, blue 1, yellow 1, blue 3
MOVE: 1 2 4 1 None None
You plays blue 3 successfully! Board is now green 1, yellow 1, white 1, blue 3, red 2
You now has green 5, yellow 2, blue 1, yellow 1, green 3
MOVE: 0 1 None 1 None 1
intentional hints You about all their 1 hints remaining: 5
You has green 5, yellow 2, blue 1, yellow 1, green 3
MOVE: 1 2 4 1 None None
You plays green 3 and fails. Board was green 1, yellow 1, white 1, blue 3, red 2
You now has green 5, yellow 2, blue 1, yellow 1, white 4
MOVE: 0 0 None 1 3 None
intentional hints You about all their blue cards hints remaining: 4
You has green 5, yellow 2, blue 1, yellow 1, white 4
MOVE: 1 2 4 1 None None
You plays white 4 and fails. Board was green 1, yellow 1, white 1, blue 3, red 2
You now has green 5, yellow 2, blue 1, yellow 1, red 4
MOVE: 0 3 4 None None None
intentional discards yellow 3
trash is now white 3, red 2, blue 2, yellow 4, yellow 2, green 4, red 3, red 5, red 3, green 3, white 4, yellow 3
intentional now has blue 4, blue 5, white 4, yellow 3, red 1
MOVE: 1 2 4 1 None None
You plays red 4 and fails. Board was green 1, yellow 1, white 1, blue 3, red 2
You now has green 5, yellow 2, blue 1, yellow 1, yellow 1
Score 8
