Old GID: 72f983d830a00e1e
Treatment: ('full', 8032)
[(2, 5), (0, 3), (1, 4), (4, 1), (3, 3), (2, 4), (3, 5), (3, 3), (0, 5), (0, 2), (0, 4), (1, 1), (4, 1), (2, 2), (0, 2), (2, 1), (4, 2), (3, 4), (3, 1), (1, 2), (3, 1), (1, 1), (4, 5), (2, 2), (1, 3), (3, 2), (3, 2), (0, 1), (0, 1), (1, 2), (3, 4), (1, 3), (1, 4), (4, 3), (3, 1), (4, 3), (2, 4), (1, 5), (2, 3), (0, 4)]
MOVE: 0 1 None 1 None 1
full hints You about all their 1 hints remaining: 7
You has red 2, red 1, white 1, yellow 1, white 1
MOVE: 1 1 None 0 None 1
You hints full about all their 1 hints remaining: 6
full has green 1, red 4, white 3, green 3, red 4
MOVE: 0 2 0 None None None
full plays green 1 successfully! Board is now green 1, yellow 0, white 0, blue 0, red 0
full now has red 4, white 3, green 3, red 4, white 5
MOVE: 1 2 1 1 None None
You plays red 1 successfully! Board is now green 1, yellow 0, white 0, blue 0, red 1
You now has red 2, white 1, yellow 1, white 1, green 3
MOVE: 0 0 None 1 2 None
full hints You about all their white cards hints remaining: 5
You has red 2, white 1, yellow 1, white 1, green 3
MOVE: 1 1 None 0 None 3
You hints full about all their 3 hints remaining: 4
full has red 4, white 3, green 3, red 4, white 5
MOVE: 0 0 None 1 1 None
full hints You about all their yellow cards hints remaining: 3
You has red 2, white 1, yellow 1, white 1, green 3
MOVE: 1 2 2 1 None None
You plays yellow 1 successfully! Board is now green 1, yellow 1, white 0, blue 0, red 1
You now has red 2, white 1, white 1, green 3, yellow 4
MOVE: 0 0 None 1 4 None
full hints You about all their red cards hints remaining: 2
You has red 2, white 1, white 1, green 3, yellow 4
MOVE: 1 2 2 1 None None
You plays white 1 successfully! Board is now green 1, yellow 1, white 1, blue 0, red 1
You now has red 2, white 1, green 3, yellow 4, red 1
MOVE: 0 1 None 1 None 2
full hints You about all their 2 hints remaining: 1
You has red 2, white 1, green 3, yellow 4, red 1
MOVE: 1 2 0 1 None None
You plays red 2 successfully! Board is now green 1, yellow 1, white 1, blue 0, red 2
You now has white 1, green 3, yellow 4, red 1, blue 3
MOVE: 0 0 None 1 0 None
full hints You about all their green cards hints remaining: 0
You has white 1, green 3, yellow 4, red 1, blue 3
MOVE: 1 3 0 1 None None
You discards white 1
trash is now white 1
You now has green 3, yellow 4, red 1, blue 3, white 4
MOVE: 0 0 None 1 1 None
full hints You about all their yellow cards hints remaining: 0
You has green 3, yellow 4, red 1, blue 3, white 4
MOVE: 1 2 1 1 None None
You plays yellow 4 and fails. Board was green 1, yellow 1, white 1, blue 0, red 2
You now has green 3, red 1, blue 3, white 4, blue 5
MOVE: 0 3 1 None None None
full discards white 3
trash is now white 1, yellow 4, white 3
full now has red 4, green 3, red 4, white 5, blue 3
MOVE: 1 2 0 1 None None
You plays green 3 and fails. Board was green 1, yellow 1, white 1, blue 0, red 2
You now has red 1, blue 3, white 4, blue 5, green 5
MOVE: 0 3 3 None None None
full discards white 5
trash is now white 1, yellow 4, white 3, green 3, white 5
full now has red 4, green 3, red 4, blue 3, green 2
MOVE: 1 1 None 0 None 2
You hints full about all their 2 hints remaining: 1
full has red 4, green 3, red 4, blue 3, green 2
MOVE: 0 2 4 None None None
full plays green 2 successfully! Board is now green 2, yellow 1, white 1, blue 0, red 2
full now has red 4, green 3, red 4, blue 3, green 4
MOVE: 1 0 None 0 0 None
You hints full about all their green cards hints remaining: 0
full has red 4, green 3, red 4, blue 3, green 4
MOVE: 0 2 1 None None None
full plays green 3 successfully! Board is now green 3, yellow 1, white 1, blue 0, red 2
full now has red 4, red 4, blue 3, green 4, yellow 1
MOVE: 1 3 4 1 None None
You discards green 5
trash is now white 1, yellow 4, white 3, green 3, white 5, green 5
You now has red 1, blue 3, white 4, blue 5, red 1
MOVE: 0 3 3 None None None
full discards green 4
trash is now white 1, yellow 4, white 3, green 3, white 5, green 5, green 4
full now has red 4, red 4, blue 3, yellow 1, white 2
MOVE: 1 1 None 0 None 2
You hints full about all their 2 hints remaining: 1
full has red 4, red 4, blue 3, yellow 1, white 2
MOVE: 0 2 4 None None None
full plays white 2 successfully! Board is now green 3, yellow 1, white 2, blue 0, red 2
full now has red 4, red 4, blue 3, yellow 1, green 2
MOVE: 1 3 4 1 None None
You discards red 1
trash is now white 1, yellow 4, white 3, green 3, white 5, green 5, green 4, red 1
You now has red 1, blue 3, white 4, blue 5, white 1
MOVE: 0 3 4 None None None
full discards green 2
trash is now white 1, yellow 4, white 3, green 3, white 5, green 5, green 4, red 1, green 2
full now has red 4, red 4, blue 3, yellow 1, red 2
MOVE: 1 3 4 1 None None
You discards white 1
trash is now white 1, yellow 4, white 3, green 3, white 5, green 5, green 4, red 1, green 2, white 1
You now has red 1, blue 3, white 4, blue 5, blue 4
MOVE: 0 3 4 None None None
full discards red 2
trash is now white 1, yellow 4, white 3, green 3, white 5, green 5, green 4, red 1, green 2, white 1, red 2
full now has red 4, red 4, blue 3, yellow 1, blue 1
MOVE: 1 0 None 0 3 None
You hints full about all their blue cards hints remaining: 4
full has red 4, red 4, blue 3, yellow 1, blue 1
MOVE: 0 2 2 None None None
full plays blue 3 and fails. Board was green 3, yellow 1, white 2, blue 0, red 2
full now has red 4, red 4, yellow 1, blue 1, yellow 2
Score 8
