Old GID: b17d8740e426cfb0
Treatment: ('outer', 9209)
[(0, 3), (3, 4), (4, 1), (1, 2), (2, 2), (4, 2), (2, 1), (0, 4), (1, 1), (3, 2), (2, 4), (0, 1), (0, 1), (1, 4), (2, 3), (4, 5), (0, 2), (2, 2), (2, 4), (4, 4), (0, 1), (4, 2), (0, 5), (3, 1), (2, 1), (4, 4), (0, 3), (0, 4), (4, 3), (1, 1), (3, 1), (4, 3), (3, 2), (1, 5), (4, 1), (2, 3), (2, 5), (0, 2), (1, 1), (3, 3)]
MOVE: 0 0 None 1 2 None
outer hints You about all their white cards hints remaining: 7
You has blue 4, yellow 2, blue 5, blue 3, white 1
MOVE: 1 1 None 0 None 1
You hints outer about all their 1 hints remaining: 6
outer has yellow 4, blue 1, yellow 3, yellow 3, red 1
MOVE: 0 2 1 None None None
outer plays blue 1 successfully! Board is now green 0, yellow 0, white 0, blue 1, red 0
outer now has yellow 4, yellow 3, yellow 3, red 1, green 3
MOVE: 1 2 4 1 None None
You plays white 1 successfully! Board is now green 0, yellow 0, white 1, blue 1, red 0
You now has blue 4, yellow 2, blue 5, blue 3, blue 4
MOVE: 0 0 None 1 3 None
outer hints You about all their blue cards hints remaining: 5
You has blue 4, yellow 2, blue 5, blue 3, blue 4
MOVE: 1 2 4 1 None None
You plays blue 4 and fails. Board was green 0, yellow 0, white 1, blue 1, red 0
You now has blue 4, yellow 2, blue 5, blue 3, red 1
MOVE: 0 1 None 1 None 1
outer hints You about all their 1 hints remaining: 4
You has blue 4, yellow 2, blue 5, blue 3, red 1
MOVE: 1 2 4 1 None None
You plays red 1 successfully! Board is now green 0, yellow 0, white 1, blue 1, red 1
You now has blue 4, yellow 2, blue 5, blue 3, yellow 2
MOVE: 0 1 None 1 None 5
outer hints You about all their 5 hints remaining: 3
You has blue 4, yellow 2, blue 5, blue 3, yellow 2
MOVE: 1 2 3 1 None None
You plays blue 3 and fails. Board was green 0, yellow 0, white 1, blue 1, red 1
You now has blue 4, yellow 2, blue 5, yellow 2, white 2
MOVE: 0 0 None 1 2 None
outer hints You about all their white cards hints remaining: 2
You has blue 4, yellow 2, blue 5, yellow 2, white 2
MOVE: 1 2 0 1 None None
You plays blue 4 and fails. Board was green 0, yellow 0, white 1, blue 1, red 1
You now has yellow 2, blue 5, yellow 2, white 2, red 2
Score 3
