Old GID: 8821c7be54f3397c
Treatment: ('outer', 2234)
[(4, 2), (1, 3), (3, 1), (3, 1), (1, 1), (4, 1), (1, 1), (4, 1), (1, 5), (0, 3), (0, 3), (4, 1), (2, 1), (3, 2), (2, 4), (4, 3), (1, 3), (3, 3), (2, 2), (0, 1), (2, 1), (0, 1), (2, 3), (4, 4), (2, 5), (2, 3), (4, 5), (1, 4), (2, 1), (1, 2), (3, 4), (3, 1), (3, 3), (3, 2), (4, 3), (2, 4), (2, 2), (0, 2), (4, 2), (3, 5)]
MOVE: 0 1 None 1 None 1
outer hints You about all their 1 hints remaining: 7
You has green 2, green 4, yellow 1, yellow 4, green 4
MOVE: 1 2 2 1 None None
You plays yellow 1 successfully! Board is now green 0, yellow 1, white 0, blue 0, red 0
You now has green 2, green 4, yellow 4, green 4, red 2
MOVE: 0 0 None 1 4 None
outer hints You about all their red cards hints remaining: 6
You has green 2, green 4, yellow 4, green 4, red 2
MOVE: 1 2 4 1 None None
You plays red 2 and fails. Board was green 0, yellow 1, white 0, blue 0, red 0
You now has green 2, green 4, yellow 4, green 4, yellow 3
MOVE: 0 0 None 1 0 None
outer hints You about all their green cards hints remaining: 5
You has green 2, green 4, yellow 4, green 4, yellow 3
MOVE: 1 2 3 1 None None
You plays green 4 and fails. Board was green 0, yellow 1, white 0, blue 0, red 0
You now has green 2, green 4, yellow 4, yellow 3, blue 1
MOVE: 0 1 None 1 None 1
outer hints You about all their 1 hints remaining: 4
You has green 2, green 4, yellow 4, yellow 3, blue 1
MOVE: 1 2 4 1 None None
You plays blue 1 successfully! Board is now green 0, yellow 1, white 0, blue 1, red 0
You now has green 2, green 4, yellow 4, yellow 3, blue 1
MOVE: 0 0 None 1 1 None
outer hints You about all their yellow cards hints remaining: 3
You has green 2, green 4, yellow 4, yellow 3, blue 1
MOVE: 1 2 3 1 None None
You plays yellow 3 and fails. Board was green 0, yellow 1, white 0, blue 1, red 0
You now has green 2, green 4, yellow 4, blue 1, yellow 1
Score 2
