Old GID: 4e2e36267772947d
Treatment: ('outer', 3412)
[(3, 2), (1, 2), (4, 4), (1, 5), (0, 1), (0, 3), (0, 3), (4, 2), (4, 1), (4, 5), (0, 4), (2, 3), (3, 3), (1, 3), (3, 4), (0, 2), (1, 1), (4, 3), (3, 3), (4, 3), (1, 1), (1, 4), (2, 1), (0, 5), (4, 4), (3, 1), (2, 4), (2, 1), (2, 5), (4, 1), (0, 1), (3, 1), (1, 4), (3, 5), (3, 4), (4, 2), (1, 3), (3, 1), (0, 1), (2, 1)]
MOVE: 0 0 None 1 4 None
outer hints You about all their red cards hints remaining: 7
You has red 1, green 4, white 2, white 3, white 4
MOVE: 1 1 None 0 None 1
You hints outer about all their 1 hints remaining: 6
outer has yellow 2, green 2, white 2, blue 2, yellow 1
MOVE: 0 2 4 None None None
outer plays yellow 1 successfully! Board is now green 0, yellow 1, white 0, blue 0, red 0
outer now has yellow 2, green 2, white 2, blue 2, blue 2
MOVE: 1 2 0 1 None None
You plays red 1 successfully! Board is now green 0, yellow 1, white 0, blue 0, red 1
You now has green 4, white 2, white 3, white 4, yellow 2
MOVE: 0 1 None 1 None 2
outer hints You about all their 2 hints remaining: 5
You has green 4, white 2, white 3, white 4, yellow 2
MOVE: 1 2 1 1 None None
You plays white 2 and fails. Board was green 0, yellow 1, white 0, blue 0, red 1
You now has green 4, white 3, white 4, yellow 2, red 4
MOVE: 0 0 None 1 1 None
outer hints You about all their yellow cards hints remaining: 4
You has green 4, white 3, white 4, yellow 2, red 4
MOVE: 1 2 3 1 None None
You plays yellow 2 successfully! Board is now green 0, yellow 2, white 0, blue 0, red 1
You now has green 4, white 3, white 4, red 4, yellow 5
MOVE: 0 0 None 1 2 None
outer hints You about all their white cards hints remaining: 3
You has green 4, white 3, white 4, red 4, yellow 5
MOVE: 1 2 2 1 None None
You plays white 4 and fails. Board was green 0, yellow 2, white 0, blue 0, red 1
You now has green 4, white 3, red 4, yellow 5, green 1
MOVE: 0 1 None 1 None 1
outer hints You about all their 1 hints remaining: 2
You has green 4, white 3, red 4, yellow 5, green 1
MOVE: 1 2 1 1 None None
You plays white 3 and fails. Board was green 0, yellow 2, white 0, blue 0, red 1
You now has green 4, red 4, yellow 5, green 1, green 3
Score 3
