Old GID: 80ff7286f2ea02c2
Treatment: ('outer', 9785)
[(2, 4), (4, 2), (3, 1), (1, 1), (0, 1), (0, 5), (1, 3), (0, 1), (4, 1), (2, 2), (0, 2), (2, 5), (2, 3), (1, 5), (4, 2), (3, 3), (0, 3), (1, 4), (2, 3), (1, 1), (0, 2), (3, 4), (2, 2), (2, 1), (1, 2), (4, 4), (4, 1), (0, 1), (3, 1), (0, 4), (1, 2), (4, 3), (4, 5), (3, 2), (3, 1), (4, 3), (1, 1), (3, 2), (1, 4), (1, 3)]
MOVE: 0 0 None 1 2 None
outer hints You about all their white cards hints remaining: 7
You has blue 5, red 4, white 1, green 3, green 4
MOVE: 1 1 None 0 None 1
You hints outer about all their 1 hints remaining: 6
outer has blue 3, white 1, white 4, blue 4, red 1
MOVE: 0 2 1 None None None
outer plays white 1 successfully! Board is now green 0, yellow 0, white 1, blue 0, red 0
outer now has blue 3, white 4, blue 4, red 1, white 4
MOVE: 1 2 2 1 None None
You plays white 1 and fails. Board was green 0, yellow 0, white 1, blue 0, red 0
You now has blue 5, red 4, green 3, green 4, red 2
MOVE: 0 0 None 1 0 None
outer hints You about all their green cards hints remaining: 5
You has blue 5, red 4, green 3, green 4, red 2
MOVE: 1 2 3 1 None None
You plays green 4 and fails. Board was green 0, yellow 0, white 1, blue 0, red 0
You now has blue 5, red 4, green 3, red 2, blue 1
MOVE: 0 0 None 1 3 None
outer hints You about all their blue cards hints remaining: 4
You has blue 5, red 4, green 3, red 2, blue 1
MOVE: 1 2 4 1 None None
You plays blue 1 successfully! Board is now green 0, yellow 0, white 1, blue 1, red 0
You now has blue 5, red 4, green 3, red 2, yellow 1
MOVE: 0 0 None 1 1 None
outer hints You about all their yellow cards hints remaining: 3
You has blue 5, red 4, green 3, red 2, yellow 1
MOVE: 1 2 4 1 None None
You plays yellow 1 successfully! Board is now green 0, yellow 1, white 1, blue 1, red 0
You now has blue 5, red 4, green 3, red 2, green 1
MOVE: 0 1 None 1 None 1
outer hints You about all their 1 hints remaining: 2
You has blue 5, red 4, green 3, red 2, green 1
MOVE: 1 2 4 1 None None
You plays green 1 successfully! Board is now green 1, yellow 1, white 1, blue 1, red 0
You now has blue 5, red 4, green 3, red 2, green 5
MOVE: 0 1 None 1 None 5
outer hints You about all their 5 hints remaining: 1
You has blue 5, red 4, green 3, red 2, green 5
MOVE: 1 2 4 1 None None
You plays green 5 and fails. Board was green 1, yellow 1, white 1, blue 1, red 0
You now has blue 5, red 4, green 3, red 2, yellow 3
Score 4
