Old GID: 8afbe909a77314bd
Treatment: ('outer', 1825)
[(2, 1), (3, 2), (2, 3), (0, 3), (3, 4), (1, 4), (1, 1), (1, 1), (3, 1), (2, 2), (3, 4), (1, 4), (0, 1), (0, 2), (3, 1), (1, 3), (4, 3), (4, 3), (0, 4), (3, 2), (4, 4), (0, 5), (2, 4), (1, 3), (0, 2), (2, 5), (4, 2), (3, 1), (1, 2), (2, 1), (3, 3), (0, 3), (3, 3), (0, 1), (4, 1), (1, 5), (0, 1), (0, 4), (2, 4), (4, 2)]
MOVE: 0 1 None 1 None 1
outer hints You about all their 1 hints remaining: 7
You has white 3, red 5, red 1, red 1, blue 5
MOVE: 1 1 None 0 None 1
You hints outer about all their 1 hints remaining: 6
outer has red 4, white 2, white 1, yellow 2, yellow 1
MOVE: 0 2 2 None None None
outer plays white 1 successfully! Board is now green 0, yellow 0, white 1, blue 0, red 0
outer now has red 4, white 2, yellow 2, yellow 1, white 1
MOVE: 1 2 3 1 None None
You plays red 1 successfully! Board is now green 0, yellow 0, white 1, blue 0, red 1
You now has white 3, red 5, red 1, blue 5, blue 2
MOVE: 0 0 None 1 4 None
outer hints You about all their red cards hints remaining: 5
You has white 3, red 5, red 1, blue 5, blue 2
MOVE: 1 0 None 0 1 None
You hints outer about all their yellow cards hints remaining: 4
outer has red 4, white 2, yellow 2, yellow 1, white 1
MOVE: 0 2 3 None None None
outer plays yellow 1 successfully! Board is now green 0, yellow 1, white 1, blue 0, red 1
outer now has red 4, white 2, yellow 2, white 1, white 3
MOVE: 1 1 None 0 None 2
You hints outer about all their 2 hints remaining: 3
outer has red 4, white 2, yellow 2, white 1, white 3
MOVE: 0 2 2 None None None
outer plays yellow 2 successfully! Board is now green 0, yellow 2, white 1, blue 0, red 1
outer now has red 4, white 2, white 1, white 3, green 3
MOVE: 1 0 None 0 2 None
You hints outer about all their white cards hints remaining: 2
outer has red 4, white 2, white 1, white 3, green 3
MOVE: 0 2 1 None None None
outer plays white 2 successfully! Board is now green 0, yellow 2, white 2, blue 0, red 1
outer now has red 4, white 1, white 3, green 3, blue 4
MOVE: 1 1 None 0 None 3
You hints outer about all their 3 hints remaining: 1
outer has red 4, white 1, white 3, green 3, blue 4
MOVE: 0 2 2 None None None
outer plays white 3 successfully! Board is now green 0, yellow 2, white 3, blue 0, red 1
outer now has red 4, white 1, green 3, blue 4, yellow 4
MOVE: 1 3 2 1 None None
You discards red 1
trash is now red 1
You now has white 3, red 5, blue 5, blue 2, yellow 1
MOVE: 0 1 None 1 None 5
outer hints You about all their 5 hints remaining: 1
You has white 3, red 5, blue 5, blue 2, yellow 1
MOVE: 1 3 0 1 None None
You discards white 3
trash is now red 1, white 3
You now has red 5, blue 5, blue 2, yellow 1, yellow 1
MOVE: 0 0 None 1 3 None
outer hints You about all their blue cards hints remaining: 1
You has red 5, blue 5, blue 2, yellow 1, yellow 1
MOVE: 1 2 2 1 None None
You plays blue 2 and fails. Board was green 0, yellow 2, white 3, blue 0, red 1
You now has red 5, blue 5, yellow 1, yellow 1, blue 1
MOVE: 0 1 None 1 None 1
outer hints You about all their 1 hints remaining: 0
You has red 5, blue 5, yellow 1, yellow 1, blue 1
MOVE: 1 2 4 1 None None
You plays blue 1 successfully! Board is now green 0, yellow 2, white 3, blue 1, red 1
You now has red 5, blue 5, yellow 1, yellow 1, white 2
MOVE: 0 3 2 None None None
outer discards green 3
trash is now red 1, white 3, blue 2, green 3
outer now has red 4, white 1, blue 4, yellow 4, blue 4
MOVE: 1 2 3 1 None None
You plays yellow 1 and fails. Board was green 0, yellow 2, white 3, blue 1, red 1
You now has red 5, blue 5, yellow 1, white 2, yellow 4
MOVE: 0 3 2 None None None
outer discards blue 4
trash is now red 1, white 3, blue 2, green 3, yellow 1, blue 4
outer now has red 4, white 1, yellow 4, blue 4, green 1
MOVE: 1 0 None 0 0 None
You hints outer about all their green cards hints remaining: 1
outer has red 4, white 1, yellow 4, blue 4, green 1
MOVE: 0 1 None 1 None 1
outer hints You about all their 1 hints remaining: 0
You has red 5, blue 5, yellow 1, white 2, yellow 4
MOVE: 1 3 2 1 None None
You discards yellow 1
trash is now red 1, white 3, blue 2, green 3, yellow 1, blue 4, yellow 1
You now has red 5, blue 5, white 2, yellow 4, green 2
MOVE: 0 0 None 1 0 None
outer hints You about all their green cards hints remaining: 0
You has red 5, blue 5, white 2, yellow 4, green 2
MOVE: 1 2 4 1 None None
You plays green 2 and fails. Board was green 0, yellow 2, white 3, blue 1, red 1
You now has red 5, blue 5, white 2, yellow 4, blue 1
Score 7
