Old GID: 39a75ab8b33b74b0
Treatment: ('intentional', 642)
[(1, 4), (2, 3), (3, 5), (0, 3), (3, 1), (1, 2), (2, 4), (4, 5), (2, 4), (4, 4), (2, 2), (0, 1), (1, 1), (4, 2), (0, 1), (1, 1), (4, 3), (2, 2), (0, 2), (4, 1), (0, 1), (4, 1), (0, 3), (3, 1), (3, 1), (3, 4), (1, 5), (1, 3), (4, 2), (1, 3), (1, 2), (2, 1), (1, 4), (0, 2), (3, 2), (2, 1), (4, 1), (2, 1), (1, 1), (3, 2)]
MOVE: 0 3 0 None None None
intentional discards blue 3
trash is now blue 3
intentional now has blue 3, red 3, white 3, white 5, yellow 4
MOVE: 1 3 0 1 None None
You discards blue 4
trash is now blue 3, blue 4
You now has green 5, green 4, green 4, red 4, white 3
MOVE: 0 3 0 None None None
intentional discards blue 3
trash is now blue 3, blue 4, blue 3
intentional now has red 3, white 3, white 5, yellow 4, blue 5
MOVE: 1 3 0 1 None None
You discards green 5
trash is now blue 3, blue 4, blue 3, green 5
You now has green 4, green 4, red 4, white 3, green 3
MOVE: 0 3 0 None None None
intentional discards red 3
trash is now blue 3, blue 4, blue 3, green 5, red 3
intentional now has white 3, white 5, yellow 4, blue 5, blue 1
MOVE: 1 2 4 1 None None
You plays green 3 and fails. Board was green 0, yellow 0, white 0, blue 0, red 0
You now has green 4, green 4, red 4, white 3, yellow 2
MOVE: 0 3 0 None None None
intentional discards white 3
trash is now blue 3, blue 4, blue 3, green 5, red 3, green 3, white 3
intentional now has white 5, yellow 4, blue 5, blue 1, white 4
MOVE: 1 2 4 1 None None
You plays yellow 2 and fails. Board was green 0, yellow 0, white 0, blue 0, red 0
You now has green 4, green 4, red 4, white 3, red 5
MOVE: 0 3 0 None None None
intentional discards white 5
trash is now blue 3, blue 4, blue 3, green 5, red 3, green 3, white 3, yellow 2, white 5
intentional now has yellow 4, blue 5, blue 1, white 4, white 4
MOVE: 1 2 4 1 None None
You plays red 5 and fails. Board was green 0, yellow 0, white 0, blue 0, red 0
You now has green 4, green 4, red 4, white 3, red 4
Score 0
