Old GID: 1fb01de8960c51a0
Treatment: ('full', 3719)
[(0, 1), (0, 1), (0, 4), (2, 1), (3, 1), (2, 1), (1, 4), (4, 5), (4, 1), (2, 3), (2, 5), (2, 2), (0, 3), (4, 2), (0, 5), (1, 1), (4, 3), (4, 2), (3, 4), (0, 2), (3, 1), (0, 3), (3, 2), (2, 2), (4, 4), (3, 3), (1, 2), (1, 2), (0, 2), (2, 3), (3, 2), (4, 4), (4, 1), (3, 5), (2, 4), (3, 3), (2, 1), (1, 5), (4, 1), (0, 1)]
MOVE: 0 1 None 1 None 1
full hints You about all their 1 hints remaining: 7
You has red 3, yellow 1, yellow 1, blue 4, yellow 3
MOVE: 1 2 1 1 None None
You plays yellow 1 successfully! Board is now green 0, yellow 1, white 0, blue 0, red 0
You now has red 3, yellow 1, blue 4, yellow 3, green 1
MOVE: 0 0 None 1 0 None
full hints You about all their green cards hints remaining: 6
You has red 3, yellow 1, blue 4, yellow 3, green 1
MOVE: 1 1 None 0 None 1
You hints full about all their 1 hints remaining: 5
full has white 4, green 4, yellow 4, blue 1, yellow 3
MOVE: 0 2 3 None None None
full plays blue 1 successfully! Board is now green 0, yellow 1, white 0, blue 1, red 0
full now has white 4, green 4, yellow 4, yellow 3, green 1
MOVE: 1 1 None 0 None 1
You hints full about all their 1 hints remaining: 4
full has white 4, green 4, yellow 4, yellow 3, green 1
MOVE: 0 2 4 None None None
full plays green 1 successfully! Board is now green 1, yellow 1, white 0, blue 1, red 0
full now has white 4, green 4, yellow 4, yellow 3, green 4
MOVE: 1 2 4 1 None None
You plays green 1 and fails. Board was green 1, yellow 1, white 0, blue 1, red 0
You now has red 3, yellow 1, blue 4, yellow 3, white 1
MOVE: 0 0 None 1 2 None
full hints You about all their white cards hints remaining: 3
You has red 3, yellow 1, blue 4, yellow 3, white 1
MOVE: 1 2 1 1 None None
You plays yellow 1 and fails. Board was green 1, yellow 1, white 0, blue 1, red 0
You now has red 3, blue 4, yellow 3, white 1, blue 1
MOVE: 0 3 4 None None None
full discards green 4
trash is now green 1, yellow 1, green 4
full now has white 4, green 4, yellow 4, yellow 3, white 1
MOVE: 1 2 3 1 None None
You plays white 1 successfully! Board is now green 1, yellow 1, white 1, blue 1, red 0
You now has red 3, blue 4, yellow 3, blue 1, yellow 4
MOVE: 0 3 4 None None None
full discards white 1
trash is now green 1, yellow 1, green 4, white 1
full now has white 4, green 4, yellow 4, yellow 3, red 5
MOVE: 1 3 0 1 None None
You discards red 3
trash is now green 1, yellow 1, green 4, white 1, red 3
You now has blue 4, yellow 3, blue 1, yellow 4, red 1
MOVE: 0 0 None 1 4 None
full hints You about all their red cards hints remaining: 5
You has blue 4, yellow 3, blue 1, yellow 4, red 1
MOVE: 1 2 4 1 None None
You plays red 1 successfully! Board is now green 1, yellow 1, white 1, blue 1, red 1
You now has blue 4, yellow 3, blue 1, yellow 4, white 3
MOVE: 0 1 None 1 None 1
full hints You about all their 1 hints remaining: 4
You has blue 4, yellow 3, blue 1, yellow 4, white 3
MOVE: 1 3 2 1 None None
You discards blue 1
trash is now green 1, yellow 1, green 4, white 1, red 3, blue 1
You now has blue 4, yellow 3, yellow 4, white 3, white 5
MOVE: 0 3 4 None None None
full discards red 5
trash is now green 1, yellow 1, green 4, white 1, red 3, blue 1, red 5
full now has white 4, green 4, yellow 4, yellow 3, white 2
MOVE: 1 1 None 0 None 2
You hints full about all their 2 hints remaining: 5
full has white 4, green 4, yellow 4, yellow 3, white 2
MOVE: 0 2 4 None None None
full plays white 2 successfully! Board is now green 1, yellow 1, white 2, blue 1, red 1
full now has white 4, green 4, yellow 4, yellow 3, green 3
MOVE: 1 1 None 0 None 4
You hints full about all their 4 hints remaining: 4
full has white 4, green 4, yellow 4, yellow 3, green 3
MOVE: 0 1 None 1 None 3
full hints You about all their 3 hints remaining: 3
You has blue 4, yellow 3, yellow 4, white 3, white 5
MOVE: 1 1 None 0 None 3
You hints full about all their 3 hints remaining: 2
full has white 4, green 4, yellow 4, yellow 3, green 3
MOVE: 0 2 3 None None None
full plays yellow 3 and fails. Board was green 1, yellow 1, white 2, blue 1, red 1
full now has white 4, green 4, yellow 4, green 3, red 2
Score 6
