Old GID: e18d59224165954c
Treatment: ('full', 8333)
[(3, 5), (1, 2), (4, 1), (1, 2), (3, 4), (4, 3), (3, 4), (1, 3), (1, 3), (4, 2), (0, 3), (2, 1), (3, 2), (0, 3), (2, 2), (2, 5), (0, 1), (1, 1), (2, 1), (3, 3), (3, 1), (1, 1), (1, 4), (0, 4), (0, 5), (2, 3), (2, 2), (0, 2), (4, 1), (0, 2), (1, 5), (4, 4), (4, 3), (3, 3), (2, 1), (2, 4), (0, 4), (3, 1), (4, 1), (0, 1)]
MOVE: 0 1 None 1 None 1
full hints You about all their 1 hints remaining: 7
You has yellow 1, yellow 4, white 4, red 4, red 2
MOVE: 1 2 0 1 None None
You plays yellow 1 successfully! Board is now green 0, yellow 1, white 0, blue 0, red 0
You now has yellow 4, white 4, red 4, red 2, blue 5
MOVE: 0 3 0 None None None
full discards blue 1
trash is now blue 1
full now has green 1, white 3, red 5, blue 2, yellow 2
MOVE: 1 1 None 0 None 1
You hints full about all their 1 hints remaining: 7
full has green 1, white 3, red 5, blue 2, yellow 2
MOVE: 0 2 0 None None None
full plays green 1 successfully! Board is now green 1, yellow 1, white 0, blue 0, red 0
full now has white 3, red 5, blue 2, yellow 2, red 1
MOVE: 1 1 None 0 None 1
You hints full about all their 1 hints remaining: 6
full has white 3, red 5, blue 2, yellow 2, red 1
MOVE: 0 2 4 None None None
full plays red 1 successfully! Board is now green 1, yellow 1, white 0, blue 0, red 1
full now has white 3, red 5, blue 2, yellow 2, yellow 2
MOVE: 1 0 None 0 1 None
You hints full about all their yellow cards hints remaining: 5
full has white 3, red 5, blue 2, yellow 2, yellow 2
MOVE: 0 2 3 None None None
full plays yellow 2 successfully! Board is now green 1, yellow 2, white 0, blue 0, red 1
full now has white 3, red 5, blue 2, yellow 2, blue 4
MOVE: 1 1 None 0 None 2
You hints full about all their 2 hints remaining: 4
full has white 3, red 5, blue 2, yellow 2, blue 4
MOVE: 0 2 2 None None None
full plays blue 2 and fails. Board was green 1, yellow 2, white 0, blue 0, red 1
full now has white 3, red 5, yellow 2, blue 4, red 3
MOVE: 1 3 4 1 None None
You discards blue 5
trash is now blue 1, blue 2, blue 5
You now has yellow 4, white 4, red 4, red 2, blue 4
MOVE: 0 3 2 None None None
full discards yellow 2
trash is now blue 1, blue 2, blue 5, yellow 2
full now has white 3, red 5, blue 4, red 3, yellow 3
MOVE: 1 0 None 0 1 None
You hints full about all their yellow cards hints remaining: 5
full has white 3, red 5, blue 4, red 3, yellow 3
MOVE: 0 2 4 None None None
full plays yellow 3 successfully! Board is now green 1, yellow 3, white 0, blue 0, red 1
full now has white 3, red 5, blue 4, red 3, yellow 3
MOVE: 1 1 None 0 None 3
You hints full about all their 3 hints remaining: 4
full has white 3, red 5, blue 4, red 3, yellow 3
MOVE: 0 3 4 None None None
full discards yellow 3
trash is now blue 1, blue 2, blue 5, yellow 2, yellow 3
full now has white 3, red 5, blue 4, red 3, red 2
MOVE: 1 0 None 0 4 None
You hints full about all their red cards hints remaining: 4
full has white 3, red 5, blue 4, red 3, red 2
MOVE: 0 2 4 None None None
full plays red 2 successfully! Board is now green 1, yellow 3, white 0, blue 0, red 2
full now has white 3, red 5, blue 4, red 3, green 3
MOVE: 1 1 None 0 None 5
You hints full about all their 5 hints remaining: 3
full has white 3, red 5, blue 4, red 3, green 3
MOVE: 0 2 3 None None None
full plays red 3 successfully! Board is now green 1, yellow 3, white 0, blue 0, red 3
full now has white 3, red 5, blue 4, green 3, white 1
MOVE: 1 1 None 0 None 1
You hints full about all their 1 hints remaining: 2
full has white 3, red 5, blue 4, green 3, white 1
MOVE: 0 2 4 None None None
full plays white 1 successfully! Board is now green 1, yellow 3, white 1, blue 0, red 3
full now has white 3, red 5, blue 4, green 3, blue 2
MOVE: 1 3 2 1 None None
You discards red 4
trash is now blue 1, blue 2, blue 5, yellow 2, yellow 3, red 4
You now has yellow 4, white 4, red 2, blue 4, green 3
MOVE: 0 0 None 1 1 None
full hints You about all their yellow cards hints remaining: 2
You has yellow 4, white 4, red 2, blue 4, green 3
MOVE: 1 2 0 1 None None
You plays yellow 4 successfully! Board is now green 1, yellow 4, white 1, blue 0, red 3
You now has white 4, red 2, blue 4, green 3, white 2
MOVE: 0 1 None 1 None 3
full hints You about all their 3 hints remaining: 1
You has white 4, red 2, blue 4, green 3, white 2
MOVE: 1 2 3 1 None None
You plays green 3 and fails. Board was green 1, yellow 4, white 1, blue 0, red 3
You now has white 4, red 2, blue 4, white 2, white 5
MOVE: 0 3 2 None None None
full discards blue 4
trash is now blue 1, blue 2, blue 5, yellow 2, yellow 3, red 4, green 3, blue 4
full now has white 3, red 5, green 3, blue 2, green 1
MOVE: 1 3 1 1 None None
You discards red 2
trash is now blue 1, blue 2, blue 5, yellow 2, yellow 3, red 4, green 3, blue 4, red 2
You now has white 4, blue 4, white 2, white 5, yellow 1
MOVE: 0 1 None 1 None 2
full hints You about all their 2 hints remaining: 2
You has white 4, blue 4, white 2, white 5, yellow 1
MOVE: 1 2 2 1 None None
You plays white 2 successfully! Board is now green 1, yellow 4, white 2, blue 0, red 3
You now has white 4, blue 4, white 5, yellow 1, white 1
MOVE: 0 3 3 None None None
full discards blue 2
trash is now blue 1, blue 2, blue 5, yellow 2, yellow 3, red 4, green 3, blue 4, red 2, blue 2
full now has white 3, red 5, green 3, green 1, blue 3
MOVE: 1 0 None 0 2 None
You hints full about all their white cards hints remaining: 2
full has white 3, red 5, green 3, green 1, blue 3
MOVE: 0 2 0 None None None
full plays white 3 successfully! Board is now green 1, yellow 4, white 3, blue 0, red 3
full now has red 5, green 3, green 1, blue 3, blue 1
MOVE: 1 1 None 0 None 1
You hints full about all their 1 hints remaining: 1
full has red 5, green 3, green 1, blue 3, blue 1
MOVE: 0 2 2 None None None
full plays green 1 and fails. Board was green 1, yellow 4, white 3, blue 0, red 3
full now has red 5, green 3, blue 3, blue 1, yellow 1
Score 11
