Old GID: e4aeed845f4d8275
Treatment: ('intentional', 1979)
[(2, 4), (2, 2), (3, 1), (2, 3), (3, 3), (2, 4), (0, 1), (1, 4), (4, 4), (1, 2), (4, 4), (1, 3), (2, 3), (0, 3), (4, 2), (4, 1), (3, 2), (3, 4), (2, 2), (3, 4), (4, 2), (4, 1), (0, 4), (3, 1), (3, 5), (2, 1), (2, 5), (1, 1), (2, 1), (0, 4), (1, 1), (0, 5), (0, 1), (2, 1), (3, 2), (1, 3), (4, 5), (0, 1), (4, 3), (0, 2)]
MOVE: 0 1 None 1 None 1
intentional hints You about all their 1 hints remaining: 7
You has blue 1, green 2, yellow 1, green 3, yellow 2
MOVE: 1 2 2 1 None None
You plays yellow 1 successfully! Board is now green 0, yellow 1, white 0, blue 0, red 0
You now has blue 1, green 2, green 3, yellow 2, white 4
MOVE: 0 0 None 1 1 None
intentional hints You about all their yellow cards hints remaining: 6
You has blue 1, green 2, green 3, yellow 2, white 4
MOVE: 1 2 3 1 None None
You plays yellow 2 successfully! Board is now green 0, yellow 2, white 0, blue 0, red 0
You now has blue 1, green 2, green 3, white 4, white 2
MOVE: 0 0 None 1 3 None
intentional hints You about all their blue cards hints remaining: 5
You has blue 1, green 2, green 3, white 4, white 2
MOVE: 1 2 0 1 None None
You plays blue 1 successfully! Board is now green 0, yellow 2, white 0, blue 1, red 0
You now has green 2, green 3, white 4, white 2, blue 1
MOVE: 0 1 None 1 None 2
intentional hints You about all their 2 hints remaining: 4
You has green 2, green 3, white 4, white 2, blue 1
MOVE: 1 1 None 0 None 1
You hints intentional about all their 1 hints remaining: 3
intentional has yellow 4, blue 3, red 3, yellow 5, red 1
MOVE: 0 0 None 1 3 None
intentional hints You about all their blue cards hints remaining: 2
You has green 2, green 3, white 4, white 2, blue 1
MOVE: 1 0 None 0 4 None
You hints intentional about all their red cards hints remaining: 1
intentional has yellow 4, blue 3, red 3, yellow 5, red 1
MOVE: 0 2 4 None None None
intentional plays red 1 successfully! Board is now green 0, yellow 2, white 0, blue 1, red 1
intentional now has yellow 4, blue 3, red 3, yellow 5, white 3
MOVE: 1 1 None 0 None 3
You hints intentional about all their 3 hints remaining: 0
intentional has yellow 4, blue 3, red 3, yellow 5, white 3
MOVE: 0 3 4 None None None
intentional discards white 3
trash is now white 3
intentional now has yellow 4, blue 3, red 3, yellow 5, blue 3
MOVE: 1 2 4 1 None None
You plays blue 1 and fails. Board was green 0, yellow 2, white 0, blue 1, red 1
You now has green 2, green 3, white 4, white 2, white 4
MOVE: 0 3 4 None None None
intentional discards blue 3
trash is now white 3, blue 1, blue 3
intentional now has yellow 4, blue 3, red 3, yellow 5, green 1
MOVE: 1 0 None 0 0 None
You hints intentional about all their green cards hints remaining: 1
intentional has yellow 4, blue 3, red 3, yellow 5, green 1
MOVE: 0 3 0 None None None
intentional discards yellow 4
trash is now white 3, blue 1, blue 3, yellow 4
intentional now has blue 3, red 3, yellow 5, green 1, yellow 4
MOVE: 1 2 3 1 None None
You plays white 2 and fails. Board was green 0, yellow 2, white 0, blue 1, red 1
You now has green 2, green 3, white 4, white 4, red 4
MOVE: 0 3 4 None None None
intentional discards yellow 4
trash is now white 3, blue 1, blue 3, yellow 4, white 2, yellow 4
intentional now has blue 3, red 3, yellow 5, green 1, yellow 2
MOVE: 1 2 0 1 None None
You plays green 2 and fails. Board was green 0, yellow 2, white 0, blue 1, red 1
You now has green 3, white 4, white 4, red 4, red 4
Score 4
