Old GID: 7a3c3ba8bfb2fb97
Treatment: ('outer', 7665)
[(0, 3), (0, 1), (0, 5), (1, 3), (4, 4), (2, 4), (2, 5), (3, 2), (4, 3), (1, 2), (1, 1), (4, 5), (4, 2), (3, 3), (2, 4), (3, 1), (3, 2), (3, 4), (0, 4), (1, 2), (4, 1), (0, 2), (4, 1), (2, 1), (2, 2), (1, 4), (3, 1), (2, 3), (3, 1), (4, 1), (3, 4), (3, 5), (1, 4), (0, 1), (2, 1), (1, 3), (0, 2), (0, 3), (2, 2), (2, 3)]
MOVE: 0 0 None 1 1 None
outer hints You about all their yellow cards hints remaining: 7
You has yellow 5, red 2, yellow 1, red 4, red 3
MOVE: 1 1 None 0 None 1
You hints outer about all their 1 hints remaining: 6
outer has green 4, green 1, yellow 1, white 1, blue 3
MOVE: 0 2 1 None None None
outer plays green 1 successfully! Board is now green 1, yellow 0, white 0, blue 0, red 0
outer now has green 4, yellow 1, white 1, blue 3, green 3
MOVE: 1 0 None 0 1 None
You hints outer about all their yellow cards hints remaining: 5
outer has green 4, yellow 1, white 1, blue 3, green 3
MOVE: 0 2 1 None None None
outer plays yellow 1 successfully! Board is now green 1, yellow 1, white 0, blue 0, red 0
outer now has green 4, white 1, blue 3, green 3, green 1
MOVE: 1 0 None 0 2 None
You hints outer about all their white cards hints remaining: 4
outer has green 4, white 1, blue 3, green 3, green 1
MOVE: 0 2 1 None None None
outer plays white 1 successfully! Board is now green 1, yellow 1, white 1, blue 0, red 0
outer now has green 4, blue 3, green 3, green 1, green 5
MOVE: 1 1 None 0 None 1
You hints outer about all their 1 hints remaining: 3
outer has green 4, blue 3, green 3, green 1, green 5
MOVE: 0 0 None 1 4 None
outer hints You about all their red cards hints remaining: 2
You has yellow 5, red 2, yellow 1, red 4, red 3
MOVE: 1 0 None 0 0 None
You hints outer about all their green cards hints remaining: 1
outer has green 4, blue 3, green 3, green 1, green 5
MOVE: 0 3 3 None None None
outer discards green 1
trash is now green 1
outer now has green 4, blue 3, green 3, green 5, yellow 3
MOVE: 1 3 0 1 None None
You discards yellow 5
trash is now green 1, yellow 5
You now has red 2, yellow 1, red 4, red 3, red 4
MOVE: 0 1 None 1 None 3
outer hints You about all their 3 hints remaining: 2
You has red 2, yellow 1, red 4, red 3, red 4
MOVE: 1 3 4 1 None None
You discards red 4
trash is now green 1, yellow 5, red 4
You now has red 2, yellow 1, red 4, red 3, white 4
MOVE: 0 1 None 1 None 1
outer hints You about all their 1 hints remaining: 2
You has red 2, yellow 1, red 4, red 3, white 4
MOVE: 1 3 1 1 None None
You discards yellow 1
trash is now green 1, yellow 5, red 4, yellow 1
You now has red 2, red 4, red 3, white 4, white 5
MOVE: 0 3 0 None None None
outer discards green 4
trash is now green 1, yellow 5, red 4, yellow 1, green 4
outer now has blue 3, green 3, green 5, yellow 3, blue 2
MOVE: 1 2 4 1 None None
You plays white 5 and fails. Board was green 1, yellow 1, white 1, blue 0, red 0
You now has red 2, red 4, red 3, white 4, red 3
MOVE: 0 1 None 1 None 2
outer hints You about all their 2 hints remaining: 3
You has red 2, red 4, red 3, white 4, red 3
MOVE: 1 2 4 1 None None
You plays red 3 and fails. Board was green 1, yellow 1, white 1, blue 0, red 0
You now has red 2, red 4, red 3, white 4, yellow 2
MOVE: 0 0 None 1 1 None
outer hints You about all their yellow cards hints remaining: 2
You has red 2, red 4, red 3, white 4, yellow 2
MOVE: 1 2 4 1 None None
You plays yellow 2 successfully! Board is now green 1, yellow 2, white 1, blue 0, red 0
You now has red 2, red 4, red 3, white 4, yellow 1
MOVE: 0 0 None 1 4 None
outer hints You about all their red cards hints remaining: 1
You has red 2, red 4, red 3, white 4, yellow 1
MOVE: 1 2 4 1 None None
You plays yellow 1 and fails. Board was green 1, yellow 2, white 1, blue 0, red 0
You now has red 2, red 4, red 3, white 4, red 5
Score 4
