Old GID: 3ffd307b9326062c
Treatment: ('outer', 163)
[(3, 1), (2, 3), (3, 2), (1, 1), (3, 1), (4, 2), (3, 1), (2, 2), (0, 1), (4, 3), (3, 4), (2, 1), (4, 1), (1, 1), (4, 4), (0, 1), (0, 2), (1, 4), (4, 1), (0, 2), (0, 4), (1, 5), (1, 4), (3, 4), (4, 5), (2, 3), (3, 3), (4, 3), (3, 5), (0, 1), (0, 4), (0, 3), (4, 2), (1, 3), (1, 1), (4, 1), (2, 2), (2, 4), (2, 1), (2, 4)]
MOVE: 0 1 None 1 None 2
outer hints You about all their 2 hints remaining: 7
You has green 5, red 4, green 3, yellow 3, blue 2
MOVE: 1 1 None 0 None 2
You hints outer about all their 2 hints remaining: 6
outer has yellow 2, yellow 2, white 5, white 1, blue 3
MOVE: 0 0 None 1 4 None
outer hints You about all their red cards hints remaining: 5
You has green 5, red 4, green 3, yellow 3, blue 2
MOVE: 1 0 None 0 1 None
You hints outer about all their yellow cards hints remaining: 4
outer has yellow 2, yellow 2, white 5, white 1, blue 3
MOVE: 0 1 None 1 None 3
outer hints You about all their 3 hints remaining: 3
You has green 5, red 4, green 3, yellow 3, blue 2
MOVE: 1 1 None 0 None 5
You hints outer about all their 5 hints remaining: 2
outer has yellow 2, yellow 2, white 5, white 1, blue 3
MOVE: 0 1 None 1 None 3
outer hints You about all their 3 hints remaining: 1
You has green 5, red 4, green 3, yellow 3, blue 2
MOVE: 1 3 2 1 None None
You discards green 3
trash is now green 3
You now has green 5, red 4, yellow 3, blue 2, blue 1
MOVE: 0 0 None 1 3 None
outer hints You about all their blue cards hints remaining: 1
You has green 5, red 4, yellow 3, blue 2, blue 1
MOVE: 1 1 None 0 None 1
You hints outer about all their 1 hints remaining: 0
outer has yellow 2, yellow 2, white 5, white 1, blue 3
MOVE: 0 2 3 None None None
outer plays white 1 successfully! Board is now green 0, yellow 0, white 1, blue 0, red 0
outer now has yellow 2, yellow 2, white 5, blue 3, white 3
MOVE: 1 2 4 1 None None
You plays blue 1 successfully! Board is now green 0, yellow 0, white 1, blue 1, red 0
You now has green 5, red 4, yellow 3, blue 2, blue 2
MOVE: 0 3 3 None None None
outer discards blue 3
trash is now green 3, blue 3
outer now has yellow 2, yellow 2, white 5, white 3, yellow 1
MOVE: 1 2 3 1 None None
You plays blue 2 successfully! Board is now green 0, yellow 0, white 1, blue 2, red 0
You now has green 5, red 4, yellow 3, blue 2, blue 1
MOVE: 0 1 None 1 None 4
outer hints You about all their 4 hints remaining: 0
You has green 5, red 4, yellow 3, blue 2, blue 1
MOVE: 1 3 1 1 None None
You discards red 4
trash is now green 3, blue 3, red 4
You now has green 5, yellow 3, blue 2, blue 1, red 2
MOVE: 0 0 None 1 3 None
outer hints You about all their blue cards hints remaining: 0
You has green 5, yellow 3, blue 2, blue 1, red 2
MOVE: 1 2 3 1 None None
You plays blue 1 and fails. Board was green 0, yellow 0, white 1, blue 2, red 0
You now has green 5, yellow 3, blue 2, red 2, blue 1
MOVE: 0 3 2 None None None
outer discards white 5
trash is now green 3, blue 3, red 4, blue 1, white 5
outer now has yellow 2, yellow 2, white 3, yellow 1, white 2
MOVE: 1 2 2 1 None None
You plays blue 2 and fails. Board was green 0, yellow 0, white 1, blue 2, red 0
You now has green 5, yellow 3, red 2, blue 1, green 1
MOVE: 0 1 None 1 None 1
outer hints You about all their 1 hints remaining: 0
You has green 5, yellow 3, red 2, blue 1, green 1
MOVE: 1 3 3 1 None None
You discards blue 1
trash is now green 3, blue 3, red 4, blue 1, white 5, blue 2, blue 1
You now has green 5, yellow 3, red 2, green 1, red 3
MOVE: 0 0 None 1 0 None
outer hints You about all their green cards hints remaining: 0
You has green 5, yellow 3, red 2, green 1, red 3
MOVE: 1 2 3 1 None None
You plays green 1 successfully! Board is now green 1, yellow 0, white 1, blue 2, red 0
You now has green 5, yellow 3, red 2, red 3, blue 4
MOVE: 0 3 0 None None None
outer discards yellow 2
trash is now green 3, blue 3, red 4, blue 1, white 5, blue 2, blue 1, yellow 2
outer now has yellow 2, white 3, yellow 1, white 2, white 1
MOVE: 1 2 0 1 None None
You plays green 5 and fails. Board was green 1, yellow 0, white 1, blue 2, red 0
You now has yellow 3, red 2, red 3, blue 4, red 1
Score 4
