Old GID: 77e8a9eff09f12f5
Treatment: ('intentional', 7062)
[(0, 1), (0, 3), (1, 2), (0, 4), (0, 1), (2, 1), (3, 2), (1, 4), (3, 1), (2, 1), (4, 1), (1, 1), (2, 2), (4, 3), (2, 2), (2, 5), (1, 1), (1, 3), (1, 2), (4, 4), (3, 2), (2, 3), (3, 4), (3, 5), (3, 3), (0, 4), (0, 2), (4, 5), (4, 1), (4, 2), (2, 1), (1, 1), (2, 4), (1, 3), (4, 1), (3, 3), (0, 2), (3, 4), (0, 1), (4, 4)]
MOVE: 0 3 0 None None None
intentional discards white 3
trash is now white 3
intentional now has red 2, yellow 4, blue 1, blue 1, green 1
MOVE: 1 1 None 0 None 1
You hints intentional about all their 1 hints remaining: 7
intentional has red 2, yellow 4, blue 1, blue 1, green 1
MOVE: 0 2 4 None None None
intentional plays green 1 successfully! Board is now green 1, yellow 0, white 0, blue 0, red 0
intentional now has red 2, yellow 4, blue 1, blue 1, green 3
MOVE: 1 0 None 0 3 None
You hints intentional about all their blue cards hints remaining: 6
intentional has red 2, yellow 4, blue 1, blue 1, green 3
MOVE: 0 2 3 None None None
intentional plays blue 1 successfully! Board is now green 1, yellow 0, white 0, blue 1, red 0
intentional now has red 2, yellow 4, blue 1, green 3, yellow 2
MOVE: 1 3 0 1 None None
You discards green 5
trash is now white 3, green 5
You now has green 3, white 4, yellow 5, red 3, green 4
MOVE: 0 3 2 None None None
intentional discards blue 1
trash is now white 3, green 5, blue 1
intentional now has red 2, yellow 4, green 3, yellow 2, green 1
MOVE: 1 3 0 1 None None
You discards green 3
trash is now white 3, green 5, blue 1, green 3
You now has white 4, yellow 5, red 3, green 4, white 1
MOVE: 0 1 None 1 None 1
intentional hints You about all their 1 hints remaining: 7
You has white 4, yellow 5, red 3, green 4, white 1
MOVE: 1 2 4 1 None None
You plays white 1 successfully! Board is now green 1, yellow 0, white 1, blue 1, red 0
You now has white 4, yellow 5, red 3, green 4, blue 2
MOVE: 0 0 None 1 3 None
intentional hints You about all their blue cards hints remaining: 6
You has white 4, yellow 5, red 3, green 4, blue 2
MOVE: 1 3 4 1 None None
You discards blue 2
trash is now white 3, green 5, blue 1, green 3, blue 2
You now has white 4, yellow 5, red 3, green 4, yellow 4
MOVE: 0 3 2 None None None
intentional discards green 3
trash is now white 3, green 5, blue 1, green 3, blue 2, green 3
intentional now has red 2, yellow 4, yellow 2, green 1, blue 1
MOVE: 1 3 0 1 None None
You discards white 4
trash is now white 3, green 5, blue 1, green 3, blue 2, green 3, white 4
You now has yellow 5, red 3, green 4, yellow 4, white 1
MOVE: 0 3 2 None None None
intentional discards yellow 2
trash is now white 3, green 5, blue 1, green 3, blue 2, green 3, white 4, yellow 2
intentional now has red 2, yellow 4, green 1, blue 1, red 1
MOVE: 1 2 4 1 None None
You plays white 1 and fails. Board was green 1, yellow 0, white 1, blue 1, red 0
You now has yellow 5, red 3, green 4, yellow 4, yellow 1
MOVE: 0 1 None 1 None 1
intentional hints You about all their 1 hints remaining: 7
You has yellow 5, red 3, green 4, yellow 4, yellow 1
MOVE: 1 2 4 1 None None
You plays yellow 1 successfully! Board is now green 1, yellow 1, white 1, blue 1, red 0
You now has yellow 5, red 3, green 4, yellow 4, white 2
MOVE: 0 0 None 1 2 None
intentional hints You about all their white cards hints remaining: 6
You has yellow 5, red 3, green 4, yellow 4, white 2
MOVE: 1 2 4 1 None None
You plays white 2 successfully! Board is now green 1, yellow 1, white 2, blue 1, red 0
You now has yellow 5, red 3, green 4, yellow 4, red 3
MOVE: 0 3 2 None None None
intentional discards green 1
trash is now white 3, green 5, blue 1, green 3, blue 2, green 3, white 4, yellow 2, white 1, green 1
intentional now has red 2, yellow 4, blue 1, red 1, white 2
MOVE: 1 2 4 1 None None
You plays red 3 and fails. Board was green 1, yellow 1, white 2, blue 1, red 0
You now has yellow 5, red 3, green 4, yellow 4, white 5
MOVE: 0 3 2 None None None
intentional discards blue 1
trash is now white 3, green 5, blue 1, green 3, blue 2, green 3, white 4, yellow 2, white 1, green 1, red 3, blue 1
intentional now has red 2, yellow 4, red 1, white 2, yellow 1
MOVE: 1 2 4 1 None None
You plays white 5 and fails. Board was green 1, yellow 1, white 2, blue 1, red 0
You now has yellow 5, red 3, green 4, yellow 4, yellow 3
Score 5
