Old GID: ee3f05c1def37076
Treatment: ('outer', 845)
[(2, 2), (1, 2), (2, 3), (1, 1), (4, 2), (2, 5), (1, 4), (4, 3), (0, 2), (0, 2), (1, 4), (3, 3), (2, 1), (4, 4), (0, 3), (2, 1), (4, 2), (4, 3), (3, 4), (2, 2), (3, 1), (0, 1), (4, 1), (4, 4), (2, 4), (3, 4), (4, 5), (1, 2), (4, 1), (3, 2), (1, 1), (1, 3), (0, 4), (2, 1), (0, 4), (1, 1), (0, 3), (2, 3), (3, 1), (0, 1)]
MOVE: 0 1 None 1 None 1
outer hints You about all their 1 hints remaining: 7
You has blue 2, blue 1, yellow 3, blue 3, green 1
MOVE: 1 2 1 1 None None
You plays blue 1 successfully! Board is now green 0, yellow 0, white 0, blue 1, red 0
You now has blue 2, yellow 3, blue 3, green 1, white 2
MOVE: 0 1 None 1 None 2
outer hints You about all their 2 hints remaining: 6
You has blue 2, yellow 3, blue 3, green 1, white 2
MOVE: 1 0 None 0 4 None
You hints outer about all their red cards hints remaining: 5
outer has green 5, yellow 5, red 1, white 4, blue 5
MOVE: 0 0 None 1 3 None
outer hints You about all their blue cards hints remaining: 4
You has blue 2, yellow 3, blue 3, green 1, white 2
MOVE: 1 2 0 1 None None
You plays blue 2 successfully! Board is now green 0, yellow 0, white 0, blue 2, red 0
You now has yellow 3, blue 3, green 1, white 2, yellow 2
MOVE: 0 0 None 1 3 None
outer hints You about all their blue cards hints remaining: 3
You has yellow 3, blue 3, green 1, white 2, yellow 2
MOVE: 1 0 None 0 4 None
You hints outer about all their red cards hints remaining: 2
outer has green 5, yellow 5, red 1, white 4, blue 5
MOVE: 0 1 None 1 None 3
outer hints You about all their 3 hints remaining: 1
You has yellow 3, blue 3, green 1, white 2, yellow 2
MOVE: 1 2 1 1 None None
You plays blue 3 successfully! Board is now green 0, yellow 0, white 0, blue 3, red 0
You now has yellow 3, green 1, white 2, yellow 2, white 3
MOVE: 0 0 None 1 0 None
outer hints You about all their green cards hints remaining: 0
You has yellow 3, green 1, white 2, yellow 2, white 3
MOVE: 1 2 1 1 None None
You plays green 1 successfully! Board is now green 1, yellow 0, white 0, blue 3, red 0
You now has yellow 3, white 2, yellow 2, white 3, yellow 1
MOVE: 0 3 3 None None None
outer discards white 4
trash is now white 4
outer now has green 5, yellow 5, red 1, blue 5, red 2
MOVE: 1 0 None 0 4 None
You hints outer about all their red cards hints remaining: 0
outer has green 5, yellow 5, red 1, blue 5, red 2
MOVE: 0 3 2 None None None
outer discards red 1
trash is now white 4, red 1
outer now has green 5, yellow 5, blue 5, red 2, white 5
MOVE: 1 2 1 1 None None
You plays white 2 and fails. Board was green 1, yellow 0, white 0, blue 3, red 0
You now has yellow 3, yellow 2, white 3, yellow 1, yellow 4
MOVE: 0 1 None 1 None 1
outer hints You about all their 1 hints remaining: 0
You has yellow 3, yellow 2, white 3, yellow 1, yellow 4
MOVE: 1 2 0 1 None None
You plays yellow 3 and fails. Board was green 1, yellow 0, white 0, blue 3, red 0
You now has yellow 2, white 3, yellow 1, yellow 4, red 3
MOVE: 0 3 2 None None None
outer discards blue 5
trash is now white 4, red 1, white 2, yellow 3, blue 5
outer now has green 5, yellow 5, red 2, white 5, green 2
MOVE: 1 2 2 1 None None
You plays yellow 1 successfully! Board is now green 1, yellow 1, white 0, blue 3, red 0
You now has yellow 2, white 3, yellow 4, red 3, green 2
MOVE: 0 0 None 1 1 None
outer hints You about all their yellow cards hints remaining: 0
You has yellow 2, white 3, yellow 4, red 3, green 2
MOVE: 1 2 2 1 None None
You plays yellow 4 and fails. Board was green 1, yellow 1, white 0, blue 3, red 0
You now has yellow 2, white 3, red 3, green 2, yellow 4
Score 5
