Old GID: c140c122ed929235
Treatment: ('outer', 1786)
[(0, 3), (3, 3), (4, 1), (3, 5), (2, 2), (0, 2), (3, 1), (3, 1), (4, 1), (1, 4), (2, 1), (0, 2), (1, 1), (0, 1), (1, 5), (2, 4), (4, 3), (1, 3), (3, 1), (1, 4), (3, 2), (4, 2), (3, 3), (0, 1), (4, 3), (2, 1), (2, 2), (2, 3), (4, 4), (1, 2), (4, 2), (3, 4), (0, 4), (1, 1), (4, 5), (2, 5), (1, 3), (0, 1), (0, 4), (2, 3)]
MOVE: 0 0 None 1 2 None
outer hints You about all their white cards hints remaining: 7
You has green 3, green 5, white 1, yellow 2, blue 4
MOVE: 1 2 2 1 None None
You plays white 1 successfully! Board is now green 0, yellow 0, white 1, blue 0, red 0
You now has green 3, green 5, yellow 2, blue 4, green 3
MOVE: 0 0 None 1 0 None
outer hints You about all their green cards hints remaining: 6
You has green 3, green 5, yellow 2, blue 4, green 3
MOVE: 1 1 None 0 None 1
You hints outer about all their 1 hints remaining: 5
outer has red 4, red 1, yellow 1, white 4, blue 2
MOVE: 0 0 None 1 0 None
outer hints You about all their green cards hints remaining: 4
You has green 3, green 5, yellow 2, blue 4, green 3
MOVE: 1 0 None 0 4 None
You hints outer about all their red cards hints remaining: 3
outer has red 4, red 1, yellow 1, white 4, blue 2
MOVE: 0 2 1 None None None
outer plays red 1 successfully! Board is now green 0, yellow 0, white 1, blue 0, red 1
outer now has red 4, yellow 1, white 4, blue 2, blue 3
MOVE: 1 0 None 0 1 None
You hints outer about all their yellow cards hints remaining: 2
outer has red 4, yellow 1, white 4, blue 2, blue 3
MOVE: 0 2 1 None None None
outer plays yellow 1 successfully! Board is now green 0, yellow 1, white 1, blue 0, red 1
outer now has red 4, white 4, blue 2, blue 3, red 1
MOVE: 1 2 0 1 None None
You plays green 3 and fails. Board was green 0, yellow 1, white 1, blue 0, red 1
You now has green 5, yellow 2, blue 4, green 3, blue 5
MOVE: 0 0 None 1 1 None
outer hints You about all their yellow cards hints remaining: 1
You has green 5, yellow 2, blue 4, green 3, blue 5
MOVE: 1 2 1 1 None None
You plays yellow 2 successfully! Board is now green 0, yellow 2, white 1, blue 0, red 1
You now has green 5, blue 4, green 3, blue 5, white 2
MOVE: 0 1 None 1 None 2
outer hints You about all their 2 hints remaining: 0
You has green 5, blue 4, green 3, blue 5, white 2
MOVE: 1 2 4 1 None None
You plays white 2 successfully! Board is now green 0, yellow 2, white 2, blue 0, red 1
You now has green 5, blue 4, green 3, blue 5, green 2
MOVE: 0 3 2 None None None
outer discards blue 2
trash is now green 3, blue 2
outer now has red 4, white 4, blue 3, red 1, blue 1
MOVE: 1 2 2 1 None None
You plays green 3 and fails. Board was green 0, yellow 2, white 2, blue 0, red 1
You now has green 5, blue 4, blue 5, green 2, blue 1
MOVE: 0 1 None 1 None 1
outer hints You about all their 1 hints remaining: 0
You has green 5, blue 4, blue 5, green 2, blue 1
MOVE: 1 2 0 1 None None
You plays green 5 and fails. Board was green 0, yellow 2, white 2, blue 0, red 1
You now has blue 4, blue 5, green 2, blue 1, red 1
Score 5
