Old GID: 758cdab2dc6c043a
Treatment: ('intentional', 2521)
[(1, 4), (0, 2), (0, 1), (2, 4), (2, 3), (1, 1), (3, 3), (3, 1), (3, 3), (4, 2), (0, 3), (0, 2), (0, 5), (3, 5), (3, 4), (2, 2), (1, 3), (3, 1), (4, 4), (4, 1), (2, 4), (0, 1), (0, 4), (3, 4), (3, 1), (1, 3), (2, 5), (0, 4), (2, 1), (4, 3), (2, 1), (1, 4), (1, 2), (2, 2), (2, 3), (4, 1), (0, 3), (2, 1), (3, 2), (1, 1)]
MOVE: 0 1 None 1 None 1
intentional hints You about all their 1 hints remaining: 7
You has yellow 5, red 2, red 4, yellow 1, red 1
MOVE: 1 2 3 1 None None
You plays yellow 1 successfully! Board is now green 0, yellow 1, white 0, blue 0, red 0
You now has yellow 5, red 2, red 4, red 1, yellow 4
MOVE: 0 0 None 1 4 None
intentional hints You about all their red cards hints remaining: 6
You has yellow 5, red 2, red 4, red 1, yellow 4
MOVE: 1 2 3 1 None None
You plays red 1 successfully! Board is now green 0, yellow 1, white 0, blue 0, red 1
You now has yellow 5, red 2, red 4, yellow 4, green 2
MOVE: 0 3 0 None None None
intentional discards blue 2
trash is now blue 2
intentional now has red 3, red 5, yellow 2, green 1, green 1
MOVE: 1 1 None 0 None 1
You hints intentional about all their 1 hints remaining: 6
intentional has red 3, red 5, yellow 2, green 1, green 1
MOVE: 0 3 0 None None None
intentional discards red 3
trash is now blue 2, red 3
intentional now has red 5, yellow 2, green 1, green 1, white 4
MOVE: 1 1 None 0 None 5
You hints intentional about all their 5 hints remaining: 6
intentional has red 5, yellow 2, green 1, green 1, white 4
MOVE: 0 3 4 None None None
intentional discards white 4
trash is now blue 2, red 3, white 4
intentional now has red 5, yellow 2, green 1, green 1, white 3
MOVE: 1 2 1 1 None None
You plays red 2 successfully! Board is now green 0, yellow 1, white 0, blue 0, red 2
You now has yellow 5, red 4, yellow 4, green 2, yellow 1
MOVE: 0 3 1 None None None
intentional discards yellow 2
trash is now blue 2, red 3, white 4, yellow 2
intentional now has red 5, green 1, green 1, white 3, blue 3
MOVE: 1 0 None 0 0 None
You hints intentional about all their green cards hints remaining: 7
intentional has red 5, green 1, green 1, white 3, blue 3
MOVE: 0 2 2 None None None
intentional plays green 1 successfully! Board is now green 1, yellow 1, white 0, blue 0, red 2
intentional now has red 5, green 1, white 3, blue 3, blue 1
MOVE: 1 1 None 0 None 1
You hints intentional about all their 1 hints remaining: 6
intentional has red 5, green 1, white 3, blue 3, blue 1
MOVE: 0 3 1 None None None
intentional discards green 1
trash is now blue 2, red 3, white 4, yellow 2, green 1
intentional now has red 5, white 3, blue 3, blue 1, blue 3
MOVE: 1 0 None 0 3 None
You hints intentional about all their blue cards hints remaining: 6
intentional has red 5, white 3, blue 3, blue 1, blue 3
MOVE: 0 2 3 None None None
intentional plays blue 1 successfully! Board is now green 1, yellow 1, white 0, blue 1, red 2
intentional now has red 5, white 3, blue 3, blue 3, red 2
MOVE: 1 1 None 0 None 3
You hints intentional about all their 3 hints remaining: 5
intentional has red 5, white 3, blue 3, blue 3, red 2
MOVE: 0 0 None 1 0 None
intentional hints You about all their green cards hints remaining: 4
You has yellow 5, red 4, yellow 4, green 2, yellow 1
MOVE: 1 2 3 1 None None
You plays green 2 successfully! Board is now green 2, yellow 1, white 0, blue 1, red 2
You now has yellow 5, red 4, yellow 4, yellow 1, green 3
MOVE: 0 0 None 1 0 None
intentional hints You about all their green cards hints remaining: 3
You has yellow 5, red 4, yellow 4, yellow 1, green 3
MOVE: 1 2 4 1 None None
You plays green 3 successfully! Board is now green 3, yellow 1, white 0, blue 1, red 2
You now has yellow 5, red 4, yellow 4, yellow 1, green 2
MOVE: 0 3 4 None None None
intentional discards red 2
trash is now blue 2, red 3, white 4, yellow 2, green 1, red 2
intentional now has red 5, white 3, blue 3, blue 3, green 5
MOVE: 1 3 0 1 None None
You discards yellow 5
trash is now blue 2, red 3, white 4, yellow 2, green 1, red 2, yellow 5
You now has red 4, yellow 4, yellow 1, green 2, blue 5
MOVE: 0 3 4 None None None
intentional discards green 5
trash is now blue 2, red 3, white 4, yellow 2, green 1, red 2, yellow 5, green 5
intentional now has red 5, white 3, blue 3, blue 3, blue 4
MOVE: 1 2 0 1 None None
You plays red 4 and fails. Board was green 3, yellow 1, white 0, blue 1, red 2
You now has yellow 4, yellow 1, green 2, blue 5, white 2
MOVE: 0 3 4 None None None
intentional discards blue 4
trash is now blue 2, red 3, white 4, yellow 2, green 1, red 2, yellow 5, green 5, red 4, blue 4
intentional now has red 5, white 3, blue 3, blue 3, yellow 3
MOVE: 1 3 0 1 None None
You discards yellow 4
trash is now blue 2, red 3, white 4, yellow 2, green 1, red 2, yellow 5, green 5, red 4, blue 4, yellow 4
You now has yellow 1, green 2, blue 5, white 2, blue 1
MOVE: 0 3 4 None None None
intentional discards yellow 3
trash is now blue 2, red 3, white 4, yellow 2, green 1, red 2, yellow 5, green 5, red 4, blue 4, yellow 4, yellow 3
intentional now has red 5, white 3, blue 3, blue 3, red 4
MOVE: 1 3 0 1 None None
You discards yellow 1
trash is now blue 2, red 3, white 4, yellow 2, green 1, red 2, yellow 5, green 5, red 4, blue 4, yellow 4, yellow 3, yellow 1
You now has green 2, blue 5, white 2, blue 1, red 1
MOVE: 0 3 2 None None None
intentional discards blue 3
trash is now blue 2, red 3, white 4, yellow 2, green 1, red 2, yellow 5, green 5, red 4, blue 4, yellow 4, yellow 3, yellow 1, blue 3
intentional now has red 5, white 3, blue 3, red 4, white 4
MOVE: 1 3 0 1 None None
You discards green 2
trash is now blue 2, red 3, white 4, yellow 2, green 1, red 2, yellow 5, green 5, red 4, blue 4, yellow 4, yellow 3, yellow 1, blue 3, green 2
You now has blue 5, white 2, blue 1, red 1, green 1
MOVE: 0 3 3 None None None
intentional discards red 4
trash is now blue 2, red 3, white 4, yellow 2, green 1, red 2, yellow 5, green 5, red 4, blue 4, yellow 4, yellow 3, yellow 1, blue 3, green 2, red 4
intentional now has red 5, white 3, blue 3, white 4, green 4
MOVE: 1 0 None 0 0 None
You hints intentional about all their green cards hints remaining: 7
intentional has red 5, white 3, blue 3, white 4, green 4
MOVE: 0 3 4 None None None
intentional discards green 4
trash is now blue 2, red 3, white 4, yellow 2, green 1, red 2, yellow 5, green 5, red 4, blue 4, yellow 4, yellow 3, yellow 1, blue 3, green 2, red 4, green 4
intentional now has red 5, white 3, blue 3, white 4, blue 4
MOVE: 1 3 0 1 None None
You discards blue 5
trash is now blue 2, red 3, white 4, yellow 2, green 1, red 2, yellow 5, green 5, red 4, blue 4, yellow 4, yellow 3, yellow 1, blue 3, green 2, red 4, green 4, blue 5
You now has white 2, blue 1, red 1, green 1, blue 1
MOVE: 0 3 4 None None None
intentional discards blue 4
trash is now blue 2, red 3, white 4, yellow 2, green 1, red 2, yellow 5, green 5, red 4, blue 4, yellow 4, yellow 3, yellow 1, blue 3, green 2, red 4, green 4, blue 5, blue 4
intentional now has red 5, white 3, blue 3, white 4, yellow 3
MOVE: 1 3 0 1 None None
You discards white 2
trash is now blue 2, red 3, white 4, yellow 2, green 1, red 2, yellow 5, green 5, red 4, blue 4, yellow 4, yellow 3, yellow 1, blue 3, green 2, red 4, green 4, blue 5, blue 4, white 2
You now has blue 1, red 1, green 1, blue 1, white 5
MOVE: 0 3 4 None None None
intentional discards yellow 3
trash is now blue 2, red 3, white 4, yellow 2, green 1, red 2, yellow 5, green 5, red 4, blue 4, yellow 4, yellow 3, yellow 1, blue 3, green 2, red 4, green 4, blue 5, blue 4, white 2, yellow 3
intentional now has red 5, white 3, blue 3, white 4, green 4
MOVE: 1 2 0 1 None None
You plays blue 1 and fails. Board was green 3, yellow 1, white 0, blue 1, red 2
You now has red 1, green 1, blue 1, white 5, white 1
MOVE: 0 3 1 None None None
intentional discards white 3
trash is now blue 2, red 3, white 4, yellow 2, green 1, red 2, yellow 5, green 5, red 4, blue 4, yellow 4, yellow 3, yellow 1, blue 3, green 2, red 4, green 4, blue 5, blue 4, white 2, yellow 3, blue 1, white 3
intentional now has red 5, blue 3, white 4, green 4, red 3
MOVE: 1 2 0 1 None None
You plays red 1 and fails. Board was green 3, yellow 1, white 0, blue 1, red 2
You now has green 1, blue 1, white 5, white 1, white 1
Score 7
