Old GID: a335089dfac86d5d
Treatment: ('full', 6265)
[(2, 1), (4, 3), (2, 2), (4, 3), (0, 1), (0, 4), (0, 5), (3, 3), (4, 1), (1, 2), (1, 3), (0, 4), (2, 3), (3, 4), (4, 1), (4, 1), (3, 1), (1, 1), (2, 1), (0, 2), (0, 1), (1, 4), (1, 1), (3, 1), (4, 4), (4, 4), (3, 3), (2, 4), (2, 5), (1, 4), (3, 2), (3, 1), (2, 1), (1, 5), (1, 2), (4, 5), (1, 1), (4, 2), (0, 2), (1, 3)]
MOVE: 0 3 0 None None None
full discards white 4
trash is now white 4
full now has blue 4, green 1, green 3, blue 2, white 1
MOVE: 1 2 4 1 None None
You plays red 2 and fails. Board was green 0, yellow 0, white 0, blue 0, red 0
You now has green 3, white 2, blue 5, white 3, red 3
MOVE: 0 3 0 None None None
full discards blue 4
trash is now white 4, red 2, blue 4
full now has green 1, green 3, blue 2, white 1, white 2
MOVE: 1 2 4 1 None None
You plays red 3 and fails. Board was green 0, yellow 0, white 0, blue 0, red 0
You now has green 3, white 2, blue 5, white 3, red 3
MOVE: 0 3 0 None None None
full discards green 1
trash is now white 4, red 2, blue 4, red 3, green 1
full now has green 3, blue 2, white 1, white 2, green 1
MOVE: 1 2 4 1 None None
You plays red 3 and fails. Board was green 0, yellow 0, white 0, blue 0, red 0
You now has green 3, white 2, blue 5, white 3, green 4
Score 0
