Old GID: bd29153d9a94f57e
Treatment: ('intentional', 5005)
[(2, 4), (1, 2), (3, 3), (1, 1), (2, 5), (0, 1), (0, 2), (2, 1), (1, 1), (4, 1), (0, 1), (3, 5), (3, 4), (4, 4), (2, 2), (4, 1), (4, 4), (4, 5), (3, 1), (2, 3), (1, 4), (4, 3), (3, 3), (4, 2), (0, 5), (4, 2), (1, 3), (0, 3), (3, 1), (2, 2), (3, 2), (2, 3), (0, 2), (3, 1), (4, 3), (0, 4), (1, 3), (2, 1), (0, 1), (1, 1)]
MOVE: 0 0 None 1 4 None
intentional hints You about all their red cards hints remaining: 7
You has blue 2, yellow 2, white 4, red 1, yellow 4
MOVE: 1 0 None 0 2 None
You hints intentional about all their white cards hints remaining: 6
intentional has green 4, yellow 5, green 3, white 1, blue 4
MOVE: 0 1 None 1 None 1
intentional hints You about all their 1 hints remaining: 5
You has blue 2, yellow 2, white 4, red 1, yellow 4
MOVE: 1 2 4 1 None None
You plays yellow 4 and fails. Board was green 0, yellow 0, white 0, blue 0, red 0
You now has blue 2, yellow 2, white 4, red 1, white 4
MOVE: 0 3 0 None None None
intentional discards green 4
trash is now yellow 4, green 4
intentional now has yellow 5, green 3, white 1, blue 4, yellow 2
MOVE: 1 2 4 1 None None
You plays white 4 and fails. Board was green 0, yellow 0, white 0, blue 0, red 0
You now has blue 2, yellow 2, white 4, red 1, blue 3
MOVE: 0 3 4 None None None
intentional discards yellow 2
trash is now yellow 4, green 4, white 4, yellow 2
intentional now has yellow 5, green 3, white 1, blue 4, yellow 1
MOVE: 1 2 4 1 None None
You plays blue 3 and fails. Board was green 0, yellow 0, white 0, blue 0, red 0
You now has blue 2, yellow 2, white 4, red 1, white 5
Score 0
