Old GID: fad6643863fc9b9e
Treatment: ('full', 7236)
[(3, 3), (1, 4), (3, 1), (0, 2), (2, 4), (3, 5), (3, 4), (1, 2), (4, 1), (4, 4), (2, 3), (2, 1), (4, 2), (3, 2), (4, 4), (0, 4), (1, 3), (1, 1), (1, 5), (2, 1), (2, 2), (4, 1), (2, 3), (1, 2), (0, 1), (1, 4), (2, 1), (4, 3), (0, 5), (0, 4), (3, 3), (3, 1), (1, 3), (3, 2), (0, 2), (2, 4), (4, 2), (0, 1), (0, 3), (4, 1)]
MOVE: 0 1 None 1 None 1
full hints You about all their 1 hints remaining: 7
You has blue 4, blue 1, red 3, red 5, green 3
MOVE: 1 1 None 0 None 1
You hints full about all their 1 hints remaining: 6
full has yellow 1, white 2, yellow 1, green 1, white 5
MOVE: 0 2 0 None None None
full plays yellow 1 successfully! Board is now green 0, yellow 1, white 0, blue 0, red 0
full now has white 2, yellow 1, green 1, white 5, blue 3
MOVE: 1 2 1 1 None None
You plays blue 1 successfully! Board is now green 0, yellow 1, white 0, blue 1, red 0
You now has blue 4, red 3, red 5, green 3, yellow 4
MOVE: 0 3 4 None None None
full discards blue 3
trash is now blue 3
full now has white 2, yellow 1, green 1, white 5, blue 1
MOVE: 1 0 None 0 0 None
You hints full about all their green cards hints remaining: 6
full has white 2, yellow 1, green 1, white 5, blue 1
MOVE: 0 2 2 None None None
full plays green 1 successfully! Board is now green 1, yellow 1, white 0, blue 1, red 0
full now has white 2, yellow 1, white 5, blue 1, green 2
MOVE: 1 1 None 0 None 5
You hints full about all their 5 hints remaining: 5
full has white 2, yellow 1, white 5, blue 1, green 2
MOVE: 0 3 4 None None None
full discards green 2
trash is now blue 3, green 2
full now has white 2, yellow 1, white 5, blue 1, white 4
MOVE: 1 0 None 0 2 None
You hints full about all their white cards hints remaining: 5
full has white 2, yellow 1, white 5, blue 1, white 4
MOVE: 0 2 4 None None None
full plays white 4 and fails. Board was green 1, yellow 1, white 0, blue 1, red 0
full now has white 2, yellow 1, white 5, blue 1, blue 5
MOVE: 1 1 None 0 None 5
You hints full about all their 5 hints remaining: 4
full has white 2, yellow 1, white 5, blue 1, blue 5
MOVE: 0 3 3 None None None
full discards blue 1
trash is now blue 3, green 2, white 4, blue 1
full now has white 2, yellow 1, white 5, blue 5, blue 4
MOVE: 1 0 None 0 3 None
You hints full about all their blue cards hints remaining: 4
full has white 2, yellow 1, white 5, blue 5, blue 4
MOVE: 0 2 4 None None None
full plays blue 4 and fails. Board was green 1, yellow 1, white 0, blue 1, red 0
full now has white 2, yellow 1, white 5, blue 5, yellow 2
MOVE: 1 1 None 0 None 2
You hints full about all their 2 hints remaining: 3
full has white 2, yellow 1, white 5, blue 5, yellow 2
MOVE: 0 2 4 None None None
full plays yellow 2 successfully! Board is now green 1, yellow 2, white 0, blue 1, red 0
full now has white 2, yellow 1, white 5, blue 5, red 1
MOVE: 1 1 None 0 None 1
You hints full about all their 1 hints remaining: 2
full has white 2, yellow 1, white 5, blue 5, red 1
MOVE: 0 2 1 None None None
full plays yellow 1 and fails. Board was green 1, yellow 2, white 0, blue 1, red 0
full now has white 2, white 5, blue 5, red 1, red 4
Score 4
