Old GID: 8d7d98800fd3d8a6
Treatment: ('full', 8243)
[(0, 3), (3, 3), (1, 1), (3, 4), (1, 4), (2, 2), (1, 3), (2, 3), (4, 1), (1, 4), (3, 1), (4, 5), (4, 1), (0, 4), (3, 2), (4, 3), (3, 2), (4, 2), (1, 1), (4, 4), (4, 1), (3, 1), (0, 2), (4, 2), (4, 3), (0, 2), (1, 2), (2, 4), (1, 2), (0, 1), (3, 1), (1, 5), (0, 5), (2, 5), (0, 3), (3, 4), (0, 4), (2, 4), (1, 3), (1, 1)]
MOVE: 0 1 None 1 None 1
full hints You about all their 1 hints remaining: 7
You has white 1, green 1, white 1, blue 3, white 3
MOVE: 1 2 2 1 None None
You plays white 1 successfully! Board is now green 0, yellow 0, white 1, blue 0, red 0
You now has white 1, green 1, blue 3, white 3, green 3
MOVE: 0 3 0 None None None
full discards red 4
trash is now red 4
full now has blue 5, white 2, white 1, green 1, blue 3
MOVE: 1 1 None 0 None 5
You hints full about all their 5 hints remaining: 7
full has blue 5, white 2, white 1, green 1, blue 3
MOVE: 0 3 1 None None None
full discards white 2
trash is now red 4, white 2
full now has blue 5, white 1, green 1, blue 3, yellow 1
MOVE: 1 1 None 0 None 1
You hints full about all their 1 hints remaining: 7
full has blue 5, white 1, green 1, blue 3, yellow 1
MOVE: 0 2 1 None None None
full plays white 1 and fails. Board was green 0, yellow 0, white 1, blue 0, red 0
full now has blue 5, green 1, blue 3, yellow 1, blue 4
MOVE: 1 2 0 1 None None
You plays white 1 and fails. Board was green 0, yellow 0, white 1, blue 0, red 0
You now has green 1, blue 3, white 3, green 3, yellow 4
MOVE: 0 3 2 None None None
full discards blue 3
trash is now red 4, white 2, white 1, white 1, blue 3
full now has blue 5, green 1, yellow 1, blue 4, white 2
MOVE: 1 2 0 1 None None
You plays green 1 successfully! Board is now green 1, yellow 0, white 1, blue 0, red 0
You now has blue 3, white 3, green 3, yellow 4, yellow 3
MOVE: 0 3 3 None None None
full discards blue 4
trash is now red 4, white 2, white 1, white 1, blue 3, blue 4
full now has blue 5, green 1, yellow 1, white 2, white 3
MOVE: 1 0 None 0 1 None
You hints full about all their yellow cards hints remaining: 7
full has blue 5, green 1, yellow 1, white 2, white 3
MOVE: 0 2 2 None None None
full plays yellow 1 successfully! Board is now green 1, yellow 1, white 1, blue 0, red 0
full now has blue 5, green 1, white 2, white 3, red 1
MOVE: 1 0 None 0 4 None
You hints full about all their red cards hints remaining: 6
full has blue 5, green 1, white 2, white 3, red 1
MOVE: 0 2 4 None None None
full plays red 1 successfully! Board is now green 1, yellow 1, white 1, blue 0, red 1
full now has blue 5, green 1, white 2, white 3, yellow 4
MOVE: 1 1 None 0 None 2
You hints full about all their 2 hints remaining: 5
full has blue 5, green 1, white 2, white 3, yellow 4
MOVE: 0 2 2 None None None
full plays white 2 successfully! Board is now green 1, yellow 1, white 2, blue 0, red 1
full now has blue 5, green 1, white 3, yellow 4, blue 1
MOVE: 1 0 None 0 2 None
You hints full about all their white cards hints remaining: 4
full has blue 5, green 1, white 3, yellow 4, blue 1
MOVE: 0 2 2 None None None
full plays white 3 successfully! Board is now green 1, yellow 1, white 3, blue 0, red 1
full now has blue 5, green 1, yellow 4, blue 1, red 5
MOVE: 1 0 None 0 3 None
You hints full about all their blue cards hints remaining: 3
full has blue 5, green 1, yellow 4, blue 1, red 5
MOVE: 0 2 3 None None None
full plays blue 1 successfully! Board is now green 1, yellow 1, white 3, blue 1, red 1
full now has blue 5, green 1, yellow 4, red 5, red 1
MOVE: 1 3 0 1 None None
You discards blue 3
trash is now red 4, white 2, white 1, white 1, blue 3, blue 4, blue 3
You now has white 3, green 3, yellow 4, yellow 3, green 4
MOVE: 0 3 1 None None None
full discards green 1
trash is now red 4, white 2, white 1, white 1, blue 3, blue 4, blue 3, green 1
full now has blue 5, yellow 4, red 5, red 1, blue 2
MOVE: 1 1 None 0 None 2
You hints full about all their 2 hints remaining: 4
full has blue 5, yellow 4, red 5, red 1, blue 2
MOVE: 0 2 4 None None None
full plays blue 2 successfully! Board is now green 1, yellow 1, white 3, blue 2, red 1
full now has blue 5, yellow 4, red 5, red 1, red 3
MOVE: 1 3 0 1 None None
You discards white 3
trash is now red 4, white 2, white 1, white 1, blue 3, blue 4, blue 3, green 1, white 3
You now has green 3, yellow 4, yellow 3, green 4, blue 2
MOVE: 0 3 1 None None None
full discards yellow 4
trash is now red 4, white 2, white 1, white 1, blue 3, blue 4, blue 3, green 1, white 3, yellow 4
full now has blue 5, red 5, red 1, red 3, red 2
MOVE: 1 1 None 0 None 2
You hints full about all their 2 hints remaining: 5
full has blue 5, red 5, red 1, red 3, red 2
MOVE: 0 2 4 None None None
full plays red 2 successfully! Board is now green 1, yellow 1, white 3, blue 2, red 2
full now has blue 5, red 5, red 1, red 3, yellow 1
MOVE: 1 1 None 0 None 3
You hints full about all their 3 hints remaining: 4
full has blue 5, red 5, red 1, red 3, yellow 1
MOVE: 0 2 3 None None None
full plays red 3 successfully! Board is now green 1, yellow 1, white 3, blue 2, red 3
full now has blue 5, red 5, red 1, yellow 1, red 4
MOVE: 1 1 None 0 None 4
You hints full about all their 4 hints remaining: 3
full has blue 5, red 5, red 1, yellow 1, red 4
MOVE: 0 2 4 None None None
full plays red 4 successfully! Board is now green 1, yellow 1, white 3, blue 2, red 4
full now has blue 5, red 5, red 1, yellow 1, red 1
MOVE: 1 1 None 0 None 5
You hints full about all their 5 hints remaining: 2
full has blue 5, red 5, red 1, yellow 1, red 1
MOVE: 0 2 1 None None None
full plays red 5 successfully! Board is now green 1, yellow 1, white 3, blue 2, red 5
full now has blue 5, red 1, yellow 1, red 1, blue 1
MOVE: 1 1 None 0 None 1
You hints full about all their 1 hints remaining: 2
full has blue 5, red 1, yellow 1, red 1, blue 1
MOVE: 0 3 1 None None None
full discards red 1
trash is now red 4, white 2, white 1, white 1, blue 3, blue 4, blue 3, green 1, white 3, yellow 4, red 1
full now has blue 5, yellow 1, red 1, blue 1, green 2
MOVE: 1 1 None 0 None 2
You hints full about all their 2 hints remaining: 2
full has blue 5, yellow 1, red 1, blue 1, green 2
MOVE: 0 2 4 None None None
full plays green 2 successfully! Board is now green 2, yellow 1, white 3, blue 2, red 5
full now has blue 5, yellow 1, red 1, blue 1, red 2
MOVE: 1 3 0 1 None None
You discards green 3
trash is now red 4, white 2, white 1, white 1, blue 3, blue 4, blue 3, green 1, white 3, yellow 4, red 1, green 3
You now has yellow 4, yellow 3, green 4, blue 2, red 3
MOVE: 0 3 1 None None None
full discards yellow 1
trash is now red 4, white 2, white 1, white 1, blue 3, blue 4, blue 3, green 1, white 3, yellow 4, red 1, green 3, yellow 1
full now has blue 5, red 1, blue 1, red 2, green 2
MOVE: 1 3 0 1 None None
You discards yellow 4
trash is now red 4, white 2, white 1, white 1, blue 3, blue 4, blue 3, green 1, white 3, yellow 4, red 1, green 3, yellow 1, yellow 4
You now has yellow 3, green 4, blue 2, red 3, yellow 2
MOVE: 0 3 2 None None None
full discards blue 1
trash is now red 4, white 2, white 1, white 1, blue 3, blue 4, blue 3, green 1, white 3, yellow 4, red 1, green 3, yellow 1, yellow 4, blue 1
full now has blue 5, red 1, red 2, green 2, white 4
MOVE: 1 0 None 0 2 None
You hints full about all their white cards hints remaining: 5
full has blue 5, red 1, red 2, green 2, white 4
MOVE: 0 2 4 None None None
full plays white 4 successfully! Board is now green 2, yellow 1, white 4, blue 2, red 5
full now has blue 5, red 1, red 2, green 2, yellow 2
MOVE: 1 0 None 0 1 None
You hints full about all their yellow cards hints remaining: 4
full has blue 5, red 1, red 2, green 2, yellow 2
MOVE: 0 2 4 None None None
full plays yellow 2 successfully! Board is now green 2, yellow 2, white 4, blue 2, red 5
full now has blue 5, red 1, red 2, green 2, green 1
MOVE: 1 1 None 0 None 2
You hints full about all their 2 hints remaining: 3
full has blue 5, red 1, red 2, green 2, green 1
MOVE: 0 3 2 None None None
full discards red 2
trash is now red 4, white 2, white 1, white 1, blue 3, blue 4, blue 3, green 1, white 3, yellow 4, red 1, green 3, yellow 1, yellow 4, blue 1, red 2
full now has blue 5, red 1, green 2, green 1, blue 1
MOVE: 1 3 0 1 None None
You discards yellow 3
trash is now red 4, white 2, white 1, white 1, blue 3, blue 4, blue 3, green 1, white 3, yellow 4, red 1, green 3, yellow 1, yellow 4, blue 1, red 2, yellow 3
You now has green 4, blue 2, red 3, yellow 2, yellow 5
MOVE: 0 3 2 None None None
full discards green 2
trash is now red 4, white 2, white 1, white 1, blue 3, blue 4, blue 3, green 1, white 3, yellow 4, red 1, green 3, yellow 1, yellow 4, blue 1, red 2, yellow 3, green 2
full now has blue 5, red 1, green 1, blue 1, green 5
MOVE: 1 3 0 1 None None
You discards green 4
trash is now red 4, white 2, white 1, white 1, blue 3, blue 4, blue 3, green 1, white 3, yellow 4, red 1, green 3, yellow 1, yellow 4, blue 1, red 2, yellow 3, green 2, green 4
You now has blue 2, red 3, yellow 2, yellow 5, white 5
MOVE: 0 3 1 None None None
full discards red 1
trash is now red 4, white 2, white 1, white 1, blue 3, blue 4, blue 3, green 1, white 3, yellow 4, red 1, green 3, yellow 1, yellow 4, blue 1, red 2, yellow 3, green 2, green 4, red 1
full now has blue 5, green 1, blue 1, green 5, green 3
MOVE: 1 1 None 0 None 3
You hints full about all their 3 hints remaining: 7
full has blue 5, green 1, blue 1, green 5, green 3
MOVE: 0 2 4 None None None
full plays green 3 successfully! Board is now green 3, yellow 2, white 4, blue 2, red 5
full now has blue 5, green 1, blue 1, green 5, blue 4
MOVE: 1 1 None 0 None 1
You hints full about all their 1 hints remaining: 6
full has blue 5, green 1, blue 1, green 5, blue 4
MOVE: 0 3 1 None None None
full discards green 1
trash is now red 4, white 2, white 1, white 1, blue 3, blue 4, blue 3, green 1, white 3, yellow 4, red 1, green 3, yellow 1, yellow 4, blue 1, red 2, yellow 3, green 2, green 4, red 1, green 1
full now has blue 5, blue 1, green 5, blue 4, green 4
MOVE: 1 0 None 0 0 None
You hints full about all their green cards hints remaining: 6
full has blue 5, blue 1, green 5, blue 4, green 4
MOVE: 0 2 2 None None None
full plays green 5 and fails. Board was green 3, yellow 2, white 4, blue 2, red 5
full now has blue 5, blue 1, blue 4, green 4, white 4
Score 16
