Old GID: 03152df0cab585ac
Treatment: ('full', 5809)
[(3, 1), (2, 5), (3, 5), (0, 4), (0, 3), (1, 5), (0, 2), (1, 1), (4, 2), (3, 2), (0, 3), (1, 2), (2, 2), (1, 1), (2, 4), (1, 1), (4, 4), (4, 5), (2, 1), (2, 3), (3, 3), (0, 1), (1, 3), (2, 4), (1, 4), (3, 1), (0, 1), (3, 2), (2, 3), (2, 1), (0, 5), (4, 1), (1, 4), (3, 4), (1, 3), (1, 2), (3, 1), (4, 1), (3, 4), (4, 2)]
MOVE: 0 1 None 1 None 1
full hints You about all their 1 hints remaining: 7
You has green 4, red 3, red 4, white 1, green 1
MOVE: 1 1 None 0 None 1
You hints full about all their 1 hints remaining: 6
full has red 1, red 3, white 2, green 2, blue 3
MOVE: 0 2 0 None None None
full plays red 1 successfully! Board is now green 0, yellow 0, white 0, blue 0, red 1
full now has red 3, white 2, green 2, blue 3, blue 1
MOVE: 1 2 3 1 None None
You plays white 1 successfully! Board is now green 0, yellow 0, white 1, blue 0, red 1
You now has green 4, red 3, red 4, green 1, white 5
MOVE: 0 0 None 1 0 None
full hints You about all their green cards hints remaining: 5
You has green 4, red 3, red 4, green 1, white 5
MOVE: 1 2 3 1 None None
You plays green 1 successfully! Board is now green 1, yellow 0, white 1, blue 0, red 1
You now has green 4, red 3, red 4, white 5, blue 5
MOVE: 0 3 4 None None None
full discards blue 1
trash is now blue 1
full now has red 3, white 2, green 2, blue 3, green 4
MOVE: 1 1 None 0 None 2
You hints full about all their 2 hints remaining: 5
full has red 3, white 2, green 2, blue 3, green 4
MOVE: 0 2 1 None None None
full plays white 2 successfully! Board is now green 1, yellow 0, white 2, blue 0, red 1
full now has red 3, green 2, blue 3, green 4, green 3
MOVE: 1 0 None 0 0 None
You hints full about all their green cards hints remaining: 4
full has red 3, green 2, blue 3, green 4, green 3
MOVE: 0 2 1 None None None
full plays green 2 successfully! Board is now green 2, yellow 0, white 2, blue 0, red 1
full now has red 3, blue 3, green 4, green 3, yellow 5
MOVE: 1 1 None 0 None 3
You hints full about all their 3 hints remaining: 3
full has red 3, blue 3, green 4, green 3, yellow 5
MOVE: 0 2 0 None None None
full plays red 3 and fails. Board was green 2, yellow 0, white 2, blue 0, red 1
full now has blue 3, green 4, green 3, yellow 5, green 2
MOVE: 1 1 None 0 None 4
You hints full about all their 4 hints remaining: 2
full has blue 3, green 4, green 3, yellow 5, green 2
MOVE: 0 2 2 None None None
full plays green 3 successfully! Board is now green 3, yellow 0, white 2, blue 0, red 1
full now has blue 3, green 4, yellow 5, green 2, yellow 1
MOVE: 1 1 None 0 None 1
You hints full about all their 1 hints remaining: 1
full has blue 3, green 4, yellow 5, green 2, yellow 1
MOVE: 0 2 4 None None None
full plays yellow 1 successfully! Board is now green 3, yellow 1, white 2, blue 0, red 1
full now has blue 3, green 4, yellow 5, green 2, red 2
MOVE: 1 1 None 0 None 2
You hints full about all their 2 hints remaining: 0
full has blue 3, green 4, yellow 5, green 2, red 2
MOVE: 0 2 3 None None None
full plays green 2 and fails. Board was green 3, yellow 1, white 2, blue 0, red 1
full now has blue 3, green 4, yellow 5, red 2, blue 2
MOVE: 1 2 4 1 None None
You plays blue 5 and fails. Board was green 3, yellow 1, white 2, blue 0, red 1
You now has green 4, red 3, red 4, white 5, green 3
Score 7
