Old GID: cd56a3ecc889fc79
Treatment: ('outer', 114)
[(1, 2), (3, 1), (0, 4), (1, 2), (1, 3), (0, 1), (2, 4), (2, 1), (2, 3), (4, 2), (1, 4), (1, 4), (2, 1), (0, 3), (3, 5), (2, 2), (2, 1), (3, 2), (1, 1), (0, 5), (3, 1), (2, 2), (3, 3), (1, 3), (4, 4), (3, 4), (0, 2), (4, 1), (3, 3), (3, 2), (0, 1), (4, 5), (2, 5), (4, 2), (0, 3), (2, 4), (1, 1), (3, 1), (0, 2), (1, 1)]
MOVE: 0 0 None 1 0 None
outer hints You about all their green cards hints remaining: 7
You has yellow 5, green 1, red 3, blue 4, white 3
MOVE: 1 0 None 0 4 None
You hints outer about all their red cards hints remaining: 6
outer has green 4, red 1, red 1, red 4, red 3
MOVE: 0 1 None 1 None 1
outer hints You about all their 1 hints remaining: 5
You has yellow 5, green 1, red 3, blue 4, white 3
MOVE: 1 1 None 0 None 1
You hints outer about all their 1 hints remaining: 4
outer has green 4, red 1, red 1, red 4, red 3
MOVE: 0 2 1 None None None
outer plays red 1 successfully! Board is now green 0, yellow 0, white 0, blue 0, red 1
outer now has green 4, red 1, red 4, red 3, yellow 2
MOVE: 1 2 1 1 None None
You plays green 1 successfully! Board is now green 1, yellow 0, white 0, blue 0, red 1
You now has yellow 5, red 3, blue 4, white 3, blue 1
MOVE: 0 3 1 None None None
outer discards red 1
trash is now red 1
outer now has green 4, red 4, red 3, yellow 2, green 4
MOVE: 1 3 0 1 None None
You discards yellow 5
trash is now red 1, yellow 5
You now has red 3, blue 4, white 3, blue 1, yellow 2
MOVE: 0 0 None 1 3 None
outer hints You about all their blue cards hints remaining: 5
You has red 3, blue 4, white 3, blue 1, yellow 2
MOVE: 1 2 3 1 None None
You plays blue 1 successfully! Board is now green 1, yellow 0, white 0, blue 1, red 1
You now has red 3, blue 4, white 3, yellow 2, yellow 3
MOVE: 0 1 None 1 None 3
outer hints You about all their 3 hints remaining: 4
You has red 3, blue 4, white 3, yellow 2, yellow 3
MOVE: 1 3 2 1 None None
You discards white 3
trash is now red 1, yellow 5, white 3
You now has red 3, blue 4, yellow 2, yellow 3, green 1
MOVE: 0 1 None 1 None 1
outer hints You about all their 1 hints remaining: 4
You has red 3, blue 4, yellow 2, yellow 3, green 1
MOVE: 1 2 4 1 None None
You plays green 1 and fails. Board was green 1, yellow 0, white 0, blue 1, red 1
You now has red 3, blue 4, yellow 2, yellow 3, white 4
MOVE: 0 1 None 1 None 3
outer hints You about all their 3 hints remaining: 3
You has red 3, blue 4, yellow 2, yellow 3, white 4
MOVE: 1 3 3 1 None None
You discards yellow 3
trash is now red 1, yellow 5, white 3, green 1, yellow 3
You now has red 3, blue 4, yellow 2, white 4, white 1
MOVE: 0 0 None 1 2 None
outer hints You about all their white cards hints remaining: 3
You has red 3, blue 4, yellow 2, white 4, white 1
MOVE: 1 2 4 1 None None
You plays white 1 successfully! Board is now green 1, yellow 0, white 1, blue 1, red 1
You now has red 3, blue 4, yellow 2, white 4, white 3
MOVE: 0 0 None 1 3 None
outer hints You about all their blue cards hints remaining: 2
You has red 3, blue 4, yellow 2, white 4, white 3
MOVE: 1 2 1 1 None None
You plays blue 4 and fails. Board was green 1, yellow 0, white 1, blue 1, red 1
You now has red 3, yellow 2, white 4, white 3, red 2
MOVE: 0 0 None 1 4 None
outer hints You about all their red cards hints remaining: 1
You has red 3, yellow 2, white 4, white 3, red 2
MOVE: 1 2 4 1 None None
You plays red 2 successfully! Board is now green 1, yellow 0, white 1, blue 1, red 2
You now has red 3, yellow 2, white 4, white 3, yellow 4
MOVE: 0 0 None 1 4 None
outer hints You about all their red cards hints remaining: 0
You has red 3, yellow 2, white 4, white 3, yellow 4
MOVE: 1 2 0 1 None None
You plays red 3 successfully! Board is now green 1, yellow 0, white 1, blue 1, red 3
You now has yellow 2, white 4, white 3, yellow 4, yellow 4
MOVE: 0 3 2 None None None
outer discards red 3
trash is now red 1, yellow 5, white 3, green 1, yellow 3, blue 4, red 3
outer now has green 4, red 4, yellow 2, green 4, white 1
MOVE: 1 1 None 0 None 4
You hints outer about all their 4 hints remaining: 0
outer has green 4, red 4, yellow 2, green 4, white 1
MOVE: 0 2 1 None None None
outer plays red 4 successfully! Board is now green 1, yellow 0, white 1, blue 1, red 4
outer now has green 4, yellow 2, green 4, white 1, green 3
MOVE: 1 3 1 1 None None
You discards white 4
trash is now red 1, yellow 5, white 3, green 1, yellow 3, blue 4, red 3, white 4
You now has yellow 2, white 3, yellow 4, yellow 4, blue 5
MOVE: 0 1 None 1 None 5
outer hints You about all their 5 hints remaining: 0
You has yellow 2, white 3, yellow 4, yellow 4, blue 5
MOVE: 1 2 4 1 None None
You plays blue 5 and fails. Board was green 1, yellow 0, white 1, blue 1, red 4
You now has yellow 2, white 3, yellow 4, yellow 4, white 2
Score 7
