Old GID: 12303ee0bce9f429
Treatment: ('intentional', 3802)
[(0, 2), (3, 4), (1, 4), (3, 2), (3, 4), (0, 2), (2, 5), (0, 1), (2, 2), (0, 1), (2, 1), (4, 5), (1, 2), (2, 3), (4, 4), (2, 1), (4, 1), (4, 1), (3, 3), (0, 4), (4, 3), (4, 1), (1, 3), (1, 1), (0, 3), (2, 2), (2, 4), (1, 2), (0, 5), (1, 1), (1, 4), (3, 3), (2, 3), (4, 3), (3, 1), (0, 1), (2, 1), (0, 3), (3, 1), (3, 1)]
MOVE: 0 3 0 None None None
intentional discards blue 5
trash is now blue 5
intentional now has yellow 1, red 2, white 4, blue 2, green 2
MOVE: 1 1 None 0 None 1
You hints intentional about all their 1 hints remaining: 7
intentional has yellow 1, red 2, white 4, blue 2, green 2
MOVE: 0 2 0 None None None
intentional plays yellow 1 successfully! Board is now green 0, yellow 1, white 0, blue 0, red 0
intentional now has red 2, white 4, blue 2, green 2, blue 4
MOVE: 1 3 0 1 None None
You discards red 2
trash is now blue 5, red 2
You now has yellow 3, yellow 5, green 4, red 4, yellow 4
MOVE: 0 3 4 None None None
intentional discards blue 4
trash is now blue 5, red 2, blue 4
intentional now has red 2, white 4, blue 2, green 2, blue 2
MOVE: 1 3 0 1 None None
You discards yellow 3
trash is now blue 5, red 2, blue 4, yellow 3
You now has yellow 5, green 4, red 4, yellow 4, blue 4
MOVE: 0 3 4 None None None
intentional discards blue 2
trash is now blue 5, red 2, blue 4, yellow 3, blue 2
intentional now has red 2, white 4, blue 2, green 2, green 2
MOVE: 1 3 0 1 None None
You discards yellow 5
trash is now blue 5, red 2, blue 4, yellow 3, blue 2, yellow 5
You now has green 4, red 4, yellow 4, blue 4, white 5
MOVE: 0 3 4 None None None
intentional discards green 2
trash is now blue 5, red 2, blue 4, yellow 3, blue 2, yellow 5, green 2
intentional now has red 2, white 4, blue 2, green 2, green 1
MOVE: 1 3 0 1 None None
You discards green 4
trash is now blue 5, red 2, blue 4, yellow 3, blue 2, yellow 5, green 2, green 4
You now has red 4, yellow 4, blue 4, white 5, white 2
MOVE: 0 3 4 None None None
intentional discards green 1
trash is now blue 5, red 2, blue 4, yellow 3, blue 2, yellow 5, green 2, green 4, green 1
intentional now has red 2, white 4, blue 2, green 2, green 1
MOVE: 1 0 None 0 0 None
You hints intentional about all their green cards hints remaining: 7
intentional has red 2, white 4, blue 2, green 2, green 1
MOVE: 0 3 0 None None None
intentional discards red 2
trash is now blue 5, red 2, blue 4, yellow 3, blue 2, yellow 5, green 2, green 4, green 1, red 2
intentional now has white 4, blue 2, green 2, green 1, white 1
MOVE: 1 1 None 0 None 1
You hints intentional about all their 1 hints remaining: 7
intentional has white 4, blue 2, green 2, green 1, white 1
MOVE: 0 2 3 None None None
intentional plays green 1 successfully! Board is now green 1, yellow 1, white 0, blue 0, red 0
intentional now has white 4, blue 2, green 2, white 1, red 5
MOVE: 1 0 None 0 2 None
You hints intentional about all their white cards hints remaining: 6
intentional has white 4, blue 2, green 2, white 1, red 5
MOVE: 0 2 3 None None None
intentional plays white 1 successfully! Board is now green 1, yellow 1, white 1, blue 0, red 0
intentional now has white 4, blue 2, green 2, red 5, yellow 2
MOVE: 1 1 None 0 None 2
You hints intentional about all their 2 hints remaining: 5
intentional has white 4, blue 2, green 2, red 5, yellow 2
MOVE: 0 2 2 None None None
intentional plays green 2 successfully! Board is now green 2, yellow 1, white 1, blue 0, red 0
intentional now has white 4, blue 2, red 5, yellow 2, white 3
MOVE: 1 0 None 0 1 None
You hints intentional about all their yellow cards hints remaining: 4
intentional has white 4, blue 2, red 5, yellow 2, white 3
MOVE: 0 2 3 None None None
intentional plays yellow 2 successfully! Board is now green 2, yellow 2, white 1, blue 0, red 0
intentional now has white 4, blue 2, red 5, white 3, red 4
MOVE: 1 3 0 1 None None
You discards red 4
trash is now blue 5, red 2, blue 4, yellow 3, blue 2, yellow 5, green 2, green 4, green 1, red 2, red 4
You now has yellow 4, blue 4, white 5, white 2, white 1
MOVE: 0 1 None 1 None 2
intentional hints You about all their 2 hints remaining: 4
You has yellow 4, blue 4, white 5, white 2, white 1
MOVE: 1 2 3 1 None None
You plays white 2 successfully! Board is now green 2, yellow 2, white 2, blue 0, red 0
You now has yellow 4, blue 4, white 5, white 1, red 1
MOVE: 0 0 None 1 4 None
intentional hints You about all their red cards hints remaining: 3
You has yellow 4, blue 4, white 5, white 1, red 1
MOVE: 1 1 None 0 None 3
You hints intentional about all their 3 hints remaining: 2
intentional has white 4, blue 2, red 5, white 3, red 4
MOVE: 0 3 3 None None None
intentional discards white 3
trash is now blue 5, red 2, blue 4, yellow 3, blue 2, yellow 5, green 2, green 4, green 1, red 2, red 4, white 3
intentional now has white 4, blue 2, red 5, red 4, red 1
MOVE: 1 1 None 0 None 1
You hints intentional about all their 1 hints remaining: 2
intentional has white 4, blue 2, red 5, red 4, red 1
MOVE: 0 3 4 None None None
intentional discards red 1
trash is now blue 5, red 2, blue 4, yellow 3, blue 2, yellow 5, green 2, green 4, green 1, red 2, red 4, white 3, red 1
intentional now has white 4, blue 2, red 5, red 4, blue 3
MOVE: 1 2 4 1 None None
You plays red 1 successfully! Board is now green 2, yellow 2, white 2, blue 0, red 1
You now has yellow 4, blue 4, white 5, white 1, green 4
MOVE: 0 3 4 None None None
intentional discards blue 3
trash is now blue 5, red 2, blue 4, yellow 3, blue 2, yellow 5, green 2, green 4, green 1, red 2, red 4, white 3, red 1, blue 3
intentional now has white 4, blue 2, red 5, red 4, red 3
MOVE: 1 2 4 1 None None
You plays green 4 and fails. Board was green 2, yellow 2, white 2, blue 0, red 1
You now has yellow 4, blue 4, white 5, white 1, red 1
MOVE: 0 3 4 None None None
intentional discards red 3
trash is now blue 5, red 2, blue 4, yellow 3, blue 2, yellow 5, green 2, green 4, green 1, red 2, red 4, white 3, red 1, blue 3, green 4, red 3
intentional now has white 4, blue 2, red 5, red 4, yellow 3
MOVE: 1 2 4 1 None None
You plays red 1 and fails. Board was green 2, yellow 2, white 2, blue 0, red 1
You now has yellow 4, blue 4, white 5, white 1, yellow 1
MOVE: 0 3 0 None None None
intentional discards white 4
trash is now blue 5, red 2, blue 4, yellow 3, blue 2, yellow 5, green 2, green 4, green 1, red 2, red 4, white 3, red 1, blue 3, green 4, red 3, red 1, white 4
intentional now has blue 2, red 5, red 4, yellow 3, green 3
MOVE: 1 2 4 1 None None
You plays yellow 1 and fails. Board was green 2, yellow 2, white 2, blue 0, red 1
You now has yellow 4, blue 4, white 5, white 1, white 2
Score 7
