Old GID: 237369304d4e4105
Treatment: ('full', 7420)
[(0, 1), (3, 3), (3, 3), (1, 1), (1, 5), (0, 1), (0, 3), (1, 3), (0, 1), (3, 2), (1, 4), (4, 1), (4, 2), (3, 1), (0, 5), (3, 2), (3, 4), (4, 3), (4, 1), (0, 3), (1, 1), (4, 2), (2, 5), (4, 1), (4, 5), (3, 1), (3, 4), (2, 3), (2, 4), (1, 2), (2, 4), (1, 1), (2, 1), (3, 5), (0, 4), (1, 4), (0, 2), (4, 3), (2, 2), (2, 3)]
MOVE: 0 0 None 1 2 None
full hints You about all their white cards hints remaining: 7
You has white 1, yellow 2, red 4, red 4, white 1
MOVE: 1 1 None 0 None 1
You hints full about all their 1 hints remaining: 6
full has green 2, green 4, yellow 3, blue 1, white 2
MOVE: 0 2 3 None None None
full plays blue 1 successfully! Board is now green 0, yellow 0, white 0, blue 1, red 0
full now has green 2, green 4, yellow 3, white 2, green 1
MOVE: 1 0 None 0 0 None
You hints full about all their green cards hints remaining: 5
full has green 2, green 4, yellow 3, white 2, green 1
MOVE: 0 2 4 None None None
full plays green 1 successfully! Board is now green 1, yellow 0, white 0, blue 1, red 0
full now has green 2, green 4, yellow 3, white 2, blue 3
MOVE: 1 1 None 0 None 2
You hints full about all their 2 hints remaining: 4
full has green 2, green 4, yellow 3, white 2, blue 3
MOVE: 0 2 0 None None None
full plays green 2 successfully! Board is now green 2, yellow 0, white 0, blue 1, red 0
full now has green 4, yellow 3, white 2, blue 3, blue 3
MOVE: 1 1 None 0 None 3
You hints full about all their 3 hints remaining: 3
full has green 4, yellow 3, white 2, blue 3, blue 3
MOVE: 0 2 3 None None None
full plays blue 3 and fails. Board was green 2, yellow 0, white 0, blue 1, red 0
full now has green 4, yellow 3, white 2, blue 3, yellow 1
MOVE: 1 1 None 0 None 1
You hints full about all their 1 hints remaining: 2
full has green 4, yellow 3, white 2, blue 3, yellow 1
MOVE: 0 2 4 None None None
full plays yellow 1 successfully! Board is now green 2, yellow 1, white 0, blue 1, red 0
full now has green 4, yellow 3, white 2, blue 3, yellow 5
MOVE: 1 0 None 0 1 None
You hints full about all their yellow cards hints remaining: 1
full has green 4, yellow 3, white 2, blue 3, yellow 5
MOVE: 0 2 4 None None None
full plays yellow 5 and fails. Board was green 2, yellow 1, white 0, blue 1, red 0
full now has green 4, yellow 3, white 2, blue 3, green 1
MOVE: 1 2 4 1 None None
You plays white 1 successfully! Board is now green 2, yellow 1, white 1, blue 1, red 0
You now has white 1, yellow 2, red 4, red 4, green 3
MOVE: 0 0 None 1 0 None
full hints You about all their green cards hints remaining: 0
You has white 1, yellow 2, red 4, red 4, green 3
MOVE: 1 2 4 1 None None
You plays green 3 successfully! Board is now green 3, yellow 1, white 1, blue 1, red 0
You now has white 1, yellow 2, red 4, red 4, yellow 3
MOVE: 0 3 4 None None None
full discards green 1
trash is now blue 3, yellow 5, green 1
full now has green 4, yellow 3, white 2, blue 3, green 1
MOVE: 1 1 None 0 None 4
You hints full about all their 4 hints remaining: 0
full has green 4, yellow 3, white 2, blue 3, green 1
MOVE: 0 2 0 None None None
full plays green 4 successfully! Board is now green 4, yellow 1, white 1, blue 1, red 0
full now has yellow 3, white 2, blue 3, green 1, blue 2
MOVE: 1 2 0 1 None None
You plays white 1 and fails. Board was green 4, yellow 1, white 1, blue 1, red 0
You now has yellow 2, red 4, red 4, yellow 3, yellow 4
Score 7
