Old GID: 5e93fd7b18ce2d62
Treatment: ('full', 9503)
[(1, 3), (2, 1), (0, 4), (2, 1), (1, 2), (0, 2), (4, 1), (4, 2), (4, 5), (2, 5), (4, 1), (3, 1), (3, 1), (1, 5), (1, 4), (2, 2), (1, 1), (0, 5), (3, 2), (0, 4), (2, 4), (0, 3), (1, 1), (1, 1), (2, 2), (2, 1), (4, 4), (4, 2), (0, 1), (2, 3), (3, 5), (3, 1), (3, 4), (4, 4), (0, 1), (0, 1), (2, 3), (1, 3), (0, 2), (3, 3)]
MOVE: 0 3 0 None None None
full discards yellow 2
trash is now yellow 2
full now has green 3, red 1, red 3, blue 4, yellow 3
MOVE: 1 1 None 0 None 1
You hints full about all their 1 hints remaining: 7
full has green 3, red 1, red 3, blue 4, yellow 3
MOVE: 0 2 1 None None None
full plays red 1 successfully! Board is now green 0, yellow 0, white 0, blue 0, red 1
full now has green 3, red 3, blue 4, yellow 3, white 1
MOVE: 1 0 None 0 2 None
You hints full about all their white cards hints remaining: 6
full has green 3, red 3, blue 4, yellow 3, white 1
MOVE: 0 2 4 None None None
full plays white 1 successfully! Board is now green 0, yellow 0, white 1, blue 0, red 1
full now has green 3, red 3, blue 4, yellow 3, green 4
MOVE: 1 1 None 0 None 3
You hints full about all their 3 hints remaining: 5
full has green 3, red 3, blue 4, yellow 3, green 4
MOVE: 0 3 0 None None None
full discards green 3
trash is now yellow 2, green 3
full now has red 3, blue 4, yellow 3, green 4, white 1
MOVE: 1 1 None 0 None 4
You hints full about all their 4 hints remaining: 5
full has red 3, blue 4, yellow 3, green 4, white 1
MOVE: 0 3 3 None None None
full discards green 4
trash is now yellow 2, green 3, green 4
full now has red 3, blue 4, yellow 3, white 1, yellow 2
MOVE: 1 0 None 0 4 None
You hints full about all their red cards hints remaining: 5
full has red 3, blue 4, yellow 3, white 1, yellow 2
MOVE: 0 3 1 None None None
full discards blue 4
trash is now yellow 2, green 3, green 4, blue 4
full now has red 3, yellow 3, white 1, yellow 2, green 2
MOVE: 1 0 None 0 1 None
You hints full about all their yellow cards hints remaining: 5
full has red 3, yellow 3, white 1, yellow 2, green 2
MOVE: 0 2 3 None None None
full plays yellow 2 and fails. Board was green 0, yellow 0, white 1, blue 0, red 1
full now has red 3, yellow 3, white 1, green 2, red 1
MOVE: 1 3 4 1 None None
You discards red 3
trash is now yellow 2, green 3, green 4, blue 4, yellow 2, red 3
You now has blue 2, blue 3, white 4, yellow 4, red 2
MOVE: 0 0 None 1 4 None
full hints You about all their red cards hints remaining: 5
You has blue 2, blue 3, white 4, yellow 4, red 2
MOVE: 1 2 4 1 None None
You plays red 2 successfully! Board is now green 0, yellow 0, white 1, blue 0, red 2
You now has blue 2, blue 3, white 4, yellow 4, red 5
MOVE: 0 2 0 None None None
full plays red 3 successfully! Board is now green 0, yellow 0, white 1, blue 0, red 3
full now has yellow 3, white 1, green 2, red 1, white 5
MOVE: 1 1 None 0 None 5
You hints full about all their 5 hints remaining: 4
full has yellow 3, white 1, green 2, red 1, white 5
MOVE: 0 3 3 None None None
full discards red 1
trash is now yellow 2, green 3, green 4, blue 4, yellow 2, red 3, red 1
full now has yellow 3, white 1, green 2, white 5, red 1
MOVE: 1 3 1 1 None None
You discards blue 3
trash is now yellow 2, green 3, green 4, blue 4, yellow 2, red 3, red 1, blue 3
You now has blue 2, white 4, yellow 4, red 5, blue 1
MOVE: 0 1 None 1 None 1
full hints You about all their 1 hints remaining: 5
You has blue 2, white 4, yellow 4, red 5, blue 1
MOVE: 1 2 4 1 None None
You plays blue 1 successfully! Board is now green 0, yellow 0, white 1, blue 1, red 3
You now has blue 2, white 4, yellow 4, red 5, blue 1
MOVE: 0 1 None 1 None 2
full hints You about all their 2 hints remaining: 4
You has blue 2, white 4, yellow 4, red 5, blue 1
MOVE: 1 2 0 1 None None
You plays blue 2 successfully! Board is now green 0, yellow 0, white 1, blue 2, red 3
You now has white 4, yellow 4, red 5, blue 1, yellow 5
MOVE: 0 3 0 None None None
full discards yellow 3
trash is now yellow 2, green 3, green 4, blue 4, yellow 2, red 3, red 1, blue 3, yellow 3
full now has white 1, green 2, white 5, red 1, yellow 4
MOVE: 1 1 None 0 None 4
You hints full about all their 4 hints remaining: 4
full has white 1, green 2, white 5, red 1, yellow 4
MOVE: 0 2 4 None None None
full plays yellow 4 and fails. Board was green 0, yellow 0, white 1, blue 2, red 3
full now has white 1, green 2, white 5, red 1, white 2
MOVE: 1 3 3 1 None None
You discards blue 1
trash is now yellow 2, green 3, green 4, blue 4, yellow 2, red 3, red 1, blue 3, yellow 3, yellow 4, blue 1
You now has white 4, yellow 4, red 5, yellow 5, yellow 1
MOVE: 0 1 None 1 None 1
full hints You about all their 1 hints remaining: 4
You has white 4, yellow 4, red 5, yellow 5, yellow 1
MOVE: 1 2 4 1 None None
You plays yellow 1 successfully! Board is now green 0, yellow 1, white 1, blue 2, red 3
You now has white 4, yellow 4, red 5, yellow 5, green 5
MOVE: 0 3 1 None None None
full discards green 2
trash is now yellow 2, green 3, green 4, blue 4, yellow 2, red 3, red 1, blue 3, yellow 3, yellow 4, blue 1, green 2
full now has white 1, white 5, red 1, white 2, blue 2
MOVE: 1 3 2 1 None None
You discards red 5
trash is now yellow 2, green 3, green 4, blue 4, yellow 2, red 3, red 1, blue 3, yellow 3, yellow 4, blue 1, green 2, red 5
You now has white 4, yellow 4, yellow 5, green 5, green 4
MOVE: 0 3 2 None None None
full discards red 1
trash is now yellow 2, green 3, green 4, blue 4, yellow 2, red 3, red 1, blue 3, yellow 3, yellow 4, blue 1, green 2, red 5, red 1
full now has white 1, white 5, white 2, blue 2, white 4
MOVE: 1 3 3 1 None None
You discards green 5
trash is now yellow 2, green 3, green 4, blue 4, yellow 2, red 3, red 1, blue 3, yellow 3, yellow 4, blue 1, green 2, red 5, red 1, green 5
You now has white 4, yellow 4, yellow 5, green 4, green 3
MOVE: 0 3 2 None None None
full discards white 2
trash is now yellow 2, green 3, green 4, blue 4, yellow 2, red 3, red 1, blue 3, yellow 3, yellow 4, blue 1, green 2, red 5, red 1, green 5, white 2
full now has white 1, white 5, blue 2, white 4, yellow 1
MOVE: 1 3 0 1 None None
You discards white 4
trash is now yellow 2, green 3, green 4, blue 4, yellow 2, red 3, red 1, blue 3, yellow 3, yellow 4, blue 1, green 2, red 5, red 1, green 5, white 2, white 4
You now has yellow 4, yellow 5, green 4, green 3, yellow 1
MOVE: 0 3 2 None None None
full discards blue 2
trash is now yellow 2, green 3, green 4, blue 4, yellow 2, red 3, red 1, blue 3, yellow 3, yellow 4, blue 1, green 2, red 5, red 1, green 5, white 2, white 4, blue 2
full now has white 1, white 5, white 4, yellow 1, white 2
MOVE: 1 1 None 0 None 2
You hints full about all their 2 hints remaining: 7
full has white 1, white 5, white 4, yellow 1, white 2
MOVE: 0 2 4 None None None
full plays white 2 successfully! Board is now green 0, yellow 1, white 2, blue 2, red 3
full now has white 1, white 5, white 4, yellow 1, white 1
MOVE: 1 1 None 0 None 4
You hints full about all their 4 hints remaining: 6
full has white 1, white 5, white 4, yellow 1, white 1
MOVE: 0 2 2 None None None
full plays white 4 and fails. Board was green 0, yellow 1, white 2, blue 2, red 3
full now has white 1, white 5, yellow 1, white 1, red 4
Score 8
