Old GID: f4047a91d7b94b21
Treatment: ('intentional', 9864)
[(4, 1), (3, 1), (0, 2), (0, 1), (4, 2), (2, 3), (3, 3), (1, 2), (0, 1), (1, 4), (2, 4), (4, 3), (0, 5), (4, 5), (1, 5), (3, 5), (4, 1), (1, 1), (3, 2), (2, 4), (3, 1), (1, 3), (2, 1), (3, 3), (3, 4), (4, 2), (3, 1), (4, 4), (0, 3), (4, 3), (1, 1), (0, 4), (4, 1), (3, 2), (1, 2), (2, 3), (0, 3), (2, 2), (2, 2), (1, 4)]
MOVE: 0 1 None 1 None 1
intentional hints You about all their 1 hints remaining: 7
You has green 1, white 1, white 5, green 4, blue 4
MOVE: 1 2 1 1 None None
You plays white 1 successfully! Board is now green 0, yellow 0, white 1, blue 0, red 0
You now has green 1, white 5, green 4, blue 4, red 1
MOVE: 0 1 None 1 None 1
intentional hints You about all their 1 hints remaining: 6
You has green 1, white 5, green 4, blue 4, red 1
MOVE: 1 2 0 1 None None
You plays green 1 successfully! Board is now green 1, yellow 0, white 1, blue 0, red 0
You now has white 5, green 4, blue 4, red 1, blue 1
MOVE: 0 1 None 1 None 1
intentional hints You about all their 1 hints remaining: 5
You has white 5, green 4, blue 4, red 1, blue 1
MOVE: 1 0 None 0 0 None
You hints intentional about all their green cards hints remaining: 4
intentional has yellow 1, green 2, red 4, yellow 3, white 1
MOVE: 0 0 None 1 3 None
intentional hints You about all their blue cards hints remaining: 3
You has white 5, green 4, blue 4, red 1, blue 1
MOVE: 1 2 4 1 None None
You plays blue 1 successfully! Board is now green 1, yellow 0, white 1, blue 1, red 0
You now has white 5, green 4, blue 4, red 1, green 2
MOVE: 0 0 None 1 4 None
intentional hints You about all their red cards hints remaining: 2
You has white 5, green 4, blue 4, red 1, green 2
MOVE: 1 0 None 0 0 None
You hints intentional about all their green cards hints remaining: 1
intentional has yellow 1, green 2, red 4, yellow 3, white 1
MOVE: 0 1 None 1 None 2
intentional hints You about all their 2 hints remaining: 0
You has white 5, green 4, blue 4, red 1, green 2
MOVE: 1 2 4 1 None None
You plays green 2 successfully! Board is now green 2, yellow 0, white 1, blue 1, red 0
You now has white 5, green 4, blue 4, red 1, green 1
MOVE: 0 3 0 None None None
intentional discards yellow 1
trash is now yellow 1
intentional now has green 2, red 4, yellow 3, white 1, red 2
MOVE: 1 2 3 1 None None
You plays red 1 successfully! Board is now green 2, yellow 0, white 1, blue 1, red 1
You now has white 5, green 4, blue 4, green 1, white 3
MOVE: 0 3 4 None None None
intentional discards red 2
trash is now yellow 1, red 2
intentional now has green 2, red 4, yellow 3, white 1, blue 3
MOVE: 1 2 2 1 None None
You plays blue 4 and fails. Board was green 2, yellow 0, white 1, blue 1, red 1
You now has white 5, green 4, green 1, white 3, yellow 2
MOVE: 0 3 0 None None None
intentional discards green 2
trash is now yellow 1, red 2, blue 4, green 2
intentional now has red 4, yellow 3, white 1, blue 3, green 1
MOVE: 1 2 2 1 None None
You plays green 1 and fails. Board was green 2, yellow 0, white 1, blue 1, red 1
You now has white 5, green 4, white 3, yellow 2, yellow 4
MOVE: 0 3 3 None None None
intentional discards blue 3
trash is now yellow 1, red 2, blue 4, green 2, green 1, blue 3
intentional now has red 4, yellow 3, white 1, green 1, white 4
MOVE: 1 2 2 1 None None
You plays white 3 and fails. Board was green 2, yellow 0, white 1, blue 1, red 1
You now has white 5, green 4, yellow 2, yellow 4, red 3
Score 5
