Old GID: a23d5f4f25e41b83
Treatment: ('outer', 2297)
[(1, 2), (4, 4), (0, 2), (4, 4), (0, 1), (1, 4), (3, 1), (2, 1), (1, 5), (2, 3), (0, 3), (0, 5), (2, 4), (1, 4), (2, 5), (2, 3), (3, 4), (3, 1), (3, 5), (4, 1), (4, 5), (2, 4), (1, 3), (4, 2), (2, 1), (3, 4), (2, 1), (0, 1), (3, 1), (4, 3), (1, 2), (3, 3), (3, 2), (4, 1), (1, 3), (1, 1), (4, 3), (0, 3), (3, 2), (2, 2)]
MOVE: 0 0 None 1 1 None
outer hints You about all their yellow cards hints remaining: 7
You has yellow 1, green 2, red 2, green 4, blue 3
MOVE: 1 1 None 0 None 1
You hints outer about all their 1 hints remaining: 6
outer has white 2, yellow 1, red 1, green 1, green 4
MOVE: 0 2 1 None None None
outer plays yellow 1 successfully! Board is now green 0, yellow 1, white 0, blue 0, red 0
outer now has white 2, red 1, green 1, green 4, yellow 2
MOVE: 1 0 None 0 1 None
You hints outer about all their yellow cards hints remaining: 5
outer has white 2, red 1, green 1, green 4, yellow 2
MOVE: 0 2 1 None None None
outer plays red 1 successfully! Board is now green 0, yellow 1, white 0, blue 0, red 1
outer now has white 2, green 1, green 4, yellow 2, red 4
MOVE: 1 1 None 0 None 2
You hints outer about all their 2 hints remaining: 4
outer has white 2, green 1, green 4, yellow 2, red 4
MOVE: 0 2 3 None None None
outer plays yellow 2 successfully! Board is now green 0, yellow 2, white 0, blue 0, red 1
outer now has white 2, green 1, green 4, red 4, green 2
MOVE: 1 0 None 0 0 None
You hints outer about all their green cards hints remaining: 3
outer has white 2, green 1, green 4, red 4, green 2
MOVE: 0 2 1 None None None
outer plays green 1 successfully! Board is now green 1, yellow 2, white 0, blue 0, red 1
outer now has white 2, green 4, red 4, green 2, red 4
MOVE: 1 1 None 0 None 2
You hints outer about all their 2 hints remaining: 2
outer has white 2, green 4, red 4, green 2, red 4
MOVE: 0 2 3 None None None
outer plays green 2 successfully! Board is now green 2, yellow 2, white 0, blue 0, red 1
outer now has white 2, green 4, red 4, red 4, green 1
MOVE: 1 3 0 1 None None
You discards yellow 1
trash is now yellow 1
You now has green 2, red 2, green 4, blue 3, yellow 4
MOVE: 0 1 None 1 None 2
outer hints You about all their 2 hints remaining: 2
You has green 2, red 2, green 4, blue 3, yellow 4
MOVE: 1 3 2 1 None None
You discards green 4
trash is now yellow 1, green 4
You now has green 2, red 2, blue 3, yellow 4, blue 1
MOVE: 0 0 None 1 4 None
outer hints You about all their red cards hints remaining: 2
You has green 2, red 2, blue 3, yellow 4, blue 1
MOVE: 1 2 1 1 None None
You plays red 2 successfully! Board is now green 2, yellow 2, white 0, blue 0, red 2
You now has green 2, blue 3, yellow 4, blue 1, white 1
MOVE: 0 0 None 1 3 None
outer hints You about all their blue cards hints remaining: 1
You has green 2, blue 3, yellow 4, blue 1, white 1
MOVE: 1 3 2 1 None None
You discards yellow 4
trash is now yellow 1, green 4, yellow 4
You now has green 2, blue 3, blue 1, white 1, yellow 5
MOVE: 0 1 None 1 None 1
outer hints You about all their 1 hints remaining: 1
You has green 2, blue 3, blue 1, white 1, yellow 5
MOVE: 1 2 2 1 None None
You plays blue 1 successfully! Board is now green 2, yellow 2, white 0, blue 1, red 2
You now has green 2, blue 3, white 1, yellow 5, white 3
MOVE: 0 1 None 1 None 1
outer hints You about all their 1 hints remaining: 0
You has green 2, blue 3, white 1, yellow 5, white 3
MOVE: 1 2 2 1 None None
You plays white 1 successfully! Board is now green 2, yellow 2, white 1, blue 1, red 2
You now has green 2, blue 3, yellow 5, white 3, green 3
MOVE: 0 3 0 None None None
outer discards white 2
trash is now yellow 1, green 4, yellow 4, white 2
outer now has green 4, red 4, red 4, green 1, green 5
MOVE: 1 1 None 0 None 1
You hints outer about all their 1 hints remaining: 0
outer has green 4, red 4, red 4, green 1, green 5
MOVE: 0 3 3 None None None
outer discards green 1
trash is now yellow 1, green 4, yellow 4, white 2, green 1
outer now has green 4, red 4, red 4, green 5, white 4
MOVE: 1 2 0 1 None None
You plays green 2 and fails. Board was green 2, yellow 2, white 1, blue 1, red 2
You now has blue 3, yellow 5, white 3, green 3, yellow 4
MOVE: 0 0 None 1 0 None
outer hints You about all their green cards hints remaining: 0
You has blue 3, yellow 5, white 3, green 3, yellow 4
MOVE: 1 2 3 1 None None
You plays green 3 successfully! Board is now green 3, yellow 2, white 1, blue 1, red 2
You now has blue 3, yellow 5, white 3, yellow 4, white 5
MOVE: 0 3 0 None None None
outer discards green 4
trash is now yellow 1, green 4, yellow 4, white 2, green 1, green 2, green 4
outer now has red 4, red 4, green 5, white 4, white 3
MOVE: 1 3 2 1 None None
You discards white 3
trash is now yellow 1, green 4, yellow 4, white 2, green 1, green 2, green 4, white 3
You now has blue 3, yellow 5, yellow 4, white 5, blue 4
MOVE: 0 0 None 1 1 None
outer hints You about all their yellow cards hints remaining: 1
You has blue 3, yellow 5, yellow 4, white 5, blue 4
MOVE: 1 3 3 1 None None
You discards white 5
trash is now yellow 1, green 4, yellow 4, white 2, green 1, green 2, green 4, white 3, white 5
You now has blue 3, yellow 5, yellow 4, blue 4, blue 1
MOVE: 0 0 None 1 3 None
outer hints You about all their blue cards hints remaining: 1
You has blue 3, yellow 5, yellow 4, blue 4, blue 1
MOVE: 1 2 1 1 None None
You plays yellow 5 and fails. Board was green 3, yellow 2, white 1, blue 1, red 2
You now has blue 3, yellow 4, blue 4, blue 1, blue 5
MOVE: 0 1 None 1 None 1
outer hints You about all their 1 hints remaining: 0
You has blue 3, yellow 4, blue 4, blue 1, blue 5
MOVE: 1 2 1 1 None None
You plays yellow 4 and fails. Board was green 3, yellow 2, white 1, blue 1, red 2
You now has blue 3, blue 4, blue 1, blue 5, red 1
Score 9
