Old GID: 8a6febcf85c544d4
Treatment: ('outer', 8446)
[(3, 1), (4, 1), (1, 2), (2, 1), (4, 4), (1, 5), (0, 2), (2, 1), (0, 5), (1, 4), (2, 4), (3, 5), (2, 3), (3, 4), (4, 3), (4, 1), (3, 3), (2, 3), (4, 1), (4, 3), (3, 2), (2, 2), (1, 1), (0, 1), (4, 2), (2, 4), (1, 2), (2, 2), (3, 4), (0, 4), (2, 5), (1, 3), (0, 3), (4, 4), (3, 1), (1, 4), (0, 3), (1, 1), (0, 1), (3, 3)]
MOVE: 0 0 None 1 1 None
outer hints You about all their yellow cards hints remaining: 7
You has yellow 1, yellow 3, red 5, green 1, green 2
MOVE: 1 2 0 1 None None
You plays yellow 1 successfully! Board is now green 0, yellow 1, white 0, blue 0, red 0
You now has yellow 3, red 5, green 1, green 2, blue 1
MOVE: 0 1 None 1 None 1
outer hints You about all their 1 hints remaining: 6
You has yellow 3, red 5, green 1, green 2, blue 1
MOVE: 1 3 0 1 None None
You discards yellow 3
trash is now yellow 3
You now has red 5, green 1, green 2, blue 1, red 1
MOVE: 0 0 None 1 0 None
outer hints You about all their green cards hints remaining: 6
You has red 5, green 1, green 2, blue 1, red 1
MOVE: 1 2 1 1 None None
You plays green 1 successfully! Board is now green 1, yellow 1, white 0, blue 0, red 0
You now has red 5, green 2, blue 1, red 1, yellow 2
MOVE: 0 0 None 1 0 None
outer hints You about all their green cards hints remaining: 5
You has red 5, green 2, blue 1, red 1, yellow 2
MOVE: 1 2 2 1 None None
You plays blue 1 successfully! Board is now green 1, yellow 1, white 0, blue 1, red 0
You now has red 5, green 2, red 1, yellow 2, white 1
MOVE: 0 1 None 1 None 2
outer hints You about all their 2 hints remaining: 4
You has red 5, green 2, red 1, yellow 2, white 1
MOVE: 1 2 1 1 None None
You plays green 2 successfully! Board is now green 2, yellow 1, white 0, blue 1, red 0
You now has red 5, red 1, yellow 2, white 1, red 4
MOVE: 0 0 None 1 1 None
outer hints You about all their yellow cards hints remaining: 3
You has red 5, red 1, yellow 2, white 1, red 4
MOVE: 1 2 2 1 None None
You plays yellow 2 successfully! Board is now green 2, yellow 2, white 0, blue 1, red 0
You now has red 5, red 1, white 1, red 4, yellow 5
MOVE: 0 1 None 1 None 1
outer hints You about all their 1 hints remaining: 2
You has red 5, red 1, white 1, red 4, yellow 5
MOVE: 1 2 2 1 None None
You plays white 1 successfully! Board is now green 2, yellow 2, white 1, blue 1, red 0
You now has red 5, red 1, red 4, yellow 5, green 2
MOVE: 0 0 None 1 4 None
outer hints You about all their red cards hints remaining: 1
You has red 5, red 1, red 4, yellow 5, green 2
MOVE: 1 2 1 1 None None
You plays red 1 successfully! Board is now green 2, yellow 2, white 1, blue 1, red 1
You now has red 5, red 4, yellow 5, green 2, white 1
MOVE: 0 0 None 1 0 None
outer hints You about all their green cards hints remaining: 0
You has red 5, red 4, yellow 5, green 2, white 1
MOVE: 1 2 3 1 None None
You plays green 2 and fails. Board was green 2, yellow 2, white 1, blue 1, red 1
You now has red 5, red 4, yellow 5, white 1, green 5
MOVE: 0 3 4 None None None
outer discards green 4
trash is now yellow 3, green 2, green 4
outer now has blue 2, blue 1, white 1, red 2, yellow 4
MOVE: 1 1 None 0 None 2
You hints outer about all their 2 hints remaining: 0
outer has blue 2, blue 1, white 1, red 2, yellow 4
MOVE: 0 3 4 None None None
outer discards yellow 4
trash is now yellow 3, green 2, green 4, yellow 4
outer now has blue 2, blue 1, white 1, red 2, white 4
MOVE: 1 0 None 0 4 None
You hints outer about all their red cards hints remaining: 0
outer has blue 2, blue 1, white 1, red 2, white 4
MOVE: 0 2 3 None None None
outer plays red 2 successfully! Board is now green 2, yellow 2, white 1, blue 1, red 2
outer now has blue 2, blue 1, white 1, white 4, blue 5
MOVE: 1 3 2 1 None None
You discards yellow 5
trash is now yellow 3, green 2, green 4, yellow 4, yellow 5
You now has red 5, red 4, white 1, green 5, white 3
MOVE: 0 1 None 1 None 4
outer hints You about all their 4 hints remaining: 0
You has red 5, red 4, white 1, green 5, white 3
MOVE: 1 3 2 1 None None
You discards white 1
trash is now yellow 3, green 2, green 4, yellow 4, yellow 5, white 1
You now has red 5, red 4, green 5, white 3, blue 4
MOVE: 0 1 None 1 None 3
outer hints You about all their 3 hints remaining: 0
You has red 5, red 4, green 5, white 3, blue 4
MOVE: 1 2 3 1 None None
You plays white 3 and fails. Board was green 2, yellow 2, white 1, blue 1, red 2
You now has red 5, red 4, green 5, blue 4, red 3
MOVE: 0 3 0 None None None
outer discards blue 2
trash is now yellow 3, green 2, green 4, yellow 4, yellow 5, white 1, white 3, blue 2
outer now has blue 1, white 1, white 4, blue 5, red 1
MOVE: 1 3 2 1 None None
You discards green 5
trash is now yellow 3, green 2, green 4, yellow 4, yellow 5, white 1, white 3, blue 2, green 5
You now has red 5, red 4, blue 4, red 3, blue 3
MOVE: 0 1 None 1 None 3
outer hints You about all their 3 hints remaining: 1
You has red 5, red 4, blue 4, red 3, blue 3
MOVE: 1 2 3 1 None None
You plays red 3 successfully! Board is now green 2, yellow 2, white 1, blue 1, red 3
You now has red 5, red 4, blue 4, blue 3, white 3
MOVE: 0 0 None 1 4 None
outer hints You about all their red cards hints remaining: 0
You has red 5, red 4, blue 4, blue 3, white 3
MOVE: 1 2 3 1 None None
You plays blue 3 and fails. Board was green 2, yellow 2, white 1, blue 1, red 3
You now has red 5, red 4, blue 4, white 3, red 1
Score 9
