Treatment: ('intentional', 4)
[(4, 4), (3, 4), (3, 3), (1, 1), (0, 2), (0, 4), (4, 1), (1, 3), (0, 1), (2, 5), (3, 3), (4, 5), (1, 3), (1, 2), (0, 1), (2, 1), (2, 2), (2, 1), (4, 2), (4, 2), (4, 4), (2, 3), (2, 3), (2, 4), (4, 1), (4, 3), (4, 3), (0, 3), (1, 1), (2, 1), (0, 5), (3, 1), (3, 2), (4, 1), (1, 4), (0, 2), (0, 4), (1, 5), (0, 3), (1, 1)]
MOVE: 0 1 None 1 None 1
intentional hints You about all their 1 hints remaining: 7
You has green 1, blue 1, yellow 4, white 4, blue 1
MOVE: 1 2 0 1 None None
You plays green 1 successfully! Board is now green 1, yellow 0, white 0, blue 0, red 0
You now has blue 1, yellow 4, white 4, blue 1, red 4
MOVE: 0 0 None 1 3 None
intentional hints You about all their blue cards hints remaining: 6
You has blue 1, yellow 4, white 4, blue 1, red 4
MOVE: 1 1 None 0 None 2
You hints intentional about all their 2 hints remaining: 5
intentional has yellow 2, white 2, blue 5, blue 4, blue 2
MOVE: 0 3 2 None None None
intentional discards blue 5
trash is now blue 5
intentional now has yellow 2, white 2, blue 4, blue 2, blue 4
MOVE: 1 2 0 1 None None
You plays blue 1 successfully! Board is now green 1, yellow 0, white 0, blue 1, red 0
You now has yellow 4, white 4, blue 1, red 4, blue 3
MOVE: 0 3 4 None None None
intentional discards blue 4
trash is now blue 5, blue 4
intentional now has yellow 2, white 2, blue 4, blue 2, yellow 1
MOVE: 1 0 None 0 3 None
You hints intentional about all their blue cards hints remaining: 6
intentional has yellow 2, white 2, blue 4, blue 2, yellow 1
MOVE: 0 2 3 None None None
intentional plays blue 2 successfully! Board is now green 1, yellow 0, white 0, blue 2, red 0
intentional now has yellow 2, white 2, blue 4, yellow 1, green 2
MOVE: 1 0 None 0 1 None
You hints intentional about all their yellow cards hints remaining: 5
intentional has yellow 2, white 2, blue 4, yellow 1, green 2
MOVE: 0 0 None 1 3 None
intentional hints You about all their blue cards hints remaining: 4
You has yellow 4, white 4, blue 1, red 4, blue 3
MOVE: 1 2 4 1 None None
You plays blue 3 successfully! Board is now green 1, yellow 0, white 0, blue 3, red 0
You now has yellow 4, white 4, blue 1, red 4, green 4
MOVE: 0 3 2 None None None
intentional discards blue 4
trash is now blue 5, blue 4, blue 4
intentional now has yellow 2, white 2, yellow 1, green 2, red 1
MOVE: 1 1 None 0 None 1
You hints intentional about all their 1 hints remaining: 4
intentional has yellow 2, white 2, yellow 1, green 2, red 1
MOVE: 0 2 2 None None None
intentional plays yellow 1 successfully! Board is now green 1, yellow 1, white 0, blue 3, red 0
intentional now has yellow 2, white 2, green 2, red 1, yellow 3
MOVE: 1 3 2 1 None None
You discards blue 1
trash is now blue 5, blue 4, blue 4, blue 1
You now has yellow 4, white 4, red 4, green 4, green 1
MOVE: 0 2 0 None None None
intentional plays yellow 2 successfully! Board is now green 1, yellow 2, white 0, blue 3, red 0
intentional now has white 2, green 2, red 1, yellow 3, white 5
MOVE: 1 3 0 1 None None
You discards yellow 4
trash is now blue 5, blue 4, blue 4, blue 1, yellow 4
You now has white 4, red 4, green 4, green 1, blue 3
MOVE: 0 3 3 None None None
intentional discards yellow 3
trash is now blue 5, blue 4, blue 4, blue 1, yellow 4, yellow 3
intentional now has white 2, green 2, red 1, white 5, red 5
MOVE: 1 0 None 0 4 None
You hints intentional about all their red cards hints remaining: 6
intentional has white 2, green 2, red 1, white 5, red 5
MOVE: 0 2 2 None None None
intentional plays red 1 successfully! Board is now green 1, yellow 2, white 0, blue 3, red 1
intentional now has white 2, green 2, white 5, red 5, yellow 3
MOVE: 1 0 None 0 2 None
You hints intentional about all their white cards hints remaining: 5
intentional has white 2, green 2, white 5, red 5, yellow 3
MOVE: 0 3 4 None None None
intentional discards yellow 3
trash is now blue 5, blue 4, blue 4, blue 1, yellow 4, yellow 3, yellow 3
intentional now has white 2, green 2, white 5, red 5, yellow 2
MOVE: 1 2 0 1 None None
You plays white 4 and fails. Board was green 1, yellow 2, white 0, blue 3, red 1
You now has red 4, green 4, green 1, blue 3, green 1
MOVE: 0 3 4 None None None
intentional discards yellow 2
trash is now blue 5, blue 4, blue 4, blue 1, yellow 4, yellow 3, yellow 3, white 4, yellow 2
intentional now has white 2, green 2, white 5, red 5, white 1
MOVE: 1 1 None 0 None 1
You hints intentional about all their 1 hints remaining: 6
intentional has white 2, green 2, white 5, red 5, white 1
MOVE: 0 3 4 None None None
intentional discards white 1
trash is now blue 5, blue 4, blue 4, blue 1, yellow 4, yellow 3, yellow 3, white 4, yellow 2, white 1
intentional now has white 2, green 2, white 5, red 5, white 2
MOVE: 1 1 None 0 None 2
You hints intentional about all their 2 hints remaining: 6
intentional has white 2, green 2, white 5, red 5, white 2
MOVE: 0 3 3 None None None
intentional discards red 5
trash is now blue 5, blue 4, blue 4, blue 1, yellow 4, yellow 3, yellow 3, white 4, yellow 2, white 1, red 5
intentional now has white 2, green 2, white 5, white 2, white 1
MOVE: 1 1 None 0 None 1
You hints intentional about all their 1 hints remaining: 6
intentional has white 2, green 2, white 5, white 2, white 1
MOVE: 0 3 4 None None None
intentional discards white 1
trash is now blue 5, blue 4, blue 4, blue 1, yellow 4, yellow 3, yellow 3, white 4, yellow 2, white 1, red 5, white 1
intentional now has white 2, green 2, white 5, white 2, red 2
MOVE: 1 0 None 0 4 None
You hints intentional about all their red cards hints remaining: 6
intentional has white 2, green 2, white 5, white 2, red 2
MOVE: 0 3 4 None None None
intentional discards red 2
trash is now blue 5, blue 4, blue 4, blue 1, yellow 4, yellow 3, yellow 3, white 4, yellow 2, white 1, red 5, white 1, red 2
intentional now has white 2, green 2, white 5, white 2, red 2
MOVE: 1 0 None 0 4 None
You hints intentional about all their red cards hints remaining: 6
intentional has white 2, green 2, white 5, white 2, red 2
MOVE: 0 3 4 None None None
intentional discards red 2
trash is now blue 5, blue 4, blue 4, blue 1, yellow 4, yellow 3, yellow 3, white 4, yellow 2, white 1, red 5, white 1, red 2, red 2
intentional now has white 2, green 2, white 5, white 2, red 4
MOVE: 1 3 0 1 None None
You discards red 4
trash is now blue 5, blue 4, blue 4, blue 1, yellow 4, yellow 3, yellow 3, white 4, yellow 2, white 1, red 5, white 1, red 2, red 2, red 4
You now has green 4, green 1, blue 3, green 1, white 3
MOVE: 0 3 4 None None None
intentional discards red 4
trash is now blue 5, blue 4, blue 4, blue 1, yellow 4, yellow 3, yellow 3, white 4, yellow 2, white 1, red 5, white 1, red 2, red 2, red 4, red 4
intentional now has white 2, green 2, white 5, white 2, white 3
MOVE: 1 3 0 1 None None
You discards green 4
trash is now blue 5, blue 4, blue 4, blue 1, yellow 4, yellow 3, yellow 3, white 4, yellow 2, white 1, red 5, white 1, red 2, red 2, red 4, red 4, green 4
You now has green 1, blue 3, green 1, white 3, white 4
MOVE: 0 3 4 None None None
intentional discards white 3
trash is now blue 5, blue 4, blue 4, blue 1, yellow 4, yellow 3, yellow 3, white 4, yellow 2, white 1, red 5, white 1, red 2, red 2, red 4, red 4, green 4, white 3
intentional now has white 2, green 2, white 5, white 2, red 1
MOVE: 1 1 None 0 None 1
You hints intentional about all their 1 hints remaining: 7
intentional has white 2, green 2, white 5, white 2, red 1
MOVE: 0 3 4 None None None
intentional discards red 1
trash is now blue 5, blue 4, blue 4, blue 1, yellow 4, yellow 3, yellow 3, white 4, yellow 2, white 1, red 5, white 1, red 2, red 2, red 4, red 4, green 4, white 3, red 1
intentional now has white 2, green 2, white 5, white 2, red 3
MOVE: 1 2 0 1 None None
You plays green 1 and fails. Board was green 1, yellow 2, white 0, blue 3, red 1
You now has blue 3, green 1, white 3, white 4, red 3
MOVE: 0 3 3 None None None
intentional discards white 2
trash is now blue 5, blue 4, blue 4, blue 1, yellow 4, yellow 3, yellow 3, white 4, yellow 2, white 1, red 5, white 1, red 2, red 2, red 4, red 4, green 4, white 3, red 1, green 1, white 2
intentional now has white 2, green 2, white 5, red 3, green 3
MOVE: 1 2 0 1 None None
You plays blue 3 and fails. Board was green 1, yellow 2, white 0, blue 3, red 1
You now has green 1, white 3, white 4, red 3, yellow 1
Score 7
