Old GID: ba579d2a14053d52
Treatment: ('outer', 3375)
[(2, 5), (1, 1), (3, 5), (2, 4), (1, 1), (3, 2), (4, 4), (4, 1), (0, 4), (3, 1), (3, 1), (0, 2), (4, 4), (3, 1), (0, 3), (2, 3), (1, 4), (3, 4), (0, 5), (1, 4), (2, 1), (4, 2), (2, 2), (2, 1), (2, 1), (0, 1), (4, 1), (3, 2), (4, 1), (1, 3), (0, 1), (2, 4), (1, 2), (3, 3), (0, 1), (1, 2), (0, 3), (2, 2), (1, 3), (4, 5)]
MOVE: 0 0 None 1 0 None
outer hints You about all their green cards hints remaining: 7
You has red 2, yellow 5, blue 3, blue 4, green 2
MOVE: 1 2 4 1 None None
You plays green 2 and fails. Board was green 0, yellow 0, white 0, blue 0, red 0
You now has red 2, yellow 5, blue 3, blue 4, white 5
MOVE: 0 1 None 1 None 5
outer hints You about all their 5 hints remaining: 6
You has red 2, yellow 5, blue 3, blue 4, white 5
MOVE: 1 2 1 1 None None
You plays yellow 5 and fails. Board was green 0, yellow 0, white 0, blue 0, red 0
You now has red 2, blue 3, blue 4, white 5, yellow 1
MOVE: 0 0 None 1 1 None
outer hints You about all their yellow cards hints remaining: 5
You has red 2, blue 3, blue 4, white 5, yellow 1
MOVE: 1 2 4 1 None None
You plays yellow 1 successfully! Board is now green 0, yellow 1, white 0, blue 0, red 0
You now has red 2, blue 3, blue 4, white 5, blue 5
MOVE: 0 1 None 1 None 2
outer hints You about all their 2 hints remaining: 4
You has red 2, blue 3, blue 4, white 5, blue 5
MOVE: 1 2 3 1 None None
You plays white 5 and fails. Board was green 0, yellow 1, white 0, blue 0, red 0
You now has red 2, blue 3, blue 4, blue 5, white 4
Score 1
