Old GID: 87d6ee3c82aafa99
Treatment: ('outer', 5719)
[(0, 2), (1, 5), (4, 4), (4, 1), (3, 5), (2, 2), (3, 1), (2, 1), (2, 3), (4, 2), (4, 3), (4, 2), (0, 1), (0, 4), (1, 3), (3, 4), (0, 2), (3, 2), (1, 2), (1, 2), (1, 1), (2, 3), (2, 4), (4, 3), (3, 1), (1, 4), (2, 1), (4, 4), (3, 3), (3, 2), (4, 1), (2, 1), (4, 5), (1, 3), (1, 1), (2, 2), (0, 5), (0, 3), (3, 3), (0, 1)]
MOVE: 0 1 None 1 None 1
outer hints You about all their 1 hints remaining: 7
You has yellow 1, white 5, white 4, red 1, yellow 4
MOVE: 1 2 3 1 None None
You plays red 1 successfully! Board is now green 0, yellow 0, white 0, blue 0, red 1
You now has yellow 1, white 5, white 4, yellow 4, green 2
MOVE: 0 0 None 1 1 None
outer hints You about all their yellow cards hints remaining: 6
You has yellow 1, white 5, white 4, yellow 4, green 2
MOVE: 1 1 None 0 None 1
You hints outer about all their 1 hints remaining: 5
outer has green 4, blue 1, green 3, green 1, blue 4
MOVE: 0 1 None 1 None 4
outer hints You about all their 4 hints remaining: 4
You has yellow 1, white 5, white 4, yellow 4, green 2
MOVE: 1 2 4 1 None None
You plays green 2 and fails. Board was green 0, yellow 0, white 0, blue 0, red 1
You now has yellow 1, white 5, white 4, yellow 4, yellow 5
MOVE: 0 0 None 1 1 None
outer hints You about all their yellow cards hints remaining: 3
You has yellow 1, white 5, white 4, yellow 4, yellow 5
MOVE: 1 2 4 1 None None
You plays yellow 5 and fails. Board was green 0, yellow 0, white 0, blue 0, red 1
You now has yellow 1, white 5, white 4, yellow 4, red 4
MOVE: 0 0 None 1 1 None
outer hints You about all their yellow cards hints remaining: 2
You has yellow 1, white 5, white 4, yellow 4, red 4
MOVE: 1 2 4 1 None None
You plays red 4 and fails. Board was green 0, yellow 0, white 0, blue 0, red 1
You now has yellow 1, white 5, white 4, yellow 4, red 1
Score 1
