Old GID: 7315617fbe3da288
Treatment: ('outer', 6830)
[(0, 5), (3, 4), (3, 3), (1, 1), (3, 1), (4, 2), (1, 4), (1, 1), (3, 5), (3, 2), (2, 5), (1, 2), (4, 1), (2, 1), (2, 1), (3, 4), (0, 4), (0, 1), (0, 1), (4, 2), (2, 4), (1, 3), (1, 4), (2, 2), (3, 1), (4, 3), (4, 1), (4, 1), (1, 3), (3, 3), (0, 2), (1, 2), (4, 4), (1, 5), (1, 1), (0, 4), (3, 1), (0, 2), (0, 3), (2, 4)]
MOVE: 0 0 None 1 2 None
outer hints You about all their white cards hints remaining: 7
You has green 3, red 4, white 3, red 5, white 2
MOVE: 1 2 4 1 None None
You plays white 2 and fails. Board was green 0, yellow 0, white 0, blue 0, red 0
You now has green 3, red 4, white 3, red 5, green 5
MOVE: 0 0 None 1 4 None
outer hints You about all their red cards hints remaining: 6
You has green 3, red 4, white 3, red 5, green 5
MOVE: 1 2 2 1 None None
You plays white 3 and fails. Board was green 0, yellow 0, white 0, blue 0, red 0
You now has green 3, red 4, red 5, green 5, blue 4
MOVE: 0 0 None 1 3 None
outer hints You about all their blue cards hints remaining: 5
You has green 3, red 4, red 5, green 5, blue 4
MOVE: 1 2 4 1 None None
You plays blue 4 and fails. Board was green 0, yellow 0, white 0, blue 0, red 0
You now has green 3, red 4, red 5, green 5, blue 3
Score 0
