Old GID: 3b1b7b268c07d558
Treatment: ('outer', 3277)
[(1, 2), (3, 3), (4, 2), (2, 4), (4, 2), (2, 3), (2, 3), (1, 1), (2, 1), (1, 4), (1, 5), (2, 2), (4, 3), (2, 5), (2, 2), (1, 2), (4, 3), (1, 3), (1, 1), (1, 4), (4, 5), (3, 1), (4, 1), (1, 1), (4, 1), (3, 4), (3, 4), (0, 1), (4, 4), (4, 1), (0, 5), (4, 4), (2, 4), (0, 1), (0, 4), (0, 3), (2, 1), (3, 2), (0, 3), (3, 1)]
MOVE: 0 0 None 1 1 None
outer hints You about all their yellow cards hints remaining: 7
You has green 4, blue 2, blue 5, yellow 3, blue 3
MOVE: 1 1 None 0 None 1
You hints outer about all their 1 hints remaining: 6
outer has green 1, green 2, white 1, blue 1, green 2
MOVE: 0 2 0 None None None
outer plays green 1 successfully! Board is now green 1, yellow 0, white 0, blue 0, red 0
outer now has green 2, white 1, blue 1, green 2, yellow 2
MOVE: 1 0 None 0 2 None
You hints outer about all their white cards hints remaining: 5
outer has green 2, white 1, blue 1, green 2, yellow 2
MOVE: 0 2 1 None None None
outer plays white 1 successfully! Board is now green 1, yellow 0, white 1, blue 0, red 0
outer now has green 2, blue 1, green 2, yellow 2, blue 3
MOVE: 1 0 None 0 3 None
You hints outer about all their blue cards hints remaining: 4
outer has green 2, blue 1, green 2, yellow 2, blue 3
MOVE: 0 2 1 None None None
outer plays blue 1 successfully! Board is now green 1, yellow 0, white 1, blue 1, red 0
outer now has green 2, green 2, yellow 2, blue 3, red 2
MOVE: 1 0 None 0 0 None
You hints outer about all their green cards hints remaining: 3
outer has green 2, green 2, yellow 2, blue 3, red 2
MOVE: 0 1 None 1 None 2
outer hints You about all their 2 hints remaining: 2
You has green 4, blue 2, blue 5, yellow 3, blue 3
MOVE: 1 1 None 0 None 2
You hints outer about all their 2 hints remaining: 1
outer has green 2, green 2, yellow 2, blue 3, red 2
MOVE: 0 2 0 None None None
outer plays green 2 successfully! Board is now green 2, yellow 0, white 1, blue 1, red 0
outer now has green 2, yellow 2, blue 3, red 2, white 4
MOVE: 1 2 1 1 None None
You plays blue 2 successfully! Board is now green 2, yellow 0, white 1, blue 2, red 0
You now has green 4, blue 5, yellow 3, blue 3, red 2
MOVE: 0 3 0 None None None
outer discards green 2
trash is now green 2
outer now has yellow 2, blue 3, red 2, white 4, white 3
MOVE: 1 1 None 0 None 3
You hints outer about all their 3 hints remaining: 1
outer has yellow 2, blue 3, red 2, white 4, white 3
MOVE: 0 2 1 None None None
outer plays blue 3 successfully! Board is now green 2, yellow 0, white 1, blue 3, red 0
outer now has yellow 2, red 2, white 4, white 3, white 3
MOVE: 1 2 2 1 None None
You plays yellow 3 and fails. Board was green 2, yellow 0, white 1, blue 3, red 0
You now has green 4, blue 5, blue 3, red 2, yellow 1
MOVE: 0 1 None 1 None 1
outer hints You about all their 1 hints remaining: 0
You has green 4, blue 5, blue 3, red 2, yellow 1
MOVE: 1 2 4 1 None None
You plays yellow 1 successfully! Board is now green 2, yellow 1, white 1, blue 3, red 0
You now has green 4, blue 5, blue 3, red 2, white 1
MOVE: 0 3 2 None None None
outer discards white 4
trash is now green 2, yellow 3, white 4
outer now has yellow 2, red 2, white 3, white 3, yellow 4
MOVE: 1 0 None 0 1 None
You hints outer about all their yellow cards hints remaining: 0
outer has yellow 2, red 2, white 3, white 3, yellow 4
MOVE: 0 2 0 None None None
outer plays yellow 2 successfully! Board is now green 2, yellow 2, white 1, blue 3, red 0
outer now has red 2, white 3, white 3, yellow 4, yellow 5
MOVE: 1 3 0 1 None None
You discards green 4
trash is now green 2, yellow 3, white 4, green 4
You now has blue 5, blue 3, red 2, white 1, white 2
MOVE: 0 0 None 1 2 None
outer hints You about all their white cards hints remaining: 0
You has blue 5, blue 3, red 2, white 1, white 2
MOVE: 1 2 4 1 None None
You plays white 2 successfully! Board is now green 2, yellow 2, white 2, blue 3, red 0
You now has blue 5, blue 3, red 2, white 1, red 3
MOVE: 0 3 0 None None None
outer discards red 2
trash is now green 2, yellow 3, white 4, green 4, red 2
outer now has white 3, white 3, yellow 4, yellow 5, white 5
MOVE: 1 0 None 0 2 None
You hints outer about all their white cards hints remaining: 0
outer has white 3, white 3, yellow 4, yellow 5, white 5
MOVE: 0 2 0 None None None
outer plays white 3 successfully! Board is now green 2, yellow 2, white 3, blue 3, red 0
outer now has white 3, yellow 4, yellow 5, white 5, white 2
MOVE: 1 2 3 1 None None
You plays white 1 and fails. Board was green 2, yellow 2, white 3, blue 3, red 0
You now has blue 5, blue 3, red 2, red 3, yellow 2
MOVE: 0 3 0 None None None
outer discards white 3
trash is now green 2, yellow 3, white 4, green 4, red 2, white 1, white 3
outer now has yellow 4, yellow 5, white 5, white 2, red 3
MOVE: 1 1 None 0 None 5
You hints outer about all their 5 hints remaining: 0
outer has yellow 4, yellow 5, white 5, white 2, red 3
MOVE: 0 3 0 None None None
outer discards yellow 4
trash is now green 2, yellow 3, white 4, green 4, red 2, white 1, white 3, yellow 4
outer now has yellow 5, white 5, white 2, red 3, yellow 3
MOVE: 1 0 None 0 1 None
You hints outer about all their yellow cards hints remaining: 0
outer has yellow 5, white 5, white 2, red 3, yellow 3
MOVE: 0 3 4 None None None
outer discards yellow 3
trash is now green 2, yellow 3, white 4, green 4, red 2, white 1, white 3, yellow 4, yellow 3
outer now has yellow 5, white 5, white 2, red 3, yellow 1
MOVE: 1 2 4 1 None None
You plays yellow 2 and fails. Board was green 2, yellow 2, white 3, blue 3, red 0
You now has blue 5, blue 3, red 2, red 3, yellow 4
Score 10
