Old GID: 1af7ed30b8075316
Treatment: ('full', 3061)
[(3, 1), (3, 1), (4, 2), (1, 4), (0, 3), (1, 2), (3, 5), (1, 1), (2, 2), (0, 1), (2, 4), (3, 2), (4, 2), (3, 1), (0, 1), (3, 4), (0, 2), (1, 4), (2, 2), (3, 2), (4, 3), (4, 5), (4, 1), (4, 1), (2, 1), (2, 3), (0, 3), (0, 4), (0, 2), (1, 2), (2, 1), (1, 5), (4, 3), (0, 1), (1, 3), (1, 3), (3, 3), (2, 5), (2, 4), (1, 1)]
MOVE: 0 1 None 1 None 1
full hints You about all their 1 hints remaining: 7
You has white 1, yellow 1, green 5, green 4, blue 3
MOVE: 1 2 0 1 None None
You plays white 1 successfully! Board is now green 0, yellow 0, white 1, blue 0, red 0
You now has yellow 1, green 5, green 4, blue 3, blue 1
MOVE: 0 1 None 1 None 1
full hints You about all their 1 hints remaining: 6
You has yellow 1, green 5, green 4, blue 3, blue 1
MOVE: 1 2 0 1 None None
You plays yellow 1 successfully! Board is now green 0, yellow 1, white 1, blue 0, red 0
You now has green 5, green 4, blue 3, blue 1, blue 1
MOVE: 0 0 None 1 3 None
full hints You about all their blue cards hints remaining: 5
You has green 5, green 4, blue 3, blue 1, blue 1
MOVE: 1 2 3 1 None None
You plays blue 1 successfully! Board is now green 0, yellow 1, white 1, blue 1, red 0
You now has green 5, green 4, blue 3, blue 1, red 2
MOVE: 0 1 None 1 None 1
full hints You about all their 1 hints remaining: 4
You has green 5, green 4, blue 3, blue 1, red 2
MOVE: 1 3 3 1 None None
You discards blue 1
trash is now blue 1
You now has green 5, green 4, blue 3, red 2, yellow 4
MOVE: 0 3 0 None None None
full discards red 4
trash is now blue 1, red 4
full now has red 1, blue 4, red 4, white 3, green 3
MOVE: 1 1 None 0 None 1
You hints full about all their 1 hints remaining: 5
full has red 1, blue 4, red 4, white 3, green 3
MOVE: 0 2 0 None None None
full plays red 1 successfully! Board is now green 0, yellow 1, white 1, blue 1, red 1
full now has blue 4, red 4, white 3, green 3, yellow 2
MOVE: 1 0 None 0 1 None
You hints full about all their yellow cards hints remaining: 4
full has blue 4, red 4, white 3, green 3, yellow 2
MOVE: 0 2 4 None None None
full plays yellow 2 successfully! Board is now green 0, yellow 2, white 1, blue 1, red 1
full now has blue 4, red 4, white 3, green 3, blue 5
MOVE: 1 2 2 1 None None
You plays blue 3 and fails. Board was green 0, yellow 2, white 1, blue 1, red 1
You now has green 5, green 4, red 2, yellow 4, yellow 1
MOVE: 0 0 None 1 4 None
full hints You about all their red cards hints remaining: 3
You has green 5, green 4, red 2, yellow 4, yellow 1
MOVE: 1 2 2 1 None None
You plays red 2 successfully! Board is now green 0, yellow 2, white 1, blue 1, red 2
You now has green 5, green 4, yellow 4, yellow 1, white 2
MOVE: 0 0 None 1 2 None
full hints You about all their white cards hints remaining: 2
You has green 5, green 4, yellow 4, yellow 1, white 2
MOVE: 1 2 4 1 None None
You plays white 2 successfully! Board is now green 0, yellow 2, white 2, blue 1, red 2
You now has green 5, green 4, yellow 4, yellow 1, green 1
MOVE: 0 0 None 1 0 None
full hints You about all their green cards hints remaining: 1
You has green 5, green 4, yellow 4, yellow 1, green 1
MOVE: 1 2 4 1 None None
You plays green 1 successfully! Board is now green 1, yellow 2, white 2, blue 1, red 2
You now has green 5, green 4, yellow 4, yellow 1, white 4
MOVE: 0 1 None 1 None 1
full hints You about all their 1 hints remaining: 0
You has green 5, green 4, yellow 4, yellow 1, white 4
MOVE: 1 3 3 1 None None
You discards yellow 1
trash is now blue 1, red 4, blue 3, yellow 1
You now has green 5, green 4, yellow 4, white 4, blue 2
MOVE: 0 0 None 1 3 None
full hints You about all their blue cards hints remaining: 0
You has green 5, green 4, yellow 4, white 4, blue 2
MOVE: 1 2 4 1 None None
You plays blue 2 successfully! Board is now green 1, yellow 2, white 2, blue 2, red 2
You now has green 5, green 4, yellow 4, white 4, red 2
MOVE: 0 3 4 None None None
full discards blue 5
trash is now blue 1, red 4, blue 3, yellow 1, blue 5
full now has blue 4, red 4, white 3, green 3, blue 1
MOVE: 1 0 None 0 0 None
You hints full about all their green cards hints remaining: 0
full has blue 4, red 4, white 3, green 3, blue 1
MOVE: 0 2 3 None None None
full plays green 3 and fails. Board was green 1, yellow 2, white 2, blue 2, red 2
full now has blue 4, red 4, white 3, blue 1, green 1
MOVE: 1 2 0 1 None None
You plays green 5 and fails. Board was green 1, yellow 2, white 2, blue 2, red 2
You now has green 4, yellow 4, white 4, red 2, blue 4
Score 9
