Old GID: 39f2a98dbdd1e067
Treatment: ('outer', 4454)
[(1, 5), (4, 2), (0, 3), (3, 1), (3, 3), (2, 3), (4, 3), (0, 1), (2, 5), (1, 1), (4, 2), (1, 2), (3, 2), (1, 3), (2, 2), (3, 1), (0, 4), (4, 5), (3, 2), (2, 4), (0, 4), (0, 5), (2, 1), (2, 1), (1, 1), (1, 4), (1, 4), (4, 1), (4, 4), (1, 2), (4, 3), (4, 1), (4, 4), (0, 2), (4, 1), (1, 3), (2, 4), (0, 3), (0, 1), (3, 4)]
MOVE: 0 1 None 1 None 1
outer hints You about all their 1 hints remaining: 7
You has green 2, white 2, yellow 1, blue 4, white 3
MOVE: 1 1 None 0 None 1
You hints outer about all their 1 hints remaining: 6
outer has blue 5, white 1, green 1, blue 3, blue 1
MOVE: 0 2 1 None None None
outer plays white 1 successfully! Board is now green 0, yellow 0, white 1, blue 0, red 0
outer now has blue 5, green 1, blue 3, blue 1, yellow 5
MOVE: 1 0 None 0 0 None
You hints outer about all their green cards hints remaining: 5
outer has blue 5, green 1, blue 3, blue 1, yellow 5
MOVE: 0 2 1 None None None
outer plays green 1 successfully! Board is now green 1, yellow 0, white 1, blue 0, red 0
outer now has blue 5, blue 3, blue 1, yellow 5, red 2
MOVE: 1 0 None 0 3 None
You hints outer about all their blue cards hints remaining: 4
outer has blue 5, blue 3, blue 1, yellow 5, red 2
MOVE: 0 2 2 None None None
outer plays blue 1 successfully! Board is now green 1, yellow 0, white 1, blue 1, red 0
outer now has blue 5, blue 3, yellow 5, red 2, green 3
MOVE: 1 1 None 0 None 5
You hints outer about all their 5 hints remaining: 3
outer has blue 5, blue 3, yellow 5, red 2, green 3
MOVE: 0 0 None 1 0 None
outer hints You about all their green cards hints remaining: 2
You has green 2, white 2, yellow 1, blue 4, white 3
MOVE: 1 2 0 1 None None
You plays green 2 successfully! Board is now green 2, yellow 0, white 1, blue 1, red 0
You now has white 2, yellow 1, blue 4, white 3, blue 1
MOVE: 0 1 None 1 None 2
outer hints You about all their 2 hints remaining: 1
You has white 2, yellow 1, blue 4, white 3, blue 1
MOVE: 1 0 None 0 0 None
You hints outer about all their green cards hints remaining: 0
outer has blue 5, blue 3, yellow 5, red 2, green 3
MOVE: 0 3 4 None None None
outer discards green 3
trash is now green 3
outer now has blue 5, blue 3, yellow 5, red 2, blue 3
MOVE: 1 3 4 1 None None
You discards blue 1
trash is now green 3, blue 1
You now has white 2, yellow 1, blue 4, white 3, white 3
MOVE: 0 0 None 1 2 None
outer hints You about all their white cards hints remaining: 1
You has white 2, yellow 1, blue 4, white 3, white 3
MOVE: 1 2 0 1 None None
You plays white 2 successfully! Board is now green 2, yellow 0, white 2, blue 1, red 0
You now has yellow 1, blue 4, white 3, white 3, red 3
MOVE: 0 1 None 1 None 3
outer hints You about all their 3 hints remaining: 0
You has yellow 1, blue 4, white 3, white 3, red 3
MOVE: 1 2 2 1 None None
You plays white 3 successfully! Board is now green 2, yellow 0, white 3, blue 1, red 0
You now has yellow 1, blue 4, white 3, red 3, green 1
MOVE: 0 3 3 None None None
outer discards red 2
trash is now green 3, blue 1, red 2
outer now has blue 5, blue 3, yellow 5, blue 3, white 5
MOVE: 1 3 2 1 None None
You discards white 3
trash is now green 3, blue 1, red 2, white 3
You now has yellow 1, blue 4, red 3, green 1, yellow 1
MOVE: 0 0 None 1 1 None
outer hints You about all their yellow cards hints remaining: 1
You has yellow 1, blue 4, red 3, green 1, yellow 1
MOVE: 1 2 0 1 None None
You plays yellow 1 successfully! Board is now green 2, yellow 1, white 3, blue 1, red 0
You now has blue 4, red 3, green 1, yellow 1, red 2
MOVE: 0 0 None 1 1 None
outer hints You about all their yellow cards hints remaining: 0
You has blue 4, red 3, green 1, yellow 1, red 2
MOVE: 1 2 3 1 None None
You plays yellow 1 and fails. Board was green 2, yellow 1, white 3, blue 1, red 0
You now has blue 4, red 3, green 1, red 2, yellow 2
MOVE: 0 3 1 None None None
outer discards blue 3
trash is now green 3, blue 1, red 2, white 3, yellow 1, blue 3
outer now has blue 5, yellow 5, blue 3, white 5, blue 2
MOVE: 1 1 None 0 None 2
You hints outer about all their 2 hints remaining: 0
outer has blue 5, yellow 5, blue 3, white 5, blue 2
MOVE: 0 3 4 None None None
outer discards blue 2
trash is now green 3, blue 1, red 2, white 3, yellow 1, blue 3, blue 2
outer now has blue 5, yellow 5, blue 3, white 5, yellow 3
MOVE: 1 0 None 0 1 None
You hints outer about all their yellow cards hints remaining: 0
outer has blue 5, yellow 5, blue 3, white 5, yellow 3
MOVE: 0 3 1 None None None
outer discards yellow 5
trash is now green 3, blue 1, red 2, white 3, yellow 1, blue 3, blue 2, yellow 5
outer now has blue 5, blue 3, white 5, yellow 3, white 2
MOVE: 1 1 None 0 None 2
You hints outer about all their 2 hints remaining: 0
outer has blue 5, blue 3, white 5, yellow 3, white 2
MOVE: 0 3 3 None None None
outer discards yellow 3
trash is now green 3, blue 1, red 2, white 3, yellow 1, blue 3, blue 2, yellow 5, yellow 3
outer now has blue 5, blue 3, white 5, white 2, blue 1
MOVE: 1 0 None 0 2 None
You hints outer about all their white cards hints remaining: 0
outer has blue 5, blue 3, white 5, white 2, blue 1
MOVE: 0 3 3 None None None
outer discards white 2
trash is now green 3, blue 1, red 2, white 3, yellow 1, blue 3, blue 2, yellow 5, yellow 3, white 2
outer now has blue 5, blue 3, white 5, blue 1, green 4
MOVE: 1 1 None 0 None 1
You hints outer about all their 1 hints remaining: 0
outer has blue 5, blue 3, white 5, blue 1, green 4
MOVE: 0 3 0 None None None
outer discards blue 5
trash is now green 3, blue 1, red 2, white 3, yellow 1, blue 3, blue 2, yellow 5, yellow 3, white 2, blue 5
outer now has blue 3, white 5, blue 1, green 4, red 5
MOVE: 1 0 None 0 3 None
You hints outer about all their blue cards hints remaining: 0
outer has blue 3, white 5, blue 1, green 4, red 5
MOVE: 0 3 2 None None None
outer discards blue 1
trash is now green 3, blue 1, red 2, white 3, yellow 1, blue 3, blue 2, yellow 5, yellow 3, white 2, blue 5, blue 1
outer now has blue 3, white 5, green 4, red 5, blue 2
MOVE: 1 1 None 0 None 2
You hints outer about all their 2 hints remaining: 0
outer has blue 3, white 5, green 4, red 5, blue 2
MOVE: 0 3 0 None None None
outer discards blue 3
trash is now green 3, blue 1, red 2, white 3, yellow 1, blue 3, blue 2, yellow 5, yellow 3, white 2, blue 5, blue 1, blue 3
outer now has white 5, green 4, red 5, blue 2, white 4
MOVE: 1 0 None 0 3 None
You hints outer about all their blue cards hints remaining: 0
outer has white 5, green 4, red 5, blue 2, white 4
MOVE: 0 2 3 None None None
outer plays blue 2 successfully! Board is now green 2, yellow 1, white 3, blue 2, red 0
outer now has white 5, green 4, red 5, white 4, green 4
MOVE: 1 3 4 1 None None
You discards yellow 2
trash is now green 3, blue 1, red 2, white 3, yellow 1, blue 3, blue 2, yellow 5, yellow 3, white 2, blue 5, blue 1, blue 3, yellow 2
You now has blue 4, red 3, green 1, red 2, green 5
MOVE: 0 1 None 1 None 4
outer hints You about all their 4 hints remaining: 0
You has blue 4, red 3, green 1, red 2, green 5
MOVE: 1 2 0 1 None None
You plays blue 4 and fails. Board was green 2, yellow 1, white 3, blue 2, red 0
You now has red 3, green 1, red 2, green 5, white 1
MOVE: 0 3 3 None None None
outer discards white 4
trash is now green 3, blue 1, red 2, white 3, yellow 1, blue 3, blue 2, yellow 5, yellow 3, white 2, blue 5, blue 1, blue 3, yellow 2, blue 4, white 4
outer now has white 5, green 4, red 5, green 4, white 1
MOVE: 1 2 0 1 None None
You plays red 3 and fails. Board was green 2, yellow 1, white 3, blue 2, red 0
You now has green 1, red 2, green 5, white 1, yellow 1
Score 8
