Treatment: ('intentional', 5)
[(1, 2), (1, 3), (1, 1), (0, 1), (1, 1), (4, 5), (1, 4), (0, 3), (2, 3), (3, 3), (2, 1), (3, 1), (4, 3), (3, 2), (4, 1), (1, 3), (0, 2), (2, 5), (4, 4), (2, 1), (2, 4), (0, 4), (0, 4), (0, 1), (4, 1), (1, 5), (0, 5), (1, 4), (0, 2), (4, 4), (2, 3), (3, 5), (2, 1), (0, 1), (4, 1), (3, 2), (4, 2), (3, 4), (3, 3), (3, 1)]
MOVE: 0 1 None 1 None 1
intentional hints You about all their 1 hints remaining: 7
You has white 2, red 2, red 3, yellow 2, yellow 1
MOVE: 1 2 4 1 None None
You plays yellow 1 successfully! Board is now green 0, yellow 1, white 0, blue 0, red 0
You now has white 2, red 2, red 3, yellow 2, yellow 2
MOVE: 0 0 None 1 1 None
intentional hints You about all their yellow cards hints remaining: 6
You has white 2, red 2, red 3, yellow 2, yellow 2
MOVE: 1 1 None 0 None 1
You hints intentional about all their 1 hints remaining: 5
intentional has blue 1, white 4, white 2, green 3, blue 4
MOVE: 0 1 None 1 None 2
intentional hints You about all their 2 hints remaining: 4
You has white 2, red 2, red 3, yellow 2, yellow 2
MOVE: 1 2 3 1 None None
You plays yellow 2 successfully! Board is now green 0, yellow 2, white 0, blue 0, red 0
You now has white 2, red 2, red 3, yellow 2, yellow 3
MOVE: 0 0 None 1 1 None
intentional hints You about all their yellow cards hints remaining: 3
You has white 2, red 2, red 3, yellow 2, yellow 3
MOVE: 1 2 3 1 None None
You plays yellow 2 and fails. Board was green 0, yellow 2, white 0, blue 0, red 0
You now has white 2, red 2, red 3, yellow 3, yellow 1
MOVE: 0 1 None 1 None 3
intentional hints You about all their 3 hints remaining: 2
You has white 2, red 2, red 3, yellow 3, yellow 1
MOVE: 1 2 3 1 None None
You plays yellow 3 successfully! Board is now green 0, yellow 3, white 0, blue 0, red 0
You now has white 2, red 2, red 3, yellow 1, green 1
MOVE: 0 0 None 1 0 None
intentional hints You about all their green cards hints remaining: 1
You has white 2, red 2, red 3, yellow 1, green 1
MOVE: 1 1 None 0 None 2
You hints intentional about all their 2 hints remaining: 0
intentional has blue 1, white 4, white 2, green 3, blue 4
MOVE: 0 3 2 None None None
intentional discards white 2
trash is now yellow 2, white 2
intentional now has blue 1, white 4, green 3, blue 4, yellow 1
MOVE: 1 1 None 0 None 1
You hints intentional about all their 1 hints remaining: 0
intentional has blue 1, white 4, green 3, blue 4, yellow 1
MOVE: 0 3 1 None None None
intentional discards white 4
trash is now yellow 2, white 2, white 4
intentional now has blue 1, green 3, blue 4, yellow 1, red 5
MOVE: 1 0 None 0 1 None
You hints intentional about all their yellow cards hints remaining: 0
intentional has blue 1, green 3, blue 4, yellow 1, red 5
MOVE: 0 2 0 None None None
intentional plays blue 1 successfully! Board is now green 0, yellow 3, white 0, blue 1, red 0
intentional now has green 3, blue 4, yellow 1, red 5, yellow 4
MOVE: 1 2 1 1 None None
You plays red 2 and fails. Board was green 0, yellow 3, white 0, blue 1, red 0
You now has white 2, red 3, yellow 1, green 1, green 3
MOVE: 0 3 2 None None None
intentional discards yellow 1
trash is now yellow 2, white 2, white 4, red 2, yellow 1
intentional now has green 3, blue 4, red 5, yellow 4, white 3
MOVE: 1 2 3 1 None None
You plays green 1 successfully! Board is now green 1, yellow 3, white 0, blue 1, red 0
You now has white 2, red 3, yellow 1, green 3, blue 3
MOVE: 0 1 None 1 None 3
intentional hints You about all their 3 hints remaining: 0
You has white 2, red 3, yellow 1, green 3, blue 3
MOVE: 1 2 2 1 None None
You plays yellow 1 and fails. Board was green 1, yellow 3, white 0, blue 1, red 0
You now has white 2, red 3, green 3, blue 3, white 1
Score 5
