Old GID: 4a78aca0ec360c22
Treatment: ('outer', 5047)
[(4, 1), (2, 2), (0, 2), (2, 1), (3, 1), (1, 4), (3, 3), (3, 1), (4, 3), (0, 5), (4, 1), (1, 5), (3, 2), (1, 2), (2, 4), (2, 1), (4, 4), (4, 1), (4, 4), (0, 1), (2, 3), (3, 5), (1, 1), (2, 3), (3, 4), (0, 1), (0, 3), (3, 3), (1, 3), (0, 4), (0, 3), (2, 5), (0, 2), (2, 4), (3, 1), (3, 4), (1, 4), (1, 1), (4, 2), (4, 5)]
MOVE: 0 0 None 1 2 None
outer hints You about all their white cards hints remaining: 7
You has yellow 2, red 2, white 2, white 1, yellow 3
MOVE: 1 2 2 1 None None
You plays white 2 and fails. Board was green 0, yellow 0, white 0, blue 0, red 0
You now has yellow 2, red 2, white 1, yellow 3, red 1
MOVE: 0 1 None 1 None 1
outer hints You about all their 1 hints remaining: 6
You has yellow 2, red 2, white 1, yellow 3, red 1
MOVE: 1 2 2 1 None None
You plays white 1 successfully! Board is now green 0, yellow 0, white 1, blue 0, red 0
You now has yellow 2, red 2, yellow 3, red 1, white 2
MOVE: 0 1 None 1 None 2
outer hints You about all their 2 hints remaining: 5
You has yellow 2, red 2, yellow 3, red 1, white 2
MOVE: 1 2 4 1 None None
You plays white 2 successfully! Board is now green 0, yellow 0, white 2, blue 0, red 0
You now has yellow 2, red 2, yellow 3, red 1, green 2
MOVE: 0 0 None 1 4 None
outer hints You about all their red cards hints remaining: 4
You has yellow 2, red 2, yellow 3, red 1, green 2
MOVE: 1 2 3 1 None None
You plays red 1 successfully! Board is now green 0, yellow 0, white 2, blue 0, red 1
You now has yellow 2, red 2, yellow 3, green 2, white 1
MOVE: 0 1 None 1 None 2
outer hints You about all their 2 hints remaining: 3
You has yellow 2, red 2, yellow 3, green 2, white 1
MOVE: 1 2 1 1 None None
You plays red 2 successfully! Board is now green 0, yellow 0, white 2, blue 0, red 2
You now has yellow 2, yellow 3, green 2, white 1, blue 1
MOVE: 0 1 None 1 None 1
outer hints You about all their 1 hints remaining: 2
You has yellow 2, yellow 3, green 2, white 1, blue 1
MOVE: 1 2 3 1 None None
You plays white 1 and fails. Board was green 0, yellow 0, white 2, blue 0, red 2
You now has yellow 2, yellow 3, green 2, blue 1, yellow 4
MOVE: 0 0 None 1 3 None
outer hints You about all their blue cards hints remaining: 1
You has yellow 2, yellow 3, green 2, blue 1, yellow 4
MOVE: 1 2 3 1 None None
You plays blue 1 successfully! Board is now green 0, yellow 0, white 2, blue 1, red 2
You now has yellow 2, yellow 3, green 2, yellow 4, blue 3
MOVE: 0 1 None 1 None 2
outer hints You about all their 2 hints remaining: 0
You has yellow 2, yellow 3, green 2, yellow 4, blue 3
MOVE: 1 2 2 1 None None
You plays green 2 and fails. Board was green 0, yellow 0, white 2, blue 1, red 2
You now has yellow 2, yellow 3, yellow 4, blue 3, blue 1
Score 5
