Old GID: 19dbddedf07994e2
Treatment: ('full', 5116)
[(1, 1), (0, 1), (3, 3), (0, 4), (2, 2), (1, 3), (4, 3), (3, 2), (3, 5), (3, 3), (4, 3), (0, 2), (3, 4), (2, 5), (4, 1), (2, 4), (4, 4), (4, 2), (0, 3), (1, 4), (4, 2), (3, 1), (0, 4), (2, 3), (4, 5), (1, 2), (1, 5), (3, 2), (2, 1), (0, 5), (2, 1), (1, 1), (0, 1), (4, 1), (1, 1), (3, 4), (2, 1), (1, 2), (2, 2), (2, 4)]
MOVE: 0 1 None 1 None 1
full hints You about all their 1 hints remaining: 7
You has green 2, green 1, red 1, blue 1, green 3
MOVE: 1 2 1 1 None None
You plays green 1 successfully! Board is now green 1, yellow 0, white 0, blue 0, red 0
You now has green 2, red 1, blue 1, green 3, yellow 1
MOVE: 0 1 None 1 None 1
full hints You about all their 1 hints remaining: 6
You has green 2, red 1, blue 1, green 3, yellow 1
MOVE: 1 2 4 1 None None
You plays yellow 1 successfully! Board is now green 1, yellow 1, white 0, blue 0, red 0
You now has green 2, red 1, blue 1, green 3, green 1
MOVE: 0 0 None 1 3 None
full hints You about all their blue cards hints remaining: 5
You has green 2, red 1, blue 1, green 3, green 1
MOVE: 1 2 2 1 None None
You plays blue 1 successfully! Board is now green 1, yellow 1, white 0, blue 1, red 0
You now has green 2, red 1, green 3, green 1, blue 3
MOVE: 0 0 None 1 4 None
full hints You about all their red cards hints remaining: 4
You has green 2, red 1, green 3, green 1, blue 3
MOVE: 1 2 1 1 None None
You plays red 1 successfully! Board is now green 1, yellow 1, white 0, blue 1, red 1
You now has green 2, green 3, green 1, blue 3, green 4
MOVE: 0 1 None 1 None 2
full hints You about all their 2 hints remaining: 3
You has green 2, green 3, green 1, blue 3, green 4
MOVE: 1 2 0 1 None None
You plays green 2 successfully! Board is now green 2, yellow 1, white 0, blue 1, red 1
You now has green 3, green 1, blue 3, green 4, white 2
MOVE: 0 0 None 1 3 None
full hints You about all their blue cards hints remaining: 2
You has green 3, green 1, blue 3, green 4, white 2
MOVE: 1 3 0 1 None None
You discards green 3
trash is now green 3
You now has green 1, blue 3, green 4, white 2, yellow 3
MOVE: 0 3 0 None None None
full discards yellow 3
trash is now green 3, yellow 3
full now has yellow 4, red 4, blue 1, white 3, red 3
MOVE: 1 1 None 0 None 1
You hints full about all their 1 hints remaining: 3
full has yellow 4, red 4, blue 1, white 3, red 3
MOVE: 0 2 2 None None None
full plays blue 1 and fails. Board was green 2, yellow 1, white 0, blue 1, red 1
full now has yellow 4, red 4, white 3, red 3, blue 2
MOVE: 1 1 None 0 None 2
You hints full about all their 2 hints remaining: 2
full has yellow 4, red 4, white 3, red 3, blue 2
MOVE: 0 2 4 None None None
full plays blue 2 successfully! Board is now green 2, yellow 1, white 0, blue 2, red 1
full now has yellow 4, red 4, white 3, red 3, blue 5
MOVE: 1 2 1 1 None None
You plays blue 3 successfully! Board is now green 2, yellow 1, white 0, blue 3, red 1
You now has green 1, green 4, white 2, yellow 3, blue 3
MOVE: 0 3 4 None None None
full discards blue 5
trash is now green 3, yellow 3, blue 1, blue 5
full now has yellow 4, red 4, white 3, red 3, red 3
MOVE: 1 3 0 1 None None
You discards green 1
trash is now green 3, yellow 3, blue 1, blue 5, green 1
You now has green 4, white 2, yellow 3, blue 3, green 2
MOVE: 0 3 4 None None None
full discards red 3
trash is now green 3, yellow 3, blue 1, blue 5, green 1, red 3
full now has yellow 4, red 4, white 3, red 3, blue 4
MOVE: 1 3 0 1 None None
You discards green 4
trash is now green 3, yellow 3, blue 1, blue 5, green 1, red 3, green 4
You now has white 2, yellow 3, blue 3, green 2, white 5
MOVE: 0 3 4 None None None
full discards blue 4
trash is now green 3, yellow 3, blue 1, blue 5, green 1, red 3, green 4, blue 4
full now has yellow 4, red 4, white 3, red 3, red 1
MOVE: 1 3 0 1 None None
You discards white 2
trash is now green 3, yellow 3, blue 1, blue 5, green 1, red 3, green 4, blue 4, white 2
You now has yellow 3, blue 3, green 2, white 5, white 4
MOVE: 0 3 4 None None None
full discards red 1
trash is now green 3, yellow 3, blue 1, blue 5, green 1, red 3, green 4, blue 4, white 2, red 1
full now has yellow 4, red 4, white 3, red 3, red 4
MOVE: 1 3 0 1 None None
You discards yellow 3
trash is now green 3, yellow 3, blue 1, blue 5, green 1, red 3, green 4, blue 4, white 2, red 1, yellow 3
You now has blue 3, green 2, white 5, white 4, red 2
MOVE: 0 0 None 1 4 None
full hints You about all their red cards hints remaining: 7
You has blue 3, green 2, white 5, white 4, red 2
MOVE: 1 2 4 1 None None
You plays red 2 successfully! Board is now green 2, yellow 1, white 0, blue 3, red 2
You now has blue 3, green 2, white 5, white 4, green 3
MOVE: 0 3 4 None None None
full discards red 4
trash is now green 3, yellow 3, blue 1, blue 5, green 1, red 3, green 4, blue 4, white 2, red 1, yellow 3, red 4
full now has yellow 4, red 4, white 3, red 3, yellow 4
MOVE: 1 0 None 0 4 None
You hints full about all their red cards hints remaining: 7
full has yellow 4, red 4, white 3, red 3, yellow 4
MOVE: 0 2 1 None None None
full plays red 4 and fails. Board was green 2, yellow 1, white 0, blue 3, red 2
full now has yellow 4, white 3, red 3, yellow 4, red 2
MOVE: 1 1 None 0 None 3
You hints full about all their 3 hints remaining: 6
full has yellow 4, white 3, red 3, yellow 4, red 2
MOVE: 0 2 1 None None None
full plays white 3 and fails. Board was green 2, yellow 1, white 0, blue 3, red 2
full now has yellow 4, red 3, yellow 4, red 2, blue 1
Score 8
