Old GID: be254345ebfa10f1
Treatment: ('full', 3181)
[(1, 2), (4, 1), (0, 2), (1, 4), (1, 1), (0, 1), (0, 1), (0, 1), (4, 3), (2, 2), (2, 1), (3, 5), (4, 1), (3, 4), (1, 2), (0, 3), (4, 1), (2, 5), (3, 1), (1, 1), (0, 2), (3, 1), (2, 3), (2, 1), (4, 4), (1, 4), (3, 3), (0, 4), (3, 2), (0, 5), (4, 3), (4, 2), (1, 5), (3, 2), (3, 4), (1, 3), (3, 1), (0, 3), (0, 4), (2, 4)]
MOVE: 0 1 None 1 None 1
full hints You about all their 1 hints remaining: 7
You has white 4, white 3, white 2, yellow 1, white 1
MOVE: 1 2 3 1 None None
You plays yellow 1 successfully! Board is now green 0, yellow 1, white 0, blue 0, red 0
You now has white 4, white 3, white 2, white 1, yellow 2
MOVE: 0 0 None 1 1 None
full hints You about all their yellow cards hints remaining: 6
You has white 4, white 3, white 2, white 1, yellow 2
MOVE: 1 2 4 1 None None
You plays yellow 2 successfully! Board is now green 0, yellow 2, white 0, blue 0, red 0
You now has white 4, white 3, white 2, white 1, red 1
MOVE: 0 1 None 1 None 1
full hints You about all their 1 hints remaining: 5
You has white 4, white 3, white 2, white 1, red 1
MOVE: 1 0 None 0 1 None
You hints full about all their yellow cards hints remaining: 4
full has blue 3, red 2, red 4, red 5, yellow 3
MOVE: 0 2 4 None None None
full plays yellow 3 successfully! Board is now green 0, yellow 3, white 0, blue 0, red 0
full now has blue 3, red 2, red 4, red 5, green 2
MOVE: 1 2 3 1 None None
You plays white 1 successfully! Board is now green 0, yellow 3, white 1, blue 0, red 0
You now has white 4, white 3, white 2, red 1, yellow 4
MOVE: 0 0 None 1 1 None
full hints You about all their yellow cards hints remaining: 3
You has white 4, white 3, white 2, red 1, yellow 4
MOVE: 1 2 4 1 None None
You plays yellow 4 successfully! Board is now green 0, yellow 4, white 1, blue 0, red 0
You now has white 4, white 3, white 2, red 1, yellow 1
MOVE: 0 0 None 1 4 None
full hints You about all their red cards hints remaining: 2
You has white 4, white 3, white 2, red 1, yellow 1
MOVE: 1 2 3 1 None None
You plays red 1 successfully! Board is now green 0, yellow 4, white 1, blue 0, red 1
You now has white 4, white 3, white 2, yellow 1, green 1
MOVE: 0 0 None 1 0 None
full hints You about all their green cards hints remaining: 1
You has white 4, white 3, white 2, yellow 1, green 1
MOVE: 1 1 None 0 None 2
You hints full about all their 2 hints remaining: 0
full has blue 3, red 2, red 4, red 5, green 2
MOVE: 0 2 1 None None None
full plays red 2 successfully! Board is now green 0, yellow 4, white 1, blue 0, red 2
full now has blue 3, red 4, red 5, green 2, green 1
MOVE: 1 2 4 1 None None
You plays green 1 successfully! Board is now green 1, yellow 4, white 1, blue 0, red 2
You now has white 4, white 3, white 2, yellow 1, green 1
MOVE: 0 3 4 None None None
full discards green 1
trash is now green 1
full now has blue 3, red 4, red 5, green 2, red 3
MOVE: 1 0 None 0 0 None
You hints full about all their green cards hints remaining: 0
full has blue 3, red 4, red 5, green 2, red 3
MOVE: 0 2 3 None None None
full plays green 2 successfully! Board is now green 2, yellow 4, white 1, blue 0, red 2
full now has blue 3, red 4, red 5, red 3, white 2
MOVE: 1 3 4 1 None None
You discards green 1
trash is now green 1, green 1
You now has white 4, white 3, white 2, yellow 1, white 1
MOVE: 0 1 None 1 None 2
full hints You about all their 2 hints remaining: 0
You has white 4, white 3, white 2, yellow 1, white 1
MOVE: 1 2 2 1 None None
You plays white 2 successfully! Board is now green 2, yellow 4, white 2, blue 0, red 2
You now has white 4, white 3, yellow 1, white 1, blue 5
MOVE: 0 3 3 None None None
full discards red 3
trash is now green 1, green 1, red 3
full now has blue 3, red 4, red 5, white 2, red 1
MOVE: 1 1 None 0 None 5
You hints full about all their 5 hints remaining: 0
full has blue 3, red 4, red 5, white 2, red 1
MOVE: 0 3 3 None None None
full discards white 2
trash is now green 1, green 1, red 3, white 2
full now has blue 3, red 4, red 5, red 1, blue 4
MOVE: 1 0 None 0 4 None
You hints full about all their red cards hints remaining: 0
full has blue 3, red 4, red 5, red 1, blue 4
MOVE: 0 2 1 None None None
full plays red 4 and fails. Board was green 2, yellow 4, white 2, blue 0, red 2
full now has blue 3, red 5, red 1, blue 4, yellow 2
MOVE: 1 3 4 1 None None
You discards blue 5
trash is now green 1, green 1, red 3, white 2, red 4, blue 5
You now has white 4, white 3, yellow 1, white 1, green 3
MOVE: 0 1 None 1 None 3
full hints You about all their 3 hints remaining: 0
You has white 4, white 3, yellow 1, white 1, green 3
MOVE: 1 2 1 1 None None
You plays white 3 successfully! Board is now green 2, yellow 4, white 3, blue 0, red 2
You now has white 4, yellow 1, white 1, green 3, red 1
MOVE: 0 3 3 None None None
full discards blue 4
trash is now green 1, green 1, red 3, white 2, red 4, blue 5, blue 4
full now has blue 3, red 5, red 1, yellow 2, white 5
MOVE: 1 1 None 0 None 5
You hints full about all their 5 hints remaining: 0
full has blue 3, red 5, red 1, yellow 2, white 5
MOVE: 0 2 4 None None None
full plays white 5 and fails. Board was green 2, yellow 4, white 3, blue 0, red 2
full now has blue 3, red 5, red 1, yellow 2, blue 1
MOVE: 1 2 3 1 None None
You plays green 3 successfully! Board is now green 3, yellow 4, white 3, blue 0, red 2
You now has white 4, yellow 1, white 1, red 1, yellow 1
MOVE: 0 3 3 None None None
full discards yellow 2
trash is now green 1, green 1, red 3, white 2, red 4, blue 5, blue 4, white 5, yellow 2
full now has blue 3, red 5, red 1, blue 1, green 2
MOVE: 1 1 None 0 None 1
You hints full about all their 1 hints remaining: 0
full has blue 3, red 5, red 1, blue 1, green 2
MOVE: 0 2 3 None None None
full plays blue 1 successfully! Board is now green 3, yellow 4, white 3, blue 1, red 2
full now has blue 3, red 5, red 1, green 2, blue 1
MOVE: 1 3 4 1 None None
You discards yellow 1
trash is now green 1, green 1, red 3, white 2, red 4, blue 5, blue 4, white 5, yellow 2, yellow 1
You now has white 4, yellow 1, white 1, red 1, white 3
MOVE: 0 3 2 None None None
full discards red 1
trash is now green 1, green 1, red 3, white 2, red 4, blue 5, blue 4, white 5, yellow 2, yellow 1, red 1
full now has blue 3, red 5, green 2, blue 1, white 1
MOVE: 1 1 None 0 None 1
You hints full about all their 1 hints remaining: 1
full has blue 3, red 5, green 2, blue 1, white 1
MOVE: 0 3 3 None None None
full discards blue 1
trash is now green 1, green 1, red 3, white 2, red 4, blue 5, blue 4, white 5, yellow 2, yellow 1, red 1, blue 1
full now has blue 3, red 5, green 2, white 1, red 4
MOVE: 1 3 4 1 None None
You discards white 3
trash is now green 1, green 1, red 3, white 2, red 4, blue 5, blue 4, white 5, yellow 2, yellow 1, red 1, blue 1, white 3
You now has white 4, yellow 1, white 1, red 1, yellow 4
MOVE: 0 3 3 None None None
full discards white 1
trash is now green 1, green 1, red 3, white 2, red 4, blue 5, blue 4, white 5, yellow 2, yellow 1, red 1, blue 1, white 3, white 1
full now has blue 3, red 5, green 2, red 4, blue 3
MOVE: 1 1 None 0 None 3
You hints full about all their 3 hints remaining: 3
full has blue 3, red 5, green 2, red 4, blue 3
MOVE: 0 2 4 None None None
full plays blue 3 and fails. Board was green 3, yellow 4, white 3, blue 1, red 2
full now has blue 3, red 5, green 2, red 4, green 4
Score 13
