Old GID: de69bfcd53759a99
Treatment: ('intentional', 3846)
[(2, 1), (4, 2), (1, 4), (2, 5), (3, 1), (1, 1), (2, 4), (0, 4), (0, 3), (1, 4), (0, 1), (3, 4), (3, 3), (1, 3), (3, 2), (3, 5), (0, 1), (4, 1), (3, 4), (0, 5), (2, 3), (4, 2), (3, 1), (4, 3), (4, 3), (0, 1), (2, 3), (2, 2), (1, 3), (3, 3), (0, 2), (2, 2), (1, 1), (2, 1), (0, 2), (4, 1), (4, 5), (4, 1), (1, 2), (3, 2)]
MOVE: 0 1 None 1 None 1
intentional hints You about all their 1 hints remaining: 7
You has white 1, red 4, blue 1, white 4, yellow 5
MOVE: 1 2 2 1 None None
You plays blue 1 successfully! Board is now green 0, yellow 0, white 0, blue 1, red 0
You now has white 1, red 4, white 4, yellow 5, white 1
MOVE: 0 0 None 1 2 None
intentional hints You about all their white cards hints remaining: 6
You has white 1, red 4, white 4, yellow 5, white 1
MOVE: 1 2 0 1 None None
You plays white 1 successfully! Board is now green 0, yellow 0, white 1, blue 1, red 0
You now has red 4, white 4, yellow 5, white 1, red 2
MOVE: 0 1 None 1 None 1
intentional hints You about all their 1 hints remaining: 5
You has red 4, white 4, yellow 5, white 1, red 2
MOVE: 1 3 3 1 None None
You discards white 1
trash is now white 1
You now has red 4, white 4, yellow 5, red 2, yellow 4
MOVE: 0 3 0 None None None
intentional discards yellow 2
trash is now white 1, yellow 2
intentional now has green 4, green 3, yellow 1, red 4, white 5
MOVE: 1 0 None 0 1 None
You hints intentional about all their yellow cards hints remaining: 6
intentional has green 4, green 3, yellow 1, red 4, white 5
MOVE: 0 3 0 None None None
intentional discards green 4
trash is now white 1, yellow 2, green 4
intentional now has green 3, yellow 1, red 4, white 5, blue 1
MOVE: 1 1 None 0 None 1
You hints intentional about all their 1 hints remaining: 6
intentional has green 3, yellow 1, red 4, white 5, blue 1
MOVE: 0 2 1 None None None
intentional plays yellow 1 successfully! Board is now green 0, yellow 1, white 1, blue 1, red 0
intentional now has green 3, red 4, white 5, blue 1, yellow 1
MOVE: 1 2 1 1 None None
You plays white 4 and fails. Board was green 0, yellow 1, white 1, blue 1, red 0
You now has red 4, yellow 5, red 2, yellow 4, white 4
MOVE: 0 3 4 None None None
intentional discards yellow 1
trash is now white 1, yellow 2, green 4, white 4, yellow 1
intentional now has green 3, red 4, white 5, blue 1, green 4
MOVE: 1 2 1 1 None None
You plays yellow 5 and fails. Board was green 0, yellow 1, white 1, blue 1, red 0
You now has red 4, red 2, yellow 4, white 4, green 3
MOVE: 0 3 4 None None None
intentional discards green 4
trash is now white 1, yellow 2, green 4, white 4, yellow 1, yellow 5, green 4
intentional now has green 3, red 4, white 5, blue 1, yellow 4
MOVE: 1 2 1 1 None None
You plays red 2 and fails. Board was green 0, yellow 1, white 1, blue 1, red 0
You now has red 4, yellow 4, white 4, green 3, green 1
Score 3
