Treatment: ('full', 3)
[(4, 2), (3, 4), (3, 1), (1, 1), (1, 5), (3, 3), (1, 2), (2, 3), (4, 1), (1, 2), (3, 4), (4, 4), (4, 1), (2, 5), (4, 2), (0, 4), (1, 3), (3, 2), (0, 1), (2, 1), (2, 1), (1, 3), (4, 3), (2, 1), (0, 3), (2, 2), (4, 4), (3, 1), (1, 4), (3, 5), (0, 5), (1, 1), (3, 3), (0, 1), (0, 1), (4, 3), (2, 4), (1, 4), (2, 3), (1, 1)]
MOVE: 0 1 None 1 None 1
full hints You about all their 1 hints remaining: 7
You has green 4, blue 1, blue 2, green 2, red 1
MOVE: 1 3 1 1 None None
You discards blue 1
trash is now blue 1
You now has green 4, blue 2, green 2, red 1, red 2
MOVE: 0 3 0 None None None
full discards white 2
trash is now blue 1, white 2
full now has green 3, white 4, green 2, red 5, blue 4
MOVE: 1 2 1 1 None None
You plays blue 2 and fails. Board was green 0, yellow 0, white 0, blue 0, red 0
You now has green 4, green 2, red 1, red 2, blue 1
MOVE: 0 1 None 1 None 1
full hints You about all their 1 hints remaining: 7
You has green 4, green 2, red 1, red 2, blue 1
MOVE: 1 2 1 1 None None
You plays green 2 and fails. Board was green 0, yellow 0, white 0, blue 0, red 0
You now has green 4, red 1, red 2, blue 1, yellow 1
MOVE: 0 1 None 1 None 1
full hints You about all their 1 hints remaining: 6
You has green 4, red 1, red 2, blue 1, yellow 1
MOVE: 1 2 1 1 None None
You plays red 1 successfully! Board is now green 0, yellow 0, white 0, blue 0, red 1
You now has green 4, red 2, blue 1, yellow 1, yellow 5
MOVE: 0 0 None 1 3 None
full hints You about all their blue cards hints remaining: 5
You has green 4, red 2, blue 1, yellow 1, yellow 5
MOVE: 1 2 1 1 None None
You plays red 2 successfully! Board is now green 0, yellow 0, white 0, blue 0, red 2
You now has green 4, blue 1, yellow 1, yellow 5, blue 3
MOVE: 0 3 0 None None None
full discards green 3
trash is now blue 1, white 2, blue 2, green 2, green 3
full now has white 4, green 2, red 5, blue 4, yellow 2
MOVE: 1 2 1 1 None None
You plays blue 1 successfully! Board is now green 0, yellow 0, white 0, blue 1, red 2
You now has green 4, yellow 1, yellow 5, blue 3, white 3
MOVE: 0 3 0 None None None
full discards white 4
trash is now blue 1, white 2, blue 2, green 2, green 3, white 4
full now has green 2, red 5, blue 4, yellow 2, red 1
MOVE: 1 2 1 1 None None
You plays yellow 1 successfully! Board is now green 0, yellow 1, white 0, blue 1, red 2
You now has green 4, yellow 5, blue 3, white 3, yellow 2
MOVE: 0 1 None 1 None 2
full hints You about all their 2 hints remaining: 6
You has green 4, yellow 5, blue 3, white 3, yellow 2
MOVE: 1 2 1 1 None None
You plays yellow 5 and fails. Board was green 0, yellow 1, white 0, blue 1, red 2
You now has green 4, blue 3, white 3, yellow 2, blue 4
Score 4
