Old GID: 1590b51d4723b922
Treatment: ('full', 1711)
[(0, 5), (3, 2), (0, 1), (0, 1), (4, 1), (0, 3), (0, 1), (3, 4), (1, 1), (4, 3), (3, 3), (0, 4), (1, 3), (2, 1), (1, 5), (0, 2), (2, 2), (1, 2), (2, 3), (3, 1), (3, 5), (2, 1), (3, 1), (0, 3), (2, 5), (1, 1), (3, 1), (4, 1), (3, 2), (4, 2), (2, 4), (4, 3), (1, 4), (1, 3), (3, 3), (4, 1), (2, 3), (0, 2), (1, 2), (3, 4)]
MOVE: 0 1 None 1 None 1
full hints You about all their 1 hints remaining: 7
You has green 4, red 4, white 1, yellow 1, red 2
MOVE: 1 2 3 1 None None
You plays yellow 1 successfully! Board is now green 0, yellow 1, white 0, blue 0, red 0
You now has green 4, red 4, white 1, red 2, green 5
MOVE: 0 0 None 1 2 None
full hints You about all their white cards hints remaining: 6
You has green 4, red 4, white 1, red 2, green 5
MOVE: 1 2 2 1 None None
You plays white 1 successfully! Board is now green 0, yellow 1, white 1, blue 0, red 0
You now has green 4, red 4, red 2, green 5, blue 2
MOVE: 0 3 0 None None None
full discards red 4
trash is now red 4
full now has red 5, white 4, yellow 4, white 2, green 1
MOVE: 1 1 None 0 None 1
You hints full about all their 1 hints remaining: 6
full has red 5, white 4, yellow 4, white 2, green 1
MOVE: 0 2 4 None None None
full plays green 1 successfully! Board is now green 1, yellow 1, white 1, blue 0, red 0
full now has red 5, white 4, yellow 4, white 2, green 1
MOVE: 1 1 None 0 None 2
You hints full about all their 2 hints remaining: 5
full has red 5, white 4, yellow 4, white 2, green 1
MOVE: 0 2 3 None None None
full plays white 2 successfully! Board is now green 1, yellow 1, white 2, blue 0, red 0
full now has red 5, white 4, yellow 4, green 1, red 1
MOVE: 1 1 None 0 None 1
You hints full about all their 1 hints remaining: 4
full has red 5, white 4, yellow 4, green 1, red 1
MOVE: 0 2 3 None None None
full plays green 1 and fails. Board was green 1, yellow 1, white 2, blue 0, red 0
full now has red 5, white 4, yellow 4, red 1, green 3
MOVE: 1 0 None 0 4 None
You hints full about all their red cards hints remaining: 3
full has red 5, white 4, yellow 4, red 1, green 3
MOVE: 0 2 3 None None None
full plays red 1 successfully! Board is now green 1, yellow 1, white 2, blue 0, red 1
full now has red 5, white 4, yellow 4, green 3, green 1
MOVE: 1 3 0 1 None None
You discards green 4
trash is now red 4, green 1, green 4
You now has red 4, red 2, green 5, blue 2, blue 4
MOVE: 0 3 3 None None None
full discards green 3
trash is now red 4, green 1, green 4, green 3
full now has red 5, white 4, yellow 4, green 1, yellow 1
MOVE: 1 3 0 1 None None
You discards red 4
trash is now red 4, green 1, green 4, green 3, red 4
You now has red 2, green 5, blue 2, blue 4, red 3
MOVE: 0 3 3 None None None
full discards green 1
trash is now red 4, green 1, green 4, green 3, red 4, green 1
full now has red 5, white 4, yellow 4, yellow 1, blue 3
MOVE: 1 1 None 0 None 5
You hints full about all their 5 hints remaining: 6
full has red 5, white 4, yellow 4, yellow 1, blue 3
MOVE: 0 3 3 None None None
full discards yellow 1
trash is now red 4, green 1, green 4, green 3, red 4, green 1, yellow 1
full now has red 5, white 4, yellow 4, blue 3, green 4
MOVE: 1 1 None 0 None 4
You hints full about all their 4 hints remaining: 6
full has red 5, white 4, yellow 4, blue 3, green 4
MOVE: 0 3 3 None None None
full discards blue 3
trash is now red 4, green 1, green 4, green 3, red 4, green 1, yellow 1, blue 3
full now has red 5, white 4, yellow 4, green 4, yellow 3
MOVE: 1 2 0 1 None None
You plays red 2 successfully! Board is now green 1, yellow 1, white 2, blue 0, red 2
You now has green 5, blue 2, blue 4, red 3, white 1
MOVE: 0 0 None 1 4 None
full hints You about all their red cards hints remaining: 6
You has green 5, blue 2, blue 4, red 3, white 1
MOVE: 1 2 3 1 None None
You plays red 3 successfully! Board is now green 1, yellow 1, white 2, blue 0, red 3
You now has green 5, blue 2, blue 4, white 1, yellow 5
MOVE: 0 3 1 None None None
full discards white 4
trash is now red 4, green 1, green 4, green 3, red 4, green 1, yellow 1, blue 3, white 4
full now has red 5, yellow 4, green 4, yellow 3, green 2
MOVE: 1 2 3 1 None None
You plays white 1 and fails. Board was green 1, yellow 1, white 2, blue 0, red 3
You now has green 5, blue 2, blue 4, yellow 5, white 2
MOVE: 0 3 3 None None None
full discards yellow 3
trash is now red 4, green 1, green 4, green 3, red 4, green 1, yellow 1, blue 3, white 4, white 1, yellow 3
full now has red 5, yellow 4, green 4, green 2, yellow 2
MOVE: 1 2 3 1 None None
You plays yellow 5 and fails. Board was green 1, yellow 1, white 2, blue 0, red 3
You now has green 5, blue 2, blue 4, white 2, white 3
Score 7
