Old GID: d4fed2adba815d1d
Treatment: ('outer', 5197)
[(4, 5), (4, 3), (2, 4), (1, 2), (0, 2), (1, 2), (3, 4), (1, 1), (1, 1), (2, 3), (4, 4), (4, 4), (3, 3), (0, 5), (1, 5), (1, 3), (0, 3), (2, 2), (3, 4), (2, 3), (2, 1), (1, 1), (1, 4), (4, 1), (3, 5), (3, 2), (3, 3), (3, 1), (2, 1), (3, 2), (0, 4), (4, 1), (3, 1), (3, 1), (0, 3), (0, 1), (4, 1), (1, 3), (2, 5), (4, 2)]
MOVE: 0 1 None 1 None 1
outer hints You about all their 1 hints remaining: 7
You has white 4, red 3, green 1, red 2, green 2
MOVE: 1 2 2 1 None None
You plays green 1 successfully! Board is now green 1, yellow 0, white 0, blue 0, red 0
You now has white 4, red 3, red 2, green 2, red 5
MOVE: 0 1 None 1 None 2
outer hints You about all their 2 hints remaining: 6
You has white 4, red 3, red 2, green 2, red 5
MOVE: 1 1 None 0 None 1
You hints outer about all their 1 hints remaining: 5
outer has white 1, green 4, yellow 4, green 1, white 2
MOVE: 0 0 None 1 0 None
outer hints You about all their green cards hints remaining: 4
You has white 4, red 3, red 2, green 2, red 5
MOVE: 1 0 None 0 2 None
You hints outer about all their white cards hints remaining: 3
outer has white 1, green 4, yellow 4, green 1, white 2
MOVE: 0 2 0 None None None
outer plays white 1 successfully! Board is now green 1, yellow 0, white 1, blue 0, red 0
outer now has green 4, yellow 4, green 1, white 2, red 3
MOVE: 1 1 None 0 None 2
You hints outer about all their 2 hints remaining: 2
outer has green 4, yellow 4, green 1, white 2, red 3
MOVE: 0 2 3 None None None
outer plays white 2 successfully! Board is now green 1, yellow 0, white 2, blue 0, red 0
outer now has green 4, yellow 4, green 1, red 3, white 4
MOVE: 1 2 3 1 None None
You plays green 2 successfully! Board is now green 2, yellow 0, white 2, blue 0, red 0
You now has white 4, red 3, red 2, red 5, yellow 2
MOVE: 0 1 None 1 None 5
outer hints You about all their 5 hints remaining: 1
You has white 4, red 3, red 2, red 5, yellow 2
MOVE: 1 3 0 1 None None
You discards white 4
trash is now white 4
You now has red 3, red 2, red 5, yellow 2, green 2
MOVE: 0 1 None 1 None 2
outer hints You about all their 2 hints remaining: 1
You has red 3, red 2, red 5, yellow 2, green 2
MOVE: 1 3 1 1 None None
You discards red 2
trash is now white 4, red 2
You now has red 3, red 5, yellow 2, green 2, yellow 2
MOVE: 0 1 None 1 None 2
outer hints You about all their 2 hints remaining: 1
You has red 3, red 5, yellow 2, green 2, yellow 2
MOVE: 1 3 2 1 None None
You discards yellow 2
trash is now white 4, red 2, yellow 2
You now has red 3, red 5, green 2, yellow 2, blue 4
MOVE: 0 0 None 1 4 None
outer hints You about all their red cards hints remaining: 1
You has red 3, red 5, green 2, yellow 2, blue 4
MOVE: 1 2 0 1 None None
You plays red 3 and fails. Board was green 2, yellow 0, white 2, blue 0, red 0
You now has red 5, green 2, yellow 2, blue 4, yellow 1
MOVE: 0 0 None 1 1 None
outer hints You about all their yellow cards hints remaining: 0
You has red 5, green 2, yellow 2, blue 4, yellow 1
MOVE: 1 2 4 1 None None
You plays yellow 1 successfully! Board is now green 2, yellow 1, white 2, blue 0, red 0
You now has red 5, green 2, yellow 2, blue 4, yellow 1
MOVE: 0 3 0 None None None
outer discards green 4
trash is now white 4, red 2, yellow 2, red 3, green 4
outer now has yellow 4, green 1, red 3, white 4, white 3
MOVE: 1 2 2 1 None None
You plays yellow 2 successfully! Board is now green 2, yellow 2, white 2, blue 0, red 0
You now has red 5, green 2, blue 4, yellow 1, red 4
MOVE: 0 0 None 1 1 None
outer hints You about all their yellow cards hints remaining: 0
You has red 5, green 2, blue 4, yellow 1, red 4
MOVE: 1 2 3 1 None None
You plays yellow 1 and fails. Board was green 2, yellow 2, white 2, blue 0, red 0
You now has red 5, green 2, blue 4, red 4, red 4
MOVE: 0 3 3 None None None
outer discards white 4
trash is now white 4, red 2, yellow 2, red 3, green 4, yellow 1, white 4
outer now has yellow 4, green 1, red 3, white 3, blue 3
MOVE: 1 2 4 1 None None
You plays red 4 and fails. Board was green 2, yellow 2, white 2, blue 0, red 0
You now has red 5, green 2, blue 4, red 4, green 5
Score 6
