Old GID: c247340d3763ac9f
Treatment: ('intentional', 3156)
[(1, 3), (3, 5), (4, 1), (4, 3), (1, 2), (0, 1), (4, 2), (3, 3), (1, 1), (4, 1), (2, 1), (2, 3), (0, 3), (4, 2), (2, 1), (2, 4), (3, 1), (2, 1), (3, 2), (3, 4), (2, 3), (1, 1), (2, 4), (0, 1), (3, 1), (2, 5), (0, 4), (1, 4), (3, 4), (2, 2), (4, 1), (4, 5), (0, 1), (0, 4), (0, 5), (0, 2), (4, 3), (4, 4), (1, 2), (3, 3)]
MOVE: 0 1 None 1 None 1
intentional hints You about all their 1 hints remaining: 7
You has green 3, blue 1, yellow 3, yellow 1, yellow 4
MOVE: 1 2 1 1 None None
You plays blue 1 successfully! Board is now green 0, yellow 0, white 0, blue 1, red 0
You now has green 3, yellow 3, yellow 1, yellow 4, yellow 3
MOVE: 0 3 0 None None None
intentional discards yellow 5
trash is now yellow 5
intentional now has white 2, green 2, red 4, blue 2, blue 5
MOVE: 1 2 2 1 None None
You plays yellow 1 successfully! Board is now green 0, yellow 1, white 0, blue 1, red 0
You now has green 3, yellow 3, yellow 4, yellow 3, red 1
MOVE: 0 0 None 1 4 None
intentional hints You about all their red cards hints remaining: 7
You has green 3, yellow 3, yellow 4, yellow 3, red 1
MOVE: 1 2 4 1 None None
You plays red 1 successfully! Board is now green 0, yellow 1, white 0, blue 1, red 1
You now has green 3, yellow 3, yellow 4, yellow 3, red 3
MOVE: 0 3 0 None None None
intentional discards white 2
trash is now yellow 5, white 2
intentional now has green 2, red 4, blue 2, blue 5, yellow 2
MOVE: 1 0 None 0 1 None
You hints intentional about all their yellow cards hints remaining: 7
intentional has green 2, red 4, blue 2, blue 5, yellow 2
MOVE: 0 3 4 None None None
intentional discards yellow 2
trash is now yellow 5, white 2, yellow 2
intentional now has green 2, red 4, blue 2, blue 5, green 1
MOVE: 1 1 None 0 None 1
You hints intentional about all their 1 hints remaining: 7
intentional has green 2, red 4, blue 2, blue 5, green 1
MOVE: 0 3 4 None None None
intentional discards green 1
trash is now yellow 5, white 2, yellow 2, green 1
intentional now has green 2, red 4, blue 2, blue 5, red 2
MOVE: 1 1 None 0 None 2
You hints intentional about all their 2 hints remaining: 7
intentional has green 2, red 4, blue 2, blue 5, red 2
MOVE: 0 3 1 None None None
intentional discards red 4
trash is now yellow 5, white 2, yellow 2, green 1, red 4
intentional now has green 2, blue 2, blue 5, red 2, blue 3
MOVE: 1 0 None 0 0 None
You hints intentional about all their green cards hints remaining: 7
intentional has green 2, blue 2, blue 5, red 2, blue 3
MOVE: 0 3 4 None None None
intentional discards blue 3
trash is now yellow 5, white 2, yellow 2, green 1, red 4, blue 3
intentional now has green 2, blue 2, blue 5, red 2, yellow 1
MOVE: 1 3 0 1 None None
You discards green 3
trash is now yellow 5, white 2, yellow 2, green 1, red 4, blue 3, green 3
You now has yellow 3, yellow 4, yellow 3, red 3, red 1
MOVE: 0 3 4 None None None
intentional discards yellow 1
trash is now yellow 5, white 2, yellow 2, green 1, red 4, blue 3, green 3, yellow 1
intentional now has green 2, blue 2, blue 5, red 2, white 1
MOVE: 1 2 0 1 None None
You plays yellow 3 and fails. Board was green 0, yellow 1, white 0, blue 1, red 1
You now has yellow 4, yellow 3, red 3, red 1, white 3
MOVE: 0 3 4 None None None
intentional discards white 1
trash is now yellow 5, white 2, yellow 2, green 1, red 4, blue 3, green 3, yellow 1, yellow 3, white 1
intentional now has green 2, blue 2, blue 5, red 2, green 3
MOVE: 1 2 0 1 None None
You plays yellow 4 and fails. Board was green 0, yellow 1, white 0, blue 1, red 1
You now has yellow 3, red 3, red 1, white 3, red 2
MOVE: 0 1 None 1 None 2
intentional hints You about all their 2 hints remaining: 7
You has yellow 3, red 3, red 1, white 3, red 2
MOVE: 1 2 0 1 None None
You plays yellow 3 and fails. Board was green 0, yellow 1, white 0, blue 1, red 1
You now has red 3, red 1, white 3, red 2, white 1
Score 3
