Old GID: 0465208f998a600a
Treatment: ('intentional', 9549)
[(3, 2), (0, 2), (0, 3), (0, 1), (0, 1), (3, 4), (1, 4), (2, 2), (1, 1), (3, 1), (4, 3), (4, 2), (2, 3), (2, 4), (1, 2), (3, 1), (2, 1), (1, 1), (0, 3), (2, 4), (0, 2), (0, 5), (3, 1), (1, 5), (4, 3), (4, 4), (3, 4), (3, 3), (2, 1), (0, 4), (0, 4), (0, 1), (4, 2), (1, 3), (2, 3), (1, 2), (4, 4), (4, 1), (1, 4), (2, 1)]
MOVE: 0 1 None 1 None 1
intentional hints You about all their 1 hints remaining: 7
You has blue 2, red 5, red 1, yellow 3, blue 5
MOVE: 1 1 None 0 None 1
You hints intentional about all their 1 hints remaining: 6
intentional has yellow 1, red 1, blue 3, white 2, white 5
MOVE: 0 2 1 None None None
intentional plays red 1 successfully! Board is now green 0, yellow 0, white 0, blue 0, red 1
intentional now has yellow 1, blue 3, white 2, white 5, blue 2
MOVE: 1 2 2 1 None None
You plays red 1 and fails. Board was green 0, yellow 0, white 0, blue 0, red 1
You now has blue 2, red 5, yellow 3, blue 5, green 2
MOVE: 0 3 4 None None None
intentional discards blue 2
trash is now red 1, blue 2
intentional now has yellow 1, blue 3, white 2, white 5, green 3
MOVE: 1 0 None 0 1 None
You hints intentional about all their yellow cards hints remaining: 6
intentional has yellow 1, blue 3, white 2, white 5, green 3
MOVE: 0 2 0 None None None
intentional plays yellow 1 successfully! Board is now green 0, yellow 1, white 0, blue 0, red 1
intentional now has blue 3, white 2, white 5, green 3, green 1
MOVE: 1 1 None 0 None 1
You hints intentional about all their 1 hints remaining: 5
intentional has blue 3, white 2, white 5, green 3, green 1
MOVE: 0 3 0 None None None
intentional discards blue 3
trash is now red 1, blue 2, blue 3
intentional now has white 2, white 5, green 3, green 1, green 1
MOVE: 1 0 None 0 0 None
You hints intentional about all their green cards hints remaining: 5
intentional has white 2, white 5, green 3, green 1, green 1
MOVE: 0 2 3 None None None
intentional plays green 1 successfully! Board is now green 1, yellow 1, white 0, blue 0, red 1
intentional now has white 2, white 5, green 3, green 1, blue 4
MOVE: 1 1 None 0 None 1
You hints intentional about all their 1 hints remaining: 4
intentional has white 2, white 5, green 3, green 1, blue 4
MOVE: 0 3 3 None None None
intentional discards green 1
trash is now red 1, blue 2, blue 3, green 1
intentional now has white 2, white 5, green 3, blue 4, yellow 4
MOVE: 1 3 0 1 None None
You discards blue 2
trash is now red 1, blue 2, blue 3, green 1, blue 2
You now has red 5, yellow 3, blue 5, green 2, white 2
MOVE: 0 0 None 1 0 None
intentional hints You about all their green cards hints remaining: 5
You has red 5, yellow 3, blue 5, green 2, white 2
MOVE: 1 2 3 1 None None
You plays green 2 successfully! Board is now green 2, yellow 1, white 0, blue 0, red 1
You now has red 5, yellow 3, blue 5, white 2, yellow 1
MOVE: 0 3 4 None None None
intentional discards yellow 4
trash is now red 1, blue 2, blue 3, green 1, blue 2, yellow 4
intentional now has white 2, white 5, green 3, blue 4, blue 1
MOVE: 1 0 None 0 3 None
You hints intentional about all their blue cards hints remaining: 5
intentional has white 2, white 5, green 3, blue 4, blue 1
MOVE: 0 3 0 None None None
intentional discards white 2
trash is now red 1, blue 2, blue 3, green 1, blue 2, yellow 4, white 2
intentional now has white 5, green 3, blue 4, blue 1, red 3
MOVE: 1 1 None 0 None 1
You hints intentional about all their 1 hints remaining: 5
intentional has white 5, green 3, blue 4, blue 1, red 3
MOVE: 0 2 3 None None None
intentional plays blue 1 successfully! Board is now green 2, yellow 1, white 0, blue 1, red 1
intentional now has white 5, green 3, blue 4, red 3, red 2
MOVE: 1 0 None 0 4 None
You hints intentional about all their red cards hints remaining: 4
intentional has white 5, green 3, blue 4, red 3, red 2
MOVE: 0 3 4 None None None
intentional discards red 2
trash is now red 1, blue 2, blue 3, green 1, blue 2, yellow 4, white 2, red 2
intentional now has white 5, green 3, blue 4, red 3, white 3
MOVE: 1 1 None 0 None 3
You hints intentional about all their 3 hints remaining: 4
intentional has white 5, green 3, blue 4, red 3, white 3
MOVE: 0 2 1 None None None
intentional plays green 3 successfully! Board is now green 3, yellow 1, white 0, blue 1, red 1
intentional now has white 5, blue 4, red 3, white 3, white 4
MOVE: 1 2 4 1 None None
You plays yellow 1 and fails. Board was green 3, yellow 1, white 0, blue 1, red 1
You now has red 5, yellow 3, blue 5, white 2, yellow 2
MOVE: 0 3 3 None None None
intentional discards white 3
trash is now red 1, blue 2, blue 3, green 1, blue 2, yellow 4, white 2, red 2, yellow 1, white 3
intentional now has white 5, blue 4, red 3, white 4, blue 1
MOVE: 1 2 4 1 None None
You plays yellow 2 successfully! Board is now green 3, yellow 2, white 0, blue 1, red 1
You now has red 5, yellow 3, blue 5, white 2, white 1
MOVE: 0 0 None 1 1 None
intentional hints You about all their yellow cards hints remaining: 4
You has red 5, yellow 3, blue 5, white 2, white 1
MOVE: 1 2 4 1 None None
You plays white 1 successfully! Board is now green 3, yellow 2, white 1, blue 1, red 1
You now has red 5, yellow 3, blue 5, white 2, yellow 1
MOVE: 0 0 None 1 2 None
intentional hints You about all their white cards hints remaining: 3
You has red 5, yellow 3, blue 5, white 2, yellow 1
MOVE: 1 2 4 1 None None
You plays yellow 1 and fails. Board was green 3, yellow 2, white 1, blue 1, red 1
You now has red 5, yellow 3, blue 5, white 2, green 3
Score 8
