Old GID: 94756eb4b45c2e83
Treatment: ('outer', 1683)
[(2, 3), (0, 1), (1, 3), (4, 1), (2, 1), (4, 2), (0, 5), (4, 1), (2, 4), (1, 3), (0, 1), (1, 1), (3, 1), (4, 5), (1, 4), (2, 2), (4, 4), (1, 5), (2, 1), (1, 1), (4, 4), (3, 3), (0, 2), (3, 1), (1, 4), (4, 3), (2, 1), (0, 3), (0, 3), (3, 2), (2, 2), (1, 2), (0, 4), (0, 2), (4, 1), (3, 5), (3, 1), (4, 2), (0, 1), (4, 3)]
MOVE: 0 0 None 1 1 None
outer hints You about all their yellow cards hints remaining: 7
You has blue 2, white 4, yellow 2, blue 4, blue 4
MOVE: 1 2 2 1 None None
You plays yellow 2 and fails. Board was green 0, yellow 0, white 0, blue 0, red 0
You now has blue 2, white 4, blue 4, blue 4, white 3
MOVE: 0 0 None 1 3 None
outer hints You about all their blue cards hints remaining: 6
You has blue 2, white 4, blue 4, blue 4, white 3
MOVE: 1 2 4 1 None None
You plays white 3 and fails. Board was green 0, yellow 0, white 0, blue 0, red 0
You now has blue 2, white 4, blue 4, blue 4, green 1
MOVE: 0 1 None 1 None 1
outer hints You about all their 1 hints remaining: 5
You has blue 2, white 4, blue 4, blue 4, green 1
MOVE: 1 3 4 1 None None
You discards green 1
trash is now yellow 2, white 3, green 1
You now has blue 2, white 4, blue 4, blue 4, yellow 3
MOVE: 0 1 None 1 None 4
outer hints You about all their 4 hints remaining: 5
You has blue 2, white 4, blue 4, blue 4, yellow 3
MOVE: 1 2 4 1 None None
You plays yellow 3 and fails. Board was green 0, yellow 0, white 0, blue 0, red 0
You now has blue 2, white 4, blue 4, blue 4, red 1
Score 0
