Old GID: 3f07665fd18c0536
Treatment: ('outer', 3499)
[(3, 1), (3, 1), (4, 4), (1, 2), (1, 1), (0, 4), (2, 2), (3, 3), (0, 1), (1, 2), (4, 4), (4, 2), (4, 5), (3, 2), (4, 3), (3, 2), (4, 1), (2, 4), (0, 4), (2, 1), (2, 3), (0, 1), (2, 1), (1, 3), (3, 1), (1, 4), (1, 3), (4, 1), (1, 1), (1, 4), (4, 2), (0, 3), (1, 1), (3, 3), (0, 2), (2, 5), (2, 4), (1, 5), (0, 5), (0, 2)]
MOVE: 0 0 None 1 3 None
outer hints You about all their blue cards hints remaining: 7
You has red 3, green 3, white 2, blue 4, blue 5
MOVE: 1 1 None 0 None 1
You hints outer about all their 1 hints remaining: 6
outer has white 3, blue 4, white 1, green 1, red 1
MOVE: 0 2 2 None None None
outer plays white 1 successfully! Board is now green 0, yellow 0, white 1, blue 0, red 0
outer now has white 3, blue 4, green 1, red 1, blue 1
MOVE: 1 1 None 0 None 1
You hints outer about all their 1 hints remaining: 5
outer has white 3, blue 4, green 1, red 1, blue 1
MOVE: 0 1 None 1 None 2
outer hints You about all their 2 hints remaining: 4
You has red 3, green 3, white 2, blue 4, blue 5
MOVE: 1 0 None 0 0 None
You hints outer about all their green cards hints remaining: 3
outer has white 3, blue 4, green 1, red 1, blue 1
MOVE: 0 2 2 None None None
outer plays green 1 successfully! Board is now green 1, yellow 0, white 1, blue 0, red 0
outer now has white 3, blue 4, red 1, blue 1, blue 1
MOVE: 1 0 None 0 4 None
You hints outer about all their red cards hints remaining: 2
outer has white 3, blue 4, red 1, blue 1, blue 1
MOVE: 0 2 2 None None None
outer plays red 1 successfully! Board is now green 1, yellow 0, white 1, blue 0, red 1
outer now has white 3, blue 4, blue 1, blue 1, red 4
MOVE: 1 0 None 0 3 None
You hints outer about all their blue cards hints remaining: 1
outer has white 3, blue 4, blue 1, blue 1, red 4
MOVE: 0 2 2 None None None
outer plays blue 1 successfully! Board is now green 1, yellow 0, white 1, blue 1, red 1
outer now has white 3, blue 4, blue 1, red 4, yellow 2
MOVE: 1 2 2 1 None None
You plays white 2 successfully! Board is now green 1, yellow 0, white 2, blue 1, red 1
You now has red 3, green 3, blue 4, blue 5, yellow 1
MOVE: 0 1 None 1 None 1
outer hints You about all their 1 hints remaining: 0
You has red 3, green 3, blue 4, blue 5, yellow 1
MOVE: 1 2 4 1 None None
You plays yellow 1 successfully! Board is now green 1, yellow 1, white 2, blue 1, red 1
You now has red 3, green 3, blue 4, blue 5, green 4
MOVE: 0 3 2 None None None
outer discards blue 1
trash is now blue 1
outer now has white 3, blue 4, red 4, yellow 2, white 2
MOVE: 1 1 None 0 None 2
You hints outer about all their 2 hints remaining: 0
outer has white 3, blue 4, red 4, yellow 2, white 2
MOVE: 0 3 1 None None None
outer discards blue 4
trash is now blue 1, blue 4
outer now has white 3, red 4, yellow 2, white 2, blue 3
MOVE: 1 0 None 0 2 None
You hints outer about all their white cards hints remaining: 0
outer has white 3, red 4, yellow 2, white 2, blue 3
MOVE: 0 2 2 None None None
outer plays yellow 2 successfully! Board is now green 1, yellow 2, white 2, blue 1, red 1
outer now has white 3, red 4, white 2, blue 3, green 1
MOVE: 1 2 2 1 None None
You plays blue 4 and fails. Board was green 1, yellow 2, white 2, blue 1, red 1
You now has red 3, green 3, blue 5, green 4, yellow 2
MOVE: 0 3 2 None None None
outer discards white 2
trash is now blue 1, blue 4, blue 4, white 2
outer now has white 3, red 4, blue 3, green 1, red 4
MOVE: 1 2 2 1 None None
You plays blue 5 and fails. Board was green 1, yellow 2, white 2, blue 1, red 1
You now has red 3, green 3, green 4, yellow 2, red 2
MOVE: 0 1 None 1 None 2
outer hints You about all their 2 hints remaining: 0
You has red 3, green 3, green 4, yellow 2, red 2
MOVE: 1 2 4 1 None None
You plays red 2 successfully! Board is now green 1, yellow 2, white 2, blue 1, red 2
You now has red 3, green 3, green 4, yellow 2, red 5
MOVE: 0 3 0 None None None
outer discards white 3
trash is now blue 1, blue 4, blue 4, white 2, blue 5, white 3
outer now has red 4, blue 3, green 1, red 4, blue 2
MOVE: 1 2 3 1 None None
You plays yellow 2 and fails. Board was green 1, yellow 2, white 2, blue 1, red 2
You now has red 3, green 3, green 4, red 5, red 3
Score 8
