Old GID: b883eb4d8bf595af
Treatment: ('full', 142)
[(1, 2), (0, 4), (0, 1), (2, 4), (3, 1), (2, 3), (3, 4), (4, 1), (4, 1), (2, 1), (1, 4), (1, 3), (0, 3), (1, 5), (4, 4), (0, 1), (3, 1), (2, 4), (3, 3), (2, 2), (2, 3), (4, 3), (4, 5), (3, 5), (4, 2), (0, 2), (0, 5), (0, 1), (2, 1), (3, 2), (4, 3), (0, 4), (0, 2), (1, 1), (3, 4), (1, 3), (2, 1), (2, 2), (3, 2), (2, 5)]
MOVE: 0 1 None 1 None 1
full hints You about all their 1 hints remaining: 7
You has yellow 1, blue 3, red 2, yellow 1, yellow 2
MOVE: 1 2 0 1 None None
You plays yellow 1 successfully! Board is now green 0, yellow 1, white 0, blue 0, red 0
You now has blue 3, red 2, yellow 1, yellow 2, yellow 2
MOVE: 0 0 None 1 1 None
full hints You about all their yellow cards hints remaining: 6
You has blue 3, red 2, yellow 1, yellow 2, yellow 2
MOVE: 1 2 2 1 None None
You plays yellow 1 and fails. Board was green 0, yellow 1, white 0, blue 0, red 0
You now has blue 3, red 2, yellow 2, yellow 2, green 4
MOVE: 0 1 None 1 None 2
full hints You about all their 2 hints remaining: 5
You has blue 3, red 2, yellow 2, yellow 2, green 4
MOVE: 1 1 None 0 None 1
You hints full about all their 1 hints remaining: 4
full has blue 1, red 4, green 3, yellow 4, red 1
MOVE: 0 2 0 None None None
full plays blue 1 successfully! Board is now green 0, yellow 1, white 0, blue 1, red 0
full now has red 4, green 3, yellow 4, red 1, green 1
MOVE: 1 0 None 0 4 None
You hints full about all their red cards hints remaining: 3
full has red 4, green 3, yellow 4, red 1, green 1
MOVE: 0 2 3 None None None
full plays red 1 successfully! Board is now green 0, yellow 1, white 0, blue 1, red 1
full now has red 4, green 3, yellow 4, green 1, white 4
MOVE: 1 2 2 1 None None
You plays yellow 2 successfully! Board is now green 0, yellow 2, white 0, blue 1, red 1
You now has blue 3, red 2, yellow 2, green 4, blue 1
MOVE: 0 0 None 1 4 None
full hints You about all their red cards hints remaining: 2
You has blue 3, red 2, yellow 2, green 4, blue 1
MOVE: 1 3 2 1 None None
You discards yellow 2
trash is now yellow 1, yellow 2
You now has blue 3, red 2, green 4, blue 1, white 3
MOVE: 0 3 4 None None None
full discards white 4
trash is now yellow 1, yellow 2, white 4
full now has red 4, green 3, yellow 4, green 1, blue 4
MOVE: 1 2 1 1 None None
You plays red 2 successfully! Board is now green 0, yellow 2, white 0, blue 1, red 2
You now has blue 3, green 4, blue 1, white 3, red 1
MOVE: 0 3 4 None None None
full discards blue 4
trash is now yellow 1, yellow 2, white 4, blue 4
full now has red 4, green 3, yellow 4, green 1, red 1
MOVE: 1 1 None 0 None 1
You hints full about all their 1 hints remaining: 4
full has red 4, green 3, yellow 4, green 1, red 1
MOVE: 0 2 3 None None None
full plays green 1 successfully! Board is now green 1, yellow 2, white 0, blue 1, red 2
full now has red 4, green 3, yellow 4, red 1, white 1
MOVE: 1 0 None 0 4 None
You hints full about all their red cards hints remaining: 3
full has red 4, green 3, yellow 4, red 1, white 1
MOVE: 0 2 0 None None None
full plays red 4 and fails. Board was green 1, yellow 2, white 0, blue 1, red 2
full now has green 3, yellow 4, red 1, white 1, yellow 4
MOVE: 1 1 None 0 None 1
You hints full about all their 1 hints remaining: 2
full has green 3, yellow 4, red 1, white 1, yellow 4
MOVE: 0 2 3 None None None
full plays white 1 successfully! Board is now green 1, yellow 2, white 1, blue 1, red 2
full now has green 3, yellow 4, red 1, yellow 4, yellow 3
MOVE: 1 1 None 0 None 3
You hints full about all their 3 hints remaining: 1
full has green 3, yellow 4, red 1, yellow 4, yellow 3
MOVE: 0 2 0 None None None
full plays green 3 and fails. Board was green 1, yellow 2, white 1, blue 1, red 2
full now has yellow 4, red 1, yellow 4, yellow 3, green 3
Score 7
