Old GID: f1ab2b082c969d5c
Treatment: ('intentional', 3367)
[(0, 1), (0, 1), (4, 3), (2, 4), (4, 2), (1, 3), (2, 1), (3, 2), (3, 3), (1, 4), (2, 1), (4, 4), (1, 2), (1, 5), (3, 5), (3, 1), (2, 3), (3, 3), (3, 4), (4, 4), (3, 1), (2, 4), (4, 1), (1, 1), (3, 2), (2, 3), (4, 1), (2, 1), (0, 3), (2, 2), (0, 5), (2, 2), (3, 4), (2, 5), (1, 4), (4, 5), (4, 1), (1, 3), (1, 1), (3, 1)]
MOVE: 0 1 None 1 None 1
intentional hints You about all their 1 hints remaining: 7
You has yellow 2, green 1, green 4, green 2, red 2
MOVE: 1 2 1 1 None None
You plays green 1 successfully! Board is now green 1, yellow 0, white 0, blue 0, red 0
You now has yellow 2, green 4, green 2, red 2, green 1
MOVE: 0 3 0 None None None
intentional discards green 4
trash is now green 4
intentional now has green 2, green 3, red 3, yellow 1, green 1
MOVE: 1 0 None 0 1 None
You hints intentional about all their yellow cards hints remaining: 7
intentional has green 2, green 3, red 3, yellow 1, green 1
MOVE: 0 3 0 None None None
intentional discards green 2
trash is now green 4, green 2
intentional now has green 3, red 3, yellow 1, green 1, red 3
MOVE: 1 1 None 0 None 1
You hints intentional about all their 1 hints remaining: 7
intentional has green 3, red 3, yellow 1, green 1, red 3
MOVE: 0 2 2 None None None
intentional plays yellow 1 successfully! Board is now green 1, yellow 1, white 0, blue 0, red 0
intentional now has green 3, red 3, green 1, red 3, white 4
MOVE: 1 2 4 1 None None
You plays green 1 and fails. Board was green 1, yellow 1, white 0, blue 0, red 0
You now has yellow 2, green 4, green 2, red 2, red 2
MOVE: 0 0 None 1 1 None
intentional hints You about all their yellow cards hints remaining: 6
You has yellow 2, green 4, green 2, red 2, red 2
MOVE: 1 2 4 1 None None
You plays red 2 and fails. Board was green 1, yellow 1, white 0, blue 0, red 0
You now has yellow 2, green 4, green 2, red 2, yellow 3
MOVE: 0 3 4 None None None
intentional discards white 4
trash is now green 4, green 2, green 1, red 2, white 4
intentional now has green 3, red 3, green 1, red 3, white 1
MOVE: 1 2 4 1 None None
You plays yellow 3 and fails. Board was green 1, yellow 1, white 0, blue 0, red 0
You now has yellow 2, green 4, green 2, red 2, blue 2
Score 2
