Old GID: 06244e7fa07fc558
Treatment: ('intentional', 3398)
[(2, 4), (3, 5), (3, 1), (3, 1), (4, 1), (0, 3), (3, 3), (4, 2), (3, 4), (2, 1), (2, 5), (1, 4), (0, 2), (1, 3), (0, 5), (0, 3), (0, 2), (1, 3), (1, 1), (2, 2), (1, 4), (1, 1), (2, 1), (0, 4), (0, 1), (4, 3), (2, 1), (4, 2), (0, 4), (3, 1), (2, 3), (0, 1), (4, 4), (2, 3), (4, 3), (1, 1), (3, 2), (2, 2), (1, 2), (3, 4)]
MOVE: 0 1 None 1 None 1
intentional hints You about all their 1 hints remaining: 7
You has white 4, yellow 5, red 1, red 4, blue 2
MOVE: 1 1 None 0 None 1
You hints intentional about all their 1 hints remaining: 6
intentional has blue 3, red 5, red 1, yellow 2, green 1
MOVE: 0 2 4 None None None
intentional plays green 1 successfully! Board is now green 1, yellow 0, white 0, blue 0, red 0
intentional now has blue 3, red 5, red 1, yellow 2, white 4
MOVE: 1 2 2 1 None None
You plays red 1 successfully! Board is now green 1, yellow 0, white 0, blue 0, red 1
You now has white 4, yellow 5, red 4, blue 2, blue 5
MOVE: 0 3 4 None None None
intentional discards white 4
trash is now white 4
intentional now has blue 3, red 5, red 1, yellow 2, blue 1
MOVE: 1 0 None 0 4 None
You hints intentional about all their red cards hints remaining: 6
intentional has blue 3, red 5, red 1, yellow 2, blue 1
MOVE: 0 3 2 None None None
intentional discards red 1
trash is now white 4, red 1
intentional now has blue 3, red 5, yellow 2, blue 1, blue 1
MOVE: 1 1 None 0 None 1
You hints intentional about all their 1 hints remaining: 6
intentional has blue 3, red 5, yellow 2, blue 1, blue 1
MOVE: 0 3 0 None None None
intentional discards blue 3
trash is now white 4, red 1, blue 3
intentional now has red 5, yellow 2, blue 1, blue 1, red 1
MOVE: 1 0 None 0 3 None
You hints intentional about all their blue cards hints remaining: 6
intentional has red 5, yellow 2, blue 1, blue 1, red 1
MOVE: 0 2 3 None None None
intentional plays blue 1 successfully! Board is now green 1, yellow 0, white 0, blue 1, red 1
intentional now has red 5, yellow 2, blue 1, red 1, green 3
MOVE: 1 1 None 0 None 1
You hints intentional about all their 1 hints remaining: 5
intentional has red 5, yellow 2, blue 1, red 1, green 3
MOVE: 0 3 2 None None None
intentional discards blue 1
trash is now white 4, red 1, blue 3, blue 1
intentional now has red 5, yellow 2, red 1, green 3, blue 3
MOVE: 1 0 None 0 4 None
You hints intentional about all their red cards hints remaining: 5
intentional has red 5, yellow 2, red 1, green 3, blue 3
MOVE: 0 3 2 None None None
intentional discards red 1
trash is now white 4, red 1, blue 3, blue 1, red 1
intentional now has red 5, yellow 2, green 3, blue 3, red 2
MOVE: 1 2 4 1 None None
You plays blue 5 and fails. Board was green 1, yellow 0, white 0, blue 1, red 1
You now has white 4, yellow 5, red 4, blue 2, blue 4
MOVE: 0 1 None 1 None 2
intentional hints You about all their 2 hints remaining: 5
You has white 4, yellow 5, red 4, blue 2, blue 4
MOVE: 1 2 4 1 None None
You plays blue 4 and fails. Board was green 1, yellow 0, white 0, blue 1, red 1
You now has white 4, yellow 5, red 4, blue 2, white 1
MOVE: 0 0 None 1 2 None
intentional hints You about all their white cards hints remaining: 4
You has white 4, yellow 5, red 4, blue 2, white 1
MOVE: 1 3 4 1 None None
You discards white 1
trash is now white 4, red 1, blue 3, blue 1, red 1, blue 5, blue 4, white 1
You now has white 4, yellow 5, red 4, blue 2, white 5
MOVE: 0 0 None 1 3 None
intentional hints You about all their blue cards hints remaining: 4
You has white 4, yellow 5, red 4, blue 2, white 5
MOVE: 1 2 4 1 None None
You plays white 5 and fails. Board was green 1, yellow 0, white 0, blue 1, red 1
You now has white 4, yellow 5, red 4, blue 2, yellow 4
Score 3
