Old GID: 9c71019705435bad
Treatment: ('full', 2871)
[(2, 2), (0, 4), (4, 4), (1, 5), (4, 1), (4, 1), (1, 1), (2, 4), (4, 2), (0, 1), (2, 3), (1, 2), (2, 1), (4, 3), (3, 4), (2, 1), (1, 4), (3, 4), (1, 3), (3, 1), (4, 1), (4, 4), (2, 5), (2, 3), (4, 2), (1, 1), (0, 3), (3, 1), (1, 4), (0, 2), (1, 2), (3, 3), (0, 1), (3, 1), (0, 2), (2, 1), (0, 3), (0, 1), (3, 2), (3, 2)]
MOVE: 0 3 0 None None None
full discards yellow 1
trash is now yellow 1
full now has white 2, green 4, blue 5, red 5, white 2
MOVE: 1 1 None 0 None 5
You hints full about all their 5 hints remaining: 7
full has white 2, green 4, blue 5, red 5, white 2
MOVE: 0 3 0 None None None
full discards white 2
trash is now yellow 1, white 2
full now has green 4, blue 5, red 5, white 2, green 4
MOVE: 1 0 None 0 0 None
You hints full about all their green cards hints remaining: 7
full has green 4, blue 5, red 5, white 2, green 4
MOVE: 0 2 0 None None None
full plays green 4 and fails. Board was green 0, yellow 0, white 0, blue 0, red 0
full now has blue 5, red 5, white 2, green 4, red 4
MOVE: 1 1 None 0 None 4
You hints full about all their 4 hints remaining: 6
full has blue 5, red 5, white 2, green 4, red 4
MOVE: 0 3 4 None None None
full discards red 4
trash is now yellow 1, white 2, green 4, red 4
full now has blue 5, red 5, white 2, green 4, yellow 5
MOVE: 1 1 None 0 None 5
You hints full about all their 5 hints remaining: 6
full has blue 5, red 5, white 2, green 4, yellow 5
MOVE: 0 3 2 None None None
full discards white 2
trash is now yellow 1, white 2, green 4, red 4, white 2
full now has blue 5, red 5, green 4, yellow 5, red 1
MOVE: 1 1 None 0 None 1
You hints full about all their 1 hints remaining: 6
full has blue 5, red 5, green 4, yellow 5, red 1
MOVE: 0 2 4 None None None
full plays red 1 successfully! Board is now green 0, yellow 0, white 0, blue 0, red 1
full now has blue 5, red 5, green 4, yellow 5, red 1
MOVE: 1 0 None 0 4 None
You hints full about all their red cards hints remaining: 5
full has blue 5, red 5, green 4, yellow 5, red 1
MOVE: 0 2 4 None None None
full plays red 1 and fails. Board was green 0, yellow 0, white 0, blue 0, red 1
full now has blue 5, red 5, green 4, yellow 5, yellow 1
MOVE: 1 1 None 0 None 1
You hints full about all their 1 hints remaining: 4
full has blue 5, red 5, green 4, yellow 5, yellow 1
MOVE: 0 2 4 None None None
full plays yellow 1 successfully! Board is now green 0, yellow 1, white 0, blue 0, red 1
full now has blue 5, red 5, green 4, yellow 5, white 4
MOVE: 1 1 None 0 None 4
You hints full about all their 4 hints remaining: 3
full has blue 5, red 5, green 4, yellow 5, white 4
MOVE: 0 3 4 None None None
full discards white 4
trash is now yellow 1, white 2, green 4, red 4, white 2, red 1, white 4
full now has blue 5, red 5, green 4, yellow 5, red 2
MOVE: 1 1 None 0 None 2
You hints full about all their 2 hints remaining: 3
full has blue 5, red 5, green 4, yellow 5, red 2
MOVE: 0 2 4 None None None
full plays red 2 successfully! Board is now green 0, yellow 1, white 0, blue 0, red 2
full now has blue 5, red 5, green 4, yellow 5, green 1
MOVE: 1 1 None 0 None 1
You hints full about all their 1 hints remaining: 2
full has blue 5, red 5, green 4, yellow 5, green 1
MOVE: 0 2 4 None None None
full plays green 1 successfully! Board is now green 1, yellow 1, white 0, blue 0, red 2
full now has blue 5, red 5, green 4, yellow 5, white 3
MOVE: 1 3 3 1 None None
You discards yellow 3
trash is now yellow 1, white 2, green 4, red 4, white 2, red 1, white 4, yellow 3
You now has red 3, green 5, blue 3, white 4, yellow 2
MOVE: 0 0 None 1 1 None
full hints You about all their yellow cards hints remaining: 2
You has red 3, green 5, blue 3, white 4, yellow 2
MOVE: 1 2 4 1 None None
You plays yellow 2 successfully! Board is now green 1, yellow 2, white 0, blue 0, red 2
You now has red 3, green 5, blue 3, white 4, white 1
MOVE: 0 0 None 1 4 None
full hints You about all their red cards hints remaining: 1
You has red 3, green 5, blue 3, white 4, white 1
MOVE: 1 2 0 1 None None
You plays red 3 successfully! Board is now green 1, yellow 2, white 0, blue 0, red 3
You now has green 5, blue 3, white 4, white 1, red 3
MOVE: 0 1 None 1 None 1
full hints You about all their 1 hints remaining: 0
You has green 5, blue 3, white 4, white 1, red 3
MOVE: 1 2 3 1 None None
You plays white 1 successfully! Board is now green 1, yellow 2, white 1, blue 0, red 3
You now has green 5, blue 3, white 4, red 3, blue 4
MOVE: 0 3 4 None None None
full discards white 3
trash is now yellow 1, white 2, green 4, red 4, white 2, red 1, white 4, yellow 3, white 3
full now has blue 5, red 5, green 4, yellow 5, white 1
MOVE: 1 3 2 1 None None
You discards white 4
trash is now yellow 1, white 2, green 4, red 4, white 2, red 1, white 4, yellow 3, white 3, white 4
You now has green 5, blue 3, red 3, blue 4, yellow 4
MOVE: 0 3 4 None None None
full discards white 1
trash is now yellow 1, white 2, green 4, red 4, white 2, red 1, white 4, yellow 3, white 3, white 4, white 1
full now has blue 5, red 5, green 4, yellow 5, blue 4
MOVE: 1 1 None 0 None 4
You hints full about all their 4 hints remaining: 2
full has blue 5, red 5, green 4, yellow 5, blue 4
MOVE: 0 2 4 None None None
full plays blue 4 and fails. Board was green 1, yellow 2, white 1, blue 0, red 3
full now has blue 5, red 5, green 4, yellow 5, yellow 3
Score 7
