Old GID: 31ef939a085f6863
Treatment: ('intentional', 1091)
[(2, 1), (0, 3), (2, 3), (4, 5), (1, 2), (4, 4), (0, 5), (3, 4), (1, 2), (3, 3), (0, 1), (3, 2), (0, 1), (4, 2), (0, 3), (3, 5), (2, 4), (4, 3), (4, 2), (2, 1), (3, 2), (1, 1), (0, 2), (3, 1), (1, 3), (1, 1), (1, 4), (2, 1), (0, 4), (3, 1), (0, 4), (2, 5), (2, 3), (1, 3), (3, 1), (3, 4), (1, 1), (0, 1), (4, 1), (1, 4)]
MOVE: 0 1 None 1 None 1
intentional hints You about all their 1 hints remaining: 7
You has red 4, green 2, yellow 5, red 1, blue 3
MOVE: 1 2 3 1 None None
You plays red 1 successfully! Board is now green 0, yellow 0, white 0, blue 0, red 1
You now has red 4, green 2, yellow 5, blue 3, white 1
MOVE: 0 0 None 1 2 None
intentional hints You about all their white cards hints remaining: 6
You has red 4, green 2, yellow 5, blue 3, white 1
MOVE: 1 2 4 1 None None
You plays white 1 successfully! Board is now green 0, yellow 0, white 1, blue 0, red 1
You now has red 4, green 2, yellow 5, blue 3, green 3
MOVE: 0 3 0 None None None
intentional discards red 3
trash is now red 3
intentional now has red 1, white 4, white 2, white 2, white 3
MOVE: 1 1 None 0 None 2
You hints intentional about all their 2 hints remaining: 6
intentional has red 1, white 4, white 2, white 2, white 3
MOVE: 0 3 0 None None None
intentional discards red 1
trash is now red 3, red 1
intentional now has white 4, white 2, white 2, white 3, red 5
MOVE: 1 0 None 0 2 None
You hints intentional about all their white cards hints remaining: 6
intentional has white 4, white 2, white 2, white 3, red 5
MOVE: 0 2 2 None None None
intentional plays white 2 successfully! Board is now green 0, yellow 0, white 2, blue 0, red 1
intentional now has white 4, white 2, white 3, red 5, yellow 2
MOVE: 1 1 None 0 None 3
You hints intentional about all their 3 hints remaining: 5
intentional has white 4, white 2, white 3, red 5, yellow 2
MOVE: 0 2 2 None None None
intentional plays white 3 successfully! Board is now green 0, yellow 0, white 3, blue 0, red 1
intentional now has white 4, white 2, red 5, yellow 2, red 4
MOVE: 1 1 None 0 None 4
You hints intentional about all their 4 hints remaining: 4
intentional has white 4, white 2, red 5, yellow 2, red 4
MOVE: 0 2 0 None None None
intentional plays white 4 successfully! Board is now green 0, yellow 0, white 4, blue 0, red 1
intentional now has white 2, red 5, yellow 2, red 4, green 5
MOVE: 1 1 None 0 None 5
You hints intentional about all their 5 hints remaining: 3
intentional has white 2, red 5, yellow 2, red 4, green 5
MOVE: 0 3 0 None None None
intentional discards white 2
trash is now red 3, red 1, white 2
intentional now has red 5, yellow 2, red 4, green 5, blue 4
MOVE: 1 3 0 1 None None
You discards red 4
trash is now red 3, red 1, white 2, red 4
You now has green 2, yellow 5, blue 3, green 3, yellow 2
MOVE: 0 1 None 1 None 3
intentional hints You about all their 3 hints remaining: 4
You has green 2, yellow 5, blue 3, green 3, yellow 2
MOVE: 1 2 4 1 None None
You plays yellow 2 and fails. Board was green 0, yellow 0, white 4, blue 0, red 1
You now has green 2, yellow 5, blue 3, green 3, blue 3
MOVE: 0 1 None 1 None 3
intentional hints You about all their 3 hints remaining: 3
You has green 2, yellow 5, blue 3, green 3, blue 3
MOVE: 1 2 4 1 None None
You plays blue 3 and fails. Board was green 0, yellow 0, white 4, blue 0, red 1
You now has green 2, yellow 5, blue 3, green 3, green 1
MOVE: 0 0 None 1 0 None
intentional hints You about all their green cards hints remaining: 2
You has green 2, yellow 5, blue 3, green 3, green 1
MOVE: 1 2 4 1 None None
You plays green 1 successfully! Board is now green 1, yellow 0, white 4, blue 0, red 1
You now has green 2, yellow 5, blue 3, green 3, blue 2
MOVE: 0 3 2 None None None
intentional discards red 4
trash is now red 3, red 1, white 2, red 4, yellow 2, blue 3, red 4
intentional now has red 5, yellow 2, green 5, blue 4, green 1
MOVE: 1 2 4 1 None None
You plays blue 2 and fails. Board was green 1, yellow 0, white 4, blue 0, red 1
You now has green 2, yellow 5, blue 3, green 3, red 2
Score 6
