Old GID: eee49eca7382d310
Treatment: ('intentional', 8735)
[(3, 1), (3, 4), (3, 3), (0, 2), (4, 4), (2, 1), (1, 1), (1, 2), (3, 5), (3, 4), (1, 2), (2, 2), (2, 1), (0, 3), (2, 2), (0, 4), (4, 2), (4, 3), (2, 5), (0, 1), (1, 1), (1, 5), (2, 3), (0, 1), (3, 2), (1, 1), (2, 3), (4, 4), (4, 2), (1, 4), (4, 5), (2, 1), (0, 1), (1, 3), (3, 1), (0, 5), (2, 4), (3, 2), (4, 1), (0, 3)]
MOVE: 0 1 None 1 None 1
intentional hints You about all their 1 hints remaining: 7
You has green 4, red 1, red 1, blue 1, white 4
MOVE: 1 2 1 1 None None
You plays red 1 successfully! Board is now green 0, yellow 0, white 0, blue 0, red 1
You now has green 4, red 1, blue 1, white 4, blue 1
MOVE: 0 0 None 1 3 None
intentional hints You about all their blue cards hints remaining: 6
You has green 4, red 1, blue 1, white 4, blue 1
MOVE: 1 2 1 1 None None
You plays red 1 and fails. Board was green 0, yellow 0, white 0, blue 0, red 1
You now has green 4, blue 1, white 4, blue 1, blue 4
MOVE: 0 1 None 1 None 1
intentional hints You about all their 1 hints remaining: 5
You has green 4, blue 1, white 4, blue 1, blue 4
MOVE: 1 2 1 1 None None
You plays blue 1 successfully! Board is now green 0, yellow 0, white 0, blue 1, red 1
You now has green 4, white 4, blue 1, blue 4, blue 3
MOVE: 0 3 0 None None None
intentional discards red 3
trash is now red 1, red 3
intentional now has yellow 4, green 2, blue 3, yellow 3, green 2
MOVE: 1 3 2 1 None None
You discards blue 1
trash is now red 1, red 3, blue 1
You now has green 4, white 4, blue 4, blue 3, red 4
MOVE: 0 3 0 None None None
intentional discards yellow 4
trash is now red 1, red 3, blue 1, yellow 4
intentional now has green 2, blue 3, yellow 3, green 2, white 1
MOVE: 1 0 None 0 2 None
You hints intentional about all their white cards hints remaining: 7
intentional has green 2, blue 3, yellow 3, green 2, white 1
MOVE: 0 3 0 None None None
intentional discards green 2
trash is now red 1, red 3, blue 1, yellow 4, green 2
intentional now has blue 3, yellow 3, green 2, white 1, yellow 1
MOVE: 1 1 None 0 None 1
You hints intentional about all their 1 hints remaining: 7
intentional has blue 3, yellow 3, green 2, white 1, yellow 1
MOVE: 0 2 3 None None None
intentional plays white 1 successfully! Board is now green 0, yellow 0, white 1, blue 1, red 1
intentional now has blue 3, yellow 3, green 2, yellow 1, yellow 2
MOVE: 1 0 None 0 1 None
You hints intentional about all their yellow cards hints remaining: 6
intentional has blue 3, yellow 3, green 2, yellow 1, yellow 2
MOVE: 0 2 3 None None None
intentional plays yellow 1 successfully! Board is now green 0, yellow 1, white 1, blue 1, red 1
intentional now has blue 3, yellow 3, green 2, yellow 2, blue 5
MOVE: 1 1 None 0 None 2
You hints intentional about all their 2 hints remaining: 5
intentional has blue 3, yellow 3, green 2, yellow 2, blue 5
MOVE: 0 2 3 None None None
intentional plays yellow 2 successfully! Board is now green 0, yellow 2, white 1, blue 1, red 1
intentional now has blue 3, yellow 3, green 2, blue 5, blue 4
MOVE: 1 1 None 0 None 3
You hints intentional about all their 3 hints remaining: 4
intentional has blue 3, yellow 3, green 2, blue 5, blue 4
MOVE: 0 2 1 None None None
intentional plays yellow 3 successfully! Board is now green 0, yellow 3, white 1, blue 1, red 1
intentional now has blue 3, green 2, blue 5, blue 4, yellow 2
MOVE: 1 3 0 1 None None
You discards green 4
trash is now red 1, red 3, blue 1, yellow 4, green 2, green 4
You now has white 4, blue 4, blue 3, red 4, white 2
MOVE: 0 1 None 1 None 2
intentional hints You about all their 2 hints remaining: 4
You has white 4, blue 4, blue 3, red 4, white 2
MOVE: 1 2 4 1 None None
You plays white 2 successfully! Board is now green 0, yellow 3, white 2, blue 1, red 1
You now has white 4, blue 4, blue 3, red 4, white 1
MOVE: 0 0 None 1 3 None
intentional hints You about all their blue cards hints remaining: 3
You has white 4, blue 4, blue 3, red 4, white 1
MOVE: 1 2 2 1 None None
You plays blue 3 and fails. Board was green 0, yellow 3, white 2, blue 1, red 1
You now has white 4, blue 4, red 4, white 1, green 3
MOVE: 0 0 None 1 4 None
intentional hints You about all their red cards hints remaining: 2
You has white 4, blue 4, red 4, white 1, green 3
MOVE: 1 2 1 1 None None
You plays blue 4 and fails. Board was green 0, yellow 3, white 2, blue 1, red 1
You now has white 4, red 4, white 1, green 3, white 2
Score 7
