Old GID: a9d223d0a60b3c2e
Treatment: ('outer', 9253)
[(3, 3), (2, 5), (1, 4), (2, 2), (2, 1), (1, 1), (1, 4), (1, 3), (2, 3), (2, 4), (1, 1), (4, 2), (1, 2), (4, 2), (1, 2), (4, 3), (3, 1), (2, 2), (0, 2), (2, 3), (4, 5), (1, 5), (3, 2), (0, 1), (1, 1), (0, 4), (1, 3), (3, 1), (0, 4), (0, 3), (0, 5), (3, 2), (4, 3), (0, 2), (4, 4), (3, 4), (2, 4), (3, 5), (3, 4), (3, 3)]
MOVE: 0 1 None 1 None 1
outer hints You about all their 1 hints remaining: 7
You has red 1, red 4, green 1, red 1, blue 1
MOVE: 1 2 4 1 None None
You plays blue 1 successfully! Board is now green 0, yellow 0, white 0, blue 1, red 0
You now has red 1, red 4, green 1, red 1, blue 3
MOVE: 0 0 None 1 4 None
outer hints You about all their red cards hints remaining: 6
You has red 1, red 4, green 1, red 1, blue 3
MOVE: 1 2 3 1 None None
You plays red 1 successfully! Board is now green 0, yellow 0, white 0, blue 1, red 1
You now has red 1, red 4, green 1, blue 3, white 5
MOVE: 0 0 None 1 0 None
outer hints You about all their green cards hints remaining: 5
You has red 1, red 4, green 1, blue 3, white 5
MOVE: 1 2 2 1 None None
You plays green 1 successfully! Board is now green 1, yellow 0, white 0, blue 1, red 1
You now has red 1, red 4, blue 3, white 5, yellow 4
MOVE: 0 0 None 1 2 None
outer hints You about all their white cards hints remaining: 4
You has red 1, red 4, blue 3, white 5, yellow 4
MOVE: 1 2 3 1 None None
You plays white 5 and fails. Board was green 1, yellow 0, white 0, blue 1, red 1
You now has red 1, red 4, blue 3, yellow 4, white 2
MOVE: 0 0 None 1 3 None
outer hints You about all their blue cards hints remaining: 3
You has red 1, red 4, blue 3, yellow 4, white 2
MOVE: 1 2 2 1 None None
You plays blue 3 and fails. Board was green 1, yellow 0, white 0, blue 1, red 1
You now has red 1, red 4, yellow 4, white 2, white 1
MOVE: 0 0 None 1 2 None
outer hints You about all their white cards hints remaining: 2
You has red 1, red 4, yellow 4, white 2, white 1
MOVE: 1 2 4 1 None None
You plays white 1 successfully! Board is now green 1, yellow 0, white 1, blue 1, red 1
You now has red 1, red 4, yellow 4, white 2, yellow 1
MOVE: 0 0 None 1 2 None
outer hints You about all their white cards hints remaining: 1
You has red 1, red 4, yellow 4, white 2, yellow 1
MOVE: 1 2 3 1 None None
You plays white 2 successfully! Board is now green 1, yellow 0, white 2, blue 1, red 1
You now has red 1, red 4, yellow 4, yellow 1, yellow 4
MOVE: 0 1 None 1 None 1
outer hints You about all their 1 hints remaining: 0
You has red 1, red 4, yellow 4, yellow 1, yellow 4
MOVE: 1 2 3 1 None None
You plays yellow 1 successfully! Board is now green 1, yellow 1, white 2, blue 1, red 1
You now has red 1, red 4, yellow 4, yellow 4, yellow 3
MOVE: 0 3 4 None None None
outer discards red 1
trash is now white 5, blue 3, red 1
outer now has white 1, green 1, green 3, white 1, white 3
MOVE: 1 1 None 0 None 1
You hints outer about all their 1 hints remaining: 0
outer has white 1, green 1, green 3, white 1, white 3
MOVE: 0 3 3 None None None
outer discards white 1
trash is now white 5, blue 3, red 1, white 1
outer now has white 1, green 1, green 3, white 3, white 4
MOVE: 1 3 0 1 None None
You discards red 1
trash is now white 5, blue 3, red 1, white 1, red 1
You now has red 4, yellow 4, yellow 4, yellow 3, yellow 1
MOVE: 0 3 0 None None None
outer discards white 1
trash is now white 5, blue 3, red 1, white 1, red 1, white 1
outer now has green 1, green 3, white 3, white 4, red 2
MOVE: 1 2 0 1 None None
You plays red 4 and fails. Board was green 1, yellow 1, white 2, blue 1, red 1
You now has yellow 4, yellow 4, yellow 3, yellow 1, yellow 2
Score 6
