Old GID: 84c8bd4b5788ff42
Treatment: ('outer', 6987)
[(1, 1), (4, 2), (4, 1), (2, 4), (0, 1), (3, 1), (2, 3), (4, 1), (1, 3), (2, 4), (3, 1), (0, 4), (3, 4), (1, 2), (1, 3), (0, 1), (2, 2), (0, 4), (0, 2), (4, 5), (2, 1), (1, 1), (0, 3), (0, 5), (4, 1), (1, 4), (3, 5), (0, 1), (2, 1), (4, 4), (1, 5), (4, 2), (2, 5), (1, 1), (3, 2), (3, 3), (2, 3), (3, 4), (2, 1), (3, 2)]
MOVE: 0 0 None 1 2 None
outer hints You about all their white cards hints remaining: 7
You has white 2, green 3, blue 3, yellow 2, red 3
MOVE: 1 2 0 1 None None
You plays white 2 and fails. Board was green 0, yellow 0, white 0, blue 0, red 0
You now has green 3, blue 3, yellow 2, red 3, yellow 1
MOVE: 0 0 None 1 1 None
outer hints You about all their yellow cards hints remaining: 6
You has green 3, blue 3, yellow 2, red 3, yellow 1
MOVE: 1 1 None 0 None 1
You hints outer about all their 1 hints remaining: 5
outer has red 4, red 3, green 2, yellow 4, blue 1
MOVE: 0 2 4 None None None
outer plays blue 1 successfully! Board is now green 0, yellow 0, white 0, blue 1, red 0
outer now has red 4, red 3, green 2, yellow 4, red 2
MOVE: 1 2 2 1 None None
You plays yellow 2 and fails. Board was green 0, yellow 0, white 0, blue 1, red 0
You now has green 3, blue 3, red 3, yellow 1, red 1
MOVE: 0 1 None 1 None 1
outer hints You about all their 1 hints remaining: 4
You has green 3, blue 3, red 3, yellow 1, red 1
MOVE: 1 2 3 1 None None
You plays yellow 1 successfully! Board is now green 0, yellow 1, white 0, blue 1, red 0
You now has green 3, blue 3, red 3, red 1, white 4
MOVE: 0 1 None 1 None 1
outer hints You about all their 1 hints remaining: 3
You has green 3, blue 3, red 3, red 1, white 4
MOVE: 1 2 3 1 None None
You plays red 1 successfully! Board is now green 0, yellow 1, white 0, blue 1, red 1
You now has green 3, blue 3, red 3, white 4, green 1
MOVE: 0 1 None 1 None 1
outer hints You about all their 1 hints remaining: 2
You has green 3, blue 3, red 3, white 4, green 1
MOVE: 1 0 None 0 4 None
You hints outer about all their red cards hints remaining: 1
outer has red 4, red 3, green 2, yellow 4, red 2
MOVE: 0 0 None 1 0 None
outer hints You about all their green cards hints remaining: 0
You has green 3, blue 3, red 3, white 4, green 1
MOVE: 1 2 0 1 None None
You plays green 3 and fails. Board was green 0, yellow 1, white 0, blue 1, red 1
You now has blue 3, red 3, white 4, green 1, blue 1
Score 3
