Old GID: 63509a108f668770
Treatment: ('outer', 1269)
[(4, 5), (3, 4), (1, 3), (4, 3), (4, 1), (1, 4), (2, 2), (1, 2), (1, 4), (4, 1), (4, 4), (4, 4), (4, 3), (3, 1), (4, 1), (2, 1), (3, 2), (3, 2), (0, 3), (1, 3), (0, 5), (1, 1), (0, 1), (0, 2), (0, 4), (2, 1), (0, 4), (2, 3), (0, 2), (2, 3), (1, 2), (4, 2), (4, 2), (2, 4), (0, 1), (3, 3), (1, 5), (1, 1), (3, 5), (3, 3)]
MOVE: 0 1 None 1 None 1
outer hints You about all their 1 hints remaining: 7
You has white 2, green 3, white 5, green 1, white 4
MOVE: 1 1 None 0 None 1
You hints outer about all their 1 hints remaining: 6
outer has yellow 1, blue 1, blue 4, blue 1, white 1
MOVE: 0 2 0 None None None
outer plays yellow 1 successfully! Board is now green 0, yellow 1, white 0, blue 0, red 0
outer now has blue 1, blue 4, blue 1, white 1, red 5
MOVE: 1 0 None 0 3 None
You hints outer about all their blue cards hints remaining: 5
outer has blue 1, blue 4, blue 1, white 1, red 5
MOVE: 0 2 0 None None None
outer plays blue 1 successfully! Board is now green 0, yellow 1, white 0, blue 1, red 0
outer now has blue 4, blue 1, white 1, red 5, blue 4
MOVE: 1 2 3 1 None None
You plays green 1 successfully! Board is now green 1, yellow 1, white 0, blue 1, red 0
You now has white 2, green 3, white 5, white 4, yellow 3
MOVE: 0 3 1 None None None
outer discards blue 1
trash is now blue 1
outer now has blue 4, white 1, red 5, blue 4, red 3
MOVE: 1 0 None 0 2 None
You hints outer about all their white cards hints remaining: 5
outer has blue 4, white 1, red 5, blue 4, red 3
MOVE: 0 2 1 None None None
outer plays white 1 successfully! Board is now green 1, yellow 1, white 1, blue 1, red 0
outer now has blue 4, red 5, blue 4, red 3, red 1
MOVE: 1 0 None 0 4 None
You hints outer about all their red cards hints remaining: 4
outer has blue 4, red 5, blue 4, red 3, red 1
MOVE: 0 0 None 1 2 None
outer hints You about all their white cards hints remaining: 3
You has white 2, green 3, white 5, white 4, yellow 3
MOVE: 1 1 None 0 None 1
You hints outer about all their 1 hints remaining: 2
outer has blue 4, red 5, blue 4, red 3, red 1
MOVE: 0 2 4 None None None
outer plays red 1 successfully! Board is now green 1, yellow 1, white 1, blue 1, red 1
outer now has blue 4, red 5, blue 4, red 3, yellow 4
MOVE: 1 2 3 1 None None
You plays white 4 and fails. Board was green 1, yellow 1, white 1, blue 1, red 1
You now has white 2, green 3, white 5, yellow 3, white 2
MOVE: 0 1 None 1 None 2
outer hints You about all their 2 hints remaining: 1
You has white 2, green 3, white 5, yellow 3, white 2
MOVE: 1 2 0 1 None None
You plays white 2 successfully! Board is now green 1, yellow 1, white 2, blue 1, red 1
You now has green 3, white 5, yellow 3, white 2, yellow 2
MOVE: 0 1 None 1 None 2
outer hints You about all their 2 hints remaining: 0
You has green 3, white 5, yellow 3, white 2, yellow 2
MOVE: 1 2 3 1 None None
You plays white 2 and fails. Board was green 1, yellow 1, white 2, blue 1, red 1
You now has green 3, white 5, yellow 3, yellow 2, yellow 4
MOVE: 0 3 3 None None None
outer discards red 3
trash is now blue 1, white 4, white 2, red 3
outer now has blue 4, red 5, blue 4, yellow 4, red 1
MOVE: 1 2 3 1 None None
You plays yellow 2 successfully! Board is now green 1, yellow 2, white 2, blue 1, red 1
You now has green 3, white 5, yellow 3, yellow 4, red 4
MOVE: 0 1 None 1 None 3
outer hints You about all their 3 hints remaining: 0
You has green 3, white 5, yellow 3, yellow 4, red 4
MOVE: 1 2 2 1 None None
You plays yellow 3 successfully! Board is now green 1, yellow 3, white 2, blue 1, red 1
You now has green 3, white 5, yellow 4, red 4, red 4
MOVE: 0 3 4 None None None
outer discards red 1
trash is now blue 1, white 4, white 2, red 3, red 1
outer now has blue 4, red 5, blue 4, yellow 4, red 3
MOVE: 1 2 0 1 None None
You plays green 3 and fails. Board was green 1, yellow 3, white 2, blue 1, red 1
You now has white 5, yellow 4, red 4, red 4, blue 1
Score 8
