Treatment: ('full', 2)
[(4, 2), (3, 3), (1, 3), (4, 1), (1, 4), (1, 1), (3, 4), (4, 1), (4, 5), (4, 3), (2, 4), (0, 3), (3, 5), (1, 1), (2, 1), (0, 5), (3, 1), (4, 1), (0, 1), (0, 1), (0, 4), (3, 3), (1, 4), (3, 1), (3, 2), (2, 3), (1, 2), (1, 3), (0, 3), (2, 2), (2, 2), (2, 3), (1, 2), (2, 5), (3, 2), (3, 4), (0, 2), (0, 1), (4, 3), (4, 4)]
MOVE: 0 1 None 1 None 1
full hints You about all their 1 hints remaining: 7
You has white 1, yellow 5, blue 1, white 4, green 4
MOVE: 1 2 2 1 None None
You plays blue 1 successfully! Board is now green 0, yellow 0, white 0, blue 1, red 0
You now has white 1, yellow 5, white 4, green 4, red 2
MOVE: 0 0 None 1 2 None
full hints You about all their white cards hints remaining: 6
You has white 1, yellow 5, white 4, green 4, red 2
MOVE: 1 2 2 1 None None
You plays white 4 and fails. Board was green 0, yellow 0, white 0, blue 1, red 0
You now has white 1, yellow 5, green 4, red 2, blue 3
MOVE: 0 3 0 None None None
full discards red 2
trash is now white 4, red 2
full now has green 2, yellow 1, red 4, white 1, yellow 3
MOVE: 1 2 0 1 None None
You plays white 1 successfully! Board is now green 0, yellow 0, white 1, blue 1, red 0
You now has yellow 5, green 4, red 2, blue 3, red 1
MOVE: 0 1 None 1 None 1
full hints You about all their 1 hints remaining: 6
You has yellow 5, green 4, red 2, blue 3, red 1
MOVE: 1 2 4 1 None None
You plays red 1 successfully! Board is now green 0, yellow 0, white 1, blue 1, red 1
You now has yellow 5, green 4, red 2, blue 3, yellow 4
MOVE: 0 0 None 1 4 None
full hints You about all their red cards hints remaining: 5
You has yellow 5, green 4, red 2, blue 3, yellow 4
MOVE: 1 3 2 1 None None
You discards red 2
trash is now white 4, red 2, red 2
You now has yellow 5, green 4, blue 3, yellow 4, yellow 1
MOVE: 0 1 None 1 None 1
full hints You about all their 1 hints remaining: 5
You has yellow 5, green 4, blue 3, yellow 4, yellow 1
MOVE: 1 2 4 1 None None
You plays yellow 1 successfully! Board is now green 0, yellow 1, white 1, blue 1, red 1
You now has yellow 5, green 4, blue 3, yellow 4, blue 4
MOVE: 0 3 0 None None None
full discards green 2
trash is now white 4, red 2, red 2, green 2
full now has yellow 1, red 4, white 1, yellow 3, red 1
MOVE: 1 2 1 1 None None
You plays green 4 and fails. Board was green 0, yellow 1, white 1, blue 1, red 1
You now has yellow 5, blue 3, yellow 4, blue 4, red 5
MOVE: 0 3 0 None None None
full discards yellow 1
trash is now white 4, red 2, red 2, green 2, green 4, yellow 1
full now has red 4, white 1, yellow 3, red 1, red 3
MOVE: 1 2 2 1 None None
You plays yellow 4 and fails. Board was green 0, yellow 1, white 1, blue 1, red 1
You now has yellow 5, blue 3, blue 4, red 5, white 4
Score 4
