Old GID: e6a7f02725a8112f
Treatment: ('outer', 2205)
[(0, 2), (4, 5), (4, 3), (3, 1), (0, 5), (4, 1), (2, 1), (2, 1), (4, 4), (2, 3), (0, 1), (1, 2), (3, 2), (1, 3), (0, 1), (3, 4), (1, 1), (4, 4), (3, 3), (4, 2), (0, 4), (1, 1), (1, 1), (1, 5), (1, 4), (3, 1), (0, 4), (2, 2), (3, 3), (4, 2), (2, 2), (3, 4), (2, 5), (1, 2), (0, 2), (3, 1), (2, 1), (1, 3), (0, 3), (2, 4)]
MOVE: 0 0 None 1 4 None
outer hints You about all their red cards hints remaining: 7
You has blue 2, red 3, white 4, red 1, white 3
MOVE: 1 1 None 0 None 1
You hints outer about all their 1 hints remaining: 6
outer has red 1, yellow 4, blue 5, green 1, green 3
MOVE: 0 2 0 None None None
outer plays red 1 successfully! Board is now green 0, yellow 0, white 0, blue 0, red 1
outer now has yellow 4, blue 5, green 1, green 3, green 2
MOVE: 1 1 None 0 None 2
You hints outer about all their 2 hints remaining: 5
outer has yellow 4, blue 5, green 1, green 3, green 2
MOVE: 0 0 None 1 2 None
outer hints You about all their white cards hints remaining: 4
You has blue 2, red 3, white 4, red 1, white 3
MOVE: 1 0 None 0 0 None
You hints outer about all their green cards hints remaining: 3
outer has yellow 4, blue 5, green 1, green 3, green 2
MOVE: 0 2 2 None None None
outer plays green 1 successfully! Board is now green 1, yellow 0, white 0, blue 0, red 1
outer now has yellow 4, blue 5, green 3, green 2, red 5
MOVE: 1 2 2 1 None None
You plays white 4 and fails. Board was green 1, yellow 0, white 0, blue 0, red 1
You now has blue 2, red 3, red 1, white 3, red 3
MOVE: 0 2 3 None None None
outer plays green 2 successfully! Board is now green 2, yellow 0, white 0, blue 0, red 1
outer now has yellow 4, blue 5, green 3, red 5, blue 1
MOVE: 1 2 3 1 None None
You plays white 3 and fails. Board was green 2, yellow 0, white 0, blue 0, red 1
You now has blue 2, red 3, red 1, red 3, green 5
MOVE: 0 1 None 1 None 1
outer hints You about all their 1 hints remaining: 2
You has blue 2, red 3, red 1, red 3, green 5
MOVE: 1 3 2 1 None None
You discards red 1
trash is now white 4, white 3, red 1
You now has blue 2, red 3, red 3, green 5, red 1
MOVE: 0 0 None 1 4 None
outer hints You about all their red cards hints remaining: 2
You has blue 2, red 3, red 3, green 5, red 1
MOVE: 1 1 None 0 None 3
You hints outer about all their 3 hints remaining: 1
outer has yellow 4, blue 5, green 3, red 5, blue 1
MOVE: 0 2 2 None None None
outer plays green 3 successfully! Board is now green 3, yellow 0, white 0, blue 0, red 1
outer now has yellow 4, blue 5, red 5, blue 1, white 1
MOVE: 1 1 None 0 None 1
You hints outer about all their 1 hints remaining: 0
outer has yellow 4, blue 5, red 5, blue 1, white 1
MOVE: 0 3 0 None None None
outer discards yellow 4
trash is now white 4, white 3, red 1, yellow 4
outer now has blue 5, red 5, blue 1, white 1, white 1
MOVE: 1 0 None 0 3 None
You hints outer about all their blue cards hints remaining: 0
outer has blue 5, red 5, blue 1, white 1, white 1
MOVE: 0 2 2 None None None
outer plays blue 1 successfully! Board is now green 3, yellow 0, white 0, blue 1, red 1
outer now has blue 5, red 5, white 1, white 1, red 4
MOVE: 1 3 1 1 None None
You discards red 3
trash is now white 4, white 3, red 1, yellow 4, red 3
You now has blue 2, red 3, green 5, red 1, white 3
MOVE: 0 0 None 1 3 None
outer hints You about all their blue cards hints remaining: 0
You has blue 2, red 3, green 5, red 1, white 3
MOVE: 1 2 0 1 None None
You plays blue 2 successfully! Board is now green 3, yellow 0, white 0, blue 2, red 1
You now has red 3, green 5, red 1, white 3, green 1
MOVE: 0 3 4 None None None
outer discards red 4
trash is now white 4, white 3, red 1, yellow 4, red 3, red 4
outer now has blue 5, red 5, white 1, white 1, yellow 2
MOVE: 1 0 None 0 2 None
You hints outer about all their white cards hints remaining: 0
outer has blue 5, red 5, white 1, white 1, yellow 2
MOVE: 0 2 2 None None None
outer plays white 1 successfully! Board is now green 3, yellow 0, white 1, blue 2, red 1
outer now has blue 5, red 5, white 1, yellow 2, blue 2
MOVE: 1 2 2 1 None None
You plays red 1 and fails. Board was green 3, yellow 0, white 1, blue 2, red 1
You now has red 3, green 5, white 3, green 1, yellow 3
Score 7
