Old GID: 2d1fb2c5646a21a4
Treatment: ('outer', 6380)
[(3, 1), (1, 1), (2, 3), (4, 5), (3, 2), (4, 1), (2, 4), (4, 3), (3, 1), (1, 1), (0, 4), (3, 2), (2, 1), (0, 2), (2, 1), (1, 1), (2, 5), (1, 3), (3, 3), (0, 3), (3, 4), (0, 2), (0, 3), (0, 4), (1, 2), (3, 3), (0, 5), (3, 1), (3, 4), (3, 5), (1, 5), (1, 2), (2, 3), (0, 1), (4, 3), (4, 2), (2, 2), (1, 4), (1, 3), (4, 2)]
MOVE: 0 0 None 1 0 None
outer hints You about all their green cards hints remaining: 7
You has green 1, white 2, red 4, white 1, yellow 4
MOVE: 1 2 0 1 None None
You plays green 1 successfully! Board is now green 1, yellow 0, white 0, blue 0, red 0
You now has white 2, red 4, white 1, yellow 4, blue 1
MOVE: 0 1 None 1 None 1
outer hints You about all their 1 hints remaining: 6
You has white 2, red 4, white 1, yellow 4, blue 1
MOVE: 1 2 4 1 None None
You plays blue 1 successfully! Board is now green 1, yellow 0, white 0, blue 1, red 0
You now has white 2, red 4, white 1, yellow 4, yellow 1
MOVE: 0 0 None 1 2 None
outer hints You about all their white cards hints remaining: 5
You has white 2, red 4, white 1, yellow 4, yellow 1
MOVE: 1 2 2 1 None None
You plays white 1 successfully! Board is now green 1, yellow 0, white 1, blue 1, red 0
You now has white 2, red 4, yellow 4, yellow 1, white 3
MOVE: 0 1 None 1 None 2
outer hints You about all their 2 hints remaining: 4
You has white 2, red 4, yellow 4, yellow 1, white 3
MOVE: 1 2 0 1 None None
You plays white 2 successfully! Board is now green 1, yellow 0, white 2, blue 1, red 0
You now has red 4, yellow 4, yellow 1, white 3, red 5
MOVE: 0 0 None 1 2 None
outer hints You about all their white cards hints remaining: 3
You has red 4, yellow 4, yellow 1, white 3, red 5
MOVE: 1 2 3 1 None None
You plays white 3 successfully! Board is now green 1, yellow 0, white 3, blue 1, red 0
You now has red 4, yellow 4, yellow 1, red 5, blue 2
MOVE: 0 1 None 1 None 2
outer hints You about all their 2 hints remaining: 2
You has red 4, yellow 4, yellow 1, red 5, blue 2
MOVE: 1 2 4 1 None None
You plays blue 2 successfully! Board is now green 1, yellow 0, white 3, blue 2, red 0
You now has red 4, yellow 4, yellow 1, red 5, red 1
MOVE: 0 1 None 1 None 1
outer hints You about all their 1 hints remaining: 1
You has red 4, yellow 4, yellow 1, red 5, red 1
MOVE: 1 2 4 1 None None
You plays red 1 successfully! Board is now green 1, yellow 0, white 3, blue 2, red 1
You now has red 4, yellow 4, yellow 1, red 5, white 4
MOVE: 0 1 None 1 None 4
outer hints You about all their 4 hints remaining: 0
You has red 4, yellow 4, yellow 1, red 5, white 4
MOVE: 1 2 4 1 None None
You plays white 4 successfully! Board is now green 1, yellow 0, white 4, blue 2, red 1
You now has red 4, yellow 4, yellow 1, red 5, red 3
MOVE: 0 3 4 None None None
outer discards white 4
trash is now white 4
outer now has green 1, red 1, red 1, red 4, blue 1
MOVE: 1 3 2 1 None None
You discards yellow 1
trash is now white 4, yellow 1
You now has red 4, yellow 4, red 5, red 3, yellow 1
MOVE: 0 1 None 1 None 1
outer hints You about all their 1 hints remaining: 1
You has red 4, yellow 4, red 5, red 3, yellow 1
MOVE: 1 2 4 1 None None
You plays yellow 1 successfully! Board is now green 1, yellow 1, white 4, blue 2, red 1
You now has red 4, yellow 4, red 5, red 3, green 4
MOVE: 0 0 None 1 4 None
outer hints You about all their red cards hints remaining: 0
You has red 4, yellow 4, red 5, red 3, green 4
MOVE: 1 2 3 1 None None
You plays red 3 and fails. Board was green 1, yellow 1, white 4, blue 2, red 1
You now has red 4, yellow 4, red 5, green 4, blue 2
MOVE: 0 3 0 None None None
outer discards green 1
trash is now white 4, yellow 1, red 3, green 1
outer now has red 1, red 1, red 4, blue 1, white 1
MOVE: 1 2 2 1 None None
You plays red 5 and fails. Board was green 1, yellow 1, white 4, blue 2, red 1
You now has red 4, yellow 4, green 4, blue 2, green 2
MOVE: 0 1 None 1 None 2
outer hints You about all their 2 hints remaining: 0
You has red 4, yellow 4, green 4, blue 2, green 2
MOVE: 1 2 4 1 None None
You plays green 2 successfully! Board is now green 2, yellow 1, white 4, blue 2, red 1
You now has red 4, yellow 4, green 4, blue 2, white 1
MOVE: 0 3 2 None None None
outer discards red 4
trash is now white 4, yellow 1, red 3, green 1, red 5, red 4
outer now has red 1, red 1, blue 1, white 1, yellow 1
MOVE: 1 1 None 0 None 1
You hints outer about all their 1 hints remaining: 0
outer has red 1, red 1, blue 1, white 1, yellow 1
MOVE: 0 3 3 None None None
outer discards white 1
trash is now white 4, yellow 1, red 3, green 1, red 5, red 4, white 1
outer now has red 1, red 1, blue 1, yellow 1, white 5
MOVE: 1 0 None 0 2 None
You hints outer about all their white cards hints remaining: 0
outer has red 1, red 1, blue 1, yellow 1, white 5
MOVE: 0 3 3 None None None
outer discards yellow 1
trash is now white 4, yellow 1, red 3, green 1, red 5, red 4, white 1, yellow 1
outer now has red 1, red 1, blue 1, white 5, yellow 3
MOVE: 1 2 3 1 None None
You plays blue 2 and fails. Board was green 2, yellow 1, white 4, blue 2, red 1
You now has red 4, yellow 4, green 4, white 1, blue 3
Score 10
