Old GID: 5329d1e959839e8c
Treatment: ('outer', 2885)
[(1, 2), (3, 2), (4, 3), (4, 1), (2, 3), (3, 3), (1, 2), (2, 1), (0, 1), (1, 1), (4, 1), (3, 1), (4, 4), (2, 1), (1, 1), (2, 5), (2, 2), (0, 3), (4, 2), (0, 5), (0, 4), (3, 4), (1, 4), (4, 5), (1, 3), (0, 3), (0, 2), (2, 2), (4, 4), (4, 3), (1, 4), (2, 1), (2, 3), (3, 1), (3, 2), (0, 4), (1, 3), (4, 2), (4, 1), (0, 1)]
MOVE: 0 0 None 1 1 None
outer hints You about all their yellow cards hints remaining: 7
You has blue 3, green 2, blue 5, yellow 1, blue 1
MOVE: 1 1 None 0 None 1
You hints outer about all their 1 hints remaining: 6
outer has yellow 5, green 1, blue 4, white 4, white 4
MOVE: 0 2 1 None None None
outer plays green 1 successfully! Board is now green 1, yellow 0, white 0, blue 0, red 0
outer now has yellow 5, blue 4, white 4, white 4, yellow 2
MOVE: 1 1 None 0 None 5
You hints outer about all their 5 hints remaining: 5
outer has yellow 5, blue 4, white 4, white 4, yellow 2
MOVE: 0 0 None 1 0 None
outer hints You about all their green cards hints remaining: 4
You has blue 3, green 2, blue 5, yellow 1, blue 1
MOVE: 1 2 1 1 None None
You plays green 2 successfully! Board is now green 2, yellow 0, white 0, blue 0, red 0
You now has blue 3, blue 5, yellow 1, blue 1, blue 2
MOVE: 0 1 None 1 None 1
outer hints You about all their 1 hints remaining: 3
You has blue 3, blue 5, yellow 1, blue 1, blue 2
MOVE: 1 2 2 1 None None
You plays yellow 1 successfully! Board is now green 2, yellow 1, white 0, blue 0, red 0
You now has blue 3, blue 5, blue 1, blue 2, red 3
MOVE: 0 1 None 1 None 1
outer hints You about all their 1 hints remaining: 2
You has blue 3, blue 5, blue 1, blue 2, red 3
MOVE: 1 2 2 1 None None
You plays blue 1 successfully! Board is now green 2, yellow 1, white 0, blue 1, red 0
You now has blue 3, blue 5, blue 2, red 3, red 1
MOVE: 0 1 None 1 None 2
outer hints You about all their 2 hints remaining: 1
You has blue 3, blue 5, blue 2, red 3, red 1
MOVE: 1 2 2 1 None None
You plays blue 2 successfully! Board is now green 2, yellow 1, white 0, blue 2, red 0
You now has blue 3, blue 5, red 3, red 1, white 3
MOVE: 0 0 None 1 3 None
outer hints You about all their blue cards hints remaining: 0
You has blue 3, blue 5, red 3, red 1, white 3
MOVE: 1 3 2 1 None None
You discards red 3
trash is now red 3
You now has blue 3, blue 5, red 1, white 3, blue 3
MOVE: 0 1 None 1 None 3
outer hints You about all their 3 hints remaining: 0
You has blue 3, blue 5, red 1, white 3, blue 3
MOVE: 1 2 0 1 None None
You plays blue 3 successfully! Board is now green 2, yellow 1, white 0, blue 3, red 0
You now has blue 5, red 1, white 3, blue 3, yellow 2
MOVE: 0 3 3 None None None
outer discards white 4
trash is now red 3, white 4
outer now has yellow 5, blue 4, white 4, yellow 2, white 1
MOVE: 1 1 None 0 None 1
You hints outer about all their 1 hints remaining: 0
outer has yellow 5, blue 4, white 4, yellow 2, white 1
MOVE: 0 3 4 None None None
outer discards white 1
trash is now red 3, white 4, white 1
outer now has yellow 5, blue 4, white 4, yellow 2, green 1
MOVE: 1 1 None 0 None 1
You hints outer about all their 1 hints remaining: 0
outer has yellow 5, blue 4, white 4, yellow 2, green 1
MOVE: 0 3 3 None None None
outer discards yellow 2
trash is now red 3, white 4, white 1, yellow 2
outer now has yellow 5, blue 4, white 4, green 1, yellow 1
MOVE: 1 2 4 1 None None
You plays yellow 2 successfully! Board is now green 2, yellow 2, white 0, blue 3, red 0
You now has blue 5, red 1, white 3, blue 3, red 1
MOVE: 0 0 None 1 4 None
outer hints You about all their red cards hints remaining: 0
You has blue 5, red 1, white 3, blue 3, red 1
MOVE: 1 2 4 1 None None
You plays red 1 successfully! Board is now green 2, yellow 2, white 0, blue 3, red 1
You now has blue 5, red 1, white 3, blue 3, blue 1
MOVE: 0 3 3 None None None
outer discards green 1
trash is now red 3, white 4, white 1, yellow 2, green 1
outer now has yellow 5, blue 4, white 4, yellow 1, red 4
MOVE: 1 2 4 1 None None
You plays blue 1 and fails. Board was green 2, yellow 2, white 0, blue 3, red 1
You now has blue 5, red 1, white 3, blue 3, white 1
MOVE: 0 1 None 1 None 1
outer hints You about all their 1 hints remaining: 0
You has blue 5, red 1, white 3, blue 3, white 1
MOVE: 1 2 4 1 None None
You plays white 1 successfully! Board is now green 2, yellow 2, white 1, blue 3, red 1
You now has blue 5, red 1, white 3, blue 3, yellow 1
MOVE: 0 3 1 None None None
outer discards blue 4
trash is now red 3, white 4, white 1, yellow 2, green 1, blue 1, blue 4
outer now has yellow 5, white 4, yellow 1, red 4, white 5
MOVE: 1 2 4 1 None None
You plays yellow 1 and fails. Board was green 2, yellow 2, white 1, blue 3, red 1
You now has blue 5, red 1, white 3, blue 3, white 2
MOVE: 0 0 None 1 2 None
outer hints You about all their white cards hints remaining: 0
You has blue 5, red 1, white 3, blue 3, white 2
MOVE: 1 2 4 1 None None
You plays white 2 successfully! Board is now green 2, yellow 2, white 2, blue 3, red 1
You now has blue 5, red 1, white 3, blue 3, green 3
MOVE: 0 3 0 None None None
outer discards yellow 5
trash is now red 3, white 4, white 1, yellow 2, green 1, blue 1, blue 4, yellow 1, yellow 5
outer now has white 4, yellow 1, red 4, white 5, red 2
MOVE: 1 2 4 1 None None
You plays green 3 successfully! Board is now green 3, yellow 2, white 2, blue 3, red 1
You now has blue 5, red 1, white 3, blue 3, green 5
MOVE: 0 1 None 1 None 3
outer hints You about all their 3 hints remaining: 0
You has blue 5, red 1, white 3, blue 3, green 5
MOVE: 1 2 4 1 None None
You plays green 5 and fails. Board was green 3, yellow 2, white 2, blue 3, red 1
You now has blue 5, red 1, white 3, blue 3, green 4
Score 11
