Treatment: ('full', 2)
[(4, 2), (3, 3), (1, 3), (4, 1), (1, 4), (1, 1), (3, 4), (4, 1), (4, 5), (4, 3), (2, 4), (0, 3), (3, 5), (1, 1), (2, 1), (0, 5), (3, 1), (4, 1), (0, 1), (0, 1), (0, 4), (3, 3), (1, 4), (3, 1), (3, 2), (2, 3), (1, 2), (1, 3), (0, 3), (2, 2), (2, 2), (2, 3), (1, 2), (2, 5), (3, 2), (3, 4), (0, 2), (0, 1), (4, 3), (4, 4)]
MOVE: 0 1 None 1 None 1
full hints You about all their 1 hints remaining: 7
You has white 1, yellow 5, blue 1, white 4, green 4
MOVE: 1 1 None 0 None 1
You hints full about all their 1 hints remaining: 6
full has red 2, green 2, yellow 1, red 4, white 1
MOVE: 0 2 2 None None None
full plays yellow 1 successfully! Board is now green 0, yellow 1, white 0, blue 0, red 0
full now has red 2, green 2, red 4, white 1, red 2
MOVE: 1 2 2 1 None None
You plays blue 1 successfully! Board is now green 0, yellow 1, white 0, blue 1, red 0
You now has white 1, yellow 5, white 4, green 4, blue 3
MOVE: 0 0 None 1 2 None
full hints You about all their white cards hints remaining: 5
You has white 1, yellow 5, white 4, green 4, blue 3
MOVE: 1 0 None 0 4 None
You hints full about all their red cards hints remaining: 4
full has red 2, green 2, red 4, white 1, red 2
MOVE: 0 2 4 None None None
full plays red 2 and fails. Board was green 0, yellow 1, white 0, blue 1, red 0
full now has red 2, green 2, red 4, white 1, yellow 3
MOVE: 1 3 0 1 None None
You discards white 1
trash is now red 2, white 1
You now has yellow 5, white 4, green 4, blue 3, red 1
MOVE: 0 0 None 1 4 None
full hints You about all their red cards hints remaining: 4
You has yellow 5, white 4, green 4, blue 3, red 1
MOVE: 1 0 None 0 2 None
You hints full about all their white cards hints remaining: 3
full has red 2, green 2, red 4, white 1, yellow 3
MOVE: 0 2 3 None None None
full plays white 1 successfully! Board is now green 0, yellow 1, white 1, blue 1, red 0
full now has red 2, green 2, red 4, yellow 3, yellow 4
MOVE: 1 0 None 0 1 None
You hints full about all their yellow cards hints remaining: 2
full has red 2, green 2, red 4, yellow 3, yellow 4
MOVE: 0 2 3 None None None
full plays yellow 3 and fails. Board was green 0, yellow 1, white 1, blue 1, red 0
full now has red 2, green 2, red 4, yellow 4, yellow 1
MOVE: 1 2 1 1 None None
You plays white 4 and fails. Board was green 0, yellow 1, white 1, blue 1, red 0
You now has yellow 5, green 4, blue 3, red 1, blue 4
Score 3
