Old GID: 83d1bccedd2e7987
Treatment: ('outer', 6663)
[(2, 1), (3, 1), (3, 3), (0, 2), (1, 4), (4, 1), (0, 1), (4, 2), (0, 5), (1, 2), (4, 3), (1, 2), (1, 3), (0, 1), (0, 1), (3, 5), (1, 1), (4, 4), (3, 4), (4, 3), (3, 2), (2, 4), (2, 4), (3, 4), (1, 4), (4, 2), (0, 3), (0, 3), (3, 2), (0, 2), (3, 1), (2, 1), (2, 3), (1, 3), (3, 3), (0, 4), (0, 4), (4, 1), (4, 1), (4, 5)]
MOVE: 0 1 None 1 None 1
outer hints You about all their 1 hints remaining: 7
You has white 3, white 5, white 1, blue 1, white 2
MOVE: 1 1 None 0 None 1
You hints outer about all their 1 hints remaining: 6
outer has yellow 5, yellow 1, red 4, yellow 1, white 2
MOVE: 0 2 1 None None None
outer plays yellow 1 successfully! Board is now green 0, yellow 1, white 0, blue 0, red 0
outer now has yellow 5, red 4, yellow 1, white 2, white 1
MOVE: 1 0 None 0 1 None
You hints outer about all their yellow cards hints remaining: 5
outer has yellow 5, red 4, yellow 1, white 2, white 1
MOVE: 0 3 2 None None None
outer discards yellow 1
trash is now yellow 1
outer now has yellow 5, red 4, white 2, white 1, blue 1
MOVE: 1 1 None 0 None 1
You hints outer about all their 1 hints remaining: 5
outer has yellow 5, red 4, white 2, white 1, blue 1
MOVE: 0 2 3 None None None
outer plays white 1 successfully! Board is now green 0, yellow 1, white 1, blue 0, red 0
outer now has yellow 5, red 4, white 2, blue 1, blue 3
MOVE: 1 0 None 0 3 None
You hints outer about all their blue cards hints remaining: 4
outer has yellow 5, red 4, white 2, blue 1, blue 3
MOVE: 0 2 3 None None None
outer plays blue 1 successfully! Board is now green 0, yellow 1, white 1, blue 1, red 0
outer now has yellow 5, red 4, white 2, blue 3, green 2
MOVE: 1 1 None 0 None 2
You hints outer about all their 2 hints remaining: 3
outer has yellow 5, red 4, white 2, blue 3, green 2
MOVE: 0 1 None 1 None 2
outer hints You about all their 2 hints remaining: 2
You has white 3, white 5, white 1, blue 1, white 2
MOVE: 1 0 None 0 2 None
You hints outer about all their white cards hints remaining: 1
outer has yellow 5, red 4, white 2, blue 3, green 2
MOVE: 0 2 2 None None None
outer plays white 2 successfully! Board is now green 0, yellow 1, white 2, blue 1, red 0
outer now has yellow 5, red 4, blue 3, green 2, yellow 4
MOVE: 1 2 3 1 None None
You plays blue 1 and fails. Board was green 0, yellow 1, white 2, blue 1, red 0
You now has white 3, white 5, white 1, white 2, red 1
MOVE: 0 0 None 1 2 None
outer hints You about all their white cards hints remaining: 0
You has white 3, white 5, white 1, white 2, red 1
MOVE: 1 2 2 1 None None
You plays white 1 and fails. Board was green 0, yellow 1, white 2, blue 1, red 0
You now has white 3, white 5, white 2, red 1, green 1
MOVE: 0 3 1 None None None
outer discards red 4
trash is now yellow 1, blue 1, white 1, red 4
outer now has yellow 5, blue 3, green 2, yellow 4, red 2
MOVE: 1 3 2 1 None None
You discards white 2
trash is now yellow 1, blue 1, white 1, red 4, white 2
You now has white 3, white 5, red 1, green 1, green 5
MOVE: 0 1 None 1 None 3
outer hints You about all their 3 hints remaining: 1
You has white 3, white 5, red 1, green 1, green 5
MOVE: 1 2 0 1 None None
You plays white 3 successfully! Board is now green 0, yellow 1, white 3, blue 1, red 0
You now has white 5, red 1, green 1, green 5, yellow 2
MOVE: 0 0 None 1 1 None
outer hints You about all their yellow cards hints remaining: 0
You has white 5, red 1, green 1, green 5, yellow 2
MOVE: 1 2 4 1 None None
You plays yellow 2 successfully! Board is now green 0, yellow 2, white 3, blue 1, red 0
You now has white 5, red 1, green 1, green 5, red 3
MOVE: 0 3 1 None None None
outer discards blue 3
trash is now yellow 1, blue 1, white 1, red 4, white 2, blue 3
outer now has yellow 5, green 2, yellow 4, red 2, yellow 2
MOVE: 1 2 0 1 None None
You plays white 5 and fails. Board was green 0, yellow 2, white 3, blue 1, red 0
You now has red 1, green 1, green 5, red 3, yellow 3
Score 6
