Old GID: 95d41a301cf5e2b3
Treatment: ('full', 7547)
[(4, 3), (4, 1), (2, 1), (4, 1), (1, 4), (4, 4), (0, 1), (3, 5), (2, 1), (3, 3), (0, 5), (0, 2), (0, 2), (2, 4), (0, 1), (2, 4), (4, 2), (0, 1), (1, 2), (2, 3), (1, 5), (0, 3), (2, 1), (4, 5), (4, 3), (4, 4), (1, 1), (1, 2), (2, 5), (2, 3), (0, 4), (3, 1), (1, 1), (3, 4), (1, 3), (3, 1), (3, 1), (3, 4), (0, 4), (1, 4)]
MOVE: 0 3 0 None None None
full discards red 2
trash is now red 2
full now has blue 3, red 1, yellow 1, blue 2, red 3
MOVE: 1 1 None 0 None 1
You hints full about all their 1 hints remaining: 7
full has blue 3, red 1, yellow 1, blue 2, red 3
MOVE: 0 2 1 None None None
full plays red 1 successfully! Board is now green 0, yellow 0, white 0, blue 0, red 1
full now has blue 3, yellow 1, blue 2, red 3, red 1
MOVE: 1 1 None 0 None 3
You hints full about all their 3 hints remaining: 6
full has blue 3, yellow 1, blue 2, red 3, red 1
MOVE: 0 3 0 None None None
full discards blue 3
trash is now red 2, blue 3
full now has yellow 1, blue 2, red 3, red 1, white 1
MOVE: 1 1 None 0 None 1
You hints full about all their 1 hints remaining: 6
full has yellow 1, blue 2, red 3, red 1, white 1
MOVE: 0 2 0 None None None
full plays yellow 1 successfully! Board is now green 0, yellow 1, white 0, blue 0, red 1
full now has blue 2, red 3, red 1, white 1, red 1
MOVE: 1 0 None 0 4 None
You hints full about all their red cards hints remaining: 5
full has blue 2, red 3, red 1, white 1, red 1
MOVE: 0 2 4 None None None
full plays red 1 and fails. Board was green 0, yellow 1, white 0, blue 0, red 1
full now has blue 2, red 3, red 1, white 1, yellow 4
MOVE: 1 0 None 0 2 None
You hints full about all their white cards hints remaining: 4
full has blue 2, red 3, red 1, white 1, yellow 4
MOVE: 0 2 3 None None None
full plays white 1 successfully! Board is now green 0, yellow 1, white 1, blue 0, red 1
full now has blue 2, red 3, red 1, yellow 4, red 4
MOVE: 1 1 None 0 None 4
You hints full about all their 4 hints remaining: 3
full has blue 2, red 3, red 1, yellow 4, red 4
MOVE: 0 3 2 None None None
full discards red 1
trash is now red 2, blue 3, red 1, red 1
full now has blue 2, red 3, yellow 4, red 4, green 1
MOVE: 1 1 None 0 None 1
You hints full about all their 1 hints remaining: 3
full has blue 2, red 3, yellow 4, red 4, green 1
MOVE: 0 2 4 None None None
full plays green 1 successfully! Board is now green 1, yellow 1, white 1, blue 0, red 1
full now has blue 2, red 3, yellow 4, red 4, blue 5
MOVE: 1 1 None 0 None 5
You hints full about all their 5 hints remaining: 2
full has blue 2, red 3, yellow 4, red 4, blue 5
MOVE: 0 0 None 1 2 None
full hints You about all their white cards hints remaining: 1
You has green 3, blue 2, white 2, yellow 3, white 2
MOVE: 1 2 4 1 None None
You plays white 2 successfully! Board is now green 1, yellow 1, white 2, blue 0, red 1
You now has green 3, blue 2, white 2, yellow 3, white 1
MOVE: 0 3 2 None None None
full discards yellow 4
trash is now red 2, blue 3, red 1, red 1, yellow 4
full now has blue 2, red 3, red 4, blue 5, blue 3
MOVE: 1 2 2 1 None None
You plays white 2 and fails. Board was green 1, yellow 1, white 2, blue 0, red 1
You now has green 3, blue 2, yellow 3, white 1, green 5
MOVE: 0 3 2 None None None
full discards red 4
trash is now red 2, blue 3, red 1, red 1, yellow 4, white 2, red 4
full now has blue 2, red 3, blue 5, blue 3, green 2
MOVE: 1 0 None 0 0 None
You hints full about all their green cards hints remaining: 2
full has blue 2, red 3, blue 5, blue 3, green 2
MOVE: 0 2 4 None None None
full plays green 2 successfully! Board is now green 2, yellow 1, white 2, blue 0, red 1
full now has blue 2, red 3, blue 5, blue 3, green 2
MOVE: 1 1 None 0 None 2
You hints full about all their 2 hints remaining: 1
full has blue 2, red 3, blue 5, blue 3, green 2
MOVE: 0 2 0 None None None
full plays blue 2 and fails. Board was green 2, yellow 1, white 2, blue 0, red 1
full now has red 3, blue 5, blue 3, green 2, white 4
Score 6
