Old GID: 79181b762a22e794
Treatment: ('outer', 3002)
[(0, 4), (4, 3), (3, 4), (1, 2), (1, 1), (0, 4), (4, 3), (3, 3), (2, 4), (2, 1), (2, 1), (1, 1), (4, 2), (4, 1), (1, 1), (0, 3), (0, 1), (4, 2), (3, 5), (3, 1), (2, 2), (2, 3), (3, 3), (0, 2), (2, 4), (1, 3), (4, 4), (0, 2), (1, 2), (4, 1), (0, 1), (0, 3), (3, 1), (4, 4), (2, 3), (1, 4), (0, 1), (1, 5), (3, 1), (0, 5)]
MOVE: 0 0 None 1 2 None
outer hints You about all their white cards hints remaining: 7
You has white 1, blue 2, white 2, yellow 4, white 5
MOVE: 1 1 None 0 None 1
You hints outer about all their 1 hints remaining: 6
outer has blue 4, yellow 3, red 1, blue 2, red 5
MOVE: 0 2 2 None None None
outer plays red 1 successfully! Board is now green 0, yellow 0, white 0, blue 0, red 1
outer now has blue 4, yellow 3, blue 2, red 5, green 4
MOVE: 1 1 None 0 None 4
You hints outer about all their 4 hints remaining: 5
outer has blue 4, yellow 3, blue 2, red 5, green 4
MOVE: 0 1 None 1 None 1
outer hints You about all their 1 hints remaining: 4
You has white 1, blue 2, white 2, yellow 4, white 5
MOVE: 1 2 0 1 None None
You plays white 1 successfully! Board is now green 0, yellow 0, white 1, blue 0, red 1
You now has blue 2, white 2, yellow 4, white 5, red 3
MOVE: 0 0 None 1 2 None
outer hints You about all their white cards hints remaining: 3
You has blue 2, white 2, yellow 4, white 5, red 3
MOVE: 1 1 None 0 None 5
You hints outer about all their 5 hints remaining: 2
outer has blue 4, yellow 3, blue 2, red 5, green 4
MOVE: 0 1 None 1 None 2
outer hints You about all their 2 hints remaining: 1
You has blue 2, white 2, yellow 4, white 5, red 3
MOVE: 1 2 1 1 None None
You plays white 2 successfully! Board is now green 0, yellow 0, white 2, blue 0, red 1
You now has blue 2, yellow 4, white 5, red 3, blue 4
MOVE: 0 0 None 1 1 None
outer hints You about all their yellow cards hints remaining: 0
You has blue 2, yellow 4, white 5, red 3, blue 4
MOVE: 1 2 1 1 None None
You plays yellow 4 and fails. Board was green 0, yellow 0, white 2, blue 0, red 1
You now has blue 2, white 5, red 3, blue 4, yellow 2
MOVE: 0 3 4 None None None
outer discards green 4
trash is now yellow 4, green 4
outer now has blue 4, yellow 3, blue 2, red 5, yellow 1
MOVE: 1 1 None 0 None 1
You hints outer about all their 1 hints remaining: 0
outer has blue 4, yellow 3, blue 2, red 5, yellow 1
MOVE: 0 3 4 None None None
outer discards yellow 1
trash is now yellow 4, green 4, yellow 1
outer now has blue 4, yellow 3, blue 2, red 5, green 4
MOVE: 1 3 0 1 None None
You discards blue 2
trash is now yellow 4, green 4, yellow 1, blue 2
You now has white 5, red 3, blue 4, yellow 2, red 3
MOVE: 0 1 None 1 None 3
outer hints You about all their 3 hints remaining: 1
You has white 5, red 3, blue 4, yellow 2, red 3
MOVE: 1 3 1 1 None None
You discards red 3
trash is now yellow 4, green 4, yellow 1, blue 2, red 3
You now has white 5, blue 4, yellow 2, red 3, blue 3
MOVE: 0 0 None 1 2 None
outer hints You about all their white cards hints remaining: 1
You has white 5, blue 4, yellow 2, red 3, blue 3
MOVE: 1 2 0 1 None None
You plays white 5 and fails. Board was green 0, yellow 0, white 2, blue 0, red 1
You now has blue 4, yellow 2, red 3, blue 3, white 4
MOVE: 0 1 None 1 None 2
outer hints You about all their 2 hints remaining: 0
You has blue 4, yellow 2, red 3, blue 3, white 4
MOVE: 1 2 1 1 None None
You plays yellow 2 and fails. Board was green 0, yellow 0, white 2, blue 0, red 1
You now has blue 4, red 3, blue 3, white 4, white 1
Score 3
