Old GID: 6c17c4847097cbe4
Treatment: ('full', 1128)
[(4, 3), (1, 3), (3, 3), (2, 2), (2, 5), (0, 1), (4, 1), (4, 5), (3, 2), (0, 2), (3, 2), (1, 2), (1, 1), (2, 2), (2, 1), (4, 4), (3, 4), (3, 1), (4, 1), (4, 1), (4, 2), (1, 4), (3, 3), (4, 2), (3, 4), (1, 1), (3, 5), (2, 4), (1, 1), (0, 1), (3, 1), (0, 5), (1, 3), (2, 3), (1, 4), (4, 4), (2, 4), (0, 3), (0, 3), (0, 2)]
MOVE: 0 1 None 1 None 1
full hints You about all their 1 hints remaining: 7
You has green 1, white 1, yellow 5, green 4, green 4
MOVE: 1 2 0 1 None None
You plays green 1 successfully! Board is now green 1, yellow 0, white 0, blue 0, red 0
You now has white 1, yellow 5, green 4, green 4, red 3
MOVE: 0 0 None 1 2 None
full hints You about all their white cards hints remaining: 6
You has white 1, yellow 5, green 4, green 4, red 3
MOVE: 1 2 0 1 None None
You plays white 1 successfully! Board is now green 1, yellow 0, white 1, blue 0, red 0
You now has yellow 5, green 4, green 4, red 3, yellow 3
MOVE: 0 3 0 None None None
full discards blue 1
trash is now blue 1
full now has yellow 2, white 1, red 3, white 3, blue 3
MOVE: 1 1 None 0 None 1
You hints full about all their 1 hints remaining: 6
full has yellow 2, white 1, red 3, white 3, blue 3
MOVE: 0 2 1 None None None
full plays white 1 and fails. Board was green 1, yellow 0, white 1, blue 0, red 0
full now has yellow 2, red 3, white 3, blue 3, white 2
MOVE: 1 0 None 0 2 None
You hints full about all their white cards hints remaining: 5
full has yellow 2, red 3, white 3, blue 3, white 2
MOVE: 0 2 2 None None None
full plays white 3 and fails. Board was green 1, yellow 0, white 1, blue 0, red 0
full now has yellow 2, red 3, blue 3, white 2, white 5
MOVE: 1 1 None 0 None 2
You hints full about all their 2 hints remaining: 4
full has yellow 2, red 3, blue 3, white 2, white 5
MOVE: 0 2 0 None None None
full plays yellow 2 and fails. Board was green 1, yellow 0, white 1, blue 0, red 0
full now has red 3, blue 3, white 2, white 5, green 1
Score 2
