Old GID: 8e73e1ada0345b0d
Treatment: ('full', 9898)
[(1, 3), (2, 4), (4, 1), (4, 1), (2, 2), (0, 2), (2, 4), (1, 2), (3, 3), (2, 2), (3, 1), (2, 1), (1, 1), (3, 2), (3, 4), (1, 3), (2, 1), (4, 2), (2, 1), (3, 4), (3, 3), (0, 3), (1, 5), (2, 5), (0, 4), (0, 5), (2, 3), (3, 1), (3, 2), (1, 1), (0, 1), (4, 3), (4, 5), (0, 3), (0, 2), (3, 1), (0, 4), (4, 1), (4, 4), (1, 4)]
MOVE: 0 0 None 1 0 None
full hints You about all their green cards hints remaining: 7
You has yellow 4, green 1, blue 5, white 3, yellow 2
MOVE: 1 2 1 1 None None
You plays green 1 successfully! Board is now green 1, yellow 0, white 0, blue 0, red 0
You now has yellow 4, blue 5, white 3, yellow 2, yellow 3
MOVE: 0 3 0 None None None
full discards red 4
trash is now red 4
full now has red 2, green 1, yellow 1, red 3, white 4
MOVE: 1 0 None 0 1 None
You hints full about all their yellow cards hints remaining: 7
full has red 2, green 1, yellow 1, red 3, white 4
MOVE: 0 2 2 None None None
full plays yellow 1 successfully! Board is now green 1, yellow 1, white 0, blue 0, red 0
full now has red 2, green 1, red 3, white 4, red 1
MOVE: 1 1 None 0 None 1
You hints full about all their 1 hints remaining: 6
full has red 2, green 1, red 3, white 4, red 1
MOVE: 0 2 1 None None None
full plays green 1 and fails. Board was green 1, yellow 1, white 0, blue 0, red 0
full now has red 2, red 3, white 4, red 1, red 1
MOVE: 1 0 None 0 4 None
You hints full about all their red cards hints remaining: 5
full has red 2, red 3, white 4, red 1, red 1
MOVE: 0 2 3 None None None
full plays red 1 successfully! Board is now green 1, yellow 1, white 0, blue 0, red 1
full now has red 2, red 3, white 4, red 1, white 2
MOVE: 1 1 None 0 None 2
You hints full about all their 2 hints remaining: 4
full has red 2, red 3, white 4, red 1, white 2
MOVE: 0 2 0 None None None
full plays red 2 successfully! Board is now green 1, yellow 1, white 0, blue 0, red 2
full now has red 3, white 4, red 1, white 2, green 2
MOVE: 1 1 None 0 None 3
You hints full about all their 3 hints remaining: 3
full has red 3, white 4, red 1, white 2, green 2
MOVE: 0 2 0 None None None
full plays red 3 successfully! Board is now green 1, yellow 1, white 0, blue 0, red 3
full now has white 4, red 1, white 2, green 2, white 4
MOVE: 1 0 None 0 0 None
You hints full about all their green cards hints remaining: 2
full has white 4, red 1, white 2, green 2, white 4
MOVE: 0 2 3 None None None
full plays green 2 successfully! Board is now green 2, yellow 1, white 0, blue 0, red 3
full now has white 4, red 1, white 2, white 4, yellow 2
MOVE: 1 0 None 0 1 None
You hints full about all their yellow cards hints remaining: 1
full has white 4, red 1, white 2, white 4, yellow 2
MOVE: 0 2 4 None None None
full plays yellow 2 successfully! Board is now green 2, yellow 2, white 0, blue 0, red 3
full now has white 4, red 1, white 2, white 4, blue 3
MOVE: 1 3 0 1 None None
You discards yellow 4
trash is now red 4, green 1, yellow 4
You now has blue 5, white 3, yellow 2, yellow 3, white 2
MOVE: 0 1 None 1 None 2
full hints You about all their 2 hints remaining: 1
You has blue 5, white 3, yellow 2, yellow 3, white 2
MOVE: 1 2 2 1 None None
You plays yellow 2 and fails. Board was green 2, yellow 2, white 0, blue 0, red 3
You now has blue 5, white 3, yellow 3, white 2, blue 1
MOVE: 0 0 None 1 1 None
full hints You about all their yellow cards hints remaining: 0
You has blue 5, white 3, yellow 3, white 2, blue 1
MOVE: 1 2 2 1 None None
You plays yellow 3 successfully! Board is now green 2, yellow 3, white 0, blue 0, red 3
You now has blue 5, white 3, white 2, blue 1, white 1
MOVE: 0 3 2 None None None
full discards white 2
trash is now red 4, green 1, yellow 4, yellow 2, white 2
full now has white 4, red 1, white 4, blue 3, yellow 1
MOVE: 1 2 4 1 None None
You plays white 1 successfully! Board is now green 2, yellow 3, white 1, blue 0, red 3
You now has blue 5, white 3, white 2, blue 1, blue 2
MOVE: 0 0 None 1 2 None
full hints You about all their white cards hints remaining: 0
You has blue 5, white 3, white 2, blue 1, blue 2
MOVE: 1 2 4 1 None None
You plays blue 2 and fails. Board was green 2, yellow 3, white 1, blue 0, red 3
You now has blue 5, white 3, white 2, blue 1, blue 4
Score 9
