Old GID: ea7c83f7884a7c8b
Treatment: ('outer', 8442)
[(2, 3), (4, 4), (3, 3), (2, 3), (0, 4), (1, 1), (3, 1), (4, 3), (1, 4), (0, 2), (1, 5), (4, 1), (3, 1), (2, 1), (0, 4), (1, 3), (4, 4), (3, 3), (1, 4), (0, 3), (1, 1), (3, 4), (2, 4), (2, 1), (1, 2), (2, 2), (3, 2), (4, 3), (4, 1), (3, 4), (2, 5), (1, 3), (3, 2), (2, 4), (1, 1), (1, 2), (0, 1), (3, 5), (4, 1), (3, 1)]
MOVE: 0 1 None 1 None 1
outer hints You about all their 1 hints remaining: 7
You has green 1, green 3, green 1, green 5, white 2
MOVE: 1 2 2 1 None None
You plays green 1 successfully! Board is now green 1, yellow 0, white 0, blue 0, red 0
You now has green 1, green 3, green 5, white 2, white 3
MOVE: 0 1 None 1 None 3
outer hints You about all their 3 hints remaining: 6
You has green 1, green 3, green 5, white 2, white 3
MOVE: 1 2 0 1 None None
You plays green 1 and fails. Board was green 1, yellow 0, white 0, blue 0, red 0
You now has green 3, green 5, white 2, white 3, red 4
MOVE: 0 0 None 1 0 None
outer hints You about all their green cards hints remaining: 5
You has green 3, green 5, white 2, white 3, red 4
MOVE: 1 1 None 0 None 1
You hints outer about all their 1 hints remaining: 4
outer has white 1, red 5, green 2, red 2, red 2
MOVE: 0 1 None 1 None 2
outer hints You about all their 2 hints remaining: 3
You has green 3, green 5, white 2, white 3, red 4
MOVE: 1 0 None 0 2 None
You hints outer about all their white cards hints remaining: 2
outer has white 1, red 5, green 2, red 2, red 2
MOVE: 0 2 0 None None None
outer plays white 1 successfully! Board is now green 1, yellow 0, white 1, blue 0, red 0
outer now has red 5, green 2, red 2, red 2, blue 3
MOVE: 1 1 None 0 None 2
You hints outer about all their 2 hints remaining: 1
outer has red 5, green 2, red 2, red 2, blue 3
MOVE: 0 0 None 1 2 None
outer hints You about all their white cards hints remaining: 0
You has green 3, green 5, white 2, white 3, red 4
MOVE: 1 2 2 1 None None
You plays white 2 successfully! Board is now green 1, yellow 0, white 2, blue 0, red 0
You now has green 3, green 5, white 3, red 4, white 3
MOVE: 0 3 4 None None None
outer discards blue 3
trash is now green 1, blue 3
outer now has red 5, green 2, red 2, red 2, green 4
MOVE: 1 2 2 1 None None
You plays white 3 successfully! Board is now green 1, yellow 0, white 3, blue 0, red 0
You now has green 3, green 5, red 4, white 3, yellow 1
MOVE: 0 0 None 1 1 None
outer hints You about all their yellow cards hints remaining: 0
You has green 3, green 5, red 4, white 3, yellow 1
MOVE: 1 2 4 1 None None
You plays yellow 1 successfully! Board is now green 1, yellow 1, white 3, blue 0, red 0
You now has green 3, green 5, red 4, white 3, blue 1
MOVE: 0 3 3 None None None
outer discards red 2
trash is now green 1, blue 3, red 2
outer now has red 5, green 2, red 2, green 4, red 3
MOVE: 1 0 None 0 0 None
You hints outer about all their green cards hints remaining: 0
outer has red 5, green 2, red 2, green 4, red 3
MOVE: 0 2 1 None None None
outer plays green 2 successfully! Board is now green 2, yellow 1, white 3, blue 0, red 0
outer now has red 5, red 2, green 4, red 3, yellow 4
MOVE: 1 2 0 1 None None
You plays green 3 successfully! Board is now green 3, yellow 1, white 3, blue 0, red 0
You now has green 5, red 4, white 3, blue 1, green 2
MOVE: 0 3 3 None None None
outer discards red 3
trash is now green 1, blue 3, red 2, red 3
outer now has red 5, red 2, green 4, yellow 4, yellow 5
MOVE: 1 1 None 0 None 4
You hints outer about all their 4 hints remaining: 0
outer has red 5, red 2, green 4, yellow 4, yellow 5
MOVE: 0 2 2 None None None
outer plays green 4 successfully! Board is now green 4, yellow 1, white 3, blue 0, red 0
outer now has red 5, red 2, yellow 4, yellow 5, red 1
MOVE: 1 2 0 1 None None
You plays green 5 successfully! Board is now green 5, yellow 1, white 3, blue 0, red 0
You now has red 4, white 3, blue 1, green 2, blue 1
MOVE: 0 0 None 1 3 None
outer hints You about all their blue cards hints remaining: 0
You has red 4, white 3, blue 1, green 2, blue 1
MOVE: 1 2 4 1 None None
You plays blue 1 successfully! Board is now green 5, yellow 1, white 3, blue 1, red 0
You now has red 4, white 3, blue 1, green 2, white 1
MOVE: 0 3 1 None None None
outer discards red 2
trash is now green 1, blue 3, red 2, red 3, red 2
outer now has red 5, yellow 4, yellow 5, red 1, green 4
MOVE: 1 1 None 0 None 1
You hints outer about all their 1 hints remaining: 0
outer has red 5, yellow 4, yellow 5, red 1, green 4
MOVE: 0 3 1 None None None
outer discards yellow 4
trash is now green 1, blue 3, red 2, red 3, red 2, yellow 4
outer now has red 5, yellow 5, red 1, green 4, yellow 3
MOVE: 1 0 None 0 4 None
You hints outer about all their red cards hints remaining: 0
outer has red 5, yellow 5, red 1, green 4, yellow 3
MOVE: 0 2 2 None None None
outer plays red 1 successfully! Board is now green 5, yellow 1, white 3, blue 1, red 1
outer now has red 5, yellow 5, green 4, yellow 3, red 4
MOVE: 1 2 2 1 None None
You plays blue 1 and fails. Board was green 5, yellow 1, white 3, blue 1, red 1
You now has red 4, white 3, green 2, white 1, blue 3
MOVE: 0 3 4 None None None
outer discards red 4
trash is now green 1, blue 3, red 2, red 3, red 2, yellow 4, blue 1, red 4
outer now has red 5, yellow 5, green 4, yellow 3, yellow 4
MOVE: 1 3 0 1 None None
You discards red 4
trash is now green 1, blue 3, red 2, red 3, red 2, yellow 4, blue 1, red 4, red 4
You now has white 3, green 2, white 1, blue 3, green 3
MOVE: 0 1 None 1 None 1
outer hints You about all their 1 hints remaining: 1
You has white 3, green 2, white 1, blue 3, green 3
MOVE: 1 2 2 1 None None
You plays white 1 and fails. Board was green 5, yellow 1, white 3, blue 1, red 1
You now has white 3, green 2, blue 3, green 3, yellow 1
Score 11
