Old GID: 687ef6549127b600
Treatment: ('full', 2531)
[(4, 4), (2, 1), (1, 4), (1, 1), (2, 2), (0, 2), (3, 1), (1, 2), (0, 3), (0, 1), (3, 4), (1, 3), (3, 5), (0, 4), (1, 2), (3, 1), (4, 1), (2, 4), (1, 4), (2, 1), (1, 1), (4, 1), (0, 5), (0, 2), (4, 3), (2, 3), (3, 3), (1, 3), (3, 2), (0, 1), (0, 3), (4, 2), (4, 1), (2, 5), (4, 4), (4, 5), (2, 2), (2, 3), (0, 1), (3, 3)]
MOVE: 0 1 None 1 None 1
full hints You about all their 1 hints remaining: 7
You has blue 2, yellow 5, blue 4, red 2, yellow 1
MOVE: 1 1 None 0 None 1
You hints full about all their 1 hints remaining: 6
full has white 4, red 3, white 1, blue 1, green 4
MOVE: 0 2 2 None None None
full plays white 1 successfully! Board is now green 0, yellow 0, white 1, blue 0, red 0
full now has white 4, red 3, blue 1, green 4, red 4
MOVE: 1 2 4 1 None None
You plays yellow 1 successfully! Board is now green 0, yellow 1, white 1, blue 0, red 0
You now has blue 2, yellow 5, blue 4, red 2, white 1
MOVE: 0 3 4 None None None
full discards red 4
trash is now red 4
full now has white 4, red 3, blue 1, green 4, yellow 4
MOVE: 1 0 None 0 3 None
You hints full about all their blue cards hints remaining: 6
full has white 4, red 3, blue 1, green 4, yellow 4
MOVE: 0 2 2 None None None
full plays blue 1 successfully! Board is now green 0, yellow 1, white 1, blue 1, red 0
full now has white 4, red 3, green 4, yellow 4, yellow 1
MOVE: 1 0 None 0 1 None
You hints full about all their yellow cards hints remaining: 5
full has white 4, red 3, green 4, yellow 4, yellow 1
MOVE: 0 2 3 None None None
full plays yellow 4 and fails. Board was green 0, yellow 1, white 1, blue 1, red 0
full now has white 4, red 3, green 4, yellow 1, white 2
MOVE: 1 1 None 0 None 1
You hints full about all their 1 hints remaining: 4
full has white 4, red 3, green 4, yellow 1, white 2
MOVE: 0 3 3 None None None
full discards yellow 1
trash is now red 4, yellow 4, yellow 1
full now has white 4, red 3, green 4, white 2, green 2
MOVE: 1 1 None 0 None 2
You hints full about all their 2 hints remaining: 4
full has white 4, red 3, green 4, white 2, green 2
MOVE: 0 2 3 None None None
full plays white 2 successfully! Board is now green 0, yellow 1, white 2, blue 1, red 0
full now has white 4, red 3, green 4, green 2, blue 1
MOVE: 1 0 None 0 0 None
You hints full about all their green cards hints remaining: 3
full has white 4, red 3, green 4, green 2, blue 1
MOVE: 0 3 4 None None None
full discards blue 1
trash is now red 4, yellow 4, yellow 1, blue 1
full now has white 4, red 3, green 4, green 2, yellow 2
MOVE: 1 1 None 0 None 2
You hints full about all their 2 hints remaining: 3
full has white 4, red 3, green 4, green 2, yellow 2
MOVE: 0 2 4 None None None
full plays yellow 2 successfully! Board is now green 0, yellow 2, white 2, blue 1, red 0
full now has white 4, red 3, green 4, green 2, green 3
MOVE: 1 1 None 0 None 4
You hints full about all their 4 hints remaining: 2
full has white 4, red 3, green 4, green 2, green 3
MOVE: 0 3 2 None None None
full discards green 4
trash is now red 4, yellow 4, yellow 1, blue 1, green 4
full now has white 4, red 3, green 2, green 3, green 1
MOVE: 1 1 None 0 None 1
You hints full about all their 1 hints remaining: 2
full has white 4, red 3, green 2, green 3, green 1
MOVE: 0 2 4 None None None
full plays green 1 successfully! Board is now green 1, yellow 2, white 2, blue 1, red 0
full now has white 4, red 3, green 2, green 3, blue 4
MOVE: 1 0 None 0 0 None
You hints full about all their green cards hints remaining: 1
full has white 4, red 3, green 2, green 3, blue 4
MOVE: 0 2 2 None None None
full plays green 2 successfully! Board is now green 2, yellow 2, white 2, blue 1, red 0
full now has white 4, red 3, green 3, blue 4, yellow 3
MOVE: 1 1 None 0 None 3
You hints full about all their 3 hints remaining: 0
full has white 4, red 3, green 3, blue 4, yellow 3
MOVE: 0 2 1 None None None
full plays red 3 and fails. Board was green 2, yellow 2, white 2, blue 1, red 0
full now has white 4, green 3, blue 4, yellow 3, blue 5
MOVE: 1 3 4 1 None None
You discards white 1
trash is now red 4, yellow 4, yellow 1, blue 1, green 4, red 3, white 1
You now has blue 2, yellow 5, blue 4, red 2, green 4
MOVE: 0 2 1 None None None
full plays green 3 successfully! Board is now green 3, yellow 2, white 2, blue 1, red 0
full now has white 4, blue 4, yellow 3, blue 5, yellow 2
MOVE: 1 3 4 1 None None
You discards green 4
trash is now red 4, yellow 4, yellow 1, blue 1, green 4, red 3, white 1, green 4
You now has blue 2, yellow 5, blue 4, red 2, blue 1
MOVE: 0 3 3 None None None
full discards blue 5
trash is now red 4, yellow 4, yellow 1, blue 1, green 4, red 3, white 1, green 4, blue 5
full now has white 4, blue 4, yellow 3, yellow 2, red 1
MOVE: 1 1 None 0 None 1
You hints full about all their 1 hints remaining: 2
full has white 4, blue 4, yellow 3, yellow 2, red 1
MOVE: 0 2 4 None None None
full plays red 1 successfully! Board is now green 3, yellow 2, white 2, blue 1, red 1
full now has white 4, blue 4, yellow 3, yellow 2, white 4
MOVE: 1 0 None 0 1 None
You hints full about all their yellow cards hints remaining: 1
full has white 4, blue 4, yellow 3, yellow 2, white 4
MOVE: 0 2 2 None None None
full plays yellow 3 successfully! Board is now green 3, yellow 3, white 2, blue 1, red 1
full now has white 4, blue 4, yellow 2, white 4, yellow 4
MOVE: 1 0 None 0 1 None
You hints full about all their yellow cards hints remaining: 0
full has white 4, blue 4, yellow 2, white 4, yellow 4
MOVE: 0 2 2 None None None
full plays yellow 2 and fails. Board was green 3, yellow 3, white 2, blue 1, red 1
full now has white 4, blue 4, white 4, yellow 4, white 1
Score 10
