Old GID: 1a9b37bd9e647d8a
Treatment: ('outer', 5323)
[(2, 1), (3, 4), (0, 1), (4, 1), (3, 3), (1, 3), (4, 3), (0, 2), (1, 4), (2, 3), (1, 1), (0, 2), (0, 1), (1, 2), (2, 1), (0, 4), (1, 1), (2, 2), (1, 4), (4, 2), (0, 4), (1, 2), (0, 3), (3, 2), (1, 1), (3, 2), (2, 4), (2, 1), (4, 4), (3, 5), (1, 5), (4, 3), (1, 3), (2, 4), (0, 3), (4, 1), (0, 5), (4, 5), (2, 2), (3, 3)]
MOVE: 0 0 None 1 0 None
outer hints You about all their green cards hints remaining: 7
You has white 5, green 1, blue 1, blue 1, white 3
MOVE: 1 1 None 0 None 1
You hints outer about all their 1 hints remaining: 6
outer has red 4, blue 1, red 1, red 2, blue 4
MOVE: 0 2 1 None None None
outer plays blue 1 successfully! Board is now green 0, yellow 0, white 0, blue 1, red 0
outer now has red 4, red 1, red 2, blue 4, white 1
MOVE: 1 0 None 0 4 None
You hints outer about all their red cards hints remaining: 5
outer has red 4, red 1, red 2, blue 4, white 1
MOVE: 0 2 1 None None None
outer plays red 1 successfully! Board is now green 0, yellow 0, white 0, blue 1, red 1
outer now has red 4, red 2, blue 4, white 1, blue 4
MOVE: 1 1 None 0 None 2
You hints outer about all their 2 hints remaining: 4
outer has red 4, red 2, blue 4, white 1, blue 4
MOVE: 0 2 1 None None None
outer plays red 2 successfully! Board is now green 0, yellow 0, white 0, blue 1, red 2
outer now has red 4, blue 4, white 1, blue 4, green 1
MOVE: 1 0 None 0 2 None
You hints outer about all their white cards hints remaining: 3
outer has red 4, blue 4, white 1, blue 4, green 1
MOVE: 0 1 None 1 None 1
outer hints You about all their 1 hints remaining: 2
You has white 5, green 1, blue 1, blue 1, white 3
MOVE: 1 0 None 0 0 None
You hints outer about all their green cards hints remaining: 1
outer has red 4, blue 4, white 1, blue 4, green 1
MOVE: 0 1 None 1 None 3
outer hints You about all their 3 hints remaining: 0
You has white 5, green 1, blue 1, blue 1, white 3
MOVE: 1 2 4 1 None None
You plays white 3 and fails. Board was green 0, yellow 0, white 0, blue 1, red 2
You now has white 5, green 1, blue 1, blue 1, red 1
MOVE: 0 3 4 None None None
outer discards green 1
trash is now white 3, green 1
outer now has red 4, blue 4, white 1, blue 4, blue 3
MOVE: 1 1 None 0 None 1
You hints outer about all their 1 hints remaining: 0
outer has red 4, blue 4, white 1, blue 4, blue 3
MOVE: 0 2 2 None None None
outer plays white 1 successfully! Board is now green 0, yellow 0, white 1, blue 1, red 2
outer now has red 4, blue 4, blue 4, blue 3, yellow 3
MOVE: 1 2 1 1 None None
You plays green 1 successfully! Board is now green 1, yellow 0, white 1, blue 1, red 2
You now has white 5, blue 1, blue 1, red 1, red 3
MOVE: 0 3 0 None None None
outer discards red 4
trash is now white 3, green 1, red 4
outer now has blue 4, blue 4, blue 3, yellow 3, green 2
MOVE: 1 0 None 0 0 None
You hints outer about all their green cards hints remaining: 0
outer has blue 4, blue 4, blue 3, yellow 3, green 2
MOVE: 0 3 4 None None None
outer discards green 2
trash is now white 3, green 1, red 4, green 2
outer now has blue 4, blue 4, blue 3, yellow 3, yellow 4
MOVE: 1 1 None 0 None 4
You hints outer about all their 4 hints remaining: 0
outer has blue 4, blue 4, blue 3, yellow 3, yellow 4
MOVE: 0 3 4 None None None
outer discards yellow 4
trash is now white 3, green 1, red 4, green 2, yellow 4
outer now has blue 4, blue 4, blue 3, yellow 3, white 3
MOVE: 1 0 None 0 3 None
You hints outer about all their blue cards hints remaining: 0
outer has blue 4, blue 4, blue 3, yellow 3, white 3
MOVE: 0 3 3 None None None
outer discards yellow 3
trash is now white 3, green 1, red 4, green 2, yellow 4, yellow 3
outer now has blue 4, blue 4, blue 3, white 3, yellow 1
MOVE: 1 1 None 0 None 3
You hints outer about all their 3 hints remaining: 0
outer has blue 4, blue 4, blue 3, white 3, yellow 1
MOVE: 0 3 4 None None None
outer discards yellow 1
trash is now white 3, green 1, red 4, green 2, yellow 4, yellow 3, yellow 1
outer now has blue 4, blue 4, blue 3, white 3, green 2
MOVE: 1 0 None 0 0 None
You hints outer about all their green cards hints remaining: 0
outer has blue 4, blue 4, blue 3, white 3, green 2
MOVE: 0 3 4 None None None
outer discards green 2
trash is now white 3, green 1, red 4, green 2, yellow 4, yellow 3, yellow 1, green 2
outer now has blue 4, blue 4, blue 3, white 3, green 1
MOVE: 1 0 None 0 0 None
You hints outer about all their green cards hints remaining: 0
outer has blue 4, blue 4, blue 3, white 3, green 1
MOVE: 0 3 2 None None None
outer discards blue 3
trash is now white 3, green 1, red 4, green 2, yellow 4, yellow 3, yellow 1, green 2, blue 3
outer now has blue 4, blue 4, white 3, green 1, yellow 2
MOVE: 1 2 1 1 None None
You plays blue 1 and fails. Board was green 1, yellow 0, white 1, blue 1, red 2
You now has white 5, blue 1, red 1, red 3, white 1
MOVE: 0 0 None 1 4 None
outer hints You about all their red cards hints remaining: 0
You has white 5, blue 1, red 1, red 3, white 1
MOVE: 1 2 1 1 None None
You plays blue 1 and fails. Board was green 1, yellow 0, white 1, blue 1, red 2
You now has white 5, red 1, red 3, white 1, green 4
Score 5
