Old GID: 00abb0a354af727f
Treatment: ('full', 4222)
[(3, 2), (2, 3), (4, 1), (0, 3), (4, 4), (2, 1), (1, 2), (3, 1), (3, 4), (2, 5), (1, 3), (1, 1), (0, 1), (3, 3), (1, 5), (4, 2), (3, 1), (4, 2), (2, 1), (2, 3), (3, 4), (4, 3), (2, 2), (4, 1), (0, 2), (1, 1), (0, 2), (2, 4), (1, 3), (3, 5), (2, 2), (0, 4), (2, 1), (3, 3), (4, 5), (0, 5), (3, 2), (0, 1), (4, 4), (4, 3)]
MOVE: 0 1 None 1 None 1
full hints You about all their 1 hints remaining: 7
You has blue 1, yellow 2, white 4, yellow 1, yellow 4
MOVE: 1 2 3 1 None None
You plays yellow 1 successfully! Board is now green 0, yellow 1, white 0, blue 0, red 0
You now has blue 1, yellow 2, white 4, yellow 4, blue 2
MOVE: 0 3 0 None None None
full discards green 4
trash is now green 4
full now has red 1, yellow 4, green 1, green 3, white 3
MOVE: 1 2 0 1 None None
You plays blue 1 successfully! Board is now green 0, yellow 1, white 0, blue 1, red 0
You now has yellow 2, white 4, yellow 4, blue 2, red 1
MOVE: 0 1 None 1 None 2
full hints You about all their 2 hints remaining: 7
You has yellow 2, white 4, yellow 4, blue 2, red 1
MOVE: 1 1 None 0 None 4
You hints full about all their 4 hints remaining: 6
full has red 1, yellow 4, green 1, green 3, white 3
MOVE: 0 0 None 1 1 None
full hints You about all their yellow cards hints remaining: 5
You has yellow 2, white 4, yellow 4, blue 2, red 1
MOVE: 1 2 0 1 None None
You plays yellow 2 successfully! Board is now green 0, yellow 2, white 0, blue 1, red 0
You now has white 4, yellow 4, blue 2, red 1, green 3
MOVE: 0 0 None 1 3 None
full hints You about all their blue cards hints remaining: 4
You has white 4, yellow 4, blue 2, red 1, green 3
MOVE: 1 2 2 1 None None
You plays blue 2 successfully! Board is now green 0, yellow 2, white 0, blue 2, red 0
You now has white 4, yellow 4, red 1, green 3, red 4
MOVE: 0 1 None 1 None 1
full hints You about all their 1 hints remaining: 3
You has white 4, yellow 4, red 1, green 3, red 4
MOVE: 1 2 2 1 None None
You plays red 1 successfully! Board is now green 0, yellow 2, white 0, blue 2, red 1
You now has white 4, yellow 4, green 3, red 4, white 1
MOVE: 0 0 None 1 2 None
full hints You about all their white cards hints remaining: 2
You has white 4, yellow 4, green 3, red 4, white 1
MOVE: 1 1 None 0 None 3
You hints full about all their 3 hints remaining: 1
full has red 1, yellow 4, green 1, green 3, white 3
MOVE: 0 2 3 None None None
full plays green 3 and fails. Board was green 0, yellow 2, white 0, blue 2, red 1
full now has red 1, yellow 4, green 1, white 3, yellow 2
MOVE: 1 0 None 0 0 None
You hints full about all their green cards hints remaining: 0
full has red 1, yellow 4, green 1, white 3, yellow 2
MOVE: 0 2 2 None None None
full plays green 1 successfully! Board is now green 1, yellow 2, white 0, blue 2, red 1
full now has red 1, yellow 4, white 3, yellow 2, blue 1
MOVE: 1 3 2 1 None None
You discards green 3
trash is now green 4, green 3, green 3
You now has white 4, yellow 4, red 4, white 1, blue 4
MOVE: 0 1 None 1 None 1
full hints You about all their 1 hints remaining: 0
You has white 4, yellow 4, red 4, white 1, blue 4
MOVE: 1 3 3 1 None None
You discards white 1
trash is now green 4, green 3, green 3, white 1
You now has white 4, yellow 4, red 4, blue 4, white 5
MOVE: 0 3 1 None None None
full discards yellow 4
trash is now green 4, green 3, green 3, white 1, yellow 4
full now has red 1, white 3, yellow 2, blue 1, yellow 3
MOVE: 1 3 2 1 None None
You discards red 4
trash is now green 4, green 3, green 3, white 1, yellow 4, red 4
You now has white 4, yellow 4, blue 4, white 5, yellow 1
MOVE: 0 3 0 None None None
full discards red 1
trash is now green 4, green 3, green 3, white 1, yellow 4, red 4, red 1
full now has white 3, yellow 2, blue 1, yellow 3, green 1
MOVE: 1 0 None 0 3 None
You hints full about all their blue cards hints remaining: 3
full has white 3, yellow 2, blue 1, yellow 3, green 1
MOVE: 0 2 2 None None None
full plays blue 1 and fails. Board was green 1, yellow 2, white 0, blue 2, red 1
full now has white 3, yellow 2, yellow 3, green 1, blue 3
MOVE: 1 0 None 0 3 None
You hints full about all their blue cards hints remaining: 2
full has white 3, yellow 2, yellow 3, green 1, blue 3
MOVE: 0 2 4 None None None
full plays blue 3 successfully! Board is now green 1, yellow 2, white 0, blue 3, red 1
full now has white 3, yellow 2, yellow 3, green 1, yellow 5
MOVE: 1 1 None 0 None 3
You hints full about all their 3 hints remaining: 1
full has white 3, yellow 2, yellow 3, green 1, yellow 5
MOVE: 0 2 0 None None None
full plays white 3 and fails. Board was green 1, yellow 2, white 0, blue 3, red 1
full now has yellow 2, yellow 3, green 1, yellow 5, red 2
Score 7
