Old GID: e560419c82f810a9
Treatment: ('outer', 1565)
[(1, 2), (1, 3), (4, 1), (0, 3), (4, 3), (2, 4), (1, 3), (0, 4), (3, 4), (0, 5), (0, 4), (2, 2), (1, 2), (4, 2), (1, 1), (0, 2), (0, 1), (4, 2), (4, 1), (1, 1), (3, 1), (0, 2), (0, 3), (2, 4), (3, 2), (2, 3), (0, 1), (2, 1), (1, 4), (3, 3), (3, 1), (4, 4), (4, 3), (1, 1), (3, 1), (1, 4), (2, 3), (3, 3), (2, 5), (4, 5)]
MOVE: 0 1 None 1 None 1
outer hints You about all their 1 hints remaining: 7
You has yellow 5, red 1, green 1, red 4, blue 2
MOVE: 1 0 None 0 2 None
You hints outer about all their white cards hints remaining: 6
outer has white 1, white 2, white 1, blue 5, blue 4
MOVE: 0 0 None 1 4 None
outer hints You about all their red cards hints remaining: 5
You has yellow 5, red 1, green 1, red 4, blue 2
MOVE: 1 1 None 0 None 1
You hints outer about all their 1 hints remaining: 4
outer has white 1, white 2, white 1, blue 5, blue 4
MOVE: 0 2 0 None None None
outer plays white 1 successfully! Board is now green 0, yellow 0, white 1, blue 0, red 0
outer now has white 2, white 1, blue 5, blue 4, yellow 2
MOVE: 1 2 1 1 None None
You plays red 1 successfully! Board is now green 0, yellow 0, white 1, blue 0, red 1
You now has yellow 5, green 1, red 4, blue 2, yellow 3
MOVE: 0 3 1 None None None
outer discards white 1
trash is now white 1
outer now has white 2, blue 5, blue 4, yellow 2, red 1
MOVE: 1 1 None 0 None 2
You hints outer about all their 2 hints remaining: 4
outer has white 2, blue 5, blue 4, yellow 2, red 1
MOVE: 0 2 0 None None None
outer plays white 2 successfully! Board is now green 0, yellow 0, white 2, blue 0, red 1
outer now has blue 5, blue 4, yellow 2, red 1, green 3
MOVE: 1 2 2 1 None None
You plays red 4 and fails. Board was green 0, yellow 0, white 2, blue 0, red 1
You now has yellow 5, green 1, blue 2, yellow 3, red 3
MOVE: 0 0 None 1 0 None
outer hints You about all their green cards hints remaining: 3
You has yellow 5, green 1, blue 2, yellow 3, red 3
MOVE: 1 2 1 1 None None
You plays green 1 successfully! Board is now green 1, yellow 0, white 2, blue 0, red 1
You now has yellow 5, blue 2, yellow 3, red 3, white 4
MOVE: 0 0 None 1 4 None
outer hints You about all their red cards hints remaining: 2
You has yellow 5, blue 2, yellow 3, red 3, white 4
MOVE: 1 2 3 1 None None
You plays red 3 and fails. Board was green 1, yellow 0, white 2, blue 0, red 1
You now has yellow 5, blue 2, yellow 3, white 4, yellow 3
MOVE: 0 1 None 1 None 3
outer hints You about all their 3 hints remaining: 1
You has yellow 5, blue 2, yellow 3, white 4, yellow 3
MOVE: 1 2 4 1 None None
You plays yellow 3 and fails. Board was green 1, yellow 0, white 2, blue 0, red 1
You now has yellow 5, blue 2, yellow 3, white 4, green 4
Score 4
