Old GID: 7c937b5850d0cba3
Treatment: ('full', 5706)
[(3, 2), (4, 3), (1, 1), (1, 5), (1, 2), (3, 4), (0, 4), (2, 3), (0, 5), (3, 5), (3, 1), (2, 4), (0, 1), (4, 4), (3, 2), (2, 5), (3, 3), (2, 1), (2, 2), (2, 2), (0, 2), (1, 2), (3, 1), (2, 4), (4, 4), (2, 1), (3, 3), (2, 1), (4, 1), (0, 1), (4, 2), (0, 3), (4, 3), (1, 4), (3, 1), (4, 5), (1, 1), (4, 2), (0, 3), (4, 1)]
MOVE: 0 1 None 1 None 1
full hints You about all their 1 hints remaining: 7
You has yellow 3, yellow 4, yellow 3, green 2, yellow 1
MOVE: 1 1 None 0 None 1
You hints full about all their 1 hints remaining: 6
full has white 3, red 1, blue 4, green 1, green 4
MOVE: 0 2 1 None None None
full plays red 1 successfully! Board is now green 0, yellow 0, white 0, blue 0, red 1
full now has white 3, blue 4, green 1, green 4, blue 2
MOVE: 1 2 4 1 None None
You plays yellow 1 successfully! Board is now green 0, yellow 1, white 0, blue 0, red 1
You now has yellow 3, yellow 4, yellow 3, green 2, red 3
MOVE: 0 3 4 None None None
full discards blue 2
trash is now blue 2
full now has white 3, blue 4, green 1, green 4, yellow 1
MOVE: 1 0 None 0 0 None
You hints full about all their green cards hints remaining: 6
full has white 3, blue 4, green 1, green 4, yellow 1
MOVE: 0 2 2 None None None
full plays green 1 successfully! Board is now green 1, yellow 1, white 0, blue 0, red 1
full now has white 3, blue 4, green 4, yellow 1, yellow 5
MOVE: 1 3 0 1 None None
You discards yellow 3
trash is now blue 2, yellow 3
You now has yellow 4, yellow 3, green 2, red 3, yellow 2
MOVE: 0 1 None 1 None 2
full hints You about all their 2 hints remaining: 6
You has yellow 4, yellow 3, green 2, red 3, yellow 2
MOVE: 1 2 2 1 None None
You plays green 2 successfully! Board is now green 2, yellow 1, white 0, blue 0, red 1
You now has yellow 4, yellow 3, red 3, yellow 2, blue 4
MOVE: 0 0 None 1 1 None
full hints You about all their yellow cards hints remaining: 5
You has yellow 4, yellow 3, red 3, yellow 2, blue 4
MOVE: 1 2 3 1 None None
You plays yellow 2 successfully! Board is now green 2, yellow 2, white 0, blue 0, red 1
You now has yellow 4, yellow 3, red 3, blue 4, green 4
MOVE: 0 0 None 1 4 None
full hints You about all their red cards hints remaining: 4
You has yellow 4, yellow 3, red 3, blue 4, green 4
MOVE: 1 3 3 1 None None
You discards blue 4
trash is now blue 2, yellow 3, blue 4
You now has yellow 4, yellow 3, red 3, green 4, white 3
MOVE: 0 3 4 None None None
full discards yellow 5
trash is now blue 2, yellow 3, blue 4, yellow 5
full now has white 3, blue 4, green 4, yellow 1, green 5
MOVE: 1 2 2 1 None None
You plays red 3 and fails. Board was green 2, yellow 2, white 0, blue 0, red 1
You now has yellow 4, yellow 3, green 4, white 3, blue 5
MOVE: 0 3 4 None None None
full discards green 5
trash is now blue 2, yellow 3, blue 4, yellow 5, red 3, green 5
full now has white 3, blue 4, green 4, yellow 1, blue 1
MOVE: 1 2 1 1 None None
You plays yellow 3 successfully! Board is now green 2, yellow 3, white 0, blue 0, red 1
You now has yellow 4, green 4, white 3, blue 5, white 4
MOVE: 0 3 4 None None None
full discards blue 1
trash is now blue 2, yellow 3, blue 4, yellow 5, red 3, green 5, blue 1
full now has white 3, blue 4, green 4, yellow 1, green 1
MOVE: 1 2 0 1 None None
You plays yellow 4 successfully! Board is now green 2, yellow 4, white 0, blue 0, red 1
You now has green 4, white 3, blue 5, white 4, red 4
MOVE: 0 1 None 1 None 4
full hints You about all their 4 hints remaining: 7
You has green 4, white 3, blue 5, white 4, red 4
MOVE: 1 2 4 1 None None
You plays red 4 and fails. Board was green 2, yellow 4, white 0, blue 0, red 1
You now has green 4, white 3, blue 5, white 4, blue 2
MOVE: 0 3 4 None None None
full discards green 1
trash is now blue 2, yellow 3, blue 4, yellow 5, red 3, green 5, blue 1, red 4, green 1
full now has white 3, blue 4, green 4, yellow 1, white 5
MOVE: 1 2 4 1 None None
You plays blue 2 and fails. Board was green 2, yellow 4, white 0, blue 0, red 1
You now has green 4, white 3, blue 5, white 4, blue 3
Score 7
