Old GID: 4d66a30453c72f1d
Treatment: ('outer', 9642)
[(1, 1), (2, 3), (1, 4), (0, 2), (2, 1), (1, 3), (2, 4), (4, 4), (3, 2), (4, 2), (0, 4), (1, 2), (3, 4), (3, 5), (4, 2), (2, 4), (3, 3), (2, 2), (0, 3), (4, 3), (3, 1), (2, 1), (0, 5), (4, 5), (1, 1), (2, 5), (1, 3), (1, 1), (2, 1), (0, 2), (2, 3), (3, 1), (3, 4), (1, 5), (4, 1), (2, 2), (3, 3), (0, 4), (1, 4), (4, 1)]
MOVE: 0 1 None 1 None 1
outer hints You about all their 1 hints remaining: 7
You has green 1, red 4, green 1, blue 1, blue 2
MOVE: 1 1 None 0 None 1
You hints outer about all their 1 hints remaining: 6
outer has yellow 2, green 1, green 3, red 3, red 1
MOVE: 0 2 1 None None None
outer plays green 1 successfully! Board is now green 1, yellow 0, white 0, blue 0, red 0
outer now has yellow 2, green 3, red 3, red 1, yellow 1
MOVE: 1 2 2 1 None None
You plays green 1 and fails. Board was green 1, yellow 0, white 0, blue 0, red 0
You now has green 1, red 4, blue 1, blue 2, white 3
MOVE: 0 1 None 1 None 1
outer hints You about all their 1 hints remaining: 5
You has green 1, red 4, blue 1, blue 2, white 3
MOVE: 1 2 2 1 None None
You plays blue 1 successfully! Board is now green 1, yellow 0, white 0, blue 1, red 0
You now has green 1, red 4, blue 2, white 3, yellow 4
MOVE: 0 1 None 1 None 2
outer hints You about all their 2 hints remaining: 4
You has green 1, red 4, blue 2, white 3, yellow 4
MOVE: 1 2 0 1 None None
You plays green 1 and fails. Board was green 1, yellow 0, white 0, blue 1, red 0
You now has red 4, blue 2, white 3, yellow 4, green 2
MOVE: 0 0 None 1 3 None
outer hints You about all their blue cards hints remaining: 3
You has red 4, blue 2, white 3, yellow 4, green 2
MOVE: 1 2 1 1 None None
You plays blue 2 successfully! Board is now green 1, yellow 0, white 0, blue 2, red 0
You now has red 4, white 3, yellow 4, green 2, white 1
MOVE: 0 0 None 1 0 None
outer hints You about all their green cards hints remaining: 2
You has red 4, white 3, yellow 4, green 2, white 1
MOVE: 1 2 3 1 None None
You plays green 2 successfully! Board is now green 2, yellow 0, white 0, blue 2, red 0
You now has red 4, white 3, yellow 4, white 1, yellow 3
MOVE: 0 1 None 1 None 1
outer hints You about all their 1 hints remaining: 1
You has red 4, white 3, yellow 4, white 1, yellow 3
MOVE: 1 1 None 0 None 1
You hints outer about all their 1 hints remaining: 0
outer has yellow 2, green 3, red 3, red 1, yellow 1
MOVE: 0 3 1 None None None
outer discards green 3
trash is now green 1, green 1, green 3
outer now has yellow 2, red 3, red 1, yellow 1, white 4
MOVE: 1 0 None 0 1 None
You hints outer about all their yellow cards hints remaining: 0
outer has yellow 2, red 3, red 1, yellow 1, white 4
MOVE: 0 2 3 None None None
outer plays yellow 1 successfully! Board is now green 2, yellow 1, white 0, blue 2, red 0
outer now has yellow 2, red 3, red 1, white 4, red 4
MOVE: 1 2 3 1 None None
You plays white 1 successfully! Board is now green 2, yellow 1, white 1, blue 2, red 0
You now has red 4, white 3, yellow 4, yellow 3, blue 2
MOVE: 0 3 0 None None None
outer discards yellow 2
trash is now green 1, green 1, green 3, yellow 2
outer now has red 3, red 1, white 4, red 4, red 2
MOVE: 1 0 None 0 4 None
You hints outer about all their red cards hints remaining: 0
outer has red 3, red 1, white 4, red 4, red 2
MOVE: 0 2 1 None None None
outer plays red 1 successfully! Board is now green 2, yellow 1, white 1, blue 2, red 1
outer now has red 3, white 4, red 4, red 2, green 4
MOVE: 1 3 0 1 None None
You discards red 4
trash is now green 1, green 1, green 3, yellow 2, red 4
You now has white 3, yellow 4, yellow 3, blue 2, yellow 2
MOVE: 0 0 None 1 1 None
outer hints You about all their yellow cards hints remaining: 0
You has white 3, yellow 4, yellow 3, blue 2, yellow 2
MOVE: 1 2 4 1 None None
You plays yellow 2 successfully! Board is now green 2, yellow 2, white 1, blue 2, red 1
You now has white 3, yellow 4, yellow 3, blue 2, blue 4
MOVE: 0 3 2 None None None
outer discards red 4
trash is now green 1, green 1, green 3, yellow 2, red 4, red 4
outer now has red 3, white 4, red 2, green 4, blue 5
MOVE: 1 1 None 0 None 2
You hints outer about all their 2 hints remaining: 0
outer has red 3, white 4, red 2, green 4, blue 5
MOVE: 0 2 2 None None None
outer plays red 2 successfully! Board is now green 2, yellow 2, white 1, blue 2, red 2
outer now has red 3, white 4, green 4, blue 5, red 2
MOVE: 1 3 1 1 None None
You discards yellow 4
trash is now green 1, green 1, green 3, yellow 2, red 4, red 4, yellow 4
You now has white 3, yellow 3, blue 2, blue 4, white 4
MOVE: 0 0 None 1 1 None
outer hints You about all their yellow cards hints remaining: 0
You has white 3, yellow 3, blue 2, blue 4, white 4
MOVE: 1 2 1 1 None None
You plays yellow 3 successfully! Board is now green 2, yellow 3, white 1, blue 2, red 2
You now has white 3, blue 2, blue 4, white 4, blue 3
MOVE: 0 3 1 None None None
outer discards white 4
trash is now green 1, green 1, green 3, yellow 2, red 4, red 4, yellow 4, white 4
outer now has red 3, green 4, blue 5, red 2, white 2
MOVE: 1 1 None 0 None 3
You hints outer about all their 3 hints remaining: 0
outer has red 3, green 4, blue 5, red 2, white 2
MOVE: 0 2 0 None None None
outer plays red 3 successfully! Board is now green 2, yellow 3, white 1, blue 2, red 3
outer now has green 4, blue 5, red 2, white 2, green 3
MOVE: 1 3 0 1 None None
You discards white 3
trash is now green 1, green 1, green 3, yellow 2, red 4, red 4, yellow 4, white 4, white 3
You now has blue 2, blue 4, white 4, blue 3, red 3
MOVE: 0 0 None 1 3 None
outer hints You about all their blue cards hints remaining: 0
You has blue 2, blue 4, white 4, blue 3, red 3
MOVE: 1 2 1 1 None None
You plays blue 4 and fails. Board was green 2, yellow 3, white 1, blue 2, red 3
You now has blue 2, white 4, blue 3, red 3, blue 1
Score 11
