Old GID: 77c581ea53c23f23
Treatment: ('outer', 8578)
[(4, 4), (3, 4), (1, 1), (3, 2), (3, 1), (2, 1), (1, 3), (2, 3), (0, 4), (4, 3), (1, 1), (0, 4), (0, 3), (4, 4), (4, 3), (2, 3), (1, 4), (1, 4), (3, 1), (0, 1), (1, 1), (4, 1), (0, 2), (2, 1), (2, 4), (3, 2), (0, 2), (2, 2), (2, 5), (3, 3), (3, 1), (1, 5), (1, 2), (4, 5), (2, 4), (0, 1), (1, 2), (4, 2), (4, 1), (4, 1)]
MOVE: 0 0 None 1 0 None
outer hints You about all their green cards hints remaining: 7
You has green 3, green 1, blue 5, green 5, blue 3
MOVE: 1 1 None 0 None 1
You hints outer about all their 1 hints remaining: 6
outer has white 1, red 2, white 2, blue 4, yellow 3
MOVE: 0 2 0 None None None
outer plays white 1 successfully! Board is now green 0, yellow 0, white 1, blue 0, red 0
outer now has red 2, white 2, blue 4, yellow 3, red 4
MOVE: 1 0 None 0 2 None
You hints outer about all their white cards hints remaining: 5
outer has red 2, white 2, blue 4, yellow 3, red 4
MOVE: 0 1 None 1 None 1
outer hints You about all their 1 hints remaining: 4
You has green 3, green 1, blue 5, green 5, blue 3
MOVE: 1 1 None 0 None 2
You hints outer about all their 2 hints remaining: 3
outer has red 2, white 2, blue 4, yellow 3, red 4
MOVE: 0 2 1 None None None
outer plays white 2 successfully! Board is now green 0, yellow 0, white 2, blue 0, red 0
outer now has red 2, blue 4, yellow 3, red 4, blue 4
MOVE: 1 2 1 1 None None
You plays green 1 successfully! Board is now green 1, yellow 0, white 2, blue 0, red 0
You now has green 3, blue 5, green 5, blue 3, yellow 1
MOVE: 0 0 None 1 1 None
outer hints You about all their yellow cards hints remaining: 2
You has green 3, blue 5, green 5, blue 3, yellow 1
MOVE: 1 2 4 1 None None
You plays yellow 1 successfully! Board is now green 1, yellow 1, white 2, blue 0, red 0
You now has green 3, blue 5, green 5, blue 3, blue 2
MOVE: 0 0 None 1 3 None
outer hints You about all their blue cards hints remaining: 1
You has green 3, blue 5, green 5, blue 3, blue 2
MOVE: 1 3 4 1 None None
You discards blue 2
trash is now blue 2
You now has green 3, blue 5, green 5, blue 3, blue 1
MOVE: 0 1 None 1 None 1
outer hints You about all their 1 hints remaining: 1
You has green 3, blue 5, green 5, blue 3, blue 1
MOVE: 1 2 4 1 None None
You plays blue 1 successfully! Board is now green 1, yellow 1, white 2, blue 1, red 0
You now has green 3, blue 5, green 5, blue 3, white 1
MOVE: 0 0 None 1 2 None
outer hints You about all their white cards hints remaining: 0
You has green 3, blue 5, green 5, blue 3, white 1
MOVE: 1 2 4 1 None None
You plays white 1 and fails. Board was green 1, yellow 1, white 2, blue 1, red 0
You now has green 3, blue 5, green 5, blue 3, yellow 3
MOVE: 0 3 1 None None None
outer discards blue 4
trash is now blue 2, white 1, blue 4
outer now has red 2, yellow 3, red 4, blue 4, white 3
MOVE: 1 1 None 0 None 3
You hints outer about all their 3 hints remaining: 0
outer has red 2, yellow 3, red 4, blue 4, white 3
MOVE: 0 3 0 None None None
outer discards red 2
trash is now blue 2, white 1, blue 4, red 2
outer now has yellow 3, red 4, blue 4, white 3, green 4
MOVE: 1 0 None 0 2 None
You hints outer about all their white cards hints remaining: 0
outer has yellow 3, red 4, blue 4, white 3, green 4
MOVE: 0 2 3 None None None
outer plays white 3 successfully! Board is now green 1, yellow 1, white 3, blue 1, red 0
outer now has yellow 3, red 4, blue 4, green 4, red 3
MOVE: 1 3 4 1 None None
You discards yellow 3
trash is now blue 2, white 1, blue 4, red 2, yellow 3
You now has green 3, blue 5, green 5, blue 3, yellow 1
MOVE: 0 1 None 1 None 5
outer hints You about all their 5 hints remaining: 0
You has green 3, blue 5, green 5, blue 3, yellow 1
MOVE: 1 3 4 1 None None
You discards yellow 1
trash is now blue 2, white 1, blue 4, red 2, yellow 3, yellow 1
You now has green 3, blue 5, green 5, blue 3, green 4
MOVE: 0 0 None 1 0 None
outer hints You about all their green cards hints remaining: 0
You has green 3, blue 5, green 5, blue 3, green 4
MOVE: 1 3 4 1 None None
You discards green 4
trash is now blue 2, white 1, blue 4, red 2, yellow 3, yellow 1, green 4
You now has green 3, blue 5, green 5, blue 3, green 3
MOVE: 0 1 None 1 None 5
outer hints You about all their 5 hints remaining: 0
You has green 3, blue 5, green 5, blue 3, green 3
MOVE: 1 3 0 1 None None
You discards green 3
trash is now blue 2, white 1, blue 4, red 2, yellow 3, yellow 1, green 4, green 3
You now has blue 5, green 5, blue 3, green 3, red 4
MOVE: 0 0 None 1 0 None
outer hints You about all their green cards hints remaining: 0
You has blue 5, green 5, blue 3, green 3, red 4
MOVE: 1 2 3 1 None None
You plays green 3 and fails. Board was green 1, yellow 1, white 3, blue 1, red 0
You now has blue 5, green 5, blue 3, red 4, red 3
MOVE: 0 3 2 None None None
outer discards blue 4
trash is now blue 2, white 1, blue 4, red 2, yellow 3, yellow 1, green 4, green 3, green 3, blue 4
outer now has yellow 3, red 4, green 4, red 3, white 3
MOVE: 1 3 4 1 None None
You discards red 3
trash is now blue 2, white 1, blue 4, red 2, yellow 3, yellow 1, green 4, green 3, green 3, blue 4, red 3
You now has blue 5, green 5, blue 3, red 4, yellow 4
MOVE: 0 0 None 1 3 None
outer hints You about all their blue cards hints remaining: 1
You has blue 5, green 5, blue 3, red 4, yellow 4
MOVE: 1 2 2 1 None None
You plays blue 3 and fails. Board was green 1, yellow 1, white 3, blue 1, red 0
You now has blue 5, green 5, red 4, yellow 4, yellow 4
Score 6
