Old GID: e215966bba4dab5a
Treatment: ('outer', 7421)
[(0, 1), (0, 4), (3, 3), (4, 5), (0, 3), (4, 1), (4, 4), (2, 1), (0, 4), (1, 1), (1, 5), (1, 4), (3, 5), (4, 3), (3, 2), (4, 3), (0, 1), (0, 1), (4, 4), (2, 2), (3, 1), (3, 4), (0, 3), (2, 5), (2, 3), (2, 4), (1, 2), (4, 1), (2, 1), (0, 2), (0, 2), (3, 3), (1, 1), (2, 2), (1, 1), (4, 2), (3, 4), (3, 2), (3, 1), (0, 5)]
MOVE: 0 0 None 1 4 None
outer hints You about all their red cards hints remaining: 7
You has yellow 3, red 2, yellow 4, yellow 2, white 4
MOVE: 1 1 None 0 None 1
You hints outer about all their 1 hints remaining: 6
outer has blue 1, white 3, yellow 3, red 1, white 1
MOVE: 0 2 0 None None None
outer plays blue 1 successfully! Board is now green 0, yellow 0, white 0, blue 1, red 0
outer now has white 3, yellow 3, red 1, white 1, green 1
MOVE: 1 2 1 1 None None
You plays red 2 and fails. Board was green 0, yellow 0, white 0, blue 1, red 0
You now has yellow 3, yellow 4, yellow 2, white 4, green 4
MOVE: 0 0 None 1 1 None
outer hints You about all their yellow cards hints remaining: 5
You has yellow 3, yellow 4, yellow 2, white 4, green 4
MOVE: 1 2 4 1 None None
You plays green 4 and fails. Board was green 0, yellow 0, white 0, blue 1, red 0
You now has yellow 3, yellow 4, yellow 2, white 4, blue 3
MOVE: 0 1 None 1 None 3
outer hints You about all their 3 hints remaining: 4
You has yellow 3, yellow 4, yellow 2, white 4, blue 3
MOVE: 1 2 4 1 None None
You plays blue 3 and fails. Board was green 0, yellow 0, white 0, blue 1, red 0
You now has yellow 3, yellow 4, yellow 2, white 4, red 5
Score 1
