Old GID: 2a1f5fe2ceeb8c28
Treatment: ('full', 3850)
[(0, 1), (3, 4), (2, 1), (1, 1), (3, 2), (0, 5), (1, 3), (1, 4), (4, 2), (2, 4), (4, 3), (0, 1), (0, 1), (0, 3), (3, 1), (3, 5), (0, 3), (0, 4), (2, 4), (3, 2), (0, 2), (1, 4), (4, 4), (1, 2), (4, 1), (2, 3), (4, 4), (2, 2), (3, 3), (2, 1), (1, 2), (1, 5), (4, 1), (4, 3), (3, 4), (1, 1), (1, 1), (2, 3), (4, 1), (3, 1)]
MOVE: 0 0 None 1 3 None
full hints You about all their blue cards hints remaining: 7
You has yellow 3, blue 1, white 2, red 2, green 4
MOVE: 1 2 1 1 None None
You plays blue 1 successfully! Board is now green 0, yellow 0, white 0, blue 1, red 0
You now has yellow 3, white 2, red 2, green 4, green 1
MOVE: 0 1 None 1 None 1
full hints You about all their 1 hints remaining: 6
You has yellow 3, white 2, red 2, green 4, green 1
MOVE: 1 2 4 1 None None
You plays green 1 successfully! Board is now green 1, yellow 0, white 0, blue 1, red 0
You now has yellow 3, white 2, red 2, green 4, blue 4
MOVE: 0 3 0 None None None
full discards white 5
trash is now white 5
full now has red 5, green 2, blue 3, white 1, white 1
MOVE: 1 1 None 0 None 1
You hints full about all their 1 hints remaining: 6
full has red 5, green 2, blue 3, white 1, white 1
MOVE: 0 2 3 None None None
full plays white 1 successfully! Board is now green 1, yellow 0, white 1, blue 1, red 0
full now has red 5, green 2, blue 3, white 1, yellow 1
MOVE: 1 0 None 0 2 None
You hints full about all their white cards hints remaining: 5
full has red 5, green 2, blue 3, white 1, yellow 1
MOVE: 0 3 3 None None None
full discards white 1
trash is now white 5, white 1
full now has red 5, green 2, blue 3, yellow 1, blue 2
MOVE: 1 1 None 0 None 1
You hints full about all their 1 hints remaining: 5
full has red 5, green 2, blue 3, yellow 1, blue 2
MOVE: 0 2 3 None None None
full plays yellow 1 successfully! Board is now green 1, yellow 1, white 1, blue 1, red 0
full now has red 5, green 2, blue 3, blue 2, green 5
MOVE: 1 1 None 0 None 2
You hints full about all their 2 hints remaining: 4
full has red 5, green 2, blue 3, blue 2, green 5
MOVE: 0 2 1 None None None
full plays green 2 successfully! Board is now green 2, yellow 1, white 1, blue 1, red 0
full now has red 5, blue 3, blue 2, green 5, yellow 3
MOVE: 1 1 None 0 None 3
You hints full about all their 3 hints remaining: 3
full has red 5, blue 3, blue 2, green 5, yellow 3
MOVE: 0 2 1 None None None
full plays blue 3 and fails. Board was green 2, yellow 1, white 1, blue 1, red 0
full now has red 5, blue 2, green 5, yellow 3, yellow 4
MOVE: 1 0 None 0 3 None
You hints full about all their blue cards hints remaining: 2
full has red 5, blue 2, green 5, yellow 3, yellow 4
MOVE: 0 2 1 None None None
full plays blue 2 successfully! Board is now green 2, yellow 1, white 1, blue 2, red 0
full now has red 5, green 5, yellow 3, yellow 4, red 2
MOVE: 1 1 None 0 None 5
You hints full about all their 5 hints remaining: 1
full has red 5, green 5, yellow 3, yellow 4, red 2
MOVE: 0 0 None 1 2 None
full hints You about all their white cards hints remaining: 0
You has yellow 3, white 2, red 2, green 4, blue 4
MOVE: 1 2 1 1 None None
You plays white 2 successfully! Board is now green 2, yellow 1, white 2, blue 2, red 0
You now has yellow 3, red 2, green 4, blue 4, white 4
MOVE: 0 3 3 None None None
full discards yellow 4
trash is now white 5, white 1, blue 3, yellow 4
full now has red 5, green 5, yellow 3, red 2, red 3
MOVE: 1 0 None 0 4 None
You hints full about all their red cards hints remaining: 0
full has red 5, green 5, yellow 3, red 2, red 3
MOVE: 0 2 3 None None None
full plays red 2 and fails. Board was green 2, yellow 1, white 2, blue 2, red 0
full now has red 5, green 5, yellow 3, red 3, green 1
MOVE: 1 2 1 1 None None
You plays red 2 and fails. Board was green 2, yellow 1, white 2, blue 2, red 0
You now has yellow 3, green 4, blue 4, white 4, green 1
Score 7
