Old GID: 1c2071aea681ee54
Treatment: ('outer', 6303)
[(1, 1), (0, 2), (4, 2), (3, 2), (4, 3), (3, 1), (2, 1), (0, 3), (4, 1), (0, 1), (3, 1), (0, 2), (0, 3), (3, 5), (0, 5), (3, 3), (1, 4), (4, 1), (2, 4), (1, 1), (1, 1), (2, 2), (4, 5), (4, 1), (4, 4), (1, 5), (2, 2), (1, 4), (0, 4), (3, 3), (2, 3), (1, 3), (1, 3), (4, 2), (4, 4), (0, 4), (2, 5), (1, 2), (2, 1), (2, 1)]
MOVE: 0 0 None 1 3 None
outer hints You about all their blue cards hints remaining: 7
You has red 3, blue 1, blue 2, blue 4, green 1
MOVE: 1 0 None 0 0 None
You hints outer about all their green cards hints remaining: 6
outer has white 4, yellow 2, green 1, blue 4, white 3
MOVE: 0 1 None 1 None 1
outer hints You about all their 1 hints remaining: 5
You has red 3, blue 1, blue 2, blue 4, green 1
MOVE: 1 2 1 1 None None
You plays blue 1 successfully! Board is now green 0, yellow 0, white 0, blue 1, red 0
You now has red 3, blue 2, blue 4, green 1, yellow 1
MOVE: 0 1 None 1 None 2
outer hints You about all their 2 hints remaining: 4
You has red 3, blue 2, blue 4, green 1, yellow 1
MOVE: 1 2 1 1 None None
You plays blue 2 successfully! Board is now green 0, yellow 0, white 0, blue 2, red 0
You now has red 3, blue 4, green 1, yellow 1, green 2
MOVE: 0 1 None 1 None 1
outer hints You about all their 1 hints remaining: 3
You has red 3, blue 4, green 1, yellow 1, green 2
MOVE: 1 2 2 1 None None
You plays green 1 successfully! Board is now green 1, yellow 0, white 0, blue 2, red 0
You now has red 3, blue 4, yellow 1, green 2, red 2
MOVE: 0 1 None 1 None 2
outer hints You about all their 2 hints remaining: 2
You has red 3, blue 4, yellow 1, green 2, red 2
MOVE: 1 1 None 0 None 1
You hints outer about all their 1 hints remaining: 1
outer has white 4, yellow 2, green 1, blue 4, white 3
MOVE: 0 3 2 None None None
outer discards green 1
trash is now green 1
outer now has white 4, yellow 2, blue 4, white 3, blue 2
MOVE: 1 2 2 1 None None
You plays yellow 1 successfully! Board is now green 1, yellow 1, white 0, blue 2, red 0
You now has red 3, blue 4, green 2, red 2, red 3
MOVE: 0 0 None 1 0 None
outer hints You about all their green cards hints remaining: 1
You has red 3, blue 4, green 2, red 2, red 3
MOVE: 1 2 2 1 None None
You plays green 2 successfully! Board is now green 2, yellow 1, white 0, blue 2, red 0
You now has red 3, blue 4, red 2, red 3, blue 1
MOVE: 0 0 None 1 4 None
outer hints You about all their red cards hints remaining: 0
You has red 3, blue 4, red 2, red 3, blue 1
MOVE: 1 2 0 1 None None
You plays red 3 and fails. Board was green 2, yellow 1, white 0, blue 2, red 0
You now has blue 4, red 2, red 3, blue 1, white 1
MOVE: 0 3 1 None None None
outer discards yellow 2
trash is now green 1, red 3, yellow 2
outer now has white 4, blue 4, white 3, blue 2, green 3
MOVE: 1 0 None 0 0 None
You hints outer about all their green cards hints remaining: 0
outer has white 4, blue 4, white 3, blue 2, green 3
MOVE: 0 3 2 None None None
outer discards white 3
trash is now green 1, red 3, yellow 2, white 3
outer now has white 4, blue 4, blue 2, green 3, red 1
MOVE: 1 1 None 0 None 1
You hints outer about all their 1 hints remaining: 0
outer has white 4, blue 4, blue 2, green 3, red 1
MOVE: 0 3 1 None None None
outer discards blue 4
trash is now green 1, red 3, yellow 2, white 3, blue 4
outer now has white 4, blue 2, green 3, red 1, green 1
MOVE: 1 0 None 0 4 None
You hints outer about all their red cards hints remaining: 0
outer has white 4, blue 2, green 3, red 1, green 1
MOVE: 0 2 3 None None None
outer plays red 1 successfully! Board is now green 2, yellow 1, white 0, blue 2, red 1
outer now has white 4, blue 2, green 3, green 1, blue 1
MOVE: 1 2 1 1 None None
You plays red 2 successfully! Board is now green 2, yellow 1, white 0, blue 2, red 2
You now has blue 4, red 3, blue 1, white 1, green 2
MOVE: 0 3 0 None None None
outer discards white 4
trash is now green 1, red 3, yellow 2, white 3, blue 4, white 4
outer now has blue 2, green 3, green 1, blue 1, green 3
MOVE: 1 2 0 1 None None
You plays blue 4 and fails. Board was green 2, yellow 1, white 0, blue 2, red 2
You now has red 3, blue 1, white 1, green 2, blue 5
MOVE: 0 0 None 1 4 None
outer hints You about all their red cards hints remaining: 0
You has red 3, blue 1, white 1, green 2, blue 5
MOVE: 1 2 0 1 None None
You plays red 3 successfully! Board is now green 2, yellow 1, white 0, blue 2, red 3
You now has blue 1, white 1, green 2, blue 5, green 5
MOVE: 0 3 0 None None None
outer discards blue 2
trash is now green 1, red 3, yellow 2, white 3, blue 4, white 4, blue 4, blue 2
outer now has green 3, green 1, blue 1, green 3, blue 3
MOVE: 1 1 None 0 None 3
You hints outer about all their 3 hints remaining: 0
outer has green 3, green 1, blue 1, green 3, blue 3
MOVE: 0 2 0 None None None
outer plays green 3 successfully! Board is now green 3, yellow 1, white 0, blue 2, red 3
outer now has green 1, blue 1, green 3, blue 3, yellow 4
MOVE: 1 3 1 1 None None
You discards white 1
trash is now green 1, red 3, yellow 2, white 3, blue 4, white 4, blue 4, blue 2, white 1
You now has blue 1, green 2, blue 5, green 5, red 1
MOVE: 0 0 None 1 4 None
outer hints You about all their red cards hints remaining: 0
You has blue 1, green 2, blue 5, green 5, red 1
MOVE: 1 2 4 1 None None
You plays red 1 and fails. Board was green 3, yellow 1, white 0, blue 2, red 3
You now has blue 1, green 2, blue 5, green 5, white 4
Score 9
