Old GID: 0c06cf91fc648a7a
Treatment: ('outer', 9215)
[(1, 1), (2, 3), (4, 2), (3, 2), (4, 1), (1, 3), (3, 4), (3, 3), (1, 4), (3, 1), (2, 2), (2, 1), (4, 2), (4, 5), (3, 5), (0, 2), (2, 5), (3, 2), (2, 4), (4, 1), (3, 1), (4, 3), (0, 3), (0, 5), (2, 3), (1, 2), (0, 1), (4, 4), (1, 2), (0, 2), (3, 1), (4, 3), (3, 3), (1, 3), (1, 5), (1, 1), (4, 4), (0, 1), (3, 4), (2, 4)]
MOVE: 0 1 None 1 None 1
outer hints You about all their 1 hints remaining: 7
You has green 1, white 1, yellow 1, yellow 4, green 3
MOVE: 1 2 0 1 None None
You plays green 1 successfully! Board is now green 1, yellow 0, white 0, blue 0, red 0
You now has white 1, yellow 1, yellow 4, green 3, yellow 1
MOVE: 0 1 None 1 None 1
outer hints You about all their 1 hints remaining: 6
You has white 1, yellow 1, yellow 4, green 3, yellow 1
MOVE: 1 2 1 1 None None
You plays yellow 1 successfully! Board is now green 1, yellow 1, white 0, blue 0, red 0
You now has white 1, yellow 4, green 3, yellow 1, white 3
MOVE: 0 0 None 1 2 None
outer hints You about all their white cards hints remaining: 5
You has white 1, yellow 4, green 3, yellow 1, white 3
MOVE: 1 2 0 1 None None
You plays white 1 successfully! Board is now green 1, yellow 1, white 1, blue 0, red 0
You now has yellow 4, green 3, yellow 1, white 3, red 2
MOVE: 0 0 None 1 1 None
outer hints You about all their yellow cards hints remaining: 4
You has yellow 4, green 3, yellow 1, white 3, red 2
MOVE: 1 3 2 1 None None
You discards yellow 1
trash is now yellow 1
You now has yellow 4, green 3, white 3, red 2, blue 2
MOVE: 0 1 None 1 None 4
outer hints You about all their 4 hints remaining: 4
You has yellow 4, green 3, white 3, red 2, blue 2
MOVE: 1 1 None 0 None 2
You hints outer about all their 2 hints remaining: 3
outer has white 2, green 4, green 4, red 1, white 1
MOVE: 0 3 2 None None None
outer discards green 4
trash is now yellow 1, green 4
outer now has white 2, green 4, red 1, white 1, red 1
MOVE: 1 0 None 0 2 None
You hints outer about all their white cards hints remaining: 3
outer has white 2, green 4, red 1, white 1, red 1
MOVE: 0 2 0 None None None
outer plays white 2 successfully! Board is now green 1, yellow 1, white 2, blue 0, red 0
outer now has green 4, red 1, white 1, red 1, yellow 3
MOVE: 1 1 None 0 None 1
You hints outer about all their 1 hints remaining: 2
outer has green 4, red 1, white 1, red 1, yellow 3
MOVE: 0 3 2 None None None
outer discards white 1
trash is now yellow 1, green 4, white 1
outer now has green 4, red 1, red 1, yellow 3, blue 4
MOVE: 1 0 None 0 4 None
You hints outer about all their red cards hints remaining: 2
outer has green 4, red 1, red 1, yellow 3, blue 4
MOVE: 0 2 1 None None None
outer plays red 1 successfully! Board is now green 1, yellow 1, white 2, blue 0, red 1
outer now has green 4, red 1, yellow 3, blue 4, blue 3
MOVE: 1 1 None 0 None 4
You hints outer about all their 4 hints remaining: 1
outer has green 4, red 1, yellow 3, blue 4, blue 3
MOVE: 0 3 1 None None None
outer discards red 1
trash is now yellow 1, green 4, white 1, red 1
outer now has green 4, yellow 3, blue 4, blue 3, yellow 4
MOVE: 1 3 1 1 None None
You discards green 3
trash is now yellow 1, green 4, white 1, red 1, green 3
You now has yellow 4, white 3, red 2, blue 2, blue 1
MOVE: 0 1 None 1 None 3
outer hints You about all their 3 hints remaining: 2
You has yellow 4, white 3, red 2, blue 2, blue 1
MOVE: 1 2 1 1 None None
You plays white 3 successfully! Board is now green 1, yellow 1, white 3, blue 0, red 1
You now has yellow 4, red 2, blue 2, blue 1, white 2
MOVE: 0 0 None 1 4 None
outer hints You about all their red cards hints remaining: 1
You has yellow 4, red 2, blue 2, blue 1, white 2
MOVE: 1 2 1 1 None None
You plays red 2 successfully! Board is now green 1, yellow 1, white 3, blue 0, red 2
You now has yellow 4, blue 2, blue 1, white 2, white 1
MOVE: 0 1 None 1 None 1
outer hints You about all their 1 hints remaining: 0
You has yellow 4, blue 2, blue 1, white 2, white 1
MOVE: 1 3 2 1 None None
You discards blue 1
trash is now yellow 1, green 4, white 1, red 1, green 3, blue 1
You now has yellow 4, blue 2, white 2, white 1, red 2
MOVE: 0 1 None 1 None 1
outer hints You about all their 1 hints remaining: 0
You has yellow 4, blue 2, white 2, white 1, red 2
MOVE: 1 2 3 1 None None
You plays white 1 and fails. Board was green 1, yellow 1, white 3, blue 0, red 2
You now has yellow 4, blue 2, white 2, red 2, red 5
MOVE: 0 3 3 None None None
outer discards blue 3
trash is now yellow 1, green 4, white 1, red 1, green 3, blue 1, white 1, blue 3
outer now has green 4, yellow 3, blue 4, yellow 4, blue 5
MOVE: 1 3 1 1 None None
You discards blue 2
trash is now yellow 1, green 4, white 1, red 1, green 3, blue 1, white 1, blue 3, blue 2
You now has yellow 4, white 2, red 2, red 5, green 2
MOVE: 0 0 None 1 0 None
outer hints You about all their green cards hints remaining: 1
You has yellow 4, white 2, red 2, red 5, green 2
MOVE: 1 2 4 1 None None
You plays green 2 successfully! Board is now green 2, yellow 1, white 3, blue 0, red 2
You now has yellow 4, white 2, red 2, red 5, white 5
MOVE: 0 0 None 1 2 None
outer hints You about all their white cards hints remaining: 0
You has yellow 4, white 2, red 2, red 5, white 5
MOVE: 1 2 1 1 None None
You plays white 2 and fails. Board was green 2, yellow 1, white 3, blue 0, red 2
You now has yellow 4, red 2, red 5, white 5, blue 2
MOVE: 0 3 2 None None None
outer discards blue 4
trash is now yellow 1, green 4, white 1, red 1, green 3, blue 1, white 1, blue 3, blue 2, white 2, blue 4
outer now has green 4, yellow 3, yellow 4, blue 5, white 4
MOVE: 1 2 3 1 None None
You plays white 5 and fails. Board was green 2, yellow 1, white 3, blue 0, red 2
You now has yellow 4, red 2, red 5, blue 2, red 1
Score 8
