Old GID: 770e9425156722df
Treatment: ('full', 9210)
[(3, 1), (3, 3), (2, 1), (1, 3), (0, 4), (2, 2), (1, 3), (1, 4), (3, 4), (0, 2), (1, 2), (4, 3), (0, 3), (1, 2), (2, 1), (4, 2), (2, 3), (4, 2), (2, 4), (4, 1), (2, 4), (3, 3), (1, 1), (1, 4), (1, 1), (3, 1), (3, 1), (1, 1), (0, 1), (1, 5), (2, 3), (0, 1), (0, 3), (4, 1), (0, 5), (4, 5), (2, 2), (2, 5), (3, 5), (4, 4)]
MOVE: 0 0 None 1 4 None
full hints You about all their red cards hints remaining: 7
You has blue 4, green 2, red 1, blue 2, blue 2
MOVE: 1 1 None 0 None 1
You hints full about all their 1 hints remaining: 6
full has red 3, red 4, white 1, green 4, green 1
MOVE: 0 2 2 None None None
full plays white 1 successfully! Board is now green 0, yellow 0, white 1, blue 0, red 0
full now has red 3, red 4, green 4, green 1, blue 1
MOVE: 1 2 2 1 None None
You plays red 1 successfully! Board is now green 0, yellow 0, white 1, blue 0, red 1
You now has blue 4, green 2, blue 2, blue 2, blue 3
MOVE: 0 3 4 None None None
full discards blue 1
trash is now blue 1
full now has red 3, red 4, green 4, green 1, white 1
MOVE: 1 0 None 0 0 None
You hints full about all their green cards hints remaining: 6
full has red 3, red 4, green 4, green 1, white 1
MOVE: 0 2 3 None None None
full plays green 1 successfully! Board is now green 1, yellow 0, white 1, blue 0, red 1
full now has red 3, red 4, green 4, white 1, yellow 3
MOVE: 1 3 0 1 None None
You discards blue 4
trash is now blue 1, blue 4
You now has green 2, blue 2, blue 2, blue 3, green 4
MOVE: 0 3 4 None None None
full discards yellow 3
trash is now blue 1, blue 4, yellow 3
full now has red 3, red 4, green 4, white 1, white 2
MOVE: 1 3 0 1 None None
You discards green 2
trash is now blue 1, blue 4, yellow 3, green 2
You now has blue 2, blue 2, blue 3, green 4, yellow 3
MOVE: 0 3 3 None None None
full discards white 1
trash is now blue 1, blue 4, yellow 3, green 2, white 1
full now has red 3, red 4, green 4, white 2, yellow 4
MOVE: 1 1 None 0 None 2
You hints full about all their 2 hints remaining: 7
full has red 3, red 4, green 4, white 2, yellow 4
MOVE: 0 2 3 None None None
full plays white 2 successfully! Board is now green 1, yellow 0, white 2, blue 0, red 1
full now has red 3, red 4, green 4, yellow 4, blue 4
MOVE: 1 3 0 1 None None
You discards blue 2
trash is now blue 1, blue 4, yellow 3, green 2, white 1, blue 2
You now has blue 2, blue 3, green 4, yellow 3, green 2
MOVE: 0 3 3 None None None
full discards yellow 4
trash is now blue 1, blue 4, yellow 3, green 2, white 1, blue 2, yellow 4
full now has red 3, red 4, green 4, blue 4, yellow 2
MOVE: 1 3 0 1 None None
You discards blue 2
trash is now blue 1, blue 4, yellow 3, green 2, white 1, blue 2, yellow 4, blue 2
You now has blue 3, green 4, yellow 3, green 2, red 3
MOVE: 0 1 None 1 None 2
full hints You about all their 2 hints remaining: 7
You has blue 3, green 4, yellow 3, green 2, red 3
MOVE: 1 2 3 1 None None
You plays green 2 successfully! Board is now green 2, yellow 0, white 2, blue 0, red 1
You now has blue 3, green 4, yellow 3, red 3, green 3
MOVE: 0 0 None 1 4 None
full hints You about all their red cards hints remaining: 6
You has blue 3, green 4, yellow 3, red 3, green 3
MOVE: 1 2 3 1 None None
You plays red 3 and fails. Board was green 2, yellow 0, white 2, blue 0, red 1
You now has blue 3, green 4, yellow 3, green 3, yellow 2
MOVE: 0 3 3 None None None
full discards blue 4
trash is now blue 1, blue 4, yellow 3, green 2, white 1, blue 2, yellow 4, blue 2, red 3, blue 4
full now has red 3, red 4, green 4, yellow 2, white 1
MOVE: 1 2 3 1 None None
You plays green 3 successfully! Board is now green 3, yellow 0, white 2, blue 0, red 1
You now has blue 3, green 4, yellow 3, yellow 2, red 2
MOVE: 0 0 None 1 0 None
full hints You about all their green cards hints remaining: 6
You has blue 3, green 4, yellow 3, yellow 2, red 2
MOVE: 1 2 3 1 None None
You plays yellow 2 and fails. Board was green 3, yellow 0, white 2, blue 0, red 1
You now has blue 3, green 4, yellow 3, red 2, white 3
MOVE: 0 0 None 1 2 None
full hints You about all their white cards hints remaining: 5
You has blue 3, green 4, yellow 3, red 2, white 3
MOVE: 1 2 3 1 None None
You plays red 2 successfully! Board is now green 3, yellow 0, white 2, blue 0, red 2
You now has blue 3, green 4, yellow 3, white 3, red 2
MOVE: 0 1 None 1 None 3
full hints You about all their 3 hints remaining: 4
You has blue 3, green 4, yellow 3, white 3, red 2
MOVE: 1 2 3 1 None None
You plays white 3 successfully! Board is now green 3, yellow 0, white 3, blue 0, red 2
You now has blue 3, green 4, yellow 3, red 2, white 4
MOVE: 0 1 None 1 None 4
full hints You about all their 4 hints remaining: 3
You has blue 3, green 4, yellow 3, red 2, white 4
MOVE: 1 2 3 1 None None
You plays red 2 and fails. Board was green 3, yellow 0, white 3, blue 0, red 2
You now has blue 3, green 4, yellow 3, white 4, red 1
Score 8
