Old GID: 9da829e09e58109a
Treatment: ('outer', 9816)
[(0, 4), (2, 4), (3, 2), (3, 3), (1, 4), (2, 5), (0, 3), (1, 2), (3, 5), (3, 2), (4, 4), (0, 4), (4, 1), (3, 3), (4, 3), (1, 5), (1, 4), (1, 2), (3, 1), (2, 2), (2, 1), (0, 2), (1, 3), (0, 2), (0, 1), (4, 5), (2, 1), (0, 1), (4, 1), (4, 2), (2, 2), (3, 4), (0, 3), (4, 3), (4, 4), (1, 1), (2, 3), (4, 1), (0, 1), (4, 2)]
MOVE: 0 1 None 1 None 1
outer hints You about all their 1 hints remaining: 7
You has white 3, blue 1, yellow 3, yellow 1, blue 1
MOVE: 1 1 None 0 None 1
You hints outer about all their 1 hints remaining: 6
outer has green 5, white 4, yellow 1, blue 4, white 1
MOVE: 0 2 2 None None None
outer plays yellow 1 successfully! Board is now green 0, yellow 1, white 0, blue 0, red 0
outer now has green 5, white 4, blue 4, white 1, green 4
MOVE: 1 2 1 1 None None
You plays blue 1 successfully! Board is now green 0, yellow 1, white 0, blue 1, red 0
You now has white 3, yellow 3, yellow 1, blue 1, white 4
MOVE: 0 1 None 1 None 4
outer hints You about all their 4 hints remaining: 5
You has white 3, yellow 3, yellow 1, blue 1, white 4
MOVE: 1 2 3 1 None None
You plays blue 1 and fails. Board was green 0, yellow 1, white 0, blue 1, red 0
You now has white 3, yellow 3, yellow 1, white 4, blue 2
MOVE: 0 0 None 1 3 None
outer hints You about all their blue cards hints remaining: 4
You has white 3, yellow 3, yellow 1, white 4, blue 2
MOVE: 1 2 2 1 None None
You plays yellow 1 and fails. Board was green 0, yellow 1, white 0, blue 1, red 0
You now has white 3, yellow 3, white 4, blue 2, blue 3
MOVE: 0 1 None 1 None 2
outer hints You about all their 2 hints remaining: 3
You has white 3, yellow 3, white 4, blue 2, blue 3
MOVE: 1 2 3 1 None None
You plays blue 2 successfully! Board is now green 0, yellow 1, white 0, blue 2, red 0
You now has white 3, yellow 3, white 4, blue 3, yellow 4
MOVE: 0 1 None 1 None 3
outer hints You about all their 3 hints remaining: 2
You has white 3, yellow 3, white 4, blue 3, yellow 4
MOVE: 1 2 3 1 None None
You plays blue 3 successfully! Board is now green 0, yellow 1, white 0, blue 3, red 0
You now has white 3, yellow 3, white 4, yellow 4, white 5
MOVE: 0 1 None 1 None 4
outer hints You about all their 4 hints remaining: 1
You has white 3, yellow 3, white 4, yellow 4, white 5
MOVE: 1 2 3 1 None None
You plays yellow 4 and fails. Board was green 0, yellow 1, white 0, blue 3, red 0
You now has white 3, yellow 3, white 4, white 5, green 3
Score 4
