Old GID: 6166a5837d1156cc
Treatment: ('full', 2227)
[(2, 1), (1, 1), (1, 3), (4, 5), (4, 3), (4, 3), (1, 4), (0, 4), (4, 1), (2, 3), (2, 4), (2, 2), (0, 2), (2, 5), (0, 4), (2, 2), (0, 5), (1, 5), (1, 1), (2, 4), (0, 1), (3, 4), (3, 1), (0, 2), (0, 3), (2, 1), (1, 3), (3, 4), (0, 1), (4, 4), (1, 1), (4, 1), (0, 3), (3, 1), (3, 3), (3, 2), (0, 1), (1, 4), (1, 2), (4, 1)]
MOVE: 0 1 None 1 None 1
full hints You about all their 1 hints remaining: 7
You has blue 3, blue 5, red 2, white 3, blue 1
MOVE: 1 2 4 1 None None
You plays blue 1 successfully! Board is now green 0, yellow 0, white 0, blue 1, red 0
You now has blue 3, blue 5, red 2, white 3, white 1
MOVE: 0 0 None 1 2 None
full hints You about all their white cards hints remaining: 6
You has blue 3, blue 5, red 2, white 3, white 1
MOVE: 1 0 None 0 4 None
You hints full about all their red cards hints remaining: 5
full has blue 2, red 2, white 1, red 4, yellow 2
MOVE: 0 2 1 None None None
full plays red 2 and fails. Board was green 0, yellow 0, white 0, blue 1, red 0
full now has blue 2, white 1, red 4, yellow 2, yellow 1
MOVE: 1 1 None 0 None 1
You hints full about all their 1 hints remaining: 4
full has blue 2, white 1, red 4, yellow 2, yellow 1
MOVE: 0 2 1 None None None
full plays white 1 successfully! Board is now green 0, yellow 0, white 1, blue 1, red 0
full now has blue 2, red 4, yellow 2, yellow 1, yellow 3
MOVE: 1 0 None 0 1 None
You hints full about all their yellow cards hints remaining: 3
full has blue 2, red 4, yellow 2, yellow 1, yellow 3
MOVE: 0 2 3 None None None
full plays yellow 1 successfully! Board is now green 0, yellow 1, white 1, blue 1, red 0
full now has blue 2, red 4, yellow 2, yellow 3, red 5
MOVE: 1 1 None 0 None 2
You hints full about all their 2 hints remaining: 2
full has blue 2, red 4, yellow 2, yellow 3, red 5
MOVE: 0 2 0 None None None
full plays blue 2 successfully! Board is now green 0, yellow 1, white 1, blue 2, red 0
full now has red 4, yellow 2, yellow 3, red 5, red 3
MOVE: 1 1 None 0 None 3
You hints full about all their 3 hints remaining: 1
full has red 4, yellow 2, yellow 3, red 5, red 3
MOVE: 0 2 4 None None None
full plays red 3 and fails. Board was green 0, yellow 1, white 1, blue 2, red 0
full now has red 4, yellow 2, yellow 3, red 5, red 3
MOVE: 1 2 4 1 None None
You plays white 1 and fails. Board was green 0, yellow 1, white 1, blue 2, red 0
You now has blue 3, blue 5, red 2, white 3, yellow 4
Score 4
