Old GID: 10caa9592c9056e1
Treatment: ('full', 411)
[(4, 2), (2, 1), (0, 3), (1, 1), (3, 4), (4, 5), (0, 2), (1, 5), (4, 3), (0, 3), (2, 3), (4, 3), (1, 3), (0, 1), (4, 1), (2, 3), (1, 2), (4, 4), (3, 5), (0, 1), (4, 2), (3, 3), (3, 2), (2, 2), (2, 1), (3, 1), (0, 4), (4, 1), (2, 5), (3, 1), (2, 4), (3, 4), (0, 1), (0, 5), (1, 4), (4, 1), (1, 1), (2, 4), (1, 3), (1, 1)]
MOVE: 0 1 None 1 None 1
full hints You about all their 1 hints remaining: 7
You has green 2, blue 3, blue 1, green 4, yellow 2
MOVE: 1 2 2 1 None None
You plays blue 1 successfully! Board is now green 0, yellow 0, white 0, blue 1, red 0
You now has green 2, blue 3, green 4, yellow 2, red 2
MOVE: 0 3 0 None None None
full discards blue 2
trash is now blue 2
full now has white 2, yellow 4, red 4, white 1, white 1
MOVE: 1 1 None 0 None 1
You hints full about all their 1 hints remaining: 7
full has white 2, yellow 4, red 4, white 1, white 1
MOVE: 0 2 3 None None None
full plays white 1 successfully! Board is now green 0, yellow 0, white 1, blue 1, red 0
full now has white 2, yellow 4, red 4, white 1, green 3
MOVE: 1 0 None 0 2 None
You hints full about all their white cards hints remaining: 6
full has white 2, yellow 4, red 4, white 1, green 3
MOVE: 0 2 0 None None None
full plays white 2 successfully! Board is now green 0, yellow 0, white 2, blue 1, red 0
full now has yellow 4, red 4, white 1, green 3, yellow 1
MOVE: 1 1 None 0 None 1
You hints full about all their 1 hints remaining: 5
full has yellow 4, red 4, white 1, green 3, yellow 1
MOVE: 0 2 4 None None None
full plays yellow 1 successfully! Board is now green 0, yellow 1, white 2, blue 1, red 0
full now has yellow 4, red 4, white 1, green 3, blue 4
MOVE: 1 3 0 1 None None
You discards green 2
trash is now blue 2, green 2
You now has blue 3, green 4, yellow 2, red 2, red 5
MOVE: 0 3 2 None None None
full discards white 1
trash is now blue 2, green 2, white 1
full now has yellow 4, red 4, green 3, blue 4, green 2
MOVE: 1 3 0 1 None None
You discards blue 3
trash is now blue 2, green 2, white 1, blue 3
You now has green 4, yellow 2, red 2, red 5, yellow 5
MOVE: 0 3 3 None None None
full discards blue 4
trash is now blue 2, green 2, white 1, blue 3, blue 4
full now has yellow 4, red 4, green 3, green 2, red 3
MOVE: 1 3 0 1 None None
You discards green 4
trash is now blue 2, green 2, white 1, blue 3, blue 4, green 4
You now has yellow 2, red 2, red 5, yellow 5, green 3
MOVE: 0 3 3 None None None
full discards green 2
trash is now blue 2, green 2, white 1, blue 3, blue 4, green 4, green 2
full now has yellow 4, red 4, green 3, red 3, white 3
MOVE: 1 0 None 0 2 None
You hints full about all their white cards hints remaining: 7
full has yellow 4, red 4, green 3, red 3, white 3
MOVE: 0 2 4 None None None
full plays white 3 successfully! Board is now green 0, yellow 1, white 3, blue 1, red 0
full now has yellow 4, red 4, green 3, red 3, red 3
MOVE: 1 3 0 1 None None
You discards yellow 2
trash is now blue 2, green 2, white 1, blue 3, blue 4, green 4, green 2, yellow 2
You now has red 2, red 5, yellow 5, green 3, yellow 3
MOVE: 0 1 None 1 None 3
full hints You about all their 3 hints remaining: 7
You has red 2, red 5, yellow 5, green 3, yellow 3
MOVE: 1 2 4 1 None None
You plays yellow 3 and fails. Board was green 0, yellow 1, white 3, blue 1, red 0
You now has red 2, red 5, yellow 5, green 3, green 1
MOVE: 0 0 None 1 0 None
full hints You about all their green cards hints remaining: 6
You has red 2, red 5, yellow 5, green 3, green 1
MOVE: 1 2 3 1 None None
You plays green 3 and fails. Board was green 0, yellow 1, white 3, blue 1, red 0
You now has red 2, red 5, yellow 5, green 1, red 1
MOVE: 0 1 None 1 None 1
full hints You about all their 1 hints remaining: 5
You has red 2, red 5, yellow 5, green 1, red 1
MOVE: 1 2 3 1 None None
You plays green 1 successfully! Board is now green 1, yellow 1, white 3, blue 1, red 0
You now has red 2, red 5, yellow 5, red 1, white 3
MOVE: 0 0 None 1 4 None
full hints You about all their red cards hints remaining: 4
You has red 2, red 5, yellow 5, red 1, white 3
MOVE: 1 2 3 1 None None
You plays red 1 successfully! Board is now green 1, yellow 1, white 3, blue 1, red 1
You now has red 2, red 5, yellow 5, white 3, yellow 2
MOVE: 0 1 None 1 None 2
full hints You about all their 2 hints remaining: 3
You has red 2, red 5, yellow 5, white 3, yellow 2
MOVE: 1 2 4 1 None None
You plays yellow 2 successfully! Board is now green 1, yellow 2, white 3, blue 1, red 1
You now has red 2, red 5, yellow 5, white 3, red 4
MOVE: 0 3 4 None None None
full discards red 3
trash is now blue 2, green 2, white 1, blue 3, blue 4, green 4, green 2, yellow 2, yellow 3, green 3, red 3
full now has yellow 4, red 4, green 3, red 3, blue 5
MOVE: 1 2 4 1 None None
You plays red 4 and fails. Board was green 1, yellow 2, white 3, blue 1, red 1
You now has red 2, red 5, yellow 5, white 3, green 1
Score 8
