Old GID: a7f02b5fffcac342
Treatment: ('outer', 7348)
[(0, 4), (2, 5), (0, 4), (2, 3), (2, 1), (2, 4), (0, 2), (4, 4), (0, 1), (1, 3), (2, 1), (1, 2), (4, 2), (1, 2), (1, 4), (3, 2), (0, 3), (1, 5), (3, 3), (3, 4), (0, 1), (4, 2), (3, 3), (1, 1), (0, 5), (3, 2), (1, 1), (4, 5), (2, 1), (4, 1), (0, 1), (2, 2), (4, 1), (2, 2), (1, 1), (4, 1), (3, 1), (2, 4), (3, 5), (4, 3)]
MOVE: 0 0 None 1 3 None
outer hints You about all their blue cards hints remaining: 7
You has green 2, yellow 4, blue 1, red 4, blue 1
MOVE: 1 2 4 1 None None
You plays blue 1 successfully! Board is now green 0, yellow 0, white 0, blue 1, red 0
You now has green 2, yellow 4, blue 1, red 4, green 4
MOVE: 0 0 None 1 1 None
outer hints You about all their yellow cards hints remaining: 6
You has green 2, yellow 4, blue 1, red 4, green 4
MOVE: 1 2 1 1 None None
You plays yellow 4 and fails. Board was green 0, yellow 0, white 0, blue 1, red 0
You now has green 2, blue 1, red 4, green 4, white 5
MOVE: 0 1 None 1 None 1
outer hints You about all their 1 hints remaining: 5
You has green 2, blue 1, red 4, green 4, white 5
MOVE: 1 2 1 1 None None
You plays blue 1 and fails. Board was green 0, yellow 0, white 0, blue 1, red 0
You now has green 2, red 4, green 4, white 5, green 4
MOVE: 0 1 None 1 None 2
outer hints You about all their 2 hints remaining: 4
You has green 2, red 4, green 4, white 5, green 4
MOVE: 1 2 0 1 None None
You plays green 2 and fails. Board was green 0, yellow 0, white 0, blue 1, red 0
You now has red 4, green 4, white 5, green 4, white 3
Score 1
