Old GID: 129fa298fb6a4ff8
Treatment: ('full', 9448)
[(1, 4), (2, 1), (0, 3), (3, 1), (0, 1), (1, 2), (4, 1), (4, 5), (4, 3), (0, 1), (4, 1), (1, 4), (3, 3), (4, 3), (2, 3), (0, 1), (0, 4), (3, 1), (3, 2), (1, 2), (4, 4), (2, 1), (0, 5), (2, 1), (3, 3), (3, 2), (1, 5), (4, 1), (0, 2), (4, 2), (4, 4), (3, 4), (4, 2), (1, 1), (2, 2), (0, 2), (1, 3), (0, 4), (1, 1), (0, 3)]
MOVE: 0 1 None 1 None 1
full hints You about all their 1 hints remaining: 7
You has blue 5, white 5, white 2, blue 4, blue 1
MOVE: 1 2 4 1 None None
You plays blue 1 successfully! Board is now green 0, yellow 0, white 0, blue 1, red 0
You now has blue 5, white 5, white 2, blue 4, yellow 4
MOVE: 0 3 0 None None None
full discards yellow 1
trash is now yellow 1
full now has white 4, yellow 3, white 4, white 3, white 1
MOVE: 1 1 None 0 None 1
You hints full about all their 1 hints remaining: 7
full has white 4, yellow 3, white 4, white 3, white 1
MOVE: 0 2 4 None None None
full plays white 1 successfully! Board is now green 0, yellow 0, white 1, blue 1, red 0
full now has white 4, yellow 3, white 4, white 3, green 3
MOVE: 1 3 0 1 None None
You discards blue 5
trash is now yellow 1, blue 5
You now has white 5, white 2, blue 4, yellow 4, blue 1
MOVE: 0 1 None 1 None 2
full hints You about all their 2 hints remaining: 7
You has white 5, white 2, blue 4, yellow 4, blue 1
MOVE: 1 2 1 1 None None
You plays white 2 successfully! Board is now green 0, yellow 0, white 2, blue 1, red 0
You now has white 5, blue 4, yellow 4, blue 1, green 1
MOVE: 0 0 None 1 0 None
full hints You about all their green cards hints remaining: 6
You has white 5, blue 4, yellow 4, blue 1, green 1
MOVE: 1 2 4 1 None None
You plays green 1 successfully! Board is now green 1, yellow 0, white 2, blue 1, red 0
You now has white 5, blue 4, yellow 4, blue 1, yellow 2
MOVE: 0 0 None 1 3 None
full hints You about all their blue cards hints remaining: 5
You has white 5, blue 4, yellow 4, blue 1, yellow 2
MOVE: 1 2 3 1 None None
You plays blue 1 and fails. Board was green 1, yellow 0, white 2, blue 1, red 0
You now has white 5, blue 4, yellow 4, yellow 2, red 1
MOVE: 0 0 None 1 4 None
full hints You about all their red cards hints remaining: 4
You has white 5, blue 4, yellow 4, yellow 2, red 1
MOVE: 1 2 1 1 None None
You plays blue 4 and fails. Board was green 1, yellow 0, white 2, blue 1, red 0
You now has white 5, yellow 4, yellow 2, red 1, red 5
MOVE: 0 1 None 1 None 1
full hints You about all their 1 hints remaining: 3
You has white 5, yellow 4, yellow 2, red 1, red 5
MOVE: 1 2 3 1 None None
You plays red 1 successfully! Board is now green 1, yellow 0, white 2, blue 1, red 1
You now has white 5, yellow 4, yellow 2, red 5, red 3
MOVE: 0 3 4 None None None
full discards green 3
trash is now yellow 1, blue 5, blue 1, blue 4, green 3
full now has white 4, yellow 3, white 4, white 3, green 1
MOVE: 1 3 4 1 None None
You discards red 3
trash is now yellow 1, blue 5, blue 1, blue 4, green 3, red 3
You now has white 5, yellow 4, yellow 2, red 5, red 1
MOVE: 0 3 4 None None None
full discards green 1
trash is now yellow 1, blue 5, blue 1, blue 4, green 3, red 3, green 1
full now has white 4, yellow 3, white 4, white 3, yellow 4
MOVE: 1 2 4 1 None None
You plays red 1 and fails. Board was green 1, yellow 0, white 2, blue 1, red 1
You now has white 5, yellow 4, yellow 2, red 5, blue 3
Score 5
