Old GID: 7495834e1aa6ad42
Treatment: ('outer', 6738)
[(2, 1), (3, 4), (4, 3), (0, 4), (2, 3), (4, 4), (1, 3), (0, 2), (4, 1), (4, 3), (3, 1), (3, 2), (1, 4), (3, 2), (2, 4), (4, 4), (4, 1), (4, 1), (1, 2), (0, 4), (3, 3), (4, 2), (0, 3), (4, 2), (2, 1), (2, 2), (1, 1), (4, 5), (1, 1), (1, 2), (0, 5), (1, 4), (2, 3), (2, 2), (1, 3), (2, 4), (0, 3), (3, 4), (2, 1), (3, 1)]
MOVE: 0 1 None 1 None 1
outer hints You about all their 1 hints remaining: 7
You has green 1, green 1, white 5, blue 5, blue 1
MOVE: 1 1 None 0 None 1
You hints outer about all their 1 hints remaining: 6
outer has yellow 1, yellow 5, green 2, green 1, blue 3
MOVE: 0 2 0 None None None
outer plays yellow 1 successfully! Board is now green 0, yellow 1, white 0, blue 0, red 0
outer now has yellow 5, green 2, green 1, blue 3, white 1
MOVE: 1 2 1 1 None None
You plays green 1 successfully! Board is now green 1, yellow 1, white 0, blue 0, red 0
You now has green 1, white 5, blue 5, blue 1, blue 4
MOVE: 0 0 None 1 3 None
outer hints You about all their blue cards hints remaining: 5
You has green 1, white 5, blue 5, blue 1, blue 4
MOVE: 1 0 None 0 0 None
You hints outer about all their green cards hints remaining: 4
outer has yellow 5, green 2, green 1, blue 3, white 1
MOVE: 0 3 2 None None None
outer discards green 1
trash is now green 1
outer now has yellow 5, green 2, blue 3, white 1, red 3
MOVE: 1 2 3 1 None None
You plays blue 1 successfully! Board is now green 1, yellow 1, white 0, blue 1, red 0
You now has green 1, white 5, blue 5, blue 4, green 4
MOVE: 0 1 None 1 None 4
outer hints You about all their 4 hints remaining: 4
You has green 1, white 5, blue 5, blue 4, green 4
MOVE: 1 2 0 1 None None
You plays green 1 and fails. Board was green 1, yellow 1, white 0, blue 1, red 0
You now has white 5, blue 5, blue 4, green 4, white 3
MOVE: 0 1 None 1 None 3
outer hints You about all their 3 hints remaining: 3
You has white 5, blue 5, blue 4, green 4, white 3
MOVE: 1 1 None 0 None 2
You hints outer about all their 2 hints remaining: 2
outer has yellow 5, green 2, blue 3, white 1, red 3
MOVE: 0 2 1 None None None
outer plays green 2 successfully! Board is now green 2, yellow 1, white 0, blue 1, red 0
outer now has yellow 5, blue 3, white 1, red 3, red 4
MOVE: 1 1 None 0 None 1
You hints outer about all their 1 hints remaining: 1
outer has yellow 5, blue 3, white 1, red 3, red 4
MOVE: 0 0 None 1 2 None
outer hints You about all their white cards hints remaining: 0
You has white 5, blue 5, blue 4, green 4, white 3
MOVE: 1 3 3 1 None None
You discards green 4
trash is now green 1, green 1, green 4
You now has white 5, blue 5, blue 4, white 3, yellow 3
MOVE: 0 0 None 1 2 None
outer hints You about all their white cards hints remaining: 0
You has white 5, blue 5, blue 4, white 3, yellow 3
MOVE: 1 2 0 1 None None
You plays white 5 and fails. Board was green 2, yellow 1, white 0, blue 1, red 0
You now has blue 5, blue 4, white 3, yellow 3, green 2
MOVE: 0 3 0 None None None
outer discards yellow 5
trash is now green 1, green 1, green 4, white 5, yellow 5
outer now has blue 3, white 1, red 3, red 4, red 1
MOVE: 1 0 None 0 2 None
You hints outer about all their white cards hints remaining: 0
outer has blue 3, white 1, red 3, red 4, red 1
MOVE: 0 2 1 None None None
outer plays white 1 successfully! Board is now green 2, yellow 1, white 1, blue 1, red 0
outer now has blue 3, red 3, red 4, red 1, red 3
MOVE: 1 3 3 1 None None
You discards yellow 3
trash is now green 1, green 1, green 4, white 5, yellow 5, yellow 3
You now has blue 5, blue 4, white 3, green 2, blue 1
MOVE: 0 0 None 1 0 None
outer hints You about all their green cards hints remaining: 0
You has blue 5, blue 4, white 3, green 2, blue 1
MOVE: 1 2 3 1 None None
You plays green 2 and fails. Board was green 2, yellow 1, white 1, blue 1, red 0
You now has blue 5, blue 4, white 3, blue 1, blue 2
Score 5
