Old GID: aac7ceac400b3e88
Treatment: ('outer', 3099)
[(3, 5), (1, 1), (3, 3), (0, 3), (0, 4), (4, 2), (4, 3), (3, 2), (1, 4), (4, 2), (0, 1), (0, 2), (2, 1), (0, 5), (2, 3), (2, 1), (4, 1), (0, 1), (4, 3), (2, 4), (2, 1), (3, 3), (4, 1), (1, 1), (1, 5), (4, 4), (2, 5), (3, 4), (1, 2), (1, 3), (3, 1), (0, 4), (3, 2), (0, 2), (3, 4), (2, 4), (1, 2), (4, 5), (2, 2), (0, 3)]
MOVE: 0 1 None 1 None 1
outer hints You about all their 1 hints remaining: 7
You has blue 1, red 4, white 2, green 1, red 1
MOVE: 1 1 None 0 None 1
You hints outer about all their 1 hints remaining: 6
outer has blue 1, yellow 1, yellow 4, yellow 3, white 3
MOVE: 0 2 0 None None None
outer plays blue 1 successfully! Board is now green 0, yellow 0, white 0, blue 1, red 0
outer now has yellow 1, yellow 4, yellow 3, white 3, blue 5
MOVE: 1 0 None 0 1 None
You hints outer about all their yellow cards hints remaining: 5
outer has yellow 1, yellow 4, yellow 3, white 3, blue 5
MOVE: 0 2 0 None None None
outer plays yellow 1 successfully! Board is now green 0, yellow 1, white 0, blue 1, red 0
outer now has yellow 4, yellow 3, white 3, blue 5, yellow 1
MOVE: 1 2 0 1 None None
You plays blue 1 and fails. Board was green 0, yellow 1, white 0, blue 1, red 0
You now has red 4, white 2, green 1, red 1, blue 3
MOVE: 0 0 None 1 0 None
outer hints You about all their green cards hints remaining: 4
You has red 4, white 2, green 1, red 1, blue 3
MOVE: 1 2 2 1 None None
You plays green 1 successfully! Board is now green 1, yellow 1, white 0, blue 1, red 0
You now has red 4, white 2, red 1, blue 3, green 3
MOVE: 0 1 None 1 None 1
outer hints You about all their 1 hints remaining: 3
You has red 4, white 2, red 1, blue 3, green 3
MOVE: 1 2 2 1 None None
You plays red 1 successfully! Board is now green 1, yellow 1, white 0, blue 1, red 1
You now has red 4, white 2, blue 3, green 3, green 4
MOVE: 0 1 None 1 None 2
outer hints You about all their 2 hints remaining: 2
You has red 4, white 2, blue 3, green 3, green 4
MOVE: 1 2 1 1 None None
You plays white 2 and fails. Board was green 1, yellow 1, white 0, blue 1, red 1
You now has red 4, blue 3, green 3, green 4, red 2
MOVE: 0 0 None 1 4 None
outer hints You about all their red cards hints remaining: 1
You has red 4, blue 3, green 3, green 4, red 2
MOVE: 1 2 4 1 None None
You plays red 2 successfully! Board is now green 1, yellow 1, white 0, blue 1, red 2
You now has red 4, blue 3, green 3, green 4, red 3
MOVE: 0 1 None 1 None 3
outer hints You about all their 3 hints remaining: 0
You has red 4, blue 3, green 3, green 4, red 3
MOVE: 1 2 4 1 None None
You plays red 3 successfully! Board is now green 1, yellow 1, white 0, blue 1, red 3
You now has red 4, blue 3, green 3, green 4, blue 2
MOVE: 0 3 0 None None None
outer discards yellow 4
trash is now blue 1, white 2, yellow 4
outer now has yellow 3, white 3, blue 5, yellow 1, yellow 4
MOVE: 1 1 None 0 None 5
You hints outer about all their 5 hints remaining: 0
outer has yellow 3, white 3, blue 5, yellow 1, yellow 4
MOVE: 0 3 1 None None None
outer discards white 3
trash is now blue 1, white 2, yellow 4, white 3
outer now has yellow 3, blue 5, yellow 1, yellow 4, red 2
MOVE: 1 2 0 1 None None
You plays red 4 successfully! Board is now green 1, yellow 1, white 0, blue 1, red 4
You now has blue 3, green 3, green 4, blue 2, green 1
MOVE: 0 0 None 1 3 None
outer hints You about all their blue cards hints remaining: 0
You has blue 3, green 3, green 4, blue 2, green 1
MOVE: 1 2 3 1 None None
You plays blue 2 successfully! Board is now green 1, yellow 1, white 0, blue 2, red 4
You now has blue 3, green 3, green 4, green 1, green 2
MOVE: 0 3 2 None None None
outer discards yellow 1
trash is now blue 1, white 2, yellow 4, white 3, yellow 1
outer now has yellow 3, blue 5, yellow 4, red 2, white 1
MOVE: 1 2 0 1 None None
You plays blue 3 successfully! Board is now green 1, yellow 1, white 0, blue 3, red 4
You now has green 3, green 4, green 1, green 2, green 5
MOVE: 0 0 None 1 0 None
outer hints You about all their green cards hints remaining: 0
You has green 3, green 4, green 1, green 2, green 5
MOVE: 1 2 4 1 None None
You plays green 5 and fails. Board was green 1, yellow 1, white 0, blue 3, red 4
You now has green 3, green 4, green 1, green 2, white 3
Score 9
