Old GID: fd2bb690c3411289
Treatment: ('outer', 9744)
[(1, 2), (3, 5), (0, 5), (2, 1), (0, 1), (4, 2), (4, 3), (0, 1), (4, 1), (0, 4), (2, 3), (0, 4), (4, 4), (1, 2), (3, 1), (1, 3), (0, 3), (2, 2), (2, 1), (0, 2), (2, 3), (4, 4), (3, 2), (1, 1), (1, 5), (1, 4), (4, 3), (4, 2), (0, 2), (2, 1), (3, 3), (3, 3), (3, 4), (0, 3), (1, 1), (0, 1), (2, 4), (4, 5), (1, 1), (3, 2)]
MOVE: 0 1 None 1 None 1
outer hints You about all their 1 hints remaining: 7
You has blue 4, white 4, white 5, red 1, blue 1
MOVE: 1 2 3 1 None None
You plays red 1 successfully! Board is now green 0, yellow 0, white 0, blue 0, red 1
You now has blue 4, white 4, white 5, blue 1, yellow 2
MOVE: 0 0 None 1 3 None
outer hints You about all their blue cards hints remaining: 6
You has blue 4, white 4, white 5, blue 1, yellow 2
MOVE: 1 2 3 1 None None
You plays blue 1 successfully! Board is now green 0, yellow 0, white 0, blue 1, red 1
You now has blue 4, white 4, white 5, yellow 2, blue 5
MOVE: 0 1 None 1 None 5
outer hints You about all their 5 hints remaining: 5
You has blue 4, white 4, white 5, yellow 2, blue 5
MOVE: 1 2 0 1 None None
You plays blue 4 and fails. Board was green 0, yellow 0, white 0, blue 1, red 1
You now has white 4, white 5, yellow 2, blue 5, green 5
MOVE: 0 1 None 1 None 2
outer hints You about all their 2 hints remaining: 4
You has white 4, white 5, yellow 2, blue 5, green 5
MOVE: 1 2 2 1 None None
You plays yellow 2 and fails. Board was green 0, yellow 0, white 0, blue 1, red 1
You now has white 4, white 5, blue 5, green 5, white 1
MOVE: 0 1 None 1 None 1
outer hints You about all their 1 hints remaining: 3
You has white 4, white 5, blue 5, green 5, white 1
MOVE: 1 2 4 1 None None
You plays white 1 successfully! Board is now green 0, yellow 0, white 1, blue 1, red 1
You now has white 4, white 5, blue 5, green 5, green 1
MOVE: 0 1 None 1 None 1
outer hints You about all their 1 hints remaining: 2
You has white 4, white 5, blue 5, green 5, green 1
MOVE: 1 2 4 1 None None
You plays green 1 successfully! Board is now green 1, yellow 0, white 1, blue 1, red 1
You now has white 4, white 5, blue 5, green 5, red 2
MOVE: 0 0 None 1 4 None
outer hints You about all their red cards hints remaining: 1
You has white 4, white 5, blue 5, green 5, red 2
MOVE: 1 2 4 1 None None
You plays red 2 successfully! Board is now green 1, yellow 0, white 1, blue 1, red 2
You now has white 4, white 5, blue 5, green 5, red 3
MOVE: 0 0 None 1 4 None
outer hints You about all their red cards hints remaining: 0
You has white 4, white 5, blue 5, green 5, red 3
MOVE: 1 2 4 1 None None
You plays red 3 successfully! Board is now green 1, yellow 0, white 1, blue 1, red 3
You now has white 4, white 5, blue 5, green 5, green 1
MOVE: 0 3 1 None None None
outer discards red 1
trash is now blue 4, yellow 2, red 1
outer now has yellow 4, white 2, yellow 3, blue 1, red 1
MOVE: 1 0 None 0 2 None
You hints outer about all their white cards hints remaining: 0
outer has yellow 4, white 2, yellow 3, blue 1, red 1
MOVE: 0 3 1 None None None
outer discards white 2
trash is now blue 4, yellow 2, red 1, white 2
outer now has yellow 4, yellow 3, blue 1, red 1, green 4
MOVE: 1 3 0 1 None None
You discards white 4
trash is now blue 4, yellow 2, red 1, white 2, white 4
You now has white 5, blue 5, green 5, green 1, white 3
MOVE: 0 1 None 1 None 1
outer hints You about all their 1 hints remaining: 1
You has white 5, blue 5, green 5, green 1, white 3
MOVE: 1 2 3 1 None None
You plays green 1 and fails. Board was green 1, yellow 0, white 1, blue 1, red 3
You now has white 5, blue 5, green 5, white 3, green 4
Score 6
