Old GID: 9eb765cfac35623e
Treatment: ('intentional', 9840)
[(1, 3), (0, 5), (4, 1), (3, 1), (0, 1), (4, 3), (1, 5), (0, 2), (4, 2), (4, 5), (1, 1), (3, 2), (0, 2), (2, 3), (0, 1), (2, 2), (3, 4), (0, 4), (4, 1), (2, 1), (0, 4), (0, 1), (2, 4), (2, 1), (2, 5), (1, 4), (0, 3), (2, 2), (1, 3), (3, 1), (2, 3), (3, 5), (2, 1), (4, 4), (1, 1), (1, 4), (3, 3), (3, 4), (4, 3), (3, 3)]
MOVE: 0 1 None 1 None 1
intentional hints You about all their 1 hints remaining: 7
You has yellow 2, blue 1, blue 2, green 3, red 4
MOVE: 1 0 None 0 4 None
You hints intentional about all their red cards hints remaining: 6
intentional has white 4, red 1, yellow 2, red 2, yellow 1
MOVE: 0 0 None 1 3 None
intentional hints You about all their blue cards hints remaining: 5
You has yellow 2, blue 1, blue 2, green 3, red 4
MOVE: 1 1 None 0 None 1
You hints intentional about all their 1 hints remaining: 4
intentional has white 4, red 1, yellow 2, red 2, yellow 1
MOVE: 0 2 4 None None None
intentional plays yellow 1 successfully! Board is now green 0, yellow 1, white 0, blue 0, red 0
intentional now has white 4, red 1, yellow 2, red 2, yellow 3
MOVE: 1 0 None 0 1 None
You hints intentional about all their yellow cards hints remaining: 3
intentional has white 4, red 1, yellow 2, red 2, yellow 3
MOVE: 0 2 1 None None None
intentional plays red 1 successfully! Board is now green 0, yellow 1, white 0, blue 0, red 1
intentional now has white 4, yellow 2, red 2, yellow 3, green 5
MOVE: 1 1 None 0 None 2
You hints intentional about all their 2 hints remaining: 2
intentional has white 4, yellow 2, red 2, yellow 3, green 5
MOVE: 0 2 2 None None None
intentional plays red 2 successfully! Board is now green 0, yellow 1, white 0, blue 0, red 2
intentional now has white 4, yellow 2, yellow 3, green 5, red 1
MOVE: 1 1 None 0 None 3
You hints intentional about all their 3 hints remaining: 1
intentional has white 4, yellow 2, yellow 3, green 5, red 1
MOVE: 0 2 1 None None None
intentional plays yellow 2 successfully! Board is now green 0, yellow 2, white 0, blue 0, red 2
intentional now has white 4, yellow 3, green 5, red 1, blue 1
MOVE: 1 2 1 1 None None
You plays blue 1 successfully! Board is now green 0, yellow 2, white 0, blue 1, red 2
You now has yellow 2, blue 2, green 3, red 4, green 1
MOVE: 0 2 1 None None None
intentional plays yellow 3 successfully! Board is now green 0, yellow 3, white 0, blue 1, red 2
intentional now has white 4, green 5, red 1, blue 1, red 3
MOVE: 1 3 1 1 None None
You discards blue 2
trash is now blue 2
You now has yellow 2, green 3, red 4, green 1, yellow 5
MOVE: 0 0 None 1 0 None
intentional hints You about all their green cards hints remaining: 1
You has yellow 2, green 3, red 4, green 1, yellow 5
MOVE: 1 2 3 1 None None
You plays green 1 successfully! Board is now green 1, yellow 3, white 0, blue 1, red 2
You now has yellow 2, green 3, red 4, yellow 5, green 2
MOVE: 0 1 None 1 None 2
intentional hints You about all their 2 hints remaining: 0
You has yellow 2, green 3, red 4, yellow 5, green 2
MOVE: 1 2 4 1 None None
You plays green 2 successfully! Board is now green 2, yellow 3, white 0, blue 1, red 2
You now has yellow 2, green 3, red 4, yellow 5, red 2
MOVE: 0 3 3 None None None
intentional discards blue 1
trash is now blue 2, blue 1
intentional now has white 4, green 5, red 1, red 3, red 5
MOVE: 1 1 None 0 None 3
You hints intentional about all their 3 hints remaining: 0
intentional has white 4, green 5, red 1, red 3, red 5
MOVE: 0 3 1 None None None
intentional discards green 5
trash is now blue 2, blue 1, green 5
intentional now has white 4, red 1, red 3, red 5, yellow 1
MOVE: 1 0 None 0 4 None
You hints intentional about all their red cards hints remaining: 0
intentional has white 4, red 1, red 3, red 5, yellow 1
MOVE: 0 2 2 None None None
intentional plays red 3 successfully! Board is now green 2, yellow 3, white 0, blue 1, red 3
intentional now has white 4, red 1, red 5, yellow 1, blue 2
MOVE: 1 2 0 1 None None
You plays yellow 2 and fails. Board was green 2, yellow 3, white 0, blue 1, red 3
You now has green 3, red 4, yellow 5, red 2, green 2
MOVE: 0 3 4 None None None
intentional discards blue 2
trash is now blue 2, blue 1, green 5, yellow 2, blue 2
intentional now has white 4, red 1, red 5, yellow 1, white 3
MOVE: 1 2 0 1 None None
You plays green 3 successfully! Board is now green 3, yellow 3, white 0, blue 1, red 3
You now has red 4, yellow 5, red 2, green 2, green 1
MOVE: 0 1 None 1 None 4
intentional hints You about all their 4 hints remaining: 0
You has red 4, yellow 5, red 2, green 2, green 1
MOVE: 1 2 0 1 None None
You plays red 4 successfully! Board is now green 3, yellow 3, white 0, blue 1, red 4
You now has yellow 5, red 2, green 2, green 1, white 2
MOVE: 0 3 1 None None None
intentional discards red 1
trash is now blue 2, blue 1, green 5, yellow 2, blue 2, red 1
intentional now has white 4, red 5, yellow 1, white 3, blue 4
MOVE: 1 1 None 0 None 5
You hints intentional about all their 5 hints remaining: 0
intentional has white 4, red 5, yellow 1, white 3, blue 4
MOVE: 0 2 1 None None None
intentional plays red 5 successfully! Board is now green 3, yellow 3, white 0, blue 1, red 5
intentional now has white 4, yellow 1, white 3, blue 4, green 4
MOVE: 1 3 0 1 None None
You discards yellow 5
trash is now blue 2, blue 1, green 5, yellow 2, blue 2, red 1, yellow 5
You now has red 2, green 2, green 1, white 2, red 1
MOVE: 0 0 None 1 0 None
intentional hints You about all their green cards hints remaining: 1
You has red 2, green 2, green 1, white 2, red 1
MOVE: 1 2 2 1 None None
You plays green 1 and fails. Board was green 3, yellow 3, white 0, blue 1, red 5
You now has red 2, green 2, white 2, red 1, white 1
MOVE: 0 0 None 1 4 None
intentional hints You about all their red cards hints remaining: 0
You has red 2, green 2, white 2, red 1, white 1
MOVE: 1 2 1 1 None None
You plays green 2 and fails. Board was green 3, yellow 3, white 0, blue 1, red 5
You now has red 2, white 2, red 1, white 1, green 4
Score 12
