Old GID: 134f8214ecef74cd
Treatment: ('outer', 5411)
[(1, 2), (2, 5), (4, 3), (3, 2), (0, 3), (0, 1), (0, 2), (2, 4), (4, 2), (2, 3), (3, 3), (2, 2), (1, 1), (2, 3), (1, 1), (3, 3), (1, 2), (1, 3), (2, 1), (1, 1), (1, 5), (4, 4), (3, 1), (2, 1), (3, 1), (0, 5), (0, 4), (1, 4), (4, 4), (2, 4), (3, 4), (0, 2), (0, 4), (0, 1), (3, 2), (2, 1), (1, 3), (3, 5), (4, 1), (0, 1)]
MOVE: 0 1 None 1 None 1
outer hints You about all their 1 hints remaining: 7
You has blue 4, red 5, white 2, blue 1, red 1
MOVE: 1 0 None 0 4 None
You hints outer about all their red cards hints remaining: 6
outer has red 1, red 3, yellow 4, red 2, green 3
MOVE: 0 0 None 1 3 None
outer hints You about all their blue cards hints remaining: 5
You has blue 4, red 5, white 2, blue 1, red 1
MOVE: 1 1 None 0 None 1
You hints outer about all their 1 hints remaining: 4
outer has red 1, red 3, yellow 4, red 2, green 3
MOVE: 0 2 0 None None None
outer plays red 1 successfully! Board is now green 0, yellow 0, white 0, blue 0, red 1
outer now has red 3, yellow 4, red 2, green 3, yellow 2
MOVE: 1 1 None 0 None 2
You hints outer about all their 2 hints remaining: 3
outer has red 3, yellow 4, red 2, green 3, yellow 2
MOVE: 0 2 2 None None None
outer plays red 2 successfully! Board is now green 0, yellow 0, white 0, blue 0, red 2
outer now has red 3, yellow 4, green 3, yellow 2, white 5
MOVE: 1 1 None 0 None 3
You hints outer about all their 3 hints remaining: 2
outer has red 3, yellow 4, green 3, yellow 2, white 5
MOVE: 0 2 0 None None None
outer plays red 3 successfully! Board is now green 0, yellow 0, white 0, blue 0, red 3
outer now has yellow 4, green 3, yellow 2, white 5, red 3
MOVE: 1 2 3 1 None None
You plays blue 1 successfully! Board is now green 0, yellow 0, white 0, blue 1, red 3
You now has blue 4, red 5, white 2, red 1, blue 2
MOVE: 0 0 None 1 3 None
outer hints You about all their blue cards hints remaining: 1
You has blue 4, red 5, white 2, red 1, blue 2
MOVE: 1 2 4 1 None None
You plays blue 2 successfully! Board is now green 0, yellow 0, white 0, blue 2, red 3
You now has blue 4, red 5, white 2, red 1, green 3
MOVE: 0 1 None 1 None 5
outer hints You about all their 5 hints remaining: 0
You has blue 4, red 5, white 2, red 1, green 3
MOVE: 1 2 0 1 None None
You plays blue 4 and fails. Board was green 0, yellow 0, white 0, blue 2, red 3
You now has red 5, white 2, red 1, green 3, green 1
MOVE: 0 3 3 None None None
outer discards white 5
trash is now blue 4, white 5
outer now has yellow 4, green 3, yellow 2, red 3, green 2
MOVE: 1 2 2 1 None None
You plays red 1 and fails. Board was green 0, yellow 0, white 0, blue 2, red 3
You now has red 5, white 2, green 3, green 1, white 4
MOVE: 0 0 None 1 0 None
outer hints You about all their green cards hints remaining: 0
You has red 5, white 2, green 3, green 1, white 4
MOVE: 1 2 3 1 None None
You plays green 1 successfully! Board is now green 1, yellow 0, white 0, blue 2, red 3
You now has red 5, white 2, green 3, white 4, red 2
MOVE: 0 3 1 None None None
outer discards green 3
trash is now blue 4, white 5, red 1, green 3
outer now has yellow 4, yellow 2, red 3, green 2, white 3
MOVE: 1 0 None 0 0 None
You hints outer about all their green cards hints remaining: 0
outer has yellow 4, yellow 2, red 3, green 2, white 3
MOVE: 0 3 1 None None None
outer discards yellow 2
trash is now blue 4, white 5, red 1, green 3, yellow 2
outer now has yellow 4, red 3, green 2, white 3, blue 3
MOVE: 1 1 None 0 None 3
You hints outer about all their 3 hints remaining: 0
outer has yellow 4, red 3, green 2, white 3, blue 3
MOVE: 0 3 4 None None None
outer discards blue 3
trash is now blue 4, white 5, red 1, green 3, yellow 2, blue 3
outer now has yellow 4, red 3, green 2, white 3, white 2
MOVE: 1 1 None 0 None 2
You hints outer about all their 2 hints remaining: 0
outer has yellow 4, red 3, green 2, white 3, white 2
MOVE: 0 2 2 None None None
outer plays green 2 successfully! Board is now green 2, yellow 0, white 0, blue 2, red 3
outer now has yellow 4, red 3, white 3, white 2, yellow 1
MOVE: 1 2 2 1 None None
You plays green 3 successfully! Board is now green 3, yellow 0, white 0, blue 2, red 3
You now has red 5, white 2, white 4, red 2, white 3
MOVE: 0 3 1 None None None
outer discards red 3
trash is now blue 4, white 5, red 1, green 3, yellow 2, blue 3, red 3
outer now has yellow 4, white 3, white 2, yellow 1, yellow 1
MOVE: 1 3 1 1 None None
You discards white 2
trash is now blue 4, white 5, red 1, green 3, yellow 2, blue 3, red 3, white 2
You now has red 5, white 4, red 2, white 3, blue 3
MOVE: 0 1 None 1 None 3
outer hints You about all their 3 hints remaining: 1
You has red 5, white 4, red 2, white 3, blue 3
MOVE: 1 2 4 1 None None
You plays blue 3 successfully! Board is now green 3, yellow 0, white 0, blue 3, red 3
You now has red 5, white 4, red 2, white 3, yellow 2
MOVE: 0 0 None 1 4 None
outer hints You about all their red cards hints remaining: 0
You has red 5, white 4, red 2, white 3, yellow 2
MOVE: 1 2 2 1 None None
You plays red 2 and fails. Board was green 3, yellow 0, white 0, blue 3, red 3
You now has red 5, white 4, white 3, yellow 2, yellow 3
Score 9
