Old GID: dab810c61d27704c
Treatment: ('outer', 8617)
[(0, 3), (4, 5), (4, 2), (3, 4), (4, 2), (0, 1), (1, 3), (3, 4), (2, 3), (3, 3), (2, 2), (0, 4), (2, 5), (1, 2), (3, 2), (1, 4), (1, 4), (4, 4), (3, 1), (2, 1), (3, 2), (2, 4), (2, 1), (3, 1), (0, 2), (4, 3), (4, 1), (0, 1), (4, 1), (1, 1), (0, 4), (0, 2), (0, 3), (3, 3), (1, 2), (1, 1), (4, 1), (4, 4), (1, 5), (3, 1)]
MOVE: 0 1 None 1 None 1
outer hints You about all their 1 hints remaining: 7
You has green 1, yellow 3, blue 5, red 3, white 4
MOVE: 1 2 0 1 None None
You plays green 1 successfully! Board is now green 1, yellow 0, white 0, blue 0, red 0
You now has yellow 3, blue 5, red 3, white 4, green 3
MOVE: 0 0 None 1 1 None
outer hints You about all their yellow cards hints remaining: 6
You has yellow 3, blue 5, red 3, white 4, green 3
MOVE: 1 1 None 0 None 1
You hints outer about all their 1 hints remaining: 5
outer has white 1, white 3, yellow 1, green 5, white 2
MOVE: 0 0 None 1 3 None
outer hints You about all their blue cards hints remaining: 4
You has yellow 3, blue 5, red 3, white 4, green 3
MOVE: 1 0 None 0 2 None
You hints outer about all their white cards hints remaining: 3
outer has white 1, white 3, yellow 1, green 5, white 2
MOVE: 0 2 0 None None None
outer plays white 1 successfully! Board is now green 1, yellow 0, white 1, blue 0, red 0
outer now has white 3, yellow 1, green 5, white 2, red 5
MOVE: 1 0 None 0 1 None
You hints outer about all their yellow cards hints remaining: 2
outer has white 3, yellow 1, green 5, white 2, red 5
MOVE: 0 2 1 None None None
outer plays yellow 1 successfully! Board is now green 1, yellow 1, white 1, blue 0, red 0
outer now has white 3, green 5, white 2, red 5, red 2
MOVE: 1 1 None 0 None 2
You hints outer about all their 2 hints remaining: 1
outer has white 3, green 5, white 2, red 5, red 2
MOVE: 0 2 2 None None None
outer plays white 2 successfully! Board is now green 1, yellow 1, white 2, blue 0, red 0
outer now has white 3, green 5, red 5, red 2, blue 4
MOVE: 1 1 None 0 None 3
You hints outer about all their 3 hints remaining: 0
outer has white 3, green 5, red 5, red 2, blue 4
MOVE: 0 2 0 None None None
outer plays white 3 successfully! Board is now green 1, yellow 1, white 3, blue 0, red 0
outer now has green 5, red 5, red 2, blue 4, red 2
MOVE: 1 2 0 1 None None
You plays yellow 3 and fails. Board was green 1, yellow 1, white 3, blue 0, red 0
You now has blue 5, red 3, white 4, green 3, green 1
MOVE: 0 3 0 None None None
outer discards green 5
trash is now yellow 3, green 5
outer now has red 5, red 2, blue 4, red 2, yellow 3
MOVE: 1 2 0 1 None None
You plays blue 5 and fails. Board was green 1, yellow 1, white 3, blue 0, red 0
You now has red 3, white 4, green 3, green 1, blue 4
MOVE: 0 0 None 1 2 None
outer hints You about all their white cards hints remaining: 0
You has red 3, white 4, green 3, green 1, blue 4
MOVE: 1 2 1 1 None None
You plays white 4 successfully! Board is now green 1, yellow 1, white 4, blue 0, red 0
You now has red 3, green 3, green 1, blue 4, white 3
MOVE: 0 3 1 None None None
outer discards red 2
trash is now yellow 3, green 5, blue 5, red 2
outer now has red 5, blue 4, red 2, yellow 3, blue 3
MOVE: 1 3 4 1 None None
You discards white 3
trash is now yellow 3, green 5, blue 5, red 2, white 3
You now has red 3, green 3, green 1, blue 4, white 2
MOVE: 0 1 None 1 None 4
outer hints You about all their 4 hints remaining: 1
You has red 3, green 3, green 1, blue 4, white 2
MOVE: 1 3 3 1 None None
You discards blue 4
trash is now yellow 3, green 5, blue 5, red 2, white 3, blue 4
You now has red 3, green 3, green 1, white 2, green 4
MOVE: 0 0 None 1 0 None
outer hints You about all their green cards hints remaining: 1
You has red 3, green 3, green 1, white 2, green 4
MOVE: 1 2 1 1 None None
You plays green 3 and fails. Board was green 1, yellow 1, white 4, blue 0, red 0
You now has red 3, green 1, white 2, green 4, white 5
Score 6
