Old GID: 6d9dbdf708c59c13
Treatment: ('outer', 2924)
[(3, 4), (1, 1), (4, 3), (2, 2), (0, 2), (4, 4), (4, 2), (0, 2), (0, 1), (1, 5), (4, 5), (2, 1), (4, 1), (3, 4), (2, 3), (4, 3), (0, 1), (3, 1), (1, 2), (0, 3), (3, 2), (2, 5), (1, 1), (3, 2), (4, 1), (3, 1), (2, 3), (1, 1), (2, 2), (3, 1), (2, 4), (0, 4), (3, 3), (0, 5), (2, 1), (1, 3), (0, 1), (4, 1), (4, 2), (2, 1)]
MOVE: 0 1 None 1 None 4
outer hints You about all their 4 hints remaining: 7
You has blue 5, yellow 2, green 4, yellow 4, red 4
MOVE: 1 1 None 0 None 3
You hints outer about all their 3 hints remaining: 6
outer has yellow 4, blue 3, white 4, green 3, yellow 3
MOVE: 0 1 None 1 None 4
outer hints You about all their 4 hints remaining: 5
You has blue 5, yellow 2, green 4, yellow 4, red 4
MOVE: 1 3 2 1 None None
You discards green 4
trash is now green 4
You now has blue 5, yellow 2, yellow 4, red 4, blue 4
MOVE: 0 0 None 1 3 None
outer hints You about all their blue cards hints remaining: 5
You has blue 5, yellow 2, yellow 4, red 4, blue 4
MOVE: 1 2 4 1 None None
You plays blue 4 and fails. Board was green 0, yellow 0, white 0, blue 0, red 0
You now has blue 5, yellow 2, yellow 4, red 4, yellow 1
MOVE: 0 0 None 1 1 None
outer hints You about all their yellow cards hints remaining: 4
You has blue 5, yellow 2, yellow 4, red 4, yellow 1
MOVE: 1 2 4 1 None None
You plays yellow 1 successfully! Board is now green 0, yellow 1, white 0, blue 0, red 0
You now has blue 5, yellow 2, yellow 4, red 4, red 3
MOVE: 0 1 None 1 None 2
outer hints You about all their 2 hints remaining: 3
You has blue 5, yellow 2, yellow 4, red 4, red 3
MOVE: 1 2 1 1 None None
You plays yellow 2 successfully! Board is now green 0, yellow 2, white 0, blue 0, red 0
You now has blue 5, yellow 4, red 4, red 3, white 2
MOVE: 0 0 None 1 1 None
outer hints You about all their yellow cards hints remaining: 2
You has blue 5, yellow 4, red 4, red 3, white 2
MOVE: 1 0 None 0 1 None
You hints outer about all their yellow cards hints remaining: 1
outer has yellow 4, blue 3, white 4, green 3, yellow 3
MOVE: 0 2 4 None None None
outer plays yellow 3 successfully! Board is now green 0, yellow 3, white 0, blue 0, red 0
outer now has yellow 4, blue 3, white 4, green 3, green 2
MOVE: 1 2 1 1 None None
You plays yellow 4 successfully! Board is now green 0, yellow 4, white 0, blue 0, red 0
You now has blue 5, red 4, red 3, white 2, red 4
MOVE: 0 0 None 1 4 None
outer hints You about all their red cards hints remaining: 0
You has blue 5, red 4, red 3, white 2, red 4
MOVE: 1 2 4 1 None None
You plays red 4 and fails. Board was green 0, yellow 4, white 0, blue 0, red 0
You now has blue 5, red 4, red 3, white 2, red 2
MOVE: 0 3 2 None None None
outer discards white 4
trash is now green 4, blue 4, red 4, white 4
outer now has yellow 4, blue 3, green 3, green 2, green 2
MOVE: 1 2 2 1 None None
You plays red 3 and fails. Board was green 0, yellow 4, white 0, blue 0, red 0
You now has blue 5, red 4, white 2, red 2, green 1
Score 4
