Old GID: 1dd23c20bba33d2c
Treatment: ('outer', 7618)
[(1, 3), (3, 4), (0, 1), (1, 1), (0, 2), (4, 5), (3, 5), (1, 4), (4, 4), (2, 1), (3, 1), (0, 3), (2, 3), (1, 3), (1, 5), (1, 1), (1, 2), (2, 2), (3, 2), (4, 3), (3, 3), (0, 2), (3, 1), (3, 2), (0, 5), (4, 1), (0, 3), (2, 5), (4, 2), (0, 4), (4, 2), (4, 1), (2, 1), (2, 4), (2, 3), (0, 1), (1, 1), (2, 2), (3, 1), (4, 4)]
MOVE: 0 1 None 1 None 1
outer hints You about all their 1 hints remaining: 7
You has white 1, blue 4, blue 3, red 3, green 1
MOVE: 1 2 0 1 None None
You plays white 1 successfully! Board is now green 0, yellow 0, white 1, blue 0, red 0
You now has blue 4, blue 3, red 3, green 1, yellow 3
MOVE: 0 1 None 1 None 1
outer hints You about all their 1 hints remaining: 6
You has blue 4, blue 3, red 3, green 1, yellow 3
MOVE: 1 2 3 1 None None
You plays green 1 successfully! Board is now green 1, yellow 0, white 1, blue 0, red 0
You now has blue 4, blue 3, red 3, yellow 3, blue 4
MOVE: 0 1 None 1 None 4
outer hints You about all their 4 hints remaining: 5
You has blue 4, blue 3, red 3, yellow 3, blue 4
MOVE: 1 0 None 0 4 None
You hints outer about all their red cards hints remaining: 4
outer has red 1, yellow 2, white 4, yellow 4, green 4
MOVE: 0 0 None 1 3 None
outer hints You about all their blue cards hints remaining: 3
You has blue 4, blue 3, red 3, yellow 3, blue 4
MOVE: 1 1 None 0 None 1
You hints outer about all their 1 hints remaining: 2
outer has red 1, yellow 2, white 4, yellow 4, green 4
MOVE: 0 2 0 None None None
outer plays red 1 successfully! Board is now green 1, yellow 0, white 1, blue 0, red 1
outer now has yellow 2, white 4, yellow 4, green 4, green 1
MOVE: 1 3 4 1 None None
You discards blue 4
trash is now blue 4
You now has blue 4, blue 3, red 3, yellow 3, yellow 1
MOVE: 0 0 None 1 1 None
outer hints You about all their yellow cards hints remaining: 2
You has blue 4, blue 3, red 3, yellow 3, yellow 1
MOVE: 1 2 4 1 None None
You plays yellow 1 successfully! Board is now green 1, yellow 1, white 1, blue 0, red 1
You now has blue 4, blue 3, red 3, yellow 3, green 2
MOVE: 0 0 None 1 0 None
outer hints You about all their green cards hints remaining: 1
You has blue 4, blue 3, red 3, yellow 3, green 2
MOVE: 1 2 4 1 None None
You plays green 2 successfully! Board is now green 2, yellow 1, white 1, blue 0, red 1
You now has blue 4, blue 3, red 3, yellow 3, red 5
MOVE: 0 0 None 1 1 None
outer hints You about all their yellow cards hints remaining: 0
You has blue 4, blue 3, red 3, yellow 3, red 5
MOVE: 1 2 3 1 None None
You plays yellow 3 and fails. Board was green 2, yellow 1, white 1, blue 0, red 1
You now has blue 4, blue 3, red 3, red 5, blue 5
MOVE: 0 3 0 None None None
outer discards yellow 2
trash is now blue 4, yellow 3, yellow 2
outer now has white 4, yellow 4, green 4, green 1, yellow 4
MOVE: 1 1 None 0 None 1
You hints outer about all their 1 hints remaining: 0
outer has white 4, yellow 4, green 4, green 1, yellow 4
MOVE: 0 3 1 None None None
outer discards yellow 4
trash is now blue 4, yellow 3, yellow 2, yellow 4
outer now has white 4, green 4, green 1, yellow 4, red 4
MOVE: 1 0 None 0 0 None
You hints outer about all their green cards hints remaining: 0
outer has white 4, green 4, green 1, yellow 4, red 4
MOVE: 0 3 2 None None None
outer discards green 1
trash is now blue 4, yellow 3, yellow 2, yellow 4, green 1
outer now has white 4, green 4, yellow 4, red 4, white 1
MOVE: 1 0 None 0 2 None
You hints outer about all their white cards hints remaining: 0
outer has white 4, green 4, yellow 4, red 4, white 1
MOVE: 0 3 2 None None None
outer discards yellow 4
trash is now blue 4, yellow 3, yellow 2, yellow 4, green 1, yellow 4
outer now has white 4, green 4, red 4, white 1, blue 1
MOVE: 1 1 None 0 None 1
You hints outer about all their 1 hints remaining: 0
outer has white 4, green 4, red 4, white 1, blue 1
MOVE: 0 3 3 None None None
outer discards white 1
trash is now blue 4, yellow 3, yellow 2, yellow 4, green 1, yellow 4, white 1
outer now has white 4, green 4, red 4, blue 1, green 3
MOVE: 1 0 None 0 3 None
You hints outer about all their blue cards hints remaining: 0
outer has white 4, green 4, red 4, blue 1, green 3
MOVE: 0 2 3 None None None
outer plays blue 1 successfully! Board is now green 2, yellow 1, white 1, blue 1, red 1
outer now has white 4, green 4, red 4, green 3, white 3
MOVE: 1 2 1 1 None None
You plays blue 3 and fails. Board was green 2, yellow 1, white 1, blue 1, red 1
You now has blue 4, red 3, red 5, blue 5, yellow 3
MOVE: 0 3 2 None None None
outer discards red 4
trash is now blue 4, yellow 3, yellow 2, yellow 4, green 1, yellow 4, white 1, blue 3, red 4
outer now has white 4, green 4, green 3, white 3, yellow 5
MOVE: 1 2 1 1 None None
You plays red 3 and fails. Board was green 2, yellow 1, white 1, blue 1, red 1
You now has blue 4, red 5, blue 5, yellow 3, yellow 1
Score 6
