Old GID: 2cb01fb7bec3810c
Treatment: ('outer', 6446)
[(2, 4), (2, 5), (2, 3), (3, 2), (4, 4), (4, 5), (3, 1), (0, 2), (2, 1), (2, 1), (0, 1), (2, 1), (4, 1), (2, 4), (1, 4), (4, 3), (3, 5), (3, 4), (4, 2), (0, 1), (3, 1), (4, 1), (4, 2), (0, 5), (0, 3), (0, 4), (1, 5), (3, 3), (2, 2), (1, 2), (3, 3), (1, 3), (0, 3), (2, 3), (1, 2), (3, 4), (1, 3), (4, 4), (2, 2), (1, 4)]
MOVE: 0 0 None 1 3 None
outer hints You about all their blue cards hints remaining: 7
You has blue 1, green 1, blue 2, yellow 1, red 1
MOVE: 1 2 2 1 None None
You plays blue 2 and fails. Board was green 0, yellow 0, white 0, blue 0, red 0
You now has blue 1, green 1, yellow 1, red 1, white 4
MOVE: 0 1 None 1 None 1
outer hints You about all their 1 hints remaining: 6
You has blue 1, green 1, yellow 1, red 1, white 4
MOVE: 1 2 0 1 None None
You plays blue 1 successfully! Board is now green 0, yellow 0, white 0, blue 1, red 0
You now has green 1, yellow 1, red 1, white 4, white 5
MOVE: 0 0 None 1 0 None
outer hints You about all their green cards hints remaining: 5
You has green 1, yellow 1, red 1, white 4, white 5
MOVE: 1 2 0 1 None None
You plays green 1 successfully! Board is now green 1, yellow 0, white 0, blue 1, red 0
You now has yellow 1, red 1, white 4, white 5, white 3
MOVE: 0 0 None 1 1 None
outer hints You about all their yellow cards hints remaining: 4
You has yellow 1, red 1, white 4, white 5, white 3
MOVE: 1 2 0 1 None None
You plays yellow 1 successfully! Board is now green 1, yellow 1, white 0, blue 1, red 0
You now has red 1, white 4, white 5, white 3, blue 2
MOVE: 0 1 None 1 None 2
outer hints You about all their 2 hints remaining: 3
You has red 1, white 4, white 5, white 3, blue 2
MOVE: 1 2 0 1 None None
You plays red 1 successfully! Board is now green 1, yellow 1, white 0, blue 1, red 1
You now has white 4, white 5, white 3, blue 2, red 4
MOVE: 0 0 None 1 3 None
outer hints You about all their blue cards hints remaining: 2
You has white 4, white 5, white 3, blue 2, red 4
MOVE: 1 2 3 1 None None
You plays blue 2 successfully! Board is now green 1, yellow 1, white 0, blue 2, red 1
You now has white 4, white 5, white 3, red 4, red 5
MOVE: 0 0 None 1 2 None
outer hints You about all their white cards hints remaining: 1
You has white 4, white 5, white 3, red 4, red 5
MOVE: 1 1 None 0 None 2
You hints outer about all their 2 hints remaining: 0
outer has yellow 1, green 4, green 2, red 3, yellow 1
MOVE: 0 3 0 None None None
outer discards yellow 1
trash is now blue 2, yellow 1
outer now has green 4, green 2, red 3, yellow 1, blue 1
MOVE: 1 0 None 0 0 None
You hints outer about all their green cards hints remaining: 0
outer has green 4, green 2, red 3, yellow 1, blue 1
MOVE: 0 2 1 None None None
outer plays green 2 successfully! Board is now green 2, yellow 1, white 0, blue 2, red 1
outer now has green 4, red 3, yellow 1, blue 1, green 2
MOVE: 1 2 2 1 None None
You plays white 3 and fails. Board was green 2, yellow 1, white 0, blue 2, red 1
You now has white 4, white 5, red 4, red 5, white 1
MOVE: 0 3 3 None None None
outer discards blue 1
trash is now blue 2, yellow 1, white 3, blue 1
outer now has green 4, red 3, yellow 1, green 2, white 1
MOVE: 1 2 1 1 None None
You plays white 5 and fails. Board was green 2, yellow 1, white 0, blue 2, red 1
You now has white 4, red 4, red 5, white 1, green 1
Score 6
