Old GID: f4c7084c48457ec1
Treatment: ('outer', 3919)
[(3, 4), (3, 2), (4, 4), (0, 3), (2, 1), (2, 1), (0, 2), (3, 1), (1, 4), (1, 2), (0, 1), (4, 2), (1, 1), (2, 2), (4, 2), (4, 1), (4, 3), (0, 4), (1, 1), (3, 4), (4, 1), (1, 4), (2, 3), (2, 4), (0, 3), (0, 4), (0, 5), (1, 1), (2, 1), (4, 3), (3, 5), (4, 5), (4, 4), (3, 1), (0, 1), (0, 1), (1, 5), (3, 3), (2, 2), (2, 3)]
MOVE: 0 0 None 1 3 None
outer hints You about all their blue cards hints remaining: 7
You has blue 2, blue 1, green 2, white 5, yellow 3
MOVE: 1 1 None 0 None 1
You hints outer about all their 1 hints remaining: 6
outer has yellow 2, red 1, white 4, yellow 3, blue 3
MOVE: 0 2 1 None None None
outer plays red 1 successfully! Board is now green 0, yellow 0, white 0, blue 0, red 1
outer now has yellow 2, white 4, yellow 3, blue 3, blue 4
MOVE: 1 2 1 1 None None
You plays blue 1 successfully! Board is now green 0, yellow 0, white 0, blue 1, red 1
You now has blue 2, green 2, white 5, yellow 3, blue 2
MOVE: 0 1 None 1 None 2
outer hints You about all their 2 hints remaining: 5
You has blue 2, green 2, white 5, yellow 3, blue 2
MOVE: 1 2 0 1 None None
You plays blue 2 successfully! Board is now green 0, yellow 0, white 0, blue 2, red 1
You now has green 2, white 5, yellow 3, blue 2, red 4
MOVE: 0 1 None 1 None 5
outer hints You about all their 5 hints remaining: 4
You has green 2, white 5, yellow 3, blue 2, red 4
MOVE: 1 3 3 1 None None
You discards blue 2
trash is now blue 2
You now has green 2, white 5, yellow 3, red 4, green 3
MOVE: 0 1 None 1 None 2
outer hints You about all their 2 hints remaining: 4
You has green 2, white 5, yellow 3, red 4, green 3
MOVE: 1 2 0 1 None None
You plays green 2 and fails. Board was green 0, yellow 0, white 0, blue 2, red 1
You now has white 5, yellow 3, red 4, green 3, white 1
MOVE: 0 0 None 1 2 None
outer hints You about all their white cards hints remaining: 3
You has white 5, yellow 3, red 4, green 3, white 1
MOVE: 1 2 4 1 None None
You plays white 1 successfully! Board is now green 0, yellow 0, white 1, blue 2, red 1
You now has white 5, yellow 3, red 4, green 3, white 1
MOVE: 0 1 None 1 None 3
outer hints You about all their 3 hints remaining: 2
You has white 5, yellow 3, red 4, green 3, white 1
MOVE: 1 2 3 1 None None
You plays green 3 and fails. Board was green 0, yellow 0, white 1, blue 2, red 1
You now has white 5, yellow 3, red 4, white 1, green 2
MOVE: 0 0 None 1 2 None
outer hints You about all their white cards hints remaining: 1
You has white 5, yellow 3, red 4, white 1, green 2
MOVE: 1 2 3 1 None None
You plays white 1 and fails. Board was green 0, yellow 0, white 1, blue 2, red 1
You now has white 5, yellow 3, red 4, green 2, blue 1
Score 4
