Old GID: 131e03e84ecd024d
Treatment: ('intentional', 4271)
[(4, 4), (1, 4), (2, 2), (4, 2), (2, 1), (0, 2), (0, 1), (2, 5), (4, 2), (4, 3), (1, 1), (4, 1), (3, 4), (0, 1), (1, 5), (3, 2), (1, 1), (2, 1), (2, 3), (4, 1), (2, 1), (4, 3), (0, 3), (0, 3), (3, 1), (1, 2), (3, 2), (2, 4), (1, 2), (0, 4), (0, 5), (4, 5), (3, 1), (0, 2), (2, 4), (1, 3), (4, 4), (3, 1), (0, 1), (0, 4)]
MOVE: 0 0 None 1 4 None
intentional hints You about all their red cards hints remaining: 7
You has white 2, yellow 4, red 1, white 3, yellow 3
MOVE: 1 2 2 1 None None
You plays red 1 successfully! Board is now green 0, yellow 0, white 0, blue 0, red 1
You now has white 2, yellow 4, white 3, yellow 3, red 4
MOVE: 0 3 0 None None None
intentional discards blue 3
trash is now blue 3
intentional now has blue 4, blue 5, blue 3, yellow 1, yellow 4
MOVE: 1 1 None 0 None 1
You hints intentional about all their 1 hints remaining: 7
intentional has blue 4, blue 5, blue 3, yellow 1, yellow 4
MOVE: 0 3 0 None None None
intentional discards blue 4
trash is now blue 3, blue 4
intentional now has blue 5, blue 3, yellow 1, yellow 4, white 2
MOVE: 1 2 4 1 None None
You plays red 4 and fails. Board was green 0, yellow 0, white 0, blue 0, red 1
You now has white 2, yellow 4, white 3, yellow 3, red 2
MOVE: 0 0 None 1 4 None
intentional hints You about all their red cards hints remaining: 7
You has white 2, yellow 4, white 3, yellow 3, red 2
MOVE: 1 2 4 1 None None
You plays red 2 successfully! Board is now green 0, yellow 0, white 0, blue 0, red 2
You now has white 2, yellow 4, white 3, yellow 3, white 1
MOVE: 0 1 None 1 None 1
intentional hints You about all their 1 hints remaining: 6
You has white 2, yellow 4, white 3, yellow 3, white 1
MOVE: 1 2 4 1 None None
You plays white 1 successfully! Board is now green 0, yellow 0, white 1, blue 0, red 2
You now has white 2, yellow 4, white 3, yellow 3, green 2
MOVE: 0 3 4 None None None
intentional discards white 2
trash is now blue 3, blue 4, red 4, white 2
intentional now has blue 5, blue 3, yellow 1, yellow 4, green 1
MOVE: 1 2 4 1 None None
You plays green 2 and fails. Board was green 0, yellow 0, white 1, blue 0, red 2
You now has white 2, yellow 4, white 3, yellow 3, white 5
MOVE: 0 1 None 1 None 2
intentional hints You about all their 2 hints remaining: 6
You has white 2, yellow 4, white 3, yellow 3, white 5
MOVE: 1 2 4 1 None None
You plays white 5 and fails. Board was green 0, yellow 0, white 1, blue 0, red 2
You now has white 2, yellow 4, white 3, yellow 3, red 2
Score 3
