Old GID: a0de06ca75e36f87
Treatment: ('outer', 4335)
[(4, 2), (3, 1), (2, 4), (2, 3), (1, 4), (1, 1), (2, 2), (2, 5), (4, 2), (1, 4), (0, 3), (2, 1), (2, 3), (1, 3), (2, 4), (4, 1), (4, 4), (3, 5), (0, 2), (3, 2), (3, 2), (3, 4), (4, 3), (0, 1), (0, 1), (0, 2), (1, 1), (0, 5), (1, 1), (2, 2), (1, 3), (2, 1), (1, 5), (4, 4), (0, 4), (3, 1), (0, 1), (3, 3), (4, 1), (3, 1)]
MOVE: 0 0 None 1 4 None
outer hints You about all their red cards hints remaining: 7
You has blue 4, red 5, green 3, green 4, yellow 2
MOVE: 1 1 None 0 None 1
You hints outer about all their 1 hints remaining: 6
outer has red 3, white 1, yellow 2, blue 3, red 1
MOVE: 0 2 1 None None None
outer plays white 1 successfully! Board is now green 0, yellow 0, white 1, blue 0, red 0
outer now has red 3, yellow 2, blue 3, red 1, red 2
MOVE: 1 0 None 0 4 None
You hints outer about all their red cards hints remaining: 5
outer has red 3, yellow 2, blue 3, red 1, red 2
MOVE: 0 2 3 None None None
outer plays red 1 successfully! Board is now green 0, yellow 0, white 1, blue 0, red 1
outer now has red 3, yellow 2, blue 3, red 2, blue 1
MOVE: 1 1 None 0 None 3
You hints outer about all their 3 hints remaining: 4
outer has red 3, yellow 2, blue 3, red 2, blue 1
MOVE: 0 0 None 1 0 None
outer hints You about all their green cards hints remaining: 3
You has blue 4, red 5, green 3, green 4, yellow 2
MOVE: 1 1 None 0 None 1
You hints outer about all their 1 hints remaining: 2
outer has red 3, yellow 2, blue 3, red 2, blue 1
MOVE: 0 1 None 1 None 5
outer hints You about all their 5 hints remaining: 1
You has blue 4, red 5, green 3, green 4, yellow 2
MOVE: 1 0 None 0 3 None
You hints outer about all their blue cards hints remaining: 0
outer has red 3, yellow 2, blue 3, red 2, blue 1
MOVE: 0 2 4 None None None
outer plays blue 1 successfully! Board is now green 0, yellow 0, white 1, blue 1, red 1
outer now has red 3, yellow 2, blue 3, red 2, white 4
MOVE: 1 2 3 1 None None
You plays green 4 and fails. Board was green 0, yellow 0, white 1, blue 1, red 1
You now has blue 4, red 5, green 3, yellow 2, white 3
MOVE: 0 3 3 None None None
outer discards red 2
trash is now green 4, red 2
outer now has red 3, yellow 2, blue 3, white 4, yellow 4
MOVE: 1 2 2 1 None None
You plays green 3 and fails. Board was green 0, yellow 0, white 1, blue 1, red 1
You now has blue 4, red 5, yellow 2, white 3, yellow 1
MOVE: 0 0 None 1 1 None
outer hints You about all their yellow cards hints remaining: 0
You has blue 4, red 5, yellow 2, white 3, yellow 1
MOVE: 1 2 4 1 None None
You plays yellow 1 successfully! Board is now green 0, yellow 1, white 1, blue 1, red 1
You now has blue 4, red 5, yellow 2, white 3, white 2
MOVE: 0 3 4 None None None
outer discards yellow 4
trash is now green 4, red 2, green 3, yellow 4
outer now has red 3, yellow 2, blue 3, white 4, white 5
MOVE: 1 1 None 0 None 2
You hints outer about all their 2 hints remaining: 0
outer has red 3, yellow 2, blue 3, white 4, white 5
MOVE: 0 3 3 None None None
outer discards white 4
trash is now green 4, red 2, green 3, yellow 4, white 4
outer now has red 3, yellow 2, blue 3, white 5, red 2
MOVE: 1 1 None 0 None 2
You hints outer about all their 2 hints remaining: 0
outer has red 3, yellow 2, blue 3, white 5, red 2
MOVE: 0 3 3 None None None
outer discards white 5
trash is now green 4, red 2, green 3, yellow 4, white 4, white 5
outer now has red 3, yellow 2, blue 3, red 2, yellow 4
MOVE: 1 0 None 0 4 None
You hints outer about all their red cards hints remaining: 0
outer has red 3, yellow 2, blue 3, red 2, yellow 4
MOVE: 0 2 3 None None None
outer plays red 2 successfully! Board is now green 0, yellow 1, white 1, blue 1, red 2
outer now has red 3, yellow 2, blue 3, yellow 4, green 3
MOVE: 1 3 2 1 None None
You discards yellow 2
trash is now green 4, red 2, green 3, yellow 4, white 4, white 5, yellow 2
You now has blue 4, red 5, white 3, white 2, white 1
MOVE: 0 2 0 None None None
outer plays red 3 successfully! Board is now green 0, yellow 1, white 1, blue 1, red 3
outer now has yellow 2, blue 3, yellow 4, green 3, white 3
MOVE: 1 0 None 0 1 None
You hints outer about all their yellow cards hints remaining: 0
outer has yellow 2, blue 3, yellow 4, green 3, white 3
MOVE: 0 2 0 None None None
outer plays yellow 2 successfully! Board is now green 0, yellow 2, white 1, blue 1, red 3
outer now has blue 3, yellow 4, green 3, white 3, yellow 3
MOVE: 1 3 2 1 None None
You discards white 3
trash is now green 4, red 2, green 3, yellow 4, white 4, white 5, yellow 2, white 3
You now has blue 4, red 5, white 2, white 1, white 4
MOVE: 0 1 None 1 None 2
outer hints You about all their 2 hints remaining: 0
You has blue 4, red 5, white 2, white 1, white 4
MOVE: 1 2 2 1 None None
You plays white 2 successfully! Board is now green 0, yellow 2, white 2, blue 1, red 3
You now has blue 4, red 5, white 1, white 4, red 1
MOVE: 0 3 1 None None None
outer discards yellow 4
trash is now green 4, red 2, green 3, yellow 4, white 4, white 5, yellow 2, white 3, yellow 4
outer now has blue 3, green 3, white 3, yellow 3, red 4
MOVE: 1 1 None 0 None 3
You hints outer about all their 3 hints remaining: 0
outer has blue 3, green 3, white 3, yellow 3, red 4
MOVE: 0 3 0 None None None
outer discards blue 3
trash is now green 4, red 2, green 3, yellow 4, white 4, white 5, yellow 2, white 3, yellow 4, blue 3
outer now has green 3, white 3, yellow 3, red 4, blue 5
MOVE: 1 1 None 0 None 4
You hints outer about all their 4 hints remaining: 0
outer has green 3, white 3, yellow 3, red 4, blue 5
MOVE: 0 3 0 None None None
outer discards green 3
trash is now green 4, red 2, green 3, yellow 4, white 4, white 5, yellow 2, white 3, yellow 4, blue 3, green 3
outer now has white 3, yellow 3, red 4, blue 5, green 2
MOVE: 1 3 2 1 None None
You discards white 1
trash is now green 4, red 2, green 3, yellow 4, white 4, white 5, yellow 2, white 3, yellow 4, blue 3, green 3, white 1
You now has blue 4, red 5, white 4, red 1, blue 2
MOVE: 0 1 None 1 None 2
outer hints You about all their 2 hints remaining: 1
You has blue 4, red 5, white 4, red 1, blue 2
MOVE: 1 2 4 1 None None
You plays blue 2 successfully! Board is now green 0, yellow 2, white 2, blue 2, red 3
You now has blue 4, red 5, white 4, red 1, blue 2
MOVE: 0 1 None 1 None 2
outer hints You about all their 2 hints remaining: 0
You has blue 4, red 5, white 4, red 1, blue 2
MOVE: 1 3 4 1 None None
You discards blue 2
trash is now green 4, red 2, green 3, yellow 4, white 4, white 5, yellow 2, white 3, yellow 4, blue 3, green 3, white 1, blue 2
You now has blue 4, red 5, white 4, red 1, blue 4
MOVE: 0 0 None 1 3 None
outer hints You about all their blue cards hints remaining: 0
You has blue 4, red 5, white 4, red 1, blue 4
MOVE: 1 2 0 1 None None
You plays blue 4 and fails. Board was green 0, yellow 2, white 2, blue 2, red 3
You now has red 5, white 4, red 1, blue 4, red 3
Score 9
