Old GID: 81a138b77dcc94f0
Treatment: ('intentional', 7985)
[(1, 1), (3, 3), (0, 4), (0, 3), (1, 4), (4, 4), (1, 2), (3, 5), (4, 1), (4, 1), (3, 3), (4, 5), (1, 2), (2, 1), (0, 4), (0, 2), (4, 3), (2, 3), (3, 4), (4, 1), (2, 1), (0, 2), (1, 4), (3, 2), (2, 3), (3, 4), (1, 1), (3, 1), (2, 5), (4, 4), (1, 3), (0, 3), (2, 1), (1, 3), (4, 3), (3, 2), (3, 1), (1, 5), (2, 2), (4, 2)]
MOVE: 0 1 None 1 None 1
intentional hints You about all their 1 hints remaining: 7
You has blue 1, white 4, green 1, white 4, red 2
MOVE: 1 2 2 1 None None
You plays green 1 successfully! Board is now green 1, yellow 0, white 0, blue 0, red 0
You now has blue 1, white 4, white 4, red 2, yellow 1
MOVE: 0 1 None 1 None 1
intentional hints You about all their 1 hints remaining: 6
You has blue 1, white 4, white 4, red 2, yellow 1
MOVE: 1 2 4 1 None None
You plays yellow 1 successfully! Board is now green 1, yellow 1, white 0, blue 0, red 0
You now has blue 1, white 4, white 4, red 2, blue 3
MOVE: 0 3 0 None None None
intentional discards white 2
trash is now white 2
intentional now has green 1, yellow 1, green 1, green 5, green 4
MOVE: 1 2 0 1 None None
You plays blue 1 successfully! Board is now green 1, yellow 1, white 0, blue 1, red 0
You now has white 4, white 4, red 2, blue 3, green 3
MOVE: 0 3 0 None None None
intentional discards green 1
trash is now white 2, green 1
intentional now has yellow 1, green 1, green 5, green 4, yellow 4
MOVE: 1 3 0 1 None None
You discards white 4
trash is now white 2, green 1, white 4
You now has white 4, red 2, blue 3, green 3, red 4
MOVE: 0 3 0 None None None
intentional discards yellow 1
trash is now white 2, green 1, white 4, yellow 1
intentional now has green 1, green 5, green 4, yellow 4, yellow 2
MOVE: 1 1 None 0 None 2
You hints intentional about all their 2 hints remaining: 7
intentional has green 1, green 5, green 4, yellow 4, yellow 2
MOVE: 0 3 0 None None None
intentional discards green 1
trash is now white 2, green 1, white 4, yellow 1, green 1
intentional now has green 5, green 4, yellow 4, yellow 2, blue 5
MOVE: 1 0 None 0 1 None
You hints intentional about all their yellow cards hints remaining: 7
intentional has green 5, green 4, yellow 4, yellow 2, blue 5
MOVE: 0 2 3 None None None
intentional plays yellow 2 successfully! Board is now green 1, yellow 2, white 0, blue 1, red 0
intentional now has green 5, green 4, yellow 4, blue 5, red 1
MOVE: 1 1 None 0 None 1
You hints intentional about all their 1 hints remaining: 6
intentional has green 5, green 4, yellow 4, blue 5, red 1
MOVE: 0 3 0 None None None
intentional discards green 5
trash is now white 2, green 1, white 4, yellow 1, green 1, green 5
intentional now has green 4, yellow 4, blue 5, red 1, red 1
MOVE: 1 0 None 0 4 None
You hints intentional about all their red cards hints remaining: 6
intentional has green 4, yellow 4, blue 5, red 1, red 1
MOVE: 0 2 3 None None None
intentional plays red 1 successfully! Board is now green 1, yellow 2, white 0, blue 1, red 1
intentional now has green 4, yellow 4, blue 5, red 1, blue 3
MOVE: 1 3 0 1 None None
You discards white 4
trash is now white 2, green 1, white 4, yellow 1, green 1, green 5, white 4
You now has red 2, blue 3, green 3, red 4, red 5
MOVE: 0 1 None 1 None 2
intentional hints You about all their 2 hints remaining: 6
You has red 2, blue 3, green 3, red 4, red 5
MOVE: 1 2 0 1 None None
You plays red 2 successfully! Board is now green 1, yellow 2, white 0, blue 1, red 2
You now has blue 3, green 3, red 4, red 5, yellow 2
MOVE: 0 0 None 1 0 None
intentional hints You about all their green cards hints remaining: 5
You has blue 3, green 3, red 4, red 5, yellow 2
MOVE: 1 2 1 1 None None
You plays green 3 and fails. Board was green 1, yellow 2, white 0, blue 1, red 2
You now has blue 3, red 4, red 5, yellow 2, white 1
MOVE: 0 0 None 1 2 None
intentional hints You about all their white cards hints remaining: 4
You has blue 3, red 4, red 5, yellow 2, white 1
MOVE: 1 2 1 1 None None
You plays red 4 and fails. Board was green 1, yellow 2, white 0, blue 1, red 2
You now has blue 3, red 5, yellow 2, white 1, green 4
MOVE: 0 1 None 1 None 1
intentional hints You about all their 1 hints remaining: 3
You has blue 3, red 5, yellow 2, white 1, green 4
MOVE: 1 2 1 1 None None
You plays red 5 and fails. Board was green 1, yellow 2, white 0, blue 1, red 2
You now has blue 3, yellow 2, white 1, green 4, green 2
Score 6
