Old GID: debc47da86732bbc
Treatment: ('outer', 7325)
[(2, 5), (3, 5), (1, 2), (0, 1), (3, 2), (4, 1), (3, 1), (1, 4), (1, 1), (2, 1), (2, 4), (0, 2), (0, 4), (4, 2), (1, 3), (3, 1), (4, 3), (2, 3), (4, 4), (3, 3), (4, 5), (0, 1), (1, 2), (0, 5), (0, 1), (1, 1), (0, 2), (0, 3), (2, 1), (4, 1), (0, 3), (2, 4), (0, 4), (4, 1), (2, 3), (1, 4), (3, 3), (3, 4), (4, 3), (1, 3)]
MOVE: 0 1 None 1 None 1
outer hints You about all their 1 hints remaining: 7
You has red 2, white 2, blue 4, yellow 1, white 2
MOVE: 1 1 None 0 None 1
You hints outer about all their 1 hints remaining: 6
outer has blue 2, yellow 5, white 1, red 4, blue 1
MOVE: 0 2 2 None None None
outer plays white 1 successfully! Board is now green 0, yellow 0, white 1, blue 0, red 0
outer now has blue 2, yellow 5, red 4, blue 1, white 5
MOVE: 1 0 None 0 3 None
You hints outer about all their blue cards hints remaining: 5
outer has blue 2, yellow 5, red 4, blue 1, white 5
MOVE: 0 2 3 None None None
outer plays blue 1 successfully! Board is now green 0, yellow 0, white 1, blue 1, red 0
outer now has blue 2, yellow 5, red 4, white 5, blue 5
MOVE: 1 1 None 0 None 5
You hints outer about all their 5 hints remaining: 4
outer has blue 2, yellow 5, red 4, white 5, blue 5
MOVE: 0 1 None 1 None 2
outer hints You about all their 2 hints remaining: 3
You has red 2, white 2, blue 4, yellow 1, white 2
MOVE: 1 2 3 1 None None
You plays yellow 1 successfully! Board is now green 0, yellow 1, white 1, blue 1, red 0
You now has red 2, white 2, blue 4, white 2, yellow 2
MOVE: 0 0 None 1 2 None
outer hints You about all their white cards hints remaining: 2
You has red 2, white 2, blue 4, white 2, yellow 2
MOVE: 1 2 3 1 None None
You plays white 2 successfully! Board is now green 0, yellow 1, white 2, blue 1, red 0
You now has red 2, white 2, blue 4, yellow 2, green 1
MOVE: 0 1 None 1 None 2
outer hints You about all their 2 hints remaining: 1
You has red 2, white 2, blue 4, yellow 2, green 1
MOVE: 1 2 3 1 None None
You plays yellow 2 successfully! Board is now green 0, yellow 2, white 2, blue 1, red 0
You now has red 2, white 2, blue 4, green 1, blue 2
MOVE: 0 0 None 1 3 None
outer hints You about all their blue cards hints remaining: 0
You has red 2, white 2, blue 4, green 1, blue 2
MOVE: 1 2 4 1 None None
You plays blue 2 successfully! Board is now green 0, yellow 2, white 2, blue 2, red 0
You now has red 2, white 2, blue 4, green 1, red 1
MOVE: 0 3 1 None None None
outer discards yellow 5
trash is now yellow 5
outer now has blue 2, red 4, white 5, blue 5, blue 1
MOVE: 1 3 1 1 None None
You discards white 2
trash is now yellow 5, white 2
You now has red 2, blue 4, green 1, red 1, yellow 4
MOVE: 0 1 None 1 None 1
outer hints You about all their 1 hints remaining: 1
You has red 2, blue 4, green 1, red 1, yellow 4
MOVE: 1 2 3 1 None None
You plays red 1 successfully! Board is now green 0, yellow 2, white 2, blue 2, red 1
You now has red 2, blue 4, green 1, yellow 4, yellow 1
MOVE: 0 0 None 1 4 None
outer hints You about all their red cards hints remaining: 0
You has red 2, blue 4, green 1, yellow 4, yellow 1
MOVE: 1 2 0 1 None None
You plays red 2 successfully! Board is now green 0, yellow 2, white 2, blue 2, red 2
You now has blue 4, green 1, yellow 4, yellow 1, white 1
MOVE: 0 3 3 None None None
outer discards blue 5
trash is now yellow 5, white 2, blue 5
outer now has blue 2, red 4, white 5, blue 1, white 4
MOVE: 1 3 1 1 None None
You discards green 1
trash is now yellow 5, white 2, blue 5, green 1
You now has blue 4, yellow 4, yellow 1, white 1, green 2
MOVE: 0 1 None 1 None 4
outer hints You about all their 4 hints remaining: 1
You has blue 4, yellow 4, yellow 1, white 1, green 2
MOVE: 1 3 1 1 None None
You discards yellow 4
trash is now yellow 5, white 2, blue 5, green 1, yellow 4
You now has blue 4, yellow 1, white 1, green 2, green 4
MOVE: 0 1 None 1 None 1
outer hints You about all their 1 hints remaining: 1
You has blue 4, yellow 1, white 1, green 2, green 4
MOVE: 1 2 2 1 None None
You plays white 1 and fails. Board was green 0, yellow 2, white 2, blue 2, red 2
You now has blue 4, yellow 1, green 2, green 4, red 2
MOVE: 0 0 None 1 4 None
outer hints You about all their red cards hints remaining: 0
You has blue 4, yellow 1, green 2, green 4, red 2
MOVE: 1 2 1 1 None None
You plays yellow 1 and fails. Board was green 0, yellow 2, white 2, blue 2, red 2
You now has blue 4, green 2, green 4, red 2, yellow 3
MOVE: 0 3 1 None None None
outer discards red 4
trash is now yellow 5, white 2, blue 5, green 1, yellow 4, white 1, yellow 1, red 4
outer now has blue 2, white 5, blue 1, white 4, blue 1
MOVE: 1 2 3 1 None None
You plays red 2 and fails. Board was green 0, yellow 2, white 2, blue 2, red 2
You now has blue 4, green 2, green 4, yellow 3, red 3
Score 8
