Old GID: 5360fff2bb7fce18
Treatment: ('outer', 4249)
[(0, 3), (2, 2), (3, 3), (2, 1), (4, 3), (4, 2), (3, 4), (2, 2), (1, 1), (4, 1), (1, 4), (3, 3), (3, 1), (4, 4), (1, 2), (2, 5), (1, 4), (0, 1), (0, 4), (2, 1), (4, 4), (0, 2), (2, 4), (3, 4), (0, 3), (2, 3), (3, 5), (2, 1), (3, 1), (4, 3), (4, 1), (1, 5), (2, 3), (2, 4), (4, 2), (1, 3), (1, 2), (4, 1), (1, 3), (0, 4)]
MOVE: 0 0 None 1 3 None
outer hints You about all their blue cards hints remaining: 7
You has red 5, blue 2, green 5, blue 1, green 1
MOVE: 1 1 None 0 None 1
You hints outer about all their 1 hints remaining: 6
outer has yellow 1, blue 2, yellow 1, green 1, green 2
MOVE: 0 2 0 None None None
outer plays yellow 1 successfully! Board is now green 0, yellow 1, white 0, blue 0, red 0
outer now has blue 2, yellow 1, green 1, green 2, green 3
MOVE: 1 0 None 0 0 None
You hints outer about all their green cards hints remaining: 5
outer has blue 2, yellow 1, green 1, green 2, green 3
MOVE: 0 2 2 None None None
outer plays green 1 successfully! Board is now green 1, yellow 1, white 0, blue 0, red 0
outer now has blue 2, yellow 1, green 2, green 3, white 2
MOVE: 1 1 None 0 None 3
You hints outer about all their 3 hints remaining: 4
outer has blue 2, yellow 1, green 2, green 3, white 2
MOVE: 0 1 None 1 None 1
outer hints You about all their 1 hints remaining: 3
You has red 5, blue 2, green 5, blue 1, green 1
MOVE: 1 1 None 0 None 2
You hints outer about all their 2 hints remaining: 2
outer has blue 2, yellow 1, green 2, green 3, white 2
MOVE: 0 2 2 None None None
outer plays green 2 successfully! Board is now green 2, yellow 1, white 0, blue 0, red 0
outer now has blue 2, yellow 1, green 3, white 2, blue 3
MOVE: 1 2 3 1 None None
You plays blue 1 successfully! Board is now green 2, yellow 1, white 0, blue 1, red 0
You now has red 5, blue 2, green 5, green 1, white 1
MOVE: 0 2 2 None None None
outer plays green 3 successfully! Board is now green 3, yellow 1, white 0, blue 1, red 0
outer now has blue 2, yellow 1, white 2, blue 3, red 3
MOVE: 1 2 3 1 None None
You plays green 1 and fails. Board was green 3, yellow 1, white 0, blue 1, red 0
You now has red 5, blue 2, green 5, white 1, red 2
MOVE: 0 1 None 1 None 2
outer hints You about all their 2 hints remaining: 1
You has red 5, blue 2, green 5, white 1, red 2
MOVE: 1 2 1 1 None None
You plays blue 2 successfully! Board is now green 3, yellow 1, white 0, blue 2, red 0
You now has red 5, green 5, white 1, red 2, blue 4
MOVE: 0 0 None 1 2 None
outer hints You about all their white cards hints remaining: 0
You has red 5, green 5, white 1, red 2, blue 4
MOVE: 1 2 2 1 None None
You plays white 1 successfully! Board is now green 3, yellow 1, white 1, blue 2, red 0
You now has red 5, green 5, red 2, blue 4, white 2
MOVE: 0 3 2 None None None
outer discards white 2
trash is now green 1, white 2
outer now has blue 2, yellow 1, blue 3, red 3, yellow 1
MOVE: 1 2 2 1 None None
You plays red 2 and fails. Board was green 3, yellow 1, white 1, blue 2, red 0
You now has red 5, green 5, blue 4, white 2, red 1
MOVE: 0 0 None 1 2 None
outer hints You about all their white cards hints remaining: 0
You has red 5, green 5, blue 4, white 2, red 1
MOVE: 1 2 3 1 None None
You plays white 2 successfully! Board is now green 3, yellow 1, white 2, blue 2, red 0
You now has red 5, green 5, blue 4, red 1, yellow 4
MOVE: 0 3 2 None None None
outer discards blue 3
trash is now green 1, white 2, red 2, blue 3
outer now has blue 2, yellow 1, red 3, yellow 1, blue 3
MOVE: 1 2 3 1 None None
You plays red 1 successfully! Board is now green 3, yellow 1, white 2, blue 2, red 1
You now has red 5, green 5, blue 4, yellow 4, blue 1
MOVE: 0 3 1 None None None
outer discards yellow 1
trash is now green 1, white 2, red 2, blue 3, yellow 1
outer now has blue 2, red 3, yellow 1, blue 3, red 4
MOVE: 1 2 3 1 None None
You plays yellow 4 and fails. Board was green 3, yellow 1, white 2, blue 2, red 1
You now has red 5, green 5, blue 4, blue 1, yellow 2
Score 9
