Old GID: 606c51e1f05d41b8
Treatment: ('full', 5395)
[(0, 3), (3, 1), (0, 1), (0, 1), (4, 1), (1, 1), (2, 2), (3, 4), (0, 5), (4, 1), (3, 2), (2, 4), (2, 2), (1, 4), (1, 1), (1, 2), (2, 1), (1, 4), (2, 1), (2, 3), (2, 5), (3, 3), (4, 4), (1, 3), (0, 4), (3, 4), (0, 1), (2, 3), (4, 3), (1, 3), (2, 1), (0, 2), (3, 1), (4, 1), (3, 3), (3, 2), (4, 4), (0, 2), (1, 1), (0, 3)]
MOVE: 0 3 0 None None None
full discards yellow 5
trash is now yellow 5
full now has yellow 2, blue 1, blue 5, red 2, green 3
MOVE: 1 1 None 0 None 1
You hints full about all their 1 hints remaining: 7
full has yellow 2, blue 1, blue 5, red 2, green 3
MOVE: 0 2 1 None None None
full plays blue 1 successfully! Board is now green 0, yellow 0, white 0, blue 1, red 0
full now has yellow 2, blue 5, red 2, green 3, blue 1
MOVE: 1 1 None 0 None 5
You hints full about all their 5 hints remaining: 6
full has yellow 2, blue 5, red 2, green 3, blue 1
MOVE: 0 3 0 None None None
full discards yellow 2
trash is now yellow 5, yellow 2
full now has blue 5, red 2, green 3, blue 1, green 1
MOVE: 1 1 None 0 None 1
You hints full about all their 1 hints remaining: 6
full has blue 5, red 2, green 3, blue 1, green 1
MOVE: 0 2 3 None None None
full plays blue 1 and fails. Board was green 0, yellow 0, white 0, blue 1, red 0
full now has blue 5, red 2, green 3, green 1, green 1
MOVE: 1 1 None 0 None 1
You hints full about all their 1 hints remaining: 5
full has blue 5, red 2, green 3, green 1, green 1
MOVE: 0 2 3 None None None
full plays green 1 successfully! Board is now green 1, yellow 0, white 0, blue 1, red 0
full now has blue 5, red 2, green 3, green 1, red 1
MOVE: 1 0 None 0 0 None
You hints full about all their green cards hints remaining: 4
full has blue 5, red 2, green 3, green 1, red 1
MOVE: 0 2 2 None None None
full plays green 3 and fails. Board was green 1, yellow 0, white 0, blue 1, red 0
full now has blue 5, red 2, green 1, red 1, yellow 1
MOVE: 1 1 None 0 None 1
You hints full about all their 1 hints remaining: 3
full has blue 5, red 2, green 1, red 1, yellow 1
MOVE: 0 2 3 None None None
full plays red 1 successfully! Board is now green 1, yellow 0, white 0, blue 1, red 1
full now has blue 5, red 2, green 1, yellow 1, white 2
MOVE: 1 0 None 0 1 None
You hints full about all their yellow cards hints remaining: 2
full has blue 5, red 2, green 1, yellow 1, white 2
MOVE: 0 2 3 None None None
full plays yellow 1 successfully! Board is now green 1, yellow 1, white 0, blue 1, red 1
full now has blue 5, red 2, green 1, white 2, blue 4
MOVE: 1 0 None 0 4 None
You hints full about all their red cards hints remaining: 1
full has blue 5, red 2, green 1, white 2, blue 4
MOVE: 0 2 1 None None None
full plays red 2 successfully! Board is now green 1, yellow 1, white 0, blue 1, red 2
full now has blue 5, green 1, white 2, blue 4, green 5
MOVE: 1 1 None 0 None 5
You hints full about all their 5 hints remaining: 0
full has blue 5, green 1, white 2, blue 4, green 5
MOVE: 0 3 1 None None None
full discards green 1
trash is now yellow 5, yellow 2, blue 1, green 3, green 1
full now has blue 5, white 2, blue 4, green 5, red 1
MOVE: 1 1 None 0 None 1
You hints full about all their 1 hints remaining: 0
full has blue 5, white 2, blue 4, green 5, red 1
MOVE: 0 2 4 None None None
full plays red 1 and fails. Board was green 1, yellow 1, white 0, blue 1, red 2
full now has blue 5, white 2, blue 4, green 5, blue 2
Score 5
