Old GID: f5545195e26a1ec9
Treatment: ('intentional', 2811)
[(2, 5), (3, 1), (4, 4), (1, 1), (2, 1), (2, 2), (4, 3), (0, 5), (2, 3), (0, 3), (3, 5), (3, 3), (1, 3), (4, 4), (1, 3), (3, 4), (2, 4), (4, 1), (0, 2), (1, 5), (1, 2), (2, 1), (4, 2), (3, 2), (4, 5), (3, 4), (1, 4), (0, 3), (4, 1), (3, 2), (0, 4), (1, 4), (2, 2), (0, 2), (2, 1), (4, 2), (0, 1), (3, 3), (1, 1), (0, 1)]
MOVE: 0 1 None 1 None 1
intentional hints You about all their 1 hints remaining: 7
You has blue 1, red 1, yellow 1, red 3, green 4
MOVE: 1 1 None 0 None 1
You hints intentional about all their 1 hints remaining: 6
intentional has green 1, white 4, yellow 2, blue 1, white 3
MOVE: 0 2 3 None None None
intentional plays blue 1 successfully! Board is now green 0, yellow 0, white 0, blue 1, red 0
intentional now has green 1, white 4, yellow 2, white 3, white 5
MOVE: 1 2 2 1 None None
You plays yellow 1 successfully! Board is now green 0, yellow 1, white 0, blue 1, red 0
You now has blue 1, red 1, red 3, green 4, blue 1
MOVE: 0 0 None 1 4 None
intentional hints You about all their red cards hints remaining: 5
You has blue 1, red 1, red 3, green 4, blue 1
MOVE: 1 0 None 0 0 None
You hints intentional about all their green cards hints remaining: 4
intentional has green 1, white 4, yellow 2, white 3, white 5
MOVE: 0 2 0 None None None
intentional plays green 1 successfully! Board is now green 1, yellow 1, white 0, blue 1, red 0
intentional now has white 4, yellow 2, white 3, white 5, red 4
MOVE: 1 2 1 1 None None
You plays red 1 successfully! Board is now green 1, yellow 1, white 0, blue 1, red 1
You now has blue 1, red 3, green 4, blue 1, yellow 1
MOVE: 0 3 4 None None None
intentional discards red 4
trash is now red 4
intentional now has white 4, yellow 2, white 3, white 5, white 1
MOVE: 1 1 None 0 None 1
You hints intentional about all their 1 hints remaining: 4
intentional has white 4, yellow 2, white 3, white 5, white 1
MOVE: 0 3 4 None None None
intentional discards white 1
trash is now red 4, white 1
intentional now has white 4, yellow 2, white 3, white 5, white 2
MOVE: 1 2 0 1 None None
You plays blue 1 and fails. Board was green 1, yellow 1, white 0, blue 1, red 1
You now has red 3, green 4, blue 1, yellow 1, red 3
MOVE: 0 3 4 None None None
intentional discards white 2
trash is now red 4, white 1, blue 1, white 2
intentional now has white 4, yellow 2, white 3, white 5, green 5
MOVE: 1 1 None 0 None 2
You hints intentional about all their 2 hints remaining: 5
intentional has white 4, yellow 2, white 3, white 5, green 5
MOVE: 0 3 4 None None None
intentional discards green 5
trash is now red 4, white 1, blue 1, white 2, green 5
intentional now has white 4, yellow 2, white 3, white 5, white 3
MOVE: 1 0 None 0 2 None
You hints intentional about all their white cards hints remaining: 5
intentional has white 4, yellow 2, white 3, white 5, white 3
MOVE: 0 2 1 None None None
intentional plays yellow 2 successfully! Board is now green 1, yellow 2, white 0, blue 1, red 1
intentional now has white 4, white 3, white 5, white 3, green 3
MOVE: 1 3 0 1 None None
You discards red 3
trash is now red 4, white 1, blue 1, white 2, green 5, red 3
You now has green 4, blue 1, yellow 1, red 3, blue 5
MOVE: 0 3 4 None None None
intentional discards green 3
trash is now red 4, white 1, blue 1, white 2, green 5, red 3, green 3
intentional now has white 4, white 3, white 5, white 3, blue 3
MOVE: 1 1 None 0 None 3
You hints intentional about all their 3 hints remaining: 6
intentional has white 4, white 3, white 5, white 3, blue 3
MOVE: 0 3 1 None None None
intentional discards white 3
trash is now red 4, white 1, blue 1, white 2, green 5, red 3, green 3, white 3
intentional now has white 4, white 5, white 3, blue 3, yellow 3
MOVE: 1 0 None 0 1 None
You hints intentional about all their yellow cards hints remaining: 6
intentional has white 4, white 5, white 3, blue 3, yellow 3
MOVE: 0 3 4 None None None
intentional discards yellow 3
trash is now red 4, white 1, blue 1, white 2, green 5, red 3, green 3, white 3, yellow 3
intentional now has white 4, white 5, white 3, blue 3, red 4
MOVE: 1 2 0 1 None None
You plays green 4 and fails. Board was green 1, yellow 2, white 0, blue 1, red 1
You now has blue 1, yellow 1, red 3, blue 5, yellow 3
MOVE: 0 3 0 None None None
intentional discards white 4
trash is now red 4, white 1, blue 1, white 2, green 5, red 3, green 3, white 3, yellow 3, green 4, white 4
intentional now has white 5, white 3, blue 3, red 4, blue 4
MOVE: 1 2 0 1 None None
You plays blue 1 and fails. Board was green 1, yellow 2, white 0, blue 1, red 1
You now has yellow 1, red 3, blue 5, yellow 3, white 4
Score 5
