Old GID: 211975e6ac5e83c8
Treatment: ('outer', 284)
[(3, 5), (1, 3), (4, 1), (1, 1), (2, 1), (2, 4), (0, 2), (0, 3), (0, 3), (3, 1), (2, 5), (3, 2), (0, 1), (1, 2), (4, 2), (0, 5), (3, 3), (4, 3), (4, 1), (4, 2), (4, 3), (1, 1), (4, 1), (2, 4), (1, 1), (1, 4), (2, 3), (0, 4), (2, 2), (0, 1), (3, 2), (4, 4), (0, 4), (2, 1), (3, 4), (3, 4), (2, 1), (0, 2), (1, 2), (0, 1)]
MOVE: 0 1 None 1 None 4
outer hints You about all their 4 hints remaining: 7
You has red 4, yellow 5, yellow 4, yellow 3, red 5
MOVE: 1 1 None 0 None 1
You hints outer about all their 1 hints remaining: 6
outer has white 3, white 2, blue 1, blue 3, blue 1
MOVE: 0 2 2 None None None
outer plays blue 1 successfully! Board is now green 0, yellow 0, white 0, blue 1, red 0
outer now has white 3, white 2, blue 3, blue 1, blue 5
MOVE: 1 0 None 0 3 None
You hints outer about all their blue cards hints remaining: 5
outer has white 3, white 2, blue 3, blue 1, blue 5
MOVE: 0 3 3 None None None
outer discards blue 1
trash is now blue 1
outer now has white 3, white 2, blue 3, blue 5, yellow 3
MOVE: 1 3 2 1 None None
You discards yellow 4
trash is now blue 1, yellow 4
You now has red 4, yellow 5, yellow 3, red 5, red 1
MOVE: 0 1 None 1 None 1
outer hints You about all their 1 hints remaining: 6
You has red 4, yellow 5, yellow 3, red 5, red 1
MOVE: 1 2 4 1 None None
You plays red 1 successfully! Board is now green 0, yellow 0, white 0, blue 1, red 1
You now has red 4, yellow 5, yellow 3, red 5, yellow 1
MOVE: 0 1 None 1 None 1
outer hints You about all their 1 hints remaining: 5
You has red 4, yellow 5, yellow 3, red 5, yellow 1
MOVE: 1 2 4 1 None None
You plays yellow 1 successfully! Board is now green 0, yellow 1, white 0, blue 1, red 1
You now has red 4, yellow 5, yellow 3, red 5, white 1
MOVE: 0 0 None 1 2 None
outer hints You about all their white cards hints remaining: 4
You has red 4, yellow 5, yellow 3, red 5, white 1
MOVE: 1 2 4 1 None None
You plays white 1 successfully! Board is now green 0, yellow 1, white 1, blue 1, red 1
You now has red 4, yellow 5, yellow 3, red 5, white 4
MOVE: 0 1 None 1 None 3
outer hints You about all their 3 hints remaining: 3
You has red 4, yellow 5, yellow 3, red 5, white 4
MOVE: 1 2 4 1 None None
You plays white 4 and fails. Board was green 0, yellow 1, white 1, blue 1, red 1
You now has red 4, yellow 5, yellow 3, red 5, green 2
MOVE: 0 0 None 1 0 None
outer hints You about all their green cards hints remaining: 2
You has red 4, yellow 5, yellow 3, red 5, green 2
MOVE: 1 2 4 1 None None
You plays green 2 and fails. Board was green 0, yellow 1, white 1, blue 1, red 1
You now has red 4, yellow 5, yellow 3, red 5, green 3
MOVE: 0 0 None 1 4 None
outer hints You about all their red cards hints remaining: 1
You has red 4, yellow 5, yellow 3, red 5, green 3
MOVE: 1 2 4 1 None None
You plays green 3 and fails. Board was green 0, yellow 1, white 1, blue 1, red 1
You now has red 4, yellow 5, yellow 3, red 5, green 3
Score 4
