Old GID: f3b33c7360fd1fbb
Treatment: ('outer', 8991)
[(4, 4), (3, 4), (2, 1), (3, 2), (0, 3), (0, 4), (3, 1), (4, 3), (4, 5), (2, 3), (3, 1), (3, 1), (0, 1), (1, 4), (1, 3), (3, 4), (1, 4), (1, 1), (1, 5), (4, 1), (1, 3), (4, 4), (2, 1), (4, 3), (2, 2), (0, 2), (1, 2), (1, 1), (0, 2), (4, 1), (4, 1), (2, 1), (0, 4), (3, 5), (4, 2), (0, 1), (2, 5), (3, 3), (0, 3), (2, 3)]
MOVE: 0 0 None 1 1 None
outer hints You about all their yellow cards hints remaining: 7
You has yellow 2, red 2, green 5, white 4, yellow 1
MOVE: 1 1 None 0 None 1
You hints outer about all their 1 hints remaining: 6
outer has white 2, green 1, blue 3, white 4, blue 2
MOVE: 0 2 1 None None None
outer plays green 1 successfully! Board is now green 1, yellow 0, white 0, blue 0, red 0
outer now has white 2, blue 3, white 4, blue 2, red 4
MOVE: 1 2 0 1 None None
You plays yellow 2 and fails. Board was green 1, yellow 0, white 0, blue 0, red 0
You now has red 2, green 5, white 4, yellow 1, blue 4
MOVE: 0 1 None 1 None 1
outer hints You about all their 1 hints remaining: 5
You has red 2, green 5, white 4, yellow 1, blue 4
MOVE: 1 2 3 1 None None
You plays yellow 1 successfully! Board is now green 1, yellow 1, white 0, blue 0, red 0
You now has red 2, green 5, white 4, blue 4, white 1
MOVE: 0 0 None 1 2 None
outer hints You about all their white cards hints remaining: 4
You has red 2, green 5, white 4, blue 4, white 1
MOVE: 1 2 2 1 None None
You plays white 4 and fails. Board was green 1, yellow 1, white 0, blue 0, red 0
You now has red 2, green 5, blue 4, white 1, blue 2
MOVE: 0 1 None 1 None 1
outer hints You about all their 1 hints remaining: 3
You has red 2, green 5, blue 4, white 1, blue 2
MOVE: 1 2 3 1 None None
You plays white 1 successfully! Board is now green 1, yellow 1, white 1, blue 0, red 0
You now has red 2, green 5, blue 4, blue 2, green 3
MOVE: 0 0 None 1 0 None
outer hints You about all their green cards hints remaining: 2
You has red 2, green 5, blue 4, blue 2, green 3
MOVE: 1 1 None 0 None 2
You hints outer about all their 2 hints remaining: 1
outer has white 2, blue 3, white 4, blue 2, red 4
MOVE: 0 0 None 1 0 None
outer hints You about all their green cards hints remaining: 0
You has red 2, green 5, blue 4, blue 2, green 3
MOVE: 1 2 1 1 None None
You plays green 5 and fails. Board was green 1, yellow 1, white 1, blue 0, red 0
You now has red 2, blue 4, blue 2, green 3, green 4
Score 3
