Old GID: 90ef1539754e6d11
Treatment: ('outer', 7313)
[(2, 1), (2, 2), (4, 2), (4, 2), (4, 4), (0, 1), (3, 1), (3, 3), (3, 4), (4, 3), (1, 1), (2, 3), (4, 5), (1, 1), (2, 1), (1, 5), (1, 3), (3, 4), (4, 1), (0, 4), (0, 3), (0, 5), (0, 2), (0, 3), (2, 1), (3, 1), (1, 3), (0, 1), (0, 2), (1, 4), (1, 4), (2, 5), (1, 2), (4, 3), (3, 1), (4, 4), (3, 2), (1, 1), (4, 1), (0, 1)]
MOVE: 0 0 None 1 2 None
outer hints You about all their white cards hints remaining: 7
You has white 2, green 4, blue 2, yellow 2, white 4
MOVE: 1 2 4 1 None None
You plays white 4 and fails. Board was green 0, yellow 0, white 0, blue 0, red 0
You now has white 2, green 4, blue 2, yellow 2, white 1
MOVE: 0 1 None 1 None 1
outer hints You about all their 1 hints remaining: 6
You has white 2, green 4, blue 2, yellow 2, white 1
MOVE: 1 2 4 1 None None
You plays white 1 successfully! Board is now green 0, yellow 0, white 1, blue 0, red 0
You now has white 2, green 4, blue 2, yellow 2, white 2
MOVE: 0 0 None 1 2 None
outer hints You about all their white cards hints remaining: 5
You has white 2, green 4, blue 2, yellow 2, white 2
MOVE: 1 2 4 1 None None
You plays white 2 successfully! Board is now green 0, yellow 0, white 2, blue 0, red 0
You now has white 2, green 4, blue 2, yellow 2, red 2
MOVE: 0 1 None 1 None 2
outer hints You about all their 2 hints remaining: 4
You has white 2, green 4, blue 2, yellow 2, red 2
MOVE: 1 3 0 1 None None
You discards white 2
trash is now white 4, white 2
You now has green 4, blue 2, yellow 2, red 2, red 2
MOVE: 0 1 None 1 None 2
outer hints You about all their 2 hints remaining: 4
You has green 4, blue 2, yellow 2, red 2, red 2
MOVE: 1 1 None 0 None 1
You hints outer about all their 1 hints remaining: 3
outer has blue 5, white 4, white 3, blue 3, red 1
MOVE: 0 0 None 1 4 None
outer hints You about all their red cards hints remaining: 2
You has green 4, blue 2, yellow 2, red 2, red 2
MOVE: 1 3 3 1 None None
You discards red 2
trash is now white 4, white 2, red 2
You now has green 4, blue 2, yellow 2, red 2, red 4
MOVE: 0 1 None 1 None 2
outer hints You about all their 2 hints remaining: 2
You has green 4, blue 2, yellow 2, red 2, red 4
MOVE: 1 0 None 0 4 None
You hints outer about all their red cards hints remaining: 1
outer has blue 5, white 4, white 3, blue 3, red 1
MOVE: 0 2 4 None None None
outer plays red 1 successfully! Board is now green 0, yellow 0, white 2, blue 0, red 1
outer now has blue 5, white 4, white 3, blue 3, green 1
MOVE: 1 0 None 0 0 None
You hints outer about all their green cards hints remaining: 0
outer has blue 5, white 4, white 3, blue 3, green 1
MOVE: 0 3 0 None None None
outer discards blue 5
trash is now white 4, white 2, red 2, blue 5
outer now has white 4, white 3, blue 3, green 1, blue 1
MOVE: 1 1 None 0 None 1
You hints outer about all their 1 hints remaining: 0
outer has white 4, white 3, blue 3, green 1, blue 1
MOVE: 0 2 3 None None None
outer plays green 1 successfully! Board is now green 1, yellow 0, white 2, blue 0, red 1
outer now has white 4, white 3, blue 3, blue 1, blue 3
MOVE: 1 2 3 1 None None
You plays red 2 successfully! Board is now green 1, yellow 0, white 2, blue 0, red 2
You now has green 4, blue 2, yellow 2, red 4, blue 4
MOVE: 0 3 3 None None None
outer discards blue 1
trash is now white 4, white 2, red 2, blue 5, blue 1
outer now has white 4, white 3, blue 3, blue 3, red 3
MOVE: 1 0 None 0 4 None
You hints outer about all their red cards hints remaining: 0
outer has white 4, white 3, blue 3, blue 3, red 3
MOVE: 0 3 0 None None None
outer discards white 4
trash is now white 4, white 2, red 2, blue 5, blue 1, white 4
outer now has white 3, blue 3, blue 3, red 3, yellow 1
MOVE: 1 1 None 0 None 1
You hints outer about all their 1 hints remaining: 0
outer has white 3, blue 3, blue 3, red 3, yellow 1
MOVE: 0 3 2 None None None
outer discards blue 3
trash is now white 4, white 2, red 2, blue 5, blue 1, white 4, blue 3
outer now has white 3, blue 3, red 3, yellow 1, white 3
MOVE: 1 1 None 0 None 3
You hints outer about all their 3 hints remaining: 0
outer has white 3, blue 3, red 3, yellow 1, white 3
MOVE: 0 2 2 None None None
outer plays red 3 successfully! Board is now green 1, yellow 0, white 2, blue 0, red 3
outer now has white 3, blue 3, yellow 1, white 3, red 5
MOVE: 1 3 2 1 None None
You discards yellow 2
trash is now white 4, white 2, red 2, blue 5, blue 1, white 4, blue 3, yellow 2
You now has green 4, blue 2, red 4, blue 4, yellow 1
MOVE: 0 1 None 1 None 4
outer hints You about all their 4 hints remaining: 0
You has green 4, blue 2, red 4, blue 4, yellow 1
MOVE: 1 2 3 1 None None
You plays blue 4 and fails. Board was green 1, yellow 0, white 2, blue 0, red 3
You now has green 4, blue 2, red 4, yellow 1, white 1
MOVE: 0 3 4 None None None
outer discards red 5
trash is now white 4, white 2, red 2, blue 5, blue 1, white 4, blue 3, yellow 2, blue 4, red 5
outer now has white 3, blue 3, yellow 1, white 3, yellow 5
MOVE: 1 0 None 0 2 None
You hints outer about all their white cards hints remaining: 0
outer has white 3, blue 3, yellow 1, white 3, yellow 5
MOVE: 0 2 0 None None None
outer plays white 3 successfully! Board is now green 1, yellow 0, white 3, blue 0, red 3
outer now has blue 3, yellow 1, white 3, yellow 5, yellow 3
MOVE: 1 3 0 1 None None
You discards green 4
trash is now white 4, white 2, red 2, blue 5, blue 1, white 4, blue 3, yellow 2, blue 4, red 5, green 4
You now has blue 2, red 4, yellow 1, white 1, blue 4
MOVE: 0 3 2 None None None
outer discards white 3
trash is now white 4, white 2, red 2, blue 5, blue 1, white 4, blue 3, yellow 2, blue 4, red 5, green 4, white 3
outer now has blue 3, yellow 1, yellow 5, yellow 3, red 1
MOVE: 1 0 None 0 1 None
You hints outer about all their yellow cards hints remaining: 1
outer has blue 3, yellow 1, yellow 5, yellow 3, red 1
MOVE: 0 2 1 None None None
outer plays yellow 1 successfully! Board is now green 1, yellow 1, white 3, blue 0, red 3
outer now has blue 3, yellow 5, yellow 3, red 1, green 4
MOVE: 1 2 0 1 None None
You plays blue 2 and fails. Board was green 1, yellow 1, white 3, blue 0, red 3
You now has red 4, yellow 1, white 1, blue 4, green 3
Score 8
