Old GID: 7d4d41609594b460
Treatment: ('intentional', 4135)
[(0, 1), (3, 5), (4, 4), (3, 2), (1, 3), (2, 2), (4, 4), (0, 4), (0, 5), (3, 1), (1, 1), (1, 5), (2, 5), (4, 1), (2, 3), (0, 2), (3, 3), (4, 5), (1, 1), (0, 2), (1, 4), (1, 4), (2, 2), (1, 1), (4, 1), (1, 2), (4, 3), (3, 3), (2, 1), (1, 3), (3, 4), (4, 1), (0, 1), (0, 3), (2, 1), (3, 1), (4, 3), (0, 1), (3, 2), (1, 2)]
MOVE: 0 1 None 1 None 1
intentional hints You about all their 1 hints remaining: 7
You has white 1, white 4, green 4, red 2, blue 4
MOVE: 1 1 None 0 None 1
You hints intentional about all their 1 hints remaining: 6
intentional has green 3, white 3, red 2, white 4, blue 1
MOVE: 0 2 4 None None None
intentional plays blue 1 successfully! Board is now green 0, yellow 0, white 0, blue 1, red 0
intentional now has green 3, white 3, red 2, white 4, green 1
MOVE: 1 2 0 1 None None
You plays white 1 successfully! Board is now green 0, yellow 0, white 1, blue 1, red 0
You now has white 4, green 4, red 2, blue 4, blue 5
MOVE: 0 3 4 None None None
intentional discards green 1
trash is now green 1
intentional now has green 3, white 3, red 2, white 4, red 4
MOVE: 1 3 0 1 None None
You discards white 4
trash is now green 1, white 4
You now has green 4, red 2, blue 4, blue 5, blue 2
MOVE: 0 3 4 None None None
intentional discards red 4
trash is now green 1, white 4, red 4
intentional now has green 3, white 3, red 2, white 4, yellow 3
MOVE: 1 3 0 1 None None
You discards green 4
trash is now green 1, white 4, red 4, green 4
You now has red 2, blue 4, blue 5, blue 2, white 2
MOVE: 0 0 None 1 2 None
intentional hints You about all their white cards hints remaining: 7
You has red 2, blue 4, blue 5, blue 2, white 2
MOVE: 1 2 4 1 None None
You plays white 2 successfully! Board is now green 0, yellow 0, white 2, blue 1, red 0
You now has red 2, blue 4, blue 5, blue 2, red 4
MOVE: 0 3 4 None None None
intentional discards yellow 3
trash is now green 1, white 4, red 4, green 4, yellow 3
intentional now has green 3, white 3, red 2, white 4, green 4
MOVE: 1 1 None 0 None 4
You hints intentional about all their 4 hints remaining: 7
intentional has green 3, white 3, red 2, white 4, green 4
MOVE: 0 3 0 None None None
intentional discards green 3
trash is now green 1, white 4, red 4, green 4, yellow 3, green 3
intentional now has white 3, red 2, white 4, green 4, green 5
MOVE: 1 0 None 0 2 None
You hints intentional about all their white cards hints remaining: 7
intentional has white 3, red 2, white 4, green 4, green 5
MOVE: 0 3 4 None None None
intentional discards green 5
trash is now green 1, white 4, red 4, green 4, yellow 3, green 3, green 5
intentional now has white 3, red 2, white 4, green 4, blue 1
MOVE: 1 1 None 0 None 3
You hints intentional about all their 3 hints remaining: 7
intentional has white 3, red 2, white 4, green 4, blue 1
MOVE: 0 2 0 None None None
intentional plays white 3 successfully! Board is now green 0, yellow 0, white 3, blue 1, red 0
intentional now has red 2, white 4, green 4, blue 1, yellow 1
MOVE: 1 0 None 0 1 None
You hints intentional about all their yellow cards hints remaining: 6
intentional has red 2, white 4, green 4, blue 1, yellow 1
MOVE: 0 2 1 None None None
intentional plays white 4 successfully! Board is now green 0, yellow 0, white 4, blue 1, red 0
intentional now has red 2, green 4, blue 1, yellow 1, yellow 5
MOVE: 1 1 None 0 None 1
You hints intentional about all their 1 hints remaining: 5
intentional has red 2, green 4, blue 1, yellow 1, yellow 5
MOVE: 0 2 3 None None None
intentional plays yellow 1 successfully! Board is now green 0, yellow 1, white 4, blue 1, red 0
intentional now has red 2, green 4, blue 1, yellow 5, white 5
MOVE: 1 1 None 0 None 5
You hints intentional about all their 5 hints remaining: 4
intentional has red 2, green 4, blue 1, yellow 5, white 5
MOVE: 0 3 2 None None None
intentional discards blue 1
trash is now green 1, white 4, red 4, green 4, yellow 3, green 3, green 5, blue 1
intentional now has red 2, green 4, yellow 5, white 5, red 1
MOVE: 1 0 None 0 4 None
You hints intentional about all their red cards hints remaining: 4
intentional has red 2, green 4, yellow 5, white 5, red 1
MOVE: 0 3 1 None None None
intentional discards green 4
trash is now green 1, white 4, red 4, green 4, yellow 3, green 3, green 5, blue 1, green 4
intentional now has red 2, yellow 5, white 5, red 1, white 3
MOVE: 1 1 None 0 None 1
You hints intentional about all their 1 hints remaining: 4
intentional has red 2, yellow 5, white 5, red 1, white 3
MOVE: 0 2 3 None None None
intentional plays red 1 successfully! Board is now green 0, yellow 1, white 4, blue 1, red 1
intentional now has red 2, yellow 5, white 5, white 3, green 2
MOVE: 1 2 4 1 None None
You plays red 4 and fails. Board was green 0, yellow 1, white 4, blue 1, red 1
You now has red 2, blue 4, blue 5, blue 2, blue 3
MOVE: 0 2 0 None None None
intentional plays red 2 successfully! Board is now green 0, yellow 1, white 4, blue 1, red 2
intentional now has yellow 5, white 5, white 3, green 2, red 5
MOVE: 1 2 4 1 None None
You plays blue 3 and fails. Board was green 0, yellow 1, white 4, blue 1, red 2
You now has red 2, blue 4, blue 5, blue 2, yellow 1
MOVE: 0 3 3 None None None
intentional discards green 2
trash is now green 1, white 4, red 4, green 4, yellow 3, green 3, green 5, blue 1, green 4, red 4, blue 3, green 2
intentional now has yellow 5, white 5, white 3, red 5, green 2
MOVE: 1 2 4 1 None None
You plays yellow 1 and fails. Board was green 0, yellow 1, white 4, blue 1, red 2
You now has red 2, blue 4, blue 5, blue 2, yellow 4
Score 8
