Old GID: d0a3f58c6f0da3ad
Treatment: ('full', 6288)
[(4, 1), (2, 3), (3, 5), (3, 2), (0, 1), (0, 3), (1, 4), (0, 4), (0, 4), (1, 1), (4, 1), (4, 4), (0, 3), (1, 2), (4, 3), (2, 2), (0, 1), (4, 2), (3, 1), (1, 3), (3, 4), (2, 5), (1, 1), (3, 3), (4, 4), (2, 4), (4, 5), (2, 1), (1, 2), (3, 3), (3, 4), (1, 1), (0, 5), (0, 2), (1, 4), (3, 1), (3, 2), (0, 1), (4, 2), (3, 1)]
MOVE: 0 1 None 1 None 1
full hints You about all their 1 hints remaining: 7
You has white 1, yellow 5, white 1, green 2, white 3
MOVE: 1 2 2 1 None None
You plays white 1 successfully! Board is now green 0, yellow 0, white 1, blue 0, red 0
You now has white 1, yellow 5, green 2, white 3, red 1
MOVE: 0 0 None 1 4 None
full hints You about all their red cards hints remaining: 6
You has white 1, yellow 5, green 2, white 3, red 1
MOVE: 1 1 None 0 None 1
You hints full about all their 1 hints remaining: 5
full has red 3, white 4, yellow 3, white 2, red 1
MOVE: 0 2 4 None None None
full plays red 1 successfully! Board is now green 0, yellow 0, white 1, blue 0, red 1
full now has red 3, white 4, yellow 3, white 2, white 3
MOVE: 1 1 None 0 None 2
You hints full about all their 2 hints remaining: 4
full has red 3, white 4, yellow 3, white 2, white 3
MOVE: 0 2 3 None None None
full plays white 2 successfully! Board is now green 0, yellow 0, white 2, blue 0, red 1
full now has red 3, white 4, yellow 3, white 3, blue 5
MOVE: 1 1 None 0 None 3
You hints full about all their 3 hints remaining: 3
full has red 3, white 4, yellow 3, white 3, blue 5
MOVE: 0 2 0 None None None
full plays red 3 and fails. Board was green 0, yellow 0, white 2, blue 0, red 1
full now has white 4, yellow 3, white 3, blue 5, blue 2
MOVE: 1 0 None 0 2 None
You hints full about all their white cards hints remaining: 2
full has white 4, yellow 3, white 3, blue 5, blue 2
MOVE: 0 2 2 None None None
full plays white 3 successfully! Board is now green 0, yellow 0, white 3, blue 0, red 1
full now has white 4, yellow 3, blue 5, blue 2, green 1
MOVE: 1 0 None 0 0 None
You hints full about all their green cards hints remaining: 1
full has white 4, yellow 3, blue 5, blue 2, green 1
MOVE: 0 2 4 None None None
full plays green 1 successfully! Board is now green 1, yellow 0, white 3, blue 0, red 1
full now has white 4, yellow 3, blue 5, blue 2, green 3
MOVE: 1 1 None 0 None 5
You hints full about all their 5 hints remaining: 0
full has white 4, yellow 3, blue 5, blue 2, green 3
MOVE: 0 2 0 None None None
full plays white 4 successfully! Board is now green 1, yellow 0, white 4, blue 0, red 1
full now has yellow 3, blue 5, blue 2, green 3, yellow 4
MOVE: 1 2 0 1 None None
You plays white 1 and fails. Board was green 1, yellow 0, white 4, blue 0, red 1
You now has yellow 5, green 2, white 3, red 1, green 4
MOVE: 0 3 3 None None None
full discards green 3
trash is now red 3, white 1, green 3
full now has yellow 3, blue 5, blue 2, yellow 4, green 4
MOVE: 1 2 3 1 None None
You plays red 1 and fails. Board was green 1, yellow 0, white 4, blue 0, red 1
You now has yellow 5, green 2, white 3, green 4, yellow 1
Score 6
