Old GID: c58f8e164283ee20
Treatment: ('intentional', 6305)
[(0, 2), (2, 5), (4, 1), (1, 3), (2, 1), (0, 1), (4, 3), (2, 1), (2, 3), (1, 1), (1, 4), (4, 1), (2, 4), (4, 4), (0, 1), (4, 2), (2, 4), (3, 2), (1, 3), (0, 2), (3, 1), (4, 3), (1, 5), (4, 4), (0, 3), (1, 2), (1, 2), (3, 1), (0, 4), (3, 5), (2, 2), (3, 3), (3, 4), (3, 2), (3, 4), (2, 2), (1, 4), (0, 5), (4, 2), (4, 1)]
MOVE: 0 1 None 1 None 1
intentional hints You about all their 1 hints remaining: 7
You has yellow 1, blue 3, green 1, white 3, green 4
MOVE: 1 2 2 1 None None
You plays green 1 successfully! Board is now green 1, yellow 0, white 0, blue 0, red 0
You now has yellow 1, blue 3, white 3, green 4, green 2
MOVE: 0 0 None 1 1 None
intentional hints You about all their yellow cards hints remaining: 6
You has yellow 1, blue 3, white 3, green 4, green 2
MOVE: 1 1 None 0 None 1
You hints intentional about all their 1 hints remaining: 5
intentional has yellow 1, blue 1, red 5, white 1, green 3
MOVE: 0 1 None 1 None 2
intentional hints You about all their 2 hints remaining: 4
You has yellow 1, blue 3, white 3, green 4, green 2
MOVE: 1 2 0 1 None None
You plays yellow 1 successfully! Board is now green 1, yellow 1, white 0, blue 0, red 0
You now has blue 3, white 3, green 4, green 2, white 5
MOVE: 0 0 None 1 0 None
intentional hints You about all their green cards hints remaining: 3
You has blue 3, white 3, green 4, green 2, white 5
MOVE: 1 0 None 0 3 None
You hints intentional about all their blue cards hints remaining: 2
intentional has yellow 1, blue 1, red 5, white 1, green 3
MOVE: 0 2 1 None None None
intentional plays blue 1 successfully! Board is now green 1, yellow 1, white 0, blue 1, red 0
intentional now has yellow 1, red 5, white 1, green 3, red 1
MOVE: 1 0 None 0 2 None
You hints intentional about all their white cards hints remaining: 1
intentional has yellow 1, red 5, white 1, green 3, red 1
MOVE: 0 2 2 None None None
intentional plays white 1 successfully! Board is now green 1, yellow 1, white 1, blue 1, red 0
intentional now has yellow 1, red 5, green 3, red 1, yellow 3
MOVE: 1 2 3 1 None None
You plays green 2 successfully! Board is now green 2, yellow 1, white 1, blue 1, red 0
You now has blue 3, white 3, green 4, white 5, white 1
MOVE: 0 3 4 None None None
intentional discards yellow 3
trash is now yellow 3
intentional now has yellow 1, red 5, green 3, red 1, green 1
MOVE: 1 2 2 1 None None
You plays green 4 and fails. Board was green 2, yellow 1, white 1, blue 1, red 0
You now has blue 3, white 3, white 5, white 1, red 3
MOVE: 0 3 4 None None None
intentional discards green 1
trash is now yellow 3, green 4, green 1
intentional now has yellow 1, red 5, green 3, red 1, white 1
MOVE: 1 2 2 1 None None
You plays white 5 and fails. Board was green 2, yellow 1, white 1, blue 1, red 0
You now has blue 3, white 3, white 1, red 3, white 3
MOVE: 0 3 4 None None None
intentional discards white 1
trash is now yellow 3, green 4, green 1, white 5, white 1
intentional now has yellow 1, red 5, green 3, red 1, yellow 1
MOVE: 1 2 3 1 None None
You plays red 3 and fails. Board was green 2, yellow 1, white 1, blue 1, red 0
You now has blue 3, white 3, white 1, white 3, yellow 4
Score 5
