Old GID: 24b2dd0f45bd1889
Treatment: ('outer', 6490)
[(0, 3), (3, 2), (3, 3), (1, 4), (3, 4), (1, 2), (2, 5), (1, 3), (2, 1), (1, 5), (4, 1), (1, 3), (4, 5), (3, 2), (3, 1), (2, 3), (1, 1), (0, 2), (0, 1), (4, 2), (3, 1), (4, 3), (2, 4), (3, 4), (2, 1), (2, 3), (0, 1), (3, 1), (0, 5), (1, 4), (4, 2), (0, 4), (0, 1), (0, 4), (3, 5), (4, 1), (2, 1), (4, 1), (3, 3), (2, 2)]
MOVE: 0 1 None 1 None 1
outer hints You about all their 1 hints remaining: 7
You has green 2, white 2, red 3, red 4, yellow 1
MOVE: 1 2 4 1 None None
You plays yellow 1 successfully! Board is now green 0, yellow 1, white 0, blue 0, red 0
You now has green 2, white 2, red 3, red 4, green 3
MOVE: 0 0 None 1 0 None
outer hints You about all their green cards hints remaining: 6
You has green 2, white 2, red 3, red 4, green 3
MOVE: 1 2 4 1 None None
You plays green 3 and fails. Board was green 0, yellow 1, white 0, blue 0, red 0
You now has green 2, white 2, red 3, red 4, blue 2
MOVE: 0 1 None 1 None 4
outer hints You about all their 4 hints remaining: 5
You has green 2, white 2, red 3, red 4, blue 2
MOVE: 1 2 0 1 None None
You plays green 2 and fails. Board was green 0, yellow 1, white 0, blue 0, red 0
You now has white 2, red 3, red 4, blue 2, blue 3
MOVE: 0 1 None 1 None 3
outer hints You about all their 3 hints remaining: 4
You has white 2, red 3, red 4, blue 2, blue 3
MOVE: 1 2 4 1 None None
You plays blue 3 and fails. Board was green 0, yellow 1, white 0, blue 0, red 0
You now has white 2, red 3, red 4, blue 2, yellow 4
Score 1
