Old GID: 37ef85135fd84724
Treatment: ('intentional', 7023)
[(2, 2), (3, 3), (2, 4), (3, 4), (1, 3), (3, 1), (0, 4), (2, 2), (2, 5), (1, 2), (0, 3), (1, 5), (4, 2), (4, 2), (1, 1), (0, 1), (3, 2), (2, 3), (4, 3), (1, 1), (4, 4), (2, 3), (4, 3), (2, 1), (0, 4), (0, 2), (4, 1), (4, 1), (0, 3), (3, 3), (1, 1), (3, 1), (0, 1), (2, 1), (4, 4), (4, 5), (2, 1), (2, 4), (1, 4), (1, 2)]
MOVE: 0 0 None 1 4 None
intentional hints You about all their red cards hints remaining: 7
You has yellow 4, blue 4, red 1, blue 2, blue 5
MOVE: 1 2 2 1 None None
You plays red 1 successfully! Board is now green 0, yellow 0, white 0, blue 0, red 1
You now has yellow 4, blue 4, blue 2, blue 5, white 2
MOVE: 0 3 0 None None None
intentional discards blue 1
trash is now blue 1
intentional now has green 2, yellow 3, green 5, green 1, blue 3
MOVE: 1 1 None 0 None 1
You hints intentional about all their 1 hints remaining: 7
intentional has green 2, yellow 3, green 5, green 1, blue 3
MOVE: 0 3 0 None None None
intentional discards green 2
trash is now blue 1, green 2
intentional now has yellow 3, green 5, green 1, blue 3, white 4
MOVE: 1 0 None 0 0 None
You hints intentional about all their green cards hints remaining: 7
intentional has yellow 3, green 5, green 1, blue 3, white 4
MOVE: 0 2 2 None None None
intentional plays green 1 successfully! Board is now green 1, yellow 0, white 0, blue 0, red 1
intentional now has yellow 3, green 5, blue 3, white 4, blue 4
MOVE: 1 2 4 1 None None
You plays white 2 and fails. Board was green 1, yellow 0, white 0, blue 0, red 1
You now has yellow 4, blue 4, blue 2, blue 5, yellow 3
MOVE: 0 3 3 None None None
intentional discards white 4
trash is now blue 1, green 2, white 2, white 4
intentional now has yellow 3, green 5, blue 3, blue 4, blue 1
MOVE: 1 2 4 1 None None
You plays yellow 3 and fails. Board was green 1, yellow 0, white 0, blue 0, red 1
You now has yellow 4, blue 4, blue 2, blue 5, green 4
MOVE: 0 3 3 None None None
intentional discards blue 4
trash is now blue 1, green 2, white 2, white 4, yellow 3, blue 4
intentional now has yellow 3, green 5, blue 3, blue 1, white 2
MOVE: 1 2 4 1 None None
You plays green 4 and fails. Board was green 1, yellow 0, white 0, blue 0, red 1
You now has yellow 4, blue 4, blue 2, blue 5, white 5
Score 2
