Old GID: e6ea757f0ce66fd3
Treatment: ('intentional', 6112)
[(2, 2), (3, 4), (2, 3), (1, 1), (3, 3), (4, 1), (2, 1), (4, 1), (0, 4), (3, 3), (2, 5), (4, 4), (1, 5), (0, 4), (0, 2), (4, 5), (1, 2), (1, 1), (1, 4), (3, 2), (2, 1), (4, 3), (0, 1), (4, 2), (0, 3), (1, 3), (2, 2), (0, 5), (2, 1), (4, 2), (0, 1), (3, 4), (0, 2), (3, 1), (1, 1), (2, 3), (0, 3), (4, 4), (2, 4), (3, 1)]
MOVE: 0 1 None 1 None 1
intentional hints You about all their 1 hints remaining: 7
You has blue 1, yellow 3, yellow 4, yellow 2, green 1
MOVE: 1 2 4 1 None None
You plays green 1 successfully! Board is now green 1, yellow 0, white 0, blue 0, red 0
You now has blue 1, yellow 3, yellow 4, yellow 2, white 2
MOVE: 0 0 None 1 3 None
intentional hints You about all their blue cards hints remaining: 6
You has blue 1, yellow 3, yellow 4, yellow 2, white 2
MOVE: 1 2 0 1 None None
You plays blue 1 successfully! Board is now green 1, yellow 0, white 0, blue 1, red 0
You now has yellow 3, yellow 4, yellow 2, white 2, blue 4
MOVE: 0 3 0 None None None
intentional discards blue 2
trash is now blue 2
intentional now has white 4, red 1, blue 5, red 3, white 3
MOVE: 1 1 None 0 None 1
You hints intentional about all their 1 hints remaining: 6
intentional has white 4, red 1, blue 5, red 3, white 3
MOVE: 0 3 0 None None None
intentional discards white 4
trash is now blue 2, white 4
intentional now has red 1, blue 5, red 3, white 3, yellow 1
MOVE: 1 0 None 0 1 None
You hints intentional about all their yellow cards hints remaining: 6
intentional has red 1, blue 5, red 3, white 3, yellow 1
MOVE: 0 3 1 None None None
intentional discards blue 5
trash is now blue 2, white 4, blue 5
intentional now has red 1, red 3, white 3, yellow 1, blue 3
MOVE: 1 1 None 0 None 1
You hints intentional about all their 1 hints remaining: 6
intentional has red 1, red 3, white 3, yellow 1, blue 3
MOVE: 0 2 3 None None None
intentional plays yellow 1 successfully! Board is now green 1, yellow 1, white 0, blue 1, red 0
intentional now has red 1, red 3, white 3, blue 3, red 1
MOVE: 1 0 None 0 4 None
You hints intentional about all their red cards hints remaining: 5
intentional has red 1, red 3, white 3, blue 3, red 1
MOVE: 0 2 0 None None None
intentional plays red 1 successfully! Board is now green 1, yellow 1, white 0, blue 1, red 1
intentional now has red 3, white 3, blue 3, red 1, white 1
MOVE: 1 0 None 0 2 None
You hints intentional about all their white cards hints remaining: 4
intentional has red 3, white 3, blue 3, red 1, white 1
MOVE: 0 3 3 None None None
intentional discards red 1
trash is now blue 2, white 4, blue 5, red 1
intentional now has red 3, white 3, blue 3, white 1, red 1
MOVE: 1 1 None 0 None 1
You hints intentional about all their 1 hints remaining: 4
intentional has red 3, white 3, blue 3, white 1, red 1
MOVE: 0 2 3 None None None
intentional plays white 1 successfully! Board is now green 1, yellow 1, white 1, blue 1, red 1
intentional now has red 3, white 3, blue 3, red 1, green 4
MOVE: 1 3 0 1 None None
You discards yellow 3
trash is now blue 2, white 4, blue 5, red 1, yellow 3
You now has yellow 4, yellow 2, white 2, blue 4, blue 3
MOVE: 0 3 3 None None None
intentional discards red 1
trash is now blue 2, white 4, blue 5, red 1, yellow 3, red 1
intentional now has red 3, white 3, blue 3, green 4, white 5
MOVE: 1 3 0 1 None None
You discards yellow 4
trash is now blue 2, white 4, blue 5, red 1, yellow 3, red 1, yellow 4
You now has yellow 2, white 2, blue 4, blue 3, red 4
MOVE: 0 1 None 1 None 2
intentional hints You about all their 2 hints remaining: 6
You has yellow 2, white 2, blue 4, blue 3, red 4
MOVE: 1 2 1 1 None None
You plays white 2 successfully! Board is now green 1, yellow 1, white 2, blue 1, red 1
You now has yellow 2, blue 4, blue 3, red 4, yellow 5
MOVE: 0 0 None 1 3 None
intentional hints You about all their blue cards hints remaining: 5
You has yellow 2, blue 4, blue 3, red 4, yellow 5
MOVE: 1 2 0 1 None None
You plays yellow 2 successfully! Board is now green 1, yellow 2, white 2, blue 1, red 1
You now has blue 4, blue 3, red 4, yellow 5, green 4
MOVE: 0 0 None 1 4 None
intentional hints You about all their red cards hints remaining: 4
You has blue 4, blue 3, red 4, yellow 5, green 4
MOVE: 1 2 2 1 None None
You plays red 4 and fails. Board was green 1, yellow 2, white 2, blue 1, red 1
You now has blue 4, blue 3, yellow 5, green 4, green 2
MOVE: 0 1 None 1 None 2
intentional hints You about all their 2 hints remaining: 3
You has blue 4, blue 3, yellow 5, green 4, green 2
MOVE: 1 2 4 1 None None
You plays green 2 successfully! Board is now green 2, yellow 2, white 2, blue 1, red 1
You now has blue 4, blue 3, yellow 5, green 4, red 5
MOVE: 0 3 3 None None None
intentional discards green 4
trash is now blue 2, white 4, blue 5, red 1, yellow 3, red 1, yellow 4, red 4, green 4
intentional now has red 3, white 3, blue 3, white 5, yellow 2
MOVE: 1 2 1 1 None None
You plays blue 3 and fails. Board was green 2, yellow 2, white 2, blue 1, red 1
You now has blue 4, yellow 5, green 4, red 5, yellow 1
MOVE: 0 1 None 1 None 1
intentional hints You about all their 1 hints remaining: 3
You has blue 4, yellow 5, green 4, red 5, yellow 1
MOVE: 1 2 0 1 None None
You plays blue 4 and fails. Board was green 2, yellow 2, white 2, blue 1, red 1
You now has yellow 5, green 4, red 5, yellow 1, yellow 4
Score 8
