Old GID: e90bf79bebf9d078
Treatment: ('intentional', 5978)
[(2, 1), (4, 3), (2, 5), (4, 3), (0, 1), (4, 5), (0, 1), (3, 3), (3, 2), (3, 1), (4, 1), (2, 1), (0, 3), (2, 2), (0, 4), (1, 2), (0, 4), (1, 5), (0, 1), (4, 2), (1, 3), (1, 3), (0, 3), (0, 5), (3, 2), (4, 1), (4, 2), (2, 4), (1, 2), (2, 1), (2, 3), (3, 3), (3, 4), (2, 3), (4, 4), (3, 4), (4, 1), (2, 4), (1, 1), (3, 1)]
MOVE: 0 1 None 1 None 1
intentional hints You about all their 1 hints remaining: 7
You has blue 5, yellow 1, blue 1, yellow 1, yellow 4
MOVE: 1 2 1 1 None None
You plays yellow 1 successfully! Board is now green 0, yellow 1, white 0, blue 0, red 0
You now has blue 5, blue 1, yellow 1, yellow 4, white 1
MOVE: 0 0 None 1 2 None
intentional hints You about all their white cards hints remaining: 6
You has blue 5, blue 1, yellow 1, yellow 4, white 1
MOVE: 1 1 None 0 None 2
You hints intentional about all their 2 hints remaining: 5
intentional has green 2, green 2, red 4, white 2, yellow 4
MOVE: 0 0 None 1 3 None
intentional hints You about all their blue cards hints remaining: 4
You has blue 5, blue 1, yellow 1, yellow 4, white 1
MOVE: 1 2 1 1 None None
You plays blue 1 successfully! Board is now green 0, yellow 1, white 0, blue 1, red 0
You now has blue 5, yellow 1, yellow 4, white 1, red 3
MOVE: 0 3 2 None None None
intentional discards red 4
trash is now red 4
intentional now has green 2, green 2, white 2, yellow 4, white 5
MOVE: 1 2 1 1 None None
You plays yellow 1 and fails. Board was green 0, yellow 1, white 0, blue 1, red 0
You now has blue 5, yellow 4, white 1, red 3, red 3
MOVE: 0 1 None 1 None 1
intentional hints You about all their 1 hints remaining: 4
You has blue 5, yellow 4, white 1, red 3, red 3
MOVE: 1 2 2 1 None None
You plays white 1 successfully! Board is now green 0, yellow 1, white 1, blue 1, red 0
You now has blue 5, yellow 4, red 3, red 3, green 1
MOVE: 0 0 None 1 0 None
intentional hints You about all their green cards hints remaining: 3
You has blue 5, yellow 4, red 3, red 3, green 1
MOVE: 1 0 None 0 2 None
You hints intentional about all their white cards hints remaining: 2
intentional has green 2, green 2, white 2, yellow 4, white 5
MOVE: 0 2 2 None None None
intentional plays white 2 successfully! Board is now green 0, yellow 1, white 2, blue 1, red 0
intentional now has green 2, green 2, yellow 4, white 5, red 5
MOVE: 1 1 None 0 None 5
You hints intentional about all their 5 hints remaining: 1
intentional has green 2, green 2, yellow 4, white 5, red 5
MOVE: 0 1 None 1 None 1
intentional hints You about all their 1 hints remaining: 0
You has blue 5, yellow 4, red 3, red 3, green 1
MOVE: 1 2 4 1 None None
You plays green 1 successfully! Board is now green 1, yellow 1, white 2, blue 1, red 0
You now has blue 5, yellow 4, red 3, red 3, green 1
MOVE: 0 3 2 None None None
intentional discards yellow 4
trash is now red 4, yellow 1, yellow 4
intentional now has green 2, green 2, white 5, red 5, blue 3
MOVE: 1 0 None 0 0 None
You hints intentional about all their green cards hints remaining: 0
intentional has green 2, green 2, white 5, red 5, blue 3
MOVE: 0 2 1 None None None
intentional plays green 2 successfully! Board is now green 2, yellow 1, white 2, blue 1, red 0
intentional now has green 2, white 5, red 5, blue 3, blue 2
MOVE: 1 2 0 1 None None
You plays blue 5 and fails. Board was green 2, yellow 1, white 2, blue 1, red 0
You now has yellow 4, red 3, red 3, green 1, blue 1
MOVE: 0 3 0 None None None
intentional discards green 2
trash is now red 4, yellow 1, yellow 4, blue 5, green 2
intentional now has white 5, red 5, blue 3, blue 2, red 1
MOVE: 1 1 None 0 None 1
You hints intentional about all their 1 hints remaining: 0
intentional has white 5, red 5, blue 3, blue 2, red 1
MOVE: 0 3 4 None None None
intentional discards red 1
trash is now red 4, yellow 1, yellow 4, blue 5, green 2, red 1
intentional now has white 5, red 5, blue 3, blue 2, white 1
MOVE: 1 0 None 0 3 None
You hints intentional about all their blue cards hints remaining: 0
intentional has white 5, red 5, blue 3, blue 2, white 1
MOVE: 0 3 4 None None None
intentional discards white 1
trash is now red 4, yellow 1, yellow 4, blue 5, green 2, red 1, white 1
intentional now has white 5, red 5, blue 3, blue 2, green 3
MOVE: 1 1 None 0 None 2
You hints intentional about all their 2 hints remaining: 0
intentional has white 5, red 5, blue 3, blue 2, green 3
MOVE: 0 2 3 None None None
intentional plays blue 2 successfully! Board is now green 2, yellow 1, white 2, blue 2, red 0
intentional now has white 5, red 5, blue 3, green 3, white 2
MOVE: 1 3 4 1 None None
You discards blue 1
trash is now red 4, yellow 1, yellow 4, blue 5, green 2, red 1, white 1, blue 1
You now has yellow 4, red 3, red 3, green 1, green 4
MOVE: 0 3 4 None None None
intentional discards white 2
trash is now red 4, yellow 1, yellow 4, blue 5, green 2, red 1, white 1, blue 1, white 2
intentional now has white 5, red 5, blue 3, green 3, yellow 2
MOVE: 1 1 None 0 None 3
You hints intentional about all their 3 hints remaining: 1
intentional has white 5, red 5, blue 3, green 3, yellow 2
MOVE: 0 2 2 None None None
intentional plays blue 3 successfully! Board is now green 2, yellow 1, white 2, blue 3, red 0
intentional now has white 5, red 5, green 3, yellow 2, green 4
MOVE: 1 0 None 0 0 None
You hints intentional about all their green cards hints remaining: 0
intentional has white 5, red 5, green 3, yellow 2, green 4
MOVE: 0 2 2 None None None
intentional plays green 3 successfully! Board is now green 3, yellow 1, white 2, blue 3, red 0
intentional now has white 5, red 5, yellow 2, green 4, yellow 5
MOVE: 1 3 2 1 None None
You discards red 3
trash is now red 4, yellow 1, yellow 4, blue 5, green 2, red 1, white 1, blue 1, white 2, red 3
You now has yellow 4, red 3, green 1, green 4, green 1
MOVE: 0 1 None 1 None 4
intentional hints You about all their 4 hints remaining: 0
You has yellow 4, red 3, green 1, green 4, green 1
MOVE: 1 2 0 1 None None
You plays yellow 4 and fails. Board was green 3, yellow 1, white 2, blue 3, red 0
You now has red 3, green 1, green 4, green 1, red 2
Score 9
