Old GID: 2bca822cf7ce1bd2
Treatment: ('intentional', 9430)
[(1, 2), (2, 5), (1, 4), (1, 2), (0, 4), (2, 3), (4, 2), (0, 4), (3, 2), (3, 3), (4, 4), (2, 2), (1, 3), (3, 4), (1, 5), (3, 3), (4, 2), (0, 5), (1, 4), (2, 1), (2, 4), (3, 5), (0, 2), (4, 5), (4, 3), (1, 3), (4, 1), (0, 3), (4, 3), (2, 2), (0, 1), (2, 3), (2, 1), (1, 1), (3, 4), (3, 1), (2, 1), (0, 1), (4, 1), (3, 1)]
MOVE: 0 1 None 1 None 1
intentional hints You about all their 1 hints remaining: 7
You has yellow 1, blue 1, blue 2, green 3, green 1
MOVE: 1 1 None 0 None 1
You hints intentional about all their 1 hints remaining: 6
intentional has red 1, yellow 1, white 4, red 4, green 2
MOVE: 0 2 1 None None None
intentional plays yellow 1 successfully! Board is now green 0, yellow 1, white 0, blue 0, red 0
intentional now has red 1, white 4, red 4, green 2, yellow 2
MOVE: 1 0 None 0 4 None
You hints intentional about all their red cards hints remaining: 5
intentional has red 1, white 4, red 4, green 2, yellow 2
MOVE: 0 2 0 None None None
intentional plays red 1 successfully! Board is now green 0, yellow 1, white 0, blue 0, red 1
intentional now has white 4, red 4, green 2, yellow 2, white 5
MOVE: 1 1 None 0 None 2
You hints intentional about all their 2 hints remaining: 4
intentional has white 4, red 4, green 2, yellow 2, white 5
MOVE: 0 0 None 1 0 None
intentional hints You about all their green cards hints remaining: 3
You has yellow 1, blue 1, blue 2, green 3, green 1
MOVE: 1 2 4 1 None None
You plays green 1 successfully! Board is now green 1, yellow 1, white 0, blue 0, red 1
You now has yellow 1, blue 1, blue 2, green 3, yellow 4
MOVE: 0 0 None 1 3 None
intentional hints You about all their blue cards hints remaining: 2
You has yellow 1, blue 1, blue 2, green 3, yellow 4
MOVE: 1 0 None 0 0 None
You hints intentional about all their green cards hints remaining: 1
intentional has white 4, red 4, green 2, yellow 2, white 5
MOVE: 0 2 2 None None None
intentional plays green 2 successfully! Board is now green 2, yellow 1, white 0, blue 0, red 1
intentional now has white 4, red 4, yellow 2, white 5, yellow 2
MOVE: 1 0 None 0 1 None
You hints intentional about all their yellow cards hints remaining: 0
intentional has white 4, red 4, yellow 2, white 5, yellow 2
MOVE: 0 2 2 None None None
intentional plays yellow 2 successfully! Board is now green 2, yellow 2, white 0, blue 0, red 1
intentional now has white 4, red 4, white 5, yellow 2, green 4
MOVE: 1 2 1 1 None None
You plays blue 1 successfully! Board is now green 2, yellow 2, white 0, blue 1, red 1
You now has yellow 1, blue 2, green 3, yellow 4, white 3
MOVE: 0 3 4 None None None
intentional discards green 4
trash is now green 4
intentional now has white 4, red 4, white 5, yellow 2, red 2
MOVE: 1 1 None 0 None 2
You hints intentional about all their 2 hints remaining: 0
intentional has white 4, red 4, white 5, yellow 2, red 2
MOVE: 0 3 3 None None None
intentional discards yellow 2
trash is now green 4, yellow 2
intentional now has white 4, red 4, white 5, red 2, green 4
MOVE: 1 3 0 1 None None
You discards yellow 1
trash is now green 4, yellow 2, yellow 1
You now has blue 2, green 3, yellow 4, white 3, blue 2
MOVE: 0 0 None 1 3 None
intentional hints You about all their blue cards hints remaining: 1
You has blue 2, green 3, yellow 4, white 3, blue 2
MOVE: 1 2 4 1 None None
You plays blue 2 successfully! Board is now green 2, yellow 2, white 0, blue 2, red 1
You now has blue 2, green 3, yellow 4, white 3, blue 3
MOVE: 0 1 None 1 None 2
intentional hints You about all their 2 hints remaining: 0
You has blue 2, green 3, yellow 4, white 3, blue 3
MOVE: 1 3 0 1 None None
You discards blue 2
trash is now green 4, yellow 2, yellow 1, blue 2
You now has green 3, yellow 4, white 3, blue 3, red 4
MOVE: 0 0 None 1 3 None
intentional hints You about all their blue cards hints remaining: 0
You has green 3, yellow 4, white 3, blue 3, red 4
MOVE: 1 2 3 1 None None
You plays blue 3 successfully! Board is now green 2, yellow 2, white 0, blue 3, red 1
You now has green 3, yellow 4, white 3, red 4, white 2
MOVE: 0 3 4 None None None
intentional discards green 4
trash is now green 4, yellow 2, yellow 1, blue 2, green 4
intentional now has white 4, red 4, white 5, red 2, yellow 3
MOVE: 1 2 0 1 None None
You plays green 3 successfully! Board is now green 3, yellow 2, white 0, blue 3, red 1
You now has yellow 4, white 3, red 4, white 2, blue 4
MOVE: 0 0 None 1 3 None
intentional hints You about all their blue cards hints remaining: 0
You has yellow 4, white 3, red 4, white 2, blue 4
MOVE: 1 2 4 1 None None
You plays blue 4 successfully! Board is now green 3, yellow 2, white 0, blue 4, red 1
You now has yellow 4, white 3, red 4, white 2, yellow 5
MOVE: 0 3 4 None None None
intentional discards yellow 3
trash is now green 4, yellow 2, yellow 1, blue 2, green 4, yellow 3
intentional now has white 4, red 4, white 5, red 2, blue 3
MOVE: 1 0 None 0 3 None
You hints intentional about all their blue cards hints remaining: 0
intentional has white 4, red 4, white 5, red 2, blue 3
MOVE: 0 3 4 None None None
intentional discards blue 3
trash is now green 4, yellow 2, yellow 1, blue 2, green 4, yellow 3, blue 3
intentional now has white 4, red 4, white 5, red 2, red 2
MOVE: 1 0 None 0 4 None
You hints intentional about all their red cards hints remaining: 0
intentional has white 4, red 4, white 5, red 2, red 2
MOVE: 0 2 3 None None None
intentional plays red 2 successfully! Board is now green 3, yellow 2, white 0, blue 4, red 2
intentional now has white 4, red 4, white 5, red 2, green 5
MOVE: 1 3 0 1 None None
You discards yellow 4
trash is now green 4, yellow 2, yellow 1, blue 2, green 4, yellow 3, blue 3, yellow 4
You now has white 3, red 4, white 2, yellow 5, yellow 4
MOVE: 0 1 None 1 None 2
intentional hints You about all their 2 hints remaining: 0
You has white 3, red 4, white 2, yellow 5, yellow 4
MOVE: 1 3 2 1 None None
You discards white 2
trash is now green 4, yellow 2, yellow 1, blue 2, green 4, yellow 3, blue 3, yellow 4, white 2
You now has white 3, red 4, yellow 5, yellow 4, white 1
MOVE: 0 1 None 1 None 1
intentional hints You about all their 1 hints remaining: 0
You has white 3, red 4, yellow 5, yellow 4, white 1
MOVE: 1 2 4 1 None None
You plays white 1 successfully! Board is now green 3, yellow 2, white 1, blue 4, red 2
You now has white 3, red 4, yellow 5, yellow 4, white 4
MOVE: 0 3 2 None None None
intentional discards white 5
trash is now green 4, yellow 2, yellow 1, blue 2, green 4, yellow 3, blue 3, yellow 4, white 2, white 5
intentional now has white 4, red 4, red 2, green 5, blue 5
MOVE: 1 2 0 1 None None
You plays white 3 and fails. Board was green 3, yellow 2, white 1, blue 4, red 2
You now has red 4, yellow 5, yellow 4, white 4, green 2
MOVE: 0 3 2 None None None
intentional discards red 2
trash is now green 4, yellow 2, yellow 1, blue 2, green 4, yellow 3, blue 3, yellow 4, white 2, white 5, white 3, red 2
intentional now has white 4, red 4, green 5, blue 5, red 5
MOVE: 1 2 0 1 None None
You plays red 4 and fails. Board was green 3, yellow 2, white 1, blue 4, red 2
You now has yellow 5, yellow 4, white 4, green 2, red 3
MOVE: 0 0 None 1 4 None
intentional hints You about all their red cards hints remaining: 1
You has yellow 5, yellow 4, white 4, green 2, red 3
MOVE: 1 2 0 1 None None
You plays yellow 5 and fails. Board was green 3, yellow 2, white 1, blue 4, red 2
You now has yellow 4, white 4, green 2, red 3, yellow 3
Score 12
