Old GID: f33aaf2a5aff44d6
Treatment: ('full', 3699)
[(3, 1), (4, 1), (2, 2), (2, 4), (0, 2), (0, 2), (0, 4), (2, 1), (1, 2), (4, 4), (3, 2), (3, 4), (0, 3), (1, 1), (2, 1), (3, 1), (4, 3), (3, 2), (2, 3), (4, 2), (1, 3), (0, 4), (2, 1), (3, 3), (2, 5), (4, 4), (2, 2), (3, 4), (0, 1), (3, 3), (1, 3), (4, 2), (4, 3), (0, 5), (3, 1), (2, 4), (1, 1), (4, 1), (1, 1), (0, 1)]
MOVE: 0 1 None 1 None 1
full hints You about all their 1 hints remaining: 7
You has green 3, red 5, green 1, red 1, yellow 2
MOVE: 1 2 2 1 None None
You plays green 1 successfully! Board is now green 1, yellow 0, white 0, blue 0, red 0
You now has green 3, red 5, red 1, yellow 2, blue 1
MOVE: 0 1 None 1 None 1
full hints You about all their 1 hints remaining: 6
You has green 3, red 5, red 1, yellow 2, blue 1
MOVE: 1 2 2 1 None None
You plays red 1 successfully! Board is now green 1, yellow 0, white 0, blue 0, red 1
You now has green 3, red 5, yellow 2, blue 1, red 1
MOVE: 0 0 None 1 3 None
full hints You about all their blue cards hints remaining: 5
You has green 3, red 5, yellow 2, blue 1, red 1
MOVE: 1 2 3 1 None None
You plays blue 1 successfully! Board is now green 1, yellow 0, white 0, blue 1, red 1
You now has green 3, red 5, yellow 2, red 1, white 2
MOVE: 0 3 0 None None None
full discards yellow 4
trash is now yellow 4
full now has yellow 5, yellow 4, blue 5, white 3, white 4
MOVE: 1 1 None 0 None 5
You hints full about all their 5 hints remaining: 5
full has yellow 5, yellow 4, blue 5, white 3, white 4
MOVE: 0 3 1 None None None
full discards yellow 4
trash is now yellow 4, yellow 4
full now has yellow 5, blue 5, white 3, white 4, green 2
MOVE: 1 0 None 0 0 None
You hints full about all their green cards hints remaining: 5
full has yellow 5, blue 5, white 3, white 4, green 2
MOVE: 0 2 4 None None None
full plays green 2 successfully! Board is now green 2, yellow 0, white 0, blue 1, red 1
full now has yellow 5, blue 5, white 3, white 4, green 2
MOVE: 1 3 2 1 None None
You discards yellow 2
trash is now yellow 4, yellow 4, yellow 2
You now has green 3, red 5, red 1, white 2, green 4
MOVE: 0 1 None 1 None 3
full hints You about all their 3 hints remaining: 5
You has green 3, red 5, red 1, white 2, green 4
MOVE: 1 2 0 1 None None
You plays green 3 successfully! Board is now green 3, yellow 0, white 0, blue 1, red 1
You now has red 5, red 1, white 2, green 4, white 1
MOVE: 0 0 None 1 0 None
full hints You about all their green cards hints remaining: 4
You has red 5, red 1, white 2, green 4, white 1
MOVE: 1 2 3 1 None None
You plays green 4 successfully! Board is now green 4, yellow 0, white 0, blue 1, red 1
You now has red 5, red 1, white 2, white 1, yellow 2
MOVE: 0 3 2 None None None
full discards white 3
trash is now yellow 4, yellow 4, yellow 2, white 3
full now has yellow 5, blue 5, white 4, green 2, red 4
MOVE: 1 1 None 0 None 4
You hints full about all their 4 hints remaining: 4
full has yellow 5, blue 5, white 4, green 2, red 4
MOVE: 0 3 4 None None None
full discards red 4
trash is now yellow 4, yellow 4, yellow 2, white 3, red 4
full now has yellow 5, blue 5, white 4, green 2, blue 2
MOVE: 1 0 None 0 3 None
You hints full about all their blue cards hints remaining: 4
full has yellow 5, blue 5, white 4, green 2, blue 2
MOVE: 0 2 4 None None None
full plays blue 2 successfully! Board is now green 4, yellow 0, white 0, blue 2, red 1
full now has yellow 5, blue 5, white 4, green 2, blue 4
MOVE: 1 3 3 1 None None
You discards white 1
trash is now yellow 4, yellow 4, yellow 2, white 3, red 4, white 1
You now has red 5, red 1, white 2, yellow 2, green 3
MOVE: 0 3 4 None None None
full discards blue 4
trash is now yellow 4, yellow 4, yellow 2, white 3, red 4, white 1, blue 4
full now has yellow 5, blue 5, white 4, green 2, yellow 1
MOVE: 1 3 0 1 None None
You discards red 5
trash is now yellow 4, yellow 4, yellow 2, white 3, red 4, white 1, blue 4, red 5
You now has red 1, white 2, yellow 2, green 3, white 1
MOVE: 0 3 4 None None None
full discards yellow 1
trash is now yellow 4, yellow 4, yellow 2, white 3, red 4, white 1, blue 4, red 5, yellow 1
full now has yellow 5, blue 5, white 4, green 2, blue 1
MOVE: 1 3 3 1 None None
You discards green 3
trash is now yellow 4, yellow 4, yellow 2, white 3, red 4, white 1, blue 4, red 5, yellow 1, green 3
You now has red 1, white 2, yellow 2, white 1, red 3
MOVE: 0 3 4 None None None
full discards blue 1
trash is now yellow 4, yellow 4, yellow 2, white 3, red 4, white 1, blue 4, red 5, yellow 1, green 3, blue 1
full now has yellow 5, blue 5, white 4, green 2, blue 2
MOVE: 1 3 4 1 None None
You discards red 3
trash is now yellow 4, yellow 4, yellow 2, white 3, red 4, white 1, blue 4, red 5, yellow 1, green 3, blue 1, red 3
You now has red 1, white 2, yellow 2, white 1, white 3
MOVE: 0 3 4 None None None
full discards blue 2
trash is now yellow 4, yellow 4, yellow 2, white 3, red 4, white 1, blue 4, red 5, yellow 1, green 3, blue 1, red 3, blue 2
full now has yellow 5, blue 5, white 4, green 2, red 2
MOVE: 1 0 None 0 4 None
You hints full about all their red cards hints remaining: 7
full has yellow 5, blue 5, white 4, green 2, red 2
MOVE: 0 2 4 None None None
full plays red 2 successfully! Board is now green 4, yellow 0, white 0, blue 2, red 2
full now has yellow 5, blue 5, white 4, green 2, yellow 3
MOVE: 1 3 2 1 None None
You discards yellow 2
trash is now yellow 4, yellow 4, yellow 2, white 3, red 4, white 1, blue 4, red 5, yellow 1, green 3, blue 1, red 3, blue 2, yellow 2
You now has red 1, white 2, white 1, white 3, green 4
MOVE: 0 0 None 1 4 None
full hints You about all their red cards hints remaining: 7
You has red 1, white 2, white 1, white 3, green 4
MOVE: 1 2 0 1 None None
You plays red 1 and fails. Board was green 4, yellow 0, white 0, blue 2, red 2
You now has white 2, white 1, white 3, green 4, white 1
MOVE: 0 1 None 1 None 1
full hints You about all their 1 hints remaining: 6
You has white 2, white 1, white 3, green 4, white 1
MOVE: 1 3 4 1 None None
You discards white 1
trash is now yellow 4, yellow 4, yellow 2, white 3, red 4, white 1, blue 4, red 5, yellow 1, green 3, blue 1, red 3, blue 2, yellow 2, red 1, white 1
You now has white 2, white 1, white 3, green 4, blue 3
MOVE: 0 0 None 1 2 None
full hints You about all their white cards hints remaining: 6
You has white 2, white 1, white 3, green 4, blue 3
MOVE: 1 3 1 1 None None
You discards white 1
trash is now yellow 4, yellow 4, yellow 2, white 3, red 4, white 1, blue 4, red 5, yellow 1, green 3, blue 1, red 3, blue 2, yellow 2, red 1, white 1, white 1
You now has white 2, white 3, green 4, blue 3, white 5
MOVE: 0 0 None 1 3 None
full hints You about all their blue cards hints remaining: 6
You has white 2, white 3, green 4, blue 3, white 5
MOVE: 1 2 3 1 None None
You plays blue 3 successfully! Board is now green 4, yellow 0, white 0, blue 3, red 2
You now has white 2, white 3, green 4, white 5, red 4
MOVE: 0 3 2 None None None
full discards white 4
trash is now yellow 4, yellow 4, yellow 2, white 3, red 4, white 1, blue 4, red 5, yellow 1, green 3, blue 1, red 3, blue 2, yellow 2, red 1, white 1, white 1, white 4
full now has yellow 5, blue 5, green 2, yellow 3, white 2
MOVE: 1 0 None 0 0 None
You hints full about all their green cards hints remaining: 6
full has yellow 5, blue 5, green 2, yellow 3, white 2
MOVE: 0 2 2 None None None
full plays green 2 and fails. Board was green 4, yellow 0, white 0, blue 3, red 2
full now has yellow 5, blue 5, yellow 3, white 2, blue 4
MOVE: 1 2 0 1 None None
You plays white 2 and fails. Board was green 4, yellow 0, white 0, blue 3, red 2
You now has white 3, green 4, white 5, red 4, green 1
Score 9
