Old GID: 8a361491c17ce0f2
Treatment: ('outer', 3077)
[(3, 4), (3, 1), (3, 1), (3, 3), (2, 4), (4, 2), (1, 1), (1, 2), (1, 3), (3, 3), (1, 1), (4, 1), (0, 5), (2, 4), (4, 4), (3, 5), (4, 1), (0, 2), (1, 4), (0, 2), (4, 3), (2, 1), (0, 4), (1, 2), (3, 2), (0, 1), (3, 4), (2, 5), (2, 3), (0, 4), (3, 1), (3, 2), (4, 4), (0, 1), (0, 1), (4, 3), (1, 5), (0, 3), (1, 4), (1, 3)]
MOVE: 0 0 None 1 2 None
outer hints You about all their white cards hints remaining: 7
You has white 2, white 1, red 5, red 1, white 2
MOVE: 1 1 None 0 None 1
You hints outer about all their 1 hints remaining: 6
outer has green 3, red 2, white 3, white 1, yellow 1
MOVE: 0 2 3 None None None
outer plays white 1 successfully! Board is now green 0, yellow 0, white 1, blue 0, red 0
outer now has green 3, red 2, white 3, yellow 1, blue 4
MOVE: 1 3 0 1 None None
You discards white 2
trash is now white 2
You now has white 1, red 5, red 1, white 2, blue 1
MOVE: 0 0 None 1 2 None
outer hints You about all their white cards hints remaining: 6
You has white 1, red 5, red 1, white 2, blue 1
MOVE: 1 3 1 1 None None
You discards red 5
trash is now white 2, red 5
You now has white 1, red 1, white 2, blue 1, blue 1
MOVE: 0 1 None 1 None 2
outer hints You about all their 2 hints remaining: 6
You has white 1, red 1, white 2, blue 1, blue 1
MOVE: 1 2 2 1 None None
You plays white 2 successfully! Board is now green 0, yellow 0, white 2, blue 0, red 0
You now has white 1, red 1, blue 1, blue 1, blue 3
MOVE: 0 0 None 1 4 None
outer hints You about all their red cards hints remaining: 5
You has white 1, red 1, blue 1, blue 1, blue 3
MOVE: 1 0 None 0 2 None
You hints outer about all their white cards hints remaining: 4
outer has green 3, red 2, white 3, yellow 1, blue 4
MOVE: 0 2 3 None None None
outer plays yellow 1 successfully! Board is now green 0, yellow 1, white 2, blue 0, red 0
outer now has green 3, red 2, white 3, blue 4, white 4
MOVE: 1 1 None 0 None 3
You hints outer about all their 3 hints remaining: 3
outer has green 3, red 2, white 3, blue 4, white 4
MOVE: 0 2 2 None None None
outer plays white 3 successfully! Board is now green 0, yellow 1, white 3, blue 0, red 0
outer now has green 3, red 2, blue 4, white 4, red 2
MOVE: 1 2 1 1 None None
You plays red 1 successfully! Board is now green 0, yellow 1, white 3, blue 0, red 1
You now has white 1, blue 1, blue 1, blue 3, yellow 1
MOVE: 0 0 None 1 3 None
outer hints You about all their blue cards hints remaining: 2
You has white 1, blue 1, blue 1, blue 3, yellow 1
MOVE: 1 0 None 0 2 None
You hints outer about all their white cards hints remaining: 1
outer has green 3, red 2, blue 4, white 4, red 2
MOVE: 0 1 None 1 None 1
outer hints You about all their 1 hints remaining: 0
You has white 1, blue 1, blue 1, blue 3, yellow 1
MOVE: 1 2 1 1 None None
You plays blue 1 successfully! Board is now green 0, yellow 1, white 3, blue 1, red 1
You now has white 1, blue 1, blue 3, yellow 1, yellow 2
MOVE: 0 3 3 None None None
outer discards white 4
trash is now white 2, red 5, white 4
outer now has green 3, red 2, blue 4, red 2, yellow 3
MOVE: 1 1 None 0 None 2
You hints outer about all their 2 hints remaining: 0
outer has green 3, red 2, blue 4, red 2, yellow 3
MOVE: 0 3 0 None None None
outer discards green 3
trash is now white 2, red 5, white 4, green 3
outer now has red 2, blue 4, red 2, yellow 3, blue 3
MOVE: 1 0 None 0 4 None
You hints outer about all their red cards hints remaining: 0
outer has red 2, blue 4, red 2, yellow 3, blue 3
MOVE: 0 2 0 None None None
outer plays red 2 successfully! Board is now green 0, yellow 1, white 3, blue 1, red 2
outer now has blue 4, red 2, yellow 3, blue 3, yellow 1
MOVE: 1 3 0 1 None None
You discards white 1
trash is now white 2, red 5, white 4, green 3, white 1
You now has blue 1, blue 3, yellow 1, yellow 2, red 1
MOVE: 0 3 1 None None None
outer discards red 2
trash is now white 2, red 5, white 4, green 3, white 1, red 2
outer now has blue 4, yellow 3, blue 3, yellow 1, green 5
MOVE: 1 3 0 1 None None
You discards blue 1
trash is now white 2, red 5, white 4, green 3, white 1, red 2, blue 1
You now has blue 3, yellow 1, yellow 2, red 1, white 4
MOVE: 0 1 None 1 None 4
outer hints You about all their 4 hints remaining: 2
You has blue 3, yellow 1, yellow 2, red 1, white 4
MOVE: 1 2 4 1 None None
You plays white 4 successfully! Board is now green 0, yellow 1, white 4, blue 1, red 2
You now has blue 3, yellow 1, yellow 2, red 1, red 4
MOVE: 0 1 None 1 None 2
outer hints You about all their 2 hints remaining: 1
You has blue 3, yellow 1, yellow 2, red 1, red 4
MOVE: 1 2 2 1 None None
You plays yellow 2 successfully! Board is now green 0, yellow 2, white 4, blue 1, red 2
You now has blue 3, yellow 1, red 1, red 4, blue 5
MOVE: 0 0 None 1 3 None
outer hints You about all their blue cards hints remaining: 0
You has blue 3, yellow 1, red 1, red 4, blue 5
MOVE: 1 2 0 1 None None
You plays blue 3 and fails. Board was green 0, yellow 2, white 4, blue 1, red 2
You now has yellow 1, red 1, red 4, blue 5, red 1
MOVE: 0 3 0 None None None
outer discards blue 4
trash is now white 2, red 5, white 4, green 3, white 1, red 2, blue 1, blue 3, blue 4
outer now has yellow 3, blue 3, yellow 1, green 5, green 2
MOVE: 1 2 3 1 None None
You plays blue 5 and fails. Board was green 0, yellow 2, white 4, blue 1, red 2
You now has yellow 1, red 1, red 4, red 1, yellow 4
MOVE: 0 1 None 1 None 4
outer hints You about all their 4 hints remaining: 0
You has yellow 1, red 1, red 4, red 1, yellow 4
MOVE: 1 2 0 1 None None
You plays yellow 1 and fails. Board was green 0, yellow 2, white 4, blue 1, red 2
You now has red 1, red 4, red 1, yellow 4, green 2
Score 9
