Old GID: 161d9b00beafe5a8
Treatment: ('full', 7757)
[(2, 1), (2, 2), (3, 3), (1, 5), (0, 1), (0, 3), (2, 4), (0, 2), (1, 2), (4, 5), (4, 2), (1, 1), (1, 2), (2, 3), (1, 1), (3, 5), (1, 3), (4, 1), (3, 1), (4, 1), (2, 4), (0, 3), (4, 2), (2, 3), (0, 4), (3, 4), (4, 3), (4, 4), (0, 2), (3, 2), (2, 5), (0, 1), (2, 1), (3, 2), (4, 4), (3, 1), (0, 4), (4, 3), (1, 4), (2, 1)]
MOVE: 0 1 None 1 None 1
full hints You about all their 1 hints remaining: 7
You has blue 1, blue 4, red 1, white 2, blue 3
MOVE: 1 1 None 0 None 1
You hints full about all their 1 hints remaining: 6
full has yellow 4, green 5, green 1, yellow 1, yellow 3
MOVE: 0 2 2 None None None
full plays green 1 successfully! Board is now green 1, yellow 0, white 0, blue 0, red 0
full now has yellow 4, green 5, yellow 1, yellow 3, white 1
MOVE: 1 0 None 0 2 None
You hints full about all their white cards hints remaining: 5
full has yellow 4, green 5, yellow 1, yellow 3, white 1
MOVE: 0 2 4 None None None
full plays white 1 successfully! Board is now green 1, yellow 0, white 1, blue 0, red 0
full now has yellow 4, green 5, yellow 1, yellow 3, white 2
MOVE: 1 0 None 0 2 None
You hints full about all their white cards hints remaining: 4
full has yellow 4, green 5, yellow 1, yellow 3, white 2
MOVE: 0 2 4 None None None
full plays white 2 successfully! Board is now green 1, yellow 0, white 2, blue 0, red 0
full now has yellow 4, green 5, yellow 1, yellow 3, blue 3
MOVE: 1 0 None 0 1 None
You hints full about all their yellow cards hints remaining: 3
full has yellow 4, green 5, yellow 1, yellow 3, blue 3
MOVE: 0 2 2 None None None
full plays yellow 1 successfully! Board is now green 1, yellow 1, white 2, blue 0, red 0
full now has yellow 4, green 5, yellow 3, blue 3, yellow 5
MOVE: 1 1 None 0 None 4
You hints full about all their 4 hints remaining: 2
full has yellow 4, green 5, yellow 3, blue 3, yellow 5
MOVE: 0 0 None 1 3 None
full hints You about all their blue cards hints remaining: 1
You has blue 1, blue 4, red 1, white 2, blue 3
MOVE: 1 2 0 1 None None
You plays blue 1 successfully! Board is now green 1, yellow 1, white 2, blue 1, red 0
You now has blue 4, red 1, white 2, blue 3, green 1
MOVE: 0 0 None 1 4 None
full hints You about all their red cards hints remaining: 0
You has blue 4, red 1, white 2, blue 3, green 1
MOVE: 1 2 1 1 None None
You plays red 1 successfully! Board is now green 1, yellow 1, white 2, blue 1, red 1
You now has blue 4, white 2, blue 3, green 1, green 3
MOVE: 0 3 4 None None None
full discards yellow 5
trash is now yellow 5
full now has yellow 4, green 5, yellow 3, blue 3, white 4
MOVE: 1 1 None 0 None 3
You hints full about all their 3 hints remaining: 0
full has yellow 4, green 5, yellow 3, blue 3, white 4
MOVE: 0 2 3 None None None
full plays blue 3 and fails. Board was green 1, yellow 1, white 2, blue 1, red 1
full now has yellow 4, green 5, yellow 3, white 4, green 2
MOVE: 1 2 2 1 None None
You plays blue 3 and fails. Board was green 1, yellow 1, white 2, blue 1, red 1
You now has blue 4, white 2, green 1, green 3, yellow 2
MOVE: 0 3 4 None None None
full discards green 2
trash is now yellow 5, blue 3, blue 3, green 2
full now has yellow 4, green 5, yellow 3, white 4, red 5
MOVE: 1 2 0 1 None None
You plays blue 4 and fails. Board was green 1, yellow 1, white 2, blue 1, red 1
You now has white 2, green 1, green 3, yellow 2, red 2
Score 6
