Old GID: b94912c8a3219a91
Treatment: ('outer', 6784)
[(3, 3), (4, 2), (1, 4), (2, 1), (0, 3), (3, 2), (1, 3), (1, 2), (4, 4), (1, 4), (0, 1), (3, 3), (0, 2), (3, 5), (1, 2), (0, 5), (3, 4), (4, 3), (1, 1), (0, 1), (4, 1), (4, 5), (4, 4), (3, 4), (2, 4), (2, 1), (3, 2), (1, 1), (3, 1), (1, 5), (4, 1), (2, 2), (0, 2), (2, 1), (0, 4), (0, 4), (2, 2), (3, 1), (2, 3), (3, 1)]
MOVE: 0 1 None 1 None 1
outer hints You about all their 1 hints remaining: 7
You has red 2, green 3, green 1, white 3, white 5
MOVE: 1 1 None 0 None 1
You hints outer about all their 1 hints remaining: 6
outer has red 1, red 3, white 4, yellow 3, yellow 1
MOVE: 0 2 0 None None None
outer plays red 1 successfully! Board is now green 0, yellow 0, white 0, blue 0, red 1
outer now has red 3, white 4, yellow 3, yellow 1, blue 3
MOVE: 1 2 2 1 None None
You plays green 1 successfully! Board is now green 1, yellow 0, white 0, blue 0, red 1
You now has red 2, green 3, white 3, white 5, red 2
MOVE: 0 1 None 1 None 2
outer hints You about all their 2 hints remaining: 5
You has red 2, green 3, white 3, white 5, red 2
MOVE: 1 0 None 0 1 None
You hints outer about all their yellow cards hints remaining: 4
outer has red 3, white 4, yellow 3, yellow 1, blue 3
MOVE: 0 2 3 None None None
outer plays yellow 1 successfully! Board is now green 1, yellow 1, white 0, blue 0, red 1
outer now has red 3, white 4, yellow 3, blue 3, yellow 4
MOVE: 1 2 4 1 None None
You plays red 2 successfully! Board is now green 1, yellow 1, white 0, blue 0, red 2
You now has red 2, green 3, white 3, white 5, white 1
MOVE: 0 1 None 1 None 1
outer hints You about all their 1 hints remaining: 3
You has red 2, green 3, white 3, white 5, white 1
MOVE: 1 2 4 1 None None
You plays white 1 successfully! Board is now green 1, yellow 1, white 1, blue 0, red 2
You now has red 2, green 3, white 3, white 5, green 3
MOVE: 0 0 None 1 0 None
outer hints You about all their green cards hints remaining: 2
You has red 2, green 3, white 3, white 5, green 3
MOVE: 1 2 0 1 None None
You plays red 2 and fails. Board was green 1, yellow 1, white 1, blue 0, red 2
You now has green 3, white 3, white 5, green 3, blue 2
MOVE: 0 1 None 1 None 2
outer hints You about all their 2 hints remaining: 1
You has green 3, white 3, white 5, green 3, blue 2
MOVE: 1 2 4 1 None None
You plays blue 2 and fails. Board was green 1, yellow 1, white 1, blue 0, red 2
You now has green 3, white 3, white 5, green 3, yellow 3
MOVE: 0 1 None 1 None 3
outer hints You about all their 3 hints remaining: 0
You has green 3, white 3, white 5, green 3, yellow 3
MOVE: 1 2 4 1 None None
You plays yellow 3 and fails. Board was green 1, yellow 1, white 1, blue 0, red 2
You now has green 3, white 3, white 5, green 3, yellow 2
Score 5
