Old GID: 96552903cd8ec072
Treatment: ('outer', 2190)
[(1, 3), (0, 2), (2, 1), (1, 1), (0, 4), (4, 3), (0, 2), (4, 3), (3, 4), (2, 3), (4, 2), (4, 4), (3, 4), (0, 1), (0, 3), (2, 3), (1, 2), (4, 5), (2, 2), (2, 4), (1, 3), (1, 1), (3, 1), (1, 2), (0, 5), (3, 1), (4, 4), (1, 1), (4, 1), (2, 1), (0, 3), (3, 2), (4, 1), (1, 4), (1, 5), (2, 2), (2, 4), (3, 3), (0, 1), (2, 5)]
MOVE: 0 0 None 1 2 None
outer hints You about all their white cards hints remaining: 7
You has white 1, yellow 4, red 2, red 1, green 1
MOVE: 1 1 None 0 None 1
You hints outer about all their 1 hints remaining: 6
outer has blue 3, blue 1, green 4, blue 2, blue 5
MOVE: 0 2 1 None None None
outer plays blue 1 successfully! Board is now green 0, yellow 0, white 0, blue 1, red 0
outer now has blue 3, green 4, blue 2, blue 5, yellow 3
MOVE: 1 1 None 0 None 2
You hints outer about all their 2 hints remaining: 5
outer has blue 3, green 4, blue 2, blue 5, yellow 3
MOVE: 0 1 None 1 None 1
outer hints You about all their 1 hints remaining: 4
You has white 1, yellow 4, red 2, red 1, green 1
MOVE: 1 0 None 0 3 None
You hints outer about all their blue cards hints remaining: 3
outer has blue 3, green 4, blue 2, blue 5, yellow 3
MOVE: 0 2 2 None None None
outer plays blue 2 successfully! Board is now green 0, yellow 0, white 0, blue 2, red 0
outer now has blue 3, green 4, blue 5, yellow 3, green 2
MOVE: 1 1 None 0 None 3
You hints outer about all their 3 hints remaining: 2
outer has blue 3, green 4, blue 5, yellow 3, green 2
MOVE: 0 2 0 None None None
outer plays blue 3 successfully! Board is now green 0, yellow 0, white 0, blue 3, red 0
outer now has green 4, blue 5, yellow 3, green 2, white 1
MOVE: 1 0 None 0 2 None
You hints outer about all their white cards hints remaining: 1
outer has green 4, blue 5, yellow 3, green 2, white 1
MOVE: 0 1 None 1 None 1
outer hints You about all their 1 hints remaining: 0
You has white 1, yellow 4, red 2, red 1, green 1
MOVE: 1 2 3 1 None None
You plays red 1 successfully! Board is now green 0, yellow 0, white 0, blue 3, red 1
You now has white 1, yellow 4, red 2, green 1, yellow 1
MOVE: 0 3 0 None None None
outer discards green 4
trash is now green 4
outer now has blue 5, yellow 3, green 2, white 1, green 4
MOVE: 1 2 3 1 None None
You plays green 1 successfully! Board is now green 1, yellow 0, white 0, blue 3, red 1
You now has white 1, yellow 4, red 2, yellow 1, red 3
MOVE: 0 0 None 1 4 None
outer hints You about all their red cards hints remaining: 0
You has white 1, yellow 4, red 2, yellow 1, red 3
MOVE: 1 2 0 1 None None
You plays white 1 successfully! Board is now green 1, yellow 0, white 1, blue 3, red 1
You now has yellow 4, red 2, yellow 1, red 3, green 2
MOVE: 0 3 2 None None None
outer discards green 2
trash is now green 4, green 2
outer now has blue 5, yellow 3, white 1, green 4, red 3
MOVE: 1 2 3 1 None None
You plays red 3 and fails. Board was green 1, yellow 0, white 1, blue 3, red 1
You now has yellow 4, red 2, yellow 1, green 2, blue 4
MOVE: 0 1 None 1 None 4
outer hints You about all their 4 hints remaining: 0
You has yellow 4, red 2, yellow 1, green 2, blue 4
MOVE: 1 2 1 1 None None
You plays red 2 successfully! Board is now green 1, yellow 0, white 1, blue 3, red 2
You now has yellow 4, yellow 1, green 2, blue 4, white 3
MOVE: 0 3 4 None None None
outer discards red 3
trash is now green 4, green 2, red 3, red 3
outer now has blue 5, yellow 3, white 1, green 4, red 2
MOVE: 1 2 3 1 None None
You plays blue 4 successfully! Board is now green 1, yellow 0, white 1, blue 4, red 2
You now has yellow 4, yellow 1, green 2, white 3, red 4
MOVE: 0 1 None 1 None 2
outer hints You about all their 2 hints remaining: 0
You has yellow 4, yellow 1, green 2, white 3, red 4
MOVE: 1 2 2 1 None None
You plays green 2 successfully! Board is now green 2, yellow 0, white 1, blue 4, red 2
You now has yellow 4, yellow 1, white 3, red 4, blue 4
MOVE: 0 3 0 None None None
outer discards blue 5
trash is now green 4, green 2, red 3, red 3, blue 5
outer now has yellow 3, white 1, green 4, red 2, green 1
MOVE: 1 2 4 1 None None
You plays blue 4 and fails. Board was green 2, yellow 0, white 1, blue 4, red 2
You now has yellow 4, yellow 1, white 3, red 4, green 3
MOVE: 0 1 None 1 None 3
outer hints You about all their 3 hints remaining: 0
You has yellow 4, yellow 1, white 3, red 4, green 3
MOVE: 1 2 4 1 None None
You plays green 3 successfully! Board is now green 3, yellow 0, white 1, blue 4, red 2
You now has yellow 4, yellow 1, white 3, red 4, white 3
MOVE: 0 3 3 None None None
outer discards red 2
trash is now green 4, green 2, red 3, red 3, blue 5, blue 4, red 2
outer now has yellow 3, white 1, green 4, green 1, yellow 2
MOVE: 1 2 4 1 None None
You plays white 3 and fails. Board was green 3, yellow 0, white 1, blue 4, red 2
You now has yellow 4, yellow 1, white 3, red 4, red 5
Score 10
