Old GID: fab8facd49b47149
Treatment: ('full', 7198)
[(3, 4), (2, 4), (1, 4), (4, 3), (2, 3), (0, 5), (2, 5), (0, 2), (3, 4), (4, 1), (0, 3), (0, 4), (3, 5), (3, 2), (0, 1), (1, 1), (2, 3), (2, 2), (3, 1), (4, 2), (0, 1), (0, 1), (3, 2), (1, 2), (4, 2), (1, 4), (2, 2), (1, 5), (4, 4), (4, 1), (2, 4), (2, 1), (0, 2), (4, 3), (1, 3), (2, 1), (3, 1), (3, 3), (1, 2), (2, 1)]
MOVE: 0 1 None 1 None 1
full hints You about all their 1 hints remaining: 7
You has red 5, green 4, yellow 3, blue 3, red 1
MOVE: 1 2 4 1 None None
You plays red 1 successfully! Board is now green 0, yellow 0, white 0, blue 0, red 1
You now has red 5, green 4, yellow 3, blue 3, blue 4
MOVE: 0 3 0 None None None
full discards blue 1
trash is now blue 1
full now has yellow 1, red 4, green 3, yellow 1, white 4
MOVE: 1 1 None 0 None 1
You hints full about all their 1 hints remaining: 7
full has yellow 1, red 4, green 3, yellow 1, white 4
MOVE: 0 2 0 None None None
full plays yellow 1 successfully! Board is now green 0, yellow 1, white 0, blue 0, red 1
full now has red 4, green 3, yellow 1, white 4, yellow 4
MOVE: 1 0 None 0 1 None
You hints full about all their yellow cards hints remaining: 6
full has red 4, green 3, yellow 1, white 4, yellow 4
MOVE: 0 2 4 None None None
full plays yellow 4 and fails. Board was green 0, yellow 1, white 0, blue 0, red 1
full now has red 4, green 3, yellow 1, white 4, red 3
MOVE: 1 3 2 1 None None
You discards yellow 3
trash is now blue 1, yellow 4, yellow 3
You now has red 5, green 4, blue 3, blue 4, white 3
MOVE: 0 3 2 None None None
full discards yellow 1
trash is now blue 1, yellow 4, yellow 3, yellow 1
full now has red 4, green 3, white 4, red 3, green 5
MOVE: 1 1 None 0 None 4
You hints full about all their 4 hints remaining: 7
full has red 4, green 3, white 4, red 3, green 5
MOVE: 0 3 0 None None None
full discards red 4
trash is now blue 1, yellow 4, yellow 3, yellow 1, red 4
full now has green 3, white 4, red 3, green 5, white 5
MOVE: 1 1 None 0 None 5
You hints full about all their 5 hints remaining: 7
full has green 3, white 4, red 3, green 5, white 5
MOVE: 0 3 0 None None None
full discards green 3
trash is now blue 1, yellow 4, yellow 3, yellow 1, red 4, green 3
full now has white 4, red 3, green 5, white 5, green 2
MOVE: 1 0 None 0 2 None
You hints full about all their white cards hints remaining: 7
full has white 4, red 3, green 5, white 5, green 2
MOVE: 0 3 0 None None None
full discards white 4
trash is now blue 1, yellow 4, yellow 3, yellow 1, red 4, green 3, white 4
full now has red 3, green 5, white 5, green 2, blue 4
MOVE: 1 3 3 1 None None
You discards blue 4
trash is now blue 1, yellow 4, yellow 3, yellow 1, red 4, green 3, white 4, blue 4
You now has red 5, green 4, blue 3, white 3, red 1
MOVE: 0 3 0 None None None
full discards red 3
trash is now blue 1, yellow 4, yellow 3, yellow 1, red 4, green 3, white 4, blue 4, red 3
full now has green 5, white 5, green 2, blue 4, green 3
MOVE: 1 0 None 0 0 None
You hints full about all their green cards hints remaining: 7
full has green 5, white 5, green 2, blue 4, green 3
MOVE: 0 2 2 None None None
full plays green 2 and fails. Board was green 0, yellow 1, white 0, blue 0, red 1
full now has green 5, white 5, blue 4, green 3, green 4
MOVE: 1 1 None 0 None 4
You hints full about all their 4 hints remaining: 6
full has green 5, white 5, blue 4, green 3, green 4
MOVE: 0 3 4 None None None
full discards green 4
trash is now blue 1, yellow 4, yellow 3, yellow 1, red 4, green 3, white 4, blue 4, red 3, green 2, green 4
full now has green 5, white 5, blue 4, green 3, blue 5
MOVE: 1 1 None 0 None 5
You hints full about all their 5 hints remaining: 6
full has green 5, white 5, blue 4, green 3, blue 5
MOVE: 0 3 0 None None None
full discards green 5
trash is now blue 1, yellow 4, yellow 3, yellow 1, red 4, green 3, white 4, blue 4, red 3, green 2, green 4, green 5
full now has white 5, blue 4, green 3, blue 5, blue 2
MOVE: 1 2 2 1 None None
You plays blue 3 and fails. Board was green 0, yellow 1, white 0, blue 0, red 1
You now has red 5, green 4, white 3, red 1, green 1
Score 2
