Old GID: 5a825ac8a874cea8
Treatment: ('outer', 9741)
[(0, 1), (3, 1), (0, 5), (0, 1), (4, 2), (2, 4), (2, 3), (2, 4), (0, 4), (2, 1), (3, 1), (2, 3), (1, 5), (3, 3), (3, 5), (1, 3), (3, 4), (0, 3), (4, 3), (3, 2), (4, 1), (2, 1), (2, 5), (1, 2), (3, 4), (0, 1), (2, 2), (2, 1), (4, 1), (2, 2), (0, 4), (1, 2), (1, 3), (3, 2), (4, 1), (4, 5), (4, 4), (1, 4), (3, 3), (1, 1)]
MOVE: 0 1 None 1 None 1
outer hints You about all their 1 hints remaining: 7
You has blue 1, green 3, red 3, yellow 1, green 2
MOVE: 1 2 3 1 None None
You plays yellow 1 successfully! Board is now green 0, yellow 1, white 0, blue 0, red 0
You now has blue 1, green 3, red 3, green 2, green 1
MOVE: 0 0 None 1 3 None
outer hints You about all their blue cards hints remaining: 6
You has blue 1, green 3, red 3, green 2, green 1
MOVE: 1 2 0 1 None None
You plays blue 1 successfully! Board is now green 0, yellow 1, white 0, blue 1, red 0
You now has green 3, red 3, green 2, green 1, blue 1
MOVE: 0 1 None 1 None 1
outer hints You about all their 1 hints remaining: 5
You has green 3, red 3, green 2, green 1, blue 1
MOVE: 1 2 4 1 None None
You plays blue 1 and fails. Board was green 0, yellow 1, white 0, blue 1, red 0
You now has green 3, red 3, green 2, green 1, green 5
MOVE: 0 0 None 1 0 None
outer hints You about all their green cards hints remaining: 4
You has green 3, red 3, green 2, green 1, green 5
MOVE: 1 2 3 1 None None
You plays green 1 successfully! Board is now green 1, yellow 1, white 0, blue 1, red 0
You now has green 3, red 3, green 2, green 5, green 1
MOVE: 0 1 None 1 None 2
outer hints You about all their 2 hints remaining: 3
You has green 3, red 3, green 2, green 5, green 1
MOVE: 1 2 2 1 None None
You plays green 2 successfully! Board is now green 2, yellow 1, white 0, blue 1, red 0
You now has green 3, red 3, green 5, green 1, red 2
MOVE: 0 1 None 1 None 3
outer hints You about all their 3 hints remaining: 2
You has green 3, red 3, green 5, green 1, red 2
MOVE: 1 2 0 1 None None
You plays green 3 successfully! Board is now green 3, yellow 1, white 0, blue 1, red 0
You now has red 3, green 5, green 1, red 2, white 4
MOVE: 0 1 None 1 None 5
outer hints You about all their 5 hints remaining: 1
You has red 3, green 5, green 1, red 2, white 4
MOVE: 1 3 0 1 None None
You discards red 3
trash is now blue 1, red 3
You now has green 5, green 1, red 2, white 4, white 3
MOVE: 0 1 None 1 None 4
outer hints You about all their 4 hints remaining: 1
You has green 5, green 1, red 2, white 4, white 3
MOVE: 1 2 3 1 None None
You plays white 4 and fails. Board was green 3, yellow 1, white 0, blue 1, red 0
You now has green 5, green 1, red 2, white 3, white 4
MOVE: 0 0 None 1 0 None
outer hints You about all their green cards hints remaining: 0
You has green 5, green 1, red 2, white 3, white 4
MOVE: 1 2 1 1 None None
You plays green 1 and fails. Board was green 3, yellow 1, white 0, blue 1, red 0
You now has green 5, red 2, white 3, white 4, green 4
Score 5
