Old GID: 4e64d240aec042aa
Treatment: ('outer', 7248)
[(2, 3), (0, 3), (0, 4), (0, 1), (4, 1), (4, 4), (3, 3), (1, 2), (2, 4), (0, 1), (2, 4), (2, 1), (4, 2), (4, 3), (0, 3), (1, 3), (0, 4), (4, 2), (3, 4), (0, 1), (2, 2), (0, 2), (1, 1), (1, 4), (4, 4), (1, 1), (2, 2), (4, 1), (3, 2), (1, 4), (1, 5), (4, 3), (4, 1), (3, 4), (0, 5), (1, 2), (1, 3), (2, 5), (2, 3), (3, 1)]
MOVE: 0 1 None 1 None 1
outer hints You about all their 1 hints remaining: 7
You has white 1, blue 3, green 2, white 1, blue 1
MOVE: 1 1 None 0 None 1
You hints outer about all their 1 hints remaining: 6
outer has yellow 1, red 5, blue 5, blue 2, blue 1
MOVE: 0 2 0 None None None
outer plays yellow 1 successfully! Board is now green 0, yellow 1, white 0, blue 0, red 0
outer now has red 5, blue 5, blue 2, blue 1, white 3
MOVE: 1 0 None 0 3 None
You hints outer about all their blue cards hints remaining: 5
outer has red 5, blue 5, blue 2, blue 1, white 3
MOVE: 0 2 3 None None None
outer plays blue 1 successfully! Board is now green 0, yellow 1, white 0, blue 1, red 0
outer now has red 5, blue 5, blue 2, white 3, green 3
MOVE: 1 1 None 0 None 2
You hints outer about all their 2 hints remaining: 4
outer has red 5, blue 5, blue 2, white 3, green 3
MOVE: 0 2 2 None None None
outer plays blue 2 successfully! Board is now green 0, yellow 1, white 0, blue 2, red 0
outer now has red 5, blue 5, white 3, green 3, green 4
MOVE: 1 2 3 1 None None
You plays white 1 successfully! Board is now green 0, yellow 1, white 1, blue 2, red 0
You now has white 1, blue 3, green 2, blue 1, green 1
MOVE: 0 1 None 1 None 3
outer hints You about all their 3 hints remaining: 3
You has white 1, blue 3, green 2, blue 1, green 1
MOVE: 1 2 1 1 None None
You plays blue 3 successfully! Board is now green 0, yellow 1, white 1, blue 3, red 0
You now has white 1, green 2, blue 1, green 1, red 1
MOVE: 0 0 None 1 0 None
outer hints You about all their green cards hints remaining: 2
You has white 1, green 2, blue 1, green 1, red 1
MOVE: 1 2 3 1 None None
You plays green 1 successfully! Board is now green 1, yellow 1, white 1, blue 3, red 0
You now has white 1, green 2, blue 1, red 1, red 4
MOVE: 0 0 None 1 0 None
outer hints You about all their green cards hints remaining: 1
You has white 1, green 2, blue 1, red 1, red 4
MOVE: 1 2 1 1 None None
You plays green 2 successfully! Board is now green 2, yellow 1, white 1, blue 3, red 0
You now has white 1, blue 1, red 1, red 4, blue 3
MOVE: 0 1 None 1 None 1
outer hints You about all their 1 hints remaining: 0
You has white 1, blue 1, red 1, red 4, blue 3
MOVE: 1 3 0 1 None None
You discards white 1
trash is now white 1
You now has blue 1, red 1, red 4, blue 3, yellow 2
MOVE: 0 1 None 1 None 2
outer hints You about all their 2 hints remaining: 0
You has blue 1, red 1, red 4, blue 3, yellow 2
MOVE: 1 2 4 1 None None
You plays yellow 2 successfully! Board is now green 2, yellow 2, white 1, blue 3, red 0
You now has blue 1, red 1, red 4, blue 3, white 4
MOVE: 0 3 1 None None None
outer discards blue 5
trash is now white 1, blue 5
outer now has red 5, white 3, green 3, green 4, green 1
MOVE: 1 0 None 0 0 None
You hints outer about all their green cards hints remaining: 0
outer has red 5, white 3, green 3, green 4, green 1
MOVE: 0 3 0 None None None
outer discards red 5
trash is now white 1, blue 5, red 5
outer now has white 3, green 3, green 4, green 1, white 4
MOVE: 1 1 None 0 None 3
You hints outer about all their 3 hints remaining: 0
outer has white 3, green 3, green 4, green 1, white 4
MOVE: 0 2 1 None None None
outer plays green 3 successfully! Board is now green 3, yellow 2, white 1, blue 3, red 0
outer now has white 3, green 4, green 1, white 4, white 1
MOVE: 1 3 1 1 None None
You discards red 1
trash is now white 1, blue 5, red 5, red 1
You now has blue 1, red 4, blue 3, white 4, red 2
MOVE: 0 0 None 1 4 None
outer hints You about all their red cards hints remaining: 0
You has blue 1, red 4, blue 3, white 4, red 2
MOVE: 1 2 1 1 None None
You plays red 4 and fails. Board was green 3, yellow 2, white 1, blue 3, red 0
You now has blue 1, blue 3, white 4, red 2, red 3
MOVE: 0 3 1 None None None
outer discards green 4
trash is now white 1, blue 5, red 5, red 1, red 4, green 4
outer now has white 3, green 1, white 4, white 1, green 3
MOVE: 1 3 0 1 None None
You discards blue 1
trash is now white 1, blue 5, red 5, red 1, red 4, green 4, blue 1
You now has blue 3, white 4, red 2, red 3, yellow 3
MOVE: 0 0 None 1 1 None
outer hints You about all their yellow cards hints remaining: 1
You has blue 3, white 4, red 2, red 3, yellow 3
MOVE: 1 2 4 1 None None
You plays yellow 3 successfully! Board is now green 3, yellow 3, white 1, blue 3, red 0
You now has blue 3, white 4, red 2, red 3, green 4
MOVE: 0 0 None 1 0 None
outer hints You about all their green cards hints remaining: 0
You has blue 3, white 4, red 2, red 3, green 4
MOVE: 1 2 4 1 None None
You plays green 4 successfully! Board is now green 4, yellow 3, white 1, blue 3, red 0
You now has blue 3, white 4, red 2, red 3, red 2
MOVE: 0 3 1 None None None
outer discards green 1
trash is now white 1, blue 5, red 5, red 1, red 4, green 4, blue 1, green 1
outer now has white 3, white 4, white 1, green 3, blue 4
MOVE: 1 2 2 1 None None
You plays red 2 and fails. Board was green 4, yellow 3, white 1, blue 3, red 0
You now has blue 3, white 4, red 3, red 2, green 1
MOVE: 0 1 None 1 None 3
outer hints You about all their 3 hints remaining: 0
You has blue 3, white 4, red 3, red 2, green 1
MOVE: 1 3 2 1 None None
You discards red 3
trash is now white 1, blue 5, red 5, red 1, red 4, green 4, blue 1, green 1, red 2, red 3
You now has blue 3, white 4, red 2, green 1, white 2
MOVE: 0 0 None 1 2 None
outer hints You about all their white cards hints remaining: 0
You has blue 3, white 4, red 2, green 1, white 2
MOVE: 1 2 1 1 None None
You plays white 4 and fails. Board was green 4, yellow 3, white 1, blue 3, red 0
You now has blue 3, red 2, green 1, white 2, green 2
Score 11
