Old GID: 4e42491a841e2d43
Treatment: ('full', 7326)
[(3, 2), (0, 4), (3, 3), (4, 1), (0, 1), (2, 4), (2, 1), (2, 5), (4, 2), (0, 5), (3, 4), (1, 2), (1, 1), (2, 4), (0, 1), (1, 3), (3, 1), (4, 1), (2, 3), (4, 3), (4, 4), (2, 2), (1, 4), (4, 4), (3, 3), (3, 5), (2, 1), (4, 1), (1, 3), (4, 3), (3, 1), (1, 4), (1, 2), (0, 3), (0, 1), (1, 1), (2, 1), (0, 2), (1, 1), (1, 5)]
MOVE: 0 1 None 1 None 1
full hints You about all their 1 hints remaining: 7
You has blue 1, white 2, red 5, red 2, blue 2
MOVE: 1 2 0 1 None None
You plays blue 1 successfully! Board is now green 0, yellow 0, white 0, blue 1, red 0
You now has white 2, red 5, red 2, blue 2, blue 2
MOVE: 0 0 None 1 3 None
full hints You about all their blue cards hints remaining: 6
You has white 2, red 5, red 2, blue 2, blue 2
MOVE: 1 2 4 1 None None
You plays blue 2 successfully! Board is now green 0, yellow 0, white 0, blue 2, red 0
You now has white 2, red 5, red 2, blue 2, green 4
MOVE: 0 1 None 1 None 2
full hints You about all their 2 hints remaining: 5
You has white 2, red 5, red 2, blue 2, green 4
MOVE: 1 3 3 1 None None
You discards blue 2
trash is now blue 2
You now has white 2, red 5, red 2, green 4, blue 3
MOVE: 0 0 None 1 3 None
full hints You about all their blue cards hints remaining: 5
You has white 2, red 5, red 2, green 4, blue 3
MOVE: 1 2 4 1 None None
You plays blue 3 successfully! Board is now green 0, yellow 0, white 0, blue 3, red 0
You now has white 2, red 5, red 2, green 4, red 1
MOVE: 0 0 None 1 4 None
full hints You about all their red cards hints remaining: 4
You has white 2, red 5, red 2, green 4, red 1
MOVE: 1 2 4 1 None None
You plays red 1 successfully! Board is now green 0, yellow 0, white 0, blue 3, red 1
You now has white 2, red 5, red 2, green 4, green 1
MOVE: 0 1 None 1 None 1
full hints You about all their 1 hints remaining: 3
You has white 2, red 5, red 2, green 4, green 1
MOVE: 1 2 2 1 None None
You plays red 2 successfully! Board is now green 0, yellow 0, white 0, blue 3, red 2
You now has white 2, red 5, green 4, green 1, white 4
MOVE: 0 0 None 1 0 None
full hints You about all their green cards hints remaining: 2
You has white 2, red 5, green 4, green 1, white 4
MOVE: 1 2 3 1 None None
You plays green 1 successfully! Board is now green 1, yellow 0, white 0, blue 3, red 2
You now has white 2, red 5, green 4, white 4, white 1
MOVE: 0 1 None 1 None 1
full hints You about all their 1 hints remaining: 1
You has white 2, red 5, green 4, white 4, white 1
MOVE: 1 2 4 1 None None
You plays white 1 successfully! Board is now green 1, yellow 0, white 1, blue 3, red 2
You now has white 2, red 5, green 4, white 4, white 5
MOVE: 0 3 0 None None None
full discards blue 4
trash is now blue 2, blue 4
full now has green 4, white 3, green 3, green 2, red 2
MOVE: 1 0 None 0 0 None
You hints full about all their green cards hints remaining: 1
full has green 4, white 3, green 3, green 2, red 2
MOVE: 0 2 0 None None None
full plays green 4 and fails. Board was green 1, yellow 0, white 1, blue 3, red 2
full now has white 3, green 3, green 2, red 2, green 5
MOVE: 1 1 None 0 None 2
You hints full about all their 2 hints remaining: 0
full has white 3, green 3, green 2, red 2, green 5
MOVE: 0 2 2 None None None
full plays green 2 successfully! Board is now green 2, yellow 0, white 1, blue 3, red 2
full now has white 3, green 3, red 2, green 5, blue 4
MOVE: 1 3 2 1 None None
You discards green 4
trash is now blue 2, blue 4, green 4, green 4
You now has white 2, red 5, white 4, white 5, yellow 2
MOVE: 0 3 4 None None None
full discards blue 4
trash is now blue 2, blue 4, green 4, green 4, blue 4
full now has white 3, green 3, red 2, green 5, yellow 1
MOVE: 1 1 None 0 None 3
You hints full about all their 3 hints remaining: 1
full has white 3, green 3, red 2, green 5, yellow 1
MOVE: 0 2 0 None None None
full plays white 3 and fails. Board was green 2, yellow 0, white 1, blue 3, red 2
full now has green 3, red 2, green 5, yellow 1, white 4
MOVE: 1 1 None 0 None 1
You hints full about all their 1 hints remaining: 0
full has green 3, red 2, green 5, yellow 1, white 4
MOVE: 0 2 3 None None None
full plays yellow 1 successfully! Board is now green 2, yellow 1, white 1, blue 3, red 2
full now has green 3, red 2, green 5, white 4, green 1
MOVE: 1 2 1 1 None None
You plays red 5 and fails. Board was green 2, yellow 1, white 1, blue 3, red 2
You now has white 2, white 4, white 5, yellow 2, yellow 3
Score 9
