Treatment: ('intentional', 4)
[(4, 4), (3, 4), (3, 3), (1, 1), (0, 2), (0, 4), (4, 1), (1, 3), (0, 1), (2, 5), (3, 3), (4, 5), (1, 3), (1, 2), (0, 1), (2, 1), (2, 2), (2, 1), (4, 2), (4, 2), (4, 4), (2, 3), (2, 3), (2, 4), (4, 1), (4, 3), (4, 3), (0, 3), (1, 1), (2, 1), (0, 5), (3, 1), (3, 2), (4, 1), (1, 4), (0, 2), (0, 4), (1, 5), (0, 3), (1, 1)]
MOVE: 0 1 None 1 None 1
intentional hints You about all their 1 hints remaining: 7
You has green 1, blue 1, yellow 4, white 4, blue 1
MOVE: 1 2 0 1 None None
You plays green 1 successfully! Board is now green 1, yellow 0, white 0, blue 0, red 0
You now has blue 1, yellow 4, white 4, blue 1, red 4
MOVE: 0 0 None 1 3 None
intentional hints You about all their blue cards hints remaining: 6
You has blue 1, yellow 4, white 4, blue 1, red 4
MOVE: 1 2 1 1 None None
You plays yellow 4 and fails. Board was green 1, yellow 0, white 0, blue 0, red 0
You now has blue 1, white 4, blue 1, red 4, blue 4
MOVE: 0 3 0 None None None
intentional discards yellow 2
trash is now yellow 4, yellow 2
intentional now has white 2, blue 5, blue 4, blue 2, blue 3
MOVE: 1 2 4 1 None None
You plays blue 4 and fails. Board was green 1, yellow 0, white 0, blue 0, red 0
You now has blue 1, white 4, blue 1, red 4, yellow 1
MOVE: 0 1 None 1 None 1
intentional hints You about all their 1 hints remaining: 6
You has blue 1, white 4, blue 1, red 4, yellow 1
MOVE: 1 3 3 1 None None
You discards red 4
trash is now yellow 4, yellow 2, blue 4, red 4
You now has blue 1, white 4, blue 1, yellow 1, green 2
MOVE: 0 0 None 1 0 None
intentional hints You about all their green cards hints remaining: 6
You has blue 1, white 4, blue 1, yellow 1, green 2
MOVE: 1 3 1 1 None None
You discards white 4
trash is now yellow 4, yellow 2, blue 4, red 4, white 4
You now has blue 1, blue 1, yellow 1, green 2, green 4
MOVE: 0 0 None 1 1 None
intentional hints You about all their yellow cards hints remaining: 6
You has blue 1, blue 1, yellow 1, green 2, green 4
MOVE: 1 2 2 1 None None
You plays yellow 1 successfully! Board is now green 1, yellow 1, white 0, blue 0, red 0
You now has blue 1, blue 1, green 2, green 4, red 1
MOVE: 0 1 None 1 None 1
intentional hints You about all their 1 hints remaining: 5
You has blue 1, blue 1, green 2, green 4, red 1
MOVE: 1 2 1 1 None None
You plays blue 1 successfully! Board is now green 1, yellow 1, white 0, blue 1, red 0
You now has blue 1, green 2, green 4, red 1, yellow 3
MOVE: 0 0 None 1 4 None
intentional hints You about all their red cards hints remaining: 4
You has blue 1, green 2, green 4, red 1, yellow 3
MOVE: 1 2 2 1 None None
You plays green 4 and fails. Board was green 1, yellow 1, white 0, blue 1, red 0
You now has blue 1, green 2, red 1, yellow 3, green 1
Score 3
