Old GID: ff840d8a63adea1d
Treatment: ('full', 5587)
[(4, 2), (3, 1), (0, 5), (3, 2), (4, 3), (0, 3), (1, 4), (2, 1), (3, 5), (0, 1), (0, 1), (2, 3), (4, 4), (0, 2), (2, 1), (2, 5), (2, 2), (1, 1), (3, 2), (3, 4), (1, 5), (3, 3), (3, 4), (4, 1), (2, 2), (4, 5), (1, 4), (4, 1), (3, 1), (3, 3), (0, 3), (4, 3), (1, 3), (1, 1), (2, 4), (4, 2), (0, 4), (1, 2), (1, 3), (0, 1)]
MOVE: 0 1 None 1 None 1
full hints You about all their 1 hints remaining: 7
You has white 1, yellow 1, green 4, white 4, red 1
MOVE: 1 2 0 1 None None
You plays white 1 successfully! Board is now green 0, yellow 0, white 1, blue 0, red 0
You now has yellow 1, green 4, white 4, red 1, red 2
MOVE: 0 0 None 1 1 None
full hints You about all their yellow cards hints remaining: 6
You has yellow 1, green 4, white 4, red 1, red 2
MOVE: 1 2 0 1 None None
You plays yellow 1 successfully! Board is now green 0, yellow 1, white 1, blue 0, red 0
You now has green 4, white 4, red 1, red 2, blue 1
MOVE: 0 1 None 1 None 1
full hints You about all their 1 hints remaining: 5
You has green 4, white 4, red 1, red 2, blue 1
MOVE: 1 1 None 0 None 1
You hints full about all their 1 hints remaining: 4
full has red 4, blue 1, green 2, white 3, yellow 2
MOVE: 0 2 1 None None None
full plays blue 1 successfully! Board is now green 0, yellow 1, white 1, blue 1, red 0
full now has red 4, green 2, white 3, yellow 2, green 5
MOVE: 1 1 None 0 None 2
You hints full about all their 2 hints remaining: 3
full has red 4, green 2, white 3, yellow 2, green 5
MOVE: 0 2 1 None None None
full plays green 2 and fails. Board was green 0, yellow 1, white 1, blue 1, red 0
full now has red 4, white 3, yellow 2, green 5, blue 2
MOVE: 1 0 None 0 1 None
You hints full about all their yellow cards hints remaining: 2
full has red 4, white 3, yellow 2, green 5, blue 2
MOVE: 0 2 2 None None None
full plays yellow 2 successfully! Board is now green 0, yellow 2, white 1, blue 1, red 0
full now has red 4, white 3, green 5, blue 2, red 3
MOVE: 1 0 None 0 3 None
You hints full about all their blue cards hints remaining: 1
full has red 4, white 3, green 5, blue 2, red 3
MOVE: 0 2 3 None None None
full plays blue 2 successfully! Board is now green 0, yellow 2, white 1, blue 2, red 0
full now has red 4, white 3, green 5, red 3, green 3
MOVE: 1 2 2 1 None None
You plays red 1 successfully! Board is now green 0, yellow 2, white 1, blue 2, red 1
You now has green 4, white 4, red 2, blue 1, yellow 4
MOVE: 0 0 None 1 4 None
full hints You about all their red cards hints remaining: 0
You has green 4, white 4, red 2, blue 1, yellow 4
MOVE: 1 2 2 1 None None
You plays red 2 successfully! Board is now green 0, yellow 2, white 1, blue 2, red 2
You now has green 4, white 4, blue 1, yellow 4, white 1
MOVE: 0 3 4 None None None
full discards green 3
trash is now green 2, green 3
full now has red 4, white 3, green 5, red 3, blue 5
MOVE: 1 1 None 0 None 3
You hints full about all their 3 hints remaining: 0
full has red 4, white 3, green 5, red 3, blue 5
MOVE: 0 2 1 None None None
full plays white 3 and fails. Board was green 0, yellow 2, white 1, blue 2, red 2
full now has red 4, green 5, red 3, blue 5, green 1
MOVE: 1 2 2 1 None None
You plays blue 1 and fails. Board was green 0, yellow 2, white 1, blue 2, red 2
You now has green 4, white 4, yellow 4, white 1, green 1
Score 7
