Old GID: c700b127da6eac82
Treatment: ('outer', 5356)
[(0, 1), (1, 3), (2, 2), (4, 1), (2, 4), (0, 4), (2, 4), (0, 3), (1, 2), (0, 1), (0, 3), (1, 4), (1, 3), (0, 5), (3, 1), (2, 3), (2, 1), (3, 5), (1, 2), (2, 1), (1, 5), (0, 1), (2, 2), (3, 2), (3, 1), (1, 1), (1, 4), (4, 2), (1, 1), (4, 1), (2, 1), (0, 2), (4, 1), (3, 4), (4, 3), (4, 4), (3, 1), (4, 4), (0, 4), (4, 3)]
MOVE: 0 0 None 1 0 None
outer hints You about all their green cards hints remaining: 7
You has red 5, blue 4, red 2, blue 3, green 2
MOVE: 1 1 None 0 None 1
You hints outer about all their 1 hints remaining: 6
outer has white 3, white 5, blue 3, yellow 1, blue 2
MOVE: 0 2 3 None None None
outer plays yellow 1 successfully! Board is now green 0, yellow 1, white 0, blue 0, red 0
outer now has white 3, white 5, blue 3, blue 2, green 1
MOVE: 1 2 4 1 None None
You plays green 2 and fails. Board was green 0, yellow 1, white 0, blue 0, red 0
You now has red 5, blue 4, red 2, blue 3, yellow 3
MOVE: 0 1 None 1 None 3
outer hints You about all their 3 hints remaining: 5
You has red 5, blue 4, red 2, blue 3, yellow 3
MOVE: 1 2 4 1 None None
You plays yellow 3 and fails. Board was green 0, yellow 1, white 0, blue 0, red 0
You now has red 5, blue 4, red 2, blue 3, white 2
MOVE: 0 1 None 1 None 3
outer hints You about all their 3 hints remaining: 4
You has red 5, blue 4, red 2, blue 3, white 2
MOVE: 1 2 4 1 None None
You plays white 2 and fails. Board was green 0, yellow 1, white 0, blue 0, red 0
You now has red 5, blue 4, red 2, blue 3, red 1
Score 1
