Treatment: ('full', 1)
[(0, 1), (1, 1), (3, 3), (4, 3), (2, 2), (1, 4), (3, 5), (4, 4), (1, 5), (0, 2), (2, 2), (0, 5), (3, 2), (2, 5), (2, 4), (0, 3), (1, 1), (2, 3), (1, 3), (3, 1), (4, 4), (3, 4), (3, 1), (0, 4), (2, 3), (3, 4), (0, 1), (4, 2), (1, 3), (4, 1), (0, 1), (0, 2), (3, 2), (2, 4), (2, 1), (2, 1), (1, 1), (3, 3), (4, 1), (0, 3)]
MOVE: 0 1 None 1 None 1
full hints You about all their 1 hints remaining: 7
You has blue 1, red 2, yellow 2, yellow 2, white 1
MOVE: 1 2 0 1 None None
You plays blue 1 successfully! Board is now green 0, yellow 0, white 0, blue 1, red 0
You now has red 2, yellow 2, yellow 2, white 1, green 1
MOVE: 0 1 None 1 None 1
full hints You about all their 1 hints remaining: 6
You has red 2, yellow 2, yellow 2, white 1, green 1
MOVE: 1 2 4 1 None None
You plays green 1 successfully! Board is now green 1, yellow 0, white 0, blue 1, red 0
You now has red 2, yellow 2, yellow 2, white 1, yellow 1
MOVE: 0 1 None 1 None 1
full hints You about all their 1 hints remaining: 5
You has red 2, yellow 2, yellow 2, white 1, yellow 1
MOVE: 1 2 4 1 None None
You plays yellow 1 successfully! Board is now green 1, yellow 1, white 0, blue 1, red 0
You now has red 2, yellow 2, yellow 2, white 1, blue 3
MOVE: 0 0 None 1 1 None
full hints You about all their yellow cards hints remaining: 4
You has red 2, yellow 2, yellow 2, white 1, blue 3
MOVE: 1 2 2 1 None None
You plays yellow 2 successfully! Board is now green 1, yellow 2, white 0, blue 1, red 0
You now has red 2, yellow 2, white 1, blue 3, red 3
MOVE: 0 0 None 1 2 None
full hints You about all their white cards hints remaining: 3
You has red 2, yellow 2, white 1, blue 3, red 3
MOVE: 1 2 2 1 None None
You plays white 1 successfully! Board is now green 1, yellow 2, white 1, blue 1, red 0
You now has red 2, yellow 2, blue 3, red 3, white 2
MOVE: 0 0 None 1 2 None
full hints You about all their white cards hints remaining: 2
You has red 2, yellow 2, blue 3, red 3, white 2
MOVE: 1 2 4 1 None None
You plays white 2 successfully! Board is now green 1, yellow 2, white 2, blue 1, red 0
You now has red 2, yellow 2, blue 3, red 3, yellow 4
MOVE: 0 3 0 None None None
full discards green 4
trash is now green 4
full now has red 5, red 1, red 3, yellow 4, blue 5
MOVE: 1 1 None 0 None 5
You hints full about all their 5 hints remaining: 2
full has red 5, red 1, red 3, yellow 4, blue 5
MOVE: 0 3 1 None None None
full discards red 1
trash is now green 4, red 1
full now has red 5, red 3, yellow 4, blue 5, red 4
MOVE: 1 3 0 1 None None
You discards red 2
trash is now green 4, red 1, red 2
You now has yellow 2, blue 3, red 3, yellow 4, yellow 5
MOVE: 0 1 None 1 None 2
full hints You about all their 2 hints remaining: 3
You has yellow 2, blue 3, red 3, yellow 4, yellow 5
MOVE: 1 3 0 1 None None
You discards yellow 2
trash is now green 4, red 1, red 2, yellow 2
You now has blue 3, red 3, yellow 4, yellow 5, green 2
MOVE: 0 0 None 1 0 None
full hints You about all their green cards hints remaining: 3
You has blue 3, red 3, yellow 4, yellow 5, green 2
MOVE: 1 2 4 1 None None
You plays green 2 successfully! Board is now green 2, yellow 2, white 2, blue 1, red 0
You now has blue 3, red 3, yellow 4, yellow 5, white 2
MOVE: 0 0 None 1 3 None
full hints You about all their blue cards hints remaining: 2
You has blue 3, red 3, yellow 4, yellow 5, white 2
MOVE: 1 2 0 1 None None
You plays blue 3 and fails. Board was green 2, yellow 2, white 2, blue 1, red 0
You now has red 3, yellow 4, yellow 5, white 2, green 5
MOVE: 0 1 None 1 None 2
full hints You about all their 2 hints remaining: 1
You has red 3, yellow 4, yellow 5, white 2, green 5
MOVE: 1 2 3 1 None None
You plays white 2 and fails. Board was green 2, yellow 2, white 2, blue 1, red 0
You now has red 3, yellow 4, yellow 5, green 5, blue 2
MOVE: 0 0 None 1 3 None
full hints You about all their blue cards hints remaining: 0
You has red 3, yellow 4, yellow 5, green 5, blue 2
MOVE: 1 2 4 1 None None
You plays blue 2 successfully! Board is now green 2, yellow 2, white 2, blue 2, red 0
You now has red 3, yellow 4, yellow 5, green 5, white 5
MOVE: 0 3 1 None None None
full discards red 3
trash is now green 4, red 1, red 2, yellow 2, blue 3, white 2, red 3
full now has red 5, yellow 4, blue 5, red 4, white 4
MOVE: 1 3 0 1 None None
You discards red 3
trash is now green 4, red 1, red 2, yellow 2, blue 3, white 2, red 3, red 3
You now has yellow 4, yellow 5, green 5, white 5, green 3
MOVE: 0 1 None 1 None 3
full hints You about all their 3 hints remaining: 1
You has yellow 4, yellow 5, green 5, white 5, green 3
MOVE: 1 2 4 1 None None
You plays green 3 successfully! Board is now green 3, yellow 2, white 2, blue 2, red 0
You now has yellow 4, yellow 5, green 5, white 5, yellow 1
MOVE: 0 3 1 None None None
full discards yellow 4
trash is now green 4, red 1, red 2, yellow 2, blue 3, white 2, red 3, red 3, yellow 4
full now has red 5, blue 5, red 4, white 4, white 3
MOVE: 1 0 None 0 2 None
You hints full about all their white cards hints remaining: 1
full has red 5, blue 5, red 4, white 4, white 3
MOVE: 0 2 3 None None None
full plays white 4 and fails. Board was green 3, yellow 2, white 2, blue 2, red 0
full now has red 5, blue 5, red 4, white 3, yellow 3
Score 9
