Old GID: 4ad57a326dced2b4
Treatment: ('outer', 7071)
[(3, 3), (0, 3), (3, 2), (2, 1), (4, 1), (4, 4), (4, 5), (3, 1), (4, 1), (2, 4), (3, 1), (4, 4), (2, 4), (3, 4), (1, 2), (4, 2), (0, 4), (2, 3), (0, 5), (3, 5), (0, 3), (1, 1), (1, 1), (3, 3), (3, 4), (1, 2), (2, 3), (1, 4), (2, 1), (0, 1), (1, 3), (0, 1), (0, 2), (4, 1), (1, 1), (0, 1), (1, 3), (0, 4), (4, 3), (4, 3)]
MOVE: 0 0 None 1 3 None
outer hints You about all their blue cards hints remaining: 7
You has white 2, blue 1, yellow 4, white 1, white 5
MOVE: 1 1 None 0 None 2
You hints outer about all their 2 hints remaining: 6
outer has yellow 5, blue 2, green 2, white 2, red 2
MOVE: 0 1 None 1 None 1
outer hints You about all their 1 hints remaining: 5
You has white 2, blue 1, yellow 4, white 1, white 5
MOVE: 1 2 1 1 None None
You plays blue 1 successfully! Board is now green 0, yellow 0, white 0, blue 1, red 0
You now has white 2, yellow 4, white 1, white 5, blue 3
MOVE: 0 0 None 1 2 None
outer hints You about all their white cards hints remaining: 4
You has white 2, yellow 4, white 1, white 5, blue 3
MOVE: 1 0 None 0 3 None
You hints outer about all their blue cards hints remaining: 3
outer has yellow 5, blue 2, green 2, white 2, red 2
MOVE: 0 2 1 None None None
outer plays blue 2 successfully! Board is now green 0, yellow 0, white 0, blue 2, red 0
outer now has yellow 5, green 2, white 2, red 2, green 3
MOVE: 1 2 2 1 None None
You plays white 1 successfully! Board is now green 0, yellow 0, white 1, blue 2, red 0
You now has white 2, yellow 4, white 5, blue 3, blue 2
MOVE: 0 0 None 1 3 None
outer hints You about all their blue cards hints remaining: 2
You has white 2, yellow 4, white 5, blue 3, blue 2
MOVE: 1 0 None 0 2 None
You hints outer about all their white cards hints remaining: 1
outer has yellow 5, green 2, white 2, red 2, green 3
MOVE: 0 2 2 None None None
outer plays white 2 successfully! Board is now green 0, yellow 0, white 2, blue 2, red 0
outer now has yellow 5, green 2, red 2, green 3, white 1
MOVE: 1 3 1 1 None None
You discards yellow 4
trash is now yellow 4
You now has white 2, white 5, blue 3, blue 2, red 1
MOVE: 0 1 None 1 None 3
outer hints You about all their 3 hints remaining: 1
You has white 2, white 5, blue 3, blue 2, red 1
MOVE: 1 2 2 1 None None
You plays blue 3 successfully! Board is now green 0, yellow 0, white 2, blue 3, red 0
You now has white 2, white 5, blue 2, red 1, red 4
MOVE: 0 0 None 1 4 None
outer hints You about all their red cards hints remaining: 0
You has white 2, white 5, blue 2, red 1, red 4
MOVE: 1 2 3 1 None None
You plays red 1 successfully! Board is now green 0, yellow 0, white 2, blue 3, red 1
You now has white 2, white 5, blue 2, red 4, red 5
MOVE: 0 3 1 None None None
outer discards green 2
trash is now yellow 4, green 2
outer now has yellow 5, red 2, green 3, white 1, blue 1
MOVE: 1 0 None 0 4 None
You hints outer about all their red cards hints remaining: 0
outer has yellow 5, red 2, green 3, white 1, blue 1
MOVE: 0 2 1 None None None
outer plays red 2 successfully! Board is now green 0, yellow 0, white 2, blue 3, red 2
outer now has yellow 5, green 3, white 1, blue 1, red 1
MOVE: 1 3 4 1 None None
You discards red 5
trash is now yellow 4, green 2, red 5
You now has white 2, white 5, blue 2, red 4, white 4
MOVE: 0 1 None 1 None 4
outer hints You about all their 4 hints remaining: 0
You has white 2, white 5, blue 2, red 4, white 4
MOVE: 1 2 4 1 None None
You plays white 4 and fails. Board was green 0, yellow 0, white 2, blue 3, red 2
You now has white 2, white 5, blue 2, red 4, blue 1
MOVE: 0 3 2 None None None
outer discards white 1
trash is now yellow 4, green 2, red 5, white 4, white 1
outer now has yellow 5, green 3, blue 1, red 1, red 4
MOVE: 1 3 0 1 None None
You discards white 2
trash is now yellow 4, green 2, red 5, white 4, white 1, white 2
You now has white 5, blue 2, red 4, blue 1, white 4
MOVE: 0 0 None 1 2 None
outer hints You about all their white cards hints remaining: 1
You has white 5, blue 2, red 4, blue 1, white 4
MOVE: 1 2 0 1 None None
You plays white 5 and fails. Board was green 0, yellow 0, white 2, blue 3, red 2
You now has blue 2, red 4, blue 1, white 4, blue 4
MOVE: 0 1 None 1 None 4
outer hints You about all their 4 hints remaining: 0
You has blue 2, red 4, blue 1, white 4, blue 4
MOVE: 1 2 0 1 None None
You plays blue 2 and fails. Board was green 0, yellow 0, white 2, blue 3, red 2
You now has red 4, blue 1, white 4, blue 4, yellow 2
Score 7
