Old GID: cbfce620ef92d715
Treatment: ('outer', 8229)
[(0, 2), (2, 5), (4, 4), (3, 1), (2, 2), (2, 1), (3, 1), (3, 4), (2, 3), (4, 3), (0, 3), (3, 3), (2, 2), (2, 3), (4, 1), (3, 5), (0, 4), (0, 1), (0, 1), (0, 3), (4, 1), (0, 5), (4, 4), (1, 4), (3, 4), (1, 2), (4, 2), (0, 4), (1, 5), (3, 2), (0, 2), (3, 2), (2, 4), (2, 1), (4, 3), (1, 3), (1, 1), (1, 1), (4, 5), (1, 3)]
MOVE: 0 1 None 1 None 1
outer hints You about all their 1 hints remaining: 7
You has red 1, white 1, white 4, yellow 2, blue 3
MOVE: 1 2 1 1 None None
You plays white 1 successfully! Board is now green 0, yellow 0, white 1, blue 0, red 0
You now has red 1, white 4, yellow 2, blue 3, green 2
MOVE: 0 0 None 1 4 None
outer hints You about all their red cards hints remaining: 6
You has red 1, white 4, yellow 2, blue 3, green 2
MOVE: 1 2 0 1 None None
You plays red 1 successfully! Board is now green 0, yellow 0, white 1, blue 0, red 1
You now has white 4, yellow 2, blue 3, green 2, white 5
MOVE: 0 1 None 1 None 2
outer hints You about all their 2 hints remaining: 5
You has white 4, yellow 2, blue 3, green 2, white 5
MOVE: 1 2 3 1 None None
You plays green 2 and fails. Board was green 0, yellow 0, white 1, blue 0, red 1
You now has white 4, yellow 2, blue 3, white 5, red 4
MOVE: 0 0 None 1 1 None
outer hints You about all their yellow cards hints remaining: 4
You has white 4, yellow 2, blue 3, white 5, red 4
MOVE: 1 1 None 0 None 1
You hints outer about all their 1 hints remaining: 3
outer has green 1, blue 1, yellow 4, red 2, yellow 1
MOVE: 0 1 None 1 None 4
outer hints You about all their 4 hints remaining: 2
You has white 4, yellow 2, blue 3, white 5, red 4
MOVE: 1 0 None 0 1 None
You hints outer about all their yellow cards hints remaining: 1
outer has green 1, blue 1, yellow 4, red 2, yellow 1
MOVE: 0 2 4 None None None
outer plays yellow 1 successfully! Board is now green 0, yellow 1, white 1, blue 0, red 1
outer now has green 1, blue 1, yellow 4, red 2, blue 1
MOVE: 1 2 1 1 None None
You plays yellow 2 successfully! Board is now green 0, yellow 2, white 1, blue 0, red 1
You now has white 4, blue 3, white 5, red 4, white 2
MOVE: 0 1 None 1 None 2
outer hints You about all their 2 hints remaining: 0
You has white 4, blue 3, white 5, red 4, white 2
MOVE: 1 2 4 1 None None
You plays white 2 successfully! Board is now green 0, yellow 2, white 2, blue 0, red 1
You now has white 4, blue 3, white 5, red 4, white 1
MOVE: 0 3 3 None None None
outer discards red 2
trash is now green 2, red 2
outer now has green 1, blue 1, yellow 4, blue 1, blue 1
MOVE: 1 0 None 0 3 None
You hints outer about all their blue cards hints remaining: 0
outer has green 1, blue 1, yellow 4, blue 1, blue 1
MOVE: 0 2 1 None None None
outer plays blue 1 successfully! Board is now green 0, yellow 2, white 2, blue 1, red 1
outer now has green 1, yellow 4, blue 1, blue 1, blue 4
MOVE: 1 3 1 1 None None
You discards blue 3
trash is now green 2, red 2, blue 3
You now has white 4, white 5, red 4, white 1, white 3
MOVE: 0 0 None 1 2 None
outer hints You about all their white cards hints remaining: 0
You has white 4, white 5, red 4, white 1, white 3
MOVE: 1 2 4 1 None None
You plays white 3 successfully! Board is now green 0, yellow 2, white 3, blue 1, red 1
You now has white 4, white 5, red 4, white 1, red 3
MOVE: 0 3 4 None None None
outer discards blue 4
trash is now green 2, red 2, blue 3, blue 4
outer now has green 1, yellow 4, blue 1, blue 1, green 3
MOVE: 1 2 0 1 None None
You plays white 4 successfully! Board is now green 0, yellow 2, white 4, blue 1, red 1
You now has white 5, red 4, white 1, red 3, blue 3
MOVE: 0 1 None 1 None 5
outer hints You about all their 5 hints remaining: 0
You has white 5, red 4, white 1, red 3, blue 3
MOVE: 1 2 0 1 None None
You plays white 5 successfully! Board is now green 0, yellow 2, white 5, blue 1, red 1
You now has red 4, white 1, red 3, blue 3, white 2
MOVE: 0 1 None 1 None 2
outer hints You about all their 2 hints remaining: 0
You has red 4, white 1, red 3, blue 3, white 2
MOVE: 1 2 4 1 None None
You plays white 2 and fails. Board was green 0, yellow 2, white 5, blue 1, red 1
You now has red 4, white 1, red 3, blue 3, white 3
MOVE: 0 3 0 None None None
outer discards green 1
trash is now green 2, red 2, blue 3, blue 4, white 2, green 1
outer now has yellow 4, blue 1, blue 1, green 3, red 1
MOVE: 1 3 1 1 None None
You discards white 1
trash is now green 2, red 2, blue 3, blue 4, white 2, green 1, white 1
You now has red 4, red 3, blue 3, white 3, blue 5
MOVE: 0 1 None 1 None 3
outer hints You about all their 3 hints remaining: 1
You has red 4, red 3, blue 3, white 3, blue 5
MOVE: 1 2 3 1 None None
You plays white 3 and fails. Board was green 0, yellow 2, white 5, blue 1, red 1
You now has red 4, red 3, blue 3, blue 5, green 4
Score 9
