Old GID: b819ef9bc4a1cd23
Treatment: ('outer', 4488)
[(0, 1), (3, 2), (1, 1), (0, 4), (3, 1), (1, 2), (3, 3), (4, 4), (0, 3), (3, 3), (0, 1), (1, 3), (1, 2), (2, 1), (1, 5), (4, 1), (3, 5), (2, 5), (2, 1), (2, 3), (1, 4), (4, 3), (0, 4), (1, 1), (0, 3), (4, 5), (3, 4), (2, 2), (2, 1), (1, 4), (2, 4), (3, 1), (4, 2), (3, 1), (4, 4), (2, 4), (3, 4), (4, 2), (4, 1), (0, 5)]
MOVE: 0 1 None 1 None 1
outer hints You about all their 1 hints remaining: 7
You has green 2, green 2, blue 2, green 1, white 3
MOVE: 1 2 3 1 None None
You plays green 1 successfully! Board is now green 1, yellow 0, white 0, blue 0, red 0
You now has green 2, green 2, blue 2, white 3, green 1
MOVE: 0 0 None 1 0 None
outer hints You about all their green cards hints remaining: 6
You has green 2, green 2, blue 2, white 3, green 1
MOVE: 1 1 None 0 None 1
You hints outer about all their 1 hints remaining: 5
outer has yellow 3, white 2, red 3, red 1, yellow 1
MOVE: 0 1 None 1 None 2
outer hints You about all their 2 hints remaining: 4
You has green 2, green 2, blue 2, white 3, green 1
MOVE: 1 2 1 1 None None
You plays green 2 successfully! Board is now green 2, yellow 0, white 0, blue 0, red 0
You now has green 2, blue 2, white 3, green 1, blue 2
MOVE: 0 0 None 1 3 None
outer hints You about all their blue cards hints remaining: 3
You has green 2, blue 2, white 3, green 1, blue 2
MOVE: 1 2 4 1 None None
You plays blue 2 and fails. Board was green 2, yellow 0, white 0, blue 0, red 0
You now has green 2, blue 2, white 3, green 1, yellow 1
MOVE: 0 1 None 1 None 1
outer hints You about all their 1 hints remaining: 2
You has green 2, blue 2, white 3, green 1, yellow 1
MOVE: 1 2 3 1 None None
You plays green 1 and fails. Board was green 2, yellow 0, white 0, blue 0, red 0
You now has green 2, blue 2, white 3, yellow 1, green 4
MOVE: 0 0 None 1 1 None
outer hints You about all their yellow cards hints remaining: 1
You has green 2, blue 2, white 3, yellow 1, green 4
MOVE: 1 0 None 0 4 None
You hints outer about all their red cards hints remaining: 0
outer has yellow 3, white 2, red 3, red 1, yellow 1
MOVE: 0 2 3 None None None
outer plays red 1 successfully! Board is now green 2, yellow 0, white 0, blue 0, red 1
outer now has yellow 3, white 2, red 3, yellow 1, blue 1
MOVE: 1 2 3 1 None None
You plays yellow 1 successfully! Board is now green 2, yellow 1, white 0, blue 0, red 1
You now has green 2, blue 2, white 3, green 4, yellow 2
MOVE: 0 3 0 None None None
outer discards yellow 3
trash is now blue 2, green 1, yellow 3
outer now has white 2, red 3, yellow 1, blue 1, blue 3
MOVE: 1 1 None 0 None 1
You hints outer about all their 1 hints remaining: 0
outer has white 2, red 3, yellow 1, blue 1, blue 3
MOVE: 0 3 4 None None None
outer discards blue 3
trash is now blue 2, green 1, yellow 3, blue 3
outer now has white 2, red 3, yellow 1, blue 1, red 4
MOVE: 1 0 None 0 3 None
You hints outer about all their blue cards hints remaining: 0
outer has white 2, red 3, yellow 1, blue 1, red 4
MOVE: 0 2 3 None None None
outer plays blue 1 successfully! Board is now green 2, yellow 1, white 0, blue 1, red 1
outer now has white 2, red 3, yellow 1, red 4, green 3
MOVE: 1 2 1 1 None None
You plays blue 2 successfully! Board is now green 2, yellow 1, white 0, blue 2, red 1
You now has green 2, white 3, green 4, yellow 2, blue 3
MOVE: 0 3 4 None None None
outer discards green 3
trash is now blue 2, green 1, yellow 3, blue 3, green 3
outer now has white 2, red 3, yellow 1, red 4, green 1
MOVE: 1 3 0 1 None None
You discards green 2
trash is now blue 2, green 1, yellow 3, blue 3, green 3, green 2
You now has white 3, green 4, yellow 2, blue 3, yellow 3
MOVE: 0 0 None 1 3 None
outer hints You about all their blue cards hints remaining: 1
You has white 3, green 4, yellow 2, blue 3, yellow 3
MOVE: 1 2 3 1 None None
You plays blue 3 successfully! Board is now green 2, yellow 1, white 0, blue 3, red 1
You now has white 3, green 4, yellow 2, yellow 3, yellow 2
MOVE: 0 1 None 1 None 2
outer hints You about all their 2 hints remaining: 0
You has white 3, green 4, yellow 2, yellow 3, yellow 2
MOVE: 1 2 2 1 None None
You plays yellow 2 successfully! Board is now green 2, yellow 2, white 0, blue 3, red 1
You now has white 3, green 4, yellow 3, yellow 2, white 1
MOVE: 0 3 3 None None None
outer discards red 4
trash is now blue 2, green 1, yellow 3, blue 3, green 3, green 2, red 4
outer now has white 2, red 3, yellow 1, green 1, yellow 5
MOVE: 1 2 3 1 None None
You plays yellow 2 and fails. Board was green 2, yellow 2, white 0, blue 3, red 1
You now has white 3, green 4, yellow 3, white 1, red 1
Score 8
