Treatment: ('outer', 4)
[(4, 4), (3, 4), (3, 3), (1, 1), (0, 2), (0, 4), (4, 1), (1, 3), (0, 1), (2, 5), (3, 3), (4, 5), (1, 3), (1, 2), (0, 1), (2, 1), (2, 2), (2, 1), (4, 2), (4, 2), (4, 4), (2, 3), (2, 3), (2, 4), (4, 1), (4, 3), (4, 3), (0, 3), (1, 1), (2, 1), (0, 5), (3, 1), (3, 2), (4, 1), (1, 4), (0, 2), (0, 4), (1, 5), (0, 3), (1, 1)]
MOVE: 0 0 None 1 0 None
outer hints You about all their green cards hints remaining: 7
You has green 1, blue 1, yellow 4, white 4, blue 1
MOVE: 1 1 None 0 None 2
You hints outer about all their 2 hints remaining: 6
outer has yellow 2, white 2, blue 5, blue 4, blue 2
MOVE: 0 1 None 1 None 1
outer hints You about all their 1 hints remaining: 5
You has green 1, blue 1, yellow 4, white 4, blue 1
MOVE: 1 2 4 1 None None
You plays blue 1 successfully! Board is now green 0, yellow 0, white 0, blue 1, red 0
You now has green 1, blue 1, yellow 4, white 4, red 4
MOVE: 0 1 None 1 None 1
outer hints You about all their 1 hints remaining: 4
You has green 1, blue 1, yellow 4, white 4, red 4
MOVE: 1 0 None 0 3 None
You hints outer about all their blue cards hints remaining: 3
outer has yellow 2, white 2, blue 5, blue 4, blue 2
MOVE: 0 2 4 None None None
outer plays blue 2 successfully! Board is now green 0, yellow 0, white 0, blue 2, red 0
outer now has yellow 2, white 2, blue 5, blue 4, blue 4
MOVE: 1 2 0 1 None None
You plays green 1 successfully! Board is now green 1, yellow 0, white 0, blue 2, red 0
You now has blue 1, yellow 4, white 4, red 4, blue 3
MOVE: 0 1 None 1 None 3
outer hints You about all their 3 hints remaining: 2
You has blue 1, yellow 4, white 4, red 4, blue 3
MOVE: 1 1 None 0 None 4
You hints outer about all their 4 hints remaining: 1
outer has yellow 2, white 2, blue 5, blue 4, blue 4
MOVE: 0 0 None 1 3 None
outer hints You about all their blue cards hints remaining: 0
You has blue 1, yellow 4, white 4, red 4, blue 3
MOVE: 1 2 4 1 None None
You plays blue 3 successfully! Board is now green 1, yellow 0, white 0, blue 3, red 0
You now has blue 1, yellow 4, white 4, red 4, yellow 1
MOVE: 0 2 3 None None None
outer plays blue 4 successfully! Board is now green 1, yellow 0, white 0, blue 4, red 0
outer now has yellow 2, white 2, blue 5, blue 4, green 2
MOVE: 1 3 0 1 None None
You discards blue 1
trash is now blue 1
You now has yellow 4, white 4, red 4, yellow 1, green 4
MOVE: 0 1 None 1 None 1
outer hints You about all their 1 hints remaining: 0
You has yellow 4, white 4, red 4, yellow 1, green 4
MOVE: 1 2 3 1 None None
You plays yellow 1 successfully! Board is now green 1, yellow 1, white 0, blue 4, red 0
You now has yellow 4, white 4, red 4, green 4, red 1
MOVE: 0 3 0 None None None
outer discards yellow 2
trash is now blue 1, yellow 2
outer now has white 2, blue 5, blue 4, green 2, yellow 3
MOVE: 1 1 None 0 None 5
You hints outer about all their 5 hints remaining: 0
outer has white 2, blue 5, blue 4, green 2, yellow 3
MOVE: 0 2 1 None None None
outer plays blue 5 successfully! Board is now green 1, yellow 1, white 0, blue 5, red 0
outer now has white 2, blue 4, green 2, yellow 3, green 1
MOVE: 1 0 None 0 3 None
You hints outer about all their blue cards hints remaining: 0
outer has white 2, blue 4, green 2, yellow 3, green 1
MOVE: 0 3 1 None None None
outer discards blue 4
trash is now blue 1, yellow 2, blue 4
outer now has white 2, green 2, yellow 3, green 1, white 5
MOVE: 1 0 None 0 0 None
You hints outer about all their green cards hints remaining: 0
outer has white 2, green 2, yellow 3, green 1, white 5
MOVE: 0 3 4 None None None
outer discards white 5
trash is now blue 1, yellow 2, blue 4, white 5
outer now has white 2, green 2, yellow 3, green 1, blue 3
MOVE: 1 1 None 0 None 2
You hints outer about all their 2 hints remaining: 0
outer has white 2, green 2, yellow 3, green 1, blue 3
MOVE: 0 2 1 None None None
outer plays green 2 successfully! Board is now green 2, yellow 1, white 0, blue 5, red 0
outer now has white 2, yellow 3, green 1, blue 3, red 5
MOVE: 1 3 4 1 None None
You discards red 1
trash is now blue 1, yellow 2, blue 4, white 5, red 1
You now has yellow 4, white 4, red 4, green 4, yellow 3
MOVE: 0 1 None 1 None 3
outer hints You about all their 3 hints remaining: 0
You has yellow 4, white 4, red 4, green 4, yellow 3
MOVE: 1 2 4 1 None None
You plays yellow 3 and fails. Board was green 2, yellow 1, white 0, blue 5, red 0
You now has yellow 4, white 4, red 4, green 4, yellow 2
MOVE: 0 3 0 None None None
outer discards white 2
trash is now blue 1, yellow 2, blue 4, white 5, red 1, yellow 3, white 2
outer now has yellow 3, green 1, blue 3, red 5, green 1
MOVE: 1 1 None 0 None 1
You hints outer about all their 1 hints remaining: 0
outer has yellow 3, green 1, blue 3, red 5, green 1
MOVE: 0 3 1 None None None
outer discards green 1
trash is now blue 1, yellow 2, blue 4, white 5, red 1, yellow 3, white 2, green 1
outer now has yellow 3, blue 3, red 5, green 1, white 1
MOVE: 1 0 None 0 2 None
You hints outer about all their white cards hints remaining: 0
outer has yellow 3, blue 3, red 5, green 1, white 1
MOVE: 0 3 4 None None None
outer discards white 1
trash is now blue 1, yellow 2, blue 4, white 5, red 1, yellow 3, white 2, green 1, white 1
outer now has yellow 3, blue 3, red 5, green 1, white 2
MOVE: 1 0 None 0 0 None
You hints outer about all their green cards hints remaining: 0
outer has yellow 3, blue 3, red 5, green 1, white 2
MOVE: 0 3 3 None None None
outer discards green 1
trash is now blue 1, yellow 2, blue 4, white 5, red 1, yellow 3, white 2, green 1, white 1, green 1
outer now has yellow 3, blue 3, red 5, white 2, white 1
MOVE: 1 0 None 0 2 None
You hints outer about all their white cards hints remaining: 0
outer has yellow 3, blue 3, red 5, white 2, white 1
MOVE: 0 3 0 None None None
outer discards yellow 3
trash is now blue 1, yellow 2, blue 4, white 5, red 1, yellow 3, white 2, green 1, white 1, green 1, yellow 3
outer now has blue 3, red 5, white 2, white 1, red 2
MOVE: 1 1 None 0 None 1
You hints outer about all their 1 hints remaining: 0
outer has blue 3, red 5, white 2, white 1, red 2
MOVE: 0 2 3 None None None
outer plays white 1 successfully! Board is now green 2, yellow 1, white 1, blue 5, red 0
outer now has blue 3, red 5, white 2, red 2, red 2
MOVE: 1 3 4 1 None None
You discards yellow 2
trash is now blue 1, yellow 2, blue 4, white 5, red 1, yellow 3, white 2, green 1, white 1, green 1, yellow 3, yellow 2
You now has yellow 4, white 4, red 4, green 4, red 4
MOVE: 0 0 None 1 4 None
outer hints You about all their red cards hints remaining: 0
You has yellow 4, white 4, red 4, green 4, red 4
MOVE: 1 2 2 1 None None
You plays red 4 and fails. Board was green 2, yellow 1, white 1, blue 5, red 0
You now has yellow 4, white 4, green 4, red 4, white 3
MOVE: 0 3 2 None None None
outer discards white 2
trash is now blue 1, yellow 2, blue 4, white 5, red 1, yellow 3, white 2, green 1, white 1, green 1, yellow 3, yellow 2, red 4, white 2
outer now has blue 3, red 5, red 2, red 2, white 3
MOVE: 1 2 3 1 None None
You plays red 4 and fails. Board was green 2, yellow 1, white 1, blue 5, red 0
You now has yellow 4, white 4, green 4, white 3, white 4
Score 9
