Old GID: 83118f8a03440d18
Treatment: ('full', 2888)
[(3, 1), (3, 4), (0, 3), (3, 5), (0, 4), (1, 4), (2, 2), (3, 2), (1, 1), (4, 2), (4, 5), (4, 2), (1, 2), (4, 1), (3, 4), (0, 4), (2, 3), (3, 1), (4, 1), (3, 1), (1, 4), (4, 4), (3, 3), (2, 4), (3, 2), (2, 2), (4, 1), (1, 5), (1, 3), (2, 1), (1, 1), (4, 3), (0, 2), (0, 2), (4, 3), (0, 5), (2, 1), (1, 3), (2, 4), (1, 2)]
MOVE: 0 1 None 1 None 1
full hints You about all their 1 hints remaining: 7
You has white 1, green 1, white 5, red 4, yellow 1
MOVE: 1 1 None 0 None 1
You hints full about all their 1 hints remaining: 6
full has green 1, blue 3, white 3, green 3, green 1
MOVE: 0 2 0 None None None
full plays green 1 successfully! Board is now green 1, yellow 0, white 0, blue 0, red 0
full now has blue 3, white 3, green 3, green 1, blue 1
MOVE: 1 0 None 0 0 None
You hints full about all their green cards hints remaining: 5
full has blue 3, white 3, green 3, green 1, blue 1
MOVE: 0 2 2 None None None
full plays green 3 and fails. Board was green 1, yellow 0, white 0, blue 0, red 0
full now has blue 3, white 3, green 1, blue 1, blue 4
MOVE: 1 2 4 1 None None
You plays yellow 1 successfully! Board is now green 1, yellow 1, white 0, blue 0, red 0
You now has white 1, green 1, white 5, red 4, green 3
MOVE: 0 3 2 None None None
full discards green 1
trash is now green 3, green 1
full now has blue 3, white 3, blue 1, blue 4, blue 5
MOVE: 1 2 0 1 None None
You plays white 1 successfully! Board is now green 1, yellow 1, white 1, blue 0, red 0
You now has green 1, white 5, red 4, green 3, green 4
MOVE: 0 3 2 None None None
full discards blue 1
trash is now green 3, green 1, blue 1
full now has blue 3, white 3, blue 4, blue 5, yellow 4
MOVE: 1 2 0 1 None None
You plays green 1 and fails. Board was green 1, yellow 1, white 1, blue 0, red 0
You now has white 5, red 4, green 3, green 4, white 2
MOVE: 0 1 None 1 None 2
full hints You about all their 2 hints remaining: 6
You has white 5, red 4, green 3, green 4, white 2
MOVE: 1 2 4 1 None None
You plays white 2 successfully! Board is now green 1, yellow 1, white 2, blue 0, red 0
You now has white 5, red 4, green 3, green 4, blue 2
MOVE: 0 3 2 None None None
full discards blue 4
trash is now green 3, green 1, blue 1, green 1, blue 4
full now has blue 3, white 3, blue 5, yellow 4, yellow 1
MOVE: 1 0 None 0 2 None
You hints full about all their white cards hints remaining: 6
full has blue 3, white 3, blue 5, yellow 4, yellow 1
MOVE: 0 2 1 None None None
full plays white 3 successfully! Board is now green 1, yellow 1, white 3, blue 0, red 0
full now has blue 3, blue 5, yellow 4, yellow 1, red 2
MOVE: 1 3 0 1 None None
You discards white 5
trash is now green 3, green 1, blue 1, green 1, blue 4, white 5
You now has red 4, green 3, green 4, blue 2, red 5
MOVE: 0 3 4 None None None
full discards red 2
trash is now green 3, green 1, blue 1, green 1, blue 4, white 5, red 2
full now has blue 3, blue 5, yellow 4, yellow 1, red 2
MOVE: 1 3 0 1 None None
You discards red 4
trash is now green 3, green 1, blue 1, green 1, blue 4, white 5, red 2, red 4
You now has green 3, green 4, blue 2, red 5, yellow 2
MOVE: 0 0 None 1 1 None
full hints You about all their yellow cards hints remaining: 7
You has green 3, green 4, blue 2, red 5, yellow 2
MOVE: 1 2 4 1 None None
You plays yellow 2 successfully! Board is now green 1, yellow 2, white 3, blue 0, red 0
You now has green 3, green 4, blue 2, red 5, red 1
MOVE: 0 1 None 1 None 1
full hints You about all their 1 hints remaining: 6
You has green 3, green 4, blue 2, red 5, red 1
MOVE: 1 2 4 1 None None
You plays red 1 successfully! Board is now green 1, yellow 2, white 3, blue 0, red 1
You now has green 3, green 4, blue 2, red 5, blue 4
MOVE: 0 3 4 None None None
full discards red 2
trash is now green 3, green 1, blue 1, green 1, blue 4, white 5, red 2, red 4, red 2
full now has blue 3, blue 5, yellow 4, yellow 1, green 4
MOVE: 1 3 0 1 None None
You discards green 3
trash is now green 3, green 1, blue 1, green 1, blue 4, white 5, red 2, red 4, red 2, green 3
You now has green 4, blue 2, red 5, blue 4, white 3
MOVE: 0 3 4 None None None
full discards green 4
trash is now green 3, green 1, blue 1, green 1, blue 4, white 5, red 2, red 4, red 2, green 3, green 4
full now has blue 3, blue 5, yellow 4, yellow 1, blue 1
MOVE: 1 0 None 0 3 None
You hints full about all their blue cards hints remaining: 7
full has blue 3, blue 5, yellow 4, yellow 1, blue 1
MOVE: 0 2 1 None None None
full plays blue 5 and fails. Board was green 1, yellow 2, white 3, blue 0, red 1
full now has blue 3, yellow 4, yellow 1, blue 1, red 1
Score 7
