Old GID: 985cc5b1de071602
Treatment: ('full', 7370)
[(2, 1), (2, 3), (4, 1), (2, 4), (1, 2), (4, 3), (1, 1), (0, 1), (4, 1), (0, 5), (4, 2), (3, 2), (2, 1), (2, 3), (0, 3), (1, 1), (2, 2), (0, 2), (4, 2), (0, 3), (1, 5), (3, 1), (1, 3), (2, 5), (4, 1), (3, 2), (3, 5), (3, 3), (1, 3), (2, 4), (0, 4), (3, 4), (0, 1), (4, 3), (4, 5), (3, 1), (3, 1), (1, 2), (2, 2), (3, 4)]
MOVE: 0 1 None 1 None 1
full hints You about all their 1 hints remaining: 7
You has white 1, yellow 4, yellow 1, red 4, green 1
MOVE: 1 2 2 1 None None
You plays yellow 1 successfully! Board is now green 0, yellow 1, white 0, blue 0, red 0
You now has white 1, yellow 4, red 4, green 1, white 1
MOVE: 0 1 None 1 None 1
full hints You about all their 1 hints remaining: 6
You has white 1, yellow 4, red 4, green 1, white 1
MOVE: 1 2 0 1 None None
You plays white 1 successfully! Board is now green 0, yellow 1, white 1, blue 0, red 0
You now has yellow 4, red 4, green 1, white 1, white 3
MOVE: 0 0 None 1 0 None
full hints You about all their green cards hints remaining: 5
You has yellow 4, red 4, green 1, white 1, white 3
MOVE: 1 2 2 1 None None
You plays green 1 successfully! Board is now green 1, yellow 1, white 1, blue 0, red 0
You now has yellow 4, red 4, white 1, white 3, red 1
MOVE: 0 0 None 1 4 None
full hints You about all their red cards hints remaining: 4
You has yellow 4, red 4, white 1, white 3, red 1
MOVE: 1 2 2 1 None None
You plays white 1 and fails. Board was green 1, yellow 1, white 1, blue 0, red 0
You now has yellow 4, red 4, white 3, red 1, white 4
MOVE: 0 1 None 1 None 1
full hints You about all their 1 hints remaining: 3
You has yellow 4, red 4, white 3, red 1, white 4
MOVE: 1 2 3 1 None None
You plays red 1 successfully! Board is now green 1, yellow 1, white 1, blue 0, red 1
You now has yellow 4, red 4, white 3, white 4, yellow 2
MOVE: 0 1 None 1 None 2
full hints You about all their 2 hints remaining: 2
You has yellow 4, red 4, white 3, white 4, yellow 2
MOVE: 1 2 4 1 None None
You plays yellow 2 successfully! Board is now green 1, yellow 2, white 1, blue 0, red 1
You now has yellow 4, red 4, white 3, white 4, red 3
MOVE: 0 3 0 None None None
full discards blue 3
trash is now white 1, blue 3
full now has green 4, green 2, red 4, yellow 4, yellow 1
MOVE: 1 1 None 0 None 2
You hints full about all their 2 hints remaining: 2
full has green 4, green 2, red 4, yellow 4, yellow 1
MOVE: 0 2 1 None None None
full plays green 2 successfully! Board is now green 2, yellow 2, white 1, blue 0, red 1
full now has green 4, red 4, yellow 4, yellow 1, green 1
MOVE: 1 1 None 0 None 1
You hints full about all their 1 hints remaining: 1
full has green 4, red 4, yellow 4, yellow 1, green 1
MOVE: 0 2 3 None None None
full plays yellow 1 and fails. Board was green 2, yellow 2, white 1, blue 0, red 1
full now has green 4, red 4, yellow 4, green 1, red 1
MOVE: 1 0 None 0 0 None
You hints full about all their green cards hints remaining: 0
full has green 4, red 4, yellow 4, green 1, red 1
MOVE: 0 2 0 None None None
full plays green 4 and fails. Board was green 2, yellow 2, white 1, blue 0, red 1
full now has red 4, yellow 4, green 1, red 1, green 5
Score 6
