Old GID: ebd0a9f7e3f07206
Treatment: ('outer', 3827)
[(4, 1), (3, 2), (3, 1), (3, 3), (3, 1), (1, 3), (3, 4), (4, 3), (4, 3), (2, 2), (0, 3), (4, 2), (3, 5), (4, 1), (3, 3), (0, 1), (4, 4), (0, 5), (3, 2), (0, 3), (3, 4), (1, 1), (1, 2), (2, 3), (4, 5), (1, 1), (0, 4), (0, 1), (2, 3), (0, 2), (3, 1), (1, 5), (1, 4), (1, 4), (2, 1), (0, 4), (0, 2), (1, 2), (4, 1), (0, 1)]
MOVE: 0 1 None 1 None 1
outer hints You about all their 1 hints remaining: 7
You has white 1, white 1, white 4, white 2, red 4
MOVE: 1 2 1 1 None None
You plays white 1 successfully! Board is now green 0, yellow 0, white 1, blue 0, red 0
You now has white 1, white 4, white 2, red 4, red 1
MOVE: 0 1 None 1 None 2
outer hints You about all their 2 hints remaining: 6
You has white 1, white 4, white 2, red 4, red 1
MOVE: 1 2 0 1 None None
You plays white 1 and fails. Board was green 0, yellow 0, white 1, blue 0, red 0
You now has white 4, white 2, red 4, red 1, blue 2
MOVE: 0 0 None 1 2 None
outer hints You about all their white cards hints remaining: 5
You has white 4, white 2, red 4, red 1, blue 2
MOVE: 1 1 None 0 None 1
You hints outer about all their 1 hints remaining: 4
outer has yellow 3, red 2, white 5, white 4, yellow 1
MOVE: 0 1 None 1 None 1
outer hints You about all their 1 hints remaining: 3
You has white 4, white 2, red 4, red 1, blue 2
MOVE: 1 2 1 1 None None
You plays white 2 successfully! Board is now green 0, yellow 0, white 2, blue 0, red 0
You now has white 4, red 4, red 1, blue 2, blue 1
MOVE: 0 0 None 1 4 None
outer hints You about all their red cards hints remaining: 2
You has white 4, red 4, red 1, blue 2, blue 1
MOVE: 1 2 2 1 None None
You plays red 1 successfully! Board is now green 0, yellow 0, white 2, blue 0, red 1
You now has white 4, red 4, blue 2, blue 1, blue 3
MOVE: 0 0 None 1 3 None
outer hints You about all their blue cards hints remaining: 1
You has white 4, red 4, blue 2, blue 1, blue 3
MOVE: 1 1 None 0 None 2
You hints outer about all their 2 hints remaining: 0
outer has yellow 3, red 2, white 5, white 4, yellow 1
MOVE: 0 3 2 None None None
outer discards white 5
trash is now white 1, white 5
outer now has yellow 3, red 2, white 4, yellow 1, blue 1
MOVE: 1 0 None 0 3 None
You hints outer about all their blue cards hints remaining: 0
outer has yellow 3, red 2, white 4, yellow 1, blue 1
MOVE: 0 3 2 None None None
outer discards white 4
trash is now white 1, white 5, white 4
outer now has yellow 3, red 2, yellow 1, blue 1, yellow 3
MOVE: 1 0 None 0 1 None
You hints outer about all their yellow cards hints remaining: 0
outer has yellow 3, red 2, yellow 1, blue 1, yellow 3
MOVE: 0 2 2 None None None
outer plays yellow 1 successfully! Board is now green 0, yellow 1, white 2, blue 0, red 1
outer now has yellow 3, red 2, blue 1, yellow 3, blue 4
MOVE: 1 2 1 1 None None
You plays red 4 and fails. Board was green 0, yellow 1, white 2, blue 0, red 1
You now has white 4, blue 2, blue 1, blue 3, red 3
MOVE: 0 3 1 None None None
outer discards red 2
trash is now white 1, white 5, white 4, red 4, red 2
outer now has yellow 3, blue 1, yellow 3, blue 4, red 3
MOVE: 1 1 None 0 None 3
You hints outer about all their 3 hints remaining: 0
outer has yellow 3, blue 1, yellow 3, blue 4, red 3
MOVE: 0 3 1 None None None
outer discards blue 1
trash is now white 1, white 5, white 4, red 4, red 2, blue 1
outer now has yellow 3, yellow 3, blue 4, red 3, white 2
MOVE: 1 3 1 1 None None
You discards blue 2
trash is now white 1, white 5, white 4, red 4, red 2, blue 1, blue 2
You now has white 4, blue 1, blue 3, red 3, green 3
MOVE: 0 1 None 1 None 1
outer hints You about all their 1 hints remaining: 1
You has white 4, blue 1, blue 3, red 3, green 3
MOVE: 1 2 1 1 None None
You plays blue 1 successfully! Board is now green 0, yellow 1, white 2, blue 1, red 1
You now has white 4, blue 3, red 3, green 3, red 2
MOVE: 0 0 None 1 4 None
outer hints You about all their red cards hints remaining: 0
You has white 4, blue 3, red 3, green 3, red 2
MOVE: 1 2 2 1 None None
You plays red 3 and fails. Board was green 0, yellow 1, white 2, blue 1, red 1
You now has white 4, blue 3, green 3, red 2, blue 5
Score 5
