Old GID: 673e80ca26171be0
Treatment: ('outer', 2952)
[(0, 3), (1, 2), (2, 2), (4, 4), (2, 3), (3, 5), (1, 3), (3, 1), (2, 4), (3, 2), (0, 2), (0, 4), (4, 3), (4, 2), (3, 3), (4, 5), (1, 1), (3, 4), (0, 1), (2, 5), (2, 4), (0, 4), (4, 4), (3, 2), (0, 2), (0, 5), (1, 4), (2, 1), (2, 1), (3, 1), (1, 4), (1, 2), (2, 1), (1, 1), (4, 1), (4, 1), (1, 3), (1, 5), (4, 2), (0, 3)]
MOVE: 0 0 None 1 0 None
outer hints You about all their green cards hints remaining: 7
You has green 1, blue 4, white 2, green 1, yellow 1
MOVE: 1 1 None 0 None 1
You hints outer about all their 1 hints remaining: 6
outer has blue 3, blue 1, red 1, red 3, white 3
MOVE: 0 2 1 None None None
outer plays blue 1 successfully! Board is now green 0, yellow 0, white 0, blue 1, red 0
outer now has blue 3, red 1, red 3, white 3, green 3
MOVE: 1 1 None 0 None 3
You hints outer about all their 3 hints remaining: 5
outer has blue 3, red 1, red 3, white 3, green 3
MOVE: 0 1 None 1 None 1
outer hints You about all their 1 hints remaining: 4
You has green 1, blue 4, white 2, green 1, yellow 1
MOVE: 1 0 None 0 4 None
You hints outer about all their red cards hints remaining: 3
outer has blue 3, red 1, red 3, white 3, green 3
MOVE: 0 2 1 None None None
outer plays red 1 successfully! Board is now green 0, yellow 0, white 0, blue 1, red 1
outer now has blue 3, red 3, white 3, green 3, yellow 2
MOVE: 1 2 3 1 None None
You plays green 1 successfully! Board is now green 1, yellow 0, white 0, blue 1, red 1
You now has green 1, blue 4, white 2, yellow 1, white 2
MOVE: 0 1 None 1 None 1
outer hints You about all their 1 hints remaining: 2
You has green 1, blue 4, white 2, yellow 1, white 2
MOVE: 1 3 0 1 None None
You discards green 1
trash is now green 1
You now has blue 4, white 2, yellow 1, white 2, red 4
MOVE: 0 0 None 1 1 None
outer hints You about all their yellow cards hints remaining: 2
You has blue 4, white 2, yellow 1, white 2, red 4
MOVE: 1 2 2 1 None None
You plays yellow 1 successfully! Board is now green 1, yellow 1, white 0, blue 1, red 1
You now has blue 4, white 2, white 2, red 4, white 3
MOVE: 0 0 None 1 3 None
outer hints You about all their blue cards hints remaining: 1
You has blue 4, white 2, white 2, red 4, white 3
MOVE: 1 0 None 0 1 None
You hints outer about all their yellow cards hints remaining: 0
outer has blue 3, red 3, white 3, green 3, yellow 2
MOVE: 0 3 1 None None None
outer discards red 3
trash is now green 1, red 3
outer now has blue 3, white 3, green 3, yellow 2, blue 5
MOVE: 1 0 None 0 1 None
You hints outer about all their yellow cards hints remaining: 0
outer has blue 3, white 3, green 3, yellow 2, blue 5
MOVE: 0 3 3 None None None
outer discards yellow 2
trash is now green 1, red 3, yellow 2
outer now has blue 3, white 3, green 3, blue 5, yellow 3
MOVE: 1 2 0 1 None None
You plays blue 4 and fails. Board was green 1, yellow 1, white 0, blue 1, red 1
You now has white 2, white 2, red 4, white 3, blue 1
MOVE: 0 0 None 1 3 None
outer hints You about all their blue cards hints remaining: 0
You has white 2, white 2, red 4, white 3, blue 1
MOVE: 1 2 4 1 None None
You plays blue 1 and fails. Board was green 1, yellow 1, white 0, blue 1, red 1
You now has white 2, white 2, red 4, white 3, white 4
MOVE: 0 3 4 None None None
outer discards yellow 3
trash is now green 1, red 3, yellow 2, blue 4, blue 1, yellow 3
outer now has blue 3, white 3, green 3, blue 5, blue 2
MOVE: 1 1 None 0 None 2
You hints outer about all their 2 hints remaining: 0
outer has blue 3, white 3, green 3, blue 5, blue 2
MOVE: 0 3 0 None None None
outer discards blue 3
trash is now green 1, red 3, yellow 2, blue 4, blue 1, yellow 3, blue 3
outer now has white 3, green 3, blue 5, blue 2, green 2
MOVE: 1 0 None 0 3 None
You hints outer about all their blue cards hints remaining: 0
outer has white 3, green 3, blue 5, blue 2, green 2
MOVE: 0 2 3 None None None
outer plays blue 2 successfully! Board is now green 1, yellow 1, white 0, blue 2, red 1
outer now has white 3, green 3, blue 5, green 2, green 4
MOVE: 1 3 3 1 None None
You discards white 3
trash is now green 1, red 3, yellow 2, blue 4, blue 1, yellow 3, blue 3, white 3
You now has white 2, white 2, red 4, white 4, red 3
MOVE: 0 1 None 1 None 3
outer hints You about all their 3 hints remaining: 0
You has white 2, white 2, red 4, white 4, red 3
MOVE: 1 2 4 1 None None
You plays red 3 and fails. Board was green 1, yellow 1, white 0, blue 2, red 1
You now has white 2, white 2, red 4, white 4, red 2
Score 5
