Old GID: ac2f59ba0e7f26ea
Treatment: ('intentional', 1882)
[(4, 3), (3, 1), (0, 1), (0, 4), (4, 2), (3, 3), (2, 1), (2, 4), (0, 4), (4, 2), (3, 5), (1, 2), (3, 2), (1, 1), (3, 4), (4, 5), (3, 2), (1, 3), (4, 1), (1, 1), (2, 4), (0, 1), (4, 1), (4, 4), (1, 3), (1, 2), (1, 4), (3, 3), (1, 4), (1, 1), (0, 5), (0, 3), (0, 3), (2, 5), (2, 2), (1, 5), (0, 1), (3, 1), (4, 3), (2, 1)]
MOVE: 0 1 None 1 None 1
intentional hints You about all their 1 hints remaining: 7
You has white 3, blue 4, white 2, white 1, white 3
MOVE: 1 1 None 0 None 1
You hints intentional about all their 1 hints remaining: 6
intentional has red 1, green 2, red 4, green 2, blue 1
MOVE: 0 2 4 None None None
intentional plays blue 1 successfully! Board is now green 0, yellow 0, white 0, blue 1, red 0
intentional now has red 1, green 2, red 4, green 2, red 3
MOVE: 1 0 None 0 4 None
You hints intentional about all their red cards hints remaining: 5
intentional has red 1, green 2, red 4, green 2, red 3
MOVE: 0 2 0 None None None
intentional plays red 1 successfully! Board is now green 0, yellow 0, white 0, blue 1, red 1
intentional now has green 2, red 4, green 2, red 3, blue 1
MOVE: 1 2 3 1 None None
You plays white 1 successfully! Board is now green 0, yellow 0, white 1, blue 1, red 1
You now has white 3, blue 4, white 2, white 3, green 1
MOVE: 0 0 None 1 0 None
intentional hints You about all their green cards hints remaining: 4
You has white 3, blue 4, white 2, white 3, green 1
MOVE: 1 2 4 1 None None
You plays green 1 successfully! Board is now green 1, yellow 0, white 1, blue 1, red 1
You now has white 3, blue 4, white 2, white 3, green 4
MOVE: 0 1 None 1 None 2
intentional hints You about all their 2 hints remaining: 3
You has white 3, blue 4, white 2, white 3, green 4
MOVE: 1 1 None 0 None 2
You hints intentional about all their 2 hints remaining: 2
intentional has green 2, red 4, green 2, red 3, blue 1
MOVE: 0 0 None 1 2 None
intentional hints You about all their white cards hints remaining: 1
You has white 3, blue 4, white 2, white 3, green 4
MOVE: 1 0 None 0 0 None
You hints intentional about all their green cards hints remaining: 0
intentional has green 2, red 4, green 2, red 3, blue 1
MOVE: 0 2 2 None None None
intentional plays green 2 successfully! Board is now green 2, yellow 0, white 1, blue 1, red 1
intentional now has green 2, red 4, red 3, blue 1, red 2
MOVE: 1 2 2 1 None None
You plays white 2 successfully! Board is now green 2, yellow 0, white 2, blue 1, red 1
You now has white 3, blue 4, white 3, green 4, blue 3
MOVE: 0 3 0 None None None
intentional discards green 2
trash is now green 2
intentional now has red 4, red 3, blue 1, red 2, white 1
MOVE: 1 1 None 0 None 2
You hints intentional about all their 2 hints remaining: 0
intentional has red 4, red 3, blue 1, red 2, white 1
MOVE: 0 3 1 None None None
intentional discards red 3
trash is now green 2, red 3
intentional now has red 4, blue 1, red 2, white 1, white 4
MOVE: 1 0 None 0 4 None
You hints intentional about all their red cards hints remaining: 0
intentional has red 4, blue 1, red 2, white 1, white 4
MOVE: 0 2 2 None None None
intentional plays red 2 successfully! Board is now green 2, yellow 0, white 2, blue 1, red 2
intentional now has red 4, blue 1, white 1, white 4, green 4
MOVE: 1 3 0 1 None None
You discards white 3
trash is now green 2, red 3, white 3
You now has blue 4, white 3, green 4, blue 3, red 2
MOVE: 0 3 3 None None None
intentional discards white 4
trash is now green 2, red 3, white 3, white 4
intentional now has red 4, blue 1, white 1, green 4, blue 5
MOVE: 1 3 1 1 None None
You discards white 3
trash is now green 2, red 3, white 3, white 4, white 3
You now has blue 4, green 4, blue 3, red 2, yellow 2
MOVE: 0 3 3 None None None
intentional discards green 4
trash is now green 2, red 3, white 3, white 4, white 3, green 4
intentional now has red 4, blue 1, white 1, blue 5, blue 2
MOVE: 1 2 4 1 None None
You plays yellow 2 and fails. Board was green 2, yellow 0, white 2, blue 1, red 2
You now has blue 4, green 4, blue 3, red 2, yellow 1
MOVE: 0 0 None 1 1 None
intentional hints You about all their yellow cards hints remaining: 3
You has blue 4, green 4, blue 3, red 2, yellow 1
MOVE: 1 2 4 1 None None
You plays yellow 1 successfully! Board is now green 2, yellow 1, white 2, blue 1, red 2
You now has blue 4, green 4, blue 3, red 2, blue 4
MOVE: 0 3 1 None None None
intentional discards blue 1
trash is now green 2, red 3, white 3, white 4, white 3, green 4, yellow 2, blue 1
intentional now has red 4, white 1, blue 5, blue 2, red 5
MOVE: 1 3 4 1 None None
You discards blue 4
trash is now green 2, red 3, white 3, white 4, white 3, green 4, yellow 2, blue 1, blue 4
You now has blue 4, green 4, blue 3, red 2, blue 2
MOVE: 0 3 1 None None None
intentional discards white 1
trash is now green 2, red 3, white 3, white 4, white 3, green 4, yellow 2, blue 1, blue 4, white 1
intentional now has red 4, blue 5, blue 2, red 5, yellow 3
MOVE: 1 2 4 1 None None
You plays blue 2 successfully! Board is now green 2, yellow 1, white 2, blue 2, red 2
You now has blue 4, green 4, blue 3, red 2, red 1
MOVE: 0 1 None 1 None 3
intentional hints You about all their 3 hints remaining: 5
You has blue 4, green 4, blue 3, red 2, red 1
MOVE: 1 2 4 1 None None
You plays red 1 and fails. Board was green 2, yellow 1, white 2, blue 2, red 2
You now has blue 4, green 4, blue 3, red 2, yellow 1
MOVE: 0 0 None 1 3 None
intentional hints You about all their blue cards hints remaining: 4
You has blue 4, green 4, blue 3, red 2, yellow 1
MOVE: 1 2 4 1 None None
You plays yellow 1 and fails. Board was green 2, yellow 1, white 2, blue 2, red 2
You now has blue 4, green 4, blue 3, red 2, white 4
Score 9
