Old GID: 9ff44b3df36b7222
Treatment: ('full', 6727)
[(4, 1), (3, 2), (4, 1), (2, 1), (3, 3), (2, 2), (0, 2), (1, 4), (3, 2), (0, 1), (4, 4), (0, 1), (0, 1), (3, 3), (2, 3), (4, 2), (4, 1), (1, 3), (4, 4), (1, 1), (2, 4), (0, 4), (4, 3), (1, 3), (2, 5), (4, 3), (1, 4), (0, 4), (0, 3), (2, 2), (4, 5), (1, 5), (3, 5), (3, 4), (3, 1), (1, 1), (2, 1), (2, 1), (1, 2), (1, 1)]
MOVE: 0 1 None 1 None 1
full hints You about all their 1 hints remaining: 7
You has white 3, yellow 2, blue 1, green 2, blue 4
MOVE: 1 2 2 1 None None
You plays blue 1 successfully! Board is now green 0, yellow 0, white 0, blue 1, red 0
You now has white 3, yellow 2, green 2, blue 4, red 1
MOVE: 0 0 None 1 4 None
full hints You about all their red cards hints remaining: 6
You has white 3, yellow 2, green 2, blue 4, red 1
MOVE: 1 2 4 1 None None
You plays red 1 successfully! Board is now green 0, yellow 0, white 0, blue 1, red 1
You now has white 3, yellow 2, green 2, blue 4, blue 2
MOVE: 0 3 0 None None None
full discards green 5
trash is now green 5
full now has blue 1, white 4, red 2, green 3, red 1
MOVE: 1 1 None 0 None 2
You hints full about all their 2 hints remaining: 6
full has blue 1, white 4, red 2, green 3, red 1
MOVE: 0 2 2 None None None
full plays red 2 successfully! Board is now green 0, yellow 0, white 0, blue 1, red 2
full now has blue 1, white 4, green 3, red 1, white 1
MOVE: 1 0 None 0 2 None
You hints full about all their white cards hints remaining: 5
full has blue 1, white 4, green 3, red 1, white 1
MOVE: 0 2 1 None None None
full plays white 4 and fails. Board was green 0, yellow 0, white 0, blue 1, red 2
full now has blue 1, green 3, red 1, white 1, blue 3
MOVE: 1 1 None 0 None 1
You hints full about all their 1 hints remaining: 4
full has blue 1, green 3, red 1, white 1, blue 3
MOVE: 0 2 0 None None None
full plays blue 1 and fails. Board was green 0, yellow 0, white 0, blue 1, red 2
full now has green 3, red 1, white 1, blue 3, white 2
MOVE: 1 3 0 1 None None
You discards white 3
trash is now green 5, white 4, blue 1, white 3
You now has yellow 2, green 2, blue 4, blue 2, green 2
MOVE: 0 2 2 None None None
full plays white 1 successfully! Board is now green 0, yellow 0, white 1, blue 1, red 2
full now has green 3, red 1, blue 3, white 2, yellow 4
MOVE: 1 1 None 0 None 2
You hints full about all their 2 hints remaining: 4
full has green 3, red 1, blue 3, white 2, yellow 4
MOVE: 0 2 3 None None None
full plays white 2 successfully! Board is now green 0, yellow 0, white 2, blue 1, red 2
full now has green 3, red 1, blue 3, yellow 4, blue 2
MOVE: 1 1 None 0 None 2
You hints full about all their 2 hints remaining: 3
full has green 3, red 1, blue 3, yellow 4, blue 2
MOVE: 0 2 4 None None None
full plays blue 2 successfully! Board is now green 0, yellow 0, white 2, blue 2, red 2
full now has green 3, red 1, blue 3, yellow 4, green 1
MOVE: 1 1 None 0 None 3
You hints full about all their 3 hints remaining: 2
full has green 3, red 1, blue 3, yellow 4, green 1
MOVE: 0 2 0 None None None
full plays green 3 and fails. Board was green 0, yellow 0, white 2, blue 2, red 2
full now has red 1, blue 3, yellow 4, green 1, red 4
Score 6
