Treatment: ('full', 4)
[(4, 4), (3, 4), (3, 3), (1, 1), (0, 2), (0, 4), (4, 1), (1, 3), (0, 1), (2, 5), (3, 3), (4, 5), (1, 3), (1, 2), (0, 1), (2, 1), (2, 2), (2, 1), (4, 2), (4, 2), (4, 4), (2, 3), (2, 3), (2, 4), (4, 1), (4, 3), (4, 3), (0, 3), (1, 1), (2, 1), (0, 5), (3, 1), (3, 2), (4, 1), (1, 4), (0, 2), (0, 4), (1, 5), (0, 3), (1, 1)]
MOVE: 0 1 None 1 None 1
full hints You about all their 1 hints remaining: 7
You has green 1, blue 1, yellow 4, white 4, blue 1
MOVE: 1 2 1 1 None None
You plays blue 1 successfully! Board is now green 0, yellow 0, white 0, blue 1, red 0
You now has green 1, yellow 4, white 4, blue 1, red 4
MOVE: 0 0 None 1 0 None
full hints You about all their green cards hints remaining: 6
You has green 1, yellow 4, white 4, blue 1, red 4
MOVE: 1 2 0 1 None None
You plays green 1 successfully! Board is now green 1, yellow 0, white 0, blue 1, red 0
You now has yellow 4, white 4, blue 1, red 4, blue 4
MOVE: 0 3 0 None None None
full discards yellow 2
trash is now yellow 2
full now has white 2, blue 5, blue 4, blue 2, blue 3
MOVE: 1 2 2 1 None None
You plays blue 1 and fails. Board was green 1, yellow 0, white 0, blue 1, red 0
You now has yellow 4, white 4, red 4, blue 4, yellow 1
MOVE: 0 0 None 1 1 None
full hints You about all their yellow cards hints remaining: 6
You has yellow 4, white 4, red 4, blue 4, yellow 1
MOVE: 1 2 0 1 None None
You plays yellow 4 and fails. Board was green 1, yellow 0, white 0, blue 1, red 0
You now has white 4, red 4, blue 4, yellow 1, green 2
MOVE: 0 0 None 1 0 None
full hints You about all their green cards hints remaining: 5
You has white 4, red 4, blue 4, yellow 1, green 2
MOVE: 1 2 4 1 None None
You plays green 2 successfully! Board is now green 2, yellow 0, white 0, blue 1, red 0
You now has white 4, red 4, blue 4, yellow 1, green 4
MOVE: 0 1 None 1 None 1
full hints You about all their 1 hints remaining: 4
You has white 4, red 4, blue 4, yellow 1, green 4
MOVE: 1 2 3 1 None None
You plays yellow 1 successfully! Board is now green 2, yellow 1, white 0, blue 1, red 0
You now has white 4, red 4, blue 4, green 4, red 1
MOVE: 0 0 None 1 4 None
full hints You about all their red cards hints remaining: 3
You has white 4, red 4, blue 4, green 4, red 1
MOVE: 1 0 None 0 3 None
You hints full about all their blue cards hints remaining: 2
full has white 2, blue 5, blue 4, blue 2, blue 3
MOVE: 0 2 1 None None None
full plays blue 5 and fails. Board was green 2, yellow 1, white 0, blue 1, red 0
full now has white 2, blue 4, blue 2, blue 3, yellow 3
Score 4
