Old GID: 06f235fa0d5fe519
Treatment: ('intentional', 5155)
[(1, 3), (2, 4), (0, 2), (4, 3), (4, 4), (3, 3), (4, 5), (1, 1), (3, 3), (2, 2), (2, 2), (3, 2), (4, 2), (1, 2), (2, 5), (3, 4), (0, 1), (3, 5), (0, 3), (4, 1), (0, 5), (2, 1), (0, 3), (3, 2), (4, 1), (3, 1), (3, 1), (1, 4), (0, 1), (2, 1), (1, 1), (0, 2), (1, 2), (2, 3), (4, 2), (1, 5), (0, 1), (0, 4), (2, 3), (4, 4)]
MOVE: 0 1 None 1 None 1
intentional hints You about all their 1 hints remaining: 7
You has blue 1, yellow 4, yellow 3, blue 4, red 1
MOVE: 1 2 4 1 None None
You plays red 1 successfully! Board is now green 0, yellow 0, white 0, blue 0, red 1
You now has blue 1, yellow 4, yellow 3, blue 4, yellow 3
MOVE: 0 0 None 1 3 None
intentional hints You about all their blue cards hints remaining: 6
You has blue 1, yellow 4, yellow 3, blue 4, yellow 3
MOVE: 1 2 0 1 None None
You plays blue 1 successfully! Board is now green 0, yellow 0, white 0, blue 1, red 1
You now has yellow 4, yellow 3, blue 4, yellow 3, white 4
MOVE: 0 3 0 None None None
intentional discards red 3
trash is now red 3
intentional now has white 1, yellow 1, green 4, white 4, green 2
MOVE: 1 2 2 1 None None
You plays blue 4 and fails. Board was green 0, yellow 0, white 0, blue 1, red 1
You now has yellow 4, yellow 3, yellow 3, white 4, red 3
MOVE: 0 3 0 None None None
intentional discards white 1
trash is now red 3, blue 4, white 1
intentional now has yellow 1, green 4, white 4, green 2, red 4
MOVE: 1 1 None 0 None 1
You hints intentional about all their 1 hints remaining: 7
intentional has yellow 1, green 4, white 4, green 2, red 4
MOVE: 0 3 1 None None None
intentional discards green 4
trash is now red 3, blue 4, white 1, green 4
intentional now has yellow 1, white 4, green 2, red 4, blue 3
MOVE: 1 0 None 0 1 None
You hints intentional about all their yellow cards hints remaining: 7
intentional has yellow 1, white 4, green 2, red 4, blue 3
MOVE: 0 2 0 None None None
intentional plays yellow 1 successfully! Board is now green 0, yellow 1, white 0, blue 1, red 1
intentional now has white 4, green 2, red 4, blue 3, red 5
MOVE: 1 2 4 1 None None
You plays red 3 and fails. Board was green 0, yellow 1, white 0, blue 1, red 1
You now has yellow 4, yellow 3, yellow 3, white 4, yellow 1
MOVE: 0 3 4 None None None
intentional discards red 5
trash is now red 3, blue 4, white 1, green 4, red 3, red 5
intentional now has white 4, green 2, red 4, blue 3, blue 3
MOVE: 1 2 4 1 None None
You plays yellow 1 and fails. Board was green 0, yellow 1, white 0, blue 1, red 1
You now has yellow 4, yellow 3, yellow 3, white 4, white 2
Score 3
