Old GID: 23366b328b363d1f
Treatment: ('outer', 8035)
[(2, 2), (2, 1), (0, 5), (3, 2), (4, 1), (3, 4), (0, 3), (4, 4), (4, 1), (4, 1), (3, 1), (1, 1), (1, 5), (4, 5), (0, 1), (3, 3), (4, 4), (3, 1), (1, 4), (3, 4), (0, 3), (1, 2), (2, 4), (0, 2), (4, 2), (2, 3), (4, 3), (3, 2), (2, 3), (1, 1), (1, 3), (1, 1), (0, 1), (2, 5), (1, 3), (0, 4), (2, 1), (2, 1), (0, 2), (1, 4)]
MOVE: 0 1 None 1 None 2
outer hints You about all their 2 hints remaining: 7
You has green 4, blue 5, white 2, red 2, yellow 2
MOVE: 1 1 None 0 None 1
You hints outer about all their 1 hints remaining: 6
outer has white 4, blue 1, red 3, blue 3, green 1
MOVE: 0 2 1 None None None
outer plays blue 1 successfully! Board is now green 0, yellow 0, white 0, blue 1, red 0
outer now has white 4, red 3, blue 3, green 1, white 2
MOVE: 1 0 None 0 0 None
You hints outer about all their green cards hints remaining: 5
outer has white 4, red 3, blue 3, green 1, white 2
MOVE: 0 2 3 None None None
outer plays green 1 successfully! Board is now green 1, yellow 0, white 0, blue 1, red 0
outer now has white 4, red 3, blue 3, white 2, white 1
MOVE: 1 0 None 0 2 None
You hints outer about all their white cards hints remaining: 4
outer has white 4, red 3, blue 3, white 2, white 1
MOVE: 0 0 None 1 3 None
outer hints You about all their blue cards hints remaining: 3
You has green 4, blue 5, white 2, red 2, yellow 2
MOVE: 1 1 None 0 None 1
You hints outer about all their 1 hints remaining: 2
outer has white 4, red 3, blue 3, white 2, white 1
MOVE: 0 2 4 None None None
outer plays white 1 successfully! Board is now green 1, yellow 0, white 1, blue 1, red 0
outer now has white 4, red 3, blue 3, white 2, green 5
MOVE: 1 2 4 1 None None
You plays yellow 2 and fails. Board was green 1, yellow 0, white 1, blue 1, red 0
You now has green 4, blue 5, white 2, red 2, blue 2
MOVE: 0 1 None 1 None 2
outer hints You about all their 2 hints remaining: 1
You has green 4, blue 5, white 2, red 2, blue 2
MOVE: 1 2 3 1 None None
You plays red 2 and fails. Board was green 1, yellow 0, white 1, blue 1, red 0
You now has green 4, blue 5, white 2, blue 2, red 1
MOVE: 0 0 None 1 2 None
outer hints You about all their white cards hints remaining: 0
You has green 4, blue 5, white 2, blue 2, red 1
MOVE: 1 2 2 1 None None
You plays white 2 successfully! Board is now green 1, yellow 0, white 2, blue 1, red 0
You now has green 4, blue 5, blue 2, red 1, blue 4
MOVE: 0 3 3 None None None
outer discards white 2
trash is now yellow 2, red 2, white 2
outer now has white 4, red 3, blue 3, green 5, green 3
MOVE: 1 2 2 1 None None
You plays blue 2 successfully! Board is now green 1, yellow 0, white 2, blue 2, red 0
You now has green 4, blue 5, red 1, blue 4, red 4
MOVE: 0 0 None 1 4 None
outer hints You about all their red cards hints remaining: 0
You has green 4, blue 5, red 1, blue 4, red 4
MOVE: 1 2 4 1 None None
You plays red 4 and fails. Board was green 1, yellow 0, white 2, blue 2, red 0
You now has green 4, blue 5, red 1, blue 4, red 1
Score 5
