Old GID: faf409aa1262dffb
Treatment: ('outer', 5802)
[(3, 4), (0, 4), (3, 1), (3, 2), (1, 4), (1, 3), (0, 3), (2, 2), (2, 4), (3, 1), (4, 1), (0, 1), (3, 2), (1, 1), (0, 3), (3, 3), (4, 2), (0, 1), (1, 5), (1, 4), (2, 3), (1, 1), (4, 4), (0, 1), (4, 3), (4, 2), (4, 5), (2, 4), (4, 3), (2, 2), (1, 1), (3, 5), (3, 4), (0, 2), (2, 1), (4, 1), (2, 1), (4, 4), (0, 4), (2, 1)]
MOVE: 0 0 None 1 0 None
outer hints You about all their green cards hints remaining: 7
You has green 5, blue 3, yellow 3, white 3, yellow 2
MOVE: 1 1 None 0 None 1
You hints outer about all their 1 hints remaining: 6
outer has blue 1, green 2, red 1, white 5, yellow 2
MOVE: 0 2 0 None None None
outer plays blue 1 successfully! Board is now green 0, yellow 0, white 0, blue 1, red 0
outer now has green 2, red 1, white 5, yellow 2, blue 4
MOVE: 1 2 0 1 None None
You plays green 5 and fails. Board was green 0, yellow 0, white 0, blue 1, red 0
You now has blue 3, yellow 3, white 3, yellow 2, green 4
MOVE: 0 0 None 1 3 None
outer hints You about all their blue cards hints remaining: 5
You has blue 3, yellow 3, white 3, yellow 2, green 4
MOVE: 1 2 0 1 None None
You plays blue 3 and fails. Board was green 0, yellow 0, white 0, blue 1, red 0
You now has yellow 3, white 3, yellow 2, green 4, blue 1
MOVE: 0 0 None 1 2 None
outer hints You about all their white cards hints remaining: 4
You has yellow 3, white 3, yellow 2, green 4, blue 1
MOVE: 1 2 1 1 None None
You plays white 3 and fails. Board was green 0, yellow 0, white 0, blue 1, red 0
You now has yellow 3, yellow 2, green 4, blue 1, blue 2
Score 1
