Old GID: 86f2f2a72520185e
Treatment: ('full', 3857)
[(4, 2), (4, 1), (2, 4), (1, 1), (0, 3), (4, 3), (0, 1), (4, 3), (1, 2), (2, 4), (4, 5), (3, 2), (1, 1), (2, 2), (4, 4), (3, 4), (0, 2), (3, 3), (1, 1), (1, 3), (0, 1), (1, 4), (2, 1), (3, 1), (4, 1), (0, 5), (3, 4), (0, 1), (0, 2), (4, 2), (3, 5), (2, 1), (1, 5), (2, 5), (1, 3), (0, 4), (3, 1), (1, 2), (2, 2), (2, 3)]
MOVE: 0 1 None 1 None 1
full hints You about all their 1 hints remaining: 7
You has white 3, red 1, yellow 4, red 4, green 4
MOVE: 1 2 1 None None None
You plays red 1 successfully! Board is now green 0, yellow 0, white 0, blue 0, red 1
You now has white 3, yellow 4, red 4, green 4, red 2
MOVE: 0 1 None 0 None 1
full hints full about all their 1 hints remaining: 6
full has white 1, blue 3, blue 1, blue 2, green 3
MOVE: 1 1 None 0 None 1
You hints full about all their 1 hints remaining: 5
full has white 1, blue 3, blue 1, blue 2, green 3
MOVE: 0 0 None 0 3 None
full hints full about all their blue cards hints remaining: 4
full has white 1, blue 3, blue 1, blue 2, green 3
MOVE: 1 0 None 0 2 None
You hints full about all their white cards hints remaining: 3
full has white 1, blue 3, blue 1, blue 2, green 3
MOVE: 0 0 None 0 3 None
full hints full about all their blue cards hints remaining: 2
full has white 1, blue 3, blue 1, blue 2, green 3
MOVE: 1 1 None 0 None 3
You hints full about all their 3 hints remaining: 1
full has white 1, blue 3, blue 1, blue 2, green 3
MOVE: 0 0 None 0 3 None
full hints full about all their blue cards hints remaining: 0
full has white 1, blue 3, blue 1, blue 2, green 3
MOVE: 1 3 3 None None None
You discards green 4
trash is now green 4
You now has white 3, yellow 4, red 4, red 2, red 1
MOVE: 0 1 None 0 None 1
full hints full about all their 1 hints remaining: 0
full has white 1, blue 3, blue 1, blue 2, green 3
MOVE: 1 2 3 None None None
You plays red 2 successfully! Board is now green 0, yellow 0, white 0, blue 0, red 2
You now has white 3, yellow 4, red 4, red 1, white 4
MOVE: 0 3 1 1 None None
full discards blue 3
trash is now green 4, blue 3
full now has white 1, blue 1, blue 2, green 3, yellow 1
MOVE: 1 0 None 0 3 None
You hints full about all their blue cards hints remaining: 0
full has white 1, blue 1, blue 2, green 3, yellow 1
MOVE: 0 2 3 1 None None
full plays green 3 and fails. Board was green 0, yellow 0, white 0, blue 0, red 2
full now has white 1, blue 1, blue 2, yellow 1, green 3
MOVE: 1 2 2 None None None
You plays red 4 and fails. Board was green 0, yellow 0, white 0, blue 0, red 2
You now has white 3, yellow 4, red 1, white 4, red 3
MOVE: 0 2 2 1 None None
full plays blue 2 and fails. Board was green 0, yellow 0, white 0, blue 0, red 2
full now has white 1, blue 1, yellow 1, green 3, green 1
Score 2
