Old GID: 007e20cb959b48fa
Treatment: ('full', 7604)
[(4, 3), (0, 1), (4, 2), (0, 5), (1, 1), (2, 4), (1, 4), (2, 1), (4, 4), (1, 3), (0, 3), (3, 3), (3, 4), (1, 5), (4, 2), (1, 1), (1, 2), (4, 4), (3, 5), (3, 4), (0, 1), (3, 1), (2, 2), (1, 3), (3, 2), (4, 5), (0, 2), (3, 1), (2, 2), (3, 1), (2, 5), (4, 1), (0, 2), (3, 2), (0, 3), (2, 3), (2, 1), (0, 1), (1, 2), (2, 3)]
MOVE: 0 1 None 1 None 1
full hints You about all their 1 hints remaining: 7
You has red 1, red 3, blue 3, yellow 4, green 4
MOVE: 1 1 None 0 None 1
You hints full about all their 1 hints remaining: 6
full has white 4, red 1, yellow 1, white 1, green 4
MOVE: 0 2 1 None None None
full plays red 1 successfully! Board is now green 0, yellow 0, white 0, blue 0, red 1
full now has white 4, yellow 1, white 1, green 4, red 3
MOVE: 1 2 0 1 None None
You plays red 1 and fails. Board was green 0, yellow 0, white 0, blue 0, red 1
You now has red 3, blue 3, yellow 4, green 4, green 1
MOVE: 0 0 None 1 0 None
full hints You about all their green cards hints remaining: 5
You has red 3, blue 3, yellow 4, green 4, green 1
MOVE: 1 0 None 0 2 None
You hints full about all their white cards hints remaining: 4
full has white 4, yellow 1, white 1, green 4, red 3
MOVE: 0 2 2 None None None
full plays white 1 successfully! Board is now green 0, yellow 0, white 1, blue 0, red 1
full now has white 4, yellow 1, green 4, red 3, red 2
MOVE: 1 1 None 0 None 2
You hints full about all their 2 hints remaining: 3
full has white 4, yellow 1, green 4, red 3, red 2
MOVE: 0 2 4 None None None
full plays red 2 successfully! Board is now green 0, yellow 0, white 1, blue 0, red 2
full now has white 4, yellow 1, green 4, red 3, green 5
MOVE: 1 1 None 0 None 3
You hints full about all their 3 hints remaining: 2
full has white 4, yellow 1, green 4, red 3, green 5
MOVE: 0 2 3 None None None
full plays red 3 successfully! Board is now green 0, yellow 0, white 1, blue 0, red 3
full now has white 4, yellow 1, green 4, green 5, yellow 1
MOVE: 1 0 None 0 1 None
You hints full about all their yellow cards hints remaining: 1
full has white 4, yellow 1, green 4, green 5, yellow 1
MOVE: 0 2 1 None None None
full plays yellow 1 successfully! Board is now green 0, yellow 1, white 1, blue 0, red 3
full now has white 4, green 4, green 5, yellow 1, white 4
MOVE: 1 1 None 0 None 1
You hints full about all their 1 hints remaining: 0
full has white 4, green 4, green 5, yellow 1, white 4
MOVE: 0 3 3 None None None
full discards yellow 1
trash is now red 1, yellow 1
full now has white 4, green 4, green 5, white 4, yellow 4
MOVE: 1 2 3 1 None None
You plays green 4 and fails. Board was green 0, yellow 1, white 1, blue 0, red 3
You now has red 3, blue 3, yellow 4, green 1, white 1
MOVE: 0 1 None 1 None 3
full hints You about all their 3 hints remaining: 0
You has red 3, blue 3, yellow 4, green 1, white 1
MOVE: 1 2 3 1 None None
You plays green 1 successfully! Board is now green 1, yellow 1, white 1, blue 0, red 3
You now has red 3, blue 3, yellow 4, white 1, red 4
MOVE: 0 3 4 None None None
full discards yellow 4
trash is now red 1, yellow 1, green 4, yellow 4
full now has white 4, green 4, green 5, white 4, yellow 3
MOVE: 1 3 2 1 None None
You discards yellow 4
trash is now red 1, yellow 1, green 4, yellow 4, yellow 4
You now has red 3, blue 3, white 1, red 4, green 3
MOVE: 0 0 None 1 4 None
full hints You about all their red cards hints remaining: 1
You has red 3, blue 3, white 1, red 4, green 3
MOVE: 1 3 0 1 None None
You discards red 3
trash is now red 1, yellow 1, green 4, yellow 4, yellow 4, red 3
You now has blue 3, white 1, red 4, green 3, blue 3
MOVE: 0 1 None 1 None 4
full hints You about all their 4 hints remaining: 1
You has blue 3, white 1, red 4, green 3, blue 3
MOVE: 1 2 2 1 None None
You plays red 4 successfully! Board is now green 1, yellow 1, white 1, blue 0, red 4
You now has blue 3, white 1, green 3, blue 3, blue 4
MOVE: 0 1 None 1 None 3
full hints You about all their 3 hints remaining: 0
You has blue 3, white 1, green 3, blue 3, blue 4
MOVE: 1 3 1 1 None None
You discards white 1
trash is now red 1, yellow 1, green 4, yellow 4, yellow 4, red 3, white 1
You now has blue 3, green 3, blue 3, blue 4, yellow 5
MOVE: 0 1 None 1 None 4
full hints You about all their 4 hints remaining: 0
You has blue 3, green 3, blue 3, blue 4, yellow 5
MOVE: 1 3 3 1 None None
You discards blue 4
trash is now red 1, yellow 1, green 4, yellow 4, yellow 4, red 3, white 1, blue 4
You now has blue 3, green 3, blue 3, yellow 5, red 2
MOVE: 0 3 4 None None None
full discards yellow 3
trash is now red 1, yellow 1, green 4, yellow 4, yellow 4, red 3, white 1, blue 4, yellow 3
full now has white 4, green 4, green 5, white 4, yellow 1
MOVE: 1 3 3 1 None None
You discards yellow 5
trash is now red 1, yellow 1, green 4, yellow 4, yellow 4, red 3, white 1, blue 4, yellow 3, yellow 5
You now has blue 3, green 3, blue 3, red 2, yellow 2
MOVE: 0 0 None 1 1 None
full hints You about all their yellow cards hints remaining: 2
You has blue 3, green 3, blue 3, red 2, yellow 2
MOVE: 1 2 4 1 None None
You plays yellow 2 successfully! Board is now green 1, yellow 2, white 1, blue 0, red 4
You now has blue 3, green 3, blue 3, red 2, red 4
MOVE: 0 1 None 1 None 4
full hints You about all their 4 hints remaining: 1
You has blue 3, green 3, blue 3, red 2, red 4
MOVE: 1 3 2 1 None None
You discards blue 3
trash is now red 1, yellow 1, green 4, yellow 4, yellow 4, red 3, white 1, blue 4, yellow 3, yellow 5, blue 3
You now has blue 3, green 3, red 2, red 4, blue 5
MOVE: 0 3 4 None None None
full discards yellow 1
trash is now red 1, yellow 1, green 4, yellow 4, yellow 4, red 3, white 1, blue 4, yellow 3, yellow 5, blue 3, yellow 1
full now has white 4, green 4, green 5, white 4, blue 4
MOVE: 1 1 None 0 None 5
You hints full about all their 5 hints remaining: 2
full has white 4, green 4, green 5, white 4, blue 4
MOVE: 0 2 2 None None None
full plays green 5 and fails. Board was green 1, yellow 2, white 1, blue 0, red 4
full now has white 4, green 4, white 4, blue 4, green 1
Score 8
