Old GID: 08c422bc92cf6923
Treatment: ('intentional', 2326)
[(1, 2), (1, 3), (0, 3), (3, 3), (0, 2), (4, 2), (0, 1), (2, 3), (4, 1), (3, 3), (3, 1), (4, 5), (1, 3), (2, 1), (1, 1), (2, 4), (4, 1), (3, 2), (2, 5), (0, 1), (3, 1), (2, 4), (0, 3), (0, 5), (1, 4), (1, 4), (1, 2), (3, 4), (2, 3), (2, 2), (1, 1), (1, 1), (0, 2), (0, 4), (3, 4), (2, 2), (3, 1), (4, 3), (4, 2), (2, 1)]
MOVE: 0 1 None 1 None 1
intentional hints You about all their 1 hints remaining: 7
You has red 4, red 3, yellow 5, red 4, red 1
MOVE: 1 1 None 0 None 1
You hints intentional about all their 1 hints remaining: 6
intentional has white 1, green 4, blue 5, blue 2, green 1
MOVE: 0 2 4 None None None
intentional plays green 1 successfully! Board is now green 1, yellow 0, white 0, blue 0, red 0
intentional now has white 1, green 4, blue 5, blue 2, yellow 2
MOVE: 1 0 None 0 2 None
You hints intentional about all their white cards hints remaining: 5
intentional has white 1, green 4, blue 5, blue 2, yellow 2
MOVE: 0 2 0 None None None
intentional plays white 1 successfully! Board is now green 1, yellow 0, white 1, blue 0, red 0
intentional now has green 4, blue 5, blue 2, yellow 2, yellow 3
MOVE: 1 2 4 1 None None
You plays red 1 successfully! Board is now green 1, yellow 0, white 1, blue 0, red 1
You now has red 4, red 3, yellow 5, red 4, green 3
MOVE: 0 3 4 None None None
intentional discards yellow 3
trash is now yellow 3
intentional now has green 4, blue 5, blue 2, yellow 2, blue 3
MOVE: 1 1 None 0 None 5
You hints intentional about all their 5 hints remaining: 5
intentional has green 4, blue 5, blue 2, yellow 2, blue 3
MOVE: 0 3 4 None None None
intentional discards blue 3
trash is now yellow 3, blue 3
intentional now has green 4, blue 5, blue 2, yellow 2, green 2
MOVE: 1 0 None 0 0 None
You hints intentional about all their green cards hints remaining: 5
intentional has green 4, blue 5, blue 2, yellow 2, green 2
MOVE: 0 3 4 None None None
intentional discards green 2
trash is now yellow 3, blue 3, green 2
intentional now has green 4, blue 5, blue 2, yellow 2, red 2
MOVE: 1 1 None 0 None 2
You hints intentional about all their 2 hints remaining: 5
intentional has green 4, blue 5, blue 2, yellow 2, red 2
MOVE: 0 3 0 None None None
intentional discards green 4
trash is now yellow 3, blue 3, green 2, green 4
intentional now has blue 5, blue 2, yellow 2, red 2, green 1
MOVE: 1 0 None 0 4 None
You hints intentional about all their red cards hints remaining: 5
intentional has blue 5, blue 2, yellow 2, red 2, green 1
MOVE: 0 2 3 None None None
intentional plays red 2 successfully! Board is now green 1, yellow 0, white 1, blue 0, red 2
intentional now has blue 5, blue 2, yellow 2, green 1, white 3
MOVE: 1 1 None 0 None 1
You hints intentional about all their 1 hints remaining: 4
intentional has blue 5, blue 2, yellow 2, green 1, white 3
MOVE: 0 3 1 None None None
intentional discards blue 2
trash is now yellow 3, blue 3, green 2, green 4, blue 2
intentional now has blue 5, yellow 2, green 1, white 3, red 1
MOVE: 1 2 4 1 None None
You plays green 3 and fails. Board was green 1, yellow 0, white 1, blue 0, red 2
You now has red 4, red 3, yellow 5, red 4, blue 3
MOVE: 0 3 4 None None None
intentional discards red 1
trash is now yellow 3, blue 3, green 2, green 4, blue 2, green 3, red 1
intentional now has blue 5, yellow 2, green 1, white 3, blue 1
MOVE: 1 2 4 1 None None
You plays blue 3 and fails. Board was green 1, yellow 0, white 1, blue 0, red 2
You now has red 4, red 3, yellow 5, red 4, red 5
MOVE: 0 1 None 1 None 3
intentional hints You about all their 3 hints remaining: 5
You has red 4, red 3, yellow 5, red 4, red 5
MOVE: 1 2 4 1 None None
You plays red 5 and fails. Board was green 1, yellow 0, white 1, blue 0, red 2
You now has red 4, red 3, yellow 5, red 4, yellow 3
Score 4
