Old GID: 35435bfba505cc6c
Treatment: ('intentional', 1881)
[(2, 5), (3, 1), (3, 4), (1, 4), (2, 4), (0, 1), (4, 2), (1, 1), (1, 1), (3, 3), (3, 1), (0, 2), (3, 1), (4, 3), (2, 3), (3, 3), (2, 1), (1, 2), (4, 3), (4, 4), (0, 3), (0, 1), (4, 1), (3, 2), (4, 2), (4, 5), (3, 2), (4, 1), (1, 3), (2, 1), (1, 1), (2, 2), (0, 1), (0, 2), (0, 5), (4, 1), (2, 3), (1, 4), (4, 4), (1, 3)]
MOVE: 0 1 None 1 None 1
intentional hints You about all their 1 hints remaining: 7
You has green 4, blue 4, white 2, white 1, green 4
MOVE: 1 2 3 1 None None
You plays white 1 successfully! Board is now green 0, yellow 0, white 1, blue 0, red 0
You now has green 4, blue 4, white 2, green 4, white 5
MOVE: 0 1 None 1 None 2
intentional hints You about all their 2 hints remaining: 6
You has green 4, blue 4, white 2, green 4, white 5
MOVE: 1 2 2 1 None None
You plays white 2 successfully! Board is now green 0, yellow 0, white 2, blue 0, red 0
You now has green 4, blue 4, green 4, white 5, blue 1
MOVE: 0 0 None 1 3 None
intentional hints You about all their blue cards hints remaining: 5
You has green 4, blue 4, green 4, white 5, blue 1
MOVE: 1 2 1 1 None None
You plays blue 4 and fails. Board was green 0, yellow 0, white 2, blue 0, red 0
You now has green 4, green 4, white 5, blue 1, blue 4
MOVE: 0 1 None 1 None 1
intentional hints You about all their 1 hints remaining: 4
You has green 4, green 4, white 5, blue 1, blue 4
MOVE: 1 2 3 1 None None
You plays blue 1 successfully! Board is now green 0, yellow 0, white 2, blue 1, red 0
You now has green 4, green 4, white 5, blue 4, yellow 4
MOVE: 0 3 0 None None None
intentional discards green 3
trash is now blue 4, green 3
intentional now has blue 5, white 4, yellow 5, yellow 2, white 4
MOVE: 1 1 None 0 None 5
You hints intentional about all their 5 hints remaining: 4
intentional has blue 5, white 4, yellow 5, yellow 2, white 4
MOVE: 0 3 1 None None None
intentional discards white 4
trash is now blue 4, green 3, white 4
intentional now has blue 5, yellow 5, yellow 2, white 4, green 1
MOVE: 1 1 None 0 None 1
You hints intentional about all their 1 hints remaining: 4
intentional has blue 5, yellow 5, yellow 2, white 4, green 1
MOVE: 0 3 2 None None None
intentional discards yellow 2
trash is now blue 4, green 3, white 4, yellow 2
intentional now has blue 5, yellow 5, white 4, green 1, red 2
MOVE: 1 0 None 0 0 None
You hints intentional about all their green cards hints remaining: 4
intentional has blue 5, yellow 5, white 4, green 1, red 2
MOVE: 0 2 3 None None None
intentional plays green 1 successfully! Board is now green 1, yellow 0, white 2, blue 1, red 0
intentional now has blue 5, yellow 5, white 4, red 2, yellow 1
MOVE: 1 1 None 0 None 1
You hints intentional about all their 1 hints remaining: 3
intentional has blue 5, yellow 5, white 4, red 2, yellow 1
MOVE: 0 3 4 None None None
intentional discards yellow 1
trash is now blue 4, green 3, white 4, yellow 2, yellow 1
intentional now has blue 5, yellow 5, white 4, red 2, yellow 1
MOVE: 1 0 None 0 1 None
You hints intentional about all their yellow cards hints remaining: 3
intentional has blue 5, yellow 5, white 4, red 2, yellow 1
MOVE: 0 3 2 None None None
intentional discards white 4
trash is now blue 4, green 3, white 4, yellow 2, yellow 1, white 4
intentional now has blue 5, yellow 5, red 2, yellow 1, blue 3
MOVE: 1 1 None 0 None 1
You hints intentional about all their 1 hints remaining: 3
intentional has blue 5, yellow 5, red 2, yellow 1, blue 3
MOVE: 0 2 3 None None None
intentional plays yellow 1 successfully! Board is now green 1, yellow 1, white 2, blue 1, red 0
intentional now has blue 5, yellow 5, red 2, blue 3, blue 1
MOVE: 1 3 0 1 None None
You discards green 4
trash is now blue 4, green 3, white 4, yellow 2, yellow 1, white 4, green 4
You now has green 4, white 5, blue 4, yellow 4, green 2
MOVE: 0 0 None 1 0 None
intentional hints You about all their green cards hints remaining: 3
You has green 4, white 5, blue 4, yellow 4, green 2
MOVE: 1 2 0 1 None None
You plays green 4 and fails. Board was green 1, yellow 1, white 2, blue 1, red 0
You now has white 5, blue 4, yellow 4, green 2, blue 1
MOVE: 0 1 None 1 None 2
intentional hints You about all their 2 hints remaining: 2
You has white 5, blue 4, yellow 4, green 2, blue 1
MOVE: 1 2 3 1 None None
You plays green 2 successfully! Board is now green 2, yellow 1, white 2, blue 1, red 0
You now has white 5, blue 4, yellow 4, blue 1, red 3
MOVE: 0 0 None 1 3 None
intentional hints You about all their blue cards hints remaining: 1
You has white 5, blue 4, yellow 4, blue 1, red 3
MOVE: 1 3 0 1 None None
You discards white 5
trash is now blue 4, green 3, white 4, yellow 2, yellow 1, white 4, green 4, green 4, white 5
You now has blue 4, yellow 4, blue 1, red 3, white 3
MOVE: 0 0 None 1 2 None
intentional hints You about all their white cards hints remaining: 1
You has blue 4, yellow 4, blue 1, red 3, white 3
MOVE: 1 2 4 1 None None
You plays white 3 successfully! Board is now green 2, yellow 1, white 3, blue 1, red 0
You now has blue 4, yellow 4, blue 1, red 3, blue 3
MOVE: 0 1 None 1 None 1
intentional hints You about all their 1 hints remaining: 0
You has blue 4, yellow 4, blue 1, red 3, blue 3
MOVE: 1 3 2 1 None None
You discards blue 1
trash is now blue 4, green 3, white 4, yellow 2, yellow 1, white 4, green 4, green 4, white 5, blue 1
You now has blue 4, yellow 4, red 3, blue 3, white 1
MOVE: 0 3 2 None None None
intentional discards red 2
trash is now blue 4, green 3, white 4, yellow 2, yellow 1, white 4, green 4, green 4, white 5, blue 1, red 2
intentional now has blue 5, yellow 5, blue 3, blue 1, yellow 2
MOVE: 1 2 0 1 None None
You plays blue 4 and fails. Board was green 2, yellow 1, white 3, blue 1, red 0
You now has yellow 4, red 3, blue 3, white 1, red 3
Score 7
