Old GID: 6140f3e0887871f6
Treatment: ('outer', 269)
[(4, 5), (0, 5), (0, 3), (1, 3), (2, 2), (2, 3), (2, 2), (3, 1), (3, 2), (0, 2), (3, 4), (1, 4), (2, 1), (1, 1), (4, 4), (4, 1), (1, 1), (0, 3), (2, 1), (3, 5), (4, 1), (4, 3), (0, 2), (3, 1), (1, 3), (4, 1), (0, 1), (1, 2), (3, 3), (2, 3), (0, 4), (0, 1), (2, 1), (1, 1), (0, 4), (4, 2), (2, 4), (3, 3), (4, 2), (0, 1)]
MOVE: 0 0 None 1 1 None
outer hints You about all their yellow cards hints remaining: 7
You has blue 4, white 4, blue 2, yellow 5, white 5
MOVE: 1 1 None 0 None 1
You hints outer about all their 1 hints remaining: 6
outer has red 4, blue 1, yellow 4, yellow 2, red 3
MOVE: 0 2 1 None None None
outer plays blue 1 successfully! Board is now green 0, yellow 0, white 0, blue 1, red 0
outer now has red 4, yellow 4, yellow 2, red 3, red 5
MOVE: 1 2 3 1 None None
You plays yellow 5 and fails. Board was green 0, yellow 0, white 0, blue 1, red 0
You now has blue 4, white 4, blue 2, white 5, green 5
MOVE: 0 0 None 1 3 None
outer hints You about all their blue cards hints remaining: 5
You has blue 4, white 4, blue 2, white 5, green 5
MOVE: 1 3 4 1 None None
You discards green 5
trash is now yellow 5, green 5
You now has blue 4, white 4, blue 2, white 5, green 3
MOVE: 0 1 None 1 None 2
outer hints You about all their 2 hints remaining: 5
You has blue 4, white 4, blue 2, white 5, green 3
MOVE: 1 2 2 1 None None
You plays blue 2 successfully! Board is now green 0, yellow 0, white 0, blue 2, red 0
You now has blue 4, white 4, white 5, green 3, yellow 3
MOVE: 0 1 None 1 None 4
outer hints You about all their 4 hints remaining: 4
You has blue 4, white 4, white 5, green 3, yellow 3
MOVE: 1 3 4 1 None None
You discards yellow 3
trash is now yellow 5, green 5, yellow 3
You now has blue 4, white 4, white 5, green 3, white 2
MOVE: 0 0 None 1 2 None
outer hints You about all their white cards hints remaining: 4
You has blue 4, white 4, white 5, green 3, white 2
MOVE: 1 3 3 1 None None
You discards green 3
trash is now yellow 5, green 5, yellow 3, green 3
You now has blue 4, white 4, white 5, white 2, white 3
MOVE: 0 1 None 1 None 2
outer hints You about all their 2 hints remaining: 4
You has blue 4, white 4, white 5, white 2, white 3
MOVE: 1 3 4 1 None None
You discards white 3
trash is now yellow 5, green 5, yellow 3, green 3, white 3
You now has blue 4, white 4, white 5, white 2, white 2
MOVE: 0 3 1 None None None
outer discards yellow 4
trash is now yellow 5, green 5, yellow 3, green 3, white 3, yellow 4
outer now has red 4, yellow 2, red 3, red 5, blue 1
MOVE: 1 2 2 1 None None
You plays white 5 and fails. Board was green 0, yellow 0, white 0, blue 2, red 0
You now has blue 4, white 4, white 2, white 2, blue 2
MOVE: 0 3 4 None None None
outer discards blue 1
trash is now yellow 5, green 5, yellow 3, green 3, white 3, yellow 4, white 5, blue 1
outer now has red 4, yellow 2, red 3, red 5, green 2
MOVE: 1 3 3 1 None None
You discards white 2
trash is now yellow 5, green 5, yellow 3, green 3, white 3, yellow 4, white 5, blue 1, white 2
You now has blue 4, white 4, white 2, blue 2, blue 4
MOVE: 0 3 2 None None None
outer discards red 3
trash is now yellow 5, green 5, yellow 3, green 3, white 3, yellow 4, white 5, blue 1, white 2, red 3
outer now has red 4, yellow 2, red 5, green 2, yellow 4
MOVE: 1 3 3 1 None None
You discards blue 2
trash is now yellow 5, green 5, yellow 3, green 3, white 3, yellow 4, white 5, blue 1, white 2, red 3, blue 2
You now has blue 4, white 4, white 2, blue 4, white 1
MOVE: 0 0 None 1 2 None
outer hints You about all their white cards hints remaining: 7
You has blue 4, white 4, white 2, blue 4, white 1
MOVE: 1 2 4 1 None None
You plays white 1 successfully! Board is now green 0, yellow 0, white 1, blue 2, red 0
You now has blue 4, white 4, white 2, blue 4, yellow 1
MOVE: 0 0 None 1 1 None
outer hints You about all their yellow cards hints remaining: 6
You has blue 4, white 4, white 2, blue 4, yellow 1
MOVE: 1 2 4 1 None None
You plays yellow 1 successfully! Board is now green 0, yellow 1, white 1, blue 2, red 0
You now has blue 4, white 4, white 2, blue 4, red 4
MOVE: 0 1 None 1 None 4
outer hints You about all their 4 hints remaining: 5
You has blue 4, white 4, white 2, blue 4, red 4
MOVE: 1 2 2 1 None None
You plays white 2 successfully! Board is now green 0, yellow 1, white 2, blue 2, red 0
You now has blue 4, white 4, blue 4, red 4, red 1
MOVE: 0 0 None 1 4 None
outer hints You about all their red cards hints remaining: 4
You has blue 4, white 4, blue 4, red 4, red 1
MOVE: 1 2 4 1 None None
You plays red 1 successfully! Board is now green 0, yellow 1, white 2, blue 2, red 1
You now has blue 4, white 4, blue 4, red 4, yellow 1
MOVE: 0 1 None 1 None 1
outer hints You about all their 1 hints remaining: 3
You has blue 4, white 4, blue 4, red 4, yellow 1
MOVE: 1 2 4 1 None None
You plays yellow 1 and fails. Board was green 0, yellow 1, white 2, blue 2, red 1
You now has blue 4, white 4, blue 4, red 4, green 3
Score 6
