Old GID: c3d0591c0b33dfc0
Treatment: ('outer', 4282)
[(1, 3), (3, 2), (3, 1), (1, 1), (0, 2), (2, 2), (3, 4), (2, 3), (4, 2), (4, 4), (4, 1), (1, 1), (3, 1), (2, 4), (0, 4), (1, 4), (3, 3), (0, 1), (2, 1), (0, 1), (2, 1), (0, 3), (2, 1), (3, 4), (3, 2), (1, 1), (4, 3), (4, 2), (1, 3), (1, 5), (0, 2), (3, 3), (1, 2), (4, 1), (2, 5), (2, 2), (2, 3), (3, 1), (0, 1), (4, 5)]
MOVE: 0 0 None 1 3 None
outer hints You about all their blue cards hints remaining: 7
You has red 3, green 3, white 4, red 4, blue 5
MOVE: 1 1 None 0 None 1
You hints outer about all their 1 hints remaining: 6
outer has green 5, green 4, red 1, yellow 2, yellow 4
MOVE: 0 2 2 None None None
outer plays red 1 successfully! Board is now green 0, yellow 0, white 0, blue 0, red 1
outer now has green 5, green 4, yellow 2, yellow 4, yellow 3
MOVE: 1 2 4 1 None None
You plays blue 5 and fails. Board was green 0, yellow 0, white 0, blue 0, red 1
You now has red 3, green 3, white 4, red 4, blue 2
MOVE: 0 1 None 1 None 3
outer hints You about all their 3 hints remaining: 5
You has red 3, green 3, white 4, red 4, blue 2
MOVE: 1 1 None 0 None 4
You hints outer about all their 4 hints remaining: 4
outer has green 5, green 4, yellow 2, yellow 4, yellow 3
MOVE: 0 1 None 1 None 2
outer hints You about all their 2 hints remaining: 3
You has red 3, green 3, white 4, red 4, blue 2
MOVE: 1 2 4 1 None None
You plays blue 2 and fails. Board was green 0, yellow 0, white 0, blue 0, red 1
You now has red 3, green 3, white 4, red 4, blue 1
MOVE: 0 1 None 1 None 1
outer hints You about all their 1 hints remaining: 2
You has red 3, green 3, white 4, red 4, blue 1
MOVE: 1 2 4 1 None None
You plays blue 1 successfully! Board is now green 0, yellow 0, white 0, blue 1, red 1
You now has red 3, green 3, white 4, red 4, yellow 1
MOVE: 0 0 None 1 1 None
outer hints You about all their yellow cards hints remaining: 1
You has red 3, green 3, white 4, red 4, yellow 1
MOVE: 1 2 4 1 None None
You plays yellow 1 successfully! Board is now green 0, yellow 1, white 0, blue 1, red 1
You now has red 3, green 3, white 4, red 4, green 2
MOVE: 0 1 None 1 None 4
outer hints You about all their 4 hints remaining: 0
You has red 3, green 3, white 4, red 4, green 2
MOVE: 1 3 2 1 None None
You discards white 4
trash is now blue 5, blue 2, white 4
You now has red 3, green 3, red 4, green 2, white 2
MOVE: 0 1 None 1 None 4
outer hints You about all their 4 hints remaining: 0
You has red 3, green 3, red 4, green 2, white 2
MOVE: 1 3 2 1 None None
You discards red 4
trash is now blue 5, blue 2, white 4, red 4
You now has red 3, green 3, green 2, white 2, blue 4
MOVE: 0 1 None 1 None 4
outer hints You about all their 4 hints remaining: 0
You has red 3, green 3, green 2, white 2, blue 4
MOVE: 1 3 4 1 None None
You discards blue 4
trash is now blue 5, blue 2, white 4, red 4, blue 4
You now has red 3, green 3, green 2, white 2, white 3
MOVE: 0 1 None 1 None 3
outer hints You about all their 3 hints remaining: 0
You has red 3, green 3, green 2, white 2, white 3
MOVE: 1 3 2 1 None None
You discards green 2
trash is now blue 5, blue 2, white 4, red 4, blue 4, green 2
You now has red 3, green 3, white 2, white 3, red 2
MOVE: 0 1 None 1 None 2
outer hints You about all their 2 hints remaining: 0
You has red 3, green 3, white 2, white 3, red 2
MOVE: 1 2 2 1 None None
You plays white 2 and fails. Board was green 0, yellow 1, white 0, blue 1, red 1
You now has red 3, green 3, white 3, red 2, red 4
Score 3
