Old GID: c4208f8ca80d474f
Treatment: ('full', 5634)
[(0, 2), (3, 2), (1, 4), (1, 2), (3, 4), (4, 3), (2, 1), (2, 1), (4, 4), (3, 4), (2, 3), (4, 5), (4, 1), (4, 1), (1, 1), (0, 2), (0, 3), (2, 1), (2, 2), (4, 1), (4, 2), (1, 3), (1, 3), (4, 3), (3, 1), (1, 5), (2, 5), (0, 1), (1, 1), (3, 5), (2, 3), (2, 4), (4, 2), (3, 1), (0, 1), (3, 1), (0, 4), (2, 2), (0, 3), (0, 5)]
MOVE: 0 1 None 1 None 1
full hints You about all their 1 hints remaining: 7
You has green 1, yellow 2, green 4, yellow 1, yellow 4
MOVE: 1 2 3 1 None None
You plays yellow 1 successfully! Board is now green 0, yellow 1, white 0, blue 0, red 0
You now has green 1, yellow 2, green 4, yellow 4, green 2
MOVE: 0 3 0 None None None
full discards red 4
trash is now red 4
full now has white 4, blue 3, blue 3, blue 2, blue 2
MOVE: 1 2 0 1 None None
You plays green 1 successfully! Board is now green 1, yellow 1, white 0, blue 0, red 0
You now has yellow 2, green 4, yellow 4, green 2, yellow 4
MOVE: 0 1 None 1 None 2
full hints You about all their 2 hints remaining: 7
You has yellow 2, green 4, yellow 4, green 2, yellow 4
MOVE: 1 2 3 1 None None
You plays green 2 successfully! Board is now green 2, yellow 1, white 0, blue 0, red 0
You now has yellow 2, green 4, yellow 4, yellow 4, yellow 2
MOVE: 0 0 None 1 1 None
full hints You about all their yellow cards hints remaining: 6
You has yellow 2, green 4, yellow 4, yellow 4, yellow 2
MOVE: 1 2 0 1 None None
You plays yellow 2 successfully! Board is now green 2, yellow 2, white 0, blue 0, red 0
You now has green 4, yellow 4, yellow 4, yellow 2, blue 4
MOVE: 0 1 None 1 None 2
full hints You about all their 2 hints remaining: 5
You has green 4, yellow 4, yellow 4, yellow 2, blue 4
MOVE: 1 3 3 1 None None
You discards yellow 2
trash is now red 4, yellow 2
You now has green 4, yellow 4, yellow 4, blue 4, red 3
MOVE: 0 3 0 None None None
full discards white 4
trash is now red 4, yellow 2, white 4
full now has blue 3, blue 3, blue 2, blue 2, white 1
MOVE: 1 3 1 1 None None
You discards yellow 4
trash is now red 4, yellow 2, white 4, yellow 4
You now has green 4, yellow 4, blue 4, red 3, white 1
MOVE: 0 0 None 1 2 None
full hints You about all their white cards hints remaining: 7
You has green 4, yellow 4, blue 4, red 3, white 1
MOVE: 1 2 4 1 None None
You plays white 1 successfully! Board is now green 2, yellow 2, white 1, blue 0, red 0
You now has green 4, yellow 4, blue 4, red 3, red 4
MOVE: 0 3 0 None None None
full discards blue 3
trash is now red 4, yellow 2, white 4, yellow 4, blue 3
full now has blue 3, blue 2, blue 2, white 1, blue 4
MOVE: 1 3 0 1 None None
You discards green 4
trash is now red 4, yellow 2, white 4, yellow 4, blue 3, green 4
You now has yellow 4, blue 4, red 3, red 4, white 3
MOVE: 0 3 0 None None None
full discards blue 3
trash is now red 4, yellow 2, white 4, yellow 4, blue 3, green 4, blue 3
full now has blue 2, blue 2, white 1, blue 4, red 5
MOVE: 1 2 4 1 None None
You plays white 3 and fails. Board was green 2, yellow 2, white 1, blue 0, red 0
You now has yellow 4, blue 4, red 3, red 4, red 1
MOVE: 0 1 None 1 None 1
full hints You about all their 1 hints remaining: 7
You has yellow 4, blue 4, red 3, red 4, red 1
MOVE: 1 2 4 1 None None
You plays red 1 successfully! Board is now green 2, yellow 2, white 1, blue 0, red 1
You now has yellow 4, blue 4, red 3, red 4, red 1
MOVE: 0 3 0 None None None
full discards blue 2
trash is now red 4, yellow 2, white 4, yellow 4, blue 3, green 4, blue 3, white 3, blue 2
full now has blue 2, white 1, blue 4, red 5, yellow 1
MOVE: 1 2 4 1 None None
You plays red 1 and fails. Board was green 2, yellow 2, white 1, blue 0, red 1
You now has yellow 4, blue 4, red 3, red 4, green 2
MOVE: 0 3 0 None None None
full discards blue 2
trash is now red 4, yellow 2, white 4, yellow 4, blue 3, green 4, blue 3, white 3, blue 2, red 1, blue 2
full now has white 1, blue 4, red 5, yellow 1, green 3
MOVE: 1 2 4 1 None None
You plays green 2 and fails. Board was green 2, yellow 2, white 1, blue 0, red 1
You now has yellow 4, blue 4, red 3, red 4, white 1
Score 6
