Old GID: 1c95a417d1896244
Treatment: ('full', 2009)
[(2, 3), (0, 5), (3, 5), (0, 2), (0, 4), (3, 4), (2, 1), (2, 1), (0, 1), (0, 1), (3, 2), (1, 1), (0, 2), (2, 1), (2, 4), (1, 1), (3, 4), (1, 2), (3, 3), (2, 4), (4, 4), (4, 2), (4, 4), (1, 3), (2, 5), (1, 4), (0, 1), (4, 1), (4, 1), (0, 4), (0, 3), (2, 3), (3, 3), (1, 3), (3, 1), (1, 5), (4, 3), (3, 1), (4, 2), (1, 2)]
MOVE: 0 3 0 None None None
full discards blue 1
trash is now blue 1
full now has yellow 1, red 1, yellow 4, white 2, white 3
MOVE: 1 1 None 0 None 1
You hints full about all their 1 hints remaining: 7
full has yellow 1, red 1, yellow 4, white 2, white 3
MOVE: 0 2 0 None None None
full plays yellow 1 successfully! Board is now green 0, yellow 1, white 0, blue 0, red 0
full now has red 1, yellow 4, white 2, white 3, green 5
MOVE: 1 1 None 0 None 5
You hints full about all their 5 hints remaining: 6
full has red 1, yellow 4, white 2, white 3, green 5
MOVE: 0 3 1 None None None
full discards yellow 4
trash is now blue 1, yellow 4
full now has red 1, white 2, white 3, green 5, blue 5
MOVE: 1 1 None 0 None 5
You hints full about all their 5 hints remaining: 6
full has red 1, white 2, white 3, green 5, blue 5
MOVE: 0 3 1 None None None
full discards white 2
trash is now blue 1, yellow 4, white 2
full now has red 1, white 3, green 5, blue 5, green 2
MOVE: 1 3 0 1 None None
You discards red 5
trash is now blue 1, yellow 4, white 2, red 5
You now has red 3, white 2, green 3, blue 2, green 4
MOVE: 0 3 1 None None None
full discards white 3
trash is now blue 1, yellow 4, white 2, red 5, white 3
full now has red 1, green 5, blue 5, green 2, blue 4
MOVE: 1 3 0 1 None None
You discards red 3
trash is now blue 1, yellow 4, white 2, red 5, white 3, red 3
You now has white 2, green 3, blue 2, green 4, white 1
MOVE: 0 1 None 1 None 1
full hints You about all their 1 hints remaining: 7
You has white 2, green 3, blue 2, green 4, white 1
MOVE: 1 2 4 1 None None
You plays white 1 successfully! Board is now green 0, yellow 1, white 1, blue 0, red 0
You now has white 2, green 3, blue 2, green 4, white 1
MOVE: 0 3 3 None None None
full discards green 2
trash is now blue 1, yellow 4, white 2, red 5, white 3, red 3, green 2
full now has red 1, green 5, blue 5, blue 4, green 1
MOVE: 1 1 None 0 None 1
You hints full about all their 1 hints remaining: 7
full has red 1, green 5, blue 5, blue 4, green 1
MOVE: 0 2 0 None None None
full plays red 1 successfully! Board is now green 0, yellow 1, white 1, blue 0, red 1
full now has green 5, blue 5, blue 4, green 1, green 1
MOVE: 1 0 None 0 0 None
You hints full about all their green cards hints remaining: 6
full has green 5, blue 5, blue 4, green 1, green 1
MOVE: 0 2 3 None None None
full plays green 1 successfully! Board is now green 1, yellow 1, white 1, blue 0, red 1
full now has green 5, blue 5, blue 4, green 1, blue 2
MOVE: 1 0 None 0 3 None
You hints full about all their blue cards hints remaining: 5
full has green 5, blue 5, blue 4, green 1, blue 2
MOVE: 0 2 4 None None None
full plays blue 2 and fails. Board was green 1, yellow 1, white 1, blue 0, red 1
full now has green 5, blue 5, blue 4, green 1, yellow 1
MOVE: 1 3 0 1 None None
You discards white 2
trash is now blue 1, yellow 4, white 2, red 5, white 3, red 3, green 2, blue 2, white 2
You now has green 3, blue 2, green 4, white 1, green 2
MOVE: 0 3 4 None None None
full discards yellow 1
trash is now blue 1, yellow 4, white 2, red 5, white 3, red 3, green 2, blue 2, white 2, yellow 1
full now has green 5, blue 5, blue 4, green 1, white 1
MOVE: 1 1 None 0 None 1
You hints full about all their 1 hints remaining: 6
full has green 5, blue 5, blue 4, green 1, white 1
MOVE: 0 2 4 None None None
full plays white 1 and fails. Board was green 1, yellow 1, white 1, blue 0, red 1
full now has green 5, blue 5, blue 4, green 1, white 4
MOVE: 1 3 0 1 None None
You discards green 3
trash is now blue 1, yellow 4, white 2, red 5, white 3, red 3, green 2, blue 2, white 2, yellow 1, white 1, green 3
You now has blue 2, green 4, white 1, green 2, yellow 1
MOVE: 0 3 3 None None None
full discards green 1
trash is now blue 1, yellow 4, white 2, red 5, white 3, red 3, green 2, blue 2, white 2, yellow 1, white 1, green 3, green 1
full now has green 5, blue 5, blue 4, white 4, blue 4
MOVE: 1 1 None 0 None 4
You hints full about all their 4 hints remaining: 7
full has green 5, blue 5, blue 4, white 4, blue 4
MOVE: 0 3 2 None None None
full discards blue 4
trash is now blue 1, yellow 4, white 2, red 5, white 3, red 3, green 2, blue 2, white 2, yellow 1, white 1, green 3, green 1, blue 4
full now has green 5, blue 5, white 4, blue 4, yellow 2
MOVE: 1 1 None 0 None 2
You hints full about all their 2 hints remaining: 7
full has green 5, blue 5, white 4, blue 4, yellow 2
MOVE: 0 2 4 None None None
full plays yellow 2 successfully! Board is now green 1, yellow 2, white 1, blue 0, red 1
full now has green 5, blue 5, white 4, blue 4, blue 3
MOVE: 1 3 0 1 None None
You discards blue 2
trash is now blue 1, yellow 4, white 2, red 5, white 3, red 3, green 2, blue 2, white 2, yellow 1, white 1, green 3, green 1, blue 4, blue 2
You now has green 4, white 1, green 2, yellow 1, white 4
MOVE: 0 1 None 1 None 2
full hints You about all their 2 hints remaining: 7
You has green 4, white 1, green 2, yellow 1, white 4
MOVE: 1 2 2 1 None None
You plays green 2 successfully! Board is now green 2, yellow 2, white 1, blue 0, red 1
You now has green 4, white 1, yellow 1, white 4, red 4
MOVE: 0 0 None 1 2 None
full hints You about all their white cards hints remaining: 6
You has green 4, white 1, yellow 1, white 4, red 4
MOVE: 1 0 None 0 2 None
You hints full about all their white cards hints remaining: 5
full has green 5, blue 5, white 4, blue 4, blue 3
MOVE: 0 3 2 None None None
full discards white 4
trash is now blue 1, yellow 4, white 2, red 5, white 3, red 3, green 2, blue 2, white 2, yellow 1, white 1, green 3, green 1, blue 4, blue 2, white 4
full now has green 5, blue 5, blue 4, blue 3, red 2
MOVE: 1 3 3 1 None None
You discards white 4
trash is now blue 1, yellow 4, white 2, red 5, white 3, red 3, green 2, blue 2, white 2, yellow 1, white 1, green 3, green 1, blue 4, blue 2, white 4, white 4
You now has green 4, white 1, yellow 1, red 4, red 4
MOVE: 0 3 3 None None None
full discards blue 3
trash is now blue 1, yellow 4, white 2, red 5, white 3, red 3, green 2, blue 2, white 2, yellow 1, white 1, green 3, green 1, blue 4, blue 2, white 4, white 4, blue 3
full now has green 5, blue 5, blue 4, red 2, yellow 3
MOVE: 1 3 1 1 None None
You discards white 1
trash is now blue 1, yellow 4, white 2, red 5, white 3, red 3, green 2, blue 2, white 2, yellow 1, white 1, green 3, green 1, blue 4, blue 2, white 4, white 4, blue 3, white 1
You now has green 4, yellow 1, red 4, red 4, white 5
MOVE: 0 3 2 None None None
full discards blue 4
trash is now blue 1, yellow 4, white 2, red 5, white 3, red 3, green 2, blue 2, white 2, yellow 1, white 1, green 3, green 1, blue 4, blue 2, white 4, white 4, blue 3, white 1, blue 4
full now has green 5, blue 5, red 2, yellow 3, yellow 4
MOVE: 1 1 None 0 None 2
You hints full about all their 2 hints remaining: 7
full has green 5, blue 5, red 2, yellow 3, yellow 4
MOVE: 0 2 2 None None None
full plays red 2 successfully! Board is now green 2, yellow 2, white 1, blue 0, red 2
full now has green 5, blue 5, yellow 3, yellow 4, green 1
MOVE: 1 1 None 0 None 1
You hints full about all their 1 hints remaining: 6
full has green 5, blue 5, yellow 3, yellow 4, green 1
MOVE: 0 2 4 None None None
full plays green 1 and fails. Board was green 2, yellow 2, white 1, blue 0, red 2
full now has green 5, blue 5, yellow 3, yellow 4, red 1
Score 7
