Old GID: 3e9fecc95768d9bd
Treatment: ('outer', 820)
[(0, 3), (3, 1), (2, 4), (1, 4), (2, 1), (0, 3), (3, 2), (3, 4), (4, 1), (2, 1), (3, 4), (0, 1), (3, 1), (1, 1), (2, 4), (0, 2), (0, 4), (2, 3), (4, 1), (1, 3), (0, 2), (4, 1), (1, 2), (1, 5), (2, 1), (1, 3), (0, 1), (4, 2), (2, 3), (0, 1), (4, 3), (3, 3), (2, 2), (1, 1), (4, 5), (0, 4), (4, 3), (2, 2), (4, 2), (1, 1)]
MOVE: 0 0 None 1 3 None
outer hints You about all their blue cards hints remaining: 7
You has yellow 2, white 5, red 4, red 4, blue 1
MOVE: 1 2 4 1 None None
You plays blue 1 successfully! Board is now green 0, yellow 0, white 0, blue 1, red 0
You now has yellow 2, white 5, red 4, red 4, green 3
MOVE: 0 0 None 1 0 None
outer hints You about all their green cards hints remaining: 6
You has yellow 2, white 5, red 4, red 4, green 3
MOVE: 1 2 4 1 None None
You plays green 3 and fails. Board was green 0, yellow 0, white 0, blue 1, red 0
You now has yellow 2, white 5, red 4, red 4, blue 1
MOVE: 0 0 None 1 4 None
outer hints You about all their red cards hints remaining: 5
You has yellow 2, white 5, red 4, red 4, blue 1
MOVE: 1 2 3 1 None None
You plays red 4 and fails. Board was green 0, yellow 0, white 0, blue 1, red 0
You now has yellow 2, white 5, red 4, blue 1, white 4
MOVE: 0 1 None 1 None 1
outer hints You about all their 1 hints remaining: 4
You has yellow 2, white 5, red 4, blue 1, white 4
MOVE: 1 2 3 1 None None
You plays blue 1 and fails. Board was green 0, yellow 0, white 0, blue 1, red 0
You now has yellow 2, white 5, red 4, white 4, yellow 4
Score 1
