Old GID: 4e23b5c2b01c6e8c
Treatment: ('full', 2489)
[(4, 2), (0, 1), (2, 3), (2, 4), (1, 1), (2, 1), (0, 1), (3, 4), (3, 4), (0, 1), (0, 2), (0, 3), (4, 4), (2, 1), (1, 4), (1, 1), (3, 3), (2, 2), (0, 3), (1, 2), (2, 5), (4, 1), (1, 2), (1, 3), (2, 2), (0, 4), (1, 1), (1, 5), (2, 1), (1, 4), (4, 1), (4, 5), (1, 3), (3, 5), (4, 2), (2, 3), (4, 3), (0, 2), (3, 1), (0, 4)]
MOVE: 0 1 None 1 None 1
full hints You about all their 1 hints remaining: 7
You has blue 3, blue 1, blue 2, white 4, blue 2
MOVE: 1 2 1 1 None None
You plays blue 1 successfully! Board is now green 0, yellow 0, white 0, blue 1, red 0
You now has blue 3, blue 2, white 4, blue 2, red 2
MOVE: 0 3 0 None None None
full discards red 4
trash is now red 4
full now has red 3, green 5, blue 1, red 1, green 1
MOVE: 1 1 None 0 None 1
You hints full about all their 1 hints remaining: 7
full has red 3, green 5, blue 1, red 1, green 1
MOVE: 0 2 2 None None None
full plays blue 1 and fails. Board was green 0, yellow 0, white 0, blue 1, red 0
full now has red 3, green 5, red 1, green 1, white 3
MOVE: 1 0 None 0 4 None
You hints full about all their red cards hints remaining: 6
full has red 3, green 5, red 1, green 1, white 3
MOVE: 0 2 2 None None None
full plays red 1 successfully! Board is now green 0, yellow 0, white 0, blue 1, red 1
full now has red 3, green 5, green 1, white 3, white 4
MOVE: 1 0 None 0 0 None
You hints full about all their green cards hints remaining: 5
full has red 3, green 5, green 1, white 3, white 4
MOVE: 0 2 2 None None None
full plays green 1 successfully! Board is now green 1, yellow 0, white 0, blue 1, red 1
full now has red 3, green 5, white 3, white 4, yellow 1
MOVE: 1 0 None 0 1 None
You hints full about all their yellow cards hints remaining: 4
full has red 3, green 5, white 3, white 4, yellow 1
MOVE: 0 2 4 None None None
full plays yellow 1 successfully! Board is now green 1, yellow 1, white 0, blue 1, red 1
full now has red 3, green 5, white 3, white 4, white 1
MOVE: 1 0 None 0 2 None
You hints full about all their white cards hints remaining: 3
full has red 3, green 5, white 3, white 4, white 1
MOVE: 0 2 2 None None None
full plays white 3 and fails. Board was green 1, yellow 1, white 0, blue 1, red 1
full now has red 3, green 5, white 4, white 1, green 1
MOVE: 1 1 None 0 None 1
You hints full about all their 1 hints remaining: 2
full has red 3, green 5, white 4, white 1, green 1
MOVE: 0 2 3 None None None
full plays white 1 successfully! Board is now green 1, yellow 1, white 1, blue 1, red 1
full now has red 3, green 5, white 4, green 1, blue 4
MOVE: 1 3 4 1 None None
You discards red 2
trash is now red 4, blue 1, white 3, red 2
You now has blue 3, blue 2, white 4, blue 2, blue 4
MOVE: 0 3 3 None None None
full discards green 1
trash is now red 4, blue 1, white 3, red 2, green 1
full now has red 3, green 5, white 4, blue 4, green 1
MOVE: 1 1 None 0 None 1
You hints full about all their 1 hints remaining: 3
full has red 3, green 5, white 4, blue 4, green 1
MOVE: 0 3 4 None None None
full discards green 1
trash is now red 4, blue 1, white 3, red 2, green 1, green 1
full now has red 3, green 5, white 4, blue 4, green 2
MOVE: 1 1 None 0 None 2
You hints full about all their 2 hints remaining: 3
full has red 3, green 5, white 4, blue 4, green 2
MOVE: 0 2 4 None None None
full plays green 2 successfully! Board is now green 2, yellow 1, white 1, blue 1, red 1
full now has red 3, green 5, white 4, blue 4, green 3
MOVE: 1 1 None 0 None 3
You hints full about all their 3 hints remaining: 2
full has red 3, green 5, white 4, blue 4, green 3
MOVE: 0 2 4 None None None
full plays green 3 successfully! Board is now green 3, yellow 1, white 1, blue 1, red 1
full now has red 3, green 5, white 4, blue 4, red 4
MOVE: 1 1 None 0 None 4
You hints full about all their 4 hints remaining: 1
full has red 3, green 5, white 4, blue 4, red 4
MOVE: 0 2 3 None None None
full plays blue 4 and fails. Board was green 3, yellow 1, white 1, blue 1, red 1
full now has red 3, green 5, white 4, red 4, white 1
Score 7
