Old GID: 21391d2a463873a9
Treatment: ('outer', 5891)
[(0, 1), (4, 1), (2, 2), (3, 3), (1, 2), (2, 3), (3, 1), (0, 2), (3, 4), (0, 3), (0, 3), (1, 1), (4, 2), (1, 2), (2, 1), (3, 1), (4, 4), (4, 1), (0, 2), (4, 3), (2, 1), (1, 3), (3, 1), (3, 4), (4, 3), (1, 4), (1, 1), (2, 3), (0, 5), (4, 4), (1, 3), (4, 2), (4, 5), (2, 5), (0, 1), (2, 1), (0, 1), (0, 4), (0, 4), (2, 4)]
MOVE: 0 1 None 1 None 1
outer hints You about all their 1 hints remaining: 7
You has blue 3, blue 5, white 2, red 1, yellow 4
MOVE: 1 1 None 0 None 1
You hints outer about all their 1 hints remaining: 6
outer has yellow 1, yellow 5, white 4, blue 2, blue 2
MOVE: 0 2 0 None None None
outer plays yellow 1 successfully! Board is now green 0, yellow 1, white 0, blue 0, red 0
outer now has yellow 5, white 4, blue 2, blue 2, green 1
MOVE: 1 1 None 0 None 1
You hints outer about all their 1 hints remaining: 5
outer has yellow 5, white 4, blue 2, blue 2, green 1
MOVE: 0 0 None 1 4 None
outer hints You about all their red cards hints remaining: 4
You has blue 3, blue 5, white 2, red 1, yellow 4
MOVE: 1 2 3 1 None None
You plays red 1 successfully! Board is now green 0, yellow 1, white 0, blue 0, red 1
You now has blue 3, blue 5, white 2, yellow 4, red 1
MOVE: 0 1 None 1 None 1
outer hints You about all their 1 hints remaining: 3
You has blue 3, blue 5, white 2, yellow 4, red 1
MOVE: 1 2 4 1 None None
You plays red 1 and fails. Board was green 0, yellow 1, white 0, blue 0, red 1
You now has blue 3, blue 5, white 2, yellow 4, white 2
MOVE: 0 1 None 1 None 3
outer hints You about all their 3 hints remaining: 2
You has blue 3, blue 5, white 2, yellow 4, white 2
MOVE: 1 1 None 0 None 5
You hints outer about all their 5 hints remaining: 1
outer has yellow 5, white 4, blue 2, blue 2, green 1
MOVE: 0 1 None 1 None 4
outer hints You about all their 4 hints remaining: 0
You has blue 3, blue 5, white 2, yellow 4, white 2
MOVE: 1 3 0 1 None None
You discards blue 3
trash is now red 1, blue 3
You now has blue 5, white 2, yellow 4, white 2, blue 3
MOVE: 0 1 None 1 None 2
outer hints You about all their 2 hints remaining: 0
You has blue 5, white 2, yellow 4, white 2, blue 3
MOVE: 1 2 3 1 None None
You plays white 2 and fails. Board was green 0, yellow 1, white 0, blue 0, red 1
You now has blue 5, white 2, yellow 4, blue 3, yellow 2
MOVE: 0 3 4 None None None
outer discards green 1
trash is now red 1, blue 3, white 2, green 1
outer now has yellow 5, white 4, blue 2, blue 2, white 3
MOVE: 1 1 None 0 None 4
You hints outer about all their 4 hints remaining: 0
outer has yellow 5, white 4, blue 2, blue 2, white 3
MOVE: 0 3 2 None None None
outer discards blue 2
trash is now red 1, blue 3, white 2, green 1, blue 2
outer now has yellow 5, white 4, blue 2, white 3, blue 1
MOVE: 1 2 1 1 None None
You plays white 2 and fails. Board was green 0, yellow 1, white 0, blue 0, red 1
You now has blue 5, yellow 4, blue 3, yellow 2, green 2
Score 2
