Old GID: b6dde05731d9291f
Treatment: ('outer', 5770)
[(3, 3), (0, 4), (4, 3), (3, 2), (4, 2), (4, 2), (2, 2), (1, 4), (0, 2), (2, 4), (4, 3), (4, 4), (3, 1), (1, 1), (4, 5), (3, 1), (0, 1), (2, 1), (2, 4), (1, 2), (0, 5), (1, 4), (3, 4), (1, 2), (2, 3), (0, 1), (3, 2), (4, 4), (2, 5), (3, 5), (4, 1), (2, 3), (2, 1), (3, 3), (0, 3), (0, 2), (1, 1), (0, 3), (2, 2), (3, 4)]
MOVE: 0 0 None 1 0 None
outer hints You about all their green cards hints remaining: 7
You has yellow 5, green 1, yellow 3, blue 1, red 1
MOVE: 1 1 None 0 None 1
You hints outer about all their 1 hints remaining: 6
outer has red 1, green 4, yellow 1, white 1, yellow 3
MOVE: 0 2 0 None None None
outer plays red 1 successfully! Board is now green 0, yellow 0, white 0, blue 0, red 1
outer now has green 4, yellow 1, white 1, yellow 3, blue 3
MOVE: 1 0 None 0 1 None
You hints outer about all their yellow cards hints remaining: 5
outer has green 4, yellow 1, white 1, yellow 3, blue 3
MOVE: 0 2 1 None None None
outer plays yellow 1 successfully! Board is now green 0, yellow 1, white 0, blue 0, red 1
outer now has green 4, white 1, yellow 3, blue 3, green 4
MOVE: 1 0 None 0 2 None
You hints outer about all their white cards hints remaining: 4
outer has green 4, white 1, yellow 3, blue 3, green 4
MOVE: 0 2 1 None None None
outer plays white 1 successfully! Board is now green 0, yellow 1, white 1, blue 0, red 1
outer now has green 4, yellow 3, blue 3, green 4, red 3
MOVE: 1 2 1 1 None None
You plays green 1 successfully! Board is now green 1, yellow 1, white 1, blue 0, red 1
You now has yellow 5, yellow 3, blue 1, red 1, blue 2
MOVE: 0 1 None 1 None 1
outer hints You about all their 1 hints remaining: 3
You has yellow 5, yellow 3, blue 1, red 1, blue 2
MOVE: 1 2 3 1 None None
You plays red 1 and fails. Board was green 1, yellow 1, white 1, blue 0, red 1
You now has yellow 5, yellow 3, blue 1, blue 2, red 2
MOVE: 0 1 None 1 None 2
outer hints You about all their 2 hints remaining: 2
You has yellow 5, yellow 3, blue 1, blue 2, red 2
MOVE: 1 2 2 1 None None
You plays blue 1 successfully! Board is now green 1, yellow 1, white 1, blue 1, red 1
You now has yellow 5, yellow 3, blue 2, red 2, red 2
MOVE: 0 0 None 1 3 None
outer hints You about all their blue cards hints remaining: 1
You has yellow 5, yellow 3, blue 2, red 2, red 2
MOVE: 1 2 2 1 None None
You plays blue 2 successfully! Board is now green 1, yellow 1, white 1, blue 2, red 1
You now has yellow 5, yellow 3, red 2, red 2, white 2
MOVE: 0 0 None 1 4 None
outer hints You about all their red cards hints remaining: 0
You has yellow 5, yellow 3, red 2, red 2, white 2
MOVE: 1 2 2 1 None None
You plays red 2 successfully! Board is now green 1, yellow 1, white 1, blue 2, red 2
You now has yellow 5, yellow 3, red 2, white 2, yellow 4
MOVE: 0 3 4 None None None
outer discards red 3
trash is now red 1, red 3
outer now has green 4, yellow 3, blue 3, green 4, green 2
MOVE: 1 1 None 0 None 3
You hints outer about all their 3 hints remaining: 0
outer has green 4, yellow 3, blue 3, green 4, green 2
MOVE: 0 3 0 None None None
outer discards green 4
trash is now red 1, red 3, green 4
outer now has yellow 3, blue 3, green 4, green 2, white 4
MOVE: 1 0 None 0 3 None
You hints outer about all their blue cards hints remaining: 0
outer has yellow 3, blue 3, green 4, green 2, white 4
MOVE: 0 2 1 None None None
outer plays blue 3 successfully! Board is now green 1, yellow 1, white 1, blue 3, red 2
outer now has yellow 3, green 4, green 2, white 4, red 3
MOVE: 1 2 4 1 None None
You plays yellow 4 and fails. Board was green 1, yellow 1, white 1, blue 3, red 2
You now has yellow 5, yellow 3, red 2, white 2, red 4
MOVE: 0 3 1 None None None
outer discards green 4
trash is now red 1, red 3, green 4, yellow 4, green 4
outer now has yellow 3, green 2, white 4, red 3, blue 1
MOVE: 1 2 4 1 None None
You plays red 4 and fails. Board was green 1, yellow 1, white 1, blue 3, red 2
You now has yellow 5, yellow 3, red 2, white 2, yellow 1
Score 8
