Old GID: b751d167dbd29222
Treatment: ('full', 9809)
[(0, 5), (4, 4), (2, 2), (3, 3), (0, 4), (4, 3), (1, 1), (2, 3), (3, 3), (1, 4), (0, 2), (1, 2), (2, 4), (4, 5), (1, 3), (3, 1), (4, 4), (0, 1), (1, 1), (2, 4), (1, 5), (4, 1), (0, 3), (0, 4), (4, 1), (2, 1), (0, 2), (4, 1), (2, 1), (3, 1), (1, 1), (0, 3), (3, 1), (4, 3), (4, 2), (3, 2), (2, 1), (2, 2), (4, 2), (3, 4)]
MOVE: 0 0 None 1 0 None
full hints You about all their green cards hints remaining: 7
You has blue 2, white 5, green 1, green 1, yellow 2
MOVE: 1 1 None 0 None 3
You hints full about all their 3 hints remaining: 6
full has blue 5, yellow 3, blue 4, yellow 4, white 3
MOVE: 0 1 None 1 None 1
full hints You about all their 1 hints remaining: 5
You has blue 2, white 5, green 1, green 1, yellow 2
MOVE: 1 1 None 0 None 4
You hints full about all their 4 hints remaining: 4
full has blue 5, yellow 3, blue 4, yellow 4, white 3
MOVE: 0 3 2 None None None
full discards blue 4
trash is now blue 4
full now has blue 5, yellow 3, yellow 4, white 3, green 5
MOVE: 1 0 None 0 1 None
You hints full about all their yellow cards hints remaining: 4
full has blue 5, yellow 3, yellow 4, white 3, green 5
MOVE: 0 3 3 None None None
full discards white 3
trash is now blue 4, white 3
full now has blue 5, yellow 3, yellow 4, green 5, red 4
MOVE: 1 3 2 1 None None
You discards green 1
trash is now blue 4, white 3, green 1
You now has blue 2, white 5, green 1, yellow 2, white 2
MOVE: 0 3 2 None None None
full discards yellow 4
trash is now blue 4, white 3, green 1, yellow 4
full now has blue 5, yellow 3, green 5, red 4, blue 3
MOVE: 1 2 2 1 None None
You plays green 1 successfully! Board is now green 1, yellow 0, white 0, blue 0, red 0
You now has blue 2, white 5, yellow 2, white 2, green 4
MOVE: 0 3 1 None None None
full discards yellow 3
trash is now blue 4, white 3, green 1, yellow 4, yellow 3
full now has blue 5, green 5, red 4, blue 3, red 3
MOVE: 1 1 None 0 None 3
You hints full about all their 3 hints remaining: 7
full has blue 5, green 5, red 4, blue 3, red 3
MOVE: 0 3 1 None None None
full discards green 5
trash is now blue 4, white 3, green 1, yellow 4, yellow 3, green 5
full now has blue 5, red 4, blue 3, red 3, yellow 1
MOVE: 1 1 None 0 None 1
You hints full about all their 1 hints remaining: 7
full has blue 5, red 4, blue 3, red 3, yellow 1
MOVE: 0 2 4 None None None
full plays yellow 1 successfully! Board is now green 1, yellow 1, white 0, blue 0, red 0
full now has blue 5, red 4, blue 3, red 3, white 3
MOVE: 1 1 None 0 None 4
You hints full about all their 4 hints remaining: 6
full has blue 5, red 4, blue 3, red 3, white 3
MOVE: 0 0 None 1 1 None
full hints You about all their yellow cards hints remaining: 5
You has blue 2, white 5, yellow 2, white 2, green 4
MOVE: 1 0 None 0 4 None
You hints full about all their red cards hints remaining: 4
full has blue 5, red 4, blue 3, red 3, white 3
MOVE: 0 3 1 None None None
full discards red 4
trash is now blue 4, white 3, green 1, yellow 4, yellow 3, green 5, red 4
full now has blue 5, blue 3, red 3, white 3, blue 3
MOVE: 1 2 2 1 None None
You plays yellow 2 successfully! Board is now green 1, yellow 2, white 0, blue 0, red 0
You now has blue 2, white 5, white 2, green 4, yellow 4
MOVE: 0 3 2 None None None
full discards red 3
trash is now blue 4, white 3, green 1, yellow 4, yellow 3, green 5, red 4, red 3
full now has blue 5, blue 3, white 3, blue 3, green 2
MOVE: 1 1 None 0 None 2
You hints full about all their 2 hints remaining: 5
full has blue 5, blue 3, white 3, blue 3, green 2
MOVE: 0 2 4 None None None
full plays green 2 successfully! Board is now green 2, yellow 2, white 0, blue 0, red 0
full now has blue 5, blue 3, white 3, blue 3, yellow 2
MOVE: 1 1 None 0 None 5
You hints full about all their 5 hints remaining: 4
full has blue 5, blue 3, white 3, blue 3, yellow 2
MOVE: 0 1 None 1 None 2
full hints You about all their 2 hints remaining: 3
You has blue 2, white 5, white 2, green 4, yellow 4
MOVE: 1 3 3 1 None None
You discards green 4
trash is now blue 4, white 3, green 1, yellow 4, yellow 3, green 5, red 4, red 3, green 4
You now has blue 2, white 5, white 2, yellow 4, white 4
MOVE: 0 3 4 None None None
full discards yellow 2
trash is now blue 4, white 3, green 1, yellow 4, yellow 3, green 5, red 4, red 3, green 4, yellow 2
full now has blue 5, blue 3, white 3, blue 3, red 5
MOVE: 1 3 2 1 None None
You discards white 2
trash is now blue 4, white 3, green 1, yellow 4, yellow 3, green 5, red 4, red 3, green 4, yellow 2, white 2
You now has blue 2, white 5, yellow 4, white 4, yellow 3
MOVE: 0 1 None 1 None 3
full hints You about all their 3 hints remaining: 5
You has blue 2, white 5, yellow 4, white 4, yellow 3
MOVE: 1 2 4 1 None None
You plays yellow 3 successfully! Board is now green 2, yellow 3, white 0, blue 0, red 0
You now has blue 2, white 5, yellow 4, white 4, blue 1
MOVE: 0 0 None 1 1 None
full hints You about all their yellow cards hints remaining: 4
You has blue 2, white 5, yellow 4, white 4, blue 1
MOVE: 1 2 2 1 None None
You plays yellow 4 successfully! Board is now green 2, yellow 4, white 0, blue 0, red 0
You now has blue 2, white 5, white 4, blue 1, red 4
MOVE: 0 0 None 1 3 None
full hints You about all their blue cards hints remaining: 3
You has blue 2, white 5, white 4, blue 1, red 4
MOVE: 1 2 3 1 None None
You plays blue 1 successfully! Board is now green 2, yellow 4, white 0, blue 1, red 0
You now has blue 2, white 5, white 4, red 4, green 1
MOVE: 0 3 2 None None None
full discards white 3
trash is now blue 4, white 3, green 1, yellow 4, yellow 3, green 5, red 4, red 3, green 4, yellow 2, white 2, white 3
full now has blue 5, blue 3, blue 3, red 5, yellow 1
MOVE: 1 2 0 1 None None
You plays blue 2 successfully! Board is now green 2, yellow 4, white 0, blue 2, red 0
You now has white 5, white 4, red 4, green 1, white 4
MOVE: 0 3 2 None None None
full discards blue 3
trash is now blue 4, white 3, green 1, yellow 4, yellow 3, green 5, red 4, red 3, green 4, yellow 2, white 2, white 3, blue 3
full now has blue 5, blue 3, red 5, yellow 1, yellow 5
MOVE: 1 0 None 0 3 None
You hints full about all their blue cards hints remaining: 4
full has blue 5, blue 3, red 5, yellow 1, yellow 5
MOVE: 0 2 1 None None None
full plays blue 3 successfully! Board is now green 2, yellow 4, white 0, blue 3, red 0
full now has blue 5, red 5, yellow 1, yellow 5, red 1
MOVE: 1 1 None 0 None 5
You hints full about all their 5 hints remaining: 3
full has blue 5, red 5, yellow 1, yellow 5, red 1
MOVE: 0 2 1 None None None
full plays red 5 and fails. Board was green 2, yellow 4, white 0, blue 3, red 0
full now has blue 5, yellow 1, yellow 5, red 1, green 3
MOVE: 1 0 None 0 1 None
You hints full about all their yellow cards hints remaining: 2
full has blue 5, yellow 1, yellow 5, red 1, green 3
MOVE: 0 2 2 None None None
full plays yellow 5 successfully! Board is now green 2, yellow 5, white 0, blue 3, red 0
full now has blue 5, yellow 1, red 1, green 3, green 4
MOVE: 1 1 None 0 None 1
You hints full about all their 1 hints remaining: 2
full has blue 5, yellow 1, red 1, green 3, green 4
MOVE: 0 2 2 None None None
full plays red 1 successfully! Board is now green 2, yellow 5, white 0, blue 3, red 1
full now has blue 5, yellow 1, green 3, green 4, red 1
MOVE: 1 1 None 0 None 3
You hints full about all their 3 hints remaining: 1
full has blue 5, yellow 1, green 3, green 4, red 1
MOVE: 0 2 2 None None None
full plays green 3 successfully! Board is now green 3, yellow 5, white 0, blue 3, red 1
full now has blue 5, yellow 1, green 4, red 1, white 1
MOVE: 1 1 None 0 None 4
You hints full about all their 4 hints remaining: 0
full has blue 5, yellow 1, green 4, red 1, white 1
MOVE: 0 2 2 None None None
full plays green 4 successfully! Board is now green 4, yellow 5, white 0, blue 3, red 1
full now has blue 5, yellow 1, red 1, white 1, green 2
MOVE: 1 3 4 1 None None
You discards white 4
trash is now blue 4, white 3, green 1, yellow 4, yellow 3, green 5, red 4, red 3, green 4, yellow 2, white 2, white 3, blue 3, red 5, white 4
You now has white 5, white 4, red 4, green 1, red 1
MOVE: 0 3 1 None None None
full discards yellow 1
trash is now blue 4, white 3, green 1, yellow 4, yellow 3, green 5, red 4, red 3, green 4, yellow 2, white 2, white 3, blue 3, red 5, white 4, yellow 1
full now has blue 5, red 1, white 1, green 2, white 1
MOVE: 1 0 None 0 2 None
You hints full about all their white cards hints remaining: 1
full has blue 5, red 1, white 1, green 2, white 1
MOVE: 0 2 2 None None None
full plays white 1 successfully! Board is now green 4, yellow 5, white 1, blue 3, red 1
full now has blue 5, red 1, green 2, white 1, blue 1
MOVE: 1 1 None 0 None 1
You hints full about all their 1 hints remaining: 0
full has blue 5, red 1, green 2, white 1, blue 1
MOVE: 0 3 1 None None None
full discards red 1
trash is now blue 4, white 3, green 1, yellow 4, yellow 3, green 5, red 4, red 3, green 4, yellow 2, white 2, white 3, blue 3, red 5, white 4, yellow 1, red 1
full now has blue 5, green 2, white 1, blue 1, yellow 1
MOVE: 1 3 4 1 None None
You discards red 1
trash is now blue 4, white 3, green 1, yellow 4, yellow 3, green 5, red 4, red 3, green 4, yellow 2, white 2, white 3, blue 3, red 5, white 4, yellow 1, red 1, red 1
You now has white 5, white 4, red 4, green 1, green 3
MOVE: 0 3 2 None None None
full discards white 1
trash is now blue 4, white 3, green 1, yellow 4, yellow 3, green 5, red 4, red 3, green 4, yellow 2, white 2, white 3, blue 3, red 5, white 4, yellow 1, red 1, red 1, white 1
full now has blue 5, green 2, blue 1, yellow 1, blue 1
MOVE: 1 1 None 0 None 1
You hints full about all their 1 hints remaining: 2
full has blue 5, green 2, blue 1, yellow 1, blue 1
MOVE: 0 3 2 None None None
full discards blue 1
trash is now blue 4, white 3, green 1, yellow 4, yellow 3, green 5, red 4, red 3, green 4, yellow 2, white 2, white 3, blue 3, red 5, white 4, yellow 1, red 1, red 1, white 1, blue 1
full now has blue 5, green 2, yellow 1, blue 1, red 3
MOVE: 1 3 0 1 None None
You discards white 5
trash is now blue 4, white 3, green 1, yellow 4, yellow 3, green 5, red 4, red 3, green 4, yellow 2, white 2, white 3, blue 3, red 5, white 4, yellow 1, red 1, red 1, white 1, blue 1, white 5
You now has white 4, red 4, green 1, green 3, red 2
MOVE: 0 3 2 None None None
full discards yellow 1
trash is now blue 4, white 3, green 1, yellow 4, yellow 3, green 5, red 4, red 3, green 4, yellow 2, white 2, white 3, blue 3, red 5, white 4, yellow 1, red 1, red 1, white 1, blue 1, white 5, yellow 1
full now has blue 5, green 2, blue 1, red 3, blue 2
MOVE: 1 3 3 1 None None
You discards green 3
trash is now blue 4, white 3, green 1, yellow 4, yellow 3, green 5, red 4, red 3, green 4, yellow 2, white 2, white 3, blue 3, red 5, white 4, yellow 1, red 1, red 1, white 1, blue 1, white 5, yellow 1, green 3
You now has white 4, red 4, green 1, red 2, white 1
MOVE: 0 3 2 None None None
full discards blue 1
trash is now blue 4, white 3, green 1, yellow 4, yellow 3, green 5, red 4, red 3, green 4, yellow 2, white 2, white 3, blue 3, red 5, white 4, yellow 1, red 1, red 1, white 1, blue 1, white 5, yellow 1, green 3, blue 1
full now has blue 5, green 2, red 3, blue 2, white 2
MOVE: 1 0 None 0 2 None
You hints full about all their white cards hints remaining: 6
full has blue 5, green 2, red 3, blue 2, white 2
MOVE: 0 2 4 None None None
full plays white 2 successfully! Board is now green 4, yellow 5, white 2, blue 3, red 1
full now has blue 5, green 2, red 3, blue 2, red 2
MOVE: 1 0 None 0 4 None
You hints full about all their red cards hints remaining: 5
full has blue 5, green 2, red 3, blue 2, red 2
MOVE: 0 2 2 None None None
full plays red 3 and fails. Board was green 4, yellow 5, white 2, blue 3, red 1
full now has blue 5, green 2, blue 2, red 2, blue 4
MOVE: 1 1 None 0 None 2
You hints full about all their 2 hints remaining: 4
full has blue 5, green 2, blue 2, red 2, blue 4
MOVE: 0 2 3 None None None
full plays red 2 successfully! Board is now green 4, yellow 5, white 2, blue 3, red 2
full now has blue 5, green 2, blue 2, blue 4
Score 16
