Old GID: 9c9d23019cca8127
Treatment: ('outer', 5917)
[(0, 1), (0, 1), (4, 2), (1, 4), (4, 2), (2, 3), (2, 4), (0, 3), (1, 3), (0, 1), (2, 5), (4, 4), (3, 4), (0, 4), (3, 1), (0, 5), (1, 2), (2, 4), (2, 3), (4, 1), (1, 4), (4, 1), (3, 3), (3, 2), (1, 1), (2, 1), (0, 3), (1, 1), (3, 1), (3, 2), (0, 2), (1, 5), (4, 4), (2, 2), (3, 3), (4, 5), (4, 3), (4, 1), (1, 2), (2, 1)]
MOVE: 0 0 None 1 2 None
outer hints You about all their white cards hints remaining: 7
You has yellow 3, white 1, green 2, red 3, green 4
MOVE: 1 1 None 0 None 1
You hints outer about all their 1 hints remaining: 6
outer has blue 1, yellow 1, white 2, blue 4, blue 5
MOVE: 0 2 0 None None None
outer plays blue 1 successfully! Board is now green 0, yellow 0, white 0, blue 1, red 0
outer now has yellow 1, white 2, blue 4, blue 5, green 1
MOVE: 1 0 None 0 0 None
You hints outer about all their green cards hints remaining: 5
outer has yellow 1, white 2, blue 4, blue 5, green 1
MOVE: 0 1 None 1 None 1
outer hints You about all their 1 hints remaining: 4
You has yellow 3, white 1, green 2, red 3, green 4
MOVE: 1 2 1 1 None None
You plays white 1 successfully! Board is now green 0, yellow 0, white 1, blue 1, red 0
You now has yellow 3, green 2, red 3, green 4, green 1
MOVE: 0 0 None 1 0 None
outer hints You about all their green cards hints remaining: 3
You has yellow 3, green 2, red 3, green 4, green 1
MOVE: 1 1 None 0 None 1
You hints outer about all their 1 hints remaining: 2
outer has yellow 1, white 2, blue 4, blue 5, green 1
MOVE: 0 2 4 None None None
outer plays green 1 successfully! Board is now green 1, yellow 0, white 1, blue 1, red 0
outer now has yellow 1, white 2, blue 4, blue 5, red 2
MOVE: 1 0 None 0 2 None
You hints outer about all their white cards hints remaining: 1
outer has yellow 1, white 2, blue 4, blue 5, red 2
MOVE: 0 0 None 1 0 None
outer hints You about all their green cards hints remaining: 0
You has yellow 3, green 2, red 3, green 4, green 1
MOVE: 1 3 2 1 None None
You discards red 3
trash is now red 3
You now has yellow 3, green 2, green 4, green 1, yellow 4
MOVE: 0 1 None 1 None 2
outer hints You about all their 2 hints remaining: 0
You has yellow 3, green 2, green 4, green 1, yellow 4
MOVE: 1 2 1 1 None None
You plays green 2 successfully! Board is now green 2, yellow 0, white 1, blue 1, red 0
You now has yellow 3, green 4, green 1, yellow 4, red 2
MOVE: 0 3 2 None None None
outer discards blue 4
trash is now red 3, blue 4
outer now has yellow 1, white 2, blue 5, red 2, white 3
MOVE: 1 0 None 0 1 None
You hints outer about all their yellow cards hints remaining: 0
outer has yellow 1, white 2, blue 5, red 2, white 3
MOVE: 0 2 0 None None None
outer plays yellow 1 successfully! Board is now green 2, yellow 1, white 1, blue 1, red 0
outer now has white 2, blue 5, red 2, white 3, white 4
MOVE: 1 3 3 1 None None
You discards yellow 4
trash is now red 3, blue 4, yellow 4
You now has yellow 3, green 4, green 1, red 2, green 3
MOVE: 0 0 None 1 0 None
outer hints You about all their green cards hints remaining: 0
You has yellow 3, green 4, green 1, red 2, green 3
MOVE: 1 2 4 1 None None
You plays green 3 successfully! Board is now green 3, yellow 1, white 1, blue 1, red 0
You now has yellow 3, green 4, green 1, red 2, yellow 3
MOVE: 0 3 0 None None None
outer discards white 2
trash is now red 3, blue 4, yellow 4, white 2
outer now has blue 5, red 2, white 3, white 4, green 1
MOVE: 1 1 None 0 None 5
You hints outer about all their 5 hints remaining: 0
outer has blue 5, red 2, white 3, white 4, green 1
MOVE: 0 3 0 None None None
outer discards blue 5
trash is now red 3, blue 4, yellow 4, white 2, blue 5
outer now has red 2, white 3, white 4, green 1, white 5
MOVE: 1 3 3 1 None None
You discards red 2
trash is now red 3, blue 4, yellow 4, white 2, blue 5, red 2
You now has yellow 3, green 4, green 1, yellow 3, red 4
MOVE: 0 0 None 1 0 None
outer hints You about all their green cards hints remaining: 1
You has yellow 3, green 4, green 1, yellow 3, red 4
MOVE: 1 2 1 1 None None
You plays green 4 successfully! Board is now green 4, yellow 1, white 1, blue 1, red 0
You now has yellow 3, green 1, yellow 3, red 4, blue 4
MOVE: 0 0 None 1 1 None
outer hints You about all their yellow cards hints remaining: 0
You has yellow 3, green 1, yellow 3, red 4, blue 4
MOVE: 1 2 1 1 None None
You plays green 1 and fails. Board was green 4, yellow 1, white 1, blue 1, red 0
You now has yellow 3, yellow 3, red 4, blue 4, green 4
MOVE: 0 3 3 None None None
outer discards green 1
trash is now red 3, blue 4, yellow 4, white 2, blue 5, red 2, green 1, green 1
outer now has red 2, white 3, white 4, white 5, blue 1
MOVE: 1 2 1 1 None None
You plays yellow 3 and fails. Board was green 4, yellow 1, white 1, blue 1, red 0
You now has yellow 3, red 4, blue 4, green 4, green 5
MOVE: 0 1 None 1 None 5
outer hints You about all their 5 hints remaining: 0
You has yellow 3, red 4, blue 4, green 4, green 5
MOVE: 1 2 4 1 None None
You plays green 5 successfully! Board is now green 5, yellow 1, white 1, blue 1, red 0
You now has yellow 3, red 4, blue 4, green 4, yellow 2
MOVE: 0 0 None 1 1 None
outer hints You about all their yellow cards hints remaining: 0
You has yellow 3, red 4, blue 4, green 4, yellow 2
MOVE: 1 2 0 1 None None
You plays yellow 3 and fails. Board was green 5, yellow 1, white 1, blue 1, red 0
You now has red 4, blue 4, green 4, yellow 2, white 4
Score 8
