Old GID: f08e8498b6045191
Treatment: ('full', 6655)
[(4, 3), (0, 2), (0, 1), (0, 4), (0, 5), (3, 2), (2, 4), (0, 1), (1, 2), (3, 1), (1, 4), (2, 5), (0, 4), (3, 5), (4, 5), (1, 3), (1, 5), (3, 3), (2, 3), (2, 2), (1, 4), (4, 1), (1, 1), (2, 1), (2, 2), (4, 2), (4, 3), (0, 3), (1, 1), (3, 2), (4, 4), (4, 1), (1, 3), (0, 1), (4, 4), (1, 1), (1, 2), (3, 1), (3, 3), (4, 2)]
MOVE: 0 1 None 1 None 1
full hints You about all their 1 hints remaining: 7
You has white 1, blue 4, green 3, white 4, blue 4
MOVE: 1 1 None 0 None 1
You hints full about all their 1 hints remaining: 6
full has green 2, white 1, red 1, blue 1, white 3
MOVE: 0 2 1 None None None
full plays white 1 successfully! Board is now green 0, yellow 0, white 1, blue 0, red 0
full now has green 2, red 1, blue 1, white 3, red 3
MOVE: 1 2 0 1 None None
You plays white 1 and fails. Board was green 0, yellow 0, white 1, blue 0, red 0
You now has blue 4, green 3, white 4, blue 4, green 2
MOVE: 0 3 4 None None None
full discards red 3
trash is now white 1, red 3
full now has green 2, red 1, blue 1, white 3, green 1
MOVE: 1 0 None 0 3 None
You hints full about all their blue cards hints remaining: 6
full has green 2, red 1, blue 1, white 3, green 1
MOVE: 0 2 2 None None None
full plays blue 1 successfully! Board is now green 0, yellow 0, white 1, blue 1, red 0
full now has green 2, red 1, white 3, green 1, green 4
MOVE: 1 1 None 0 None 1
You hints full about all their 1 hints remaining: 5
full has green 2, red 1, white 3, green 1, green 4
MOVE: 0 2 1 None None None
full plays red 1 successfully! Board is now green 0, yellow 0, white 1, blue 1, red 1
full now has green 2, white 3, green 1, green 4, green 5
MOVE: 1 0 None 0 0 None
You hints full about all their green cards hints remaining: 4
full has green 2, white 3, green 1, green 4, green 5
MOVE: 0 2 2 None None None
full plays green 1 successfully! Board is now green 1, yellow 0, white 1, blue 1, red 1
full now has green 2, white 3, green 4, green 5, blue 2
MOVE: 1 1 None 0 None 2
You hints full about all their 2 hints remaining: 3
full has green 2, white 3, green 4, green 5, blue 2
MOVE: 0 2 0 None None None
full plays green 2 successfully! Board is now green 2, yellow 0, white 1, blue 1, red 1
full now has white 3, green 4, green 5, blue 2, white 4
MOVE: 1 0 None 0 3 None
You hints full about all their blue cards hints remaining: 2
full has white 3, green 4, green 5, blue 2, white 4
MOVE: 0 2 3 None None None
full plays blue 2 successfully! Board is now green 2, yellow 0, white 1, blue 2, red 1
full now has white 3, green 4, green 5, white 4, green 1
MOVE: 1 3 0 1 None None
You discards blue 4
trash is now white 1, red 3, blue 4
You now has green 3, white 4, blue 4, green 2, yellow 2
MOVE: 0 1 None 1 None 3
full hints You about all their 3 hints remaining: 2
You has green 3, white 4, blue 4, green 2, yellow 2
MOVE: 1 2 0 1 None None
You plays green 3 successfully! Board is now green 3, yellow 0, white 1, blue 2, red 1
You now has white 4, blue 4, green 2, yellow 2, blue 1
MOVE: 0 3 2 None None None
full discards green 5
trash is now white 1, red 3, blue 4, green 5
full now has white 3, green 4, white 4, green 1, yellow 4
MOVE: 1 1 None 0 None 4
You hints full about all their 4 hints remaining: 2
full has white 3, green 4, white 4, green 1, yellow 4
MOVE: 0 2 1 None None None
full plays green 4 successfully! Board is now green 4, yellow 0, white 1, blue 2, red 1
full now has white 3, white 4, green 1, yellow 4, white 5
MOVE: 1 3 0 1 None None
You discards white 4
trash is now white 1, red 3, blue 4, green 5, white 4
You now has blue 4, green 2, yellow 2, blue 1, green 4
MOVE: 0 3 2 None None None
full discards green 1
trash is now white 1, red 3, blue 4, green 5, white 4, green 1
full now has white 3, white 4, yellow 4, white 5, blue 5
MOVE: 1 1 None 0 None 5
You hints full about all their 5 hints remaining: 3
full has white 3, white 4, yellow 4, white 5, blue 5
MOVE: 0 2 3 None None None
full plays white 5 and fails. Board was green 4, yellow 0, white 1, blue 2, red 1
full now has white 3, white 4, yellow 4, blue 5, red 5
MOVE: 1 2 4 1 None None
You plays green 4 and fails. Board was green 4, yellow 0, white 1, blue 2, red 1
You now has blue 4, green 2, yellow 2, blue 1, yellow 3
Score 8
