Old GID: 08711263ca6a1121
Treatment: ('outer', 4592)
[(3, 1), (1, 4), (2, 4), (0, 1), (2, 5), (3, 1), (4, 4), (0, 2), (4, 3), (1, 4), (0, 3), (4, 1), (2, 4), (2, 3), (4, 5), (3, 3), (0, 5), (1, 3), (1, 5), (0, 1), (0, 2), (1, 1), (3, 3), (2, 3), (1, 2), (1, 2), (3, 4), (4, 1), (0, 3), (0, 4), (0, 1), (1, 1), (2, 1), (4, 2), (2, 2), (2, 1), (1, 1), (3, 4), (3, 2), (2, 2)]
MOVE: 0 0 None 1 2 None
outer hints You about all their white cards hints remaining: 7
You has white 1, red 2, blue 5, red 4, red 3
MOVE: 1 2 0 1 None None
You plays white 1 successfully! Board is now green 0, yellow 0, white 1, blue 0, red 0
You now has red 2, blue 5, red 4, red 3, blue 1
MOVE: 0 1 None 1 None 1
outer hints You about all their 1 hints remaining: 6
You has red 2, blue 5, red 4, red 3, blue 1
MOVE: 1 2 4 1 None None
You plays blue 1 successfully! Board is now green 0, yellow 0, white 1, blue 1, red 0
You now has red 2, blue 5, red 4, red 3, yellow 4
MOVE: 0 0 None 1 4 None
outer hints You about all their red cards hints remaining: 5
You has red 2, blue 5, red 4, red 3, yellow 4
MOVE: 1 2 3 1 None None
You plays red 3 and fails. Board was green 0, yellow 0, white 1, blue 1, red 0
You now has red 2, blue 5, red 4, yellow 4, white 4
MOVE: 0 1 None 1 None 4
outer hints You about all their 4 hints remaining: 4
You has red 2, blue 5, red 4, yellow 4, white 4
MOVE: 1 3 2 1 None None
You discards red 4
trash is now red 3, red 4
You now has red 2, blue 5, yellow 4, white 4, green 1
MOVE: 0 0 None 1 0 None
outer hints You about all their green cards hints remaining: 4
You has red 2, blue 5, yellow 4, white 4, green 1
MOVE: 1 3 3 1 None None
You discards white 4
trash is now red 3, red 4, white 4
You now has red 2, blue 5, yellow 4, green 1, white 5
MOVE: 0 1 None 1 None 1
outer hints You about all their 1 hints remaining: 4
You has red 2, blue 5, yellow 4, green 1, white 5
MOVE: 1 2 3 1 None None
You plays green 1 successfully! Board is now green 1, yellow 0, white 1, blue 1, red 0
You now has red 2, blue 5, yellow 4, white 5, blue 1
MOVE: 0 0 None 1 2 None
outer hints You about all their white cards hints remaining: 3
You has red 2, blue 5, yellow 4, white 5, blue 1
MOVE: 1 2 3 1 None None
You plays white 5 and fails. Board was green 1, yellow 0, white 1, blue 1, red 0
You now has red 2, blue 5, yellow 4, blue 1, red 4
MOVE: 0 1 None 1 None 4
outer hints You about all their 4 hints remaining: 2
You has red 2, blue 5, yellow 4, blue 1, red 4
MOVE: 1 3 4 1 None None
You discards red 4
trash is now red 3, red 4, white 4, white 5, red 4
You now has red 2, blue 5, yellow 4, blue 1, green 2
MOVE: 0 1 None 1 None 2
outer hints You about all their 2 hints remaining: 2
You has red 2, blue 5, yellow 4, blue 1, green 2
MOVE: 1 2 0 1 None None
You plays red 2 and fails. Board was green 1, yellow 0, white 1, blue 1, red 0
You now has blue 5, yellow 4, blue 1, green 2, red 3
Score 3
