Old GID: fef829faad171d27
Treatment: ('outer', 6609)
[(0, 1), (2, 5), (2, 4), (4, 4), (4, 4), (4, 1), (0, 3), (1, 5), (0, 4), (1, 4), (2, 4), (1, 1), (3, 4), (3, 1), (1, 2), (2, 1), (4, 2), (4, 3), (2, 2), (0, 2), (2, 1), (3, 3), (2, 3), (2, 1), (3, 2), (3, 1), (3, 3), (1, 3), (0, 4), (2, 2), (3, 4), (4, 5), (1, 1), (0, 2), (3, 1), (1, 4), (3, 5), (3, 2), (1, 3), (0, 1)]
MOVE: 0 0 None 1 4 None
outer hints You about all their red cards hints remaining: 7
You has red 1, red 2, white 3, yellow 2, red 1
MOVE: 1 1 None 0 None 1
You hints outer about all their 1 hints remaining: 6
outer has green 3, red 3, green 1, green 5, yellow 1
MOVE: 0 2 2 None None None
outer plays green 1 successfully! Board is now green 1, yellow 0, white 0, blue 0, red 0
outer now has green 3, red 3, green 5, yellow 1, green 1
MOVE: 1 0 None 0 1 None
You hints outer about all their yellow cards hints remaining: 5
outer has green 3, red 3, green 5, yellow 1, green 1
MOVE: 0 2 3 None None None
outer plays yellow 1 successfully! Board is now green 1, yellow 1, white 0, blue 0, red 0
outer now has green 3, red 3, green 5, green 1, white 5
MOVE: 1 1 None 0 None 5
You hints outer about all their 5 hints remaining: 4
outer has green 3, red 3, green 5, green 1, white 5
MOVE: 0 0 None 1 1 None
outer hints You about all their yellow cards hints remaining: 3
You has red 1, red 2, white 3, yellow 2, red 1
MOVE: 1 2 3 1 None None
You plays yellow 2 successfully! Board is now green 1, yellow 2, white 0, blue 0, red 0
You now has red 1, red 2, white 3, red 1, white 4
MOVE: 0 1 None 1 None 1
outer hints You about all their 1 hints remaining: 2
You has red 1, red 2, white 3, red 1, white 4
MOVE: 1 2 3 1 None None
You plays red 1 successfully! Board is now green 1, yellow 2, white 0, blue 0, red 1
You now has red 1, red 2, white 3, white 4, red 4
MOVE: 0 0 None 1 4 None
outer hints You about all their red cards hints remaining: 1
You has red 1, red 2, white 3, white 4, red 4
MOVE: 1 3 0 1 None None
You discards red 1
trash is now red 1
You now has red 2, white 3, white 4, red 4, red 4
MOVE: 0 1 None 1 None 2
outer hints You about all their 2 hints remaining: 1
You has red 2, white 3, white 4, red 4, red 4
MOVE: 1 2 0 1 None None
You plays red 2 successfully! Board is now green 1, yellow 2, white 0, blue 0, red 2
You now has white 3, white 4, red 4, red 4, red 1
MOVE: 0 0 None 1 2 None
outer hints You about all their white cards hints remaining: 0
You has white 3, white 4, red 4, red 4, red 1
MOVE: 1 3 3 1 None None
You discards red 4
trash is now red 1, red 4
You now has white 3, white 4, red 4, red 1, green 3
MOVE: 0 0 None 1 4 None
outer hints You about all their red cards hints remaining: 0
You has white 3, white 4, red 4, red 1, green 3
MOVE: 1 2 3 1 None None
You plays red 1 and fails. Board was green 1, yellow 2, white 0, blue 0, red 2
You now has white 3, white 4, red 4, green 3, yellow 5
MOVE: 0 3 3 None None None
outer discards green 1
trash is now red 1, red 4, red 1, green 1
outer now has green 3, red 3, green 5, white 5, green 4
MOVE: 1 2 2 1 None None
You plays red 4 and fails. Board was green 1, yellow 2, white 0, blue 0, red 2
You now has white 3, white 4, green 3, yellow 5, yellow 4
MOVE: 0 1 None 1 None 4
outer hints You about all their 4 hints remaining: 0
You has white 3, white 4, green 3, yellow 5, yellow 4
MOVE: 1 2 0 1 None None
You plays white 3 and fails. Board was green 1, yellow 2, white 0, blue 0, red 2
You now has white 4, green 3, yellow 5, yellow 4, white 4
Score 5
