Old GID: 53b7ed53b585769f
Treatment: ('full', 5079)
[(1, 3), (2, 4), (0, 5), (2, 2), (2, 3), (3, 5), (0, 3), (3, 4), (2, 3), (1, 1), (4, 1), (1, 3), (4, 2), (2, 1), (4, 5), (3, 1), (3, 1), (0, 1), (1, 2), (3, 2), (1, 1), (0, 4), (0, 1), (1, 5), (2, 5), (4, 2), (3, 4), (3, 1), (1, 4), (4, 4), (0, 3), (0, 2), (0, 2), (2, 4), (3, 2), (1, 4), (4, 1), (2, 1), (4, 3), (0, 1)]
MOVE: 0 1 None 1 None 1
full hints You about all their 1 hints remaining: 7
You has yellow 1, green 4, white 1, white 2, blue 3
MOVE: 1 1 None 0 None 1
You hints full about all their 1 hints remaining: 6
full has yellow 2, red 3, red 4, blue 3, red 1
MOVE: 0 2 4 None None None
full plays red 1 successfully! Board is now green 0, yellow 0, white 0, blue 0, red 1
full now has yellow 2, red 3, red 4, blue 3, yellow 3
MOVE: 1 2 0 1 None None
You plays yellow 1 successfully! Board is now green 0, yellow 1, white 0, blue 0, red 1
You now has green 4, white 1, white 2, blue 3, white 4
MOVE: 0 3 4 None None None
full discards yellow 3
trash is now yellow 3
full now has yellow 2, red 3, red 4, blue 3, green 5
MOVE: 1 2 1 1 None None
You plays white 1 successfully! Board is now green 0, yellow 1, white 1, blue 0, red 1
You now has green 4, white 2, blue 3, white 4, white 2
MOVE: 0 1 None 1 None 2
full hints You about all their 2 hints remaining: 6
You has green 4, white 2, blue 3, white 4, white 2
MOVE: 1 2 1 1 None None
You plays white 2 successfully! Board is now green 0, yellow 1, white 2, blue 0, red 1
You now has green 4, blue 3, white 4, white 2, white 3
MOVE: 0 3 4 None None None
full discards green 5
trash is now yellow 3, green 5
full now has yellow 2, red 3, red 4, blue 3, blue 5
MOVE: 1 0 None 0 1 None
You hints full about all their yellow cards hints remaining: 6
full has yellow 2, red 3, red 4, blue 3, blue 5
MOVE: 0 2 0 None None None
full plays yellow 2 successfully! Board is now green 0, yellow 2, white 2, blue 0, red 1
full now has red 3, red 4, blue 3, blue 5, green 3
MOVE: 1 2 3 1 None None
You plays white 2 and fails. Board was green 0, yellow 2, white 2, blue 0, red 1
You now has green 4, blue 3, white 4, white 3, blue 4
MOVE: 0 3 3 None None None
full discards blue 5
trash is now yellow 3, green 5, white 2, blue 5
full now has red 3, red 4, blue 3, green 3, white 3
MOVE: 1 0 None 0 2 None
You hints full about all their white cards hints remaining: 6
full has red 3, red 4, blue 3, green 3, white 3
MOVE: 0 2 4 None None None
full plays white 3 successfully! Board is now green 0, yellow 2, white 3, blue 0, red 1
full now has red 3, red 4, blue 3, green 3, yellow 1
MOVE: 1 3 0 1 None None
You discards green 4
trash is now yellow 3, green 5, white 2, blue 5, green 4
You now has blue 3, white 4, white 3, blue 4, red 1
MOVE: 0 3 4 None None None
full discards yellow 1
trash is now yellow 3, green 5, white 2, blue 5, green 4, yellow 1
full now has red 3, red 4, blue 3, green 3, yellow 3
MOVE: 1 0 None 0 1 None
You hints full about all their yellow cards hints remaining: 7
full has red 3, red 4, blue 3, green 3, yellow 3
MOVE: 0 2 4 None None None
full plays yellow 3 successfully! Board is now green 0, yellow 3, white 3, blue 0, red 1
full now has red 3, red 4, blue 3, green 3, red 2
MOVE: 1 1 None 0 None 2
You hints full about all their 2 hints remaining: 6
full has red 3, red 4, blue 3, green 3, red 2
MOVE: 0 2 4 None None None
full plays red 2 successfully! Board is now green 0, yellow 3, white 3, blue 0, red 2
full now has red 3, red 4, blue 3, green 3, white 1
MOVE: 1 1 None 0 None 3
You hints full about all their 3 hints remaining: 5
full has red 3, red 4, blue 3, green 3, white 1
MOVE: 0 2 0 None None None
full plays red 3 successfully! Board is now green 0, yellow 3, white 3, blue 0, red 3
full now has red 4, blue 3, green 3, white 1, red 5
MOVE: 1 1 None 0 None 4
You hints full about all their 4 hints remaining: 4
full has red 4, blue 3, green 3, white 1, red 5
MOVE: 0 2 0 None None None
full plays red 4 successfully! Board is now green 0, yellow 3, white 3, blue 0, red 4
full now has blue 3, green 3, white 1, red 5, blue 1
MOVE: 1 1 None 0 None 5
You hints full about all their 5 hints remaining: 3
full has blue 3, green 3, white 1, red 5, blue 1
MOVE: 0 2 3 None None None
full plays red 5 successfully! Board is now green 0, yellow 3, white 3, blue 0, red 5
full now has blue 3, green 3, white 1, blue 1, blue 1
MOVE: 1 1 None 0 None 1
You hints full about all their 1 hints remaining: 3
full has blue 3, green 3, white 1, blue 1, blue 1
MOVE: 0 2 2 None None None
full plays white 1 and fails. Board was green 0, yellow 3, white 3, blue 0, red 5
full now has blue 3, green 3, blue 1, blue 1, green 1
MOVE: 1 0 None 0 3 None
You hints full about all their blue cards hints remaining: 2
full has blue 3, green 3, blue 1, blue 1, green 1
MOVE: 0 2 2 None None None
full plays blue 1 successfully! Board is now green 0, yellow 3, white 3, blue 1, red 5
full now has blue 3, green 3, blue 1, green 1, yellow 2
MOVE: 1 1 None 0 None 1
You hints full about all their 1 hints remaining: 1
full has blue 3, green 3, blue 1, green 1, yellow 2
MOVE: 0 2 3 None None None
full plays green 1 successfully! Board is now green 1, yellow 3, white 3, blue 1, red 5
full now has blue 3, green 3, blue 1, yellow 2, blue 2
MOVE: 1 1 None 0 None 2
You hints full about all their 2 hints remaining: 0
full has blue 3, green 3, blue 1, yellow 2, blue 2
MOVE: 0 2 3 None None None
full plays yellow 2 and fails. Board was green 1, yellow 3, white 3, blue 1, red 5
full now has blue 3, green 3, blue 1, blue 2, yellow 1
Score 13
