Old GID: 4a539fc6488b415e
Treatment: ('outer', 6678)
[(3, 4), (1, 2), (2, 1), (3, 2), (3, 2), (1, 1), (1, 2), (4, 5), (2, 3), (0, 2), (3, 3), (2, 5), (0, 4), (0, 4), (3, 5), (4, 2), (3, 1), (2, 1), (2, 4), (3, 4), (4, 3), (2, 2), (4, 1), (0, 1), (4, 1), (4, 1), (1, 1), (2, 3), (1, 3), (1, 1), (4, 4), (3, 1), (3, 1), (4, 3), (1, 5), (0, 1), (4, 2), (0, 2), (2, 2), (0, 1)]
MOVE: 0 1 None 1 None 1
outer hints You about all their 1 hints remaining: 7
You has yellow 4, blue 3, white 1, yellow 4, red 4
MOVE: 1 2 2 1 None None
You plays white 1 successfully! Board is now green 0, yellow 0, white 1, blue 0, red 0
You now has yellow 4, blue 3, yellow 4, red 4, blue 4
MOVE: 0 1 None 1 None 3
outer hints You about all their 3 hints remaining: 6
You has yellow 4, blue 3, yellow 4, red 4, blue 4
MOVE: 1 3 1 1 None None
You discards blue 3
trash is now blue 3
You now has yellow 4, yellow 4, red 4, blue 4, yellow 2
MOVE: 0 0 None 1 1 None
outer hints You about all their yellow cards hints remaining: 6
You has yellow 4, yellow 4, red 4, blue 4, yellow 2
MOVE: 1 2 4 1 None None
You plays yellow 2 and fails. Board was green 0, yellow 0, white 1, blue 0, red 0
You now has yellow 4, yellow 4, red 4, blue 4, white 1
MOVE: 0 1 None 1 None 1
outer hints You about all their 1 hints remaining: 5
You has yellow 4, yellow 4, red 4, blue 4, white 1
MOVE: 1 2 4 1 None None
You plays white 1 and fails. Board was green 0, yellow 0, white 1, blue 0, red 0
You now has yellow 4, yellow 4, red 4, blue 4, blue 2
MOVE: 0 0 None 1 4 None
outer hints You about all their red cards hints remaining: 4
You has yellow 4, yellow 4, red 4, blue 4, blue 2
MOVE: 1 2 2 1 None None
You plays red 4 and fails. Board was green 0, yellow 0, white 1, blue 0, red 0
You now has yellow 4, yellow 4, blue 4, blue 2, blue 2
Score 1
