Old GID: a42b293301169bcf
Treatment: ('outer', 8615)
[(1, 1), (1, 4), (2, 3), (3, 3), (1, 3), (4, 2), (1, 1), (3, 5), (3, 1), (1, 3), (4, 1), (2, 1), (0, 4), (4, 3), (0, 2), (0, 5), (2, 4), (3, 2), (4, 1), (0, 2), (0, 3), (3, 3), (2, 1), (1, 1), (0, 3), (2, 3), (4, 4), (4, 2), (0, 1), (3, 1), (0, 1), (1, 5), (1, 4), (4, 4), (3, 4), (0, 4), (0, 1), (2, 2), (4, 5), (3, 4)]
MOVE: 0 1 None 1 None 5
outer hints You about all their 5 hints remaining: 7
You has yellow 2, yellow 2, blue 2, white 4, white 5
MOVE: 1 1 None 0 None 1
You hints outer about all their 1 hints remaining: 6
outer has blue 1, red 1, white 2, red 3, white 1
MOVE: 0 2 0 None None None
outer plays blue 1 successfully! Board is now green 0, yellow 0, white 0, blue 1, red 0
outer now has red 1, white 2, red 3, white 1, yellow 1
MOVE: 1 1 None 0 None 1
You hints outer about all their 1 hints remaining: 5
outer has red 1, white 2, red 3, white 1, yellow 1
MOVE: 0 1 None 1 None 2
outer hints You about all their 2 hints remaining: 4
You has yellow 2, yellow 2, blue 2, white 4, white 5
MOVE: 1 0 None 0 2 None
You hints outer about all their white cards hints remaining: 3
outer has red 1, white 2, red 3, white 1, yellow 1
MOVE: 0 2 3 None None None
outer plays white 1 successfully! Board is now green 0, yellow 0, white 1, blue 1, red 0
outer now has red 1, white 2, red 3, yellow 1, yellow 4
MOVE: 1 1 None 0 None 2
You hints outer about all their 2 hints remaining: 2
outer has red 1, white 2, red 3, yellow 1, yellow 4
MOVE: 0 2 1 None None None
outer plays white 2 successfully! Board is now green 0, yellow 0, white 2, blue 1, red 0
outer now has red 1, red 3, yellow 1, yellow 4, white 3
MOVE: 1 0 None 0 1 None
You hints outer about all their yellow cards hints remaining: 1
outer has red 1, red 3, yellow 1, yellow 4, white 3
MOVE: 0 2 2 None None None
outer plays yellow 1 successfully! Board is now green 0, yellow 1, white 2, blue 1, red 0
outer now has red 1, red 3, yellow 4, white 3, blue 3
MOVE: 1 1 None 0 None 3
You hints outer about all their 3 hints remaining: 0
outer has red 1, red 3, yellow 4, white 3, blue 3
MOVE: 0 3 4 None None None
outer discards blue 3
trash is now blue 3
outer now has red 1, red 3, yellow 4, white 3, yellow 3
MOVE: 1 0 None 0 2 None
You hints outer about all their white cards hints remaining: 0
outer has red 1, red 3, yellow 4, white 3, yellow 3
MOVE: 0 2 3 None None None
outer plays white 3 successfully! Board is now green 0, yellow 1, white 3, blue 1, red 0
outer now has red 1, red 3, yellow 4, yellow 3, red 2
MOVE: 1 2 1 1 None None
You plays yellow 2 successfully! Board is now green 0, yellow 2, white 3, blue 1, red 0
You now has yellow 2, blue 2, white 4, white 5, yellow 1
MOVE: 0 3 2 None None None
outer discards yellow 4
trash is now blue 3, yellow 4
outer now has red 1, red 3, yellow 3, red 2, blue 5
MOVE: 1 0 None 0 4 None
You hints outer about all their red cards hints remaining: 0
outer has red 1, red 3, yellow 3, red 2, blue 5
MOVE: 0 2 0 None None None
outer plays red 1 successfully! Board is now green 0, yellow 2, white 3, blue 1, red 1
outer now has red 3, yellow 3, red 2, blue 5, blue 1
MOVE: 1 2 1 1 None None
You plays blue 2 successfully! Board is now green 0, yellow 2, white 3, blue 2, red 1
You now has yellow 2, white 4, white 5, yellow 1, yellow 3
MOVE: 0 3 1 None None None
outer discards yellow 3
trash is now blue 3, yellow 4, yellow 3
outer now has red 3, red 2, blue 5, blue 1, red 1
MOVE: 1 2 0 1 None None
You plays yellow 2 and fails. Board was green 0, yellow 2, white 3, blue 2, red 1
You now has white 4, white 5, yellow 1, yellow 3, white 1
MOVE: 0 0 None 1 2 None
outer hints You about all their white cards hints remaining: 0
You has white 4, white 5, yellow 1, yellow 3, white 1
MOVE: 1 2 4 1 None None
You plays white 1 and fails. Board was green 0, yellow 2, white 3, blue 2, red 1
You now has white 4, white 5, yellow 1, yellow 3, green 4
MOVE: 0 3 2 None None None
outer discards blue 5
trash is now blue 3, yellow 4, yellow 3, yellow 2, white 1, blue 5
outer now has red 3, red 2, blue 1, red 1, red 3
MOVE: 1 2 0 1 None None
You plays white 4 successfully! Board is now green 0, yellow 2, white 4, blue 2, red 1
You now has white 5, yellow 1, yellow 3, green 4, green 2
MOVE: 0 0 None 1 2 None
outer hints You about all their white cards hints remaining: 0
You has white 5, yellow 1, yellow 3, green 4, green 2
MOVE: 1 2 0 1 None None
You plays white 5 successfully! Board is now green 0, yellow 2, white 5, blue 2, red 1
You now has yellow 1, yellow 3, green 4, green 2, green 5
MOVE: 0 0 None 1 1 None
outer hints You about all their yellow cards hints remaining: 0
You has yellow 1, yellow 3, green 4, green 2, green 5
MOVE: 1 2 1 1 None None
You plays yellow 3 successfully! Board is now green 0, yellow 3, white 5, blue 2, red 1
You now has yellow 1, green 4, green 2, green 5, white 4
MOVE: 0 3 2 None None None
outer discards blue 1
trash is now blue 3, yellow 4, yellow 3, yellow 2, white 1, blue 5, blue 1
outer now has red 3, red 2, red 1, red 3, blue 2
MOVE: 1 1 None 0 None 2
You hints outer about all their 2 hints remaining: 0
outer has red 3, red 2, red 1, red 3, blue 2
MOVE: 0 2 1 None None None
outer plays red 2 successfully! Board is now green 0, yellow 3, white 5, blue 2, red 2
outer now has red 3, red 1, red 3, blue 2, red 1
MOVE: 1 2 0 1 None None
You plays yellow 1 and fails. Board was green 0, yellow 3, white 5, blue 2, red 2
You now has green 4, green 2, green 5, white 4, green 2
Score 12
