Old GID: 57c792556ed9c772
Treatment: ('outer', 4786)
[(4, 2), (2, 1), (0, 1), (4, 5), (2, 5), (0, 4), (0, 1), (0, 2), (4, 3), (1, 2), (0, 5), (3, 1), (4, 1), (3, 3), (2, 2), (3, 3), (1, 2), (3, 4), (3, 4), (1, 1), (3, 1), (4, 3), (1, 3), (2, 1), (0, 4), (3, 2), (1, 1), (4, 1), (1, 3), (1, 4), (1, 1), (2, 2), (4, 2), (2, 4), (1, 5), (4, 4), (0, 1), (2, 4), (3, 5), (4, 1)]
MOVE: 0 1 None 1 None 2
outer hints You about all their 2 hints remaining: 7
You has white 3, green 2, yellow 4, red 4, green 3
MOVE: 1 1 None 0 None 1
You hints outer about all their 1 hints remaining: 6
outer has blue 1, white 3, white 1, green 3, blue 2
MOVE: 0 2 0 None None None
outer plays blue 1 successfully! Board is now green 0, yellow 0, white 0, blue 1, red 0
outer now has white 3, white 1, green 3, blue 2, red 2
MOVE: 1 0 None 0 2 None
You hints outer about all their white cards hints remaining: 5
outer has white 3, white 1, green 3, blue 2, red 2
MOVE: 0 2 1 None None None
outer plays white 1 successfully! Board is now green 0, yellow 0, white 1, blue 1, red 0
outer now has white 3, green 3, blue 2, red 2, white 1
MOVE: 1 0 None 0 3 None
You hints outer about all their blue cards hints remaining: 4
outer has white 3, green 3, blue 2, red 2, white 1
MOVE: 0 1 None 1 None 4
outer hints You about all their 4 hints remaining: 3
You has white 3, green 2, yellow 4, red 4, green 3
MOVE: 1 1 None 0 None 2
You hints outer about all their 2 hints remaining: 2
outer has white 3, green 3, blue 2, red 2, white 1
MOVE: 0 2 2 None None None
outer plays blue 2 successfully! Board is now green 0, yellow 0, white 1, blue 2, red 0
outer now has white 3, green 3, red 2, white 1, green 1
MOVE: 1 0 None 0 0 None
You hints outer about all their green cards hints remaining: 1
outer has white 3, green 3, red 2, white 1, green 1
MOVE: 0 0 None 1 0 None
outer hints You about all their green cards hints remaining: 0
You has white 3, green 2, yellow 4, red 4, green 3
MOVE: 1 2 4 1 None None
You plays green 3 and fails. Board was green 0, yellow 0, white 1, blue 2, red 0
You now has white 3, green 2, yellow 4, red 4, red 5
MOVE: 0 3 1 None None None
outer discards green 3
trash is now green 3, green 3
outer now has white 3, red 2, white 1, green 1, white 5
MOVE: 1 2 4 1 None None
You plays red 5 and fails. Board was green 0, yellow 0, white 1, blue 2, red 0
You now has white 3, green 2, yellow 4, red 4, green 4
MOVE: 0 1 None 1 None 3
outer hints You about all their 3 hints remaining: 0
You has white 3, green 2, yellow 4, red 4, green 4
MOVE: 1 2 4 1 None None
You plays green 4 and fails. Board was green 0, yellow 0, white 1, blue 2, red 0
You now has white 3, green 2, yellow 4, red 4, green 1
Score 3
