Old GID: 10b5cee41a3818d3
Treatment: ('full', 386)
[(3, 3), (1, 4), (4, 2), (2, 1), (1, 4), (0, 4), (3, 1), (4, 4), (1, 3), (0, 2), (4, 2), (4, 3), (2, 4), (4, 1), (4, 1), (3, 4), (2, 1), (0, 3), (0, 2), (0, 1), (0, 1), (2, 5), (2, 2), (0, 3), (3, 2), (1, 1), (3, 3), (1, 1), (4, 1), (0, 5), (2, 4), (3, 1), (1, 1), (3, 5), (0, 1), (4, 3), (1, 5), (2, 3), (3, 2), (3, 1)]
MOVE: 0 3 0 None None None
full discards white 3
trash is now white 3
full now has green 4, yellow 2, white 1, red 5, blue 3
MOVE: 1 1 None 0 None 1
You hints full about all their 1 hints remaining: 7
full has green 4, yellow 2, white 1, red 5, blue 3
MOVE: 0 2 2 None None None
full plays white 1 successfully! Board is now green 0, yellow 0, white 1, blue 0, red 0
full now has green 4, yellow 2, red 5, blue 3, yellow 4
MOVE: 1 1 None 0 None 5
You hints full about all their 5 hints remaining: 6
full has green 4, yellow 2, red 5, blue 3, yellow 4
MOVE: 0 0 None 1 2 None
full hints You about all their white cards hints remaining: 5
You has white 2, blue 4, yellow 3, red 4, yellow 2
MOVE: 1 2 0 1 None None
You plays white 2 successfully! Board is now green 0, yellow 0, white 2, blue 0, red 0
You now has blue 4, yellow 3, red 4, yellow 2, red 2
MOVE: 0 1 None 1 None 2
full hints You about all their 2 hints remaining: 4
You has blue 4, yellow 3, red 4, yellow 2, red 2
MOVE: 1 3 2 1 None None
You discards red 4
trash is now white 3, red 4
You now has blue 4, yellow 3, yellow 2, red 2, white 1
MOVE: 0 3 0 None None None
full discards green 4
trash is now white 3, red 4, green 4
full now has yellow 2, red 5, blue 3, yellow 4, yellow 4
MOVE: 1 0 None 0 1 None
You hints full about all their yellow cards hints remaining: 5
full has yellow 2, red 5, blue 3, yellow 4, yellow 4
MOVE: 0 2 3 None None None
full plays yellow 4 and fails. Board was green 0, yellow 0, white 2, blue 0, red 0
full now has yellow 2, red 5, blue 3, yellow 4, green 4
MOVE: 1 2 1 1 None None
You plays yellow 3 and fails. Board was green 0, yellow 0, white 2, blue 0, red 0
You now has blue 4, yellow 2, red 2, white 1, blue 1
MOVE: 0 3 2 None None None
full discards blue 3
trash is now white 3, red 4, green 4, yellow 4, yellow 3, blue 3
full now has yellow 2, red 5, yellow 4, green 4, red 4
MOVE: 1 2 3 1 None None
You plays white 1 and fails. Board was green 0, yellow 0, white 2, blue 0, red 0
You now has blue 4, yellow 2, red 2, blue 1, yellow 3
Score 2
