Old GID: d2fab622034c95df
Treatment: ('outer', 2189)
[(3, 1), (2, 5), (2, 2), (0, 4), (4, 4), (0, 5), (3, 1), (0, 1), (2, 1), (1, 2), (2, 2), (1, 1), (1, 5), (4, 1), (2, 4), (2, 1), (4, 2), (1, 4), (4, 1), (1, 3), (1, 1), (0, 3), (3, 2), (4, 2), (0, 1), (3, 2), (4, 3), (3, 4), (0, 2), (1, 2), (0, 3), (2, 3), (0, 4), (3, 1), (2, 1), (3, 4), (3, 5), (1, 1), (3, 3), (0, 2)]
MOVE: 0 1 None 1 None 1
outer hints You about all their 1 hints remaining: 7
You has red 4, white 4, blue 3, green 1, red 5
MOVE: 1 2 3 1 None None
You plays green 1 successfully! Board is now green 1, yellow 0, white 0, blue 0, red 0
You now has red 4, white 4, blue 3, red 5, blue 1
MOVE: 0 1 None 1 None 1
outer hints You about all their 1 hints remaining: 6
You has red 4, white 4, blue 3, red 5, blue 1
MOVE: 1 2 4 1 None None
You plays blue 1 successfully! Board is now green 1, yellow 0, white 0, blue 1, red 0
You now has red 4, white 4, blue 3, red 5, white 5
MOVE: 0 1 None 1 None 4
outer hints You about all their 4 hints remaining: 5
You has red 4, white 4, blue 3, red 5, white 5
MOVE: 1 1 None 0 None 1
You hints outer about all their 1 hints remaining: 4
outer has red 3, yellow 3, yellow 4, red 1, white 3
MOVE: 0 0 None 1 2 None
outer hints You about all their white cards hints remaining: 3
You has red 4, white 4, blue 3, red 5, white 5
MOVE: 1 2 4 1 None None
You plays white 5 and fails. Board was green 1, yellow 0, white 0, blue 1, red 0
You now has red 4, white 4, blue 3, red 5, white 2
MOVE: 0 1 None 1 None 5
outer hints You about all their 5 hints remaining: 2
You has red 4, white 4, blue 3, red 5, white 2
MOVE: 1 3 2 1 None None
You discards blue 3
trash is now white 5, blue 3
You now has red 4, white 4, red 5, white 2, green 4
MOVE: 0 0 None 1 2 None
outer hints You about all their white cards hints remaining: 2
You has red 4, white 4, red 5, white 2, green 4
MOVE: 1 3 1 1 None None
You discards white 4
trash is now white 5, blue 3, white 4
You now has red 4, red 5, white 2, green 4, red 4
MOVE: 0 0 None 1 4 None
outer hints You about all their red cards hints remaining: 2
You has red 4, red 5, white 2, green 4, red 4
MOVE: 1 2 4 1 None None
You plays red 4 and fails. Board was green 1, yellow 0, white 0, blue 1, red 0
You now has red 4, red 5, white 2, green 4, green 5
MOVE: 0 1 None 1 None 4
outer hints You about all their 4 hints remaining: 1
You has red 4, red 5, white 2, green 4, green 5
MOVE: 1 0 None 0 4 None
You hints outer about all their red cards hints remaining: 0
outer has red 3, yellow 3, yellow 4, red 1, white 3
MOVE: 0 2 3 None None None
outer plays red 1 successfully! Board is now green 1, yellow 0, white 0, blue 1, red 1
outer now has red 3, yellow 3, yellow 4, white 3, blue 1
MOVE: 1 3 4 1 None None
You discards green 5
trash is now white 5, blue 3, white 4, red 4, green 5
You now has red 4, red 5, white 2, green 4, green 1
MOVE: 0 0 None 1 0 None
outer hints You about all their green cards hints remaining: 0
You has red 4, red 5, white 2, green 4, green 1
MOVE: 1 2 4 1 None None
You plays green 1 and fails. Board was green 1, yellow 0, white 0, blue 1, red 1
You now has red 4, red 5, white 2, green 4, white 1
Score 3
