Old GID: a982a0e21c2fb26b
Treatment: ('outer', 1114)
[(3, 3), (0, 4), (0, 3), (4, 4), (3, 2), (0, 4), (2, 2), (0, 2), (1, 4), (0, 3), (3, 1), (0, 1), (3, 3), (0, 2), (2, 2), (4, 1), (2, 3), (4, 1), (4, 1), (4, 3), (2, 4), (4, 4), (2, 4), (3, 1), (4, 2), (2, 1), (0, 5), (3, 4), (1, 2), (3, 5), (4, 3), (3, 1), (1, 1), (1, 5), (4, 5), (2, 5), (3, 4), (3, 2), (2, 1), (2, 3)]
MOVE: 0 0 None 1 1 None
outer hints You about all their yellow cards hints remaining: 7
You has yellow 2, yellow 1, yellow 1, yellow 3, yellow 4
MOVE: 1 1 None 0 None 1
You hints outer about all their 1 hints remaining: 6
outer has white 1, green 1, red 2, yellow 3, green 1
MOVE: 0 2 0 None None None
outer plays white 1 successfully! Board is now green 0, yellow 0, white 1, blue 0, red 0
outer now has green 1, red 2, yellow 3, green 1, blue 3
MOVE: 1 0 None 0 0 None
You hints outer about all their green cards hints remaining: 5
outer has green 1, red 2, yellow 3, green 1, blue 3
MOVE: 0 2 0 None None None
outer plays green 1 successfully! Board is now green 1, yellow 0, white 1, blue 0, red 0
outer now has red 2, yellow 3, green 1, blue 3, green 4
MOVE: 1 3 0 1 None None
You discards yellow 2
trash is now yellow 2
You now has yellow 1, yellow 1, yellow 3, yellow 4, green 3
MOVE: 0 3 2 None None None
outer discards green 1
trash is now yellow 2, green 1
outer now has red 2, yellow 3, blue 3, green 4, red 4
MOVE: 1 3 0 1 None None
You discards yellow 1
trash is now yellow 2, green 1, yellow 1
You now has yellow 1, yellow 3, yellow 4, green 3, blue 2
MOVE: 0 1 None 1 None 1
outer hints You about all their 1 hints remaining: 7
You has yellow 1, yellow 3, yellow 4, green 3, blue 2
MOVE: 1 2 0 1 None None
You plays yellow 1 successfully! Board is now green 1, yellow 1, white 1, blue 0, red 0
You now has yellow 3, yellow 4, green 3, blue 2, green 4
MOVE: 0 0 None 1 1 None
outer hints You about all their yellow cards hints remaining: 6
You has yellow 3, yellow 4, green 3, blue 2, green 4
MOVE: 1 2 0 1 None None
You plays yellow 3 and fails. Board was green 1, yellow 1, white 1, blue 0, red 0
You now has yellow 4, green 3, blue 2, green 4, white 2
MOVE: 0 1 None 1 None 2
outer hints You about all their 2 hints remaining: 5
You has yellow 4, green 3, blue 2, green 4, white 2
MOVE: 1 2 4 1 None None
You plays white 2 successfully! Board is now green 1, yellow 1, white 2, blue 0, red 0
You now has yellow 4, green 3, blue 2, green 4, green 2
MOVE: 0 1 None 1 None 2
outer hints You about all their 2 hints remaining: 4
You has yellow 4, green 3, blue 2, green 4, green 2
MOVE: 1 2 4 1 None None
You plays green 2 successfully! Board is now green 2, yellow 1, white 2, blue 0, red 0
You now has yellow 4, green 3, blue 2, green 4, yellow 4
MOVE: 0 0 None 1 0 None
outer hints You about all their green cards hints remaining: 3
You has yellow 4, green 3, blue 2, green 4, yellow 4
MOVE: 1 2 2 1 None None
You plays blue 2 and fails. Board was green 2, yellow 1, white 2, blue 0, red 0
You now has yellow 4, green 3, green 4, yellow 4, green 3
MOVE: 0 1 None 1 None 3
outer hints You about all their 3 hints remaining: 2
You has yellow 4, green 3, green 4, yellow 4, green 3
MOVE: 1 2 4 1 None None
You plays green 3 successfully! Board is now green 3, yellow 1, white 2, blue 0, red 0
You now has yellow 4, green 3, green 4, yellow 4, blue 1
MOVE: 0 1 None 1 None 4
outer hints You about all their 4 hints remaining: 1
You has yellow 4, green 3, green 4, yellow 4, blue 1
MOVE: 1 2 4 1 None None
You plays blue 1 successfully! Board is now green 3, yellow 1, white 2, blue 1, red 0
You now has yellow 4, green 3, green 4, yellow 4, green 1
MOVE: 0 0 None 1 0 None
outer hints You about all their green cards hints remaining: 0
You has yellow 4, green 3, green 4, yellow 4, green 1
MOVE: 1 2 4 1 None None
You plays green 1 and fails. Board was green 3, yellow 1, white 2, blue 1, red 0
You now has yellow 4, green 3, green 4, yellow 4, blue 3
Score 7
