Old GID: 0c7675f7ce5e1778
Treatment: ('intentional', 6549)
[(2, 4), (4, 4), (4, 1), (2, 2), (4, 3), (1, 4), (3, 1), (3, 2), (3, 5), (1, 4), (1, 2), (1, 5), (3, 4), (2, 1), (1, 3), (4, 2), (2, 3), (0, 3), (2, 4), (3, 1), (4, 4), (1, 1), (0, 5), (0, 3), (3, 2), (1, 1), (0, 1), (4, 2), (3, 3), (4, 3), (1, 1), (4, 1), (3, 4), (0, 2), (0, 4), (2, 3), (0, 1), (2, 5), (2, 1), (3, 3)]
MOVE: 0 0 None 1 4 None
intentional hints You about all their red cards hints remaining: 7
You has green 4, yellow 3, yellow 2, red 1, green 2
MOVE: 1 1 None 0 None 1
You hints intentional about all their 1 hints remaining: 6
intentional has blue 1, red 5, green 1, white 1, white 2
MOVE: 0 2 3 None None None
intentional plays white 1 successfully! Board is now green 0, yellow 0, white 1, blue 0, red 0
intentional now has blue 1, red 5, green 1, white 2, white 4
MOVE: 1 1 None 0 None 2
You hints intentional about all their 2 hints remaining: 5
intentional has blue 1, red 5, green 1, white 2, white 4
MOVE: 0 1 None 1 None 1
intentional hints You about all their 1 hints remaining: 4
You has green 4, yellow 3, yellow 2, red 1, green 2
MOVE: 1 0 None 0 2 None
You hints intentional about all their white cards hints remaining: 3
intentional has blue 1, red 5, green 1, white 2, white 4
MOVE: 0 2 3 None None None
intentional plays white 2 successfully! Board is now green 0, yellow 0, white 2, blue 0, red 0
intentional now has blue 1, red 5, green 1, white 4, red 4
MOVE: 1 0 None 0 0 None
You hints intentional about all their green cards hints remaining: 2
intentional has blue 1, red 5, green 1, white 4, red 4
MOVE: 0 2 2 None None None
intentional plays green 1 successfully! Board is now green 1, yellow 0, white 2, blue 0, red 0
intentional now has blue 1, red 5, white 4, red 4, red 1
MOVE: 1 0 None 0 3 None
You hints intentional about all their blue cards hints remaining: 1
intentional has blue 1, red 5, white 4, red 4, red 1
MOVE: 0 2 0 None None None
intentional plays blue 1 successfully! Board is now green 1, yellow 0, white 2, blue 1, red 0
intentional now has red 5, white 4, red 4, red 1, white 2
MOVE: 1 1 None 0 None 1
You hints intentional about all their 1 hints remaining: 0
intentional has red 5, white 4, red 4, red 1, white 2
MOVE: 0 3 4 None None None
intentional discards white 2
trash is now white 2
intentional now has red 5, white 4, red 4, red 1, red 3
MOVE: 1 0 None 0 4 None
You hints intentional about all their red cards hints remaining: 0
intentional has red 5, white 4, red 4, red 1, red 3
MOVE: 0 2 3 None None None
intentional plays red 1 successfully! Board is now green 1, yellow 0, white 2, blue 1, red 1
intentional now has red 5, white 4, red 4, red 3, yellow 4
MOVE: 1 3 3 1 None None
You discards red 1
trash is now white 2, red 1
You now has green 4, yellow 3, yellow 2, green 2, blue 1
MOVE: 0 3 4 None None None
intentional discards yellow 4
trash is now white 2, red 1, yellow 4
intentional now has red 5, white 4, red 4, red 3, blue 2
MOVE: 1 0 None 0 3 None
You hints intentional about all their blue cards hints remaining: 1
intentional has red 5, white 4, red 4, red 3, blue 2
MOVE: 0 3 4 None None None
intentional discards blue 2
trash is now white 2, red 1, yellow 4, blue 2
intentional now has red 5, white 4, red 4, red 3, blue 5
MOVE: 1 2 4 1 None None
You plays blue 1 and fails. Board was green 1, yellow 0, white 2, blue 1, red 1
You now has green 4, yellow 3, yellow 2, green 2, yellow 4
MOVE: 0 3 4 None None None
intentional discards blue 5
trash is now white 2, red 1, yellow 4, blue 2, blue 1, blue 5
intentional now has red 5, white 4, red 4, red 3, yellow 2
MOVE: 1 2 4 1 None None
You plays yellow 4 and fails. Board was green 1, yellow 0, white 2, blue 1, red 1
You now has green 4, yellow 3, yellow 2, green 2, yellow 5
MOVE: 0 3 4 None None None
intentional discards yellow 2
trash is now white 2, red 1, yellow 4, blue 2, blue 1, blue 5, yellow 4, yellow 2
intentional now has red 5, white 4, red 4, red 3, blue 4
MOVE: 1 2 4 1 None None
You plays yellow 5 and fails. Board was green 1, yellow 0, white 2, blue 1, red 1
You now has green 4, yellow 3, yellow 2, green 2, white 1
Score 5
