Old GID: 3835ceff3b9e2d0f
Treatment: ('outer', 8097)
[(0, 1), (3, 4), (0, 2), (0, 2), (3, 4), (0, 1), (3, 2), (4, 1), (2, 4), (3, 2), (1, 5), (1, 1), (1, 3), (4, 4), (2, 3), (4, 1), (1, 1), (3, 1), (4, 3), (1, 1), (3, 1), (0, 3), (4, 3), (4, 4), (0, 4), (2, 1), (1, 2), (4, 2), (1, 4), (0, 4), (4, 1), (0, 5), (2, 2), (3, 5), (2, 2), (2, 1), (4, 2), (1, 4), (2, 1), (0, 1)]
MOVE: 0 1 None 1 None 5
outer hints You about all their 5 hints remaining: 7
You has white 4, yellow 3, red 5, blue 3, white 5
MOVE: 1 1 None 0 None 1
You hints outer about all their 1 hints remaining: 6
outer has yellow 2, green 3, white 3, blue 1, blue 3
MOVE: 0 2 3 None None None
outer plays blue 1 successfully! Board is now green 0, yellow 0, white 0, blue 1, red 0
outer now has yellow 2, green 3, white 3, blue 3, green 1
MOVE: 1 1 None 0 None 1
You hints outer about all their 1 hints remaining: 5
outer has yellow 2, green 3, white 3, blue 3, green 1
MOVE: 0 0 None 1 2 None
outer hints You about all their white cards hints remaining: 4
You has white 4, yellow 3, red 5, blue 3, white 5
MOVE: 1 0 None 0 0 None
You hints outer about all their green cards hints remaining: 3
outer has yellow 2, green 3, white 3, blue 3, green 1
MOVE: 0 2 4 None None None
outer plays green 1 successfully! Board is now green 1, yellow 0, white 0, blue 1, red 0
outer now has yellow 2, green 3, white 3, blue 3, blue 4
MOVE: 1 2 4 1 None None
You plays white 5 and fails. Board was green 1, yellow 0, white 0, blue 1, red 0
You now has white 4, yellow 3, red 5, blue 3, green 2
MOVE: 0 1 None 1 None 2
outer hints You about all their 2 hints remaining: 2
You has white 4, yellow 3, red 5, blue 3, green 2
MOVE: 1 2 4 1 None None
You plays green 2 successfully! Board is now green 2, yellow 0, white 0, blue 1, red 0
You now has white 4, yellow 3, red 5, blue 3, green 2
MOVE: 0 0 None 1 4 None
outer hints You about all their red cards hints remaining: 1
You has white 4, yellow 3, red 5, blue 3, green 2
MOVE: 1 2 4 1 None None
You plays green 2 and fails. Board was green 2, yellow 0, white 0, blue 1, red 0
You now has white 4, yellow 3, red 5, blue 3, blue 4
MOVE: 0 1 None 1 None 4
outer hints You about all their 4 hints remaining: 0
You has white 4, yellow 3, red 5, blue 3, blue 4
MOVE: 1 2 4 1 None None
You plays blue 4 and fails. Board was green 2, yellow 0, white 0, blue 1, red 0
You now has white 4, yellow 3, red 5, blue 3, green 1
Score 3
