Old GID: 184c997d42188d2f
Treatment: ('intentional', 5411)
[(1, 2), (2, 5), (4, 3), (3, 2), (0, 3), (0, 1), (0, 2), (2, 4), (4, 2), (2, 3), (3, 3), (2, 2), (1, 1), (2, 3), (1, 1), (3, 3), (1, 2), (1, 3), (2, 1), (1, 1), (1, 5), (4, 4), (3, 1), (2, 1), (3, 1), (0, 5), (0, 4), (1, 4), (4, 4), (2, 4), (3, 4), (0, 2), (0, 4), (0, 1), (3, 2), (2, 1), (1, 3), (3, 5), (4, 1), (0, 1)]
MOVE: 0 1 None 1 None 1
intentional hints You about all their 1 hints remaining: 7
You has blue 4, red 5, white 2, blue 1, red 1
MOVE: 1 2 3 1 None None
You plays blue 1 successfully! Board is now green 0, yellow 0, white 0, blue 1, red 0
You now has blue 4, red 5, white 2, red 1, yellow 2
MOVE: 0 0 None 1 4 None
intentional hints You about all their red cards hints remaining: 6
You has blue 4, red 5, white 2, red 1, yellow 2
MOVE: 1 2 3 1 None None
You plays red 1 successfully! Board is now green 0, yellow 0, white 0, blue 1, red 1
You now has blue 4, red 5, white 2, yellow 2, white 5
MOVE: 0 3 0 None None None
intentional discards red 1
trash is now red 1
intentional now has red 3, yellow 4, red 2, green 3, red 3
MOVE: 1 1 None 0 None 2
You hints intentional about all their 2 hints remaining: 6
intentional has red 3, yellow 4, red 2, green 3, red 3
MOVE: 0 3 0 None None None
intentional discards red 3
trash is now red 1, red 3
intentional now has yellow 4, red 2, green 3, red 3, blue 2
MOVE: 1 1 None 0 None 3
You hints intentional about all their 3 hints remaining: 6
intentional has yellow 4, red 2, green 3, red 3, blue 2
MOVE: 0 3 4 None None None
intentional discards blue 2
trash is now red 1, red 3, blue 2
intentional now has yellow 4, red 2, green 3, red 3, green 3
MOVE: 1 0 None 0 4 None
You hints intentional about all their red cards hints remaining: 6
intentional has yellow 4, red 2, green 3, red 3, green 3
MOVE: 0 2 1 None None None
intentional plays red 2 successfully! Board is now green 0, yellow 0, white 0, blue 1, red 2
intentional now has yellow 4, green 3, red 3, green 3, green 1
MOVE: 1 0 None 0 0 None
You hints intentional about all their green cards hints remaining: 5
intentional has yellow 4, green 3, red 3, green 3, green 1
MOVE: 0 2 2 None None None
intentional plays red 3 successfully! Board is now green 0, yellow 0, white 0, blue 1, red 3
intentional now has yellow 4, green 3, green 3, green 1, green 2
MOVE: 1 1 None 0 None 1
You hints intentional about all their 1 hints remaining: 4
intentional has yellow 4, green 3, green 3, green 1, green 2
MOVE: 0 2 3 None None None
intentional plays green 1 successfully! Board is now green 1, yellow 0, white 0, blue 1, red 3
intentional now has yellow 4, green 3, green 3, green 2, white 4
MOVE: 1 1 None 0 None 2
You hints intentional about all their 2 hints remaining: 3
intentional has yellow 4, green 3, green 3, green 2, white 4
MOVE: 0 3 4 None None None
intentional discards white 4
trash is now red 1, red 3, blue 2, white 4
intentional now has yellow 4, green 3, green 3, green 2, red 2
MOVE: 1 0 None 0 0 None
You hints intentional about all their green cards hints remaining: 3
intentional has yellow 4, green 3, green 3, green 2, red 2
MOVE: 0 2 3 None None None
intentional plays green 2 successfully! Board is now green 2, yellow 0, white 0, blue 1, red 3
intentional now has yellow 4, green 3, green 3, red 2, white 3
MOVE: 1 3 1 1 None None
You discards red 5
trash is now red 1, red 3, blue 2, white 4, red 5
You now has blue 4, white 2, yellow 2, white 5, blue 3
MOVE: 0 2 1 None None None
intentional plays green 3 successfully! Board is now green 3, yellow 0, white 0, blue 1, red 3
intentional now has yellow 4, green 3, red 2, white 3, white 2
MOVE: 1 3 0 1 None None
You discards blue 4
trash is now red 1, red 3, blue 2, white 4, red 5, blue 4
You now has white 2, yellow 2, white 5, blue 3, yellow 1
MOVE: 0 1 None 1 None 1
intentional hints You about all their 1 hints remaining: 4
You has white 2, yellow 2, white 5, blue 3, yellow 1
MOVE: 1 2 4 1 None None
You plays yellow 1 successfully! Board is now green 3, yellow 1, white 0, blue 1, red 3
You now has white 2, yellow 2, white 5, blue 3, white 3
MOVE: 0 0 None 1 1 None
intentional hints You about all their yellow cards hints remaining: 3
You has white 2, yellow 2, white 5, blue 3, white 3
MOVE: 1 2 1 1 None None
You plays yellow 2 successfully! Board is now green 3, yellow 2, white 0, blue 1, red 3
You now has white 2, white 5, blue 3, white 3, yellow 1
MOVE: 0 1 None 1 None 3
intentional hints You about all their 3 hints remaining: 2
You has white 2, white 5, blue 3, white 3, yellow 1
MOVE: 1 2 3 1 None None
You plays white 3 and fails. Board was green 3, yellow 2, white 0, blue 1, red 3
You now has white 2, white 5, blue 3, yellow 1, blue 3
MOVE: 0 0 None 1 1 None
intentional hints You about all their yellow cards hints remaining: 1
You has white 2, white 5, blue 3, yellow 1, blue 3
MOVE: 1 2 3 1 None None
You plays yellow 1 and fails. Board was green 3, yellow 2, white 0, blue 1, red 3
You now has white 2, white 5, blue 3, blue 3, yellow 2
MOVE: 0 1 None 1 None 3
intentional hints You about all their 3 hints remaining: 0
You has white 2, white 5, blue 3, blue 3, yellow 2
MOVE: 1 2 3 1 None None
You plays blue 3 and fails. Board was green 3, yellow 2, white 0, blue 1, red 3
You now has white 2, white 5, blue 3, yellow 2, yellow 3
Score 9
