Old GID: aea24bb0ff6eb211
Treatment: ('intentional', 8889)
[(1, 2), (4, 3), (4, 1), (1, 1), (1, 2), (4, 5), (4, 4), (3, 1), (0, 5), (4, 1), (1, 1), (4, 2), (3, 4), (0, 3), (3, 2), (0, 4), (0, 2), (3, 5), (0, 1), (0, 1), (2, 4), (1, 4), (2, 3), (4, 1), (3, 3), (1, 3), (3, 1), (2, 2), (4, 2), (2, 2), (3, 1), (1, 4), (0, 3), (2, 1), (2, 3), (2, 4), (4, 4), (1, 3), (0, 1), (3, 3)]
MOVE: 0 0 None 1 2 None
intentional hints You about all their white cards hints remaining: 7
You has green 4, white 1, green 2, white 1, red 3
MOVE: 1 1 None 0 None 1
You hints intentional about all their 1 hints remaining: 6
intentional has blue 4, yellow 5, blue 2, yellow 1, white 5
MOVE: 0 2 3 None None None
intentional plays yellow 1 successfully! Board is now green 0, yellow 1, white 0, blue 0, red 0
intentional now has blue 4, yellow 5, blue 2, white 5, yellow 2
MOVE: 1 2 3 1 None None
You plays white 1 successfully! Board is now green 0, yellow 1, white 1, blue 0, red 0
You now has green 4, white 1, green 2, red 3, red 3
MOVE: 0 1 None 1 None 1
intentional hints You about all their 1 hints remaining: 5
You has green 4, white 1, green 2, red 3, red 3
MOVE: 1 3 1 1 None None
You discards white 1
trash is now white 1
You now has green 4, green 2, red 3, red 3, red 1
MOVE: 0 0 None 1 4 None
intentional hints You about all their red cards hints remaining: 5
You has green 4, green 2, red 3, red 3, red 1
MOVE: 1 2 4 1 None None
You plays red 1 successfully! Board is now green 0, yellow 1, white 1, blue 0, red 1
You now has green 4, green 2, red 3, red 3, yellow 1
MOVE: 0 3 4 None None None
intentional discards yellow 2
trash is now white 1, yellow 2
intentional now has blue 4, yellow 5, blue 2, white 5, yellow 2
MOVE: 1 1 None 0 None 5
You hints intentional about all their 5 hints remaining: 5
intentional has blue 4, yellow 5, blue 2, white 5, yellow 2
MOVE: 0 3 4 None None None
intentional discards yellow 2
trash is now white 1, yellow 2, yellow 2
intentional now has blue 4, yellow 5, blue 2, white 5, red 5
MOVE: 1 2 4 1 None None
You plays yellow 1 and fails. Board was green 0, yellow 1, white 1, blue 0, red 1
You now has green 4, green 2, red 3, red 3, red 4
MOVE: 0 3 0 None None None
intentional discards blue 4
trash is now white 1, yellow 2, yellow 2, yellow 1, blue 4
intentional now has yellow 5, blue 2, white 5, red 5, blue 1
MOVE: 1 2 4 1 None None
You plays red 4 and fails. Board was green 0, yellow 1, white 1, blue 0, red 1
You now has green 4, green 2, red 3, red 3, green 5
MOVE: 0 3 1 None None None
intentional discards blue 2
trash is now white 1, yellow 2, yellow 2, yellow 1, blue 4, red 4, blue 2
intentional now has yellow 5, white 5, red 5, blue 1, red 1
MOVE: 1 2 4 1 None None
You plays green 5 and fails. Board was green 0, yellow 1, white 1, blue 0, red 1
You now has green 4, green 2, red 3, red 3, yellow 1
Score 3
