Old GID: 9819ab39715fd6be
Treatment: ('outer', 4124)
[(1, 2), (2, 2), (0, 1), (3, 4), (0, 4), (0, 2), (4, 3), (0, 5), (1, 5), (0, 2), (4, 4), (3, 1), (2, 3), (0, 3), (0, 1), (2, 4), (3, 5), (3, 4), (1, 4), (3, 2), (1, 2), (2, 1), (0, 1), (3, 1), (3, 3), (4, 1), (4, 1), (2, 1), (0, 3), (2, 2), (2, 1), (1, 3), (0, 4), (2, 3), (4, 2), (1, 1), (4, 4), (4, 2), (3, 3), (2, 5)]
MOVE: 0 0 None 1 4 None
outer hints You about all their red cards hints remaining: 7
You has red 1, white 4, yellow 4, yellow 3, red 3
MOVE: 1 2 0 1 None None
You plays red 1 successfully! Board is now green 0, yellow 0, white 0, blue 0, red 1
You now has white 4, yellow 4, yellow 3, red 3, yellow 2
MOVE: 0 0 None 1 1 None
outer hints You about all their yellow cards hints remaining: 6
You has white 4, yellow 4, yellow 3, red 3, yellow 2
MOVE: 1 1 None 0 None 5
You hints outer about all their 5 hints remaining: 5
outer has red 5, yellow 1, blue 1, yellow 1, blue 2
MOVE: 0 0 None 1 2 None
outer hints You about all their white cards hints remaining: 4
You has white 4, yellow 4, yellow 3, red 3, yellow 2
MOVE: 1 1 None 0 None 1
You hints outer about all their 1 hints remaining: 3
outer has red 5, yellow 1, blue 1, yellow 1, blue 2
MOVE: 0 0 None 1 4 None
outer hints You about all their red cards hints remaining: 2
You has white 4, yellow 4, yellow 3, red 3, yellow 2
MOVE: 1 0 None 0 1 None
You hints outer about all their yellow cards hints remaining: 1
outer has red 5, yellow 1, blue 1, yellow 1, blue 2
MOVE: 0 2 1 None None None
outer plays yellow 1 successfully! Board is now green 0, yellow 1, white 0, blue 0, red 1
outer now has red 5, blue 1, yellow 1, blue 2, white 2
MOVE: 1 0 None 0 3 None
You hints outer about all their blue cards hints remaining: 0
outer has red 5, blue 1, yellow 1, blue 2, white 2
MOVE: 0 2 1 None None None
outer plays blue 1 successfully! Board is now green 0, yellow 1, white 0, blue 1, red 1
outer now has red 5, yellow 1, blue 2, white 2, green 1
MOVE: 1 2 0 1 None None
You plays white 4 and fails. Board was green 0, yellow 1, white 0, blue 1, red 1
You now has yellow 4, yellow 3, red 3, yellow 2, blue 4
MOVE: 0 3 1 None None None
outer discards yellow 1
trash is now white 4, yellow 1
outer now has red 5, blue 2, white 2, green 1, green 4
MOVE: 1 2 0 1 None None
You plays yellow 4 and fails. Board was green 0, yellow 1, white 0, blue 1, red 1
You now has yellow 3, red 3, yellow 2, blue 4, green 2
MOVE: 0 0 None 1 1 None
outer hints You about all their yellow cards hints remaining: 0
You has yellow 3, red 3, yellow 2, blue 4, green 2
MOVE: 1 2 0 1 None None
You plays yellow 3 and fails. Board was green 0, yellow 1, white 0, blue 1, red 1
You now has red 3, yellow 2, blue 4, green 2, red 3
Score 3
