Old GID: 6a8e68250ac03dc2
Treatment: ('full', 7089)
[(3, 2), (2, 4), (4, 1), (3, 3), (0, 1), (0, 4), (0, 5), (0, 3), (0, 3), (3, 1), (2, 2), (2, 5), (1, 1), (3, 4), (4, 4), (4, 4), (2, 2), (1, 4), (2, 3), (2, 1), (0, 2), (0, 1), (3, 1), (3, 4), (1, 2), (0, 4), (4, 5), (2, 3), (1, 1), (4, 2), (1, 2), (1, 3), (0, 2), (1, 1), (1, 5), (3, 3), (3, 5), (2, 4), (4, 2), (1, 4)]
MOVE: 0 1 None 1 None 1
full hints You about all their 1 hints remaining: 7
You has blue 2, red 1, white 1, red 1, red 3
MOVE: 1 2 1 1 None None
You plays red 1 successfully! Board is now green 0, yellow 0, white 0, blue 0, red 1
You now has blue 2, white 1, red 1, red 3, blue 2
MOVE: 0 0 None 1 2 None
full hints You about all their white cards hints remaining: 6
You has blue 2, white 1, red 1, red 3, blue 2
MOVE: 1 2 1 1 None None
You plays white 1 successfully! Board is now green 0, yellow 0, white 1, blue 0, red 1
You now has blue 2, red 1, red 3, blue 2, white 4
MOVE: 0 3 0 None None None
full discards yellow 3
trash is now yellow 3
full now has blue 1, white 1, red 3, green 1, red 1
MOVE: 1 2 1 1 None None
You plays red 1 and fails. Board was green 0, yellow 0, white 1, blue 0, red 1
You now has blue 2, red 3, blue 2, white 4, blue 3
MOVE: 0 3 0 None None None
full discards blue 1
trash is now yellow 3, red 1, blue 1
full now has white 1, red 3, green 1, red 1, green 1
MOVE: 1 1 None 0 None 1
You hints full about all their 1 hints remaining: 7
full has white 1, red 3, green 1, red 1, green 1
MOVE: 0 2 0 None None None
full plays white 1 and fails. Board was green 0, yellow 0, white 1, blue 0, red 1
full now has red 3, green 1, red 1, green 1, green 4
MOVE: 1 0 None 0 0 None
You hints full about all their green cards hints remaining: 6
full has red 3, green 1, red 1, green 1, green 4
MOVE: 0 2 1 None None None
full plays green 1 successfully! Board is now green 1, yellow 0, white 1, blue 0, red 1
full now has red 3, red 1, green 1, green 4, green 5
MOVE: 1 0 None 0 4 None
You hints full about all their red cards hints remaining: 5
full has red 3, red 1, green 1, green 4, green 5
MOVE: 0 2 0 None None None
full plays red 3 and fails. Board was green 1, yellow 0, white 1, blue 0, red 1
full now has red 1, green 1, green 4, green 5, green 3
Score 3
