Old GID: 7b47aef75ae466f0
Treatment: ('outer', 4657)
[(0, 1), (0, 2), (2, 2), (3, 2), (0, 1), (1, 2), (2, 1), (4, 4), (3, 4), (2, 4), (4, 2), (2, 5), (4, 3), (0, 3), (3, 3), (1, 4), (4, 5), (0, 4), (0, 1), (0, 3), (2, 1), (0, 5), (4, 4), (1, 3), (3, 1), (4, 3), (1, 5), (0, 2), (1, 2), (1, 1), (4, 1), (3, 4), (1, 4), (3, 3), (3, 2), (2, 3), (1, 1), (2, 2), (1, 1), (4, 2)]
MOVE: 0 0 None 1 2 None
outer hints You about all their white cards hints remaining: 7
You has white 1, blue 1, blue 5, yellow 3, white 4
MOVE: 1 1 None 0 None 1
You hints outer about all their 1 hints remaining: 6
outer has green 4, red 1, blue 1, white 3, red 1
MOVE: 0 2 1 None None None
outer plays red 1 successfully! Board is now green 0, yellow 0, white 0, blue 0, red 1
outer now has green 4, blue 1, white 3, red 1, green 1
MOVE: 1 1 None 0 None 1
You hints outer about all their 1 hints remaining: 5
outer has green 4, blue 1, white 3, red 1, green 1
MOVE: 0 1 None 1 None 1
outer hints You about all their 1 hints remaining: 4
You has white 1, blue 1, blue 5, yellow 3, white 4
MOVE: 1 2 4 1 None None
You plays white 4 and fails. Board was green 0, yellow 0, white 0, blue 0, red 1
You now has white 1, blue 1, blue 5, yellow 3, green 2
MOVE: 0 0 None 1 3 None
outer hints You about all their blue cards hints remaining: 3
You has white 1, blue 1, blue 5, yellow 3, green 2
MOVE: 1 2 0 1 None None
You plays white 1 successfully! Board is now green 0, yellow 0, white 1, blue 0, red 1
You now has blue 1, blue 5, yellow 3, green 2, white 2
MOVE: 0 1 None 1 None 2
outer hints You about all their 2 hints remaining: 2
You has blue 1, blue 5, yellow 3, green 2, white 2
MOVE: 1 2 4 1 None None
You plays white 2 successfully! Board is now green 0, yellow 0, white 2, blue 0, red 1
You now has blue 1, blue 5, yellow 3, green 2, blue 2
MOVE: 0 1 None 1 None 1
outer hints You about all their 1 hints remaining: 1
You has blue 1, blue 5, yellow 3, green 2, blue 2
MOVE: 1 3 0 1 None None
You discards blue 1
trash is now white 4, blue 1
You now has blue 5, yellow 3, green 2, blue 2, green 1
MOVE: 0 1 None 1 None 1
outer hints You about all their 1 hints remaining: 1
You has blue 5, yellow 3, green 2, blue 2, green 1
MOVE: 1 2 4 1 None None
You plays green 1 successfully! Board is now green 1, yellow 0, white 2, blue 0, red 1
You now has blue 5, yellow 3, green 2, blue 2, yellow 2
MOVE: 0 1 None 1 None 2
outer hints You about all their 2 hints remaining: 0
You has blue 5, yellow 3, green 2, blue 2, yellow 2
MOVE: 1 2 4 1 None None
You plays yellow 2 and fails. Board was green 1, yellow 0, white 2, blue 0, red 1
You now has blue 5, yellow 3, green 2, blue 2, white 1
MOVE: 0 3 1 None None None
outer discards blue 1
trash is now white 4, blue 1, yellow 2, blue 1
outer now has green 4, white 3, red 1, green 1, red 4
MOVE: 1 1 None 0 None 3
You hints outer about all their 3 hints remaining: 0
outer has green 4, white 3, red 1, green 1, red 4
MOVE: 0 3 4 None None None
outer discards red 4
trash is now white 4, blue 1, yellow 2, blue 1, red 4
outer now has green 4, white 3, red 1, green 1, blue 4
MOVE: 1 0 None 0 2 None
You hints outer about all their white cards hints remaining: 0
outer has green 4, white 3, red 1, green 1, blue 4
MOVE: 0 2 1 None None None
outer plays white 3 successfully! Board is now green 1, yellow 0, white 3, blue 0, red 1
outer now has green 4, red 1, green 1, blue 4, white 4
MOVE: 1 2 3 1 None None
You plays blue 2 and fails. Board was green 1, yellow 0, white 3, blue 0, red 1
You now has blue 5, yellow 3, green 2, white 1, red 2
Score 5
