Old GID: 7e7f103f97645bf6
Treatment: ('outer', 894)
[(3, 4), (3, 2), (0, 4), (4, 3), (2, 2), (1, 4), (3, 5), (2, 5), (0, 1), (0, 1), (4, 4), (4, 5), (2, 1), (1, 4), (3, 1), (4, 2), (0, 2), (2, 4), (3, 1), (4, 3), (4, 1), (1, 1), (3, 4), (4, 4), (4, 2), (0, 3), (1, 1), (0, 4), (0, 5), (3, 3), (1, 3), (4, 1), (2, 3), (3, 3), (2, 4), (2, 2), (1, 1), (3, 1), (1, 2), (2, 1)]
MOVE: 0 0 None 1 4 None
outer hints You about all their red cards hints remaining: 7
You has red 1, yellow 5, green 3, green 1, green 2
MOVE: 1 1 None 0 None 1
You hints outer about all their 1 hints remaining: 6
outer has yellow 2, white 1, white 3, blue 2, yellow 3
MOVE: 0 2 1 None None None
outer plays white 1 successfully! Board is now green 0, yellow 0, white 1, blue 0, red 0
outer now has yellow 2, white 3, blue 2, yellow 3, blue 4
MOVE: 1 2 0 1 None None
You plays red 1 successfully! Board is now green 0, yellow 0, white 1, blue 0, red 1
You now has yellow 5, green 3, green 1, green 2, blue 2
MOVE: 0 1 None 1 None 1
outer hints You about all their 1 hints remaining: 5
You has yellow 5, green 3, green 1, green 2, blue 2
MOVE: 1 2 2 1 None None
You plays green 1 successfully! Board is now green 1, yellow 0, white 1, blue 0, red 1
You now has yellow 5, green 3, green 2, blue 2, green 4
MOVE: 0 0 None 1 0 None
outer hints You about all their green cards hints remaining: 4
You has yellow 5, green 3, green 2, blue 2, green 4
MOVE: 1 2 4 1 None None
You plays green 4 and fails. Board was green 1, yellow 0, white 1, blue 0, red 1
You now has yellow 5, green 3, green 2, blue 2, red 3
MOVE: 0 1 None 1 None 2
outer hints You about all their 2 hints remaining: 3
You has yellow 5, green 3, green 2, blue 2, red 3
MOVE: 1 2 2 1 None None
You plays green 2 successfully! Board is now green 2, yellow 0, white 1, blue 0, red 1
You now has yellow 5, green 3, blue 2, red 3, white 2
MOVE: 0 1 None 1 None 3
outer hints You about all their 3 hints remaining: 2
You has yellow 5, green 3, blue 2, red 3, white 2
MOVE: 1 2 1 1 None None
You plays green 3 successfully! Board is now green 3, yellow 0, white 1, blue 0, red 1
You now has yellow 5, blue 2, red 3, white 2, yellow 4
MOVE: 0 0 None 1 2 None
outer hints You about all their white cards hints remaining: 1
You has yellow 5, blue 2, red 3, white 2, yellow 4
MOVE: 1 2 3 1 None None
You plays white 2 successfully! Board is now green 3, yellow 0, white 2, blue 0, red 1
You now has yellow 5, blue 2, red 3, yellow 4, blue 5
MOVE: 0 1 None 1 None 3
outer hints You about all their 3 hints remaining: 0
You has yellow 5, blue 2, red 3, yellow 4, blue 5
MOVE: 1 2 2 1 None None
You plays red 3 and fails. Board was green 3, yellow 0, white 2, blue 0, red 1
You now has yellow 5, blue 2, yellow 4, blue 5, white 5
MOVE: 0 3 1 None None None
outer discards white 3
trash is now green 4, red 3, white 3
outer now has yellow 2, blue 2, yellow 3, blue 4, green 1
MOVE: 1 2 4 1 None None
You plays white 5 and fails. Board was green 3, yellow 0, white 2, blue 0, red 1
You now has yellow 5, blue 2, yellow 4, blue 5, green 1
Score 6
