Old GID: 1f74ca2f04e69072
Treatment: ('full', 7066)
[(0, 2), (4, 2), (1, 1), (3, 4), (0, 3), (2, 2), (3, 2), (1, 2), (3, 3), (1, 1), (0, 4), (4, 1), (2, 5), (4, 5), (2, 3), (4, 2), (1, 4), (4, 4), (0, 1), (0, 3), (3, 3), (0, 1), (1, 3), (1, 4), (4, 3), (2, 4), (3, 1), (4, 4), (0, 4), (2, 1), (1, 3), (4, 1), (4, 1), (2, 1), (3, 1), (2, 1), (1, 5), (2, 3), (2, 4), (1, 2)]
MOVE: 0 3 0 None None None
full discards green 1
trash is now green 1
full now has blue 1, blue 4, yellow 1, green 5, green 2
MOVE: 1 1 None 0 None 1
You hints full about all their 1 hints remaining: 7
full has blue 1, blue 4, yellow 1, green 5, green 2
MOVE: 0 2 0 None None None
full plays blue 1 successfully! Board is now green 0, yellow 0, white 0, blue 1, red 0
full now has blue 4, yellow 1, green 5, green 2, red 2
MOVE: 1 0 None 0 1 None
You hints full about all their yellow cards hints remaining: 6
full has blue 4, yellow 1, green 5, green 2, red 2
MOVE: 0 2 1 None None None
full plays yellow 1 successfully! Board is now green 0, yellow 1, white 0, blue 1, red 0
full now has blue 4, green 5, green 2, red 2, yellow 1
MOVE: 1 1 None 0 None 4
You hints full about all their 4 hints remaining: 5
full has blue 4, green 5, green 2, red 2, yellow 1
MOVE: 0 3 0 None None None
full discards blue 4
trash is now green 1, blue 4
full now has green 5, green 2, red 2, yellow 1, blue 4
MOVE: 1 3 1 1 None None
You discards red 3
trash is now green 1, blue 4, red 3
You now has blue 2, green 2, white 2, blue 5, green 3
MOVE: 0 3 4 None None None
full discards blue 4
trash is now green 1, blue 4, red 3, blue 4
full now has green 5, green 2, red 2, yellow 1, white 2
MOVE: 1 3 3 1 None None
You discards blue 5
trash is now green 1, blue 4, red 3, blue 4, blue 5
You now has blue 2, green 2, white 2, green 3, blue 2
MOVE: 0 0 None 1 3 None
full hints You about all their blue cards hints remaining: 7
You has blue 2, green 2, white 2, green 3, blue 2
MOVE: 1 2 0 1 None None
You plays blue 2 successfully! Board is now green 0, yellow 1, white 0, blue 2, red 0
You now has green 2, white 2, green 3, blue 2, yellow 2
MOVE: 0 0 None 1 1 None
full hints You about all their yellow cards hints remaining: 6
You has green 2, white 2, green 3, blue 2, yellow 2
MOVE: 1 2 4 1 None None
You plays yellow 2 successfully! Board is now green 0, yellow 2, white 0, blue 2, red 0
You now has green 2, white 2, green 3, blue 2, blue 3
MOVE: 0 1 None 1 None 3
full hints You about all their 3 hints remaining: 5
You has green 2, white 2, green 3, blue 2, blue 3
MOVE: 1 2 2 1 None None
You plays green 3 and fails. Board was green 0, yellow 2, white 0, blue 2, red 0
You now has green 2, white 2, blue 2, blue 3, yellow 1
MOVE: 0 0 None 1 3 None
full hints You about all their blue cards hints remaining: 4
You has green 2, white 2, blue 2, blue 3, yellow 1
MOVE: 1 2 3 1 None None
You plays blue 3 successfully! Board is now green 0, yellow 2, white 0, blue 3, red 0
You now has green 2, white 2, blue 2, yellow 1, green 4
MOVE: 0 1 None 1 None 2
full hints You about all their 2 hints remaining: 3
You has green 2, white 2, blue 2, yellow 1, green 4
MOVE: 1 3 2 1 None None
You discards blue 2
trash is now green 1, blue 4, red 3, blue 4, blue 5, green 3, blue 2
You now has green 2, white 2, yellow 1, green 4, red 1
MOVE: 0 0 None 1 4 None
full hints You about all their red cards hints remaining: 3
You has green 2, white 2, yellow 1, green 4, red 1
MOVE: 1 2 4 1 None None
You plays red 1 successfully! Board is now green 0, yellow 2, white 0, blue 3, red 1
You now has green 2, white 2, yellow 1, green 4, white 5
MOVE: 0 3 4 None None None
full discards white 2
trash is now green 1, blue 4, red 3, blue 4, blue 5, green 3, blue 2, white 2
full now has green 5, green 2, red 2, yellow 1, red 5
MOVE: 1 2 1 1 None None
You plays white 2 and fails. Board was green 0, yellow 2, white 0, blue 3, red 1
You now has green 2, yellow 1, green 4, white 5, white 3
MOVE: 0 3 4 None None None
full discards red 5
trash is now green 1, blue 4, red 3, blue 4, blue 5, green 3, blue 2, white 2, white 2, red 5
full now has green 5, green 2, red 2, yellow 1, red 2
MOVE: 1 2 0 1 None None
You plays green 2 and fails. Board was green 0, yellow 2, white 0, blue 3, red 1
You now has yellow 1, green 4, white 5, white 3, yellow 4
Score 6
