Old GID: a6756531f3b6404b
Treatment: ('full', 6044)
[(0, 2), (4, 1), (4, 1), (0, 1), (4, 3), (0, 1), (2, 2), (3, 1), (1, 3), (1, 5), (0, 5), (1, 2), (0, 3), (4, 2), (1, 4), (3, 4), (4, 2), (4, 4), (4, 3), (2, 3), (1, 1), (2, 4), (3, 5), (3, 4), (1, 1), (4, 4), (0, 4), (3, 2), (0, 3), (3, 3), (1, 4), (2, 2), (2, 4), (1, 3), (1, 1), (0, 4), (4, 5), (2, 5), (2, 3), (3, 1)]
MOVE: 0 1 None 1 None 1
full hints You about all their 1 hints remaining: 7
You has white 1, blue 3, blue 1, white 1, yellow 2
MOVE: 1 1 None 0 None 1
You hints full about all their 1 hints remaining: 6
full has red 1, blue 2, green 2, white 1, green 1
MOVE: 0 2 0 None None None
full plays red 1 successfully! Board is now green 0, yellow 0, white 0, blue 0, red 1
full now has blue 2, green 2, white 1, green 1, green 2
MOVE: 1 0 None 0 0 None
You hints full about all their green cards hints remaining: 5
full has blue 2, green 2, white 1, green 1, green 2
MOVE: 0 2 3 None None None
full plays green 1 successfully! Board is now green 1, yellow 0, white 0, blue 0, red 1
full now has blue 2, green 2, white 1, green 2, red 1
MOVE: 1 0 None 0 4 None
You hints full about all their red cards hints remaining: 4
full has blue 2, green 2, white 1, green 2, red 1
MOVE: 0 2 4 None None None
full plays red 1 and fails. Board was green 1, yellow 0, white 0, blue 0, red 1
full now has blue 2, green 2, white 1, green 2, red 1
MOVE: 1 0 None 0 2 None
You hints full about all their white cards hints remaining: 3
full has blue 2, green 2, white 1, green 2, red 1
MOVE: 0 2 2 None None None
full plays white 1 successfully! Board is now green 1, yellow 0, white 1, blue 0, red 1
full now has blue 2, green 2, green 2, red 1, green 1
MOVE: 1 1 None 0 None 2
You hints full about all their 2 hints remaining: 2
full has blue 2, green 2, green 2, red 1, green 1
MOVE: 0 2 1 None None None
full plays green 2 successfully! Board is now green 2, yellow 0, white 1, blue 0, red 1
full now has blue 2, green 2, red 1, green 1, red 3
MOVE: 1 2 3 1 None None
You plays white 1 and fails. Board was green 2, yellow 0, white 1, blue 0, red 1
You now has white 1, blue 3, blue 1, yellow 2, green 1
MOVE: 0 3 1 None None None
full discards green 2
trash is now red 1, white 1, green 2
full now has blue 2, red 1, green 1, red 3, white 2
MOVE: 1 2 2 1 None None
You plays blue 1 successfully! Board is now green 2, yellow 0, white 1, blue 1, red 1
You now has white 1, blue 3, yellow 2, green 1, blue 1
MOVE: 0 0 None 1 2 None
full hints You about all their white cards hints remaining: 2
You has white 1, blue 3, yellow 2, green 1, blue 1
MOVE: 1 3 0 1 None None
You discards white 1
trash is now red 1, white 1, green 2, white 1
You now has blue 3, yellow 2, green 1, blue 1, yellow 3
MOVE: 0 3 3 None None None
full discards red 3
trash is now red 1, white 1, green 2, white 1, red 3
full now has blue 2, red 1, green 1, white 2, yellow 5
MOVE: 1 0 None 0 2 None
You hints full about all their white cards hints remaining: 3
full has blue 2, red 1, green 1, white 2, yellow 5
MOVE: 0 2 3 None None None
full plays white 2 successfully! Board is now green 2, yellow 0, white 2, blue 1, red 1
full now has blue 2, red 1, green 1, yellow 5, green 5
MOVE: 1 0 None 0 3 None
You hints full about all their blue cards hints remaining: 2
full has blue 2, red 1, green 1, yellow 5, green 5
MOVE: 0 2 0 None None None
full plays blue 2 successfully! Board is now green 2, yellow 0, white 2, blue 2, red 1
full now has red 1, green 1, yellow 5, green 5, yellow 2
MOVE: 1 3 0 1 None None
You discards blue 3
trash is now red 1, white 1, green 2, white 1, red 3, blue 3
You now has yellow 2, green 1, blue 1, yellow 3, green 3
MOVE: 0 3 3 None None None
full discards green 5
trash is now red 1, white 1, green 2, white 1, red 3, blue 3, green 5
full now has red 1, green 1, yellow 5, yellow 2, red 2
MOVE: 1 0 None 0 4 None
You hints full about all their red cards hints remaining: 3
full has red 1, green 1, yellow 5, yellow 2, red 2
MOVE: 0 2 4 None None None
full plays red 2 successfully! Board is now green 2, yellow 0, white 2, blue 2, red 2
full now has red 1, green 1, yellow 5, yellow 2, yellow 4
MOVE: 1 1 None 0 None 1
You hints full about all their 1 hints remaining: 2
full has red 1, green 1, yellow 5, yellow 2, yellow 4
MOVE: 0 2 1 None None None
full plays green 1 and fails. Board was green 2, yellow 0, white 2, blue 2, red 2
full now has red 1, yellow 5, yellow 2, yellow 4, blue 4
Score 8
