Old GID: 228a9f4bf373839e
Treatment: ('full', 4546)
[(4, 4), (0, 4), (2, 3), (0, 1), (1, 5), (0, 5), (3, 3), (3, 4), (0, 1), (3, 1), (4, 1), (4, 5), (2, 4), (4, 3), (2, 2), (2, 1), (0, 3), (0, 3), (4, 4), (1, 4), (0, 2), (3, 3), (1, 4), (4, 2), (1, 1), (2, 1), (2, 1), (3, 2), (0, 4), (3, 2), (3, 4), (1, 3), (2, 5), (1, 1), (3, 1), (3, 5), (1, 1), (2, 3), (1, 2), (4, 2)]
MOVE: 0 1 None 1 None 1
full hints You about all their 1 hints remaining: 7
You has red 1, yellow 3, white 2, green 1, green 2
MOVE: 1 2 0 1 None None
You plays red 1 successfully! Board is now green 0, yellow 0, white 0, blue 0, red 1
You now has yellow 3, white 2, green 1, green 2, red 4
MOVE: 0 0 None 1 0 None
full hints You about all their green cards hints remaining: 6
You has yellow 3, white 2, green 1, green 2, red 4
MOVE: 1 0 None 0 3 None
You hints full about all their blue cards hints remaining: 5
full has white 4, yellow 2, blue 1, red 1, red 3
MOVE: 0 2 2 None None None
full plays blue 1 successfully! Board is now green 0, yellow 0, white 0, blue 1, red 1
full now has white 4, yellow 2, red 1, red 3, green 4
MOVE: 1 2 2 1 None None
You plays green 1 successfully! Board is now green 1, yellow 0, white 0, blue 1, red 1
You now has yellow 3, white 2, green 2, red 4, white 3
MOVE: 0 3 4 None None None
full discards green 4
trash is now green 4
full now has white 4, yellow 2, red 1, red 3, green 1
MOVE: 1 1 None 0 None 4
You hints full about all their 4 hints remaining: 5
full has white 4, yellow 2, red 1, red 3, green 1
MOVE: 0 3 4 None None None
full discards green 1
trash is now green 4, green 1
full now has white 4, yellow 2, red 1, red 3, yellow 5
MOVE: 1 3 1 1 None None
You discards white 2
trash is now green 4, green 1, white 2
You now has yellow 3, green 2, red 4, white 3, green 5
MOVE: 0 1 None 1 None 2
full hints You about all their 2 hints remaining: 6
You has yellow 3, green 2, red 4, white 3, green 5
MOVE: 1 2 1 1 None None
You plays green 2 successfully! Board is now green 2, yellow 0, white 0, blue 1, red 1
You now has yellow 3, red 4, white 3, green 5, blue 3
MOVE: 0 0 None 1 4 None
full hints You about all their red cards hints remaining: 5
You has yellow 3, red 4, white 3, green 5, blue 3
MOVE: 1 2 1 1 None None
You plays red 4 and fails. Board was green 2, yellow 0, white 0, blue 1, red 1
You now has yellow 3, white 3, green 5, blue 3, blue 4
MOVE: 0 3 4 None None None
full discards yellow 5
trash is now green 4, green 1, white 2, red 4, yellow 5
full now has white 4, yellow 2, red 1, red 3, green 1
MOVE: 1 1 None 0 None 3
You hints full about all their 3 hints remaining: 5
full has white 4, yellow 2, red 1, red 3, green 1
MOVE: 0 2 3 None None None
full plays red 3 and fails. Board was green 2, yellow 0, white 0, blue 1, red 1
full now has white 4, yellow 2, red 1, green 1, blue 1
MOVE: 1 2 2 1 None None
You plays green 5 and fails. Board was green 2, yellow 0, white 0, blue 1, red 1
You now has yellow 3, white 3, blue 3, blue 4, red 1
Score 4
