Old GID: fc3346de547ac9d3
Treatment: ('intentional', 2335)
[(3, 2), (1, 3), (3, 5), (0, 4), (3, 1), (2, 3), (2, 1), (1, 1), (0, 4), (1, 1), (1, 4), (0, 5), (4, 5), (3, 2), (3, 1), (4, 2), (1, 2), (0, 2), (3, 4), (4, 1), (4, 4), (4, 2), (4, 1), (0, 2), (4, 3), (1, 3), (1, 1), (2, 3), (0, 3), (2, 4), (0, 3), (4, 4), (3, 4), (2, 1), (0, 1), (1, 5), (1, 2), (4, 3), (0, 1), (2, 5)]
MOVE: 0 3 0 None None None
intentional discards red 1
trash is now red 1
intentional now has blue 1, blue 3, green 1, white 1, blue 2
MOVE: 1 1 None 0 None 1
You hints intentional about all their 1 hints remaining: 7
intentional has blue 1, blue 3, green 1, white 1, blue 2
MOVE: 0 2 3 None None None
intentional plays white 1 successfully! Board is now green 0, yellow 0, white 1, blue 0, red 0
intentional now has blue 1, blue 3, green 1, blue 2, yellow 3
MOVE: 1 0 None 0 3 None
You hints intentional about all their blue cards hints remaining: 6
intentional has blue 1, blue 3, green 1, blue 2, yellow 3
MOVE: 0 2 0 None None None
intentional plays blue 1 successfully! Board is now green 0, yellow 0, white 1, blue 1, red 0
intentional now has blue 3, green 1, blue 2, yellow 3, blue 5
MOVE: 1 1 None 0 None 2
You hints intentional about all their 2 hints remaining: 5
intentional has blue 3, green 1, blue 2, yellow 3, blue 5
MOVE: 0 2 2 None None None
intentional plays blue 2 successfully! Board is now green 0, yellow 0, white 1, blue 2, red 0
intentional now has blue 3, green 1, yellow 3, blue 5, green 4
MOVE: 1 1 None 0 None 3
You hints intentional about all their 3 hints remaining: 4
intentional has blue 3, green 1, yellow 3, blue 5, green 4
MOVE: 0 2 0 None None None
intentional plays blue 3 successfully! Board is now green 0, yellow 0, white 1, blue 3, red 0
intentional now has green 1, yellow 3, blue 5, green 4, blue 1
MOVE: 1 0 None 0 0 None
You hints intentional about all their green cards hints remaining: 3
intentional has green 1, yellow 3, blue 5, green 4, blue 1
MOVE: 0 2 0 None None None
intentional plays green 1 successfully! Board is now green 1, yellow 0, white 1, blue 3, red 0
intentional now has yellow 3, blue 5, green 4, blue 1, white 3
MOVE: 1 3 0 1 None None
You discards yellow 4
trash is now red 1, yellow 4
You now has white 2, white 4, white 2, blue 3, white 1
MOVE: 0 1 None 1 None 2
intentional hints You about all their 2 hints remaining: 3
You has white 2, white 4, white 2, blue 3, white 1
MOVE: 1 2 0 1 None None
You plays white 2 successfully! Board is now green 1, yellow 0, white 2, blue 3, red 0
You now has white 4, white 2, blue 3, white 1, yellow 1
MOVE: 0 0 None 1 1 None
intentional hints You about all their yellow cards hints remaining: 2
You has white 4, white 2, blue 3, white 1, yellow 1
MOVE: 1 0 None 0 2 None
You hints intentional about all their white cards hints remaining: 1
intentional has yellow 3, blue 5, green 4, blue 1, white 3
MOVE: 0 3 0 None None None
intentional discards yellow 3
trash is now red 1, yellow 4, yellow 3
intentional now has blue 5, green 4, blue 1, white 3, green 4
MOVE: 1 1 None 0 None 3
You hints intentional about all their 3 hints remaining: 1
intentional has blue 5, green 4, blue 1, white 3, green 4
MOVE: 0 2 3 None None None
intentional plays white 3 successfully! Board is now green 1, yellow 0, white 3, blue 3, red 0
intentional now has blue 5, green 4, blue 1, green 4, yellow 1
MOVE: 1 0 None 0 1 None
You hints intentional about all their yellow cards hints remaining: 0
intentional has blue 5, green 4, blue 1, green 4, yellow 1
MOVE: 0 3 3 None None None
intentional discards green 4
trash is now red 1, yellow 4, yellow 3, green 4
intentional now has blue 5, green 4, blue 1, yellow 1, yellow 4
MOVE: 1 1 None 0 None 1
You hints intentional about all their 1 hints remaining: 0
intentional has blue 5, green 4, blue 1, yellow 1, yellow 4
MOVE: 0 2 3 None None None
intentional plays yellow 1 successfully! Board is now green 1, yellow 1, white 3, blue 3, red 0
intentional now has blue 5, green 4, blue 1, yellow 4, green 5
MOVE: 1 2 4 1 None None
You plays yellow 1 and fails. Board was green 1, yellow 1, white 3, blue 3, red 0
You now has white 4, white 2, blue 3, white 1, red 5
MOVE: 0 3 4 None None None
intentional discards green 5
trash is now red 1, yellow 4, yellow 3, green 4, yellow 1, green 5
intentional now has blue 5, green 4, blue 1, yellow 4, blue 2
MOVE: 1 2 1 1 None None
You plays white 2 and fails. Board was green 1, yellow 1, white 3, blue 3, red 0
You now has white 4, blue 3, white 1, red 5, blue 1
MOVE: 0 1 None 1 None 4
intentional hints You about all their 4 hints remaining: 0
You has white 4, blue 3, white 1, red 5, blue 1
MOVE: 1 2 0 1 None None
You plays white 4 successfully! Board is now green 1, yellow 1, white 4, blue 3, red 0
You now has blue 3, white 1, red 5, blue 1, red 2
MOVE: 0 3 4 None None None
intentional discards blue 2
trash is now red 1, yellow 4, yellow 3, green 4, yellow 1, green 5, white 2, blue 2
intentional now has blue 5, green 4, blue 1, yellow 4, yellow 2
MOVE: 1 1 None 0 None 2
You hints intentional about all their 2 hints remaining: 0
intentional has blue 5, green 4, blue 1, yellow 4, yellow 2
MOVE: 0 3 3 None None None
intentional discards yellow 4
trash is now red 1, yellow 4, yellow 3, green 4, yellow 1, green 5, white 2, blue 2, yellow 4
intentional now has blue 5, green 4, blue 1, yellow 2, green 2
MOVE: 1 0 None 0 1 None
You hints intentional about all their yellow cards hints remaining: 0
intentional has blue 5, green 4, blue 1, yellow 2, green 2
MOVE: 0 2 3 None None None
intentional plays yellow 2 successfully! Board is now green 1, yellow 2, white 4, blue 3, red 0
intentional now has blue 5, green 4, blue 1, green 2, blue 4
MOVE: 1 3 0 1 None None
You discards blue 3
trash is now red 1, yellow 4, yellow 3, green 4, yellow 1, green 5, white 2, blue 2, yellow 4, blue 3
You now has white 1, red 5, blue 1, red 2, red 1
MOVE: 0 0 None 1 3 None
intentional hints You about all their blue cards hints remaining: 0
You has white 1, red 5, blue 1, red 2, red 1
MOVE: 1 2 2 1 None None
You plays blue 1 and fails. Board was green 1, yellow 2, white 4, blue 3, red 0
You now has white 1, red 5, red 2, red 1, red 4
Score 10
