Old GID: c2075b1ec0b5b038
Treatment: ('outer', 4045)
[(2, 3), (3, 4), (3, 4), (0, 3), (3, 3), (2, 5), (3, 5), (1, 3), (2, 2), (1, 1), (0, 1), (2, 1), (4, 5), (3, 3), (1, 2), (3, 1), (2, 4), (1, 3), (1, 5), (0, 2), (3, 2), (4, 1), (1, 4), (3, 2), (2, 1), (3, 1), (0, 2), (0, 4), (2, 3), (4, 3), (0, 4), (0, 1), (4, 4), (0, 3), (4, 3), (4, 2), (0, 1), (4, 1), (1, 2), (2, 4)]
MOVE: 0 0 None 1 1 None
outer hints You about all their yellow cards hints remaining: 7
You has yellow 4, yellow 1, yellow 1, blue 1, white 2
MOVE: 1 2 2 1 None None
You plays yellow 1 successfully! Board is now green 0, yellow 1, white 0, blue 0, red 0
You now has yellow 4, yellow 1, blue 1, white 2, white 3
MOVE: 0 0 None 1 3 None
outer hints You about all their blue cards hints remaining: 6
You has yellow 4, yellow 1, blue 1, white 2, white 3
MOVE: 1 2 2 1 None None
You plays blue 1 successfully! Board is now green 0, yellow 1, white 0, blue 1, red 0
You now has yellow 4, yellow 1, white 2, white 3, blue 4
MOVE: 0 0 None 1 2 None
outer hints You about all their white cards hints remaining: 5
You has yellow 4, yellow 1, white 2, white 3, blue 4
MOVE: 1 2 3 1 None None
You plays white 3 and fails. Board was green 0, yellow 1, white 0, blue 1, red 0
You now has yellow 4, yellow 1, white 2, blue 4, blue 4
MOVE: 0 0 None 1 1 None
outer hints You about all their yellow cards hints remaining: 4
You has yellow 4, yellow 1, white 2, blue 4, blue 4
MOVE: 1 2 2 1 None None
You plays white 2 and fails. Board was green 0, yellow 1, white 0, blue 1, red 0
You now has yellow 4, yellow 1, blue 4, blue 4, green 3
MOVE: 0 1 None 1 None 3
outer hints You about all their 3 hints remaining: 3
You has yellow 4, yellow 1, blue 4, blue 4, green 3
MOVE: 1 2 4 1 None None
You plays green 3 and fails. Board was green 0, yellow 1, white 0, blue 1, red 0
You now has yellow 4, yellow 1, blue 4, blue 4, blue 3
Score 2
