Old GID: fe94fa4e7db33c13
Treatment: ('full', 3030)
[(1, 3), (2, 1), (3, 1), (4, 3), (1, 3), (3, 4), (4, 2), (0, 2), (4, 1), (2, 3), (2, 5), (0, 3), (2, 2), (0, 5), (0, 4), (1, 4), (1, 4), (3, 3), (4, 3), (2, 1), (0, 3), (4, 4), (0, 4), (3, 1), (3, 5), (4, 1), (1, 2), (0, 1), (0, 1), (1, 2), (4, 5), (1, 1), (1, 5), (3, 4), (4, 4), (2, 1), (0, 1), (2, 4), (3, 3), (1, 1)]
MOVE: 0 3 0 None None None
full discards yellow 1
trash is now yellow 1
full now has white 3, blue 2, blue 1, red 1, yellow 3
MOVE: 1 1 None 0 None 1
You hints full about all their 1 hints remaining: 7
full has white 3, blue 2, blue 1, red 1, yellow 3
MOVE: 0 2 2 None None None
full plays blue 1 successfully! Board is now green 0, yellow 0, white 0, blue 1, red 0
full now has white 3, blue 2, red 1, yellow 3, white 1
MOVE: 1 0 None 0 3 None
You hints full about all their blue cards hints remaining: 6
full has white 3, blue 2, red 1, yellow 3, white 1
MOVE: 0 2 1 None None None
full plays blue 2 successfully! Board is now green 0, yellow 0, white 0, blue 2, red 0
full now has white 3, red 1, yellow 3, white 1, blue 1
MOVE: 1 1 None 0 None 1
You hints full about all their 1 hints remaining: 5
full has white 3, red 1, yellow 3, white 1, blue 1
MOVE: 0 2 1 None None None
full plays red 1 successfully! Board is now green 0, yellow 0, white 0, blue 2, red 1
full now has white 3, yellow 3, white 1, blue 1, red 3
MOVE: 1 0 None 0 2 None
You hints full about all their white cards hints remaining: 4
full has white 3, yellow 3, white 1, blue 1, red 3
MOVE: 0 2 2 None None None
full plays white 1 successfully! Board is now green 0, yellow 0, white 1, blue 2, red 1
full now has white 3, yellow 3, blue 1, red 3, yellow 3
MOVE: 1 1 None 0 None 3
You hints full about all their 3 hints remaining: 3
full has white 3, yellow 3, blue 1, red 3, yellow 3
MOVE: 0 2 3 None None None
full plays red 3 and fails. Board was green 0, yellow 0, white 1, blue 2, red 1
full now has white 3, yellow 3, blue 1, yellow 3, blue 4
MOVE: 1 0 None 0 1 None
You hints full about all their yellow cards hints remaining: 2
full has white 3, yellow 3, blue 1, yellow 3, blue 4
MOVE: 0 0 None 1 4 None
full hints You about all their red cards hints remaining: 1
You has green 2, blue 2, white 2, red 2, white 4
MOVE: 1 2 3 1 None None
You plays red 2 successfully! Board is now green 0, yellow 0, white 1, blue 2, red 2
You now has green 2, blue 2, white 2, white 4, red 2
MOVE: 0 3 4 None None None
full discards blue 4
trash is now yellow 1, red 3, blue 4
full now has white 3, yellow 3, blue 1, yellow 3, green 2
MOVE: 1 3 0 1 None None
You discards green 2
trash is now yellow 1, red 3, blue 4, green 2
You now has blue 2, white 2, white 4, red 2, red 1
MOVE: 0 3 1 None None None
full discards yellow 3
trash is now yellow 1, red 3, blue 4, green 2, yellow 3
full now has white 3, blue 1, yellow 3, green 2, white 3
MOVE: 1 0 None 0 3 None
You hints full about all their blue cards hints remaining: 3
full has white 3, blue 1, yellow 3, green 2, white 3
MOVE: 0 3 1 None None None
full discards blue 1
trash is now yellow 1, red 3, blue 4, green 2, yellow 3, blue 1
full now has white 3, yellow 3, green 2, white 3, white 5
MOVE: 1 3 0 1 None None
You discards blue 2
trash is now yellow 1, red 3, blue 4, green 2, yellow 3, blue 1, blue 2
You now has white 2, white 4, red 2, red 1, green 3
MOVE: 0 3 2 None None None
full discards green 2
trash is now yellow 1, red 3, blue 4, green 2, yellow 3, blue 1, blue 2, green 2
full now has white 3, yellow 3, white 3, white 5, white 2
MOVE: 1 2 4 1 None None
You plays green 3 and fails. Board was green 0, yellow 0, white 1, blue 2, red 2
You now has white 2, white 4, red 2, red 1, green 5
MOVE: 0 3 2 None None None
full discards white 3
trash is now yellow 1, red 3, blue 4, green 2, yellow 3, blue 1, blue 2, green 2, green 3, white 3
full now has white 3, yellow 3, white 5, white 2, green 4
MOVE: 1 2 4 1 None None
You plays green 5 and fails. Board was green 0, yellow 0, white 1, blue 2, red 2
You now has white 2, white 4, red 2, red 1, yellow 4
Score 5
