Old GID: eaee69c7957c66ab
Treatment: ('outer', 6049)
[(0, 2), (4, 1), (0, 2), (3, 3), (3, 3), (3, 4), (1, 1), (2, 4), (4, 1), (3, 2), (1, 1), (2, 5), (2, 4), (3, 2), (0, 1), (2, 2), (4, 4), (0, 5), (4, 4), (1, 4), (1, 4), (3, 5), (1, 2), (4, 3), (0, 3), (3, 1), (3, 1), (3, 1), (0, 3), (4, 3), (2, 1), (4, 2), (1, 1), (2, 2), (0, 1), (3, 4), (1, 3), (1, 2), (2, 3), (0, 4)]
MOVE: 0 1 None 1 None 1
outer hints You about all their 1 hints remaining: 7
You has red 1, green 1, yellow 5, green 4, white 1
MOVE: 1 2 4 1 None None
You plays white 1 successfully! Board is now green 0, yellow 0, white 1, blue 0, red 0
You now has red 1, green 1, yellow 5, green 4, green 2
MOVE: 0 0 None 1 4 None
outer hints You about all their red cards hints remaining: 6
You has red 1, green 1, yellow 5, green 4, green 2
MOVE: 1 2 0 1 None None
You plays red 1 successfully! Board is now green 0, yellow 0, white 1, blue 0, red 1
You now has green 1, yellow 5, green 4, green 2, red 1
MOVE: 0 0 None 1 0 None
outer hints You about all their green cards hints remaining: 5
You has green 1, yellow 5, green 4, green 2, red 1
MOVE: 1 1 None 0 None 2
You hints outer about all their 2 hints remaining: 4
outer has red 2, yellow 3, red 5, white 1, white 3
MOVE: 0 1 None 1 None 1
outer hints You about all their 1 hints remaining: 3
You has green 1, yellow 5, green 4, green 2, red 1
MOVE: 1 2 0 1 None None
You plays green 1 successfully! Board is now green 1, yellow 0, white 1, blue 0, red 1
You now has yellow 5, green 4, green 2, red 1, green 2
MOVE: 0 0 None 1 0 None
outer hints You about all their green cards hints remaining: 2
You has yellow 5, green 4, green 2, red 1, green 2
MOVE: 1 2 4 1 None None
You plays green 2 successfully! Board is now green 2, yellow 0, white 1, blue 0, red 1
You now has yellow 5, green 4, green 2, red 1, blue 3
MOVE: 0 1 None 1 None 2
outer hints You about all their 2 hints remaining: 1
You has yellow 5, green 4, green 2, red 1, blue 3
MOVE: 1 2 2 1 None None
You plays green 2 and fails. Board was green 2, yellow 0, white 1, blue 0, red 1
You now has yellow 5, green 4, red 1, blue 3, blue 3
MOVE: 0 1 None 1 None 3
outer hints You about all their 3 hints remaining: 0
You has yellow 5, green 4, red 1, blue 3, blue 3
MOVE: 1 2 2 1 None None
You plays red 1 and fails. Board was green 2, yellow 0, white 1, blue 0, red 1
You now has yellow 5, green 4, blue 3, blue 3, blue 4
MOVE: 0 3 0 None None None
outer discards red 2
trash is now green 2, red 1, red 2
outer now has yellow 3, red 5, white 1, white 3, yellow 1
MOVE: 1 0 None 0 1 None
You hints outer about all their yellow cards hints remaining: 0
outer has yellow 3, red 5, white 1, white 3, yellow 1
MOVE: 0 3 1 None None None
outer discards red 5
trash is now green 2, red 1, red 2, red 5
outer now has yellow 3, white 1, white 3, yellow 1, white 4
MOVE: 1 1 None 0 None 1
You hints outer about all their 1 hints remaining: 0
outer has yellow 3, white 1, white 3, yellow 1, white 4
MOVE: 0 2 3 None None None
outer plays yellow 1 successfully! Board is now green 2, yellow 1, white 1, blue 0, red 1
outer now has yellow 3, white 1, white 3, white 4, red 1
MOVE: 1 3 0 1 None None
You discards yellow 5
trash is now green 2, red 1, red 2, red 5, yellow 5
You now has green 4, blue 3, blue 3, blue 4, blue 2
MOVE: 0 0 None 1 3 None
outer hints You about all their blue cards hints remaining: 0
You has green 4, blue 3, blue 3, blue 4, blue 2
MOVE: 1 3 1 1 None None
You discards blue 3
trash is now green 2, red 1, red 2, red 5, yellow 5, blue 3
You now has green 4, blue 3, blue 4, blue 2, yellow 1
MOVE: 0 1 None 1 None 4
outer hints You about all their 4 hints remaining: 0
You has green 4, blue 3, blue 4, blue 2, yellow 1
MOVE: 1 2 3 1 None None
You plays blue 2 and fails. Board was green 2, yellow 1, white 1, blue 0, red 1
You now has green 4, blue 3, blue 4, yellow 1, white 5
Score 5
