Old GID: f498904679bf07a3
Treatment: ('full', 8323)
[(1, 4), (2, 2), (4, 2), (2, 1), (0, 1), (3, 2), (4, 4), (4, 3), (1, 2), (0, 2), (2, 3), (3, 3), (4, 2), (0, 4), (1, 5), (0, 1), (2, 1), (0, 5), (4, 4), (4, 1), (3, 2), (1, 4), (3, 4), (3, 1), (1, 1), (3, 3), (1, 2), (2, 1), (2, 5), (0, 4), (0, 3), (0, 2), (2, 4), (0, 1), (0, 3), (3, 1), (3, 1), (3, 4), (2, 3), (4, 3)]
MOVE: 0 1 None 1 None 1
full hints You about all their 1 hints remaining: 7
You has blue 5, red 1, yellow 1, yellow 3, red 1
MOVE: 1 2 1 1 None None
You plays red 1 successfully! Board is now green 0, yellow 0, white 0, blue 0, red 1
You now has blue 5, yellow 1, yellow 3, red 1, yellow 4
MOVE: 0 0 None 1 4 None
full hints You about all their red cards hints remaining: 6
You has blue 5, yellow 1, yellow 3, red 1, yellow 4
MOVE: 1 2 1 1 None None
You plays yellow 1 successfully! Board is now green 0, yellow 1, white 0, blue 0, red 1
You now has blue 5, yellow 3, red 1, yellow 4, white 2
MOVE: 0 3 0 None None None
full discards white 2
trash is now white 2
full now has white 4, yellow 1, red 5, yellow 3, red 2
MOVE: 1 0 None 0 1 None
You hints full about all their yellow cards hints remaining: 6
full has white 4, yellow 1, red 5, yellow 3, red 2
MOVE: 0 2 1 None None None
full plays yellow 1 and fails. Board was green 0, yellow 1, white 0, blue 0, red 1
full now has white 4, red 5, yellow 3, red 2, white 1
MOVE: 1 0 None 0 2 None
You hints full about all their white cards hints remaining: 5
full has white 4, red 5, yellow 3, red 2, white 1
MOVE: 0 2 0 None None None
full plays white 4 and fails. Board was green 0, yellow 1, white 0, blue 0, red 1
full now has red 5, yellow 3, red 2, white 1, green 1
MOVE: 1 1 None 0 None 1
You hints full about all their 1 hints remaining: 4
full has red 5, yellow 3, red 2, white 1, green 1
MOVE: 0 2 3 None None None
full plays white 1 successfully! Board is now green 0, yellow 1, white 1, blue 0, red 1
full now has red 5, yellow 3, red 2, green 1, blue 2
MOVE: 1 0 None 0 4 None
You hints full about all their red cards hints remaining: 3
full has red 5, yellow 3, red 2, green 1, blue 2
MOVE: 0 2 0 None None None
full plays red 5 and fails. Board was green 0, yellow 1, white 1, blue 0, red 1
full now has yellow 3, red 2, green 1, blue 2, red 4
Score 3
