Old GID: 51260213d558e9e8
Treatment: ('full', 9663)
[(1, 1), (1, 5), (2, 3), (3, 1), (2, 1), (4, 3), (2, 1), (4, 1), (0, 4), (0, 3), (2, 2), (0, 5), (4, 1), (3, 3), (0, 1), (3, 5), (2, 2), (4, 3), (0, 1), (3, 4), (3, 4), (3, 2), (1, 2), (4, 1), (4, 2), (0, 2), (2, 4), (4, 4), (4, 2), (1, 4), (0, 1), (0, 4), (4, 5), (1, 3), (1, 1), (3, 3), (3, 1), (1, 2), (0, 3), (3, 1)]
MOVE: 0 1 None 1 None 1
full hints You about all their 1 hints remaining: 7
You has yellow 1, green 2, white 1, yellow 3, white 3
MOVE: 1 2 0 1 None None
You plays yellow 1 successfully! Board is now green 0, yellow 1, white 0, blue 0, red 0
You now has green 2, white 1, yellow 3, white 3, yellow 1
MOVE: 0 0 None 1 2 None
full hints You about all their white cards hints remaining: 6
You has green 2, white 1, yellow 3, white 3, yellow 1
MOVE: 1 2 1 1 None None
You plays white 1 successfully! Board is now green 0, yellow 1, white 1, blue 0, red 0
You now has green 2, yellow 3, white 3, yellow 1, yellow 5
MOVE: 0 3 0 None None None
full discards white 5
trash is now white 5
full now has white 4, yellow 4, blue 2, red 4, white 3
MOVE: 1 2 2 1 None None
You plays white 3 and fails. Board was green 0, yellow 1, white 1, blue 0, red 0
You now has green 2, yellow 3, yellow 1, yellow 5, blue 1
MOVE: 0 0 None 1 3 None
full hints You about all their blue cards hints remaining: 6
You has green 2, yellow 3, yellow 1, yellow 5, blue 1
MOVE: 1 2 4 1 None None
You plays blue 1 successfully! Board is now green 0, yellow 1, white 1, blue 1, red 0
You now has green 2, yellow 3, yellow 1, yellow 5, white 1
MOVE: 0 3 0 None None None
full discards white 4
trash is now white 5, white 3, white 4
full now has yellow 4, blue 2, red 4, white 3, red 3
MOVE: 1 1 None 0 None 2
You hints full about all their 2 hints remaining: 6
full has yellow 4, blue 2, red 4, white 3, red 3
MOVE: 0 2 1 None None None
full plays blue 2 successfully! Board is now green 0, yellow 1, white 1, blue 2, red 0
full now has yellow 4, red 4, white 3, red 3, white 1
MOVE: 1 1 None 0 None 4
You hints full about all their 4 hints remaining: 5
full has yellow 4, red 4, white 3, red 3, white 1
MOVE: 0 3 0 None None None
full discards yellow 4
trash is now white 5, white 3, white 4, yellow 4
full now has red 4, white 3, red 3, white 1, red 1
MOVE: 1 0 None 0 4 None
You hints full about all their red cards hints remaining: 5
full has red 4, white 3, red 3, white 1, red 1
MOVE: 0 2 2 None None None
full plays red 3 and fails. Board was green 0, yellow 1, white 1, blue 2, red 0
full now has red 4, white 3, white 1, red 1, green 4
MOVE: 1 1 None 0 None 1
You hints full about all their 1 hints remaining: 4
full has red 4, white 3, white 1, red 1, green 4
MOVE: 0 2 2 None None None
full plays white 1 and fails. Board was green 0, yellow 1, white 1, blue 2, red 0
full now has red 4, white 3, red 1, green 4, green 3
Score 4
