Old GID: c4e5c25f77576444
Treatment: ('outer', 8864)
[(4, 1), (1, 1), (2, 1), (1, 5), (3, 4), (1, 4), (0, 2), (0, 2), (3, 3), (3, 2), (2, 1), (0, 3), (3, 1), (2, 5), (0, 4), (2, 1), (4, 1), (0, 5), (4, 4), (4, 2), (0, 1), (0, 1), (2, 2), (2, 2), (1, 3), (1, 2), (1, 1), (4, 2), (4, 1), (3, 3), (2, 4), (2, 3), (3, 1), (0, 3), (0, 4), (1, 2), (4, 3), (4, 3), (3, 2), (4, 4)]
MOVE: 0 0 None 1 0 None
outer hints You about all their green cards hints remaining: 7
You has white 4, green 1, yellow 3, yellow 4, red 5
MOVE: 1 1 None 0 None 1
You hints outer about all their 1 hints remaining: 6
outer has blue 5, yellow 1, blue 4, blue 1, white 3
MOVE: 0 2 1 None None None
outer plays yellow 1 successfully! Board is now green 0, yellow 1, white 0, blue 0, red 0
outer now has blue 5, blue 4, blue 1, white 3, red 1
MOVE: 1 2 1 1 None None
You plays green 1 successfully! Board is now green 1, yellow 1, white 0, blue 0, red 0
You now has white 4, yellow 3, yellow 4, red 5, yellow 1
MOVE: 0 1 None 1 None 3
outer hints You about all their 3 hints remaining: 5
You has white 4, yellow 3, yellow 4, red 5, yellow 1
MOVE: 1 0 None 0 4 None
You hints outer about all their red cards hints remaining: 4
outer has blue 5, blue 4, blue 1, white 3, red 1
MOVE: 0 1 None 1 None 4
outer hints You about all their 4 hints remaining: 3
You has white 4, yellow 3, yellow 4, red 5, yellow 1
MOVE: 1 1 None 0 None 1
You hints outer about all their 1 hints remaining: 2
outer has blue 5, blue 4, blue 1, white 3, red 1
MOVE: 0 2 4 None None None
outer plays red 1 successfully! Board is now green 1, yellow 1, white 0, blue 0, red 1
outer now has blue 5, blue 4, blue 1, white 3, white 1
MOVE: 1 0 None 0 3 None
You hints outer about all their blue cards hints remaining: 1
outer has blue 5, blue 4, blue 1, white 3, white 1
MOVE: 0 2 2 None None None
outer plays blue 1 successfully! Board is now green 1, yellow 1, white 0, blue 1, red 1
outer now has blue 5, blue 4, white 3, white 1, yellow 5
MOVE: 1 1 None 0 None 1
You hints outer about all their 1 hints remaining: 0
outer has blue 5, blue 4, white 3, white 1, yellow 5
MOVE: 0 3 2 None None None
outer discards white 3
trash is now white 3
outer now has blue 5, blue 4, white 1, yellow 5, blue 4
MOVE: 1 0 None 0 2 None
You hints outer about all their white cards hints remaining: 0
outer has blue 5, blue 4, white 1, yellow 5, blue 4
MOVE: 0 2 2 None None None
outer plays white 1 successfully! Board is now green 1, yellow 1, white 1, blue 1, red 1
outer now has blue 5, blue 4, yellow 5, blue 4, yellow 4
MOVE: 1 3 0 1 None None
You discards white 4
trash is now white 3, white 4
You now has yellow 3, yellow 4, red 5, yellow 1, green 2
MOVE: 0 1 None 1 None 2
outer hints You about all their 2 hints remaining: 0
You has yellow 3, yellow 4, red 5, yellow 1, green 2
MOVE: 1 2 4 1 None None
You plays green 2 successfully! Board is now green 2, yellow 1, white 1, blue 1, red 1
You now has yellow 3, yellow 4, red 5, yellow 1, green 2
MOVE: 0 3 2 None None None
outer discards yellow 5
trash is now white 3, white 4, yellow 5
outer now has blue 5, blue 4, blue 4, yellow 4, blue 3
MOVE: 1 2 0 1 None None
You plays yellow 3 and fails. Board was green 2, yellow 1, white 1, blue 1, red 1
You now has yellow 4, red 5, yellow 1, green 2, blue 2
MOVE: 0 1 None 1 None 2
outer hints You about all their 2 hints remaining: 0
You has yellow 4, red 5, yellow 1, green 2, blue 2
MOVE: 1 2 3 1 None None
You plays green 2 and fails. Board was green 2, yellow 1, white 1, blue 1, red 1
You now has yellow 4, red 5, yellow 1, blue 2, white 1
MOVE: 0 3 0 None None None
outer discards blue 5
trash is now white 3, white 4, yellow 5, yellow 3, green 2, blue 5
outer now has blue 4, blue 4, yellow 4, blue 3, green 3
MOVE: 1 2 3 1 None None
You plays blue 2 successfully! Board is now green 2, yellow 1, white 1, blue 2, red 1
You now has yellow 4, red 5, yellow 1, white 1, blue 1
MOVE: 0 0 None 1 1 None
outer hints You about all their yellow cards hints remaining: 0
You has yellow 4, red 5, yellow 1, white 1, blue 1
MOVE: 1 2 2 1 None None
You plays yellow 1 and fails. Board was green 2, yellow 1, white 1, blue 2, red 1
You now has yellow 4, red 5, white 1, blue 1, white 5
Score 7
