Old GID: 86a126c50fd2b462
Treatment: ('full', 4968)
[(3, 2), (4, 1), (2, 1), (1, 1), (3, 3), (4, 5), (1, 1), (3, 4), (0, 1), (0, 2), (0, 4), (2, 4), (4, 3), (3, 5), (1, 4), (1, 2), (4, 1), (0, 5), (0, 1), (3, 1), (2, 4), (2, 1), (0, 3), (3, 1), (1, 4), (1, 3), (0, 4), (3, 3), (4, 2), (4, 2), (2, 2), (2, 3), (2, 2), (1, 1), (2, 1), (1, 2), (1, 5), (4, 3), (3, 4), (3, 2)]
MOVE: 0 1 None 1 None 1
full hints You about all their 1 hints remaining: 7
You has red 4, red 1, green 3, blue 1, green 1
MOVE: 1 2 1 1 None None
You plays red 1 successfully! Board is now green 0, yellow 0, white 0, blue 0, red 1
You now has red 4, green 3, blue 1, green 1, blue 2
MOVE: 0 0 None 1 0 None
full hints You about all their green cards hints remaining: 6
You has red 4, green 3, blue 1, green 1, blue 2
MOVE: 1 2 2 1 None None
You plays blue 1 successfully! Board is now green 0, yellow 0, white 0, blue 1, red 1
You now has red 4, green 3, green 1, blue 2, red 1
MOVE: 0 0 None 1 3 None
full hints You about all their blue cards hints remaining: 5
You has red 4, green 3, green 1, blue 2, red 1
MOVE: 1 2 2 1 None None
You plays green 1 successfully! Board is now green 1, yellow 0, white 0, blue 1, red 1
You now has red 4, green 3, blue 2, red 1, white 1
MOVE: 0 0 None 1 2 None
full hints You about all their white cards hints remaining: 4
You has red 4, green 3, blue 2, red 1, white 1
MOVE: 1 2 2 1 None None
You plays blue 2 successfully! Board is now green 1, yellow 0, white 0, blue 2, red 1
You now has red 4, green 3, red 1, white 1, yellow 1
MOVE: 0 0 None 1 1 None
full hints You about all their yellow cards hints remaining: 3
You has red 4, green 3, red 1, white 1, yellow 1
MOVE: 1 2 3 1 None None
You plays white 1 successfully! Board is now green 1, yellow 0, white 1, blue 2, red 1
You now has red 4, green 3, red 1, yellow 1, blue 3
MOVE: 0 1 None 1 None 1
full hints You about all their 1 hints remaining: 2
You has red 4, green 3, red 1, yellow 1, blue 3
MOVE: 1 2 3 1 None None
You plays yellow 1 successfully! Board is now green 1, yellow 1, white 1, blue 2, red 1
You now has red 4, green 3, red 1, blue 3, red 5
MOVE: 0 0 None 1 3 None
full hints You about all their blue cards hints remaining: 1
You has red 4, green 3, red 1, blue 3, red 5
MOVE: 1 2 3 1 None None
You plays blue 3 successfully! Board is now green 1, yellow 1, white 1, blue 3, red 1
You now has red 4, green 3, red 1, red 5, yellow 1
MOVE: 0 1 None 1 None 1
full hints You about all their 1 hints remaining: 0
You has red 4, green 3, red 1, red 5, yellow 1
MOVE: 1 3 2 1 None None
You discards red 1
trash is now red 1
You now has red 4, green 3, red 5, yellow 1, blue 4
MOVE: 0 0 None 1 3 None
full hints You about all their blue cards hints remaining: 0
You has red 4, green 3, red 5, yellow 1, blue 4
MOVE: 1 2 4 1 None None
You plays blue 4 successfully! Board is now green 1, yellow 1, white 1, blue 4, red 1
You now has red 4, green 3, red 5, yellow 1, green 1
MOVE: 0 3 0 None None None
full discards white 5
trash is now red 1, white 5
full now has red 4, white 3, green 2, yellow 3, green 2
MOVE: 1 1 None 0 None 2
You hints full about all their 2 hints remaining: 0
full has red 4, white 3, green 2, yellow 3, green 2
MOVE: 0 2 2 None None None
full plays green 2 successfully! Board is now green 2, yellow 1, white 1, blue 4, red 1
full now has red 4, white 3, yellow 3, green 2, green 4
MOVE: 1 3 3 1 None None
You discards yellow 1
trash is now red 1, white 5, yellow 1
You now has red 4, green 3, red 5, green 1, white 4
MOVE: 0 1 None 1 None 3
full hints You about all their 3 hints remaining: 0
You has red 4, green 3, red 5, green 1, white 4
MOVE: 1 2 1 1 None None
You plays green 3 successfully! Board is now green 3, yellow 1, white 1, blue 4, red 1
You now has red 4, red 5, green 1, white 4, red 3
MOVE: 0 3 4 None None None
full discards green 4
trash is now red 1, white 5, yellow 1, green 4
full now has red 4, white 3, yellow 3, green 2, blue 5
MOVE: 1 1 None 0 None 5
You hints full about all their 5 hints remaining: 0
full has red 4, white 3, yellow 3, green 2, blue 5
MOVE: 0 2 4 None None None
full plays blue 5 successfully! Board is now green 3, yellow 1, white 1, blue 5, red 1
full now has red 4, white 3, yellow 3, green 2, yellow 4
MOVE: 1 3 0 1 None None
You discards red 4
trash is now red 1, white 5, yellow 1, green 4, red 4
You now has red 5, green 1, white 4, red 3, yellow 2
MOVE: 0 0 None 1 1 None
full hints You about all their yellow cards hints remaining: 1
You has red 5, green 1, white 4, red 3, yellow 2
MOVE: 1 2 4 1 None None
You plays yellow 2 successfully! Board is now green 3, yellow 2, white 1, blue 5, red 1
You now has red 5, green 1, white 4, red 3, red 1
MOVE: 0 1 None 1 None 1
full hints You about all their 1 hints remaining: 0
You has red 5, green 1, white 4, red 3, red 1
MOVE: 1 3 4 1 None None
You discards red 1
trash is now red 1, white 5, yellow 1, green 4, red 4, red 1
You now has red 5, green 1, white 4, red 3, green 5
MOVE: 0 1 None 1 None 3
full hints You about all their 3 hints remaining: 0
You has red 5, green 1, white 4, red 3, green 5
MOVE: 1 2 3 1 None None
You plays red 3 and fails. Board was green 3, yellow 2, white 1, blue 5, red 1
You now has red 5, green 1, white 4, green 5, green 1
MOVE: 0 3 0 None None None
full discards red 4
trash is now red 1, white 5, yellow 1, green 4, red 4, red 1, red 3, red 4
full now has white 3, yellow 3, green 2, yellow 4, blue 1
MOVE: 1 2 4 1 None None
You plays green 1 and fails. Board was green 3, yellow 2, white 1, blue 5, red 1
You now has red 5, green 1, white 4, green 5, white 4
MOVE: 0 3 0 None None None
full discards white 3
trash is now red 1, white 5, yellow 1, green 4, red 4, red 1, red 3, red 4, green 1, white 3
full now has yellow 3, green 2, yellow 4, blue 1, white 1
MOVE: 1 2 4 1 None None
You plays white 4 and fails. Board was green 3, yellow 2, white 1, blue 5, red 1
You now has red 5, green 1, white 4, green 5, green 3
Score 12
