Old GID: 3018dc0d51042615
Treatment: ('outer', 9790)
[(3, 1), (0, 5), (4, 3), (0, 3), (4, 1), (1, 4), (1, 5), (1, 1), (4, 2), (2, 1), (2, 5), (4, 4), (3, 3), (1, 1), (0, 1), (2, 3), (2, 2), (0, 2), (0, 4), (0, 1), (4, 3), (1, 3), (3, 3), (4, 2), (1, 2), (4, 1), (2, 1), (3, 4), (2, 4), (0, 4), (1, 4), (4, 4), (0, 1), (3, 1), (2, 2), (3, 2), (3, 4), (4, 5), (1, 2), (3, 1)]
MOVE: 0 1 None 1 None 1
outer hints You about all their 1 hints remaining: 7
You has white 4, yellow 3, yellow 1, green 3, white 1
MOVE: 1 2 2 1 None None
You plays yellow 1 successfully! Board is now green 0, yellow 1, white 0, blue 0, red 0
You now has white 4, yellow 3, green 3, white 1, blue 1
MOVE: 0 0 None 1 2 None
outer hints You about all their white cards hints remaining: 6
You has white 4, yellow 3, green 3, white 1, blue 1
MOVE: 1 2 3 1 None None
You plays white 1 successfully! Board is now green 0, yellow 1, white 1, blue 0, red 0
You now has white 4, yellow 3, green 3, blue 1, green 5
MOVE: 0 0 None 1 3 None
outer hints You about all their blue cards hints remaining: 5
You has white 4, yellow 3, green 3, blue 1, green 5
MOVE: 1 2 3 1 None None
You plays blue 1 successfully! Board is now green 0, yellow 1, white 1, blue 1, red 0
You now has white 4, yellow 3, green 3, green 5, red 3
MOVE: 0 1 None 1 None 4
outer hints You about all their 4 hints remaining: 4
You has white 4, yellow 3, green 3, green 5, red 3
MOVE: 1 1 None 0 None 1
You hints outer about all their 1 hints remaining: 3
outer has blue 2, red 1, green 2, blue 5, white 3
MOVE: 0 0 None 1 4 None
outer hints You about all their red cards hints remaining: 2
You has white 4, yellow 3, green 3, green 5, red 3
MOVE: 1 0 None 0 4 None
You hints outer about all their red cards hints remaining: 1
outer has blue 2, red 1, green 2, blue 5, white 3
MOVE: 0 2 1 None None None
outer plays red 1 successfully! Board is now green 0, yellow 1, white 1, blue 1, red 1
outer now has blue 2, green 2, blue 5, white 3, green 3
MOVE: 1 1 None 0 None 2
You hints outer about all their 2 hints remaining: 0
outer has blue 2, green 2, blue 5, white 3, green 3
MOVE: 0 3 2 None None None
outer discards blue 5
trash is now blue 5
outer now has blue 2, green 2, white 3, green 3, red 1
MOVE: 1 0 None 0 3 None
You hints outer about all their blue cards hints remaining: 0
outer has blue 2, green 2, white 3, green 3, red 1
MOVE: 0 2 0 None None None
outer plays blue 2 successfully! Board is now green 0, yellow 1, white 1, blue 2, red 1
outer now has green 2, white 3, green 3, red 1, yellow 4
MOVE: 1 2 4 1 None None
You plays red 3 and fails. Board was green 0, yellow 1, white 1, blue 2, red 1
You now has white 4, yellow 3, green 3, green 5, yellow 5
MOVE: 0 3 4 None None None
outer discards yellow 4
trash is now blue 5, red 3, yellow 4
outer now has green 2, white 3, green 3, red 1, yellow 1
MOVE: 1 2 0 1 None None
You plays white 4 and fails. Board was green 0, yellow 1, white 1, blue 2, red 1
You now has yellow 3, green 3, green 5, yellow 5, red 2
MOVE: 0 0 None 1 4 None
outer hints You about all their red cards hints remaining: 0
You has yellow 3, green 3, green 5, yellow 5, red 2
MOVE: 1 2 4 1 None None
You plays red 2 successfully! Board is now green 0, yellow 1, white 1, blue 2, red 2
You now has yellow 3, green 3, green 5, yellow 5, white 1
MOVE: 0 3 3 None None None
outer discards red 1
trash is now blue 5, red 3, yellow 4, white 4, red 1
outer now has green 2, white 3, green 3, yellow 1, white 5
MOVE: 1 2 4 1 None None
You plays white 1 and fails. Board was green 0, yellow 1, white 1, blue 2, red 2
You now has yellow 3, green 3, green 5, yellow 5, red 4
Score 6
