Old GID: 3067863194ef7db8
Treatment: ('full', 1029)
[(4, 1), (1, 1), (1, 1), (2, 5), (1, 2), (0, 1), (0, 2), (1, 4), (0, 1), (0, 3), (0, 4), (1, 2), (4, 1), (2, 1), (0, 2), (0, 1), (2, 2), (4, 5), (2, 1), (0, 3), (2, 4), (3, 1), (3, 1), (1, 4), (1, 3), (2, 2), (3, 4), (4, 1), (3, 3), (3, 2), (1, 3), (1, 1), (4, 2), (4, 3), (3, 4), (4, 4), (3, 3), (2, 3), (3, 2), (3, 1)]
MOVE: 0 3 0 None None None
full discards red 4
trash is now red 4
full now has red 3, blue 5, white 3, white 1, red 1
MOVE: 1 0 None 0 4 None
You hints full about all their red cards hints remaining: 7
full has red 3, blue 5, white 3, white 1, red 1
MOVE: 0 2 0 None None None
full plays red 3 and fails. Board was green 0, yellow 0, white 0, blue 0, red 0
full now has blue 5, white 3, white 1, red 1, yellow 1
MOVE: 1 1 None 0 None 1
You hints full about all their 1 hints remaining: 6
full has blue 5, white 3, white 1, red 1, yellow 1
MOVE: 0 2 2 None None None
full plays white 1 successfully! Board is now green 0, yellow 0, white 1, blue 0, red 0
full now has blue 5, white 3, red 1, yellow 1, yellow 1
MOVE: 1 0 None 0 1 None
You hints full about all their yellow cards hints remaining: 5
full has blue 5, white 3, red 1, yellow 1, yellow 1
MOVE: 0 2 3 None None None
full plays yellow 1 successfully! Board is now green 0, yellow 1, white 1, blue 0, red 0
full now has blue 5, white 3, red 1, yellow 1, white 5
MOVE: 1 1 None 0 None 5
You hints full about all their 5 hints remaining: 4
full has blue 5, white 3, red 1, yellow 1, white 5
MOVE: 0 2 2 None None None
full plays red 1 successfully! Board is now green 0, yellow 1, white 1, blue 0, red 1
full now has blue 5, white 3, yellow 1, white 5, yellow 2
MOVE: 1 1 None 0 None 2
You hints full about all their 2 hints remaining: 3
full has blue 5, white 3, yellow 1, white 5, yellow 2
MOVE: 0 2 4 None None None
full plays yellow 2 successfully! Board is now green 0, yellow 2, white 1, blue 0, red 1
full now has blue 5, white 3, yellow 1, white 5, green 1
MOVE: 1 1 None 0 None 1
You hints full about all their 1 hints remaining: 2
full has blue 5, white 3, yellow 1, white 5, green 1
MOVE: 0 2 4 None None None
full plays green 1 successfully! Board is now green 1, yellow 2, white 1, blue 0, red 1
full now has blue 5, white 3, yellow 1, white 5, green 2
MOVE: 1 1 None 0 None 2
You hints full about all their 2 hints remaining: 1
full has blue 5, white 3, yellow 1, white 5, green 2
MOVE: 0 2 4 None None None
full plays green 2 successfully! Board is now green 2, yellow 2, white 1, blue 0, red 1
full now has blue 5, white 3, yellow 1, white 5, yellow 4
MOVE: 1 3 0 1 None None
You discards green 5
trash is now red 4, red 3, green 5
You now has yellow 5, white 4, red 2, green 4, green 1
MOVE: 0 3 2 None None None
full discards yellow 1
trash is now red 4, red 3, green 5, yellow 1
full now has blue 5, white 3, white 5, yellow 4, green 3
MOVE: 1 1 None 0 None 3
You hints full about all their 3 hints remaining: 2
full has blue 5, white 3, white 5, yellow 4, green 3
MOVE: 0 2 1 None None None
full plays white 3 and fails. Board was green 2, yellow 2, white 1, blue 0, red 1
full now has blue 5, white 5, yellow 4, green 3, green 4
MOVE: 1 0 None 0 0 None
You hints full about all their green cards hints remaining: 1
full has blue 5, white 5, yellow 4, green 3, green 4
MOVE: 0 2 3 None None None
full plays green 3 successfully! Board is now green 3, yellow 2, white 1, blue 0, red 1
full now has blue 5, white 5, yellow 4, green 4, yellow 2
MOVE: 1 1 None 0 None 4
You hints full about all their 4 hints remaining: 0
full has blue 5, white 5, yellow 4, green 4, yellow 2
MOVE: 0 2 3 None None None
full plays green 4 successfully! Board is now green 4, yellow 2, white 1, blue 0, red 1
full now has blue 5, white 5, yellow 4, yellow 2, red 1
MOVE: 1 3 0 1 None None
You discards yellow 5
trash is now red 4, red 3, green 5, yellow 1, white 3, yellow 5
You now has white 4, red 2, green 4, green 1, white 1
MOVE: 0 0 None 1 4 None
full hints You about all their red cards hints remaining: 0
You has white 4, red 2, green 4, green 1, white 1
MOVE: 1 3 1 1 None None
You discards red 2
trash is now red 4, red 3, green 5, yellow 1, white 3, yellow 5, red 2
You now has white 4, green 4, green 1, white 1, green 2
MOVE: 0 1 None 1 None 4
full hints You about all their 4 hints remaining: 0
You has white 4, green 4, green 1, white 1, green 2
MOVE: 1 3 0 1 None None
You discards white 4
trash is now red 4, red 3, green 5, yellow 1, white 3, yellow 5, red 2, white 4
You now has green 4, green 1, white 1, green 2, green 1
MOVE: 0 3 4 None None None
full discards red 1
trash is now red 4, red 3, green 5, yellow 1, white 3, yellow 5, red 2, white 4, red 1
full now has blue 5, white 5, yellow 4, yellow 2, white 2
MOVE: 1 0 None 0 2 None
You hints full about all their white cards hints remaining: 1
full has blue 5, white 5, yellow 4, yellow 2, white 2
MOVE: 0 2 4 None None None
full plays white 2 successfully! Board is now green 4, yellow 2, white 2, blue 0, red 1
full now has blue 5, white 5, yellow 4, yellow 2, red 5
MOVE: 1 3 0 1 None None
You discards green 4
trash is now red 4, red 3, green 5, yellow 1, white 3, yellow 5, red 2, white 4, red 1, green 4
You now has green 1, white 1, green 2, green 1, white 1
MOVE: 0 3 3 None None None
full discards yellow 2
trash is now red 4, red 3, green 5, yellow 1, white 3, yellow 5, red 2, white 4, red 1, green 4, yellow 2
full now has blue 5, white 5, yellow 4, red 5, green 3
MOVE: 1 3 0 1 None None
You discards green 1
trash is now red 4, red 3, green 5, yellow 1, white 3, yellow 5, red 2, white 4, red 1, green 4, yellow 2, green 1
You now has white 1, green 2, green 1, white 1, white 4
MOVE: 0 3 2 None None None
full discards yellow 4
trash is now red 4, red 3, green 5, yellow 1, white 3, yellow 5, red 2, white 4, red 1, green 4, yellow 2, green 1, yellow 4
full now has blue 5, white 5, red 5, green 3, blue 1
MOVE: 1 0 None 0 3 None
You hints full about all their blue cards hints remaining: 4
full has blue 5, white 5, red 5, green 3, blue 1
MOVE: 0 2 4 None None None
full plays blue 1 successfully! Board is now green 4, yellow 2, white 2, blue 1, red 1
full now has blue 5, white 5, red 5, green 3, blue 1
MOVE: 1 1 None 0 None 1
You hints full about all their 1 hints remaining: 3
full has blue 5, white 5, red 5, green 3, blue 1
MOVE: 0 3 4 None None None
full discards blue 1
trash is now red 4, red 3, green 5, yellow 1, white 3, yellow 5, red 2, white 4, red 1, green 4, yellow 2, green 1, yellow 4, blue 1
full now has blue 5, white 5, red 5, green 3, yellow 4
MOVE: 1 0 None 0 0 None
You hints full about all their green cards hints remaining: 3
full has blue 5, white 5, red 5, green 3, yellow 4
MOVE: 0 2 3 None None None
full plays green 3 and fails. Board was green 4, yellow 2, white 2, blue 1, red 1
full now has blue 5, white 5, red 5, yellow 4, yellow 3
Score 10
