Old GID: c6171dffe921ce33
Treatment: ('outer', 3665)
[(4, 4), (4, 1), (2, 4), (2, 5), (4, 3), (4, 2), (0, 3), (0, 4), (4, 1), (2, 1), (2, 1), (4, 4), (3, 1), (3, 3), (1, 1), (0, 2), (3, 5), (0, 1), (1, 4), (1, 3), (0, 2), (0, 1), (1, 1), (2, 2), (2, 2), (3, 4), (0, 4), (4, 1), (1, 2), (3, 2), (0, 3), (4, 2), (3, 1), (3, 4), (1, 2), (2, 1), (3, 3), (0, 1), (1, 3), (3, 2)]
MOVE: 0 0 None 1 3 None
outer hints You about all their blue cards hints remaining: 7
You has green 5, white 3, yellow 5, blue 1, white 3
MOVE: 1 1 None 0 None 1
You hints outer about all their 1 hints remaining: 6
outer has red 3, red 5, yellow 1, white 4, yellow 4
MOVE: 0 2 2 None None None
outer plays yellow 1 successfully! Board is now green 0, yellow 1, white 0, blue 0, red 0
outer now has red 3, red 5, white 4, yellow 4, red 4
MOVE: 1 2 3 1 None None
You plays blue 1 successfully! Board is now green 0, yellow 1, white 0, blue 1, red 0
You now has green 5, white 3, yellow 5, white 3, red 1
MOVE: 0 0 None 1 4 None
outer hints You about all their red cards hints remaining: 5
You has green 5, white 3, yellow 5, white 3, red 1
MOVE: 1 2 4 1 None None
You plays red 1 successfully! Board is now green 0, yellow 1, white 0, blue 1, red 1
You now has green 5, white 3, yellow 5, white 3, white 4
MOVE: 0 0 None 1 2 None
outer hints You about all their white cards hints remaining: 4
You has green 5, white 3, yellow 5, white 3, white 4
MOVE: 1 2 4 1 None None
You plays white 4 and fails. Board was green 0, yellow 1, white 0, blue 1, red 1
You now has green 5, white 3, yellow 5, white 3, white 5
MOVE: 0 0 None 1 1 None
outer hints You about all their yellow cards hints remaining: 3
You has green 5, white 3, yellow 5, white 3, white 5
MOVE: 1 2 3 1 None None
You plays white 3 and fails. Board was green 0, yellow 1, white 0, blue 1, red 1
You now has green 5, white 3, yellow 5, white 5, red 3
MOVE: 0 0 None 1 2 None
outer hints You about all their white cards hints remaining: 2
You has green 5, white 3, yellow 5, white 5, red 3
MOVE: 1 2 1 1 None None
You plays white 3 and fails. Board was green 0, yellow 1, white 0, blue 1, red 1
You now has green 5, yellow 5, white 5, red 3, red 2
Score 3
