Old GID: 63b627679a01f778
Treatment: ('full', 1938)
[(1, 1), (2, 2), (0, 1), (1, 5), (4, 1), (2, 4), (3, 2), (0, 5), (2, 1), (1, 4), (4, 4), (4, 5), (0, 4), (1, 3), (2, 1), (3, 4), (0, 3), (0, 1), (1, 2), (3, 1), (3, 4), (3, 2), (2, 3), (2, 2), (3, 3), (1, 4), (1, 1), (4, 4), (4, 1), (4, 2), (4, 2), (0, 3), (2, 1), (3, 5), (3, 1), (0, 2), (1, 2), (3, 1), (4, 3), (2, 3)]
MOVE: 0 1 None 1 None 1
full hints You about all their 1 hints remaining: 7
You has red 3, red 1, green 4, white 5, green 1
MOVE: 1 2 1 1 None None
You plays red 1 successfully! Board is now green 0, yellow 0, white 0, blue 0, red 1
You now has red 3, green 4, white 5, green 1, yellow 1
MOVE: 0 1 None 1 None 1
full hints You about all their 1 hints remaining: 6
You has red 3, green 4, white 5, green 1, yellow 1
MOVE: 1 2 3 1 None None
You plays green 1 successfully! Board is now green 1, yellow 0, white 0, blue 0, red 1
You now has red 3, green 4, white 5, yellow 1, white 2
MOVE: 0 0 None 1 1 None
full hints You about all their yellow cards hints remaining: 5
You has red 3, green 4, white 5, yellow 1, white 2
MOVE: 1 0 None 0 0 None
You hints full about all their green cards hints remaining: 4
full has white 4, blue 3, yellow 1, yellow 3, green 2
MOVE: 0 2 4 None None None
full plays green 2 successfully! Board is now green 2, yellow 0, white 0, blue 0, red 1
full now has white 4, blue 3, yellow 1, yellow 3, green 1
MOVE: 1 2 3 1 None None
You plays yellow 1 successfully! Board is now green 2, yellow 1, white 0, blue 0, red 1
You now has red 3, green 4, white 5, white 2, yellow 5
MOVE: 0 3 4 None None None
full discards green 1
trash is now green 1
full now has white 4, blue 3, yellow 1, yellow 3, red 1
MOVE: 1 1 None 0 None 4
You hints full about all their 4 hints remaining: 4
full has white 4, blue 3, yellow 1, yellow 3, red 1
MOVE: 0 3 0 None None None
full discards white 4
trash is now green 1, white 4
full now has blue 3, yellow 1, yellow 3, red 1, white 4
MOVE: 1 3 1 1 None None
You discards green 4
trash is now green 1, white 4, green 4
You now has red 3, white 5, white 2, yellow 5, blue 2
MOVE: 0 3 3 None None None
full discards red 1
trash is now green 1, white 4, green 4, red 1
full now has blue 3, yellow 1, yellow 3, white 4, green 5
MOVE: 1 3 2 1 None None
You discards white 2
trash is now green 1, white 4, green 4, red 1, white 2
You now has red 3, white 5, yellow 5, blue 2, white 1
MOVE: 0 0 None 1 2 None
full hints You about all their white cards hints remaining: 7
You has red 3, white 5, yellow 5, blue 2, white 1
MOVE: 1 3 3 1 None None
You discards blue 2
trash is now green 1, white 4, green 4, red 1, white 2, blue 2
You now has red 3, white 5, yellow 5, white 1, yellow 4
MOVE: 0 1 None 1 None 1
full hints You about all their 1 hints remaining: 7
You has red 3, white 5, yellow 5, white 1, yellow 4
MOVE: 1 2 3 1 None None
You plays white 1 successfully! Board is now green 2, yellow 1, white 1, blue 0, red 1
You now has red 3, white 5, yellow 5, yellow 4, red 4
MOVE: 0 3 3 None None None
full discards white 4
trash is now green 1, white 4, green 4, red 1, white 2, blue 2, white 4
full now has blue 3, yellow 1, yellow 3, green 5, red 5
MOVE: 1 1 None 0 None 5
You hints full about all their 5 hints remaining: 7
full has blue 3, yellow 1, yellow 3, green 5, red 5
MOVE: 0 3 0 None None None
full discards blue 3
trash is now green 1, white 4, green 4, red 1, white 2, blue 2, white 4, blue 3
full now has yellow 1, yellow 3, green 5, red 5, green 4
MOVE: 1 1 None 0 None 4
You hints full about all their 4 hints remaining: 7
full has yellow 1, yellow 3, green 5, red 5, green 4
MOVE: 0 3 4 None None None
full discards green 4
trash is now green 1, white 4, green 4, red 1, white 2, blue 2, white 4, blue 3, green 4
full now has yellow 1, yellow 3, green 5, red 5, yellow 3
MOVE: 1 1 None 0 None 3
You hints full about all their 3 hints remaining: 7
full has yellow 1, yellow 3, green 5, red 5, yellow 3
MOVE: 0 2 4 None None None
full plays yellow 3 and fails. Board was green 2, yellow 1, white 1, blue 0, red 1
full now has yellow 1, yellow 3, green 5, red 5, white 1
MOVE: 1 0 None 0 1 None
You hints full about all their yellow cards hints remaining: 6
full has yellow 1, yellow 3, green 5, red 5, white 1
MOVE: 0 2 0 None None None
full plays yellow 1 and fails. Board was green 2, yellow 1, white 1, blue 0, red 1
full now has yellow 3, green 5, red 5, white 1, blue 4
MOVE: 1 2 1 1 None None
You plays white 5 and fails. Board was green 2, yellow 1, white 1, blue 0, red 1
You now has red 3, yellow 5, yellow 4, red 4, green 3
Score 5
