Old GID: 2a50fb7f25b9d83d
Treatment: ('outer', 204)
[(4, 4), (4, 2), (3, 5), (1, 2), (3, 2), (1, 4), (1, 3), (3, 3), (0, 4), (1, 1), (4, 5), (0, 1), (1, 3), (1, 1), (0, 2), (3, 4), (2, 1), (3, 3), (1, 1), (3, 1), (3, 2), (0, 4), (0, 5), (4, 1), (0, 3), (2, 5), (3, 1), (3, 4), (2, 3), (4, 1), (0, 1), (4, 1), (4, 3), (3, 1), (1, 2), (2, 1), (0, 3), (2, 4), (0, 2), (1, 5)]
MOVE: 0 1 None 1 None 1
outer hints You about all their 1 hints remaining: 7
You has red 4, green 1, red 2, yellow 4, red 3
MOVE: 1 2 1 1 None None
You plays green 1 successfully! Board is now green 1, yellow 0, white 0, blue 0, red 0
You now has red 4, red 2, yellow 4, red 3, red 4
MOVE: 0 1 None 1 None 3
outer hints You about all their 3 hints remaining: 6
You has red 4, red 2, yellow 4, red 3, red 4
MOVE: 1 1 None 0 None 1
You hints outer about all their 1 hints remaining: 5
outer has white 4, white 3, white 1, white 2, white 2
MOVE: 0 0 None 1 4 None
outer hints You about all their red cards hints remaining: 4
You has red 4, red 2, yellow 4, red 3, red 4
MOVE: 1 0 None 0 2 None
You hints outer about all their white cards hints remaining: 3
outer has white 4, white 3, white 1, white 2, white 2
MOVE: 0 2 2 None None None
outer plays white 1 successfully! Board is now green 1, yellow 0, white 1, blue 0, red 0
outer now has white 4, white 3, white 2, white 2, red 2
MOVE: 1 0 None 0 2 None
You hints outer about all their white cards hints remaining: 2
outer has white 4, white 3, white 2, white 2, red 2
MOVE: 0 0 None 1 4 None
outer hints You about all their red cards hints remaining: 1
You has red 4, red 2, yellow 4, red 3, red 4
MOVE: 1 1 None 0 None 2
You hints outer about all their 2 hints remaining: 0
outer has white 4, white 3, white 2, white 2, red 2
MOVE: 0 2 2 None None None
outer plays white 2 successfully! Board is now green 1, yellow 0, white 2, blue 0, red 0
outer now has white 4, white 3, white 2, red 2, blue 5
MOVE: 1 3 2 1 None None
You discards yellow 4
trash is now yellow 4
You now has red 4, red 2, red 3, red 4, yellow 2
MOVE: 0 3 2 None None None
outer discards white 2
trash is now yellow 4, white 2
outer now has white 4, white 3, red 2, blue 5, blue 2
MOVE: 1 1 None 0 None 3
You hints outer about all their 3 hints remaining: 1
outer has white 4, white 3, red 2, blue 5, blue 2
MOVE: 0 2 1 None None None
outer plays white 3 successfully! Board is now green 1, yellow 0, white 3, blue 0, red 0
outer now has white 4, red 2, blue 5, blue 2, yellow 4
MOVE: 1 1 None 0 None 4
You hints outer about all their 4 hints remaining: 0
outer has white 4, red 2, blue 5, blue 2, yellow 4
MOVE: 0 2 0 None None None
outer plays white 4 successfully! Board is now green 1, yellow 0, white 4, blue 0, red 0
outer now has red 2, blue 5, blue 2, yellow 4, yellow 3
MOVE: 1 3 4 1 None None
You discards yellow 2
trash is now yellow 4, white 2, yellow 2
You now has red 4, red 2, red 3, red 4, blue 3
MOVE: 0 0 None 1 4 None
outer hints You about all their red cards hints remaining: 0
You has red 4, red 2, red 3, red 4, blue 3
MOVE: 1 3 4 1 None None
You discards blue 3
trash is now yellow 4, white 2, yellow 2, blue 3
You now has red 4, red 2, red 3, red 4, green 4
MOVE: 0 3 0 None None None
outer discards red 2
trash is now yellow 4, white 2, yellow 2, blue 3, red 2
outer now has blue 5, blue 2, yellow 4, yellow 3, yellow 1
MOVE: 1 1 None 0 None 1
You hints outer about all their 1 hints remaining: 1
outer has blue 5, blue 2, yellow 4, yellow 3, yellow 1
MOVE: 0 0 None 1 0 None
outer hints You about all their green cards hints remaining: 0
You has red 4, red 2, red 3, red 4, green 4
MOVE: 1 2 4 1 None None
You plays green 4 and fails. Board was green 1, yellow 0, white 4, blue 0, red 0
You now has red 4, red 2, red 3, red 4, red 5
MOVE: 0 3 0 None None None
outer discards blue 5
trash is now yellow 4, white 2, yellow 2, blue 3, red 2, green 4, blue 5
outer now has blue 2, yellow 4, yellow 3, yellow 1, green 1
MOVE: 1 0 None 0 1 None
You hints outer about all their yellow cards hints remaining: 0
outer has blue 2, yellow 4, yellow 3, yellow 1, green 1
MOVE: 0 2 3 None None None
outer plays yellow 1 successfully! Board is now green 1, yellow 1, white 4, blue 0, red 0
outer now has blue 2, yellow 4, yellow 3, green 1, yellow 3
MOVE: 1 2 3 1 None None
You plays red 4 and fails. Board was green 1, yellow 1, white 4, blue 0, red 0
You now has red 4, red 2, red 3, red 5, yellow 1
MOVE: 0 3 3 None None None
outer discards green 1
trash is now yellow 4, white 2, yellow 2, blue 3, red 2, green 4, blue 5, red 4, green 1
outer now has blue 2, yellow 4, yellow 3, yellow 3, green 2
MOVE: 1 2 1 1 None None
You plays red 2 and fails. Board was green 1, yellow 1, white 4, blue 0, red 0
You now has red 4, red 3, red 5, yellow 1, blue 4
Score 6
