Old GID: 775e3cf6cc596db7
Treatment: ('outer', 8838)
[(1, 1), (2, 3), (0, 1), (2, 4), (3, 2), (3, 3), (3, 4), (0, 4), (0, 3), (1, 1), (0, 3), (4, 1), (1, 2), (2, 3), (4, 4), (2, 5), (4, 4), (3, 4), (1, 4), (3, 1), (4, 1), (2, 2), (2, 4), (4, 1), (4, 3), (3, 3), (1, 5), (4, 5), (3, 1), (2, 1), (1, 2), (0, 2), (1, 4), (0, 1), (0, 2), (2, 1), (1, 1), (0, 5), (2, 2), (1, 3)]
MOVE: 0 1 None 1 None 1
outer hints You about all their 1 hints remaining: 7
You has yellow 3, red 2, red 3, green 1, white 1
MOVE: 1 2 3 1 None None
You plays green 1 successfully! Board is now green 1, yellow 0, white 0, blue 0, red 0
You now has yellow 3, red 2, red 3, white 1, yellow 1
MOVE: 0 0 None 1 2 None
outer hints You about all their white cards hints remaining: 6
You has yellow 3, red 2, red 3, white 1, yellow 1
MOVE: 1 2 3 1 None None
You plays white 1 successfully! Board is now green 1, yellow 0, white 1, blue 0, red 0
You now has yellow 3, red 2, red 3, yellow 1, white 3
MOVE: 0 1 None 1 None 1
outer hints You about all their 1 hints remaining: 5
You has yellow 3, red 2, red 3, yellow 1, white 3
MOVE: 1 1 None 0 None 1
You hints outer about all their 1 hints remaining: 4
outer has blue 1, red 2, blue 5, blue 2, green 4
MOVE: 0 0 None 1 1 None
outer hints You about all their yellow cards hints remaining: 3
You has yellow 3, red 2, red 3, yellow 1, white 3
MOVE: 1 0 None 0 3 None
You hints outer about all their blue cards hints remaining: 2
outer has blue 1, red 2, blue 5, blue 2, green 4
MOVE: 0 2 0 None None None
outer plays blue 1 successfully! Board is now green 1, yellow 0, white 1, blue 1, red 0
outer now has red 2, blue 5, blue 2, green 4, green 1
MOVE: 1 1 None 0 None 2
You hints outer about all their 2 hints remaining: 1
outer has red 2, blue 5, blue 2, green 4, green 1
MOVE: 0 2 2 None None None
outer plays blue 2 successfully! Board is now green 1, yellow 0, white 1, blue 2, red 0
outer now has red 2, blue 5, green 4, green 1, white 4
MOVE: 1 2 3 1 None None
You plays yellow 1 successfully! Board is now green 1, yellow 1, white 1, blue 2, red 0
You now has yellow 3, red 2, red 3, white 3, blue 2
MOVE: 0 1 None 1 None 3
outer hints You about all their 3 hints remaining: 0
You has yellow 3, red 2, red 3, white 3, blue 2
MOVE: 1 2 3 1 None None
You plays white 3 and fails. Board was green 1, yellow 1, white 1, blue 2, red 0
You now has yellow 3, red 2, red 3, blue 2, blue 3
MOVE: 0 3 1 None None None
outer discards blue 5
trash is now white 3, blue 5
outer now has red 2, green 4, green 1, white 4, blue 4
MOVE: 1 2 2 1 None None
You plays red 3 and fails. Board was green 1, yellow 1, white 1, blue 2, red 0
You now has yellow 3, red 2, blue 2, blue 3, green 4
MOVE: 0 1 None 1 None 3
outer hints You about all their 3 hints remaining: 0
You has yellow 3, red 2, blue 2, blue 3, green 4
MOVE: 1 2 3 1 None None
You plays blue 3 successfully! Board is now green 1, yellow 1, white 1, blue 3, red 0
You now has yellow 3, red 2, blue 2, green 4, green 3
MOVE: 0 3 1 None None None
outer discards green 4
trash is now white 3, blue 5, red 3, green 4
outer now has red 2, green 1, white 4, blue 4, yellow 1
MOVE: 1 3 1 1 None None
You discards red 2
trash is now white 3, blue 5, red 3, green 4, red 2
You now has yellow 3, blue 2, green 4, green 3, green 3
MOVE: 0 1 None 1 None 3
outer hints You about all their 3 hints remaining: 1
You has yellow 3, blue 2, green 4, green 3, green 3
MOVE: 1 3 1 1 None None
You discards blue 2
trash is now white 3, blue 5, red 3, green 4, red 2, blue 2
You now has yellow 3, green 4, green 3, green 3, red 1
MOVE: 0 1 None 1 None 1
outer hints You about all their 1 hints remaining: 1
You has yellow 3, green 4, green 3, green 3, red 1
MOVE: 1 3 1 1 None None
You discards green 4
trash is now white 3, blue 5, red 3, green 4, red 2, blue 2, green 4
You now has yellow 3, green 3, green 3, red 1, yellow 2
MOVE: 0 0 None 1 1 None
outer hints You about all their yellow cards hints remaining: 1
You has yellow 3, green 3, green 3, red 1, yellow 2
MOVE: 1 2 1 1 None None
You plays green 3 and fails. Board was green 1, yellow 1, white 1, blue 3, red 0
You now has yellow 3, green 3, red 1, yellow 2, white 3
Score 6
