Old GID: fa9b1962f298bf3a
Treatment: ('outer', 3155)
[(2, 3), (3, 1), (0, 3), (4, 3), (1, 1), (2, 4), (4, 1), (0, 1), (4, 2), (2, 3), (4, 4), (0, 2), (3, 2), (3, 5), (1, 1), (1, 5), (0, 1), (2, 4), (4, 2), (1, 3), (0, 4), (2, 2), (4, 3), (2, 5), (3, 3), (2, 1), (3, 1), (4, 5), (1, 4), (1, 1), (2, 1), (1, 2), (0, 1), (0, 4), (1, 2), (3, 4), (2, 1), (1, 4), (4, 4), (3, 4)]
MOVE: 0 1 None 1 None 1
outer hints You about all their 1 hints remaining: 7
You has green 3, blue 2, blue 3, red 1, yellow 3
MOVE: 1 2 3 1 None None
You plays red 1 successfully! Board is now green 0, yellow 0, white 0, blue 0, red 1
You now has green 3, blue 2, blue 3, yellow 3, white 3
MOVE: 0 0 None 1 1 None
outer hints You about all their yellow cards hints remaining: 6
You has green 3, blue 2, blue 3, yellow 3, white 3
MOVE: 1 0 None 0 3 None
You hints outer about all their blue cards hints remaining: 5
outer has green 2, green 5, red 1, blue 1, white 2
MOVE: 0 0 None 1 0 None
outer hints You about all their green cards hints remaining: 4
You has green 3, blue 2, blue 3, yellow 3, white 3
MOVE: 1 1 None 0 None 1
You hints outer about all their 1 hints remaining: 3
outer has green 2, green 5, red 1, blue 1, white 2
MOVE: 0 2 3 None None None
outer plays blue 1 successfully! Board is now green 0, yellow 0, white 0, blue 1, red 1
outer now has green 2, green 5, red 1, white 2, blue 1
MOVE: 1 0 None 0 4 None
You hints outer about all their red cards hints remaining: 2
outer has green 2, green 5, red 1, white 2, blue 1
MOVE: 0 3 2 None None None
outer discards red 1
trash is now red 1
outer now has green 2, green 5, white 2, blue 1, green 3
MOVE: 1 2 0 1 None None
You plays green 3 and fails. Board was green 0, yellow 0, white 0, blue 1, red 1
You now has blue 2, blue 3, yellow 3, white 3, red 3
MOVE: 0 1 None 1 None 2
outer hints You about all their 2 hints remaining: 2
You has blue 2, blue 3, yellow 3, white 3, red 3
MOVE: 1 2 0 1 None None
You plays blue 2 successfully! Board is now green 0, yellow 0, white 0, blue 2, red 1
You now has blue 3, yellow 3, white 3, red 3, yellow 1
MOVE: 0 1 None 1 None 3
outer hints You about all their 3 hints remaining: 1
You has blue 3, yellow 3, white 3, red 3, yellow 1
MOVE: 1 3 3 1 None None
You discards red 3
trash is now red 1, green 3, red 3
You now has blue 3, yellow 3, white 3, yellow 1, white 4
MOVE: 0 0 None 1 3 None
outer hints You about all their blue cards hints remaining: 1
You has blue 3, yellow 3, white 3, yellow 1, white 4
MOVE: 1 2 0 1 None None
You plays blue 3 successfully! Board is now green 0, yellow 0, white 0, blue 3, red 1
You now has yellow 3, white 3, yellow 1, white 4, red 1
MOVE: 0 1 None 1 None 1
outer hints You about all their 1 hints remaining: 0
You has yellow 3, white 3, yellow 1, white 4, red 1
MOVE: 1 2 2 1 None None
You plays yellow 1 successfully! Board is now green 0, yellow 1, white 0, blue 3, red 1
You now has yellow 3, white 3, white 4, red 1, green 1
MOVE: 0 3 4 None None None
outer discards green 3
trash is now red 1, green 3, red 3, green 3
outer now has green 2, green 5, white 2, blue 1, red 2
MOVE: 1 2 3 1 None None
You plays red 1 and fails. Board was green 0, yellow 1, white 0, blue 3, red 1
You now has yellow 3, white 3, white 4, green 1, white 3
MOVE: 0 0 None 1 0 None
outer hints You about all their green cards hints remaining: 0
You has yellow 3, white 3, white 4, green 1, white 3
MOVE: 1 2 3 1 None None
You plays green 1 successfully! Board is now green 1, yellow 1, white 0, blue 3, red 1
You now has yellow 3, white 3, white 4, white 3, red 4
MOVE: 0 3 3 None None None
outer discards blue 1
trash is now red 1, green 3, red 3, green 3, red 1, blue 1
outer now has green 2, green 5, white 2, red 2, green 2
MOVE: 1 0 None 0 0 None
You hints outer about all their green cards hints remaining: 0
outer has green 2, green 5, white 2, red 2, green 2
MOVE: 0 3 2 None None None
outer discards white 2
trash is now red 1, green 3, red 3, green 3, red 1, blue 1, white 2
outer now has green 2, green 5, red 2, green 2, blue 2
MOVE: 1 1 None 0 None 2
You hints outer about all their 2 hints remaining: 0
outer has green 2, green 5, red 2, green 2, blue 2
MOVE: 0 2 0 None None None
outer plays green 2 successfully! Board is now green 2, yellow 1, white 0, blue 3, red 1
outer now has green 5, red 2, green 2, blue 2, blue 5
MOVE: 1 3 2 1 None None
You discards white 4
trash is now red 1, green 3, red 3, green 3, red 1, blue 1, white 2, white 4
You now has yellow 3, white 3, white 3, red 4, yellow 1
MOVE: 0 3 2 None None None
outer discards green 2
trash is now red 1, green 3, red 3, green 3, red 1, blue 1, white 2, white 4, green 2
outer now has green 5, red 2, blue 2, blue 5, yellow 5
MOVE: 1 1 None 0 None 5
You hints outer about all their 5 hints remaining: 1
outer has green 5, red 2, blue 2, blue 5, yellow 5
MOVE: 0 0 None 1 2 None
outer hints You about all their white cards hints remaining: 0
You has yellow 3, white 3, white 3, red 4, yellow 1
MOVE: 1 2 2 1 None None
You plays white 3 and fails. Board was green 2, yellow 1, white 0, blue 3, red 1
You now has yellow 3, white 3, red 4, yellow 1, green 1
Score 7
