Old GID: 9571e133514a569c
Treatment: ('outer', 4614)
[(4, 1), (1, 3), (1, 1), (4, 1), (1, 1), (0, 1), (0, 5), (2, 3), (2, 1), (3, 3), (2, 2), (3, 2), (3, 1), (3, 4), (2, 3), (1, 4), (4, 2), (1, 1), (2, 1), (0, 4), (0, 2), (1, 5), (1, 4), (3, 2), (4, 4), (2, 4), (2, 1), (1, 2), (2, 4), (4, 4), (2, 2), (2, 5), (4, 3), (1, 2), (4, 2), (3, 1), (1, 3), (4, 3), (3, 4), (3, 5)]
MOVE: 0 1 None 1 None 1
outer hints You about all their 1 hints remaining: 7
You has green 1, red 5, green 3, green 1, blue 3
MOVE: 1 2 3 1 None None
You plays green 1 successfully! Board is now green 1, yellow 0, white 0, blue 0, red 0
You now has green 1, red 5, green 3, blue 3, red 1
MOVE: 0 0 None 1 4 None
outer hints You about all their red cards hints remaining: 6
You has green 1, red 5, green 3, blue 3, red 1
MOVE: 1 2 0 1 None None
You plays green 1 and fails. Board was green 1, yellow 0, white 0, blue 0, red 0
You now has red 5, green 3, blue 3, red 1, yellow 3
MOVE: 0 1 None 1 None 1
outer hints You about all their 1 hints remaining: 5
You has red 5, green 3, blue 3, red 1, yellow 3
MOVE: 1 2 3 1 None None
You plays red 1 successfully! Board is now green 1, yellow 0, white 0, blue 0, red 1
You now has red 5, green 3, blue 3, yellow 3, yellow 1
MOVE: 0 0 None 1 1 None
outer hints You about all their yellow cards hints remaining: 4
You has red 5, green 3, blue 3, yellow 3, yellow 1
MOVE: 1 1 None 0 None 1
You hints outer about all their 1 hints remaining: 3
outer has blue 1, green 3, red 1, green 4, green 2
MOVE: 0 1 None 1 None 1
outer hints You about all their 1 hints remaining: 2
You has red 5, green 3, blue 3, yellow 3, yellow 1
MOVE: 1 2 4 1 None None
You plays yellow 1 successfully! Board is now green 1, yellow 1, white 0, blue 0, red 1
You now has red 5, green 3, blue 3, yellow 3, red 1
MOVE: 0 0 None 1 1 None
outer hints You about all their yellow cards hints remaining: 1
You has red 5, green 3, blue 3, yellow 3, red 1
MOVE: 1 2 3 1 None None
You plays yellow 3 and fails. Board was green 1, yellow 1, white 0, blue 0, red 1
You now has red 5, green 3, blue 3, red 1, yellow 1
MOVE: 0 1 None 1 None 5
outer hints You about all their 5 hints remaining: 0
You has red 5, green 3, blue 3, red 1, yellow 1
MOVE: 1 3 4 1 None None
You discards yellow 1
trash is now green 1, yellow 3, yellow 1
You now has red 5, green 3, blue 3, red 1, green 1
MOVE: 0 0 None 1 3 None
outer hints You about all their blue cards hints remaining: 0
You has red 5, green 3, blue 3, red 1, green 1
MOVE: 1 2 2 1 None None
You plays blue 3 and fails. Board was green 1, yellow 1, white 0, blue 0, red 1
You now has red 5, green 3, red 1, green 1, green 5
Score 3
