Old GID: a89f449023dbd46f
Treatment: ('outer', 3509)
[(2, 4), (3, 2), (4, 2), (0, 2), (4, 4), (3, 3), (3, 3), (0, 1), (1, 5), (1, 4), (3, 1), (4, 2), (4, 1), (1, 1), (2, 1), (4, 3), (0, 3), (2, 1), (2, 3), (1, 2), (2, 5), (3, 1), (4, 5), (1, 1), (2, 2), (4, 4), (4, 3), (1, 3), (2, 1), (0, 4), (4, 1), (1, 3), (4, 1), (2, 3), (2, 2), (0, 1), (1, 1), (1, 2), (3, 4), (3, 1)]
MOVE: 0 0 None 1 0 None
outer hints You about all their green cards hints remaining: 7
You has green 1, blue 5, yellow 4, green 4, green 3
MOVE: 1 2 0 1 None None
You plays green 1 successfully! Board is now green 1, yellow 0, white 0, blue 0, red 0
You now has blue 5, yellow 4, green 4, green 3, white 4
MOVE: 0 1 None 1 None 3
outer hints You about all their 3 hints remaining: 6
You has blue 5, yellow 4, green 4, green 3, white 4
MOVE: 1 1 None 0 None 2
You hints outer about all their 2 hints remaining: 5
outer has blue 4, green 2, white 4, green 5, blue 2
MOVE: 0 1 None 1 None 4
outer hints You about all their 4 hints remaining: 4
You has blue 5, yellow 4, green 4, green 3, white 4
MOVE: 1 0 None 0 0 None
You hints outer about all their green cards hints remaining: 3
outer has blue 4, green 2, white 4, green 5, blue 2
MOVE: 0 2 1 None None None
outer plays green 2 successfully! Board is now green 2, yellow 0, white 0, blue 0, red 0
outer now has blue 4, white 4, green 5, blue 2, blue 2
MOVE: 1 2 3 1 None None
You plays green 3 successfully! Board is now green 3, yellow 0, white 0, blue 0, red 0
You now has blue 5, yellow 4, green 4, white 4, red 2
MOVE: 0 0 None 1 0 None
outer hints You about all their green cards hints remaining: 2
You has blue 5, yellow 4, green 4, white 4, red 2
MOVE: 1 2 2 1 None None
You plays green 4 successfully! Board is now green 4, yellow 0, white 0, blue 0, red 0
You now has blue 5, yellow 4, white 4, red 2, green 2
MOVE: 0 1 None 1 None 4
outer hints You about all their 4 hints remaining: 1
You has blue 5, yellow 4, white 4, red 2, green 2
MOVE: 1 1 None 0 None 5
You hints outer about all their 5 hints remaining: 0
outer has blue 4, white 4, green 5, blue 2, blue 2
MOVE: 0 2 2 None None None
outer plays green 5 successfully! Board is now green 5, yellow 0, white 0, blue 0, red 0
outer now has blue 4, white 4, blue 2, blue 2, red 4
MOVE: 1 3 1 1 None None
You discards yellow 4
trash is now yellow 4
You now has blue 5, white 4, red 2, green 2, blue 3
MOVE: 0 0 None 1 3 None
outer hints You about all their blue cards hints remaining: 1
You has blue 5, white 4, red 2, green 2, blue 3
MOVE: 1 2 4 1 None None
You plays blue 3 and fails. Board was green 5, yellow 0, white 0, blue 0, red 0
You now has blue 5, white 4, red 2, green 2, blue 3
MOVE: 0 1 None 1 None 3
outer hints You about all their 3 hints remaining: 0
You has blue 5, white 4, red 2, green 2, blue 3
MOVE: 1 3 4 1 None None
You discards blue 3
trash is now yellow 4, blue 3, blue 3
You now has blue 5, white 4, red 2, green 2, green 1
MOVE: 0 0 None 1 2 None
outer hints You about all their white cards hints remaining: 0
You has blue 5, white 4, red 2, green 2, green 1
MOVE: 1 3 1 1 None None
You discards white 4
trash is now yellow 4, blue 3, blue 3, white 4
You now has blue 5, red 2, green 2, green 1, yellow 5
MOVE: 0 0 None 1 0 None
outer hints You about all their green cards hints remaining: 0
You has blue 5, red 2, green 2, green 1, yellow 5
MOVE: 1 2 3 1 None None
You plays green 1 and fails. Board was green 5, yellow 0, white 0, blue 0, red 0
You now has blue 5, red 2, green 2, yellow 5, yellow 4
MOVE: 0 3 3 None None None
outer discards blue 2
trash is now yellow 4, blue 3, blue 3, white 4, green 1, blue 2
outer now has blue 4, white 4, blue 2, red 4, blue 1
MOVE: 1 2 3 1 None None
You plays yellow 5 and fails. Board was green 5, yellow 0, white 0, blue 0, red 0
You now has blue 5, red 2, green 2, yellow 4, red 2
Score 5
