Old GID: b46f09b1419340fb
Treatment: ('intentional', 7389)
[(0, 4), (4, 2), (2, 3), (2, 4), (4, 4), (4, 1), (2, 1), (1, 1), (1, 1), (4, 3), (3, 3), (3, 1), (1, 2), (1, 4), (0, 1), (1, 4), (4, 1), (2, 3), (1, 5), (3, 1), (3, 4), (1, 1), (2, 5), (4, 5), (3, 2), (0, 1), (2, 4), (3, 2), (4, 3), (3, 1), (3, 3), (2, 1), (3, 4), (2, 1), (0, 3), (1, 2), (0, 4), (2, 2), (0, 3), (4, 4)]
MOVE: 0 3 0 None None None
intentional discards red 2
trash is now red 2
intentional now has green 2, green 1, red 1, yellow 3, green 4
MOVE: 1 1 None 0 None 1
You hints intentional about all their 1 hints remaining: 7
intentional has green 2, green 1, red 1, yellow 3, green 4
MOVE: 0 2 2 None None None
intentional plays red 1 successfully! Board is now green 0, yellow 0, white 0, blue 0, red 1
intentional now has green 2, green 1, yellow 3, green 4, red 2
MOVE: 1 0 None 0 0 None
You hints intentional about all their green cards hints remaining: 6
intentional has green 2, green 1, yellow 3, green 4, red 2
MOVE: 0 2 1 None None None
intentional plays green 1 successfully! Board is now green 1, yellow 0, white 0, blue 0, red 1
intentional now has green 2, yellow 3, green 4, red 2, white 3
MOVE: 1 1 None 0 None 2
You hints intentional about all their 2 hints remaining: 5
intentional has green 2, yellow 3, green 4, red 2, white 3
MOVE: 0 2 0 None None None
intentional plays green 2 successfully! Board is now green 2, yellow 0, white 0, blue 0, red 1
intentional now has yellow 3, green 4, red 2, white 3, white 4
MOVE: 1 0 None 0 4 None
You hints intentional about all their red cards hints remaining: 4
intentional has yellow 3, green 4, red 2, white 3, white 4
MOVE: 0 2 2 None None None
intentional plays red 2 successfully! Board is now green 2, yellow 0, white 0, blue 0, red 2
intentional now has yellow 3, green 4, white 3, white 4, red 4
MOVE: 1 3 0 1 None None
You discards yellow 3
trash is now red 2, yellow 3
You now has blue 5, green 5, white 2, green 2, red 1
MOVE: 0 1 None 1 None 2
intentional hints You about all their 2 hints remaining: 4
You has blue 5, green 5, white 2, green 2, red 1
MOVE: 1 2 2 1 None None
You plays white 2 and fails. Board was green 2, yellow 0, white 0, blue 0, red 2
You now has blue 5, green 5, green 2, red 1, white 1
MOVE: 0 0 None 1 2 None
intentional hints You about all their white cards hints remaining: 3
You has blue 5, green 5, green 2, red 1, white 1
MOVE: 1 2 4 1 None None
You plays white 1 successfully! Board is now green 2, yellow 0, white 1, blue 0, red 2
You now has blue 5, green 5, green 2, red 1, yellow 1
MOVE: 0 0 None 1 1 None
intentional hints You about all their yellow cards hints remaining: 2
You has blue 5, green 5, green 2, red 1, yellow 1
MOVE: 1 2 4 1 None None
You plays yellow 1 successfully! Board is now green 2, yellow 1, white 1, blue 0, red 2
You now has blue 5, green 5, green 2, red 1, yellow 1
MOVE: 0 3 2 None None None
intentional discards white 3
trash is now red 2, yellow 3, white 2, white 3
intentional now has yellow 3, green 4, white 4, red 4, red 3
MOVE: 1 2 2 1 None None
You plays green 2 and fails. Board was green 2, yellow 1, white 1, blue 0, red 2
You now has blue 5, green 5, red 1, yellow 1, blue 3
MOVE: 0 3 3 None None None
intentional discards red 4
trash is now red 2, yellow 3, white 2, white 3, green 2, red 4
intentional now has yellow 3, green 4, white 4, red 3, blue 1
MOVE: 1 2 2 1 None None
You plays red 1 and fails. Board was green 2, yellow 1, white 1, blue 0, red 2
You now has blue 5, green 5, yellow 1, blue 3, yellow 2
Score 6
