Old GID: fd05b9c49e077286
Treatment: ('outer', 6835)
[(1, 2), (4, 3), (1, 4), (0, 2), (1, 1), (1, 3), (3, 3), (2, 3), (2, 1), (0, 5), (4, 3), (4, 1), (3, 5), (2, 1), (4, 4), (3, 2), (4, 4), (3, 3), (4, 2), (1, 1), (4, 1), (1, 1), (2, 1), (0, 2), (3, 1), (4, 5), (3, 4), (4, 2), (0, 1), (1, 2), (3, 4), (3, 1), (2, 4), (0, 3), (0, 1), (3, 2), (0, 1), (2, 3), (0, 4), (0, 4)]
MOVE: 0 1 None 1 None 3
outer hints You about all their 3 hints remaining: 7
You has yellow 5, white 4, yellow 3, yellow 4, green 3
MOVE: 1 1 None 0 None 1
You hints outer about all their 1 hints remaining: 6
outer has white 5, blue 1, white 2, red 1, white 2
MOVE: 0 2 1 None None None
outer plays blue 1 successfully! Board is now green 0, yellow 0, white 0, blue 1, red 0
outer now has white 5, white 2, red 1, white 2, yellow 2
MOVE: 1 3 4 1 None None
You discards green 3
trash is now green 3
You now has yellow 5, white 4, yellow 3, yellow 4, red 3
MOVE: 0 1 None 1 None 5
outer hints You about all their 5 hints remaining: 6
You has yellow 5, white 4, yellow 3, yellow 4, red 3
MOVE: 1 3 2 1 None None
You discards yellow 3
trash is now green 3, yellow 3
You now has yellow 5, white 4, yellow 4, red 3, yellow 4
MOVE: 0 1 None 1 None 4
outer hints You about all their 4 hints remaining: 6
You has yellow 5, white 4, yellow 4, red 3, yellow 4
MOVE: 1 0 None 0 4 None
You hints outer about all their red cards hints remaining: 5
outer has white 5, white 2, red 1, white 2, yellow 2
MOVE: 0 2 2 None None None
outer plays red 1 successfully! Board is now green 0, yellow 0, white 0, blue 1, red 1
outer now has white 5, white 2, white 2, yellow 2, green 2
MOVE: 1 3 4 1 None None
You discards yellow 4
trash is now green 3, yellow 3, yellow 4
You now has yellow 5, white 4, yellow 4, red 3, yellow 1
MOVE: 0 0 None 1 1 None
outer hints You about all their yellow cards hints remaining: 5
You has yellow 5, white 4, yellow 4, red 3, yellow 1
MOVE: 1 3 1 1 None None
You discards white 4
trash is now green 3, yellow 3, yellow 4, white 4
You now has yellow 5, yellow 4, red 3, yellow 1, yellow 3
MOVE: 0 1 None 1 None 1
outer hints You about all their 1 hints remaining: 5
You has yellow 5, yellow 4, red 3, yellow 1, yellow 3
MOVE: 1 2 3 1 None None
You plays yellow 1 successfully! Board is now green 0, yellow 1, white 0, blue 1, red 1
You now has yellow 5, yellow 4, red 3, yellow 3, blue 3
MOVE: 0 0 None 1 1 None
outer hints You about all their yellow cards hints remaining: 4
You has yellow 5, yellow 4, red 3, yellow 3, blue 3
MOVE: 1 2 3 1 None None
You plays yellow 3 and fails. Board was green 0, yellow 1, white 0, blue 1, red 1
You now has yellow 5, yellow 4, red 3, blue 3, white 3
MOVE: 0 0 None 1 2 None
outer hints You about all their white cards hints remaining: 3
You has yellow 5, yellow 4, red 3, blue 3, white 3
MOVE: 1 2 4 1 None None
You plays white 3 and fails. Board was green 0, yellow 1, white 0, blue 1, red 1
You now has yellow 5, yellow 4, red 3, blue 3, white 1
MOVE: 0 1 None 1 None 1
outer hints You about all their 1 hints remaining: 2
You has yellow 5, yellow 4, red 3, blue 3, white 1
MOVE: 1 2 4 1 None None
You plays white 1 successfully! Board is now green 0, yellow 1, white 1, blue 1, red 1
You now has yellow 5, yellow 4, red 3, blue 3, green 5
MOVE: 0 0 None 1 1 None
outer hints You about all their yellow cards hints remaining: 1
You has yellow 5, yellow 4, red 3, blue 3, green 5
MOVE: 1 3 2 1 None None
You discards red 3
trash is now green 3, yellow 3, yellow 4, white 4, yellow 3, white 3, red 3
You now has yellow 5, yellow 4, blue 3, green 5, red 3
MOVE: 0 1 None 1 None 3
outer hints You about all their 3 hints remaining: 1
You has yellow 5, yellow 4, blue 3, green 5, red 3
MOVE: 1 3 2 1 None None
You discards blue 3
trash is now green 3, yellow 3, yellow 4, white 4, yellow 3, white 3, red 3, blue 3
You now has yellow 5, yellow 4, green 5, red 3, red 1
MOVE: 0 0 None 1 0 None
outer hints You about all their green cards hints remaining: 1
You has yellow 5, yellow 4, green 5, red 3, red 1
MOVE: 1 2 2 1 None None
You plays green 5 and fails. Board was green 0, yellow 1, white 1, blue 1, red 1
You now has yellow 5, yellow 4, red 3, red 1, blue 5
Score 4
