Old GID: 409ebbfd5e034c40
Treatment: ('outer', 2861)
[(4, 1), (1, 4), (2, 1), (0, 5), (3, 4), (4, 5), (1, 3), (1, 1), (2, 4), (2, 3), (4, 2), (2, 3), (1, 5), (3, 3), (1, 2), (1, 1), (0, 1), (0, 1), (0, 1), (3, 2), (0, 2), (2, 5), (0, 2), (4, 4), (3, 2), (3, 1), (0, 4), (2, 4), (3, 3), (4, 1), (0, 4), (3, 5), (4, 3), (1, 4), (0, 3), (3, 1), (2, 1), (2, 1), (0, 3), (1, 3)]
MOVE: 0 1 None 1 None 1
outer hints You about all their 1 hints remaining: 7
You has red 3, yellow 2, yellow 1, blue 1, red 4
MOVE: 1 1 None 0 None 1
You hints outer about all their 1 hints remaining: 6
outer has red 1, white 2, white 2, blue 4, red 2
MOVE: 0 2 0 None None None
outer plays red 1 successfully! Board is now green 0, yellow 0, white 0, blue 0, red 1
outer now has white 2, white 2, blue 4, red 2, red 1
MOVE: 1 2 3 1 None None
You plays blue 1 successfully! Board is now green 0, yellow 0, white 0, blue 1, red 1
You now has red 3, yellow 2, yellow 1, red 4, yellow 4
MOVE: 0 0 None 1 1 None
outer hints You about all their yellow cards hints remaining: 5
You has red 3, yellow 2, yellow 1, red 4, yellow 4
MOVE: 1 2 2 1 None None
You plays yellow 1 successfully! Board is now green 0, yellow 1, white 0, blue 1, red 1
You now has red 3, yellow 2, red 4, yellow 4, white 1
MOVE: 0 0 None 1 1 None
outer hints You about all their yellow cards hints remaining: 4
You has red 3, yellow 2, red 4, yellow 4, white 1
MOVE: 1 0 None 0 4 None
You hints outer about all their red cards hints remaining: 3
outer has white 2, white 2, blue 4, red 2, red 1
MOVE: 0 1 None 1 None 2
outer hints You about all their 2 hints remaining: 2
You has red 3, yellow 2, red 4, yellow 4, white 1
MOVE: 1 1 None 0 None 2
You hints outer about all their 2 hints remaining: 1
outer has white 2, white 2, blue 4, red 2, red 1
MOVE: 0 2 3 None None None
outer plays red 2 successfully! Board is now green 0, yellow 1, white 0, blue 1, red 2
outer now has white 2, white 2, blue 4, red 1, green 5
MOVE: 1 2 1 1 None None
You plays yellow 2 successfully! Board is now green 0, yellow 2, white 0, blue 1, red 2
You now has red 3, red 4, yellow 4, white 1, blue 4
MOVE: 0 0 None 1 4 None
outer hints You about all their red cards hints remaining: 0
You has red 3, red 4, yellow 4, white 1, blue 4
MOVE: 1 2 1 1 None None
You plays red 4 and fails. Board was green 0, yellow 2, white 0, blue 1, red 2
You now has red 3, yellow 4, white 1, blue 4, red 5
MOVE: 0 3 2 None None None
outer discards blue 4
trash is now red 4, blue 4
outer now has white 2, white 2, red 1, green 5, yellow 3
MOVE: 1 2 0 1 None None
You plays red 3 successfully! Board is now green 0, yellow 2, white 0, blue 1, red 3
You now has yellow 4, white 1, blue 4, red 5, yellow 1
MOVE: 0 1 None 1 None 1
outer hints You about all their 1 hints remaining: 0
You has yellow 4, white 1, blue 4, red 5, yellow 1
MOVE: 1 2 4 1 None None
You plays yellow 1 and fails. Board was green 0, yellow 2, white 0, blue 1, red 3
You now has yellow 4, white 1, blue 4, red 5, white 4
MOVE: 0 3 2 None None None
outer discards red 1
trash is now red 4, blue 4, yellow 1, red 1
outer now has white 2, white 2, green 5, yellow 3, white 3
MOVE: 1 2 1 1 None None
You plays white 1 successfully! Board is now green 0, yellow 2, white 1, blue 1, red 3
You now has yellow 4, blue 4, red 5, white 4, red 2
MOVE: 0 0 None 1 4 None
outer hints You about all their red cards hints remaining: 0
You has yellow 4, blue 4, red 5, white 4, red 2
MOVE: 1 2 4 1 None None
You plays red 2 and fails. Board was green 0, yellow 2, white 1, blue 1, red 3
You now has yellow 4, blue 4, red 5, white 4, white 3
Score 7
