Old GID: f84d104ad34eaf84
Treatment: ('intentional', 4248)
[(4, 2), (4, 1), (0, 4), (2, 1), (1, 4), (3, 1), (3, 2), (0, 4), (2, 4), (3, 2), (4, 3), (2, 2), (1, 2), (0, 1), (0, 1), (0, 3), (3, 3), (0, 5), (0, 2), (2, 1), (3, 1), (3, 3), (0, 1), (1, 1), (3, 4), (2, 1), (4, 1), (4, 5), (4, 2), (1, 5), (4, 4), (1, 2), (1, 1), (1, 1), (2, 2), (3, 1), (2, 3), (3, 5), (1, 3), (4, 1)]
MOVE: 0 3 0 None None None
intentional discards red 4
trash is now red 4
intentional now has white 3, yellow 4, red 3, yellow 3, red 2
MOVE: 1 1 None 0 None 2
You hints intentional about all their 2 hints remaining: 7
intentional has white 3, yellow 4, red 3, yellow 3, red 2
MOVE: 0 3 4 None None None
intentional discards red 2
trash is now red 4, red 2
intentional now has white 3, yellow 4, red 3, yellow 3, red 1
MOVE: 1 1 None 0 None 1
You hints intentional about all their 1 hints remaining: 7
intentional has white 3, yellow 4, red 3, yellow 3, red 1
MOVE: 0 2 4 None None None
intentional plays red 1 successfully! Board is now green 0, yellow 0, white 0, blue 0, red 1
intentional now has white 3, yellow 4, red 3, yellow 3, green 4
MOVE: 1 3 0 1 None None
You discards green 3
trash is now red 4, red 2, green 3
You now has white 4, white 5, blue 4, green 2, white 1
MOVE: 0 1 None 1 None 1
intentional hints You about all their 1 hints remaining: 7
You has white 4, white 5, blue 4, green 2, white 1
MOVE: 1 2 4 1 None None
You plays white 1 successfully! Board is now green 0, yellow 0, white 1, blue 0, red 1
You now has white 4, white 5, blue 4, green 2, yellow 4
MOVE: 0 3 4 None None None
intentional discards green 4
trash is now red 4, red 2, green 3, green 4
intentional now has white 3, yellow 4, red 3, yellow 3, blue 1
MOVE: 1 0 None 0 3 None
You hints intentional about all their blue cards hints remaining: 7
intentional has white 3, yellow 4, red 3, yellow 3, blue 1
MOVE: 0 3 4 None None None
intentional discards blue 1
trash is now red 4, red 2, green 3, green 4, blue 1
intentional now has white 3, yellow 4, red 3, yellow 3, blue 2
MOVE: 1 1 None 0 None 2
You hints intentional about all their 2 hints remaining: 7
intentional has white 3, yellow 4, red 3, yellow 3, blue 2
MOVE: 0 3 4 None None None
intentional discards blue 2
trash is now red 4, red 2, green 3, green 4, blue 1, blue 2
intentional now has white 3, yellow 4, red 3, yellow 3, green 4
MOVE: 1 3 0 1 None None
You discards white 4
trash is now red 4, red 2, green 3, green 4, blue 1, blue 2, white 4
You now has white 5, blue 4, green 2, yellow 4, white 4
MOVE: 0 3 4 None None None
intentional discards green 4
trash is now red 4, red 2, green 3, green 4, blue 1, blue 2, white 4, green 4
intentional now has white 3, yellow 4, red 3, yellow 3, blue 2
MOVE: 1 2 4 1 None None
You plays white 4 and fails. Board was green 0, yellow 0, white 1, blue 0, red 1
You now has white 5, blue 4, green 2, yellow 4, red 3
MOVE: 0 3 4 None None None
intentional discards blue 2
trash is now red 4, red 2, green 3, green 4, blue 1, blue 2, white 4, green 4, white 4, blue 2
intentional now has white 3, yellow 4, red 3, yellow 3, white 2
MOVE: 1 2 4 1 None None
You plays red 3 and fails. Board was green 0, yellow 0, white 1, blue 0, red 1
You now has white 5, blue 4, green 2, yellow 4, yellow 2
MOVE: 0 3 4 None None None
intentional discards white 2
trash is now red 4, red 2, green 3, green 4, blue 1, blue 2, white 4, green 4, white 4, blue 2, red 3, white 2
intentional now has white 3, yellow 4, red 3, yellow 3, green 1
MOVE: 1 2 4 1 None None
You plays yellow 2 and fails. Board was green 0, yellow 0, white 1, blue 0, red 1
You now has white 5, blue 4, green 2, yellow 4, green 1
Score 2
