Old GID: 446f25eca7e8e643
Treatment: ('full', 2075)
[(3, 1), (3, 4), (0, 1), (4, 2), (3, 3), (3, 4), (2, 4), (0, 2), (3, 2), (1, 1), (0, 3), (4, 1), (4, 4), (3, 1), (3, 2), (2, 1), (4, 2), (2, 1), (2, 3), (3, 5), (0, 1), (0, 5), (4, 1), (2, 5), (3, 1), (1, 2), (1, 1), (1, 2), (4, 1), (0, 4), (2, 1), (0, 3), (2, 2), (0, 2), (1, 5), (4, 3), (2, 4), (2, 2), (1, 3), (4, 3)]
MOVE: 0 1 None 1 None 1
full hints You about all their 1 hints remaining: 7
You has green 4, yellow 4, red 4, yellow 1, white 3
MOVE: 1 0 None 0 0 None
You hints full about all their green cards hints remaining: 6
full has green 1, red 5, yellow 3, yellow 4, blue 3
MOVE: 0 2 0 None None None
full plays green 1 successfully! Board is now green 1, yellow 0, white 0, blue 0, red 0
full now has red 5, yellow 3, yellow 4, blue 3, blue 1
MOVE: 1 2 3 1 None None
You plays yellow 1 successfully! Board is now green 1, yellow 1, white 0, blue 0, red 0
You now has green 4, yellow 4, red 4, white 3, blue 4
MOVE: 0 3 4 None None None
full discards blue 1
trash is now blue 1
full now has red 5, yellow 3, yellow 4, blue 3, green 1
MOVE: 1 3 0 1 None None
You discards green 4
trash is now blue 1, green 4
You now has yellow 4, red 4, white 3, blue 4, red 2
MOVE: 0 3 0 None None None
full discards red 5
trash is now blue 1, green 4, red 5
full now has yellow 3, yellow 4, blue 3, green 1, blue 3
MOVE: 1 3 0 1 None None
You discards yellow 4
trash is now blue 1, green 4, red 5, yellow 4
You now has red 4, white 3, blue 4, red 2, blue 4
MOVE: 0 3 0 None None None
full discards yellow 3
trash is now blue 1, green 4, red 5, yellow 4, yellow 3
full now has yellow 4, blue 3, green 1, blue 3, white 4
MOVE: 1 3 0 1 None None
You discards red 4
trash is now blue 1, green 4, red 5, yellow 4, yellow 3, red 4
You now has white 3, blue 4, red 2, blue 4, green 2
MOVE: 0 0 None 1 0 None
full hints You about all their green cards hints remaining: 7
You has white 3, blue 4, red 2, blue 4, green 2
MOVE: 1 2 4 1 None None
You plays green 2 successfully! Board is now green 2, yellow 1, white 0, blue 0, red 0
You now has white 3, blue 4, red 2, blue 4, blue 2
MOVE: 0 3 2 None None None
full discards green 1
trash is now blue 1, green 4, red 5, yellow 4, yellow 3, red 4, green 1
full now has yellow 4, blue 3, blue 3, white 4, yellow 1
MOVE: 1 3 0 1 None None
You discards white 3
trash is now blue 1, green 4, red 5, yellow 4, yellow 3, red 4, green 1, white 3
You now has blue 4, red 2, blue 4, blue 2, green 3
MOVE: 0 0 None 1 0 None
full hints You about all their green cards hints remaining: 7
You has blue 4, red 2, blue 4, blue 2, green 3
MOVE: 1 2 4 1 None None
You plays green 3 successfully! Board is now green 3, yellow 1, white 0, blue 0, red 0
You now has blue 4, red 2, blue 4, blue 2, red 1
MOVE: 0 1 None 1 None 1
full hints You about all their 1 hints remaining: 6
You has blue 4, red 2, blue 4, blue 2, red 1
MOVE: 1 2 4 1 None None
You plays red 1 successfully! Board is now green 3, yellow 1, white 0, blue 0, red 1
You now has blue 4, red 2, blue 4, blue 2, red 4
MOVE: 0 3 2 None None None
full discards blue 3
trash is now blue 1, green 4, red 5, yellow 4, yellow 3, red 4, green 1, white 3, blue 3
full now has yellow 4, blue 3, white 4, yellow 1, blue 1
MOVE: 1 0 None 0 3 None
You hints full about all their blue cards hints remaining: 6
full has yellow 4, blue 3, white 4, yellow 1, blue 1
MOVE: 0 2 1 None None None
full plays blue 3 and fails. Board was green 3, yellow 1, white 0, blue 0, red 1
full now has yellow 4, white 4, yellow 1, blue 1, blue 2
MOVE: 1 1 None 0 None 2
You hints full about all their 2 hints remaining: 5
full has yellow 4, white 4, yellow 1, blue 1, blue 2
MOVE: 0 2 4 None None None
full plays blue 2 and fails. Board was green 3, yellow 1, white 0, blue 0, red 1
full now has yellow 4, white 4, yellow 1, blue 1, white 1
MOVE: 1 1 None 0 None 1
You hints full about all their 1 hints remaining: 4
full has yellow 4, white 4, yellow 1, blue 1, white 1
MOVE: 0 2 2 None None None
full plays yellow 1 and fails. Board was green 3, yellow 1, white 0, blue 0, red 1
full now has yellow 4, white 4, blue 1, white 1, red 2
Score 5
