Old GID: 4f61478ff21223b0
Treatment: ('outer', 682)
[(3, 2), (1, 5), (0, 2), (0, 3), (4, 3), (1, 4), (2, 1), (4, 5), (4, 1), (0, 2), (0, 3), (0, 4), (3, 5), (3, 2), (4, 1), (1, 1), (0, 1), (0, 4), (0, 1), (3, 4), (4, 2), (3, 1), (1, 1), (4, 4), (2, 4), (4, 2), (2, 5), (2, 4), (3, 3), (2, 2), (1, 4), (4, 4), (1, 1), (2, 1), (3, 4), (3, 3), (3, 1), (0, 1), (0, 5), (2, 3)]
MOVE: 0 1 None 1 None 1
outer hints You about all their 1 hints remaining: 7
You has blue 1, red 1, yellow 3, white 3, yellow 2
MOVE: 1 2 0 1 None None
You plays blue 1 successfully! Board is now green 0, yellow 0, white 0, blue 1, red 0
You now has red 1, yellow 3, white 3, yellow 2, blue 2
MOVE: 0 0 None 1 3 None
outer hints You about all their blue cards hints remaining: 6
You has red 1, yellow 3, white 3, yellow 2, blue 2
MOVE: 1 1 None 0 None 1
You hints outer about all their 1 hints remaining: 5
outer has red 3, yellow 2, white 2, yellow 3, white 1
MOVE: 0 1 None 1 None 2
outer hints You about all their 2 hints remaining: 4
You has red 1, yellow 3, white 3, yellow 2, blue 2
MOVE: 1 2 4 1 None None
You plays blue 2 successfully! Board is now green 0, yellow 0, white 0, blue 2, red 0
You now has red 1, yellow 3, white 3, yellow 2, yellow 5
MOVE: 0 0 None 1 4 None
outer hints You about all their red cards hints remaining: 3
You has red 1, yellow 3, white 3, yellow 2, yellow 5
MOVE: 1 0 None 0 2 None
You hints outer about all their white cards hints remaining: 2
outer has red 3, yellow 2, white 2, yellow 3, white 1
MOVE: 0 2 4 None None None
outer plays white 1 successfully! Board is now green 0, yellow 0, white 1, blue 2, red 0
outer now has red 3, yellow 2, white 2, yellow 3, green 2
MOVE: 1 2 0 1 None None
You plays red 1 successfully! Board is now green 0, yellow 0, white 1, blue 2, red 1
You now has yellow 3, white 3, yellow 2, yellow 5, green 3
MOVE: 0 1 None 1 None 3
outer hints You about all their 3 hints remaining: 1
You has yellow 3, white 3, yellow 2, yellow 5, green 3
MOVE: 1 1 None 0 None 2
You hints outer about all their 2 hints remaining: 0
outer has red 3, yellow 2, white 2, yellow 3, green 2
MOVE: 0 2 2 None None None
outer plays white 2 successfully! Board is now green 0, yellow 0, white 2, blue 2, red 1
outer now has red 3, yellow 2, yellow 3, green 2, red 3
MOVE: 1 2 4 1 None None
You plays green 3 and fails. Board was green 0, yellow 0, white 2, blue 2, red 1
You now has yellow 3, white 3, yellow 2, yellow 5, yellow 4
MOVE: 0 3 3 None None None
outer discards green 2
trash is now green 3, green 2
outer now has red 3, yellow 2, yellow 3, red 3, white 1
MOVE: 1 2 0 1 None None
You plays yellow 3 and fails. Board was green 0, yellow 0, white 2, blue 2, red 1
You now has white 3, yellow 2, yellow 5, yellow 4, red 5
MOVE: 0 0 None 1 2 None
outer hints You about all their white cards hints remaining: 0
You has white 3, yellow 2, yellow 5, yellow 4, red 5
MOVE: 1 2 0 1 None None
You plays white 3 successfully! Board is now green 0, yellow 0, white 3, blue 2, red 1
You now has yellow 2, yellow 5, yellow 4, red 5, red 1
MOVE: 0 3 0 None None None
outer discards red 3
trash is now green 3, green 2, yellow 3, red 3
outer now has yellow 2, yellow 3, red 3, white 1, green 2
MOVE: 1 3 0 1 None None
You discards yellow 2
trash is now green 3, green 2, yellow 3, red 3, yellow 2
You now has yellow 5, yellow 4, red 5, red 1, green 3
MOVE: 0 0 None 1 1 None
outer hints You about all their yellow cards hints remaining: 1
You has yellow 5, yellow 4, red 5, red 1, green 3
MOVE: 1 2 1 1 None None
You plays yellow 4 and fails. Board was green 0, yellow 0, white 3, blue 2, red 1
You now has yellow 5, red 5, red 1, green 3, green 4
Score 6
