Old GID: ef3ebe680b8e4881
Treatment: ('outer', 848)
[(3, 3), (1, 2), (1, 4), (4, 2), (4, 3), (1, 4), (1, 5), (0, 1), (1, 3), (1, 2), (0, 2), (3, 5), (2, 5), (2, 1), (1, 1), (1, 1), (0, 1), (1, 3), (4, 4), (3, 2), (2, 3), (3, 3), (0, 4), (0, 3), (0, 2), (3, 1), (3, 1), (2, 1), (2, 1), (3, 2), (0, 3), (2, 2), (4, 1), (4, 3), (2, 2), (0, 1), (4, 5), (4, 4), (3, 4), (4, 1)]
MOVE: 0 1 None 1 None 1
outer hints You about all their 1 hints remaining: 7
You has green 5, red 1, white 4, green 4, red 2
MOVE: 1 1 None 0 None 1
You hints outer about all their 1 hints remaining: 6
outer has white 3, white 4, yellow 1, blue 1, blue 4
MOVE: 0 2 2 None None None
outer plays yellow 1 successfully! Board is now green 0, yellow 1, white 0, blue 0, red 0
outer now has white 3, white 4, blue 1, blue 4, blue 3
MOVE: 1 2 1 1 None None
You plays red 1 successfully! Board is now green 0, yellow 1, white 0, blue 0, red 1
You now has green 5, white 4, green 4, red 2, yellow 2
MOVE: 0 0 None 1 4 None
outer hints You about all their red cards hints remaining: 5
You has green 5, white 4, green 4, red 2, yellow 2
MOVE: 1 0 None 0 3 None
You hints outer about all their blue cards hints remaining: 4
outer has white 3, white 4, blue 1, blue 4, blue 3
MOVE: 0 2 2 None None None
outer plays blue 1 successfully! Board is now green 0, yellow 1, white 0, blue 1, red 1
outer now has white 3, white 4, blue 4, blue 3, yellow 4
MOVE: 1 2 3 1 None None
You plays red 2 successfully! Board is now green 0, yellow 1, white 0, blue 1, red 2
You now has green 5, white 4, green 4, yellow 2, red 2
MOVE: 0 1 None 1 None 2
outer hints You about all their 2 hints remaining: 3
You has green 5, white 4, green 4, yellow 2, red 2
MOVE: 1 2 4 1 None None
You plays red 2 and fails. Board was green 0, yellow 1, white 0, blue 1, red 2
You now has green 5, white 4, green 4, yellow 2, red 3
MOVE: 0 1 None 1 None 3
outer hints You about all their 3 hints remaining: 2
You has green 5, white 4, green 4, yellow 2, red 3
MOVE: 1 2 3 1 None None
You plays yellow 2 successfully! Board is now green 0, yellow 2, white 0, blue 1, red 2
You now has green 5, white 4, green 4, red 3, yellow 4
MOVE: 0 0 None 1 4 None
outer hints You about all their red cards hints remaining: 1
You has green 5, white 4, green 4, red 3, yellow 4
MOVE: 1 2 3 1 None None
You plays red 3 successfully! Board is now green 0, yellow 2, white 0, blue 1, red 3
You now has green 5, white 4, green 4, yellow 4, yellow 5
MOVE: 0 0 None 1 1 None
outer hints You about all their yellow cards hints remaining: 0
You has green 5, white 4, green 4, yellow 4, yellow 5
MOVE: 1 2 4 1 None None
You plays yellow 5 and fails. Board was green 0, yellow 2, white 0, blue 1, red 3
You now has green 5, white 4, green 4, yellow 4, green 1
MOVE: 0 3 4 None None None
outer discards yellow 4
trash is now red 2, yellow 5, yellow 4
outer now has white 3, white 4, blue 4, blue 3, yellow 3
MOVE: 1 2 3 1 None None
You plays yellow 4 and fails. Board was green 0, yellow 2, white 0, blue 1, red 3
You now has green 5, white 4, green 4, green 1, yellow 2
Score 6
