Old GID: f9a2464bd0d9aa1c
Treatment: ('full', 6225)
[(4, 4), (2, 5), (4, 4), (0, 3), (2, 3), (3, 1), (4, 1), (0, 1), (4, 2), (0, 2), (2, 1), (0, 2), (2, 4), (4, 3), (4, 2), (0, 1), (1, 1), (3, 4), (2, 4), (3, 3), (1, 5), (3, 2), (4, 3), (0, 4), (1, 1), (3, 3), (1, 3), (1, 1), (1, 3), (2, 1), (3, 1), (0, 3), (2, 2), (2, 3), (1, 2), (2, 1), (1, 2), (2, 2), (0, 5), (4, 5)]
MOVE: 0 1 None 1 None 1
full hints You about all their 1 hints remaining: 7
You has blue 2, yellow 4, red 1, red 1, blue 1
MOVE: 1 2 4 1 None None
You plays blue 1 successfully! Board is now green 0, yellow 0, white 0, blue 1, red 0
You now has blue 2, yellow 4, red 1, red 1, red 4
MOVE: 0 0 None 1 3 None
full hints You about all their blue cards hints remaining: 6
You has blue 2, yellow 4, red 1, red 1, red 4
MOVE: 1 2 0 1 None None
You plays blue 2 successfully! Board is now green 0, yellow 0, white 0, blue 2, red 0
You now has yellow 4, red 1, red 1, red 4, white 5
MOVE: 0 3 0 None None None
full discards yellow 4
trash is now yellow 4
full now has blue 5, green 4, green 1, blue 4, red 4
MOVE: 1 1 None 0 None 5
You hints full about all their 5 hints remaining: 6
full has blue 5, green 4, green 1, blue 4, red 4
MOVE: 0 3 1 None None None
full discards green 4
trash is now yellow 4, green 4
full now has blue 5, green 1, blue 4, red 4, green 3
MOVE: 1 2 2 1 None None
You plays red 1 successfully! Board is now green 0, yellow 0, white 0, blue 2, red 1
You now has yellow 4, red 1, red 4, white 5, white 3
MOVE: 0 3 1 None None None
full discards green 1
trash is now yellow 4, green 4, green 1
full now has blue 5, blue 4, red 4, green 3, blue 1
MOVE: 1 2 1 1 None None
You plays red 1 and fails. Board was green 0, yellow 0, white 0, blue 2, red 1
You now has yellow 4, red 4, white 5, white 3, red 1
MOVE: 0 3 1 None None None
full discards blue 4
trash is now yellow 4, green 4, green 1, red 1, blue 4
full now has blue 5, red 4, green 3, blue 1, green 1
MOVE: 1 1 None 0 None 1
You hints full about all their 1 hints remaining: 7
full has blue 5, red 4, green 3, blue 1, green 1
MOVE: 0 2 3 None None None
full plays blue 1 and fails. Board was green 0, yellow 0, white 0, blue 2, red 1
full now has blue 5, red 4, green 3, green 1, red 2
MOVE: 1 0 None 0 0 None
You hints full about all their green cards hints remaining: 6
full has blue 5, red 4, green 3, green 1, red 2
MOVE: 0 2 3 None None None
full plays green 1 successfully! Board is now green 1, yellow 0, white 0, blue 2, red 1
full now has blue 5, red 4, green 3, red 2, green 2
MOVE: 1 0 None 0 0 None
You hints full about all their green cards hints remaining: 5
full has blue 5, red 4, green 3, red 2, green 2
MOVE: 0 2 2 None None None
full plays green 3 and fails. Board was green 1, yellow 0, white 0, blue 2, red 1
full now has blue 5, red 4, red 2, green 2, white 1
Score 4
