Old GID: 489fc120478b6342
Treatment: ('outer', 2701)
[(3, 2), (0, 1), (2, 3), (3, 3), (1, 4), (0, 3), (1, 5), (0, 1), (1, 3), (0, 4), (3, 4), (4, 4), (1, 4), (0, 3), (4, 3), (2, 3), (4, 1), (0, 5), (4, 3), (0, 4), (4, 2), (3, 5), (1, 1), (3, 1), (3, 3), (0, 1), (2, 1), (1, 2), (3, 2), (0, 2), (2, 4), (1, 1), (2, 4), (4, 2), (4, 1), (3, 1), (2, 1), (1, 1), (4, 5), (4, 4)]
MOVE: 0 1 None 1 None 1
outer hints You about all their 1 hints remaining: 7
You has blue 1, white 2, white 1, green 2, white 2
MOVE: 1 2 2 1 None None
You plays white 1 successfully! Board is now green 0, yellow 0, white 1, blue 0, red 0
You now has blue 1, white 2, green 2, white 2, blue 2
MOVE: 0 0 None 1 2 None
outer hints You about all their white cards hints remaining: 6
You has blue 1, white 2, green 2, white 2, blue 2
MOVE: 1 2 0 1 None None
You plays blue 1 successfully! Board is now green 0, yellow 0, white 1, blue 1, red 0
You now has white 2, green 2, white 2, blue 2, green 1
MOVE: 0 1 None 1 None 2
outer hints You about all their 2 hints remaining: 5
You has white 2, green 2, white 2, blue 2, green 1
MOVE: 1 2 2 1 None None
You plays white 2 successfully! Board is now green 0, yellow 0, white 2, blue 1, red 0
You now has white 2, green 2, blue 2, green 1, white 3
MOVE: 0 0 None 1 2 None
outer hints You about all their white cards hints remaining: 4
You has white 2, green 2, blue 2, green 1, white 3
MOVE: 1 2 4 1 None None
You plays white 3 successfully! Board is now green 0, yellow 0, white 3, blue 1, red 0
You now has white 2, green 2, blue 2, green 1, blue 3
MOVE: 0 0 None 1 3 None
outer hints You about all their blue cards hints remaining: 3
You has white 2, green 2, blue 2, green 1, blue 3
MOVE: 1 2 2 1 None None
You plays blue 2 successfully! Board is now green 0, yellow 0, white 3, blue 2, red 0
You now has white 2, green 2, green 1, blue 3, yellow 4
MOVE: 0 0 None 1 3 None
outer hints You about all their blue cards hints remaining: 2
You has white 2, green 2, green 1, blue 3, yellow 4
MOVE: 1 2 3 1 None None
You plays blue 3 successfully! Board is now green 0, yellow 0, white 3, blue 3, red 0
You now has white 2, green 2, green 1, yellow 4, green 3
MOVE: 0 1 None 1 None 1
outer hints You about all their 1 hints remaining: 1
You has white 2, green 2, green 1, yellow 4, green 3
MOVE: 1 2 2 1 None None
You plays green 1 successfully! Board is now green 1, yellow 0, white 3, blue 3, red 0
You now has white 2, green 2, yellow 4, green 3, yellow 5
MOVE: 0 0 None 1 0 None
outer hints You about all their green cards hints remaining: 0
You has white 2, green 2, yellow 4, green 3, yellow 5
MOVE: 1 2 1 1 None None
You plays green 2 successfully! Board is now green 2, yellow 0, white 3, blue 3, red 0
You now has white 2, yellow 4, green 3, yellow 5, green 1
MOVE: 0 3 3 None None None
outer discards yellow 2
trash is now yellow 2
outer now has red 1, white 5, yellow 3, blue 4, yellow 3
MOVE: 1 1 None 0 None 4
You hints outer about all their 4 hints remaining: 0
outer has red 1, white 5, yellow 3, blue 4, yellow 3
MOVE: 0 3 3 None None None
outer discards blue 4
trash is now yellow 2, blue 4
outer now has red 1, white 5, yellow 3, yellow 3, green 4
MOVE: 1 3 0 1 None None
You discards white 2
trash is now yellow 2, blue 4, white 2
You now has yellow 4, green 3, yellow 5, green 1, blue 4
MOVE: 0 1 None 1 None 4
outer hints You about all their 4 hints remaining: 1
You has yellow 4, green 3, yellow 5, green 1, blue 4
MOVE: 1 2 4 1 None None
You plays blue 4 successfully! Board is now green 2, yellow 0, white 3, blue 4, red 0
You now has yellow 4, green 3, yellow 5, green 1, red 4
MOVE: 0 0 None 1 0 None
outer hints You about all their green cards hints remaining: 0
You has yellow 4, green 3, yellow 5, green 1, red 4
MOVE: 1 2 3 1 None None
You plays green 1 and fails. Board was green 2, yellow 0, white 3, blue 4, red 0
You now has yellow 4, green 3, yellow 5, red 4, yellow 4
MOVE: 0 3 4 None None None
outer discards green 4
trash is now yellow 2, blue 4, white 2, green 1, green 4
outer now has red 1, white 5, yellow 3, yellow 3, green 3
MOVE: 1 2 1 1 None None
You plays green 3 successfully! Board is now green 3, yellow 0, white 3, blue 4, red 0
You now has yellow 4, yellow 5, red 4, yellow 4, red 3
MOVE: 0 1 None 1 None 4
outer hints You about all their 4 hints remaining: 0
You has yellow 4, yellow 5, red 4, yellow 4, red 3
MOVE: 1 2 3 1 None None
You plays yellow 4 and fails. Board was green 3, yellow 0, white 3, blue 4, red 0
You now has yellow 4, yellow 5, red 4, red 3, white 3
MOVE: 0 3 1 None None None
outer discards white 5
trash is now yellow 2, blue 4, white 2, green 1, green 4, yellow 4, white 5
outer now has red 1, yellow 3, yellow 3, green 3, red 1
MOVE: 1 2 2 1 None None
You plays red 4 and fails. Board was green 3, yellow 0, white 3, blue 4, red 0
You now has yellow 4, yellow 5, red 3, white 3, green 5
Score 10
