Old GID: 8c3d70bcc7983adf
Treatment: ('outer', 3132)
[(4, 1), (1, 3), (3, 3), (4, 4), (1, 2), (3, 1), (2, 3), (0, 2), (3, 1), (0, 3), (1, 1), (2, 4), (1, 1), (3, 1), (3, 3), (3, 4), (4, 3), (3, 4), (4, 2), (4, 2), (0, 2), (4, 1), (2, 1), (2, 1), (2, 1), (2, 2), (0, 3), (0, 4), (2, 4), (0, 1), (2, 5), (3, 2), (4, 5), (0, 1), (0, 4), (3, 5), (2, 2), (4, 4), (0, 5), (1, 5)]
MOVE: 0 1 None 1 None 1
outer hints You about all their 1 hints remaining: 7
You has yellow 4, green 1, yellow 3, yellow 2, yellow 1
MOVE: 1 2 1 1 None None
You plays green 1 successfully! Board is now green 1, yellow 0, white 0, blue 0, red 0
You now has yellow 4, yellow 3, yellow 2, yellow 1, red 1
MOVE: 0 1 None 1 None 1
outer hints You about all their 1 hints remaining: 6
You has yellow 4, yellow 3, yellow 2, yellow 1, red 1
MOVE: 1 2 4 1 None None
You plays red 1 successfully! Board is now green 1, yellow 0, white 0, blue 0, red 1
You now has yellow 4, yellow 3, yellow 2, yellow 1, yellow 3
MOVE: 0 0 None 1 1 None
outer hints You about all their yellow cards hints remaining: 5
You has yellow 4, yellow 3, yellow 2, yellow 1, yellow 3
MOVE: 1 2 3 1 None None
You plays yellow 1 successfully! Board is now green 1, yellow 1, white 0, blue 0, red 1
You now has yellow 4, yellow 3, yellow 2, yellow 3, blue 3
MOVE: 0 0 None 1 1 None
outer hints You about all their yellow cards hints remaining: 4
You has yellow 4, yellow 3, yellow 2, yellow 3, blue 3
MOVE: 1 2 3 1 None None
You plays yellow 3 and fails. Board was green 1, yellow 1, white 0, blue 0, red 1
You now has yellow 4, yellow 3, yellow 2, blue 3, red 4
MOVE: 0 1 None 1 None 2
outer hints You about all their 2 hints remaining: 3
You has yellow 4, yellow 3, yellow 2, blue 3, red 4
MOVE: 1 2 2 1 None None
You plays yellow 2 successfully! Board is now green 1, yellow 2, white 0, blue 0, red 1
You now has yellow 4, yellow 3, blue 3, red 4, yellow 2
MOVE: 0 1 None 1 None 3
outer hints You about all their 3 hints remaining: 2
You has yellow 4, yellow 3, blue 3, red 4, yellow 2
MOVE: 1 2 1 1 None None
You plays yellow 3 successfully! Board is now green 1, yellow 3, white 0, blue 0, red 1
You now has yellow 4, blue 3, red 4, yellow 2, blue 1
MOVE: 0 0 None 1 1 None
outer hints You about all their yellow cards hints remaining: 1
You has yellow 4, blue 3, red 4, yellow 2, blue 1
MOVE: 1 2 3 1 None None
You plays yellow 2 and fails. Board was green 1, yellow 3, white 0, blue 0, red 1
You now has yellow 4, blue 3, red 4, blue 1, white 3
MOVE: 0 1 None 1 None 4
outer hints You about all their 4 hints remaining: 0
You has yellow 4, blue 3, red 4, blue 1, white 3
MOVE: 1 2 0 1 None None
You plays yellow 4 successfully! Board is now green 1, yellow 4, white 0, blue 0, red 1
You now has blue 3, red 4, blue 1, white 3, green 2
MOVE: 0 3 3 None None None
outer discards blue 2
trash is now yellow 3, yellow 2, blue 2
outer now has red 3, red 1, yellow 4, white 3, blue 1
MOVE: 1 0 None 0 3 None
You hints outer about all their blue cards hints remaining: 0
outer has red 3, red 1, yellow 4, white 3, blue 1
MOVE: 0 3 2 None None None
outer discards yellow 4
trash is now yellow 3, yellow 2, blue 2, yellow 4
outer now has red 3, red 1, white 3, blue 1, green 3
MOVE: 1 1 None 0 None 1
You hints outer about all their 1 hints remaining: 0
outer has red 3, red 1, white 3, blue 1, green 3
MOVE: 0 2 3 None None None
outer plays blue 1 successfully! Board is now green 1, yellow 4, white 0, blue 1, red 1
outer now has red 3, red 1, white 3, green 3, yellow 1
MOVE: 1 3 2 1 None None
You discards blue 1
trash is now yellow 3, yellow 2, blue 2, yellow 4, blue 1
You now has blue 3, red 4, white 3, green 2, white 4
MOVE: 0 1 None 1 None 2
outer hints You about all their 2 hints remaining: 0
You has blue 3, red 4, white 3, green 2, white 4
MOVE: 1 2 3 1 None None
You plays green 2 successfully! Board is now green 2, yellow 4, white 0, blue 1, red 1
You now has blue 3, red 4, white 3, white 4, yellow 1
MOVE: 0 3 3 None None None
outer discards green 3
trash is now yellow 3, yellow 2, blue 2, yellow 4, blue 1, green 3
outer now has red 3, red 1, white 3, yellow 1, blue 1
MOVE: 1 1 None 0 None 1
You hints outer about all their 1 hints remaining: 0
outer has red 3, red 1, white 3, yellow 1, blue 1
MOVE: 0 3 3 None None None
outer discards yellow 1
trash is now yellow 3, yellow 2, blue 2, yellow 4, blue 1, green 3, yellow 1
outer now has red 3, red 1, white 3, blue 1, blue 3
MOVE: 1 1 None 0 None 3
You hints outer about all their 3 hints remaining: 0
outer has red 3, red 1, white 3, blue 1, blue 3
MOVE: 0 3 4 None None None
outer discards blue 3
trash is now yellow 3, yellow 2, blue 2, yellow 4, blue 1, green 3, yellow 1, blue 3
outer now has red 3, red 1, white 3, blue 1, blue 4
MOVE: 1 3 2 1 None None
You discards white 3
trash is now yellow 3, yellow 2, blue 2, yellow 4, blue 1, green 3, yellow 1, blue 3, white 3
You now has blue 3, red 4, white 4, yellow 1, red 3
MOVE: 0 1 None 1 None 3
outer hints You about all their 3 hints remaining: 1
You has blue 3, red 4, white 4, yellow 1, red 3
MOVE: 1 2 4 1 None None
You plays red 3 and fails. Board was green 2, yellow 4, white 0, blue 1, red 1
You now has blue 3, red 4, white 4, yellow 1, blue 4
Score 8
