Old GID: c1ab8e09c4798fc9
Treatment: ('outer', 7828)
[(2, 5), (4, 3), (4, 2), (3, 3), (1, 5), (0, 4), (2, 3), (4, 5), (2, 3), (0, 1), (4, 3), (1, 1), (1, 2), (0, 4), (0, 5), (2, 4), (1, 3), (0, 1), (2, 2), (2, 1), (4, 1), (0, 1), (3, 2), (3, 3), (3, 1), (1, 4), (0, 3), (4, 4), (1, 1), (2, 1), (3, 1), (0, 2), (0, 2), (2, 4), (1, 4), (3, 2), (3, 4), (4, 1), (1, 1), (2, 1)]
MOVE: 0 0 None 1 4 None
outer hints You about all their red cards hints remaining: 7
You has green 3, red 1, yellow 2, red 2, red 4
MOVE: 1 1 None 0 None 1
You hints outer about all their 1 hints remaining: 6
outer has white 2, blue 5, blue 1, yellow 3, blue 4
MOVE: 0 2 2 None None None
outer plays blue 1 successfully! Board is now green 0, yellow 0, white 0, blue 1, red 0
outer now has white 2, blue 5, yellow 3, blue 4, white 5
MOVE: 1 1 None 0 None 5
You hints outer about all their 5 hints remaining: 5
outer has white 2, blue 5, yellow 3, blue 4, white 5
MOVE: 0 1 None 1 None 1
outer hints You about all their 1 hints remaining: 4
You has green 3, red 1, yellow 2, red 2, red 4
MOVE: 1 2 1 1 None None
You plays red 1 successfully! Board is now green 0, yellow 0, white 0, blue 1, red 1
You now has green 3, yellow 2, red 2, red 4, red 3
MOVE: 0 0 None 1 4 None
outer hints You about all their red cards hints remaining: 3
You has green 3, yellow 2, red 2, red 4, red 3
MOVE: 1 0 None 0 3 None
You hints outer about all their blue cards hints remaining: 2
outer has white 2, blue 5, yellow 3, blue 4, white 5
MOVE: 0 1 None 1 None 2
outer hints You about all their 2 hints remaining: 1
You has green 3, yellow 2, red 2, red 4, red 3
MOVE: 1 2 2 1 None None
You plays red 2 successfully! Board is now green 0, yellow 0, white 0, blue 1, red 2
You now has green 3, yellow 2, red 4, red 3, red 2
MOVE: 0 1 None 1 None 3
outer hints You about all their 3 hints remaining: 0
You has green 3, yellow 2, red 4, red 3, red 2
MOVE: 1 2 3 1 None None
You plays red 3 successfully! Board is now green 0, yellow 0, white 0, blue 1, red 3
You now has green 3, yellow 2, red 4, red 2, blue 3
MOVE: 0 3 4 None None None
outer discards white 5
trash is now white 5
outer now has white 2, blue 5, yellow 3, blue 4, yellow 5
MOVE: 1 3 2 1 None None
You discards red 4
trash is now white 5, red 4
You now has green 3, yellow 2, red 2, blue 3, green 4
MOVE: 0 0 None 1 1 None
outer hints You about all their yellow cards hints remaining: 1
You has green 3, yellow 2, red 2, blue 3, green 4
MOVE: 1 3 0 1 None None
You discards green 3
trash is now white 5, red 4, green 3
You now has yellow 2, red 2, blue 3, green 4, white 3
MOVE: 0 1 None 1 None 4
outer hints You about all their 4 hints remaining: 1
You has yellow 2, red 2, blue 3, green 4, white 3
MOVE: 1 2 3 1 None None
You plays green 4 and fails. Board was green 0, yellow 0, white 0, blue 1, red 3
You now has yellow 2, red 2, blue 3, white 3, red 5
MOVE: 0 0 None 1 2 None
outer hints You about all their white cards hints remaining: 0
You has yellow 2, red 2, blue 3, white 3, red 5
MOVE: 1 2 3 1 None None
You plays white 3 and fails. Board was green 0, yellow 0, white 0, blue 1, red 3
You now has yellow 2, red 2, blue 3, red 5, white 3
MOVE: 0 3 2 None None None
outer discards yellow 3
trash is now white 5, red 4, green 3, green 4, white 3, yellow 3
outer now has white 2, blue 5, blue 4, yellow 5, green 1
MOVE: 1 2 3 1 None None
You plays red 5 and fails. Board was green 0, yellow 0, white 0, blue 1, red 3
You now has yellow 2, red 2, blue 3, white 3, red 3
Score 4
