Old GID: 830ba246b7b5b436
Treatment: ('outer', 6636)
[(0, 1), (4, 1), (0, 1), (3, 1), (1, 5), (4, 4), (1, 4), (4, 4), (3, 1), (1, 1), (1, 2), (3, 5), (2, 2), (1, 1), (4, 3), (0, 4), (0, 4), (1, 4), (4, 5), (0, 2), (1, 3), (0, 3), (2, 2), (3, 4), (1, 1), (3, 3), (2, 4), (1, 2), (1, 3), (3, 4), (4, 2), (2, 3), (2, 1), (4, 2), (3, 2), (2, 5), (3, 2), (4, 1), (4, 3), (2, 1)]
MOVE: 0 0 None 1 3 None
outer hints You about all their blue cards hints remaining: 7
You has blue 1, green 5, green 3, blue 3, white 4
MOVE: 1 2 0 1 None None
You plays blue 1 successfully! Board is now green 0, yellow 0, white 0, blue 1, red 0
You now has green 5, green 3, blue 3, white 4, green 1
MOVE: 0 0 None 1 0 None
outer hints You about all their green cards hints remaining: 6
You has green 5, green 3, blue 3, white 4, green 1
MOVE: 1 3 2 1 None None
You discards blue 3
trash is now blue 3
You now has green 5, green 3, white 4, green 1, red 1
MOVE: 0 1 None 1 None 1
outer hints You about all their 1 hints remaining: 6
You has green 5, green 3, white 4, green 1, red 1
MOVE: 1 2 3 1 None None
You plays green 1 successfully! Board is now green 1, yellow 0, white 0, blue 1, red 0
You now has green 5, green 3, white 4, red 1, green 1
MOVE: 0 0 None 1 4 None
outer hints You about all their red cards hints remaining: 5
You has green 5, green 3, white 4, red 1, green 1
MOVE: 1 1 None 0 None 2
You hints outer about all their 2 hints remaining: 4
outer has green 1, red 1, green 2, white 1, white 3
MOVE: 0 1 None 1 None 1
outer hints You about all their 1 hints remaining: 3
You has green 5, green 3, white 4, red 1, green 1
MOVE: 1 2 3 1 None None
You plays red 1 successfully! Board is now green 1, yellow 0, white 0, blue 1, red 1
You now has green 5, green 3, white 4, green 1, blue 1
MOVE: 0 0 None 1 0 None
outer hints You about all their green cards hints remaining: 2
You has green 5, green 3, white 4, green 1, blue 1
MOVE: 1 0 None 0 0 None
You hints outer about all their green cards hints remaining: 1
outer has green 1, red 1, green 2, white 1, white 3
MOVE: 0 2 2 None None None
outer plays green 2 successfully! Board is now green 2, yellow 0, white 0, blue 1, red 1
outer now has green 1, red 1, white 1, white 3, yellow 5
MOVE: 1 1 None 0 None 1
You hints outer about all their 1 hints remaining: 0
outer has green 1, red 1, white 1, white 3, yellow 5
MOVE: 0 3 0 None None None
outer discards green 1
trash is now blue 3, green 1
outer now has red 1, white 1, white 3, yellow 5, red 4
MOVE: 1 0 None 0 2 None
You hints outer about all their white cards hints remaining: 0
outer has red 1, white 1, white 3, yellow 5, red 4
MOVE: 0 2 1 None None None
outer plays white 1 successfully! Board is now green 2, yellow 0, white 1, blue 1, red 1
outer now has red 1, white 3, yellow 5, red 4, yellow 4
MOVE: 1 3 3 1 None None
You discards green 1
trash is now blue 3, green 1, green 1
You now has green 5, green 3, white 4, blue 1, red 4
MOVE: 0 0 None 1 0 None
outer hints You about all their green cards hints remaining: 0
You has green 5, green 3, white 4, blue 1, red 4
MOVE: 1 2 0 1 None None
You plays green 5 and fails. Board was green 2, yellow 0, white 1, blue 1, red 1
You now has green 3, white 4, blue 1, red 4, blue 1
MOVE: 0 3 3 None None None
outer discards red 4
trash is now blue 3, green 1, green 1, green 5, red 4
outer now has red 1, white 3, yellow 5, yellow 4, yellow 1
MOVE: 1 2 0 1 None None
You plays green 3 successfully! Board is now green 3, yellow 0, white 1, blue 1, red 1
You now has white 4, blue 1, red 4, blue 1, yellow 2
MOVE: 0 0 None 1 3 None
outer hints You about all their blue cards hints remaining: 0
You has white 4, blue 1, red 4, blue 1, yellow 2
MOVE: 1 2 1 1 None None
You plays blue 1 and fails. Board was green 3, yellow 0, white 1, blue 1, red 1
You now has white 4, red 4, blue 1, yellow 2, blue 5
MOVE: 0 3 1 None None None
outer discards white 3
trash is now blue 3, green 1, green 1, green 5, red 4, blue 1, white 3
outer now has red 1, yellow 5, yellow 4, yellow 1, white 2
MOVE: 1 2 2 1 None None
You plays blue 1 and fails. Board was green 3, yellow 0, white 1, blue 1, red 1
You now has white 4, red 4, yellow 2, blue 5, yellow 1
Score 6
